*Warning*: Provided seed 120008 is larger than 65535. Truncating to 54472.
HOOMD build: source_dir=/scratch/gpfs/WEBB/chertok/REACTIVELJ_PAPER/hoomd-blue git_sha1=485771cd90b48b896f1fbb7cec35a8b14c9116ee compile_date=2026-02-10 gpu_enabled=True gpu_platform=CUDA
many_body_py=/home/mc7345/micromamba/envs/reactiveLJ_paper/lib/python3.14/site-packages/hoomd/md/many_body.py
ReactiveLJForceComputeGPU_present=True
Device=<hoomd.device.GPU object at 0x15215d55e270>
Initialization: placed 200/4000 chains (fraction_accepted=1.0000)
Initialization: placed 400/4000 chains (fraction_accepted=1.0000)
Initialization: placed 600/4000 chains (fraction_accepted=1.0000)
Initialization: placed 800/4000 chains (fraction_accepted=0.9988)
Initialization: placed 1000/4000 chains (fraction_accepted=0.9990)
Initialization: placed 1200/4000 chains (fraction_accepted=0.9992)
Initialization: placed 1400/4000 chains (fraction_accepted=0.9993)
Initialization: placed 1600/4000 chains (fraction_accepted=0.9994)
Initialization: placed 1800/4000 chains (fraction_accepted=0.9989)
Initialization: placed 2000/4000 chains (fraction_accepted=0.9985)
Initialization: placed 2200/4000 chains (fraction_accepted=0.9959)
Initialization: placed 2400/4000 chains (fraction_accepted=0.9942)
Initialization: placed 2600/4000 chains (fraction_accepted=0.9920)
Initialization: placed 2800/4000 chains (fraction_accepted=0.9877)
Initialization: placed 3000/4000 chains (fraction_accepted=0.9820)
Initialization: placed 3200/4000 chains (fraction_accepted=0.9747)
Initialization: placed 3400/4000 chains (fraction_accepted=0.9596)
Initialization: placed 3600/4000 chains (fraction_accepted=0.9409)
Initialization: placed 3800/4000 chains (fraction_accepted=0.9084)
Initialization: placed 4000/4000 chains (fraction_accepted=0.8419)
Initialization: chain placement complete.
Stage=unsticky_equil start steps=100000
Error in sys.excepthook:
Traceback (most recent call last):
  File "/home/mc7345/micromamba/envs/reactiveLJ_paper/lib/python3.14/site-packages/hoomd/__init__.py", line 102, in _hoomd_sys_excepthook
    write.gsd._flush_open_gsd_writers()
    ^^^^^^^^^^^^^^^^^^^^^^^^^^^^^^^^^
AttributeError: module 'hoomd.write.gsd' has no attribute '_flush_open_gsd_writers'

Original exception was:
Traceback (most recent call last):
  File "/scratch/gpfs/WEBB/chertok/REACTIVELJ_PAPER/simulation_package/melt/data_generation/run_reactive_lj.py", line 984, in <module>
    main()
    ~~~~^^
  File "/scratch/gpfs/WEBB/chertok/REACTIVELJ_PAPER/simulation_package/melt/data_generation/run_reactive_lj.py", line 847, in main
    sim.run(cfg.unsticky_equil_steps)
    ~~~~~~~^^^^^^^^^^^^^^^^^^^^^^^^^^
  File "/home/mc7345/micromamba/envs/reactiveLJ_paper/lib/python3.14/site-packages/hoomd/simulation.py", line 561, in run
    self._cpp_sys.run(steps_int, write_at_start)
    ~~~~~~~~~~~~~~~~~^^^^^^^^^^^^^^^^^^^^^^^^^^^
RuntimeError: Particle with unique tag 116397 is no longer in the simulation box.

Cartesian coordinates: 
x: 2684.05 y: 1045.53 z: -1690.34
Fractional coordinates: 
f.x: 47.3335 f.y: 18.7434 f.z: -28.9945
Local box lo: (-28.6552, -28.6552, -28.6552)
          hi: (28.6552, 28.6552, 28.6552)

