*Warning*: Provided seed 180010 is larger than 65535. Truncating to 48938.
HOOMD build: source_dir=/scratch/gpfs/WEBB/chertok/REACTIVELJ_PAPER/hoomd-blue git_sha1=485771cd90b48b896f1fbb7cec35a8b14c9116ee compile_date=2026-02-10 gpu_enabled=True gpu_platform=CUDA
many_body_py=/home/mc7345/micromamba/envs/reactiveLJ_paper/lib/python3.14/site-packages/hoomd/md/many_body.py
ReactiveLJForceComputeGPU_present=True
Device=<hoomd.device.GPU object at 0x14a9bce62270>
Initialization: placed 200/4000 chains (fraction_accepted=1.0000)
Initialization: placed 400/4000 chains (fraction_accepted=1.0000)
Initialization: placed 600/4000 chains (fraction_accepted=1.0000)
Initialization: placed 800/4000 chains (fraction_accepted=1.0000)
Initialization: placed 1000/4000 chains (fraction_accepted=1.0000)
Initialization: placed 1200/4000 chains (fraction_accepted=1.0000)
Initialization: placed 1400/4000 chains (fraction_accepted=1.0000)
Initialization: placed 1600/4000 chains (fraction_accepted=1.0000)
Initialization: placed 1800/4000 chains (fraction_accepted=0.9994)
Initialization: placed 2000/4000 chains (fraction_accepted=0.9990)
Initialization: placed 2200/4000 chains (fraction_accepted=0.9986)
Initialization: placed 2400/4000 chains (fraction_accepted=0.9983)
Initialization: placed 2600/4000 chains (fraction_accepted=0.9962)
Initialization: placed 2800/4000 chains (fraction_accepted=0.9936)
Initialization: placed 3000/4000 chains (fraction_accepted=0.9881)
Initialization: placed 3200/4000 chains (fraction_accepted=0.9789)
Initialization: placed 3400/4000 chains (fraction_accepted=0.9673)
Initialization: placed 3600/4000 chains (fraction_accepted=0.9409)
Initialization: placed 3800/4000 chains (fraction_accepted=0.9113)
Initialization: placed 4000/4000 chains (fraction_accepted=0.8540)
Initialization: chain placement complete.
Stage=unsticky_equil start steps=100000
Stage=unsticky_equil done
Stage=enable_reactive start
/var/spool/slurmd/job2132851/slurm_script: line 64: 1753906 Killed                  python "${WORK_DIR}/data_generation/run_reactive_lj.py" --epsilon "${EPS}" --replicate "${REP}" --output-root "${WORK_DIR}/data_generation/outputs" --weakening-exponent "${WEAKENING_EXPONENT}" --frame-steps "${FRAME_STEPS}" --pressure-log-steps "${PRESSURE_LOG_STEPS}" --unsticky-equil-steps "${UNSTICKY_EQ_STEPS}" --reactive-equil-steps "${REACTIVE_EQ_STEPS}" --production-steps "${PROD_STEPS}"
[2026-03-02T11:23:52.439] error: Detected 1 oom_kill event in StepId=2132851.batch. Some of the step tasks have been OOM Killed.
