*Warning*: Provided seed 120002 is larger than 65535. Truncating to 54466.
Initialization: placed 200/4000 chains (fraction_accepted=1.0000)
Initialization: placed 400/4000 chains (fraction_accepted=1.0000)
Initialization: placed 600/4000 chains (fraction_accepted=1.0000)
Initialization: placed 800/4000 chains (fraction_accepted=0.9988)
Initialization: placed 1000/4000 chains (fraction_accepted=0.9990)
Initialization: placed 1200/4000 chains (fraction_accepted=0.9983)
Initialization: placed 1400/4000 chains (fraction_accepted=0.9986)
Initialization: placed 1600/4000 chains (fraction_accepted=0.9975)
Initialization: placed 1800/4000 chains (fraction_accepted=0.9961)
Initialization: placed 2000/4000 chains (fraction_accepted=0.9955)
Initialization: placed 2200/4000 chains (fraction_accepted=0.9955)
Initialization: placed 2400/4000 chains (fraction_accepted=0.9946)
Initialization: placed 2600/4000 chains (fraction_accepted=0.9927)
Initialization: placed 2800/4000 chains (fraction_accepted=0.9894)
Initialization: placed 3000/4000 chains (fraction_accepted=0.9862)
Initialization: placed 3200/4000 chains (fraction_accepted=0.9768)
Initialization: placed 3400/4000 chains (fraction_accepted=0.9594)
Initialization: placed 3600/4000 chains (fraction_accepted=0.9334)
Initialization: placed 3800/4000 chains (fraction_accepted=0.8935)
Initialization: placed 4000/4000 chains (fraction_accepted=0.8288)
Initialization: chain placement complete.
Stage=unsticky_equil start steps=100000
Stage=unsticky_equil done
Stage=enable_reactive start
Stage=enable_reactive done
Stage=reactive_equil start steps=1000000
Stage=reactive_equil progress=0.1% segment 1/1000 epsilon=0.0001 steps=1000
[2026-03-23T00:04:28.607] error: *** JOB 2317382 ON tiger-g06c5g2 CANCELLED AT 2026-03-23T00:04:28 DUE to SIGNAL Terminated ***
