*Warning*: Provided seed 150006 is larger than 65535. Truncating to 18934.
HOOMD build: source_dir=/scratch/gpfs/WEBB/chertok/REACTIVELJ_PAPER/hoomd-blue git_sha1=485771cd90b48b896f1fbb7cec35a8b14c9116ee compile_date=2026-02-10 gpu_enabled=True gpu_platform=CUDA
many_body_py=/home/mc7345/micromamba/envs/reactiveLJ_paper/lib/python3.14/site-packages/hoomd/md/many_body.py
ReactiveLJForceComputeGPU_present=True
Device=<hoomd.device.GPU object at 0x152c9644d160>
Initialization: placed 200/4000 chains (fraction_accepted=1.0000)
Initialization: placed 400/4000 chains (fraction_accepted=1.0000)
Initialization: placed 600/4000 chains (fraction_accepted=1.0000)
Initialization: placed 800/4000 chains (fraction_accepted=1.0000)
Initialization: placed 1000/4000 chains (fraction_accepted=1.0000)
Initialization: placed 1200/4000 chains (fraction_accepted=0.9992)
Initialization: placed 1400/4000 chains (fraction_accepted=0.9993)
Initialization: placed 1600/4000 chains (fraction_accepted=0.9994)
Initialization: placed 1800/4000 chains (fraction_accepted=0.9978)
Initialization: placed 2000/4000 chains (fraction_accepted=0.9975)
Initialization: placed 2200/4000 chains (fraction_accepted=0.9973)
Initialization: placed 2400/4000 chains (fraction_accepted=0.9963)
Initialization: placed 2600/4000 chains (fraction_accepted=0.9924)
Initialization: placed 2800/4000 chains (fraction_accepted=0.9877)
Initialization: placed 3000/4000 chains (fraction_accepted=0.9804)
Initialization: placed 3200/4000 chains (fraction_accepted=0.9709)
Initialization: placed 3400/4000 chains (fraction_accepted=0.9577)
Initialization: placed 3600/4000 chains (fraction_accepted=0.9399)
Initialization: placed 3800/4000 chains (fraction_accepted=0.9039)
Initialization: placed 4000/4000 chains (fraction_accepted=0.8414)
Initialization: chain placement complete.
Stage=unsticky_equil start steps=100000
Stage=unsticky_equil done
Stage=enable_reactive start
Sticker diagnostics: S count=16000, min_S_S=0.910588
Stage=enable_reactive done
Stage=reactive_equil start steps=1000000
Stage=reactive_equil progress=0.1% segment 1/1000 epsilon=0.0001 steps=1000
Stage=reactive_equil progress=5.1% segment 51/1000 epsilon=0.750846 steps=1000
Stage=reactive_equil progress=10.1% segment 101/1000 epsilon=1.50159 steps=1000
Stage=reactive_equil progress=15.1% segment 151/1000 epsilon=2.25234 steps=1000
Stage=reactive_equil progress=20.1% segment 201/1000 epsilon=3.00308 steps=1000
Stage=reactive_equil progress=25.1% segment 251/1000 epsilon=3.75383 steps=1000
Stage=reactive_equil progress=30.1% segment 301/1000 epsilon=4.50457 steps=1000
Stage=reactive_equil progress=35.1% segment 351/1000 epsilon=5.25532 steps=1000
Stage=reactive_equil progress=40.1% segment 401/1000 epsilon=6.00607 steps=1000
Stage=reactive_equil progress=45.1% segment 451/1000 epsilon=6.75681 steps=1000
Stage=reactive_equil progress=50.1% segment 501/1000 epsilon=7.50756 steps=1000
Stage=reactive_equil progress=55.1% segment 551/1000 epsilon=8.2583 steps=1000
Stage=reactive_equil progress=60.1% segment 601/1000 epsilon=9.00905 steps=1000
Stage=reactive_equil progress=65.1% segment 651/1000 epsilon=9.75979 steps=1000
Stage=reactive_equil progress=70.1% segment 701/1000 epsilon=10.5105 steps=1000
Stage=reactive_equil progress=75.1% segment 751/1000 epsilon=11.2613 steps=1000
Stage=reactive_equil progress=80.1% segment 801/1000 epsilon=12.012 steps=1000
Stage=reactive_equil progress=85.1% segment 851/1000 epsilon=12.7628 steps=1000
Stage=reactive_equil progress=90.1% segment 901/1000 epsilon=13.5135 steps=1000
Stage=reactive_equil progress=95.1% segment 951/1000 epsilon=14.2643 steps=1000
Stage=reactive_equil progress=100.0% segment 1000/1000 epsilon=15 steps=1000
Stage=reactive_equil epsilon_ramp done
Stage=reactive_equil dt_ramp start steps=100000
Stage=reactive_equil dt_ramp progress=1.0% segment 1/100 dt=1e-05 steps=1000
Stage=reactive_equil dt_ramp progress=6.0% segment 6/100 dt=0.00026202 steps=1000
Stage=reactive_equil dt_ramp progress=11.0% segment 11/100 dt=0.00051404 steps=1000
Stage=reactive_equil dt_ramp progress=16.0% segment 16/100 dt=0.000766061 steps=1000
Stage=reactive_equil dt_ramp progress=21.0% segment 21/100 dt=0.00101808 steps=1000
Stage=reactive_equil dt_ramp progress=26.0% segment 26/100 dt=0.0012701 steps=1000
Stage=reactive_equil dt_ramp progress=31.0% segment 31/100 dt=0.00152212 steps=1000
Stage=reactive_equil dt_ramp progress=36.0% segment 36/100 dt=0.00177414 steps=1000
Stage=reactive_equil dt_ramp progress=41.0% segment 41/100 dt=0.00202616 steps=1000
Stage=reactive_equil dt_ramp progress=46.0% segment 46/100 dt=0.00227818 steps=1000
Stage=reactive_equil dt_ramp progress=51.0% segment 51/100 dt=0.0025302 steps=1000
Stage=reactive_equil dt_ramp progress=56.0% segment 56/100 dt=0.00278222 steps=1000
Stage=reactive_equil dt_ramp progress=61.0% segment 61/100 dt=0.00303424 steps=1000
Stage=reactive_equil dt_ramp progress=66.0% segment 66/100 dt=0.00328626 steps=1000
Stage=reactive_equil dt_ramp progress=71.0% segment 71/100 dt=0.00353828 steps=1000
Stage=reactive_equil dt_ramp progress=76.0% segment 76/100 dt=0.0037903 steps=1000
Stage=reactive_equil dt_ramp progress=81.0% segment 81/100 dt=0.00404232 steps=1000
Stage=reactive_equil dt_ramp progress=86.0% segment 86/100 dt=0.00429434 steps=1000
Stage=reactive_equil dt_ramp progress=91.0% segment 91/100 dt=0.00454636 steps=1000
Stage=reactive_equil dt_ramp progress=96.0% segment 96/100 dt=0.00479838 steps=1000
Stage=reactive_equil dt_ramp progress=100.0% segment 100/100 dt=0.005 steps=1000
Stage=reactive_equil dt_ramp done
Stage=reactive_equil done
Stage=production start steps=404100000 runtime_tau_R0=500.000 trajectory_subset=sticky_only msd_frame_dt_tau_LJ=500.0 msd_particles=2000
[2026-03-21T04:57:53.015] error: *** JOB 2310842 ON tiger-g06c5g4 CANCELLED AT 2026-03-21T04:57:53 DUE TO TIME LIMIT ***
