*Warning*: Provided seed 180004 is larger than 65535. Truncating to 48932.
HOOMD build: source_dir=/scratch/gpfs/WEBB/chertok/REACTIVELJ_PAPER/hoomd-blue git_sha1=485771cd90b48b896f1fbb7cec35a8b14c9116ee compile_date=2026-02-10 gpu_enabled=True gpu_platform=CUDA
many_body_py=/home/mc7345/micromamba/envs/reactiveLJ_paper/lib/python3.14/site-packages/hoomd/md/many_body.py
ReactiveLJForceComputeGPU_present=True
Device=<hoomd.device.GPU object at 0x15142d05a270>
Initialization: placed 200/4000 chains (fraction_accepted=1.0000)
Initialization: placed 400/4000 chains (fraction_accepted=1.0000)
Initialization: placed 600/4000 chains (fraction_accepted=1.0000)
Initialization: placed 800/4000 chains (fraction_accepted=1.0000)
Initialization: placed 1000/4000 chains (fraction_accepted=1.0000)
Initialization: placed 1200/4000 chains (fraction_accepted=1.0000)
Initialization: placed 1400/4000 chains (fraction_accepted=1.0000)
Initialization: placed 1600/4000 chains (fraction_accepted=0.9988)
Initialization: placed 1800/4000 chains (fraction_accepted=0.9989)
Initialization: placed 2000/4000 chains (fraction_accepted=0.9980)
Initialization: placed 2200/4000 chains (fraction_accepted=0.9973)
Initialization: placed 2400/4000 chains (fraction_accepted=0.9959)
Initialization: placed 2600/4000 chains (fraction_accepted=0.9931)
Initialization: placed 2800/4000 chains (fraction_accepted=0.9908)
Initialization: placed 3000/4000 chains (fraction_accepted=0.9865)
Initialization: placed 3200/4000 chains (fraction_accepted=0.9786)
Initialization: placed 3400/4000 chains (fraction_accepted=0.9651)
Initialization: placed 3600/4000 chains (fraction_accepted=0.9454)
Initialization: placed 3800/4000 chains (fraction_accepted=0.9087)
Initialization: placed 4000/4000 chains (fraction_accepted=0.8543)
Initialization: chain placement complete.
Stage=unsticky_equil start steps=100000
Stage=unsticky_equil done
Stage=enable_reactive start
Sticker diagnostics: S count=16000, min_S_S=0.917589
Stage=enable_reactive done
Stage=reactive_equil start steps=1000000
Stage=reactive_equil progress=0.1% segment 1/1000 epsilon=0.0001 steps=1000
Stage=reactive_equil progress=5.1% segment 51/1000 epsilon=0.900996 steps=1000
Stage=reactive_equil progress=10.1% segment 101/1000 epsilon=1.80189 steps=1000
Stage=reactive_equil progress=15.1% segment 151/1000 epsilon=2.70279 steps=1000
Stage=reactive_equil progress=20.1% segment 201/1000 epsilon=3.60368 steps=1000
Stage=reactive_equil progress=25.1% segment 251/1000 epsilon=4.50458 steps=1000
Stage=reactive_equil progress=30.1% segment 301/1000 epsilon=5.40548 steps=1000
Stage=reactive_equil progress=35.1% segment 351/1000 epsilon=6.30637 steps=1000
Stage=reactive_equil progress=40.1% segment 401/1000 epsilon=7.20727 steps=1000
[2026-03-02T11:25:37.712] error: *** JOB 2133009 ON tiger-g06c4g4 CANCELLED AT 2026-03-02T11:25:37 DUE to SIGNAL Terminated ***
