HOOMD build: source_dir=/scratch/gpfs/WEBB/chertok/REACTIVELJ_PAPER/hoomd-blue git_sha1=485771cd90b48b896f1fbb7cec35a8b14c9116ee compile_date=2026-02-10 gpu_enabled=True gpu_platform=CUDA
many_body_py=/home/mc7345/micromamba/envs/reactiveLJ_paper/lib/python3.14/site-packages/hoomd/md/many_body.py
ReactiveLJForceComputeGPU_present=True
Device=<hoomd.device.GPU object at 0x14e744f4d160>
Initialization: placed 200/4000 chains (fraction_accepted=1.0000)
Initialization: placed 400/4000 chains (fraction_accepted=1.0000)
Initialization: placed 600/4000 chains (fraction_accepted=1.0000)
Initialization: placed 800/4000 chains (fraction_accepted=1.0000)
Initialization: placed 1000/4000 chains (fraction_accepted=0.9990)
Initialization: placed 1200/4000 chains (fraction_accepted=0.9992)
Initialization: placed 1400/4000 chains (fraction_accepted=0.9993)
Initialization: placed 1600/4000 chains (fraction_accepted=0.9994)
Initialization: placed 1800/4000 chains (fraction_accepted=0.9994)
Initialization: placed 2000/4000 chains (fraction_accepted=0.9980)
Initialization: placed 2200/4000 chains (fraction_accepted=0.9977)
Initialization: placed 2400/4000 chains (fraction_accepted=0.9959)
Initialization: placed 2600/4000 chains (fraction_accepted=0.9946)
Initialization: placed 2800/4000 chains (fraction_accepted=0.9908)
Initialization: placed 3000/4000 chains (fraction_accepted=0.9855)
Initialization: placed 3200/4000 chains (fraction_accepted=0.9762)
Initialization: placed 3400/4000 chains (fraction_accepted=0.9621)
Initialization: placed 3600/4000 chains (fraction_accepted=0.9397)
Initialization: placed 3800/4000 chains (fraction_accepted=0.9074)
Initialization: placed 4000/4000 chains (fraction_accepted=0.8493)
Initialization: chain placement complete.
Stage=unsticky_equil start steps=100000
Stage=unsticky_equil done
Stage=enable_reactive start
Sticker diagnostics: S count=16000, min_S_S=0.909834
Stage=enable_reactive info=ReactiveLJ disabled (epsilon<=0); using WCA-only sticky-sticky interactions.
Stage=enable_reactive done
Stage=reactive_equil start steps=1000000 mode=WCA_fallback
Stage=reactive_equil done mode=WCA_fallback
Stage=production start steps=404100000 runtime_tau_R0=500.000 trajectory_subset=sticky_only msd_frame_dt_tau_LJ=500.0 msd_particles=2000
[2026-03-20T23:52:21.029] error: *** JOB 2310017 ON tiger-g06c3g2 CANCELLED AT 2026-03-20T23:52:21 DUE TO TIME LIMIT ***
