HOOMD build: source_dir=/scratch/gpfs/WEBB/chertok/REACTIVELJ_PAPER/hoomd-blue git_sha1=485771cd90b48b896f1fbb7cec35a8b14c9116ee compile_date=2026-02-10 gpu_enabled=True gpu_platform=CUDA
many_body_py=/home/mc7345/micromamba/envs/reactiveLJ_paper/lib/python3.14/site-packages/hoomd/md/many_body.py
ReactiveLJForceComputeGPU_present=True
Device=<hoomd.device.GPU object at 0x14730125a7b0>
Initialization: placed 200/4000 chains (fraction_accepted=1.0000)
Initialization: placed 400/4000 chains (fraction_accepted=1.0000)
Initialization: placed 600/4000 chains (fraction_accepted=1.0000)
Initialization: placed 800/4000 chains (fraction_accepted=1.0000)
Initialization: placed 1000/4000 chains (fraction_accepted=1.0000)
Initialization: placed 1200/4000 chains (fraction_accepted=1.0000)
Initialization: placed 1400/4000 chains (fraction_accepted=1.0000)
Initialization: placed 1600/4000 chains (fraction_accepted=0.9994)
Initialization: placed 1800/4000 chains (fraction_accepted=0.9983)
Initialization: placed 2000/4000 chains (fraction_accepted=0.9980)
Initialization: placed 2200/4000 chains (fraction_accepted=0.9977)
Initialization: placed 2400/4000 chains (fraction_accepted=0.9963)
Initialization: placed 2600/4000 chains (fraction_accepted=0.9927)
Initialization: placed 2800/4000 chains (fraction_accepted=0.9887)
Initialization: placed 3000/4000 chains (fraction_accepted=0.9849)
Initialization: placed 3200/4000 chains (fraction_accepted=0.9762)
Initialization: placed 3400/4000 chains (fraction_accepted=0.9651)
Initialization: placed 3600/4000 chains (fraction_accepted=0.9397)
Initialization: placed 3800/4000 chains (fraction_accepted=0.9003)
Initialization: placed 4000/4000 chains (fraction_accepted=0.8380)
Initialization: chain placement complete.
Stage=unsticky_equil start steps=100000
Stage=unsticky_equil done
Stage=enable_reactive start
Sticker diagnostics: S count=16000, min_S_S=0.896005
Stage=enable_reactive done
Stage=reactive_equil start steps=1000000
Stage=reactive_equil progress=0.1% segment 1/1000 epsilon=0.0001 steps=1000
Stage=reactive_equil progress=5.1% segment 51/1000 epsilon=0.150245 steps=1000
Stage=reactive_equil progress=10.1% segment 101/1000 epsilon=0.30039 steps=1000
Stage=reactive_equil progress=15.1% segment 151/1000 epsilon=0.450535 steps=1000
Stage=reactive_equil progress=20.1% segment 201/1000 epsilon=0.600681 steps=1000
Stage=reactive_equil progress=25.1% segment 251/1000 epsilon=0.750826 steps=1000
Stage=reactive_equil progress=30.1% segment 301/1000 epsilon=0.900971 steps=1000
Stage=reactive_equil progress=35.1% segment 351/1000 epsilon=1.05112 steps=1000
Stage=reactive_equil progress=40.1% segment 401/1000 epsilon=1.20126 steps=1000
Stage=reactive_equil progress=45.1% segment 451/1000 epsilon=1.35141 steps=1000
Stage=reactive_equil progress=50.1% segment 501/1000 epsilon=1.50155 steps=1000
Stage=reactive_equil progress=55.1% segment 551/1000 epsilon=1.6517 steps=1000
Stage=reactive_equil progress=60.1% segment 601/1000 epsilon=1.80184 steps=1000
Stage=reactive_equil progress=65.1% segment 651/1000 epsilon=1.95199 steps=1000
Stage=reactive_equil progress=70.1% segment 701/1000 epsilon=2.10213 steps=1000
Stage=reactive_equil progress=75.1% segment 751/1000 epsilon=2.25228 steps=1000
Stage=reactive_equil progress=80.1% segment 801/1000 epsilon=2.40242 steps=1000
Stage=reactive_equil progress=85.1% segment 851/1000 epsilon=2.55257 steps=1000
Stage=reactive_equil progress=90.1% segment 901/1000 epsilon=2.70271 steps=1000
Stage=reactive_equil progress=95.1% segment 951/1000 epsilon=2.85286 steps=1000
Stage=reactive_equil progress=100.0% segment 1000/1000 epsilon=3 steps=1000
Stage=reactive_equil epsilon_ramp done
Stage=reactive_equil dt_ramp start steps=100000
Stage=reactive_equil dt_ramp progress=1.0% segment 1/100 dt=1e-05 steps=1000
Stage=reactive_equil dt_ramp progress=6.0% segment 6/100 dt=0.00026202 steps=1000
Stage=reactive_equil dt_ramp progress=11.0% segment 11/100 dt=0.00051404 steps=1000
Stage=reactive_equil dt_ramp progress=16.0% segment 16/100 dt=0.000766061 steps=1000
Stage=reactive_equil dt_ramp progress=21.0% segment 21/100 dt=0.00101808 steps=1000
Stage=reactive_equil dt_ramp progress=26.0% segment 26/100 dt=0.0012701 steps=1000
Stage=reactive_equil dt_ramp progress=31.0% segment 31/100 dt=0.00152212 steps=1000
Stage=reactive_equil dt_ramp progress=36.0% segment 36/100 dt=0.00177414 steps=1000
Stage=reactive_equil dt_ramp progress=41.0% segment 41/100 dt=0.00202616 steps=1000
Stage=reactive_equil dt_ramp progress=46.0% segment 46/100 dt=0.00227818 steps=1000
Stage=reactive_equil dt_ramp progress=51.0% segment 51/100 dt=0.0025302 steps=1000
Stage=reactive_equil dt_ramp progress=56.0% segment 56/100 dt=0.00278222 steps=1000
Stage=reactive_equil dt_ramp progress=61.0% segment 61/100 dt=0.00303424 steps=1000
Stage=reactive_equil dt_ramp progress=66.0% segment 66/100 dt=0.00328626 steps=1000
Stage=reactive_equil dt_ramp progress=71.0% segment 71/100 dt=0.00353828 steps=1000
Stage=reactive_equil dt_ramp progress=76.0% segment 76/100 dt=0.0037903 steps=1000
Stage=reactive_equil dt_ramp progress=81.0% segment 81/100 dt=0.00404232 steps=1000
Stage=reactive_equil dt_ramp progress=86.0% segment 86/100 dt=0.00429434 steps=1000
Stage=reactive_equil dt_ramp progress=91.0% segment 91/100 dt=0.00454636 steps=1000
Stage=reactive_equil dt_ramp progress=96.0% segment 96/100 dt=0.00479838 steps=1000
Stage=reactive_equil dt_ramp progress=100.0% segment 100/100 dt=0.005 steps=1000
Stage=reactive_equil dt_ramp done
Stage=reactive_equil done
Stage=production start steps=1000000
Stage=production done
Production_runtime_seconds=289.23
Production_runtime_hours=0.080
