HOOMD build: source_dir=/scratch/gpfs/WEBB/chertok/REACTIVELJ_PAPER/hoomd-blue git_sha1=485771cd90b48b896f1fbb7cec35a8b14c9116ee compile_date=2026-02-10 gpu_enabled=True gpu_platform=CUDA
many_body_py=/home/mc7345/micromamba/envs/reactiveLJ_paper/lib/python3.14/site-packages/hoomd/md/many_body.py
ReactiveLJForceComputeGPU_present=True
Device=<hoomd.device.GPU object at 0x14fcd9f45160>
Initialization: placed 200/4000 chains (fraction_accepted=1.0000)
Initialization: placed 400/4000 chains (fraction_accepted=1.0000)
Initialization: placed 600/4000 chains (fraction_accepted=1.0000)
Initialization: placed 800/4000 chains (fraction_accepted=1.0000)
Initialization: placed 1000/4000 chains (fraction_accepted=0.9990)
Initialization: placed 1200/4000 chains (fraction_accepted=0.9983)
Initialization: placed 1400/4000 chains (fraction_accepted=0.9986)
Initialization: placed 1600/4000 chains (fraction_accepted=0.9988)
Initialization: placed 1800/4000 chains (fraction_accepted=0.9989)
Initialization: placed 2000/4000 chains (fraction_accepted=0.9975)
Initialization: placed 2200/4000 chains (fraction_accepted=0.9964)
Initialization: placed 2400/4000 chains (fraction_accepted=0.9954)
Initialization: placed 2600/4000 chains (fraction_accepted=0.9924)
Initialization: placed 2800/4000 chains (fraction_accepted=0.9863)
Initialization: placed 3000/4000 chains (fraction_accepted=0.9817)
Initialization: placed 3200/4000 chains (fraction_accepted=0.9741)
Initialization: placed 3400/4000 chains (fraction_accepted=0.9599)
Initialization: placed 3600/4000 chains (fraction_accepted=0.9341)
Initialization: placed 3800/4000 chains (fraction_accepted=0.8954)
Initialization: placed 4000/4000 chains (fraction_accepted=0.8306)
Initialization: chain placement complete.
Stage=unsticky_equil start steps=100000
Stage=unsticky_equil done
Stage=enable_reactive start
Sticker diagnostics: S count=16000, min_S_S=0.919950
Stage=enable_reactive info=ReactiveLJ disabled (epsilon<=0); using WCA-only sticky-sticky interactions.
Stage=enable_reactive done
Stage=reactive_equil start steps=1000000 mode=WCA_fallback
Stage=reactive_equil done mode=WCA_fallback
Stage=production start steps=10000000
Stage=production done
Production_runtime_seconds=1576.50
Production_runtime_hours=0.438
