[2026-03-01 14:51:42] Step 1/8: Purging modules
[2026-03-01 14:51:42] Step 2/8: Sourcing ~/.bashrc
[2026-03-01 14:51:43] Step 3/8: Loading anaconda module
[2026-03-01 14:51:43] Step 4/8: Activating conda environment
[2026-03-01 14:51:44] Step 5/8: Changing directory to /scratch/gpfs/WEBB/chertok/REACTIVELJ_PAPER/simulation_package/melt
[2026-03-01 14:51:44] Step 6/8: Ensuring logs directory exists
[2026-03-01 14:51:44] Step 7/8: Starting trajectory analysis
[2026-03-01 14:51:45] Scanning trajectories under /scratch/gpfs/WEBB/chertok/REACTIVELJ_PAPER/simulation_package/melt/data_generation/outputs
[2026-03-01 14:51:45] Discovered 59 trajectory/metadata pairs
[2026-03-01 14:51:45] Grouped runs into 6 epsilon values
[2026-03-01 14:51:45] Queueing epsilon group 1/6: eps=3, replicates=10
[2026-03-01 14:51:45] Queueing epsilon group 2/6: eps=6, replicates=10
[2026-03-01 14:51:45] Queueing epsilon group 3/6: eps=9, replicates=10
[2026-03-01 14:51:45] Queueing epsilon group 4/6: eps=12, replicates=9
[2026-03-01 14:51:45] Queueing epsilon group 5/6: eps=15, replicates=10
[2026-03-01 14:51:45] Queueing epsilon group 6/6: eps=18, replicates=10
[2026-03-01 14:51:45] Starting parallel analysis with 16 workers on 59 runs
[2026-03-01 14:51:45] eps=3 rep=2/10: start (eps_3/rep_003/trajectory.gsd)
[2026-03-01 14:51:45] eps=3 rep=1/10: start (eps_3/rep_004/trajectory.gsd)
[2026-03-01 14:51:45] eps=3 rep=7/10: start (eps_3/rep_009/trajectory.gsd)
[2026-03-01 14:51:45] eps=3 rep=4/10: start (eps_3/rep_006/trajectory.gsd)
[2026-03-01 14:51:45] eps=3 rep=5/10: start (eps_3/rep_005/trajectory.gsd)
[2026-03-01 14:51:45] eps=3 rep=3/10: start (eps_3/rep_007/trajectory.gsd)
[2026-03-01 14:51:45] eps=3 rep=8/10: start (eps_3/rep_008/trajectory.gsd)
[2026-03-01 14:51:45] eps=3 rep=6/10: start (eps_3/rep_010/trajectory.gsd)
[2026-03-01 14:51:45] eps=6 rep=1/10: start (eps_6/rep_004/trajectory.gsd)
[2026-03-01 14:51:45] eps=3 rep=10/10: start (eps_3/rep_001/trajectory.gsd)
[2026-03-01 14:51:45] eps=3 rep=9/10: start (eps_3/rep_002/trajectory.gsd)
[2026-03-01 14:51:45] eps=6 rep=3/10: start (eps_6/rep_007/trajectory.gsd)
[2026-03-01 14:51:45] eps=6 rep=2/10: start (eps_6/rep_003/trajectory.gsd)
[2026-03-01 14:51:45] eps=6 rep=5/10: start (eps_6/rep_005/trajectory.gsd)
[2026-03-01 14:51:45] eps=6 rep=4/10: start (eps_6/rep_006/trajectory.gsd)
[2026-03-01 14:51:45] eps=6 rep=6/10: start (eps_6/rep_010/trajectory.gsd)
[2026-03-01 14:51:48] eps=3 rep=10/10: frame progress 10/100 (10.0%)
[2026-03-01 14:51:48] eps=3 rep=8/10: frame progress 10/100 (10.0%)
[2026-03-01 14:51:48] eps=3 rep=7/10: frame progress 10/100 (10.0%)
[2026-03-01 14:51:48] eps=3 rep=9/10: frame progress 10/100 (10.0%)
[2026-03-01 14:51:48] eps=3 rep=6/10: frame progress 10/100 (10.0%)
[2026-03-01 14:51:49] eps=3 rep=3/10: frame progress 10/100 (10.0%)
[2026-03-01 14:51:49] eps=6 rep=1/10: frame progress 10/100 (10.0%)
[2026-03-01 14:51:49] eps=3 rep=5/10: frame progress 10/100 (10.0%)
[2026-03-01 14:51:49] eps=3 rep=2/10: frame progress 10/100 (10.0%)
[2026-03-01 14:51:49] eps=6 rep=5/10: frame progress 10/100 (10.0%)
[2026-03-01 14:51:49] eps=6 rep=4/10: frame progress 10/100 (10.0%)
[2026-03-01 14:51:49] eps=6 rep=6/10: frame progress 10/100 (10.0%)
[2026-03-01 14:51:49] eps=3 rep=4/10: frame progress 10/100 (10.0%)
[2026-03-01 14:51:49] eps=6 rep=3/10: frame progress 10/100 (10.0%)
[2026-03-01 14:51:49] eps=3 rep=1/10: frame progress 10/100 (10.0%)
[2026-03-01 14:51:49] eps=6 rep=2/10: frame progress 10/100 (10.0%)
[2026-03-01 14:51:51] eps=3 rep=10/10: frame progress 20/100 (20.0%)
[2026-03-01 14:51:51] eps=3 rep=8/10: frame progress 20/100 (20.0%)
[2026-03-01 14:51:51] eps=3 rep=7/10: frame progress 20/100 (20.0%)
[2026-03-01 14:51:51] eps=3 rep=9/10: frame progress 20/100 (20.0%)
[2026-03-01 14:51:51] eps=3 rep=6/10: frame progress 20/100 (20.0%)
[2026-03-01 14:51:51] eps=3 rep=3/10: frame progress 20/100 (20.0%)
[2026-03-01 14:51:52] eps=3 rep=2/10: frame progress 20/100 (20.0%)
[2026-03-01 14:51:52] eps=3 rep=5/10: frame progress 20/100 (20.0%)
[2026-03-01 14:51:52] eps=6 rep=1/10: frame progress 20/100 (20.0%)
[2026-03-01 14:51:52] eps=6 rep=5/10: frame progress 20/100 (20.0%)
[2026-03-01 14:51:52] eps=6 rep=6/10: frame progress 20/100 (20.0%)
[2026-03-01 14:51:52] eps=6 rep=4/10: frame progress 20/100 (20.0%)
[2026-03-01 14:51:52] eps=3 rep=4/10: frame progress 20/100 (20.0%)
[2026-03-01 14:51:52] eps=6 rep=3/10: frame progress 20/100 (20.0%)
[2026-03-01 14:51:52] eps=3 rep=1/10: frame progress 20/100 (20.0%)
[2026-03-01 14:51:52] eps=6 rep=2/10: frame progress 20/100 (20.0%)
[2026-03-01 14:51:54] eps=3 rep=10/10: frame progress 30/100 (30.0%)
[2026-03-01 14:51:54] eps=3 rep=7/10: frame progress 30/100 (30.0%)
[2026-03-01 14:51:54] eps=3 rep=8/10: frame progress 30/100 (30.0%)
[2026-03-01 14:51:54] eps=3 rep=9/10: frame progress 30/100 (30.0%)
[2026-03-01 14:51:54] eps=3 rep=6/10: frame progress 30/100 (30.0%)
[2026-03-01 14:51:54] eps=3 rep=3/10: frame progress 30/100 (30.0%)
[2026-03-01 14:51:54] eps=3 rep=2/10: frame progress 30/100 (30.0%)
[2026-03-01 14:51:55] eps=3 rep=5/10: frame progress 30/100 (30.0%)
[2026-03-01 14:51:55] eps=6 rep=1/10: frame progress 30/100 (30.0%)
[2026-03-01 14:51:55] eps=6 rep=5/10: frame progress 30/100 (30.0%)
[2026-03-01 14:51:55] eps=3 rep=4/10: frame progress 30/100 (30.0%)
[2026-03-01 14:51:55] eps=6 rep=4/10: frame progress 30/100 (30.0%)
[2026-03-01 14:51:55] eps=6 rep=6/10: frame progress 30/100 (30.0%)
[2026-03-01 14:51:55] eps=6 rep=3/10: frame progress 30/100 (30.0%)
[2026-03-01 14:51:55] eps=3 rep=1/10: frame progress 30/100 (30.0%)
[2026-03-01 14:51:55] eps=6 rep=2/10: frame progress 30/100 (30.0%)
[2026-03-01 14:51:57] eps=3 rep=10/10: frame progress 40/100 (40.0%)
[2026-03-01 14:51:57] eps=3 rep=7/10: frame progress 40/100 (40.0%)
[2026-03-01 14:51:57] eps=3 rep=8/10: frame progress 40/100 (40.0%)
[2026-03-01 14:51:57] eps=3 rep=6/10: frame progress 40/100 (40.0%)
[2026-03-01 14:51:57] eps=3 rep=9/10: frame progress 40/100 (40.0%)
[2026-03-01 14:51:57] eps=3 rep=3/10: frame progress 40/100 (40.0%)
[2026-03-01 14:51:57] eps=3 rep=2/10: frame progress 40/100 (40.0%)
[2026-03-01 14:51:58] eps=3 rep=5/10: frame progress 40/100 (40.0%)
[2026-03-01 14:51:58] eps=3 rep=4/10: frame progress 40/100 (40.0%)
[2026-03-01 14:51:58] eps=6 rep=1/10: frame progress 40/100 (40.0%)
[2026-03-01 14:51:58] eps=6 rep=5/10: frame progress 40/100 (40.0%)
[2026-03-01 14:51:58] eps=3 rep=1/10: frame progress 40/100 (40.0%)
[2026-03-01 14:51:58] eps=6 rep=4/10: frame progress 40/100 (40.0%)
[2026-03-01 14:51:58] eps=6 rep=6/10: frame progress 40/100 (40.0%)
[2026-03-01 14:51:58] eps=6 rep=3/10: frame progress 40/100 (40.0%)
[2026-03-01 14:51:58] eps=6 rep=2/10: frame progress 40/100 (40.0%)
[2026-03-01 14:52:00] eps=3 rep=10/10: frame progress 50/100 (50.0%)
[2026-03-01 14:52:00] eps=3 rep=7/10: frame progress 50/100 (50.0%)
[2026-03-01 14:52:00] eps=3 rep=8/10: frame progress 50/100 (50.0%)
[2026-03-01 14:52:01] eps=3 rep=9/10: frame progress 50/100 (50.0%)
[2026-03-01 14:52:01] eps=3 rep=6/10: frame progress 50/100 (50.0%)
[2026-03-01 14:52:01] eps=3 rep=3/10: frame progress 50/100 (50.0%)
[2026-03-01 14:52:01] eps=3 rep=2/10: frame progress 50/100 (50.0%)
[2026-03-01 14:52:01] eps=3 rep=5/10: frame progress 50/100 (50.0%)
[2026-03-01 14:52:01] eps=3 rep=4/10: frame progress 50/100 (50.0%)
[2026-03-01 14:52:01] eps=6 rep=1/10: frame progress 50/100 (50.0%)
[2026-03-01 14:52:01] eps=6 rep=5/10: frame progress 50/100 (50.0%)
[2026-03-01 14:52:01] eps=3 rep=1/10: frame progress 50/100 (50.0%)
[2026-03-01 14:52:01] eps=6 rep=4/10: frame progress 50/100 (50.0%)
[2026-03-01 14:52:01] eps=6 rep=3/10: frame progress 50/100 (50.0%)
[2026-03-01 14:52:01] eps=6 rep=6/10: frame progress 50/100 (50.0%)
[2026-03-01 14:52:01] eps=6 rep=2/10: frame progress 50/100 (50.0%)
[2026-03-01 14:52:03] eps=3 rep=10/10: frame progress 60/100 (60.0%)
[2026-03-01 14:52:04] eps=3 rep=7/10: frame progress 60/100 (60.0%)
[2026-03-01 14:52:04] eps=3 rep=9/10: frame progress 60/100 (60.0%)
[2026-03-01 14:52:04] eps=3 rep=8/10: frame progress 60/100 (60.0%)
[2026-03-01 14:52:04] eps=3 rep=6/10: frame progress 60/100 (60.0%)
[2026-03-01 14:52:04] eps=3 rep=3/10: frame progress 60/100 (60.0%)
[2026-03-01 14:52:04] eps=3 rep=2/10: frame progress 60/100 (60.0%)
[2026-03-01 14:52:04] eps=3 rep=5/10: frame progress 60/100 (60.0%)
[2026-03-01 14:52:04] eps=3 rep=4/10: frame progress 60/100 (60.0%)
[2026-03-01 14:52:04] eps=6 rep=1/10: frame progress 60/100 (60.0%)
[2026-03-01 14:52:04] eps=3 rep=1/10: frame progress 60/100 (60.0%)
[2026-03-01 14:52:04] eps=6 rep=5/10: frame progress 60/100 (60.0%)
[2026-03-01 14:52:04] eps=6 rep=4/10: frame progress 60/100 (60.0%)
[2026-03-01 14:52:04] eps=6 rep=3/10: frame progress 60/100 (60.0%)
[2026-03-01 14:52:04] eps=6 rep=6/10: frame progress 60/100 (60.0%)
[2026-03-01 14:52:05] eps=6 rep=2/10: frame progress 60/100 (60.0%)
[2026-03-01 14:52:07] eps=3 rep=10/10: frame progress 70/100 (70.0%)
[2026-03-01 14:52:07] eps=3 rep=7/10: frame progress 70/100 (70.0%)
[2026-03-01 14:52:07] eps=3 rep=9/10: frame progress 70/100 (70.0%)
[2026-03-01 14:52:07] eps=3 rep=6/10: frame progress 70/100 (70.0%)
[2026-03-01 14:52:07] eps=3 rep=8/10: frame progress 70/100 (70.0%)
[2026-03-01 14:52:07] eps=3 rep=3/10: frame progress 70/100 (70.0%)
[2026-03-01 14:52:07] eps=3 rep=2/10: frame progress 70/100 (70.0%)
[2026-03-01 14:52:07] eps=3 rep=5/10: frame progress 70/100 (70.0%)
[2026-03-01 14:52:07] eps=3 rep=4/10: frame progress 70/100 (70.0%)
[2026-03-01 14:52:07] eps=3 rep=1/10: frame progress 70/100 (70.0%)
[2026-03-01 14:52:07] eps=6 rep=1/10: frame progress 70/100 (70.0%)
[2026-03-01 14:52:07] eps=6 rep=5/10: frame progress 70/100 (70.0%)
[2026-03-01 14:52:08] eps=6 rep=3/10: frame progress 70/100 (70.0%)
[2026-03-01 14:52:08] eps=6 rep=4/10: frame progress 70/100 (70.0%)
[2026-03-01 14:52:08] eps=6 rep=6/10: frame progress 70/100 (70.0%)
[2026-03-01 14:52:08] eps=6 rep=2/10: frame progress 70/100 (70.0%)
[2026-03-01 14:52:10] eps=3 rep=10/10: frame progress 80/100 (80.0%)
[2026-03-01 14:52:10] eps=3 rep=7/10: frame progress 80/100 (80.0%)
[2026-03-01 14:52:10] eps=3 rep=9/10: frame progress 80/100 (80.0%)
[2026-03-01 14:52:10] eps=3 rep=3/10: frame progress 80/100 (80.0%)
[2026-03-01 14:52:10] eps=3 rep=8/10: frame progress 80/100 (80.0%)
[2026-03-01 14:52:10] eps=3 rep=6/10: frame progress 80/100 (80.0%)
[2026-03-01 14:52:10] eps=3 rep=2/10: frame progress 80/100 (80.0%)
[2026-03-01 14:52:10] eps=3 rep=5/10: frame progress 80/100 (80.0%)
[2026-03-01 14:52:11] eps=3 rep=4/10: frame progress 80/100 (80.0%)
[2026-03-01 14:52:11] eps=3 rep=1/10: frame progress 80/100 (80.0%)
[2026-03-01 14:52:11] eps=6 rep=1/10: frame progress 80/100 (80.0%)
[2026-03-01 14:52:11] eps=6 rep=5/10: frame progress 80/100 (80.0%)
[2026-03-01 14:52:11] eps=6 rep=3/10: frame progress 80/100 (80.0%)
[2026-03-01 14:52:11] eps=6 rep=4/10: frame progress 80/100 (80.0%)
[2026-03-01 14:52:11] eps=6 rep=6/10: frame progress 80/100 (80.0%)
[2026-03-01 14:52:11] eps=6 rep=2/10: frame progress 80/100 (80.0%)
[2026-03-01 14:52:13] eps=3 rep=7/10: frame progress 90/100 (90.0%)
[2026-03-01 14:52:13] eps=3 rep=10/10: frame progress 90/100 (90.0%)
[2026-03-01 14:52:13] eps=3 rep=9/10: frame progress 90/100 (90.0%)
[2026-03-01 14:52:13] eps=3 rep=8/10: frame progress 90/100 (90.0%)
[2026-03-01 14:52:13] eps=3 rep=3/10: frame progress 90/100 (90.0%)
[2026-03-01 14:52:13] eps=3 rep=6/10: frame progress 90/100 (90.0%)
[2026-03-01 14:52:13] eps=3 rep=2/10: frame progress 90/100 (90.0%)
[2026-03-01 14:52:13] eps=3 rep=5/10: frame progress 90/100 (90.0%)
[2026-03-01 14:52:14] eps=3 rep=4/10: frame progress 90/100 (90.0%)
[2026-03-01 14:52:14] eps=3 rep=1/10: frame progress 90/100 (90.0%)
[2026-03-01 14:52:14] eps=6 rep=1/10: frame progress 90/100 (90.0%)
[2026-03-01 14:52:14] eps=6 rep=5/10: frame progress 90/100 (90.0%)
[2026-03-01 14:52:14] eps=6 rep=3/10: frame progress 90/100 (90.0%)
[2026-03-01 14:52:14] eps=6 rep=4/10: frame progress 90/100 (90.0%)
[2026-03-01 14:52:14] eps=6 rep=6/10: frame progress 90/100 (90.0%)
[2026-03-01 14:52:14] eps=6 rep=2/10: frame progress 90/100 (90.0%)
[2026-03-01 14:52:16] eps=3 rep=7/10: frame progress 100/100 (100.0%)
[2026-03-01 14:52:16] eps=3 rep=10/10: frame progress 100/100 (100.0%)
[2026-03-01 14:52:16] eps=3 rep=9/10: frame progress 100/100 (100.0%)
[2026-03-01 14:52:16] eps=3 rep=8/10: frame progress 100/100 (100.0%)
[2026-03-01 14:52:16] eps=3 rep=3/10: frame progress 100/100 (100.0%)
[2026-03-01 14:52:16] eps=3 rep=6/10: frame progress 100/100 (100.0%)
[2026-03-01 14:52:16] eps=3 rep=2/10: frame progress 100/100 (100.0%)
[2026-03-01 14:52:16] eps=3 rep=5/10: frame progress 100/100 (100.0%)
[2026-03-01 14:52:17] eps=3 rep=7/10: done
[2026-03-01 14:52:17] eps=3 rep=10/10: done
[2026-03-01 14:52:17] eps=3 rep=9/10: done
[2026-03-01 14:52:17] eps=6 rep=7/10: start (eps_6/rep_009/trajectory.gsd)
[2026-03-01 14:52:17] eps=6 rep=8/10: start (eps_6/rep_008/trajectory.gsd)
[2026-03-01 14:52:17] eps=3 rep=8/10: done
[2026-03-01 14:52:17] eps=6 rep=9/10: start (eps_6/rep_002/trajectory.gsd)
[2026-03-01 14:52:17] eps=6 rep=10/10: start (eps_6/rep_001/trajectory.gsd)
[2026-03-01 14:52:17] eps=3 rep=3/10: done
[2026-03-01 14:52:17] eps=9 rep=1/10: start (eps_9/rep_004/trajectory.gsd)
[2026-03-01 14:52:17] eps=3 rep=6/10: done
[2026-03-01 14:52:17] eps=3 rep=2/10: done
[2026-03-01 14:52:17] eps=9 rep=2/10: start (eps_9/rep_003/trajectory.gsd)
[2026-03-01 14:52:17] eps=9 rep=3/10: start (eps_9/rep_007/trajectory.gsd)
[2026-03-01 14:52:17] eps=3 rep=4/10: frame progress 100/100 (100.0%)
[2026-03-01 14:52:17] eps=3 rep=1/10: frame progress 100/100 (100.0%)
[2026-03-01 14:52:17] eps=6 rep=1/10: frame progress 100/100 (100.0%)
[2026-03-01 14:52:17] eps=3 rep=5/10: done
[2026-03-01 14:52:17] eps=6 rep=5/10: frame progress 100/100 (100.0%)
[2026-03-01 14:52:17] eps=9 rep=4/10: start (eps_9/rep_006/trajectory.gsd)
[2026-03-01 14:52:17] eps=6 rep=3/10: frame progress 100/100 (100.0%)
[2026-03-01 14:52:17] eps=6 rep=4/10: frame progress 100/100 (100.0%)
[2026-03-01 14:52:17] eps=6 rep=6/10: frame progress 100/100 (100.0%)
[2026-03-01 14:52:18] eps=6 rep=2/10: frame progress 100/100 (100.0%)
[2026-03-01 14:52:18] eps=3 rep=4/10: done
[2026-03-01 14:52:18] eps=9 rep=5/10: start (eps_9/rep_005/trajectory.gsd)
[2026-03-01 14:52:18] eps=3 rep=1/10: done
[2026-03-01 14:52:18] eps=9 rep=6/10: start (eps_9/rep_010/trajectory.gsd)
[2026-03-01 14:52:18] eps=6 rep=1/10: done
[2026-03-01 14:52:18] eps=9 rep=7/10: start (eps_9/rep_009/trajectory.gsd)
[2026-03-01 14:52:18] eps=6 rep=5/10: done
[2026-03-01 14:52:18] eps=9 rep=8/10: start (eps_9/rep_008/trajectory.gsd)
[2026-03-01 14:52:18] eps=6 rep=3/10: done
[2026-03-01 14:52:18] eps=9 rep=9/10: start (eps_9/rep_002/trajectory.gsd)
[2026-03-01 14:52:18] eps=6 rep=4/10: done
[2026-03-01 14:52:18] eps=9 rep=10/10: start (eps_9/rep_001/trajectory.gsd)
[2026-03-01 14:52:18] eps=6 rep=6/10: done
[2026-03-01 14:52:18] eps=12 rep=1/9: start (eps_12/rep_004/trajectory.gsd)
[2026-03-01 14:52:18] eps=6 rep=2/10: done
[2026-03-01 14:52:18] eps=12 rep=2/9: start (eps_12/rep_003/trajectory.gsd)
[2026-03-01 14:52:20] eps=6 rep=8/10: frame progress 10/100 (10.0%)
[2026-03-01 14:52:20] eps=6 rep=7/10: frame progress 10/100 (10.0%)
[2026-03-01 14:52:20] eps=6 rep=9/10: frame progress 10/100 (10.0%)
[2026-03-01 14:52:20] eps=6 rep=10/10: frame progress 10/100 (10.0%)
[2026-03-01 14:52:20] eps=9 rep=1/10: frame progress 10/100 (10.0%)
[2026-03-01 14:52:20] eps=9 rep=3/10: frame progress 10/100 (10.0%)
[2026-03-01 14:52:20] eps=9 rep=2/10: frame progress 10/100 (10.0%)
[2026-03-01 14:52:21] eps=9 rep=4/10: frame progress 10/100 (10.0%)
[2026-03-01 14:52:21] eps=9 rep=5/10: frame progress 10/100 (10.0%)
[2026-03-01 14:52:21] eps=9 rep=6/10: frame progress 10/100 (10.0%)
[2026-03-01 14:52:21] eps=9 rep=8/10: frame progress 10/100 (10.0%)
[2026-03-01 14:52:21] eps=9 rep=7/10: frame progress 10/100 (10.0%)
[2026-03-01 14:52:21] eps=9 rep=9/10: frame progress 10/100 (10.0%)
[2026-03-01 14:52:21] eps=9 rep=10/10: frame progress 10/100 (10.0%)
[2026-03-01 14:52:21] eps=12 rep=1/9: frame progress 10/100 (10.0%)
[2026-03-01 14:52:22] eps=12 rep=2/9: frame progress 10/100 (10.0%)
[2026-03-01 14:52:23] eps=6 rep=8/10: frame progress 20/100 (20.0%)
[2026-03-01 14:52:23] eps=6 rep=7/10: frame progress 20/100 (20.0%)
[2026-03-01 14:52:23] eps=6 rep=9/10: frame progress 20/100 (20.0%)
[2026-03-01 14:52:23] eps=6 rep=10/10: frame progress 20/100 (20.0%)
[2026-03-01 14:52:23] eps=9 rep=1/10: frame progress 20/100 (20.0%)
[2026-03-01 14:52:23] eps=9 rep=3/10: frame progress 20/100 (20.0%)
[2026-03-01 14:52:24] eps=9 rep=2/10: frame progress 20/100 (20.0%)
[2026-03-01 14:52:24] eps=9 rep=4/10: frame progress 20/100 (20.0%)
[2026-03-01 14:52:25] eps=9 rep=5/10: frame progress 20/100 (20.0%)
[2026-03-01 14:52:25] eps=9 rep=8/10: frame progress 20/100 (20.0%)
[2026-03-01 14:52:25] eps=9 rep=7/10: frame progress 20/100 (20.0%)
[2026-03-01 14:52:25] eps=9 rep=9/10: frame progress 20/100 (20.0%)
[2026-03-01 14:52:25] eps=9 rep=6/10: frame progress 20/100 (20.0%)
[2026-03-01 14:52:25] eps=9 rep=10/10: frame progress 20/100 (20.0%)
[2026-03-01 14:52:25] eps=12 rep=1/9: frame progress 20/100 (20.0%)
[2026-03-01 14:52:25] eps=12 rep=2/9: frame progress 20/100 (20.0%)
[2026-03-01 14:52:26] eps=6 rep=8/10: frame progress 30/100 (30.0%)
[2026-03-01 14:52:26] eps=6 rep=7/10: frame progress 30/100 (30.0%)
[2026-03-01 14:52:26] eps=6 rep=9/10: frame progress 30/100 (30.0%)
[2026-03-01 14:52:26] eps=6 rep=10/10: frame progress 30/100 (30.0%)
[2026-03-01 14:52:27] eps=9 rep=1/10: frame progress 30/100 (30.0%)
[2026-03-01 14:52:27] eps=9 rep=3/10: frame progress 30/100 (30.0%)
[2026-03-01 14:52:27] eps=9 rep=2/10: frame progress 30/100 (30.0%)
[2026-03-01 14:52:27] eps=9 rep=4/10: frame progress 30/100 (30.0%)
[2026-03-01 14:52:28] eps=9 rep=8/10: frame progress 30/100 (30.0%)
[2026-03-01 14:52:28] eps=9 rep=9/10: frame progress 30/100 (30.0%)
[2026-03-01 14:52:28] eps=9 rep=7/10: frame progress 30/100 (30.0%)
[2026-03-01 14:52:28] eps=9 rep=5/10: frame progress 30/100 (30.0%)
[2026-03-01 14:52:28] eps=9 rep=10/10: frame progress 30/100 (30.0%)
[2026-03-01 14:52:28] eps=9 rep=6/10: frame progress 30/100 (30.0%)
[2026-03-01 14:52:28] eps=12 rep=1/9: frame progress 30/100 (30.0%)
[2026-03-01 14:52:29] eps=12 rep=2/9: frame progress 30/100 (30.0%)
[2026-03-01 14:52:29] eps=6 rep=8/10: frame progress 40/100 (40.0%)
[2026-03-01 14:52:29] eps=6 rep=7/10: frame progress 40/100 (40.0%)
[2026-03-01 14:52:30] eps=6 rep=9/10: frame progress 40/100 (40.0%)
[2026-03-01 14:52:30] eps=6 rep=10/10: frame progress 40/100 (40.0%)
[2026-03-01 14:52:30] eps=9 rep=1/10: frame progress 40/100 (40.0%)
[2026-03-01 14:52:30] eps=9 rep=3/10: frame progress 40/100 (40.0%)
[2026-03-01 14:52:30] eps=9 rep=2/10: frame progress 40/100 (40.0%)
[2026-03-01 14:52:30] eps=9 rep=4/10: frame progress 40/100 (40.0%)
[2026-03-01 14:52:31] eps=9 rep=8/10: frame progress 40/100 (40.0%)
[2026-03-01 14:52:31] eps=9 rep=9/10: frame progress 40/100 (40.0%)
[2026-03-01 14:52:31] eps=9 rep=7/10: frame progress 40/100 (40.0%)
[2026-03-01 14:52:31] eps=9 rep=10/10: frame progress 40/100 (40.0%)
[2026-03-01 14:52:31] eps=9 rep=5/10: frame progress 40/100 (40.0%)
[2026-03-01 14:52:31] eps=9 rep=6/10: frame progress 40/100 (40.0%)
[2026-03-01 14:52:32] eps=12 rep=1/9: frame progress 40/100 (40.0%)
[2026-03-01 14:52:32] eps=12 rep=2/9: frame progress 40/100 (40.0%)
[2026-03-01 14:52:33] eps=6 rep=8/10: frame progress 50/100 (50.0%)
[2026-03-01 14:52:33] eps=6 rep=7/10: frame progress 50/100 (50.0%)
[2026-03-01 14:52:33] eps=6 rep=9/10: frame progress 50/100 (50.0%)
[2026-03-01 14:52:33] eps=6 rep=10/10: frame progress 50/100 (50.0%)
[2026-03-01 14:52:33] eps=9 rep=1/10: frame progress 50/100 (50.0%)
[2026-03-01 14:52:34] eps=9 rep=3/10: frame progress 50/100 (50.0%)
[2026-03-01 14:52:34] eps=9 rep=2/10: frame progress 50/100 (50.0%)
[2026-03-01 14:52:34] eps=9 rep=4/10: frame progress 50/100 (50.0%)
[2026-03-01 14:52:35] eps=9 rep=8/10: frame progress 50/100 (50.0%)
[2026-03-01 14:52:35] eps=9 rep=9/10: frame progress 50/100 (50.0%)
[2026-03-01 14:52:35] eps=9 rep=7/10: frame progress 50/100 (50.0%)
[2026-03-01 14:52:35] eps=9 rep=10/10: frame progress 50/100 (50.0%)
[2026-03-01 14:52:35] eps=9 rep=5/10: frame progress 50/100 (50.0%)
[2026-03-01 14:52:35] eps=9 rep=6/10: frame progress 50/100 (50.0%)
[2026-03-01 14:52:35] eps=12 rep=1/9: frame progress 50/100 (50.0%)
[2026-03-01 14:52:36] eps=12 rep=2/9: frame progress 50/100 (50.0%)
[2026-03-01 14:52:36] eps=6 rep=8/10: frame progress 60/100 (60.0%)
[2026-03-01 14:52:36] eps=6 rep=7/10: frame progress 60/100 (60.0%)
[2026-03-01 14:52:36] eps=6 rep=9/10: frame progress 60/100 (60.0%)
[2026-03-01 14:52:36] eps=6 rep=10/10: frame progress 60/100 (60.0%)
[2026-03-01 14:52:37] eps=9 rep=1/10: frame progress 60/100 (60.0%)
[2026-03-01 14:52:37] eps=9 rep=3/10: frame progress 60/100 (60.0%)
[2026-03-01 14:52:37] eps=9 rep=2/10: frame progress 60/100 (60.0%)
[2026-03-01 14:52:37] eps=9 rep=4/10: frame progress 60/100 (60.0%)
[2026-03-01 14:52:38] eps=9 rep=8/10: frame progress 60/100 (60.0%)
[2026-03-01 14:52:38] eps=9 rep=9/10: frame progress 60/100 (60.0%)
[2026-03-01 14:52:38] eps=9 rep=7/10: frame progress 60/100 (60.0%)
[2026-03-01 14:52:38] eps=9 rep=10/10: frame progress 60/100 (60.0%)
[2026-03-01 14:52:38] eps=9 rep=5/10: frame progress 60/100 (60.0%)
[2026-03-01 14:52:39] eps=9 rep=6/10: frame progress 60/100 (60.0%)
[2026-03-01 14:52:39] eps=12 rep=1/9: frame progress 60/100 (60.0%)
[2026-03-01 14:52:39] eps=6 rep=8/10: frame progress 70/100 (70.0%)
[2026-03-01 14:52:39] eps=6 rep=7/10: frame progress 70/100 (70.0%)
[2026-03-01 14:52:39] eps=6 rep=9/10: frame progress 70/100 (70.0%)
[2026-03-01 14:52:39] eps=6 rep=10/10: frame progress 70/100 (70.0%)
[2026-03-01 14:52:39] eps=12 rep=2/9: frame progress 60/100 (60.0%)
[2026-03-01 14:52:40] eps=9 rep=1/10: frame progress 70/100 (70.0%)
[2026-03-01 14:52:40] eps=9 rep=3/10: frame progress 70/100 (70.0%)
[2026-03-01 14:52:41] eps=9 rep=2/10: frame progress 70/100 (70.0%)
[2026-03-01 14:52:41] eps=9 rep=4/10: frame progress 70/100 (70.0%)
[2026-03-01 14:52:41] eps=9 rep=8/10: frame progress 70/100 (70.0%)
[2026-03-01 14:52:42] eps=9 rep=9/10: frame progress 70/100 (70.0%)
[2026-03-01 14:52:42] eps=9 rep=7/10: frame progress 70/100 (70.0%)
[2026-03-01 14:52:42] eps=9 rep=10/10: frame progress 70/100 (70.0%)
[2026-03-01 14:52:42] eps=9 rep=5/10: frame progress 70/100 (70.0%)
[2026-03-01 14:52:42] eps=9 rep=6/10: frame progress 70/100 (70.0%)
[2026-03-01 14:52:42] eps=6 rep=8/10: frame progress 80/100 (80.0%)
[2026-03-01 14:52:42] eps=6 rep=7/10: frame progress 80/100 (80.0%)
[2026-03-01 14:52:42] eps=6 rep=10/10: frame progress 80/100 (80.0%)
[2026-03-01 14:52:43] eps=12 rep=1/9: frame progress 70/100 (70.0%)
[2026-03-01 14:52:43] eps=6 rep=9/10: frame progress 80/100 (80.0%)
[2026-03-01 14:52:43] eps=12 rep=2/9: frame progress 70/100 (70.0%)
[2026-03-01 14:52:44] eps=9 rep=1/10: frame progress 80/100 (80.0%)
[2026-03-01 14:52:44] eps=9 rep=3/10: frame progress 80/100 (80.0%)
[2026-03-01 14:52:44] eps=9 rep=2/10: frame progress 80/100 (80.0%)
[2026-03-01 14:52:44] eps=9 rep=4/10: frame progress 80/100 (80.0%)
[2026-03-01 14:52:45] eps=9 rep=8/10: frame progress 80/100 (80.0%)
[2026-03-01 14:52:45] eps=9 rep=9/10: frame progress 80/100 (80.0%)
[2026-03-01 14:52:45] eps=9 rep=7/10: frame progress 80/100 (80.0%)
[2026-03-01 14:52:45] eps=9 rep=10/10: frame progress 80/100 (80.0%)
[2026-03-01 14:52:45] eps=6 rep=8/10: frame progress 90/100 (90.0%)
[2026-03-01 14:52:45] eps=9 rep=5/10: frame progress 80/100 (80.0%)
[2026-03-01 14:52:46] eps=6 rep=7/10: frame progress 90/100 (90.0%)
[2026-03-01 14:52:46] eps=6 rep=10/10: frame progress 90/100 (90.0%)
[2026-03-01 14:52:46] eps=9 rep=6/10: frame progress 80/100 (80.0%)
[2026-03-01 14:52:46] eps=6 rep=9/10: frame progress 90/100 (90.0%)
[2026-03-01 14:52:46] eps=12 rep=1/9: frame progress 80/100 (80.0%)
[2026-03-01 14:52:47] eps=12 rep=2/9: frame progress 80/100 (80.0%)
[2026-03-01 14:52:47] eps=9 rep=1/10: frame progress 90/100 (90.0%)
[2026-03-01 14:52:47] eps=9 rep=3/10: frame progress 90/100 (90.0%)
[2026-03-01 14:52:48] eps=9 rep=2/10: frame progress 90/100 (90.0%)
[2026-03-01 14:52:48] eps=9 rep=4/10: frame progress 90/100 (90.0%)
[2026-03-01 14:52:48] eps=9 rep=8/10: frame progress 90/100 (90.0%)
[2026-03-01 14:52:49] eps=9 rep=9/10: frame progress 90/100 (90.0%)
[2026-03-01 14:52:49] eps=9 rep=7/10: frame progress 90/100 (90.0%)
[2026-03-01 14:52:49] eps=9 rep=10/10: frame progress 90/100 (90.0%)
[2026-03-01 14:52:49] eps=6 rep=8/10: frame progress 100/100 (100.0%)
[2026-03-01 14:52:49] eps=6 rep=7/10: frame progress 100/100 (100.0%)
[2026-03-01 14:52:49] eps=6 rep=10/10: frame progress 100/100 (100.0%)
[2026-03-01 14:52:49] eps=6 rep=9/10: frame progress 100/100 (100.0%)
[2026-03-01 14:52:49] eps=9 rep=5/10: frame progress 90/100 (90.0%)
[2026-03-01 14:52:49] eps=9 rep=6/10: frame progress 90/100 (90.0%)
[2026-03-01 14:52:49] eps=6 rep=8/10: done
[2026-03-01 14:52:49] eps=12 rep=3/9: start (eps_12/rep_007/trajectory.gsd)
[2026-03-01 14:52:50] eps=6 rep=7/10: done
[2026-03-01 14:52:50] eps=12 rep=4/9: start (eps_12/rep_006/trajectory.gsd)
[2026-03-01 14:52:50] eps=6 rep=10/10: done
[2026-03-01 14:52:50] eps=12 rep=5/9: start (eps_12/rep_005/trajectory.gsd)
[2026-03-01 14:52:50] eps=6 rep=9/10: done
[2026-03-01 14:52:50] eps=12 rep=6/9: start (eps_12/rep_010/trajectory.gsd)
[2026-03-01 14:52:50] eps=12 rep=1/9: frame progress 90/100 (90.0%)
[2026-03-01 14:52:50] eps=12 rep=2/9: frame progress 90/100 (90.0%)
[2026-03-01 14:52:51] eps=9 rep=1/10: frame progress 100/100 (100.0%)
[2026-03-01 14:52:51] eps=9 rep=3/10: frame progress 100/100 (100.0%)
[2026-03-01 14:52:51] eps=9 rep=2/10: frame progress 100/100 (100.0%)
[2026-03-01 14:52:52] eps=9 rep=4/10: frame progress 100/100 (100.0%)
[2026-03-01 14:52:52] eps=9 rep=1/10: done
[2026-03-01 14:52:52] eps=12 rep=7/9: start (eps_12/rep_009/trajectory.gsd)
[2026-03-01 14:52:52] eps=9 rep=3/10: done
[2026-03-01 14:52:52] eps=12 rep=8/9: start (eps_12/rep_002/trajectory.gsd)
[2026-03-01 14:52:52] eps=9 rep=8/10: frame progress 100/100 (100.0%)
[2026-03-01 14:52:52] eps=9 rep=2/10: done
[2026-03-01 14:52:52] eps=12 rep=9/9: start (eps_12/rep_001/trajectory.gsd)
[2026-03-01 14:52:52] eps=9 rep=9/10: frame progress 100/100 (100.0%)
[2026-03-01 14:52:52] eps=9 rep=7/10: frame progress 100/100 (100.0%)
[2026-03-01 14:52:52] eps=9 rep=10/10: frame progress 100/100 (100.0%)
[2026-03-01 14:52:52] eps=9 rep=4/10: done
[2026-03-01 14:52:52] eps=15 rep=1/10: start (eps_15/rep_004/trajectory.gsd)
[2026-03-01 14:52:53] eps=9 rep=8/10: done
[2026-03-01 14:52:53] eps=15 rep=2/10: start (eps_15/rep_003/trajectory.gsd)
[2026-03-01 14:52:53] eps=9 rep=5/10: frame progress 100/100 (100.0%)
[2026-03-01 14:52:53] eps=9 rep=9/10: done
[2026-03-01 14:52:53] eps=15 rep=3/10: start (eps_15/rep_007/trajectory.gsd)
[2026-03-01 14:52:53] eps=9 rep=7/10: done
[2026-03-01 14:52:53] eps=15 rep=4/10: start (eps_15/rep_006/trajectory.gsd)
[2026-03-01 14:52:53] eps=9 rep=10/10: done
[2026-03-01 14:52:53] eps=15 rep=5/10: start (eps_15/rep_005/trajectory.gsd)
[2026-03-01 14:52:53] eps=9 rep=6/10: frame progress 100/100 (100.0%)
[2026-03-01 14:52:53] eps=12 rep=3/9: frame progress 10/100 (10.0%)
[2026-03-01 14:52:53] eps=12 rep=4/9: frame progress 10/100 (10.0%)
[2026-03-01 14:52:53] eps=12 rep=5/9: frame progress 10/100 (10.0%)
[2026-03-01 14:52:53] eps=12 rep=6/9: frame progress 10/100 (10.0%)
[2026-03-01 14:52:53] eps=9 rep=5/10: done
[2026-03-01 14:52:53] eps=15 rep=6/10: start (eps_15/rep_010/trajectory.gsd)
[2026-03-01 14:52:54] eps=12 rep=1/9: frame progress 100/100 (100.0%)
[2026-03-01 14:52:54] eps=9 rep=6/10: done
[2026-03-01 14:52:54] eps=15 rep=7/10: start (eps_15/rep_009/trajectory.gsd)
[2026-03-01 14:52:54] eps=12 rep=2/9: frame progress 100/100 (100.0%)
[2026-03-01 14:52:54] eps=12 rep=1/9: done
[2026-03-01 14:52:54] eps=15 rep=8/10: start (eps_15/rep_008/trajectory.gsd)
[2026-03-01 14:52:55] eps=12 rep=2/9: done
[2026-03-01 14:52:55] eps=15 rep=9/10: start (eps_15/rep_002/trajectory.gsd)
[2026-03-01 14:52:55] eps=12 rep=7/9: frame progress 10/100 (10.0%)
[2026-03-01 14:52:55] eps=12 rep=8/9: frame progress 10/100 (10.0%)
[2026-03-01 14:52:55] eps=12 rep=9/9: frame progress 10/100 (10.0%)
[2026-03-01 14:52:56] eps=15 rep=1/10: frame progress 10/100 (10.0%)
[2026-03-01 14:52:56] eps=15 rep=2/10: frame progress 10/100 (10.0%)
[2026-03-01 14:52:56] eps=15 rep=3/10: frame progress 10/100 (10.0%)
[2026-03-01 14:52:56] eps=15 rep=4/10: frame progress 10/100 (10.0%)
[2026-03-01 14:52:56] eps=15 rep=5/10: frame progress 10/100 (10.0%)
[2026-03-01 14:52:56] eps=12 rep=3/9: frame progress 20/100 (20.0%)
[2026-03-01 14:52:56] eps=12 rep=4/9: frame progress 20/100 (20.0%)
[2026-03-01 14:52:56] eps=12 rep=5/9: frame progress 20/100 (20.0%)
[2026-03-01 14:52:56] eps=12 rep=6/9: frame progress 20/100 (20.0%)
[2026-03-01 14:52:57] eps=15 rep=6/10: frame progress 10/100 (10.0%)
[2026-03-01 14:52:57] eps=15 rep=7/10: frame progress 10/100 (10.0%)
[2026-03-01 14:52:58] eps=15 rep=8/10: frame progress 10/100 (10.0%)
[2026-03-01 14:52:58] eps=15 rep=9/10: frame progress 10/100 (10.0%)
[2026-03-01 14:52:58] eps=12 rep=7/9: frame progress 20/100 (20.0%)
[2026-03-01 14:52:58] eps=12 rep=8/9: frame progress 20/100 (20.0%)
[2026-03-01 14:52:59] eps=12 rep=9/9: frame progress 20/100 (20.0%)
[2026-03-01 14:52:59] eps=15 rep=1/10: frame progress 20/100 (20.0%)
[2026-03-01 14:52:59] eps=15 rep=2/10: frame progress 20/100 (20.0%)
[2026-03-01 14:52:59] eps=15 rep=3/10: frame progress 20/100 (20.0%)
[2026-03-01 14:52:59] eps=15 rep=4/10: frame progress 20/100 (20.0%)
[2026-03-01 14:52:59] eps=15 rep=5/10: frame progress 20/100 (20.0%)
[2026-03-01 14:53:00] eps=12 rep=3/9: frame progress 30/100 (30.0%)
[2026-03-01 14:53:00] eps=12 rep=4/9: frame progress 30/100 (30.0%)
[2026-03-01 14:53:00] eps=12 rep=5/9: frame progress 30/100 (30.0%)
[2026-03-01 14:53:00] eps=12 rep=6/9: frame progress 30/100 (30.0%)
[2026-03-01 14:53:00] eps=15 rep=6/10: frame progress 20/100 (20.0%)
[2026-03-01 14:53:00] eps=15 rep=7/10: frame progress 20/100 (20.0%)
[2026-03-01 14:53:01] eps=15 rep=8/10: frame progress 20/100 (20.0%)
[2026-03-01 14:53:01] eps=15 rep=9/10: frame progress 20/100 (20.0%)
[2026-03-01 14:53:02] eps=12 rep=7/9: frame progress 30/100 (30.0%)
[2026-03-01 14:53:02] eps=12 rep=8/9: frame progress 30/100 (30.0%)
[2026-03-01 14:53:02] eps=12 rep=9/9: frame progress 30/100 (30.0%)
[2026-03-01 14:53:02] eps=15 rep=1/10: frame progress 30/100 (30.0%)
[2026-03-01 14:53:03] eps=15 rep=2/10: frame progress 30/100 (30.0%)
[2026-03-01 14:53:03] eps=15 rep=3/10: frame progress 30/100 (30.0%)
[2026-03-01 14:53:03] eps=15 rep=4/10: frame progress 30/100 (30.0%)
[2026-03-01 14:53:03] eps=15 rep=5/10: frame progress 30/100 (30.0%)
[2026-03-01 14:53:03] eps=12 rep=3/9: frame progress 40/100 (40.0%)
[2026-03-01 14:53:03] eps=12 rep=4/9: frame progress 40/100 (40.0%)
[2026-03-01 14:53:03] eps=12 rep=5/9: frame progress 40/100 (40.0%)
[2026-03-01 14:53:03] eps=12 rep=6/9: frame progress 40/100 (40.0%)
[2026-03-01 14:53:04] eps=15 rep=6/10: frame progress 30/100 (30.0%)
[2026-03-01 14:53:04] eps=15 rep=7/10: frame progress 30/100 (30.0%)
[2026-03-01 14:53:05] eps=15 rep=8/10: frame progress 30/100 (30.0%)
[2026-03-01 14:53:05] eps=15 rep=9/10: frame progress 30/100 (30.0%)
[2026-03-01 14:53:05] eps=12 rep=7/9: frame progress 40/100 (40.0%)
[2026-03-01 14:53:05] eps=12 rep=8/9: frame progress 40/100 (40.0%)
[2026-03-01 14:53:06] eps=12 rep=9/9: frame progress 40/100 (40.0%)
[2026-03-01 14:53:06] eps=15 rep=1/10: frame progress 40/100 (40.0%)
[2026-03-01 14:53:06] eps=15 rep=2/10: frame progress 40/100 (40.0%)
[2026-03-01 14:53:06] eps=15 rep=3/10: frame progress 40/100 (40.0%)
[2026-03-01 14:53:06] eps=15 rep=4/10: frame progress 40/100 (40.0%)
[2026-03-01 14:53:06] eps=15 rep=5/10: frame progress 40/100 (40.0%)
[2026-03-01 14:53:07] eps=12 rep=3/9: frame progress 50/100 (50.0%)
[2026-03-01 14:53:07] eps=12 rep=4/9: frame progress 50/100 (50.0%)
[2026-03-01 14:53:07] eps=12 rep=5/9: frame progress 50/100 (50.0%)
[2026-03-01 14:53:07] eps=12 rep=6/9: frame progress 50/100 (50.0%)
[2026-03-01 14:53:07] eps=15 rep=6/10: frame progress 40/100 (40.0%)
[2026-03-01 14:53:08] eps=15 rep=7/10: frame progress 40/100 (40.0%)
[2026-03-01 14:53:08] eps=15 rep=8/10: frame progress 40/100 (40.0%)
[2026-03-01 14:53:08] eps=15 rep=9/10: frame progress 40/100 (40.0%)
[2026-03-01 14:53:09] eps=12 rep=7/9: frame progress 50/100 (50.0%)
[2026-03-01 14:53:09] eps=12 rep=8/9: frame progress 50/100 (50.0%)
[2026-03-01 14:53:09] eps=12 rep=9/9: frame progress 50/100 (50.0%)
[2026-03-01 14:53:10] eps=15 rep=1/10: frame progress 50/100 (50.0%)
[2026-03-01 14:53:10] eps=15 rep=2/10: frame progress 50/100 (50.0%)
[2026-03-01 14:53:10] eps=15 rep=3/10: frame progress 50/100 (50.0%)
[2026-03-01 14:53:10] eps=15 rep=4/10: frame progress 50/100 (50.0%)
[2026-03-01 14:53:10] eps=15 rep=5/10: frame progress 50/100 (50.0%)
[2026-03-01 14:53:10] eps=12 rep=3/9: frame progress 60/100 (60.0%)
[2026-03-01 14:53:10] eps=12 rep=4/9: frame progress 60/100 (60.0%)
[2026-03-01 14:53:11] eps=12 rep=5/9: frame progress 60/100 (60.0%)
[2026-03-01 14:53:11] eps=12 rep=6/9: frame progress 60/100 (60.0%)
[2026-03-01 14:53:11] eps=15 rep=6/10: frame progress 50/100 (50.0%)
[2026-03-01 14:53:11] eps=15 rep=7/10: frame progress 50/100 (50.0%)
[2026-03-01 14:53:12] eps=15 rep=8/10: frame progress 50/100 (50.0%)
[2026-03-01 14:53:12] eps=15 rep=9/10: frame progress 50/100 (50.0%)
[2026-03-01 14:53:12] eps=12 rep=8/9: frame progress 60/100 (60.0%)
[2026-03-01 14:53:12] eps=12 rep=7/9: frame progress 60/100 (60.0%)
[2026-03-01 14:53:13] eps=12 rep=9/9: frame progress 60/100 (60.0%)
[2026-03-01 14:53:13] eps=15 rep=2/10: frame progress 60/100 (60.0%)
[2026-03-01 14:53:13] eps=15 rep=1/10: frame progress 60/100 (60.0%)
[2026-03-01 14:53:13] eps=15 rep=3/10: frame progress 60/100 (60.0%)
[2026-03-01 14:53:14] eps=15 rep=4/10: frame progress 60/100 (60.0%)
[2026-03-01 14:53:14] eps=15 rep=5/10: frame progress 60/100 (60.0%)
[2026-03-01 14:53:14] eps=12 rep=3/9: frame progress 70/100 (70.0%)
[2026-03-01 14:53:14] eps=12 rep=4/9: frame progress 70/100 (70.0%)
[2026-03-01 14:53:14] eps=12 rep=5/9: frame progress 70/100 (70.0%)
[2026-03-01 14:53:14] eps=12 rep=6/9: frame progress 70/100 (70.0%)
[2026-03-01 14:53:15] eps=15 rep=6/10: frame progress 60/100 (60.0%)
[2026-03-01 14:53:15] eps=15 rep=7/10: frame progress 60/100 (60.0%)
[2026-03-01 14:53:15] eps=15 rep=8/10: frame progress 60/100 (60.0%)
[2026-03-01 14:53:16] eps=15 rep=9/10: frame progress 60/100 (60.0%)
[2026-03-01 14:53:16] eps=12 rep=8/9: frame progress 70/100 (70.0%)
[2026-03-01 14:53:16] eps=12 rep=7/9: frame progress 70/100 (70.0%)
[2026-03-01 14:53:16] eps=12 rep=9/9: frame progress 70/100 (70.0%)
[2026-03-01 14:53:17] eps=15 rep=2/10: frame progress 70/100 (70.0%)
[2026-03-01 14:53:17] eps=15 rep=1/10: frame progress 70/100 (70.0%)
[2026-03-01 14:53:17] eps=15 rep=3/10: frame progress 70/100 (70.0%)
[2026-03-01 14:53:17] eps=15 rep=4/10: frame progress 70/100 (70.0%)
[2026-03-01 14:53:17] eps=12 rep=3/9: frame progress 80/100 (80.0%)
[2026-03-01 14:53:17] eps=15 rep=5/10: frame progress 70/100 (70.0%)
[2026-03-01 14:53:18] eps=12 rep=4/9: frame progress 80/100 (80.0%)
[2026-03-01 14:53:18] eps=12 rep=5/9: frame progress 80/100 (80.0%)
[2026-03-01 14:53:18] eps=12 rep=6/9: frame progress 80/100 (80.0%)
[2026-03-01 14:53:18] eps=15 rep=6/10: frame progress 70/100 (70.0%)
[2026-03-01 14:53:19] eps=15 rep=7/10: frame progress 70/100 (70.0%)
[2026-03-01 14:53:19] eps=15 rep=8/10: frame progress 70/100 (70.0%)
[2026-03-01 14:53:19] eps=12 rep=8/9: frame progress 80/100 (80.0%)
[2026-03-01 14:53:19] eps=12 rep=7/9: frame progress 80/100 (80.0%)
[2026-03-01 14:53:19] eps=15 rep=9/10: frame progress 70/100 (70.0%)
[2026-03-01 14:53:20] eps=12 rep=9/9: frame progress 80/100 (80.0%)
[2026-03-01 14:53:21] eps=15 rep=2/10: frame progress 80/100 (80.0%)
[2026-03-01 14:53:21] eps=15 rep=1/10: frame progress 80/100 (80.0%)
[2026-03-01 14:53:21] eps=15 rep=3/10: frame progress 80/100 (80.0%)
[2026-03-01 14:53:21] eps=12 rep=3/9: frame progress 90/100 (90.0%)
[2026-03-01 14:53:21] eps=15 rep=4/10: frame progress 80/100 (80.0%)
[2026-03-01 14:53:21] eps=15 rep=5/10: frame progress 80/100 (80.0%)
[2026-03-01 14:53:21] eps=12 rep=4/9: frame progress 90/100 (90.0%)
[2026-03-01 14:53:21] eps=12 rep=5/9: frame progress 90/100 (90.0%)
[2026-03-01 14:53:21] eps=12 rep=6/9: frame progress 90/100 (90.0%)
[2026-03-01 14:53:22] eps=15 rep=6/10: frame progress 80/100 (80.0%)
[2026-03-01 14:53:22] eps=15 rep=7/10: frame progress 80/100 (80.0%)
[2026-03-01 14:53:23] eps=15 rep=8/10: frame progress 80/100 (80.0%)
[2026-03-01 14:53:23] eps=12 rep=8/9: frame progress 90/100 (90.0%)
[2026-03-01 14:53:23] eps=12 rep=7/9: frame progress 90/100 (90.0%)
[2026-03-01 14:53:23] eps=15 rep=9/10: frame progress 80/100 (80.0%)
[2026-03-01 14:53:24] eps=12 rep=9/9: frame progress 90/100 (90.0%)
[2026-03-01 14:53:24] eps=15 rep=2/10: frame progress 90/100 (90.0%)
[2026-03-01 14:53:24] eps=15 rep=3/10: frame progress 90/100 (90.0%)
[2026-03-01 14:53:24] eps=15 rep=1/10: frame progress 90/100 (90.0%)
[2026-03-01 14:53:24] eps=12 rep=3/9: frame progress 100/100 (100.0%)
[2026-03-01 14:53:25] eps=15 rep=4/10: frame progress 90/100 (90.0%)
[2026-03-01 14:53:25] eps=15 rep=5/10: frame progress 90/100 (90.0%)
[2026-03-01 14:53:25] eps=12 rep=4/9: frame progress 100/100 (100.0%)
[2026-03-01 14:53:25] eps=12 rep=5/9: frame progress 100/100 (100.0%)
[2026-03-01 14:53:25] eps=12 rep=6/9: frame progress 100/100 (100.0%)
[2026-03-01 14:53:25] eps=12 rep=3/9: done
[2026-03-01 14:53:25] eps=15 rep=10/10: start (eps_15/rep_001/trajectory.gsd)
[2026-03-01 14:53:26] eps=12 rep=4/9: done
[2026-03-01 14:53:26] eps=18 rep=1/10: start (eps_18/rep_004/trajectory.gsd)
[2026-03-01 14:53:26] eps=12 rep=5/9: done
[2026-03-01 14:53:26] eps=18 rep=2/10: start (eps_18/rep_003/trajectory.gsd)
[2026-03-01 14:53:26] eps=12 rep=6/9: done
[2026-03-01 14:53:26] eps=18 rep=3/10: start (eps_18/rep_007/trajectory.gsd)
[2026-03-01 14:53:26] eps=15 rep=6/10: frame progress 90/100 (90.0%)
[2026-03-01 14:53:26] eps=15 rep=7/10: frame progress 90/100 (90.0%)
[2026-03-01 14:53:26] eps=15 rep=8/10: frame progress 90/100 (90.0%)
[2026-03-01 14:53:27] eps=12 rep=8/9: frame progress 100/100 (100.0%)
[2026-03-01 14:53:27] eps=12 rep=7/9: frame progress 100/100 (100.0%)
[2026-03-01 14:53:27] eps=15 rep=9/10: frame progress 90/100 (90.0%)
[2026-03-01 14:53:27] eps=12 rep=9/9: frame progress 100/100 (100.0%)
[2026-03-01 14:53:27] eps=12 rep=8/9: done
[2026-03-01 14:53:27] eps=18 rep=4/10: start (eps_18/rep_006/trajectory.gsd)
[2026-03-01 14:53:27] eps=12 rep=7/9: done
[2026-03-01 14:53:27] eps=18 rep=5/10: start (eps_18/rep_005/trajectory.gsd)
[2026-03-01 14:53:28] eps=15 rep=2/10: frame progress 100/100 (100.0%)
[2026-03-01 14:53:28] eps=12 rep=9/9: done
[2026-03-01 14:53:28] eps=18 rep=6/10: start (eps_18/rep_010/trajectory.gsd)
[2026-03-01 14:53:28] eps=15 rep=3/10: frame progress 100/100 (100.0%)
[2026-03-01 14:53:28] eps=15 rep=1/10: frame progress 100/100 (100.0%)
[2026-03-01 14:53:28] eps=15 rep=4/10: frame progress 100/100 (100.0%)
[2026-03-01 14:53:28] eps=15 rep=5/10: frame progress 100/100 (100.0%)
[2026-03-01 14:53:28] eps=15 rep=10/10: frame progress 10/100 (10.0%)
[2026-03-01 14:53:29] eps=15 rep=2/10: done
[2026-03-01 14:53:29] eps=18 rep=7/10: start (eps_18/rep_009/trajectory.gsd)
[2026-03-01 14:53:29] eps=15 rep=3/10: done
[2026-03-01 14:53:29] eps=18 rep=8/10: start (eps_18/rep_008/trajectory.gsd)
[2026-03-01 14:53:29] eps=15 rep=1/10: done
[2026-03-01 14:53:29] eps=18 rep=9/10: start (eps_18/rep_002/trajectory.gsd)
[2026-03-01 14:53:29] eps=18 rep=1/10: frame progress 10/100 (10.0%)
[2026-03-01 14:53:29] eps=15 rep=4/10: done
[2026-03-01 14:53:29] eps=18 rep=10/10: start (eps_18/rep_001/trajectory.gsd)
[2026-03-01 14:53:29] eps=15 rep=5/10: done
[2026-03-01 14:53:29] eps=18 rep=2/10: frame progress 10/100 (10.0%)
[2026-03-01 14:53:29] eps=18 rep=3/10: frame progress 10/100 (10.0%)
[2026-03-01 14:53:30] eps=15 rep=6/10: frame progress 100/100 (100.0%)
[2026-03-01 14:53:30] eps=15 rep=8/10: frame progress 100/100 (100.0%)
[2026-03-01 14:53:30] eps=15 rep=7/10: frame progress 100/100 (100.0%)
[2026-03-01 14:53:30] eps=15 rep=6/10: done
[2026-03-01 14:53:31] eps=15 rep=9/10: frame progress 100/100 (100.0%)
[2026-03-01 14:53:31] eps=18 rep=4/10: frame progress 10/100 (10.0%)
[2026-03-01 14:53:31] eps=15 rep=8/10: done
[2026-03-01 14:53:31] eps=15 rep=7/10: done
[2026-03-01 14:53:31] eps=18 rep=5/10: frame progress 10/100 (10.0%)
[2026-03-01 14:53:31] eps=15 rep=9/10: done
[2026-03-01 14:53:31] eps=18 rep=6/10: frame progress 10/100 (10.0%)
[2026-03-01 14:53:32] eps=15 rep=10/10: frame progress 20/100 (20.0%)
[2026-03-01 14:53:32] eps=18 rep=7/10: frame progress 10/100 (10.0%)
[2026-03-01 14:53:32] eps=18 rep=8/10: frame progress 10/100 (10.0%)
[2026-03-01 14:53:32] eps=18 rep=1/10: frame progress 20/100 (20.0%)
[2026-03-01 14:53:32] eps=18 rep=9/10: frame progress 10/100 (10.0%)
[2026-03-01 14:53:32] eps=18 rep=10/10: frame progress 10/100 (10.0%)
[2026-03-01 14:53:32] eps=18 rep=2/10: frame progress 20/100 (20.0%)
[2026-03-01 14:53:32] eps=18 rep=3/10: frame progress 20/100 (20.0%)
[2026-03-01 14:53:34] eps=18 rep=4/10: frame progress 20/100 (20.0%)
[2026-03-01 14:53:34] eps=18 rep=5/10: frame progress 20/100 (20.0%)
[2026-03-01 14:53:35] eps=18 rep=6/10: frame progress 20/100 (20.0%)
[2026-03-01 14:53:35] eps=18 rep=7/10: frame progress 20/100 (20.0%)
[2026-03-01 14:53:35] eps=15 rep=10/10: frame progress 30/100 (30.0%)
[2026-03-01 14:53:35] eps=18 rep=8/10: frame progress 20/100 (20.0%)
[2026-03-01 14:53:35] eps=18 rep=10/10: frame progress 20/100 (20.0%)
[2026-03-01 14:53:35] eps=18 rep=1/10: frame progress 30/100 (30.0%)
[2026-03-01 14:53:35] eps=18 rep=9/10: frame progress 20/100 (20.0%)
[2026-03-01 14:53:36] eps=18 rep=2/10: frame progress 30/100 (30.0%)
[2026-03-01 14:53:36] eps=18 rep=3/10: frame progress 30/100 (30.0%)
[2026-03-01 14:53:37] eps=18 rep=4/10: frame progress 30/100 (30.0%)
[2026-03-01 14:53:37] eps=18 rep=5/10: frame progress 30/100 (30.0%)
[2026-03-01 14:53:38] eps=18 rep=6/10: frame progress 30/100 (30.0%)
[2026-03-01 14:53:38] eps=18 rep=7/10: frame progress 30/100 (30.0%)
[2026-03-01 14:53:38] eps=15 rep=10/10: frame progress 40/100 (40.0%)
[2026-03-01 14:53:39] eps=18 rep=8/10: frame progress 30/100 (30.0%)
[2026-03-01 14:53:39] eps=18 rep=10/10: frame progress 30/100 (30.0%)
[2026-03-01 14:53:39] eps=18 rep=9/10: frame progress 30/100 (30.0%)
[2026-03-01 14:53:39] eps=18 rep=1/10: frame progress 40/100 (40.0%)
[2026-03-01 14:53:39] eps=18 rep=2/10: frame progress 40/100 (40.0%)
[2026-03-01 14:53:39] eps=18 rep=3/10: frame progress 40/100 (40.0%)
[2026-03-01 14:53:40] eps=18 rep=4/10: frame progress 40/100 (40.0%)
[2026-03-01 14:53:41] eps=18 rep=5/10: frame progress 40/100 (40.0%)
[2026-03-01 14:53:41] eps=18 rep=6/10: frame progress 40/100 (40.0%)
[2026-03-01 14:53:42] eps=18 rep=7/10: frame progress 40/100 (40.0%)
[2026-03-01 14:53:42] eps=15 rep=10/10: frame progress 50/100 (50.0%)
[2026-03-01 14:53:42] eps=18 rep=8/10: frame progress 40/100 (40.0%)
[2026-03-01 14:53:42] eps=18 rep=10/10: frame progress 40/100 (40.0%)
[2026-03-01 14:53:42] eps=18 rep=9/10: frame progress 40/100 (40.0%)
[2026-03-01 14:53:42] eps=18 rep=1/10: frame progress 50/100 (50.0%)
[2026-03-01 14:53:43] eps=18 rep=2/10: frame progress 50/100 (50.0%)
[2026-03-01 14:53:43] eps=18 rep=3/10: frame progress 50/100 (50.0%)
[2026-03-01 14:53:44] eps=18 rep=4/10: frame progress 50/100 (50.0%)
[2026-03-01 14:53:44] eps=18 rep=5/10: frame progress 50/100 (50.0%)
[2026-03-01 14:53:45] eps=18 rep=6/10: frame progress 50/100 (50.0%)
[2026-03-01 14:53:45] eps=18 rep=7/10: frame progress 50/100 (50.0%)
[2026-03-01 14:53:45] eps=15 rep=10/10: frame progress 60/100 (60.0%)
[2026-03-01 14:53:45] eps=18 rep=8/10: frame progress 50/100 (50.0%)
[2026-03-01 14:53:46] eps=18 rep=10/10: frame progress 50/100 (50.0%)
[2026-03-01 14:53:46] eps=18 rep=9/10: frame progress 50/100 (50.0%)
[2026-03-01 14:53:46] eps=18 rep=1/10: frame progress 60/100 (60.0%)
[2026-03-01 14:53:46] eps=18 rep=2/10: frame progress 60/100 (60.0%)
[2026-03-01 14:53:46] eps=18 rep=3/10: frame progress 60/100 (60.0%)
[2026-03-01 14:53:47] eps=18 rep=4/10: frame progress 60/100 (60.0%)
[2026-03-01 14:53:48] eps=18 rep=5/10: frame progress 60/100 (60.0%)
[2026-03-01 14:53:48] eps=18 rep=6/10: frame progress 60/100 (60.0%)
[2026-03-01 14:53:49] eps=18 rep=7/10: frame progress 60/100 (60.0%)
[2026-03-01 14:53:49] eps=15 rep=10/10: frame progress 70/100 (70.0%)
[2026-03-01 14:53:49] eps=18 rep=8/10: frame progress 60/100 (60.0%)
[2026-03-01 14:53:49] eps=18 rep=10/10: frame progress 60/100 (60.0%)
[2026-03-01 14:53:49] eps=18 rep=1/10: frame progress 70/100 (70.0%)
[2026-03-01 14:53:49] eps=18 rep=9/10: frame progress 60/100 (60.0%)
[2026-03-01 14:53:50] eps=18 rep=2/10: frame progress 70/100 (70.0%)
[2026-03-01 14:53:50] eps=18 rep=3/10: frame progress 70/100 (70.0%)
[2026-03-01 14:53:51] eps=18 rep=4/10: frame progress 70/100 (70.0%)
[2026-03-01 14:53:51] eps=18 rep=5/10: frame progress 70/100 (70.0%)
[2026-03-01 14:53:52] eps=18 rep=6/10: frame progress 70/100 (70.0%)
[2026-03-01 14:53:52] eps=18 rep=7/10: frame progress 70/100 (70.0%)
[2026-03-01 14:53:52] eps=18 rep=8/10: frame progress 70/100 (70.0%)
[2026-03-01 14:53:52] eps=15 rep=10/10: frame progress 80/100 (80.0%)
[2026-03-01 14:53:53] eps=18 rep=10/10: frame progress 70/100 (70.0%)
[2026-03-01 14:53:53] eps=18 rep=1/10: frame progress 80/100 (80.0%)
[2026-03-01 14:53:53] eps=18 rep=9/10: frame progress 70/100 (70.0%)
[2026-03-01 14:53:53] eps=18 rep=3/10: frame progress 80/100 (80.0%)
[2026-03-01 14:53:53] eps=18 rep=2/10: frame progress 80/100 (80.0%)
[2026-03-01 14:53:54] eps=18 rep=4/10: frame progress 80/100 (80.0%)
[2026-03-01 14:53:55] eps=18 rep=5/10: frame progress 80/100 (80.0%)
[2026-03-01 14:53:55] eps=18 rep=6/10: frame progress 80/100 (80.0%)
[2026-03-01 14:53:56] eps=18 rep=7/10: frame progress 80/100 (80.0%)
[2026-03-01 14:53:56] eps=18 rep=8/10: frame progress 80/100 (80.0%)
[2026-03-01 14:53:56] eps=15 rep=10/10: frame progress 90/100 (90.0%)
[2026-03-01 14:53:56] eps=18 rep=10/10: frame progress 80/100 (80.0%)
[2026-03-01 14:53:56] eps=18 rep=1/10: frame progress 90/100 (90.0%)
[2026-03-01 14:53:56] eps=18 rep=9/10: frame progress 80/100 (80.0%)
[2026-03-01 14:53:57] eps=18 rep=3/10: frame progress 90/100 (90.0%)
[2026-03-01 14:53:57] eps=18 rep=2/10: frame progress 90/100 (90.0%)
[2026-03-01 14:53:58] eps=18 rep=4/10: frame progress 90/100 (90.0%)
[2026-03-01 14:53:58] eps=18 rep=5/10: frame progress 90/100 (90.0%)
[2026-03-01 14:53:59] eps=18 rep=6/10: frame progress 90/100 (90.0%)
[2026-03-01 14:53:59] eps=18 rep=7/10: frame progress 90/100 (90.0%)
[2026-03-01 14:53:59] eps=18 rep=8/10: frame progress 90/100 (90.0%)
[2026-03-01 14:53:59] eps=15 rep=10/10: frame progress 100/100 (100.0%)
[2026-03-01 14:54:00] eps=18 rep=10/10: frame progress 90/100 (90.0%)
[2026-03-01 14:54:00] eps=18 rep=1/10: frame progress 100/100 (100.0%)
[2026-03-01 14:54:00] eps=15 rep=10/10: done
[2026-03-01 14:54:00] eps=18 rep=9/10: frame progress 90/100 (90.0%)
[2026-03-01 14:54:00] eps=18 rep=3/10: frame progress 100/100 (100.0%)
[2026-03-01 14:54:00] eps=18 rep=2/10: frame progress 100/100 (100.0%)
[2026-03-01 14:54:01] eps=18 rep=1/10: done
[2026-03-01 14:54:01] eps=18 rep=3/10: done
[2026-03-01 14:54:01] eps=18 rep=2/10: done
[2026-03-01 14:54:01] eps=18 rep=4/10: frame progress 100/100 (100.0%)
[2026-03-01 14:54:02] eps=18 rep=5/10: frame progress 100/100 (100.0%)
[2026-03-01 14:54:02] eps=18 rep=4/10: done
[2026-03-01 14:54:02] eps=18 rep=5/10: done
[2026-03-01 14:54:02] eps=18 rep=6/10: frame progress 100/100 (100.0%)
[2026-03-01 14:54:03] eps=18 rep=7/10: frame progress 100/100 (100.0%)
[2026-03-01 14:54:03] eps=18 rep=8/10: frame progress 100/100 (100.0%)
[2026-03-01 14:54:03] eps=18 rep=6/10: done
[2026-03-01 14:54:03] eps=18 rep=10/10: frame progress 100/100 (100.0%)
[2026-03-01 14:54:03] eps=18 rep=7/10: done
[2026-03-01 14:54:04] eps=18 rep=8/10: done
[2026-03-01 14:54:04] eps=18 rep=9/10: frame progress 100/100 (100.0%)
[2026-03-01 14:54:04] eps=18 rep=10/10: done
[2026-03-01 14:54:04] eps=18 rep=9/10: done
[2026-03-01 14:54:04] Completed parallel analysis for 59 runs
[2026-03-01 14:54:04] Aggregating epsilon group 1/6: eps=3, replicates=10
[2026-03-01 14:54:04] Writing outputs for eps=3 to /scratch/gpfs/WEBB/chertok/REACTIVELJ_PAPER/simulation_package/melt/analysis/results/eps_3
[2026-03-01 14:54:05] Finished epsilon group eps=3
[2026-03-01 14:54:05] Aggregating epsilon group 2/6: eps=6, replicates=10
[2026-03-01 14:54:05] Writing outputs for eps=6 to /scratch/gpfs/WEBB/chertok/REACTIVELJ_PAPER/simulation_package/melt/analysis/results/eps_6
[2026-03-01 14:54:05] Finished epsilon group eps=6
[2026-03-01 14:54:05] Aggregating epsilon group 3/6: eps=9, replicates=10
[2026-03-01 14:54:05] Writing outputs for eps=9 to /scratch/gpfs/WEBB/chertok/REACTIVELJ_PAPER/simulation_package/melt/analysis/results/eps_9
[2026-03-01 14:54:05] Finished epsilon group eps=9
[2026-03-01 14:54:05] Aggregating epsilon group 4/6: eps=12, replicates=9
[2026-03-01 14:54:05] Writing outputs for eps=12 to /scratch/gpfs/WEBB/chertok/REACTIVELJ_PAPER/simulation_package/melt/analysis/results/eps_12
[2026-03-01 14:54:05] Finished epsilon group eps=12
[2026-03-01 14:54:05] Aggregating epsilon group 5/6: eps=15, replicates=10
[2026-03-01 14:54:05] Writing outputs for eps=15 to /scratch/gpfs/WEBB/chertok/REACTIVELJ_PAPER/simulation_package/melt/analysis/results/eps_15
[2026-03-01 14:54:06] Finished epsilon group eps=15
[2026-03-01 14:54:06] Aggregating epsilon group 6/6: eps=18, replicates=10
[2026-03-01 14:54:06] Writing outputs for eps=18 to /scratch/gpfs/WEBB/chertok/REACTIVELJ_PAPER/simulation_package/melt/analysis/results/eps_18
[2026-03-01 14:54:06] Finished epsilon group eps=18
[2026-03-01 14:54:06] Wrote /scratch/gpfs/WEBB/chertok/REACTIVELJ_PAPER/simulation_package/melt/analysis/results/summary.json
[2026-03-01 14:54:06] Wrote /scratch/gpfs/WEBB/chertok/REACTIVELJ_PAPER/simulation_package/melt/analysis/results/summary.csv
[2026-03-01 14:54:08] Analysis complete
[2026-03-01 14:54:09] Step 7/8 complete: Analysis finished in 145 seconds
[2026-03-01 14:54:09] Step 8/8: Job complete in 147 seconds total
