[2026-03-02 21:08:34] Step 1/8: Purging modules
[2026-03-02 21:08:34] Step 2/8: Sourcing ~/.bashrc
[2026-03-02 21:08:35] Step 3/8: Loading anaconda module
[2026-03-02 21:08:35] Step 4/8: Activating conda environment
[2026-03-02 21:08:36] Step 5/8: Changing directory to /scratch/gpfs/WEBB/chertok/REACTIVELJ_PAPER/simulation_package/melt
[2026-03-02 21:08:36] Step 6/8: Ensuring logs directory exists
[2026-03-02 21:08:36] Step 7/8: Starting trajectory analysis
[2026-03-02 21:08:37] Scanning trajectories under /scratch/gpfs/WEBB/chertok/REACTIVELJ_PAPER/simulation_package/melt/data_generation/outputs
[2026-03-02 21:08:37] Discovered 59 trajectory/metadata pairs
[2026-03-02 21:08:37] Grouped runs into 6 epsilon values
[2026-03-02 21:08:37] Queueing epsilon group 1/6: eps=3, replicates=10
[2026-03-02 21:08:37] Queueing epsilon group 2/6: eps=6, replicates=10
[2026-03-02 21:08:37] Queueing epsilon group 3/6: eps=9, replicates=10
[2026-03-02 21:08:37] Queueing epsilon group 4/6: eps=12, replicates=9
[2026-03-02 21:08:37] Queueing epsilon group 5/6: eps=15, replicates=10
[2026-03-02 21:08:37] Queueing epsilon group 6/6: eps=18, replicates=10
[2026-03-02 21:08:37] Starting parallel analysis with 64 workers on 59 runs
[2026-03-02 21:08:38] eps=3 rep=3/10: start (eps_3/rep_007/trajectory.gsd)
[2026-03-02 21:08:38] eps=3 rep=7/10: start (eps_3/rep_009/trajectory.gsd)
[2026-03-02 21:08:38] eps=3 rep=2/10: start (eps_3/rep_003/trajectory.gsd)
[2026-03-02 21:08:38] eps=3 rep=6/10: start (eps_3/rep_010/trajectory.gsd)
[2026-03-02 21:08:38] eps=3 rep=9/10: start (eps_3/rep_002/trajectory.gsd)
[2026-03-02 21:08:38] eps=3 rep=5/10: start (eps_3/rep_005/trajectory.gsd)
[2026-03-02 21:08:38] eps=3 rep=10/10: start (eps_3/rep_001/trajectory.gsd)
[2026-03-02 21:08:38] eps=6 rep=1/10: start (eps_6/rep_004/trajectory.gsd)
[2026-03-02 21:08:38] eps=3 rep=8/10: start (eps_3/rep_008/trajectory.gsd)
[2026-03-02 21:08:38] eps=6 rep=2/10: start (eps_6/rep_003/trajectory.gsd)
[2026-03-02 21:08:38] eps=6 rep=6/10: start (eps_6/rep_010/trajectory.gsd)
[2026-03-02 21:08:38] eps=6 rep=5/10: start (eps_6/rep_005/trajectory.gsd)
[2026-03-02 21:08:38] eps=6 rep=3/10: start (eps_6/rep_007/trajectory.gsd)
[2026-03-02 21:08:38] eps=6 rep=7/10: start (eps_6/rep_009/trajectory.gsd)
[2026-03-02 21:08:38] eps=9 rep=2/10: start (eps_9/rep_003/trajectory.gsd)
[2026-03-02 21:08:38] eps=3 rep=1/10: start (eps_3/rep_004/trajectory.gsd)
[2026-03-02 21:08:38] eps=3 rep=4/10: start (eps_3/rep_006/trajectory.gsd)
[2026-03-02 21:08:38] eps=9 rep=6/10: start (eps_9/rep_010/trajectory.gsd)
[2026-03-02 21:08:38] eps=9 rep=1/10: start (eps_9/rep_004/trajectory.gsd)
[2026-03-02 21:08:38] eps=9 rep=4/10: start (eps_9/rep_006/trajectory.gsd)
[2026-03-02 21:08:38] eps=6 rep=9/10: start (eps_6/rep_002/trajectory.gsd)
[2026-03-02 21:08:38] eps=12 rep=3/9: start (eps_12/rep_007/trajectory.gsd)
[2026-03-02 21:08:38] eps=6 rep=10/10: start (eps_6/rep_001/trajectory.gsd)
[2026-03-02 21:08:38] eps=9 rep=8/10: start (eps_9/rep_008/trajectory.gsd)
[2026-03-02 21:08:38] eps=9 rep=5/10: start (eps_9/rep_005/trajectory.gsd)
[2026-03-02 21:08:38] eps=9 rep=7/10: start (eps_9/rep_009/trajectory.gsd)
[2026-03-02 21:08:38] eps=9 rep=3/10: start (eps_9/rep_007/trajectory.gsd)
[2026-03-02 21:08:38] eps=12 rep=1/9: start (eps_12/rep_004/trajectory.gsd)
[2026-03-02 21:08:38] eps=9 rep=9/10: start (eps_9/rep_002/trajectory.gsd)
[2026-03-02 21:08:38] eps=9 rep=10/10: start (eps_9/rep_001/trajectory.gsd)
[2026-03-02 21:08:38] eps=6 rep=4/10: start (eps_6/rep_006/trajectory.gsd)
[2026-03-02 21:08:38] eps=12 rep=4/9: start (eps_12/rep_006/trajectory.gsd)
[2026-03-02 21:08:38] eps=6 rep=8/10: start (eps_6/rep_008/trajectory.gsd)
[2026-03-02 21:08:38] eps=12 rep=2/9: start (eps_12/rep_003/trajectory.gsd)
[2026-03-02 21:08:38] eps=12 rep=6/9: start (eps_12/rep_010/trajectory.gsd)
[2026-03-02 21:08:38] eps=12 rep=5/9: start (eps_12/rep_005/trajectory.gsd)
[2026-03-02 21:08:38] eps=12 rep=8/9: start (eps_12/rep_002/trajectory.gsd)
[2026-03-02 21:08:38] eps=12 rep=7/9: start (eps_12/rep_009/trajectory.gsd)
[2026-03-02 21:08:38] eps=12 rep=9/9: start (eps_12/rep_001/trajectory.gsd)
[2026-03-02 21:08:38] eps=15 rep=5/10: start (eps_15/rep_005/trajectory.gsd)
[2026-03-02 21:08:38] eps=15 rep=2/10: start (eps_15/rep_003/trajectory.gsd)
[2026-03-02 21:08:38] eps=15 rep=4/10: start (eps_15/rep_006/trajectory.gsd)
[2026-03-02 21:08:38] eps=15 rep=6/10: start (eps_15/rep_010/trajectory.gsd)
[2026-03-02 21:08:38] eps=15 rep=3/10: start (eps_15/rep_007/trajectory.gsd)
[2026-03-02 21:08:38] eps=15 rep=9/10: start (eps_15/rep_002/trajectory.gsd)
[2026-03-02 21:08:38] eps=15 rep=7/10: start (eps_15/rep_009/trajectory.gsd)
[2026-03-02 21:08:38] eps=15 rep=10/10: start (eps_15/rep_001/trajectory.gsd)
[2026-03-02 21:08:38] eps=18 rep=3/10: start (eps_18/rep_007/trajectory.gsd)
[2026-03-02 21:08:38] eps=15 rep=1/10: start (eps_15/rep_004/trajectory.gsd)
[2026-03-02 21:08:38] eps=18 rep=6/10: start (eps_18/rep_010/trajectory.gsd)
[2026-03-02 21:08:38] eps=18 rep=1/10: start (eps_18/rep_004/trajectory.gsd)
[2026-03-02 21:08:38] eps=18 rep=9/10: start (eps_18/rep_002/trajectory.gsd)
[2026-03-02 21:08:38] eps=18 rep=2/10: start (eps_18/rep_003/trajectory.gsd)
[2026-03-02 21:08:38] eps=18 rep=5/10: start (eps_18/rep_005/trajectory.gsd)
[2026-03-02 21:08:38] eps=18 rep=7/10: start (eps_18/rep_009/trajectory.gsd)
[2026-03-02 21:08:38] eps=15 rep=8/10: start (eps_15/rep_008/trajectory.gsd)
[2026-03-02 21:08:38] eps=18 rep=10/10: start (eps_18/rep_001/trajectory.gsd)
[2026-03-02 21:08:38] eps=18 rep=4/10: start (eps_18/rep_006/trajectory.gsd)
[2026-03-02 21:08:38] eps=18 rep=8/10: start (eps_18/rep_008/trajectory.gsd)
[2026-03-02 21:08:41] eps=3 rep=3/10: frame progress 10/100 (10.0%)
[2026-03-02 21:08:41] eps=3 rep=1/10: frame progress 10/100 (10.0%)
[2026-03-02 21:08:41] eps=6 rep=5/10: frame progress 10/100 (10.0%)
[2026-03-02 21:08:41] eps=3 rep=10/10: frame progress 10/100 (10.0%)
[2026-03-02 21:08:41] eps=3 rep=2/10: frame progress 10/100 (10.0%)
[2026-03-02 21:08:41] eps=3 rep=9/10: frame progress 10/100 (10.0%)
[2026-03-02 21:08:41] eps=3 rep=6/10: frame progress 10/100 (10.0%)
[2026-03-02 21:08:41] eps=6 rep=8/10: frame progress 10/100 (10.0%)
[2026-03-02 21:08:41] eps=3 rep=7/10: frame progress 10/100 (10.0%)
[2026-03-02 21:08:41] eps=3 rep=8/10: frame progress 10/100 (10.0%)
[2026-03-02 21:08:41] eps=3 rep=4/10: frame progress 10/100 (10.0%)
[2026-03-02 21:08:41] eps=3 rep=5/10: frame progress 10/100 (10.0%)
[2026-03-02 21:08:41] eps=9 rep=4/10: frame progress 10/100 (10.0%)
[2026-03-02 21:08:41] eps=9 rep=10/10: frame progress 10/100 (10.0%)
[2026-03-02 21:08:41] eps=9 rep=5/10: frame progress 10/100 (10.0%)
[2026-03-02 21:08:41] eps=6 rep=6/10: frame progress 10/100 (10.0%)
[2026-03-02 21:08:41] eps=6 rep=7/10: frame progress 10/100 (10.0%)
[2026-03-02 21:08:41] eps=6 rep=2/10: frame progress 10/100 (10.0%)
[2026-03-02 21:08:41] eps=6 rep=3/10: frame progress 10/100 (10.0%)
[2026-03-02 21:08:41] eps=6 rep=9/10: frame progress 10/100 (10.0%)
[2026-03-02 21:08:41] eps=6 rep=10/10: frame progress 10/100 (10.0%)
[2026-03-02 21:08:41] eps=15 rep=9/10: frame progress 10/100 (10.0%)
[2026-03-02 21:08:41] eps=6 rep=4/10: frame progress 10/100 (10.0%)
[2026-03-02 21:08:41] eps=9 rep=1/10: frame progress 10/100 (10.0%)
[2026-03-02 21:08:41] eps=9 rep=6/10: frame progress 10/100 (10.0%)
[2026-03-02 21:08:41] eps=6 rep=1/10: frame progress 10/100 (10.0%)
[2026-03-02 21:08:41] eps=9 rep=7/10: frame progress 10/100 (10.0%)
[2026-03-02 21:08:41] eps=9 rep=9/10: frame progress 10/100 (10.0%)
[2026-03-02 21:08:41] eps=12 rep=1/9: frame progress 10/100 (10.0%)
[2026-03-02 21:08:41] eps=9 rep=8/10: frame progress 10/100 (10.0%)
[2026-03-02 21:08:41] eps=9 rep=2/10: frame progress 10/100 (10.0%)
[2026-03-02 21:08:41] eps=9 rep=3/10: frame progress 10/100 (10.0%)
[2026-03-02 21:08:41] eps=12 rep=4/9: frame progress 10/100 (10.0%)
[2026-03-02 21:08:41] eps=12 rep=3/9: frame progress 10/100 (10.0%)
[2026-03-02 21:08:41] eps=12 rep=2/9: frame progress 10/100 (10.0%)
[2026-03-02 21:08:41] eps=12 rep=9/9: frame progress 10/100 (10.0%)
[2026-03-02 21:08:41] eps=15 rep=4/10: frame progress 10/100 (10.0%)
[2026-03-02 21:08:41] eps=12 rep=8/9: frame progress 10/100 (10.0%)
[2026-03-02 21:08:41] eps=15 rep=6/10: frame progress 10/100 (10.0%)
[2026-03-02 21:08:41] eps=15 rep=5/10: frame progress 10/100 (10.0%)
[2026-03-02 21:08:41] eps=15 rep=10/10: frame progress 10/100 (10.0%)
[2026-03-02 21:08:41] eps=15 rep=2/10: frame progress 10/100 (10.0%)
[2026-03-02 21:08:41] eps=18 rep=5/10: frame progress 10/100 (10.0%)
[2026-03-02 21:08:41] eps=18 rep=10/10: frame progress 10/100 (10.0%)
[2026-03-02 21:08:41] eps=18 rep=9/10: frame progress 10/100 (10.0%)
[2026-03-02 21:08:41] eps=18 rep=1/10: frame progress 10/100 (10.0%)
[2026-03-02 21:08:41] eps=12 rep=5/9: frame progress 10/100 (10.0%)
[2026-03-02 21:08:41] eps=12 rep=7/9: frame progress 10/100 (10.0%)
[2026-03-02 21:08:41] eps=18 rep=6/10: frame progress 10/100 (10.0%)
[2026-03-02 21:08:41] eps=12 rep=6/9: frame progress 10/100 (10.0%)
[2026-03-02 21:08:41] eps=18 rep=3/10: frame progress 10/100 (10.0%)
[2026-03-02 21:08:41] eps=15 rep=3/10: frame progress 10/100 (10.0%)
[2026-03-02 21:08:41] eps=15 rep=7/10: frame progress 10/100 (10.0%)
[2026-03-02 21:08:41] eps=15 rep=1/10: frame progress 10/100 (10.0%)
[2026-03-02 21:08:41] eps=18 rep=4/10: frame progress 10/100 (10.0%)
[2026-03-02 21:08:41] eps=18 rep=7/10: frame progress 10/100 (10.0%)
[2026-03-02 21:08:41] eps=15 rep=8/10: frame progress 10/100 (10.0%)
[2026-03-02 21:08:41] eps=18 rep=2/10: frame progress 10/100 (10.0%)
[2026-03-02 21:08:41] eps=18 rep=8/10: frame progress 10/100 (10.0%)
[2026-03-02 21:08:44] eps=3 rep=3/10: frame progress 20/100 (20.0%)
[2026-03-02 21:08:44] eps=3 rep=1/10: frame progress 20/100 (20.0%)
[2026-03-02 21:08:44] eps=6 rep=5/10: frame progress 20/100 (20.0%)
[2026-03-02 21:08:44] eps=6 rep=8/10: frame progress 20/100 (20.0%)
[2026-03-02 21:08:44] eps=3 rep=10/10: frame progress 20/100 (20.0%)
[2026-03-02 21:08:44] eps=3 rep=6/10: frame progress 20/100 (20.0%)
[2026-03-02 21:08:44] eps=3 rep=2/10: frame progress 20/100 (20.0%)
[2026-03-02 21:08:44] eps=3 rep=9/10: frame progress 20/100 (20.0%)
[2026-03-02 21:08:44] eps=3 rep=8/10: frame progress 20/100 (20.0%)
[2026-03-02 21:08:44] eps=3 rep=7/10: frame progress 20/100 (20.0%)
[2026-03-02 21:08:44] eps=3 rep=4/10: frame progress 20/100 (20.0%)
[2026-03-02 21:08:44] eps=9 rep=5/10: frame progress 20/100 (20.0%)
[2026-03-02 21:08:44] eps=9 rep=4/10: frame progress 20/100 (20.0%)
[2026-03-02 21:08:44] eps=9 rep=10/10: frame progress 20/100 (20.0%)
[2026-03-02 21:08:44] eps=3 rep=5/10: frame progress 20/100 (20.0%)
[2026-03-02 21:08:44] eps=6 rep=6/10: frame progress 20/100 (20.0%)
[2026-03-02 21:08:44] eps=6 rep=7/10: frame progress 20/100 (20.0%)
[2026-03-02 21:08:44] eps=6 rep=2/10: frame progress 20/100 (20.0%)
[2026-03-02 21:08:44] eps=15 rep=9/10: frame progress 20/100 (20.0%)
[2026-03-02 21:08:44] eps=6 rep=10/10: frame progress 20/100 (20.0%)
[2026-03-02 21:08:44] eps=6 rep=3/10: frame progress 20/100 (20.0%)
[2026-03-02 21:08:44] eps=6 rep=9/10: frame progress 20/100 (20.0%)
[2026-03-02 21:08:44] eps=6 rep=4/10: frame progress 20/100 (20.0%)
[2026-03-02 21:08:44] eps=6 rep=1/10: frame progress 20/100 (20.0%)
[2026-03-02 21:08:44] eps=9 rep=1/10: frame progress 20/100 (20.0%)
[2026-03-02 21:08:44] eps=9 rep=6/10: frame progress 20/100 (20.0%)
[2026-03-02 21:08:44] eps=9 rep=7/10: frame progress 20/100 (20.0%)
[2026-03-02 21:08:44] eps=9 rep=9/10: frame progress 20/100 (20.0%)
[2026-03-02 21:08:44] eps=9 rep=8/10: frame progress 20/100 (20.0%)
[2026-03-02 21:08:45] eps=9 rep=2/10: frame progress 20/100 (20.0%)
[2026-03-02 21:08:45] eps=9 rep=3/10: frame progress 20/100 (20.0%)
[2026-03-02 21:08:45] eps=12 rep=1/9: frame progress 20/100 (20.0%)
[2026-03-02 21:08:45] eps=12 rep=2/9: frame progress 20/100 (20.0%)
[2026-03-02 21:08:45] eps=12 rep=4/9: frame progress 20/100 (20.0%)
[2026-03-02 21:08:45] eps=12 rep=9/9: frame progress 20/100 (20.0%)
[2026-03-02 21:08:45] eps=12 rep=3/9: frame progress 20/100 (20.0%)
[2026-03-02 21:08:45] eps=15 rep=4/10: frame progress 20/100 (20.0%)
[2026-03-02 21:08:45] eps=12 rep=8/9: frame progress 20/100 (20.0%)
[2026-03-02 21:08:45] eps=15 rep=10/10: frame progress 20/100 (20.0%)
[2026-03-02 21:08:45] eps=15 rep=6/10: frame progress 20/100 (20.0%)
[2026-03-02 21:08:45] eps=18 rep=1/10: frame progress 20/100 (20.0%)
[2026-03-02 21:08:45] eps=18 rep=10/10: frame progress 20/100 (20.0%)
[2026-03-02 21:08:45] eps=15 rep=2/10: frame progress 20/100 (20.0%)
[2026-03-02 21:08:45] eps=15 rep=5/10: frame progress 20/100 (20.0%)
[2026-03-02 21:08:45] eps=18 rep=9/10: frame progress 20/100 (20.0%)
[2026-03-02 21:08:45] eps=12 rep=7/9: frame progress 20/100 (20.0%)
[2026-03-02 21:08:45] eps=18 rep=5/10: frame progress 20/100 (20.0%)
[2026-03-02 21:08:45] eps=15 rep=3/10: frame progress 20/100 (20.0%)
[2026-03-02 21:08:45] eps=12 rep=6/9: frame progress 20/100 (20.0%)
[2026-03-02 21:08:45] eps=12 rep=5/9: frame progress 20/100 (20.0%)
[2026-03-02 21:08:45] eps=15 rep=1/10: frame progress 20/100 (20.0%)
[2026-03-02 21:08:45] eps=18 rep=6/10: frame progress 20/100 (20.0%)
[2026-03-02 21:08:45] eps=18 rep=4/10: frame progress 20/100 (20.0%)
[2026-03-02 21:08:45] eps=18 rep=3/10: frame progress 20/100 (20.0%)
[2026-03-02 21:08:45] eps=15 rep=7/10: frame progress 20/100 (20.0%)
[2026-03-02 21:08:45] eps=18 rep=7/10: frame progress 20/100 (20.0%)
[2026-03-02 21:08:45] eps=15 rep=8/10: frame progress 20/100 (20.0%)
[2026-03-02 21:08:45] eps=18 rep=2/10: frame progress 20/100 (20.0%)
[2026-03-02 21:08:45] eps=18 rep=8/10: frame progress 20/100 (20.0%)
[2026-03-02 21:08:47] eps=3 rep=3/10: frame progress 30/100 (30.0%)
[2026-03-02 21:08:47] eps=3 rep=1/10: frame progress 30/100 (30.0%)
[2026-03-02 21:08:47] eps=6 rep=5/10: frame progress 30/100 (30.0%)
[2026-03-02 21:08:47] eps=6 rep=8/10: frame progress 30/100 (30.0%)
[2026-03-02 21:08:47] eps=3 rep=10/10: frame progress 30/100 (30.0%)
[2026-03-02 21:08:47] eps=3 rep=6/10: frame progress 30/100 (30.0%)
[2026-03-02 21:08:47] eps=3 rep=9/10: frame progress 30/100 (30.0%)
[2026-03-02 21:08:47] eps=3 rep=2/10: frame progress 30/100 (30.0%)
[2026-03-02 21:08:47] eps=3 rep=8/10: frame progress 30/100 (30.0%)
[2026-03-02 21:08:47] eps=3 rep=4/10: frame progress 30/100 (30.0%)
[2026-03-02 21:08:47] eps=3 rep=7/10: frame progress 30/100 (30.0%)
[2026-03-02 21:08:47] eps=9 rep=4/10: frame progress 30/100 (30.0%)
[2026-03-02 21:08:47] eps=9 rep=5/10: frame progress 30/100 (30.0%)
[2026-03-02 21:08:47] eps=9 rep=10/10: frame progress 30/100 (30.0%)
[2026-03-02 21:08:47] eps=3 rep=5/10: frame progress 30/100 (30.0%)
[2026-03-02 21:08:47] eps=6 rep=6/10: frame progress 30/100 (30.0%)
[2026-03-02 21:08:47] eps=6 rep=7/10: frame progress 30/100 (30.0%)
[2026-03-02 21:08:47] eps=6 rep=2/10: frame progress 30/100 (30.0%)
[2026-03-02 21:08:47] eps=6 rep=10/10: frame progress 30/100 (30.0%)
[2026-03-02 21:08:47] eps=6 rep=9/10: frame progress 30/100 (30.0%)
[2026-03-02 21:08:47] eps=6 rep=3/10: frame progress 30/100 (30.0%)
[2026-03-02 21:08:47] eps=6 rep=4/10: frame progress 30/100 (30.0%)
[2026-03-02 21:08:48] eps=15 rep=9/10: frame progress 30/100 (30.0%)
[2026-03-02 21:08:48] eps=6 rep=1/10: frame progress 30/100 (30.0%)
[2026-03-02 21:08:48] eps=9 rep=1/10: frame progress 30/100 (30.0%)
[2026-03-02 21:08:48] eps=9 rep=6/10: frame progress 30/100 (30.0%)
[2026-03-02 21:08:48] eps=9 rep=7/10: frame progress 30/100 (30.0%)
[2026-03-02 21:08:48] eps=9 rep=8/10: frame progress 30/100 (30.0%)
[2026-03-02 21:08:48] eps=9 rep=9/10: frame progress 30/100 (30.0%)
[2026-03-02 21:08:48] eps=9 rep=2/10: frame progress 30/100 (30.0%)
[2026-03-02 21:08:48] eps=9 rep=3/10: frame progress 30/100 (30.0%)
[2026-03-02 21:08:48] eps=12 rep=1/9: frame progress 30/100 (30.0%)
[2026-03-02 21:08:48] eps=12 rep=2/9: frame progress 30/100 (30.0%)
[2026-03-02 21:08:48] eps=12 rep=9/9: frame progress 30/100 (30.0%)
[2026-03-02 21:08:48] eps=12 rep=4/9: frame progress 30/100 (30.0%)
[2026-03-02 21:08:48] eps=12 rep=3/9: frame progress 30/100 (30.0%)
[2026-03-02 21:08:48] eps=12 rep=8/9: frame progress 30/100 (30.0%)
[2026-03-02 21:08:48] eps=15 rep=4/10: frame progress 30/100 (30.0%)
[2026-03-02 21:08:48] eps=15 rep=10/10: frame progress 30/100 (30.0%)
[2026-03-02 21:08:48] eps=12 rep=7/9: frame progress 30/100 (30.0%)
[2026-03-02 21:08:48] eps=15 rep=6/10: frame progress 30/100 (30.0%)
[2026-03-02 21:08:48] eps=18 rep=1/10: frame progress 30/100 (30.0%)
[2026-03-02 21:08:48] eps=18 rep=10/10: frame progress 30/100 (30.0%)
[2026-03-02 21:08:48] eps=12 rep=6/9: frame progress 30/100 (30.0%)
[2026-03-02 21:08:48] eps=18 rep=5/10: frame progress 30/100 (30.0%)
[2026-03-02 21:08:48] eps=15 rep=2/10: frame progress 30/100 (30.0%)
[2026-03-02 21:08:48] eps=12 rep=5/9: frame progress 30/100 (30.0%)
[2026-03-02 21:08:48] eps=18 rep=9/10: frame progress 30/100 (30.0%)
[2026-03-02 21:08:48] eps=15 rep=3/10: frame progress 30/100 (30.0%)
[2026-03-02 21:08:48] eps=15 rep=5/10: frame progress 30/100 (30.0%)
[2026-03-02 21:08:48] eps=18 rep=4/10: frame progress 30/100 (30.0%)
[2026-03-02 21:08:48] eps=18 rep=6/10: frame progress 30/100 (30.0%)
[2026-03-02 21:08:48] eps=18 rep=3/10: frame progress 30/100 (30.0%)
[2026-03-02 21:08:48] eps=15 rep=7/10: frame progress 30/100 (30.0%)
[2026-03-02 21:08:48] eps=15 rep=1/10: frame progress 30/100 (30.0%)
[2026-03-02 21:08:48] eps=18 rep=7/10: frame progress 30/100 (30.0%)
[2026-03-02 21:08:48] eps=15 rep=8/10: frame progress 30/100 (30.0%)
[2026-03-02 21:08:48] eps=18 rep=2/10: frame progress 30/100 (30.0%)
[2026-03-02 21:08:48] eps=18 rep=8/10: frame progress 30/100 (30.0%)
[2026-03-02 21:08:49] eps=3 rep=3/10: frame progress 40/100 (40.0%)
[2026-03-02 21:08:50] eps=3 rep=1/10: frame progress 40/100 (40.0%)
[2026-03-02 21:08:50] eps=6 rep=5/10: frame progress 40/100 (40.0%)
[2026-03-02 21:08:50] eps=6 rep=8/10: frame progress 40/100 (40.0%)
[2026-03-02 21:08:50] eps=3 rep=10/10: frame progress 40/100 (40.0%)
[2026-03-02 21:08:50] eps=3 rep=9/10: frame progress 40/100 (40.0%)
[2026-03-02 21:08:50] eps=3 rep=6/10: frame progress 40/100 (40.0%)
[2026-03-02 21:08:50] eps=3 rep=2/10: frame progress 40/100 (40.0%)
[2026-03-02 21:08:50] eps=3 rep=4/10: frame progress 40/100 (40.0%)
[2026-03-02 21:08:50] eps=3 rep=8/10: frame progress 40/100 (40.0%)
[2026-03-02 21:08:50] eps=3 rep=7/10: frame progress 40/100 (40.0%)
[2026-03-02 21:08:50] eps=9 rep=4/10: frame progress 40/100 (40.0%)
[2026-03-02 21:08:50] eps=3 rep=5/10: frame progress 40/100 (40.0%)
[2026-03-02 21:08:50] eps=9 rep=10/10: frame progress 40/100 (40.0%)
[2026-03-02 21:08:50] eps=9 rep=5/10: frame progress 40/100 (40.0%)
[2026-03-02 21:08:51] eps=6 rep=6/10: frame progress 40/100 (40.0%)
[2026-03-02 21:08:51] eps=6 rep=7/10: frame progress 40/100 (40.0%)
[2026-03-02 21:08:51] eps=6 rep=2/10: frame progress 40/100 (40.0%)
[2026-03-02 21:08:51] eps=6 rep=10/10: frame progress 40/100 (40.0%)
[2026-03-02 21:08:51] eps=6 rep=9/10: frame progress 40/100 (40.0%)
[2026-03-02 21:08:51] eps=6 rep=3/10: frame progress 40/100 (40.0%)
[2026-03-02 21:08:51] eps=6 rep=4/10: frame progress 40/100 (40.0%)
[2026-03-02 21:08:51] eps=15 rep=9/10: frame progress 40/100 (40.0%)
[2026-03-02 21:08:51] eps=6 rep=1/10: frame progress 40/100 (40.0%)
[2026-03-02 21:08:51] eps=9 rep=1/10: frame progress 40/100 (40.0%)
[2026-03-02 21:08:51] eps=9 rep=6/10: frame progress 40/100 (40.0%)
[2026-03-02 21:08:51] eps=9 rep=7/10: frame progress 40/100 (40.0%)
[2026-03-02 21:08:51] eps=9 rep=8/10: frame progress 40/100 (40.0%)
[2026-03-02 21:08:51] eps=9 rep=9/10: frame progress 40/100 (40.0%)
[2026-03-02 21:08:51] eps=9 rep=3/10: frame progress 40/100 (40.0%)
[2026-03-02 21:08:51] eps=9 rep=2/10: frame progress 40/100 (40.0%)
[2026-03-02 21:08:51] eps=12 rep=1/9: frame progress 40/100 (40.0%)
[2026-03-02 21:08:52] eps=12 rep=2/9: frame progress 40/100 (40.0%)
[2026-03-02 21:08:52] eps=12 rep=3/9: frame progress 40/100 (40.0%)
[2026-03-02 21:08:52] eps=12 rep=9/9: frame progress 40/100 (40.0%)
[2026-03-02 21:08:52] eps=12 rep=4/9: frame progress 40/100 (40.0%)
[2026-03-02 21:08:52] eps=12 rep=8/9: frame progress 40/100 (40.0%)
[2026-03-02 21:08:52] eps=15 rep=4/10: frame progress 40/100 (40.0%)
[2026-03-02 21:08:52] eps=18 rep=1/10: frame progress 40/100 (40.0%)
[2026-03-02 21:08:52] eps=12 rep=7/9: frame progress 40/100 (40.0%)
[2026-03-02 21:08:52] eps=15 rep=10/10: frame progress 40/100 (40.0%)
[2026-03-02 21:08:52] eps=12 rep=6/9: frame progress 40/100 (40.0%)
[2026-03-02 21:08:52] eps=18 rep=10/10: frame progress 40/100 (40.0%)
[2026-03-02 21:08:52] eps=15 rep=6/10: frame progress 40/100 (40.0%)
[2026-03-02 21:08:52] eps=18 rep=5/10: frame progress 40/100 (40.0%)
[2026-03-02 21:08:52] eps=18 rep=9/10: frame progress 40/100 (40.0%)
[2026-03-02 21:08:52] eps=12 rep=5/9: frame progress 40/100 (40.0%)
[2026-03-02 21:08:52] eps=15 rep=2/10: frame progress 40/100 (40.0%)
[2026-03-02 21:08:52] eps=15 rep=3/10: frame progress 40/100 (40.0%)
[2026-03-02 21:08:52] eps=15 rep=5/10: frame progress 40/100 (40.0%)
[2026-03-02 21:08:52] eps=18 rep=4/10: frame progress 40/100 (40.0%)
[2026-03-02 21:08:52] eps=18 rep=3/10: frame progress 40/100 (40.0%)
[2026-03-02 21:08:52] eps=18 rep=6/10: frame progress 40/100 (40.0%)
[2026-03-02 21:08:52] eps=15 rep=7/10: frame progress 40/100 (40.0%)
[2026-03-02 21:08:52] eps=18 rep=7/10: frame progress 40/100 (40.0%)
[2026-03-02 21:08:52] eps=15 rep=1/10: frame progress 40/100 (40.0%)
[2026-03-02 21:08:52] eps=15 rep=8/10: frame progress 40/100 (40.0%)
[2026-03-02 21:08:52] eps=18 rep=2/10: frame progress 40/100 (40.0%)
[2026-03-02 21:08:52] eps=18 rep=8/10: frame progress 40/100 (40.0%)
[2026-03-02 21:08:52] eps=3 rep=3/10: frame progress 50/100 (50.0%)
[2026-03-02 21:08:52] eps=3 rep=1/10: frame progress 50/100 (50.0%)
[2026-03-02 21:08:53] eps=6 rep=5/10: frame progress 50/100 (50.0%)
[2026-03-02 21:08:53] eps=6 rep=8/10: frame progress 50/100 (50.0%)
[2026-03-02 21:08:53] eps=3 rep=10/10: frame progress 50/100 (50.0%)
[2026-03-02 21:08:53] eps=3 rep=6/10: frame progress 50/100 (50.0%)
[2026-03-02 21:08:53] eps=3 rep=9/10: frame progress 50/100 (50.0%)
[2026-03-02 21:08:53] eps=3 rep=2/10: frame progress 50/100 (50.0%)
[2026-03-02 21:08:53] eps=3 rep=4/10: frame progress 50/100 (50.0%)
[2026-03-02 21:08:53] eps=3 rep=8/10: frame progress 50/100 (50.0%)
[2026-03-02 21:08:53] eps=3 rep=7/10: frame progress 50/100 (50.0%)
[2026-03-02 21:08:53] eps=3 rep=5/10: frame progress 50/100 (50.0%)
[2026-03-02 21:08:54] eps=9 rep=4/10: frame progress 50/100 (50.0%)
[2026-03-02 21:08:54] eps=9 rep=5/10: frame progress 50/100 (50.0%)
[2026-03-02 21:08:54] eps=9 rep=10/10: frame progress 50/100 (50.0%)
[2026-03-02 21:08:54] eps=6 rep=6/10: frame progress 50/100 (50.0%)
[2026-03-02 21:08:54] eps=6 rep=7/10: frame progress 50/100 (50.0%)
[2026-03-02 21:08:54] eps=6 rep=2/10: frame progress 50/100 (50.0%)
[2026-03-02 21:08:54] eps=6 rep=10/10: frame progress 50/100 (50.0%)
[2026-03-02 21:08:54] eps=6 rep=9/10: frame progress 50/100 (50.0%)
[2026-03-02 21:08:54] eps=6 rep=3/10: frame progress 50/100 (50.0%)
[2026-03-02 21:08:54] eps=6 rep=4/10: frame progress 50/100 (50.0%)
[2026-03-02 21:08:54] eps=6 rep=1/10: frame progress 50/100 (50.0%)
[2026-03-02 21:08:54] eps=15 rep=9/10: frame progress 50/100 (50.0%)
[2026-03-02 21:08:54] eps=9 rep=1/10: frame progress 50/100 (50.0%)
[2026-03-02 21:08:55] eps=9 rep=6/10: frame progress 50/100 (50.0%)
[2026-03-02 21:08:55] eps=9 rep=7/10: frame progress 50/100 (50.0%)
[2026-03-02 21:08:55] eps=9 rep=8/10: frame progress 50/100 (50.0%)
[2026-03-02 21:08:55] eps=9 rep=9/10: frame progress 50/100 (50.0%)
[2026-03-02 21:08:55] eps=9 rep=2/10: frame progress 50/100 (50.0%)
[2026-03-02 21:08:55] eps=9 rep=3/10: frame progress 50/100 (50.0%)
[2026-03-02 21:08:55] eps=3 rep=3/10: frame progress 60/100 (60.0%)
[2026-03-02 21:08:55] eps=12 rep=1/9: frame progress 50/100 (50.0%)
[2026-03-02 21:08:55] eps=12 rep=2/9: frame progress 50/100 (50.0%)
[2026-03-02 21:08:55] eps=12 rep=4/9: frame progress 50/100 (50.0%)
[2026-03-02 21:08:55] eps=12 rep=9/9: frame progress 50/100 (50.0%)
[2026-03-02 21:08:55] eps=12 rep=3/9: frame progress 50/100 (50.0%)
[2026-03-02 21:08:55] eps=12 rep=8/9: frame progress 50/100 (50.0%)
[2026-03-02 21:08:55] eps=3 rep=1/10: frame progress 60/100 (60.0%)
[2026-03-02 21:08:55] eps=12 rep=7/9: frame progress 50/100 (50.0%)
[2026-03-02 21:08:55] eps=15 rep=4/10: frame progress 50/100 (50.0%)
[2026-03-02 21:08:55] eps=18 rep=1/10: frame progress 50/100 (50.0%)
[2026-03-02 21:08:55] eps=15 rep=10/10: frame progress 50/100 (50.0%)
[2026-03-02 21:08:55] eps=12 rep=6/9: frame progress 50/100 (50.0%)
[2026-03-02 21:08:55] eps=18 rep=10/10: frame progress 50/100 (50.0%)
[2026-03-02 21:08:55] eps=12 rep=5/9: frame progress 50/100 (50.0%)
[2026-03-02 21:08:55] eps=18 rep=5/10: frame progress 50/100 (50.0%)
[2026-03-02 21:08:56] eps=18 rep=9/10: frame progress 50/100 (50.0%)
[2026-03-02 21:08:56] eps=15 rep=6/10: frame progress 50/100 (50.0%)
[2026-03-02 21:08:56] eps=18 rep=4/10: frame progress 50/100 (50.0%)
[2026-03-02 21:08:56] eps=15 rep=3/10: frame progress 50/100 (50.0%)
[2026-03-02 21:08:56] eps=15 rep=2/10: frame progress 50/100 (50.0%)
[2026-03-02 21:08:56] eps=15 rep=5/10: frame progress 50/100 (50.0%)
[2026-03-02 21:08:56] eps=18 rep=6/10: frame progress 50/100 (50.0%)
[2026-03-02 21:08:56] eps=18 rep=3/10: frame progress 50/100 (50.0%)
[2026-03-02 21:08:56] eps=15 rep=7/10: frame progress 50/100 (50.0%)
[2026-03-02 21:08:56] eps=18 rep=7/10: frame progress 50/100 (50.0%)
[2026-03-02 21:08:56] eps=15 rep=1/10: frame progress 50/100 (50.0%)
[2026-03-02 21:08:56] eps=15 rep=8/10: frame progress 50/100 (50.0%)
[2026-03-02 21:08:56] eps=6 rep=5/10: frame progress 60/100 (60.0%)
[2026-03-02 21:08:56] eps=18 rep=2/10: frame progress 50/100 (50.0%)
[2026-03-02 21:08:56] eps=6 rep=8/10: frame progress 60/100 (60.0%)
[2026-03-02 21:08:56] eps=18 rep=8/10: frame progress 50/100 (50.0%)
[2026-03-02 21:08:56] eps=3 rep=10/10: frame progress 60/100 (60.0%)
[2026-03-02 21:08:56] eps=3 rep=9/10: frame progress 60/100 (60.0%)
[2026-03-02 21:08:56] eps=3 rep=6/10: frame progress 60/100 (60.0%)
[2026-03-02 21:08:56] eps=3 rep=2/10: frame progress 60/100 (60.0%)
[2026-03-02 21:08:56] eps=3 rep=4/10: frame progress 60/100 (60.0%)
[2026-03-02 21:08:56] eps=3 rep=8/10: frame progress 60/100 (60.0%)
[2026-03-02 21:08:56] eps=3 rep=7/10: frame progress 60/100 (60.0%)
[2026-03-02 21:08:57] eps=3 rep=5/10: frame progress 60/100 (60.0%)
[2026-03-02 21:08:57] eps=9 rep=4/10: frame progress 60/100 (60.0%)
[2026-03-02 21:08:57] eps=9 rep=5/10: frame progress 60/100 (60.0%)
[2026-03-02 21:08:57] eps=9 rep=10/10: frame progress 60/100 (60.0%)
[2026-03-02 21:08:57] eps=6 rep=6/10: frame progress 60/100 (60.0%)
[2026-03-02 21:08:57] eps=6 rep=7/10: frame progress 60/100 (60.0%)
[2026-03-02 21:08:57] eps=6 rep=2/10: frame progress 60/100 (60.0%)
[2026-03-02 21:08:57] eps=6 rep=9/10: frame progress 60/100 (60.0%)
[2026-03-02 21:08:57] eps=6 rep=10/10: frame progress 60/100 (60.0%)
[2026-03-02 21:08:57] eps=6 rep=3/10: frame progress 60/100 (60.0%)
[2026-03-02 21:08:57] eps=6 rep=4/10: frame progress 60/100 (60.0%)
[2026-03-02 21:08:57] eps=6 rep=1/10: frame progress 60/100 (60.0%)
[2026-03-02 21:08:58] eps=9 rep=1/10: frame progress 60/100 (60.0%)
[2026-03-02 21:08:58] eps=9 rep=6/10: frame progress 60/100 (60.0%)
[2026-03-02 21:08:58] eps=9 rep=7/10: frame progress 60/100 (60.0%)
[2026-03-02 21:08:58] eps=9 rep=8/10: frame progress 60/100 (60.0%)
[2026-03-02 21:08:58] eps=3 rep=3/10: frame progress 70/100 (70.0%)
[2026-03-02 21:08:58] eps=9 rep=9/10: frame progress 60/100 (60.0%)
[2026-03-02 21:08:58] eps=15 rep=9/10: frame progress 60/100 (60.0%)
[2026-03-02 21:08:58] eps=9 rep=2/10: frame progress 60/100 (60.0%)
[2026-03-02 21:08:58] eps=9 rep=3/10: frame progress 60/100 (60.0%)
[2026-03-02 21:08:58] eps=3 rep=1/10: frame progress 70/100 (70.0%)
[2026-03-02 21:08:59] eps=6 rep=5/10: frame progress 70/100 (70.0%)
[2026-03-02 21:08:59] eps=12 rep=1/9: frame progress 60/100 (60.0%)
[2026-03-02 21:08:59] eps=12 rep=2/9: frame progress 60/100 (60.0%)
[2026-03-02 21:08:59] eps=6 rep=8/10: frame progress 70/100 (70.0%)
[2026-03-02 21:08:59] eps=12 rep=4/9: frame progress 60/100 (60.0%)
[2026-03-02 21:08:59] eps=12 rep=9/9: frame progress 60/100 (60.0%)
[2026-03-02 21:08:59] eps=12 rep=3/9: frame progress 60/100 (60.0%)
[2026-03-02 21:08:59] eps=12 rep=8/9: frame progress 60/100 (60.0%)
[2026-03-02 21:08:59] eps=12 rep=7/9: frame progress 60/100 (60.0%)
[2026-03-02 21:08:59] eps=12 rep=6/9: frame progress 60/100 (60.0%)
[2026-03-02 21:08:59] eps=18 rep=1/10: frame progress 60/100 (60.0%)
[2026-03-02 21:08:59] eps=12 rep=5/9: frame progress 60/100 (60.0%)
[2026-03-02 21:08:59] eps=15 rep=4/10: frame progress 60/100 (60.0%)
[2026-03-02 21:08:59] eps=15 rep=10/10: frame progress 60/100 (60.0%)
[2026-03-02 21:08:59] eps=18 rep=10/10: frame progress 60/100 (60.0%)
[2026-03-02 21:08:59] eps=18 rep=5/10: frame progress 60/100 (60.0%)
[2026-03-02 21:08:59] eps=18 rep=9/10: frame progress 60/100 (60.0%)
[2026-03-02 21:08:59] eps=3 rep=10/10: frame progress 70/100 (70.0%)
[2026-03-02 21:08:59] eps=15 rep=6/10: frame progress 60/100 (60.0%)
[2026-03-02 21:08:59] eps=18 rep=4/10: frame progress 60/100 (60.0%)
[2026-03-02 21:08:59] eps=18 rep=6/10: frame progress 60/100 (60.0%)
[2026-03-02 21:08:59] eps=15 rep=2/10: frame progress 60/100 (60.0%)
[2026-03-02 21:08:59] eps=3 rep=9/10: frame progress 70/100 (70.0%)
[2026-03-02 21:08:59] eps=3 rep=6/10: frame progress 70/100 (70.0%)
[2026-03-02 21:08:59] eps=18 rep=3/10: frame progress 60/100 (60.0%)
[2026-03-02 21:08:59] eps=15 rep=3/10: frame progress 60/100 (60.0%)
[2026-03-02 21:09:00] eps=15 rep=5/10: frame progress 60/100 (60.0%)
[2026-03-02 21:09:00] eps=15 rep=7/10: frame progress 60/100 (60.0%)
[2026-03-02 21:09:00] eps=18 rep=7/10: frame progress 60/100 (60.0%)
[2026-03-02 21:09:00] eps=3 rep=2/10: frame progress 70/100 (70.0%)
[2026-03-02 21:09:00] eps=3 rep=4/10: frame progress 70/100 (70.0%)
[2026-03-02 21:09:00] eps=3 rep=8/10: frame progress 70/100 (70.0%)
[2026-03-02 21:09:00] eps=15 rep=1/10: frame progress 60/100 (60.0%)
[2026-03-02 21:09:00] eps=3 rep=7/10: frame progress 70/100 (70.0%)
[2026-03-02 21:09:00] eps=15 rep=8/10: frame progress 60/100 (60.0%)
[2026-03-02 21:09:00] eps=3 rep=5/10: frame progress 70/100 (70.0%)
[2026-03-02 21:09:00] eps=18 rep=2/10: frame progress 60/100 (60.0%)
[2026-03-02 21:09:00] eps=18 rep=8/10: frame progress 60/100 (60.0%)
[2026-03-02 21:09:00] eps=9 rep=4/10: frame progress 70/100 (70.0%)
[2026-03-02 21:09:00] eps=9 rep=10/10: frame progress 70/100 (70.0%)
[2026-03-02 21:09:00] eps=9 rep=5/10: frame progress 70/100 (70.0%)
[2026-03-02 21:09:00] eps=6 rep=6/10: frame progress 70/100 (70.0%)
[2026-03-02 21:09:00] eps=6 rep=7/10: frame progress 70/100 (70.0%)
[2026-03-02 21:09:00] eps=6 rep=10/10: frame progress 70/100 (70.0%)
[2026-03-02 21:09:00] eps=6 rep=9/10: frame progress 70/100 (70.0%)
[2026-03-02 21:09:00] eps=6 rep=2/10: frame progress 70/100 (70.0%)
[2026-03-02 21:09:00] eps=6 rep=3/10: frame progress 70/100 (70.0%)
[2026-03-02 21:09:00] eps=6 rep=4/10: frame progress 70/100 (70.0%)
[2026-03-02 21:09:01] eps=6 rep=1/10: frame progress 70/100 (70.0%)
[2026-03-02 21:09:01] eps=3 rep=3/10: frame progress 80/100 (80.0%)
[2026-03-02 21:09:01] eps=3 rep=1/10: frame progress 80/100 (80.0%)
[2026-03-02 21:09:01] eps=9 rep=1/10: frame progress 70/100 (70.0%)
[2026-03-02 21:09:01] eps=9 rep=6/10: frame progress 70/100 (70.0%)
[2026-03-02 21:09:01] eps=9 rep=8/10: frame progress 70/100 (70.0%)
[2026-03-02 21:09:02] eps=9 rep=7/10: frame progress 70/100 (70.0%)
[2026-03-02 21:09:02] eps=9 rep=9/10: frame progress 70/100 (70.0%)
[2026-03-02 21:09:02] eps=9 rep=2/10: frame progress 70/100 (70.0%)
[2026-03-02 21:09:02] eps=9 rep=3/10: frame progress 70/100 (70.0%)
[2026-03-02 21:09:02] eps=6 rep=5/10: frame progress 80/100 (80.0%)
[2026-03-02 21:09:02] eps=15 rep=9/10: frame progress 70/100 (70.0%)
[2026-03-02 21:09:02] eps=6 rep=8/10: frame progress 80/100 (80.0%)
[2026-03-02 21:09:03] eps=3 rep=10/10: frame progress 80/100 (80.0%)
[2026-03-02 21:09:03] eps=3 rep=6/10: frame progress 80/100 (80.0%)
[2026-03-02 21:09:03] eps=3 rep=9/10: frame progress 80/100 (80.0%)
[2026-03-02 21:09:03] eps=3 rep=2/10: frame progress 80/100 (80.0%)
[2026-03-02 21:09:03] eps=3 rep=4/10: frame progress 80/100 (80.0%)
[2026-03-02 21:09:03] eps=3 rep=8/10: frame progress 80/100 (80.0%)
[2026-03-02 21:09:03] eps=3 rep=7/10: frame progress 80/100 (80.0%)
[2026-03-02 21:09:03] eps=12 rep=2/9: frame progress 70/100 (70.0%)
[2026-03-02 21:09:03] eps=12 rep=1/9: frame progress 70/100 (70.0%)
[2026-03-02 21:09:03] eps=12 rep=3/9: frame progress 70/100 (70.0%)
[2026-03-02 21:09:03] eps=3 rep=5/10: frame progress 80/100 (80.0%)
[2026-03-02 21:09:03] eps=12 rep=4/9: frame progress 70/100 (70.0%)
[2026-03-02 21:09:03] eps=12 rep=9/9: frame progress 70/100 (70.0%)
[2026-03-02 21:09:03] eps=12 rep=8/9: frame progress 70/100 (70.0%)
[2026-03-02 21:09:03] eps=12 rep=7/9: frame progress 70/100 (70.0%)
[2026-03-02 21:09:03] eps=12 rep=6/9: frame progress 70/100 (70.0%)
[2026-03-02 21:09:03] eps=12 rep=5/9: frame progress 70/100 (70.0%)
[2026-03-02 21:09:03] eps=18 rep=1/10: frame progress 70/100 (70.0%)
[2026-03-02 21:09:03] eps=9 rep=4/10: frame progress 80/100 (80.0%)
[2026-03-02 21:09:03] eps=15 rep=4/10: frame progress 70/100 (70.0%)
[2026-03-02 21:09:03] eps=18 rep=10/10: frame progress 70/100 (70.0%)
[2026-03-02 21:09:03] eps=15 rep=10/10: frame progress 70/100 (70.0%)
[2026-03-02 21:09:03] eps=18 rep=5/10: frame progress 70/100 (70.0%)
[2026-03-02 21:09:03] eps=18 rep=9/10: frame progress 70/100 (70.0%)
[2026-03-02 21:09:03] eps=9 rep=5/10: frame progress 80/100 (80.0%)
[2026-03-02 21:09:03] eps=9 rep=10/10: frame progress 80/100 (80.0%)
[2026-03-02 21:09:03] eps=6 rep=6/10: frame progress 80/100 (80.0%)
[2026-03-02 21:09:03] eps=15 rep=6/10: frame progress 70/100 (70.0%)
[2026-03-02 21:09:04] eps=6 rep=7/10: frame progress 80/100 (80.0%)
[2026-03-02 21:09:04] eps=15 rep=3/10: frame progress 70/100 (70.0%)
[2026-03-02 21:09:04] eps=15 rep=2/10: frame progress 70/100 (70.0%)
[2026-03-02 21:09:04] eps=18 rep=3/10: frame progress 70/100 (70.0%)
[2026-03-02 21:09:04] eps=18 rep=6/10: frame progress 70/100 (70.0%)
[2026-03-02 21:09:04] eps=15 rep=5/10: frame progress 70/100 (70.0%)
[2026-03-02 21:09:04] eps=18 rep=4/10: frame progress 70/100 (70.0%)
[2026-03-02 21:09:04] eps=15 rep=7/10: frame progress 70/100 (70.0%)
[2026-03-02 21:09:04] eps=18 rep=7/10: frame progress 70/100 (70.0%)
[2026-03-02 21:09:04] eps=6 rep=2/10: frame progress 80/100 (80.0%)
[2026-03-02 21:09:04] eps=6 rep=9/10: frame progress 80/100 (80.0%)
[2026-03-02 21:09:04] eps=15 rep=1/10: frame progress 70/100 (70.0%)
[2026-03-02 21:09:04] eps=6 rep=10/10: frame progress 80/100 (80.0%)
[2026-03-02 21:09:04] eps=6 rep=3/10: frame progress 80/100 (80.0%)
[2026-03-02 21:09:04] eps=6 rep=4/10: frame progress 80/100 (80.0%)
[2026-03-02 21:09:04] eps=15 rep=8/10: frame progress 70/100 (70.0%)
[2026-03-02 21:09:04] eps=18 rep=2/10: frame progress 70/100 (70.0%)
[2026-03-02 21:09:04] eps=3 rep=3/10: frame progress 90/100 (90.0%)
[2026-03-02 21:09:04] eps=18 rep=8/10: frame progress 70/100 (70.0%)
[2026-03-02 21:09:04] eps=3 rep=1/10: frame progress 90/100 (90.0%)
[2026-03-02 21:09:04] eps=6 rep=1/10: frame progress 80/100 (80.0%)
[2026-03-02 21:09:05] eps=9 rep=1/10: frame progress 80/100 (80.0%)
[2026-03-02 21:09:05] eps=6 rep=5/10: frame progress 90/100 (90.0%)
[2026-03-02 21:09:05] eps=9 rep=6/10: frame progress 80/100 (80.0%)
[2026-03-02 21:09:05] eps=9 rep=8/10: frame progress 80/100 (80.0%)
[2026-03-02 21:09:05] eps=9 rep=7/10: frame progress 80/100 (80.0%)
[2026-03-02 21:09:05] eps=9 rep=9/10: frame progress 80/100 (80.0%)
[2026-03-02 21:09:05] eps=6 rep=8/10: frame progress 90/100 (90.0%)
[2026-03-02 21:09:05] eps=9 rep=3/10: frame progress 80/100 (80.0%)
[2026-03-02 21:09:05] eps=9 rep=2/10: frame progress 80/100 (80.0%)
[2026-03-02 21:09:06] eps=3 rep=10/10: frame progress 90/100 (90.0%)
[2026-03-02 21:09:06] eps=3 rep=6/10: frame progress 90/100 (90.0%)
[2026-03-02 21:09:06] eps=3 rep=9/10: frame progress 90/100 (90.0%)
[2026-03-02 21:09:06] eps=3 rep=2/10: frame progress 90/100 (90.0%)
[2026-03-02 21:09:06] eps=3 rep=4/10: frame progress 90/100 (90.0%)
[2026-03-02 21:09:06] eps=3 rep=8/10: frame progress 90/100 (90.0%)
[2026-03-02 21:09:06] eps=3 rep=7/10: frame progress 90/100 (90.0%)
[2026-03-02 21:09:06] eps=15 rep=9/10: frame progress 80/100 (80.0%)
[2026-03-02 21:09:06] eps=3 rep=5/10: frame progress 90/100 (90.0%)
[2026-03-02 21:09:07] eps=9 rep=4/10: frame progress 90/100 (90.0%)
[2026-03-02 21:09:07] eps=6 rep=6/10: frame progress 90/100 (90.0%)
[2026-03-02 21:09:07] eps=9 rep=5/10: frame progress 90/100 (90.0%)
[2026-03-02 21:09:07] eps=12 rep=1/9: frame progress 80/100 (80.0%)
[2026-03-02 21:09:07] eps=9 rep=10/10: frame progress 90/100 (90.0%)
[2026-03-02 21:09:07] eps=12 rep=2/9: frame progress 80/100 (80.0%)
[2026-03-02 21:09:07] eps=6 rep=7/10: frame progress 90/100 (90.0%)
[2026-03-02 21:09:07] eps=3 rep=3/10: frame progress 100/100 (100.0%)
[2026-03-02 21:09:07] eps=12 rep=9/9: frame progress 80/100 (80.0%)
[2026-03-02 21:09:07] eps=12 rep=3/9: frame progress 80/100 (80.0%)
[2026-03-02 21:09:07] eps=6 rep=9/10: frame progress 90/100 (90.0%)
[2026-03-02 21:09:07] eps=12 rep=4/9: frame progress 80/100 (80.0%)
[2026-03-02 21:09:07] eps=6 rep=10/10: frame progress 90/100 (90.0%)
[2026-03-02 21:09:07] eps=12 rep=8/9: frame progress 80/100 (80.0%)
[2026-03-02 21:09:07] eps=6 rep=2/10: frame progress 90/100 (90.0%)
[2026-03-02 21:09:07] eps=6 rep=3/10: frame progress 90/100 (90.0%)
[2026-03-02 21:09:07] eps=6 rep=4/10: frame progress 90/100 (90.0%)
[2026-03-02 21:09:07] eps=12 rep=7/9: frame progress 80/100 (80.0%)
[2026-03-02 21:09:07] eps=3 rep=1/10: frame progress 100/100 (100.0%)
[2026-03-02 21:09:07] eps=12 rep=6/9: frame progress 80/100 (80.0%)
[2026-03-02 21:09:07] eps=12 rep=5/9: frame progress 80/100 (80.0%)
[2026-03-02 21:09:07] eps=18 rep=1/10: frame progress 80/100 (80.0%)
[2026-03-02 21:09:08] eps=18 rep=10/10: frame progress 80/100 (80.0%)
[2026-03-02 21:09:08] eps=15 rep=10/10: frame progress 80/100 (80.0%)
[2026-03-02 21:09:08] eps=15 rep=4/10: frame progress 80/100 (80.0%)
[2026-03-02 21:09:08] eps=18 rep=5/10: frame progress 80/100 (80.0%)
[2026-03-02 21:09:08] eps=18 rep=9/10: frame progress 80/100 (80.0%)
[2026-03-02 21:09:08] eps=6 rep=1/10: frame progress 90/100 (90.0%)
[2026-03-02 21:09:08] eps=15 rep=6/10: frame progress 80/100 (80.0%)
[2026-03-02 21:09:08] eps=15 rep=2/10: frame progress 80/100 (80.0%)
[2026-03-02 21:09:08] eps=15 rep=3/10: frame progress 80/100 (80.0%)
[2026-03-02 21:09:08] eps=15 rep=5/10: frame progress 80/100 (80.0%)
[2026-03-02 21:09:08] eps=18 rep=3/10: frame progress 80/100 (80.0%)
[2026-03-02 21:09:08] eps=18 rep=6/10: frame progress 80/100 (80.0%)
[2026-03-02 21:09:08] eps=18 rep=4/10: frame progress 80/100 (80.0%)
[2026-03-02 21:09:08] eps=15 rep=7/10: frame progress 80/100 (80.0%)
[2026-03-02 21:09:08] eps=18 rep=7/10: frame progress 80/100 (80.0%)
[2026-03-02 21:09:08] eps=15 rep=1/10: frame progress 80/100 (80.0%)
[2026-03-02 21:09:08] eps=15 rep=8/10: frame progress 80/100 (80.0%)
[2026-03-02 21:09:08] eps=18 rep=2/10: frame progress 80/100 (80.0%)
[2026-03-02 21:09:08] eps=6 rep=5/10: frame progress 100/100 (100.0%)
[2026-03-02 21:09:08] eps=18 rep=8/10: frame progress 80/100 (80.0%)
[2026-03-02 21:09:08] eps=6 rep=8/10: frame progress 100/100 (100.0%)
[2026-03-02 21:09:08] eps=9 rep=1/10: frame progress 90/100 (90.0%)
[2026-03-02 21:09:09] eps=9 rep=6/10: frame progress 90/100 (90.0%)
[2026-03-02 21:09:09] eps=9 rep=7/10: frame progress 90/100 (90.0%)
[2026-03-02 21:09:09] eps=9 rep=8/10: frame progress 90/100 (90.0%)
[2026-03-02 21:09:09] eps=9 rep=9/10: frame progress 90/100 (90.0%)
[2026-03-02 21:09:09] eps=3 rep=10/10: frame progress 100/100 (100.0%)
[2026-03-02 21:09:09] eps=3 rep=6/10: frame progress 100/100 (100.0%)
[2026-03-02 21:09:09] eps=3 rep=9/10: frame progress 100/100 (100.0%)
[2026-03-02 21:09:09] eps=9 rep=3/10: frame progress 90/100 (90.0%)
[2026-03-02 21:09:09] eps=9 rep=2/10: frame progress 90/100 (90.0%)
[2026-03-02 21:09:09] eps=3 rep=4/10: frame progress 100/100 (100.0%)
[2026-03-02 21:09:09] eps=3 rep=8/10: frame progress 100/100 (100.0%)
[2026-03-02 21:09:09] eps=3 rep=2/10: frame progress 100/100 (100.0%)
[2026-03-02 21:09:09] eps=3 rep=7/10: frame progress 100/100 (100.0%)
[2026-03-02 21:09:09] eps=3 rep=5/10: frame progress 100/100 (100.0%)
[2026-03-02 21:09:10] eps=15 rep=9/10: frame progress 90/100 (90.0%)
[2026-03-02 21:09:10] eps=6 rep=6/10: frame progress 100/100 (100.0%)
[2026-03-02 21:09:10] eps=9 rep=4/10: frame progress 100/100 (100.0%)
[2026-03-02 21:09:10] eps=6 rep=7/10: frame progress 100/100 (100.0%)
[2026-03-02 21:09:10] eps=6 rep=9/10: frame progress 100/100 (100.0%)
[2026-03-02 21:09:10] eps=9 rep=5/10: frame progress 100/100 (100.0%)
[2026-03-02 21:09:10] eps=6 rep=3/10: frame progress 100/100 (100.0%)
[2026-03-02 21:09:10] eps=6 rep=10/10: frame progress 100/100 (100.0%)
[2026-03-02 21:09:10] eps=6 rep=2/10: frame progress 100/100 (100.0%)
[2026-03-02 21:09:10] eps=9 rep=10/10: frame progress 100/100 (100.0%)
[2026-03-02 21:09:10] eps=6 rep=4/10: frame progress 100/100 (100.0%)
[2026-03-02 21:09:11] eps=12 rep=2/9: frame progress 90/100 (90.0%)
[2026-03-02 21:09:11] eps=12 rep=1/9: frame progress 90/100 (90.0%)
[2026-03-02 21:09:11] eps=12 rep=4/9: frame progress 90/100 (90.0%)
[2026-03-02 21:09:11] eps=12 rep=8/9: frame progress 90/100 (90.0%)
[2026-03-02 21:09:11] eps=12 rep=9/9: frame progress 90/100 (90.0%)
[2026-03-02 21:09:11] eps=12 rep=3/9: frame progress 90/100 (90.0%)
[2026-03-02 21:09:11] eps=6 rep=1/10: frame progress 100/100 (100.0%)
[2026-03-02 21:09:11] eps=12 rep=7/9: frame progress 90/100 (90.0%)
[2026-03-02 21:09:11] eps=12 rep=6/9: frame progress 90/100 (90.0%)
[2026-03-02 21:09:11] eps=12 rep=5/9: frame progress 90/100 (90.0%)
[2026-03-02 21:09:12] eps=18 rep=1/10: frame progress 90/100 (90.0%)
[2026-03-02 21:09:12] eps=18 rep=10/10: frame progress 90/100 (90.0%)
[2026-03-02 21:09:12] eps=15 rep=10/10: frame progress 90/100 (90.0%)
[2026-03-02 21:09:12] eps=18 rep=5/10: frame progress 90/100 (90.0%)
[2026-03-02 21:09:12] eps=15 rep=4/10: frame progress 90/100 (90.0%)
[2026-03-02 21:09:12] eps=18 rep=9/10: frame progress 90/100 (90.0%)
[2026-03-02 21:09:12] eps=15 rep=6/10: frame progress 90/100 (90.0%)
[2026-03-02 21:09:12] eps=15 rep=2/10: frame progress 90/100 (90.0%)
[2026-03-02 21:09:12] eps=18 rep=4/10: frame progress 90/100 (90.0%)
[2026-03-02 21:09:12] eps=18 rep=6/10: frame progress 90/100 (90.0%)
[2026-03-02 21:09:12] eps=9 rep=1/10: frame progress 100/100 (100.0%)
[2026-03-02 21:09:12] eps=18 rep=3/10: frame progress 90/100 (90.0%)
[2026-03-02 21:09:12] eps=15 rep=3/10: frame progress 90/100 (90.0%)
[2026-03-02 21:09:12] eps=15 rep=5/10: frame progress 90/100 (90.0%)
[2026-03-02 21:09:12] eps=15 rep=7/10: frame progress 90/100 (90.0%)
[2026-03-02 21:09:12] eps=18 rep=7/10: frame progress 90/100 (90.0%)
[2026-03-02 21:09:12] eps=9 rep=6/10: frame progress 100/100 (100.0%)
[2026-03-02 21:09:12] eps=9 rep=7/10: frame progress 100/100 (100.0%)
[2026-03-02 21:09:12] eps=9 rep=8/10: frame progress 100/100 (100.0%)
[2026-03-02 21:09:12] eps=9 rep=9/10: frame progress 100/100 (100.0%)
[2026-03-02 21:09:12] eps=15 rep=1/10: frame progress 90/100 (90.0%)
[2026-03-02 21:09:12] eps=18 rep=2/10: frame progress 90/100 (90.0%)
[2026-03-02 21:09:12] eps=9 rep=3/10: frame progress 100/100 (100.0%)
[2026-03-02 21:09:12] eps=15 rep=8/10: frame progress 90/100 (90.0%)
[2026-03-02 21:09:12] eps=9 rep=2/10: frame progress 100/100 (100.0%)
[2026-03-02 21:09:13] eps=18 rep=8/10: frame progress 90/100 (90.0%)
[2026-03-02 21:09:14] eps=15 rep=9/10: frame progress 100/100 (100.0%)
[2026-03-02 21:09:15] eps=12 rep=2/9: frame progress 100/100 (100.0%)
[2026-03-02 21:09:15] eps=12 rep=1/9: frame progress 100/100 (100.0%)
[2026-03-02 21:09:15] eps=12 rep=8/9: frame progress 100/100 (100.0%)
[2026-03-02 21:09:15] eps=12 rep=4/9: frame progress 100/100 (100.0%)
[2026-03-02 21:09:15] eps=12 rep=9/9: frame progress 100/100 (100.0%)
[2026-03-02 21:09:15] eps=12 rep=3/9: frame progress 100/100 (100.0%)
[2026-03-02 21:09:15] eps=12 rep=7/9: frame progress 100/100 (100.0%)
[2026-03-02 21:09:15] eps=12 rep=5/9: frame progress 100/100 (100.0%)
[2026-03-02 21:09:15] eps=12 rep=6/9: frame progress 100/100 (100.0%)
[2026-03-02 21:09:16] eps=18 rep=10/10: frame progress 100/100 (100.0%)
[2026-03-02 21:09:16] eps=15 rep=10/10: frame progress 100/100 (100.0%)
[2026-03-02 21:09:16] eps=18 rep=5/10: frame progress 100/100 (100.0%)
[2026-03-02 21:09:16] eps=18 rep=9/10: frame progress 100/100 (100.0%)
[2026-03-02 21:09:16] eps=15 rep=4/10: frame progress 100/100 (100.0%)
[2026-03-02 21:09:16] eps=18 rep=1/10: frame progress 100/100 (100.0%)
[2026-03-02 21:09:16] eps=15 rep=6/10: frame progress 100/100 (100.0%)
[2026-03-02 21:09:16] eps=18 rep=6/10: frame progress 100/100 (100.0%)
[2026-03-02 21:09:16] eps=15 rep=3/10: frame progress 100/100 (100.0%)
[2026-03-02 21:09:16] eps=15 rep=2/10: frame progress 100/100 (100.0%)
[2026-03-02 21:09:16] eps=15 rep=5/10: frame progress 100/100 (100.0%)
[2026-03-02 21:09:16] eps=18 rep=4/10: frame progress 100/100 (100.0%)
[2026-03-02 21:09:16] eps=18 rep=3/10: frame progress 100/100 (100.0%)
[2026-03-02 21:09:16] eps=18 rep=7/10: frame progress 100/100 (100.0%)
[2026-03-02 21:09:16] eps=15 rep=7/10: frame progress 100/100 (100.0%)
[2026-03-02 21:09:16] eps=15 rep=1/10: frame progress 100/100 (100.0%)
[2026-03-02 21:09:16] eps=15 rep=8/10: frame progress 100/100 (100.0%)
[2026-03-02 21:09:16] eps=18 rep=2/10: frame progress 100/100 (100.0%)
[2026-03-02 21:09:17] eps=18 rep=8/10: frame progress 100/100 (100.0%)
[2026-03-02 21:26:48] eps=3 rep=3/10: done
[2026-03-02 21:26:55] eps=3 rep=1/10: done
[2026-03-02 21:27:05] eps=6 rep=5/10: done
[2026-03-02 21:27:06] eps=3 rep=10/10: done
[2026-03-02 21:27:07] eps=6 rep=8/10: done
[2026-03-02 21:27:09] eps=3 rep=4/10: done
[2026-03-02 21:27:10] eps=3 rep=5/10: done
[2026-03-02 21:27:11] eps=3 rep=8/10: done
[2026-03-02 21:27:13] eps=3 rep=9/10: done
[2026-03-02 21:27:13] eps=3 rep=7/10: done
[2026-03-02 21:27:13] eps=3 rep=6/10: done
[2026-03-02 21:27:14] eps=6 rep=6/10: done
[2026-03-02 21:27:14] eps=6 rep=3/10: done
[2026-03-02 21:27:14] eps=3 rep=2/10: done
[2026-03-02 21:27:15] eps=6 rep=2/10: done
[2026-03-02 21:27:16] eps=9 rep=2/10: done
[2026-03-02 21:27:16] eps=6 rep=4/10: done
[2026-03-02 21:27:16] eps=9 rep=8/10: done
[2026-03-02 21:27:16] eps=6 rep=7/10: done
[2026-03-02 21:27:16] eps=6 rep=9/10: done
[2026-03-02 21:27:17] eps=9 rep=5/10: done
[2026-03-02 21:27:17] eps=9 rep=1/10: done
[2026-03-02 21:27:17] eps=9 rep=10/10: done
[2026-03-02 21:27:17] eps=9 rep=4/10: done
[2026-03-02 21:27:17] eps=9 rep=6/10: done
[2026-03-02 21:27:18] eps=9 rep=3/10: done
[2026-03-02 21:27:19] eps=9 rep=7/10: done
[2026-03-02 21:27:19] eps=6 rep=10/10: done
[2026-03-02 21:27:19] eps=12 rep=7/9: done
[2026-03-02 21:27:19] eps=9 rep=9/10: done
[2026-03-02 21:27:19] eps=6 rep=1/10: done
[2026-03-02 21:27:20] eps=12 rep=8/9: done
[2026-03-02 21:27:20] eps=15 rep=2/10: done
[2026-03-02 21:27:20] eps=12 rep=4/9: done
[2026-03-02 21:27:20] eps=18 rep=6/10: done
[2026-03-02 21:27:20] eps=12 rep=6/9: done
[2026-03-02 21:27:20] eps=12 rep=3/9: done
[2026-03-02 21:27:20] eps=15 rep=9/10: done
[2026-03-02 21:27:20] eps=15 rep=4/10: done
[2026-03-02 21:27:20] eps=15 rep=7/10: done
[2026-03-02 21:27:21] eps=12 rep=5/9: done
[2026-03-02 21:27:21] eps=15 rep=1/10: done
[2026-03-02 21:27:21] eps=15 rep=5/10: done
[2026-03-02 21:27:21] eps=12 rep=1/9: done
[2026-03-02 21:27:21] eps=18 rep=10/10: done
[2026-03-02 21:27:21] eps=12 rep=2/9: done
[2026-03-02 21:27:21] eps=18 rep=9/10: done
[2026-03-02 21:27:21] eps=18 rep=2/10: done
[2026-03-02 21:27:21] eps=18 rep=5/10: done
[2026-03-02 21:27:21] eps=15 rep=8/10: done
[2026-03-02 21:27:21] eps=12 rep=9/9: done
[2026-03-02 21:27:21] eps=15 rep=10/10: done
[2026-03-02 21:27:21] eps=18 rep=1/10: done
[2026-03-02 21:27:21] eps=18 rep=3/10: done
[2026-03-02 21:27:21] eps=15 rep=6/10: done
[2026-03-02 21:27:21] eps=18 rep=7/10: done
[2026-03-02 21:27:21] eps=15 rep=3/10: done
[2026-03-02 21:27:21] eps=18 rep=4/10: done
[2026-03-02 21:27:21] eps=18 rep=8/10: done
[2026-03-02 21:27:21] Completed parallel analysis for 59 runs
[2026-03-02 21:27:21] Aggregating epsilon group 1/6: eps=3, replicates=10
[2026-03-02 21:27:21] Writing outputs for eps=3 to /scratch/gpfs/WEBB/chertok/REACTIVELJ_PAPER/simulation_package/melt/analysis/results/eps_3
[2026-03-02 21:27:22] Finished epsilon group eps=3
[2026-03-02 21:27:22] Aggregating epsilon group 2/6: eps=6, replicates=10
[2026-03-02 21:27:22] Writing outputs for eps=6 to /scratch/gpfs/WEBB/chertok/REACTIVELJ_PAPER/simulation_package/melt/analysis/results/eps_6
[2026-03-02 21:27:23] Finished epsilon group eps=6
[2026-03-02 21:27:23] Aggregating epsilon group 3/6: eps=9, replicates=10
[2026-03-02 21:27:23] Writing outputs for eps=9 to /scratch/gpfs/WEBB/chertok/REACTIVELJ_PAPER/simulation_package/melt/analysis/results/eps_9
[2026-03-02 21:27:25] Finished epsilon group eps=9
[2026-03-02 21:27:25] Aggregating epsilon group 4/6: eps=12, replicates=9
[2026-03-02 21:27:25] Writing outputs for eps=12 to /scratch/gpfs/WEBB/chertok/REACTIVELJ_PAPER/simulation_package/melt/analysis/results/eps_12
[2026-03-02 21:27:27] Finished epsilon group eps=12
[2026-03-02 21:27:27] Aggregating epsilon group 5/6: eps=15, replicates=10
[2026-03-02 21:27:27] Writing outputs for eps=15 to /scratch/gpfs/WEBB/chertok/REACTIVELJ_PAPER/simulation_package/melt/analysis/results/eps_15
[2026-03-02 21:27:28] Finished epsilon group eps=15
[2026-03-02 21:27:28] Aggregating epsilon group 6/6: eps=18, replicates=10
[2026-03-02 21:27:29] Writing outputs for eps=18 to /scratch/gpfs/WEBB/chertok/REACTIVELJ_PAPER/simulation_package/melt/analysis/results/eps_18
[2026-03-02 21:27:30] Finished epsilon group eps=18
[2026-03-02 21:27:30] Wrote /scratch/gpfs/WEBB/chertok/REACTIVELJ_PAPER/simulation_package/melt/analysis/results/summary.json
[2026-03-02 21:27:30] Wrote /scratch/gpfs/WEBB/chertok/REACTIVELJ_PAPER/simulation_package/melt/analysis/results/summary.csv
[2026-03-02 21:27:33] Analysis complete
[2026-03-02 21:27:33] Step 7/8 complete: Analysis finished in 1137 seconds
[2026-03-02 21:27:33] Step 8/8: Job complete in 1139 seconds total
