[2026-03-22 00:19:18] Step 1/8: Purging modules
[2026-03-22 00:19:18] Step 2/8: Sourcing ~/.bashrc
[2026-03-22 00:19:19] Step 3/8: Loading anaconda module
[2026-03-22 00:19:19] Step 4/8: Activating conda environment
[2026-03-22 00:19:20] Step 5/8: Changing directory to /scratch/gpfs/WEBB/chertok/REACTIVELJ_PAPER/simulation_package/melt
[2026-03-22 00:19:20] Step 6/8: Ensuring logs directory exists
[2026-03-22 00:19:20] Step 7/8: Starting trajectory analysis
[2026-03-22 00:19:21] Scanning trajectories under /scratch/gpfs/WEBB/chertok/REACTIVELJ_PAPER/simulation_package/melt/data_generation/outputs
[2026-03-22 00:19:21] Discovered 69 trajectory/metadata pairs
[2026-03-22 00:19:21] Grouped runs into 7 epsilon values
[2026-03-22 00:19:21] Queueing epsilon group 1/7: eps=0, replicates=10
[2026-03-22 00:19:21] Queueing epsilon group 2/7: eps=3, replicates=10
[2026-03-22 00:19:21] Queueing epsilon group 3/7: eps=6, replicates=10
[2026-03-22 00:19:21] Queueing epsilon group 4/7: eps=9, replicates=10
[2026-03-22 00:19:21] Queueing epsilon group 5/7: eps=12, replicates=9
[2026-03-22 00:19:21] Queueing epsilon group 6/7: eps=15, replicates=10
[2026-03-22 00:19:21] Queueing epsilon group 7/7: eps=18, replicates=10Huh
[2026-03-22 00:19:21] Starting parallel analysis with 64 workers on 69 runs
[2026-03-22 00:19:22] eps=0 rep=1/10: start (eps_0/rep_004/trajectory.gsd)
[2026-03-22 00:19:22] eps=0 rep=4/10: start (eps_0/rep_006/trajectory.gsd)
[2026-03-22 00:19:22] eps=0 rep=5/10: start (eps_0/rep_005/trajectory.gsd)
[2026-03-22 00:19:22] eps=0 rep=3/10: start (eps_0/rep_007/trajectory.gsd)
[2026-03-22 00:19:22] eps=0 rep=2/10: start (eps_0/rep_003/trajectory.gsd)
[2026-03-22 00:19:22] eps=0 rep=6/10: start (eps_0/rep_010/trajectory.gsd)
[2026-03-22 00:19:22] eps=0 rep=7/10: start (eps_0/rep_009/trajectory.gsd)
[2026-03-22 00:19:22] eps=0 rep=8/10: start (eps_0/rep_008/trajectory.gsd)
[2026-03-22 00:19:22] eps=0 rep=10/10: start (eps_0/rep_001/trajectory.gsd)
[2026-03-22 00:19:22] eps=0 rep=9/10: start (eps_0/rep_002/trajectory.gsd)
[2026-03-22 00:19:22] eps=3 rep=1/10: start (eps_3/rep_004/trajectory.gsd)
[2026-03-22 00:19:22] eps=3 rep=4/10: start (eps_3/rep_006/trajectory.gsd)
[2026-03-22 00:19:22] eps=3 rep=3/10: start (eps_3/rep_007/trajectory.gsd)
[2026-03-22 00:19:22] eps=3 rep=10/10: start (eps_3/rep_001/trajectory.gsd)
[2026-03-22 00:19:22] eps=3 rep=2/10: start (eps_3/rep_003/trajectory.gsd)
[2026-03-22 00:19:22] eps=3 rep=8/10: start (eps_3/rep_008/trajectory.gsd)
[2026-03-22 00:19:22] eps=3 rep=6/10: start (eps_3/rep_010/trajectory.gsd)
[2026-03-22 00:19:22] eps=3 rep=7/10: start (eps_3/rep_009/trajectory.gsd)
[2026-03-22 00:19:22] eps=3 rep=9/10: start (eps_3/rep_002/trajectory.gsd)
[2026-03-22 00:19:22] eps=3 rep=5/10: start (eps_3/rep_005/trajectory.gsd)
[2026-03-22 00:19:22] eps=6 rep=6/10: start (eps_6/rep_010/trajectory.gsd)
[2026-03-22 00:19:22] eps=6 rep=1/10: start (eps_6/rep_004/trajectory.gsd)
[2026-03-22 00:19:22] eps=6 rep=2/10: start (eps_6/rep_003/trajectory.gsd)
[2026-03-22 00:19:22] eps=6 rep=5/10: start (eps_6/rep_005/trajectory.gsd)
[2026-03-22 00:19:22] eps=6 rep=3/10: start (eps_6/rep_007/trajectory.gsd)
[2026-03-22 00:19:22] eps=6 rep=4/10: start (eps_6/rep_006/trajectory.gsd)
[2026-03-22 00:19:22] eps=6 rep=7/10: start (eps_6/rep_009/trajectory.gsd)
[2026-03-22 00:19:22] eps=9 rep=5/10: start (eps_9/rep_005/trajectory.gsd)
[2026-03-22 00:19:22] eps=9 rep=2/10: start (eps_9/rep_003/trajectory.gsd)
[2026-03-22 00:19:22] eps=6 rep=9/10: start (eps_6/rep_002/trajectory.gsd)
[2026-03-22 00:19:22] eps=6 rep=10/10: start (eps_6/rep_001/trajectory.gsd)
[2026-03-22 00:19:22] eps=9 rep=4/10: start (eps_9/rep_006/trajectory.gsd)
[2026-03-22 00:19:22] eps=6 rep=8/10: start (eps_6/rep_008/trajectory.gsd)
[2026-03-22 00:19:22] eps=9 rep=1/10: start (eps_9/rep_004/trajectory.gsd)
[2026-03-22 00:19:22] eps=9 rep=3/10: start (eps_9/rep_007/trajectory.gsd)
[2026-03-22 00:19:22] eps=9 rep=8/10: start (eps_9/rep_008/trajectory.gsd)
[2026-03-22 00:19:22] eps=9 rep=7/10: start (eps_9/rep_009/trajectory.gsd)
[2026-03-22 00:19:22] eps=9 rep=6/10: start (eps_9/rep_010/trajectory.gsd)
[2026-03-22 00:19:22] eps=9 rep=10/10: start (eps_9/rep_001/trajectory.gsd)
[2026-03-22 00:19:22] eps=9 rep=9/10: start (eps_9/rep_002/trajectory.gsd)
[2026-03-22 00:19:22] eps=12 rep=2/9: start (eps_12/rep_003/trajectory.gsd)
[2026-03-22 00:19:22] eps=12 rep=3/9: start (eps_12/rep_007/trajectory.gsd)
[2026-03-22 00:19:22] eps=12 rep=1/9: start (eps_12/rep_004/trajectory.gsd)
[2026-03-22 00:19:22] eps=12 rep=5/9: start (eps_12/rep_005/trajectory.gsd)
[2026-03-22 00:19:22] eps=12 rep=4/9: start (eps_12/rep_006/trajectory.gsd)
[2026-03-22 00:19:22] eps=12 rep=6/9: start (eps_12/rep_010/trajectory.gsd)
[2026-03-22 00:19:22] eps=12 rep=7/9: start (eps_12/rep_009/trajectory.gsd)
[2026-03-22 00:19:22] eps=12 rep=8/9: start (eps_12/rep_002/trajectory.gsd)
[2026-03-22 00:19:22] eps=15 rep=1/10: start (eps_15/rep_004/trajectory.gsd)
[2026-03-22 00:19:22] eps=15 rep=2/10: start (eps_15/rep_003/trajectory.gsd)
[2026-03-22 00:19:22] eps=12 rep=9/9: start (eps_12/rep_001/trajectory.gsd)
[2026-03-22 00:19:22] eps=15 rep=6/10: start (eps_15/rep_010/trajectory.gsd)
[2026-03-22 00:19:22] eps=15 rep=3/10: start (eps_15/rep_007/trajectory.gsd)
[2026-03-22 00:19:22] eps=15 rep=8/10: start (eps_15/rep_008/trajectory.gsd)
[2026-03-22 00:19:22] eps=15 rep=7/10: start (eps_15/rep_009/trajectory.gsd)
[2026-03-22 00:19:22] eps=15 rep=4/10: start (eps_15/rep_006/trajectory.gsd)
[2026-03-22 00:19:22] eps=15 rep=5/10: start (eps_15/rep_005/trajectory.gsd)
[2026-03-22 00:19:22] eps=15 rep=10/10: start (eps_15/rep_001/trajectory.gsd)
[2026-03-22 00:19:22] eps=15 rep=9/10: start (eps_15/rep_002/trajectory.gsd)
[2026-03-22 00:19:22] eps=18 rep=1/10: start (eps_18/rep_004/trajectory.gsd)
[2026-03-22 00:19:22] eps=18 rep=3/10: start (eps_18/rep_007/trajectory.gsd)
[2026-03-22 00:19:22] eps=18 rep=5/10: start (eps_18/rep_005/trajectory.gsd)
[2026-03-22 00:19:22] eps=18 rep=2/10: start (eps_18/rep_003/trajectory.gsd)
[2026-03-22 00:19:22] eps=18 rep=4/10: start (eps_18/rep_006/trajectory.gsd)
[2026-03-22 00:19:50] eps=0 rep=1/10: frame progress 100/1000 (10.0%)
[2026-03-22 00:19:50] eps=3 rep=8/10: frame progress 100/1000 (10.0%)
[2026-03-22 00:19:51] eps=3 rep=2/10: frame progress 100/1000 (10.0%)
[2026-03-22 00:19:51] eps=3 rep=4/10: frame progress 100/1000 (10.0%)
[2026-03-22 00:19:52] eps=6 rep=10/10: frame progress 100/1000 (10.0%)
[2026-03-22 00:19:53] eps=9 rep=7/10: frame progress 100/1000 (10.0%)
[2026-03-22 00:19:54] eps=0 rep=7/10: frame progress 100/1000 (10.0%)
[2026-03-22 00:19:54] eps=0 rep=2/10: frame progress 100/1000 (10.0%)
[2026-03-22 00:19:54] eps=0 rep=3/10: frame progress 100/1000 (10.0%)
[2026-03-22 00:19:54] eps=0 rep=4/10: frame progress 100/1000 (10.0%)
[2026-03-22 00:19:54] eps=0 rep=10/10: frame progress 100/1000 (10.0%)
[2026-03-22 00:19:54] eps=0 rep=8/10: frame progress 100/1000 (10.0%)
[2026-03-22 00:19:54] eps=0 rep=6/10: frame progress 100/1000 (10.0%)
[2026-03-22 00:19:54] eps=0 rep=9/10: frame progress 100/1000 (10.0%)
[2026-03-22 00:19:54] eps=3 rep=6/10: frame progress 100/1000 (10.0%)
[2026-03-22 00:19:54] eps=0 rep=5/10: frame progress 100/1000 (10.0%)
[2026-03-22 00:19:54] eps=3 rep=3/10: frame progress 100/1000 (10.0%)
[2026-03-22 00:19:54] eps=3 rep=5/10: frame progress 100/1000 (10.0%)
[2026-03-22 00:19:54] eps=3 rep=9/10: frame progress 100/1000 (10.0%)
[2026-03-22 00:19:54] eps=3 rep=10/10: frame progress 100/1000 (10.0%)
[2026-03-22 00:19:55] eps=3 rep=7/10: frame progress 100/1000 (10.0%)
[2026-03-22 00:19:55] eps=6 rep=3/10: frame progress 100/1000 (10.0%)
[2026-03-22 00:19:55] eps=6 rep=2/10: frame progress 100/1000 (10.0%)
[2026-03-22 00:19:55] eps=6 rep=8/10: frame progress 100/1000 (10.0%)
[2026-03-22 00:19:55] eps=6 rep=9/10: frame progress 100/1000 (10.0%)
[2026-03-22 00:19:56] eps=6 rep=4/10: frame progress 100/1000 (10.0%)
[2026-03-22 00:19:56] eps=6 rep=5/10: frame progress 100/1000 (10.0%)
[2026-03-22 00:19:56] eps=6 rep=6/10: frame progress 100/1000 (10.0%)
[2026-03-22 00:19:56] eps=6 rep=1/10: frame progress 100/1000 (10.0%)
[2026-03-22 00:19:56] eps=6 rep=7/10: frame progress 100/1000 (10.0%)
[2026-03-22 00:19:56] eps=3 rep=1/10: frame progress 100/1000 (10.0%)
[2026-03-22 00:19:57] eps=9 rep=2/10: frame progress 100/1000 (10.0%)
[2026-03-22 00:19:57] eps=9 rep=10/10: frame progress 100/1000 (10.0%)
[2026-03-22 00:19:58] eps=9 rep=8/10: frame progress 100/1000 (10.0%)
[2026-03-22 00:19:58] eps=9 rep=6/10: frame progress 100/1000 (10.0%)
[2026-03-22 00:19:58] eps=9 rep=5/10: frame progress 100/1000 (10.0%)
[2026-03-22 00:19:58] eps=9 rep=1/10: frame progress 100/1000 (10.0%)
[2026-03-22 00:19:58] eps=15 rep=9/10: frame progress 100/1000 (10.0%)
[2026-03-22 00:19:58] eps=15 rep=2/10: frame progress 100/1000 (10.0%)
[2026-03-22 00:19:58] eps=9 rep=9/10: frame progress 100/1000 (10.0%)
[2026-03-22 00:19:58] eps=9 rep=3/10: frame progress 100/1000 (10.0%)
[2026-03-22 00:19:58] eps=9 rep=4/10: frame progress 100/1000 (10.0%)
[2026-03-22 00:20:00] eps=12 rep=6/9: frame progress 100/1000 (10.0%)
[2026-03-22 00:20:00] eps=12 rep=5/9: frame progress 100/1000 (10.0%)
[2026-03-22 00:20:00] eps=12 rep=7/9: frame progress 100/1000 (10.0%)
[2026-03-22 00:20:01] eps=12 rep=1/9: frame progress 100/1000 (10.0%)
[2026-03-22 00:20:01] eps=12 rep=4/9: frame progress 100/1000 (10.0%)
[2026-03-22 00:20:01] eps=12 rep=9/9: frame progress 100/1000 (10.0%)
[2026-03-22 00:20:01] eps=12 rep=2/9: frame progress 100/1000 (10.0%)
[2026-03-22 00:20:01] eps=12 rep=3/9: frame progress 100/1000 (10.0%)
[2026-03-22 00:20:02] eps=15 rep=8/10: frame progress 100/1000 (10.0%)
[2026-03-22 00:20:02] eps=15 rep=5/10: frame progress 100/1000 (10.0%)
[2026-03-22 00:20:02] eps=15 rep=6/10: frame progress 100/1000 (10.0%)
[2026-03-22 00:20:02] eps=15 rep=4/10: frame progress 100/1000 (10.0%)
[2026-03-22 00:20:02] eps=12 rep=8/9: frame progress 100/1000 (10.0%)
[2026-03-22 00:20:02] eps=15 rep=7/10: frame progress 100/1000 (10.0%)
[2026-03-22 00:20:02] eps=18 rep=4/10: frame progress 100/1000 (10.0%)
[2026-03-22 00:20:02] eps=18 rep=3/10: frame progress 100/1000 (10.0%)
[2026-03-22 00:20:02] eps=18 rep=2/10: frame progress 100/1000 (10.0%)
[2026-03-22 00:20:02] eps=15 rep=1/10: frame progress 100/1000 (10.0%)
[2026-03-22 00:20:02] eps=18 rep=1/10: frame progress 100/1000 (10.0%)
[2026-03-22 00:20:02] eps=15 rep=3/10: frame progress 100/1000 (10.0%)
[2026-03-22 00:20:02] eps=18 rep=5/10: frame progress 100/1000 (10.0%)
[2026-03-22 00:20:03] eps=15 rep=10/10: frame progress 100/1000 (10.0%)
[2026-03-22 00:20:19] eps=0 rep=1/10: frame progress 200/1000 (20.0%)
[2026-03-22 00:20:20] eps=3 rep=8/10: frame progress 200/1000 (20.0%)
[2026-03-22 00:20:20] eps=3 rep=2/10: frame progress 200/1000 (20.0%)
[2026-03-22 00:20:20] eps=3 rep=4/10: frame progress 200/1000 (20.0%)
[2026-03-22 00:20:23] eps=6 rep=10/10: frame progress 200/1000 (20.0%)
[2026-03-22 00:20:26] eps=0 rep=3/10: frame progress 200/1000 (20.0%)
[2026-03-22 00:20:26] eps=0 rep=2/10: frame progress 200/1000 (20.0%)
[2026-03-22 00:20:27] eps=0 rep=4/10: frame progress 200/1000 (20.0%)
[2026-03-22 00:20:27] eps=0 rep=7/10: frame progress 200/1000 (20.0%)
[2026-03-22 00:20:27] eps=0 rep=10/10: frame progress 200/1000 (20.0%)
[2026-03-22 00:20:27] eps=0 rep=8/10: frame progress 200/1000 (20.0%)
[2026-03-22 00:20:27] eps=0 rep=9/10: frame progress 200/1000 (20.0%)
[2026-03-22 00:20:27] eps=0 rep=6/10: frame progress 200/1000 (20.0%)
[2026-03-22 00:20:27] eps=0 rep=5/10: frame progress 200/1000 (20.0%)
[2026-03-22 00:20:27] eps=3 rep=6/10: frame progress 200/1000 (20.0%)
[2026-03-22 00:20:28] eps=3 rep=9/10: frame progress 200/1000 (20.0%)
[2026-03-22 00:20:28] eps=3 rep=3/10: frame progress 200/1000 (20.0%)
[2026-03-22 00:20:28] eps=3 rep=5/10: frame progress 200/1000 (20.0%)
[2026-03-22 00:20:28] eps=3 rep=10/10: frame progress 200/1000 (20.0%)
[2026-03-22 00:20:29] eps=9 rep=7/10: frame progress 200/1000 (20.0%)
[2026-03-22 00:20:29] eps=3 rep=7/10: frame progress 200/1000 (20.0%)
[2026-03-22 00:20:31] eps=3 rep=1/10: frame progress 200/1000 (20.0%)
[2026-03-22 00:20:31] eps=6 rep=3/10: frame progress 200/1000 (20.0%)
[2026-03-22 00:20:32] eps=6 rep=2/10: frame progress 200/1000 (20.0%)
[2026-03-22 00:20:32] eps=6 rep=9/10: frame progress 200/1000 (20.0%)
[2026-03-22 00:20:32] eps=6 rep=8/10: frame progress 200/1000 (20.0%)
[2026-03-22 00:20:32] eps=6 rep=5/10: frame progress 200/1000 (20.0%)
[2026-03-22 00:20:32] eps=6 rep=6/10: frame progress 200/1000 (20.0%)
[2026-03-22 00:20:32] eps=6 rep=4/10: frame progress 200/1000 (20.0%)
[2026-03-22 00:20:32] eps=6 rep=1/10: frame progress 200/1000 (20.0%)
[2026-03-22 00:20:32] eps=6 rep=7/10: frame progress 200/1000 (20.0%)
[2026-03-22 00:20:37] eps=9 rep=2/10: frame progress 200/1000 (20.0%)
[2026-03-22 00:20:37] eps=9 rep=10/10: frame progress 200/1000 (20.0%)
[2026-03-22 00:20:38] eps=9 rep=5/10: frame progress 200/1000 (20.0%)
[2026-03-22 00:20:38] eps=9 rep=8/10: frame progress 200/1000 (20.0%)
[2026-03-22 00:20:38] eps=9 rep=6/10: frame progress 200/1000 (20.0%)
[2026-03-22 00:20:38] eps=9 rep=1/10: frame progress 200/1000 (20.0%)
[2026-03-22 00:20:38] eps=9 rep=9/10: frame progress 200/1000 (20.0%)
[2026-03-22 00:20:38] eps=9 rep=3/10: frame progress 200/1000 (20.0%)
[2026-03-22 00:20:39] eps=9 rep=4/10: frame progress 200/1000 (20.0%)
[2026-03-22 00:20:45] eps=15 rep=2/10: frame progress 200/1000 (20.0%)
[2026-03-22 00:20:45] eps=15 rep=9/10: frame progress 200/1000 (20.0%)
[2026-03-22 00:20:48] eps=12 rep=6/9: frame progress 200/1000 (20.0%)
[2026-03-22 00:20:49] eps=12 rep=7/9: frame progress 200/1000 (20.0%)
[2026-03-22 00:20:49] eps=12 rep=5/9: frame progress 200/1000 (20.0%)
[2026-03-22 00:20:49] eps=0 rep=1/10: frame progress 300/1000 (30.0%)
[2026-03-22 00:20:49] eps=12 rep=1/9: frame progress 200/1000 (20.0%)
[2026-03-22 00:20:49] eps=12 rep=4/9: frame progress 200/1000 (20.0%)
[2026-03-22 00:20:50] eps=12 rep=2/9: frame progress 200/1000 (20.0%)
[2026-03-22 00:20:50] eps=12 rep=9/9: frame progress 200/1000 (20.0%)
[2026-03-22 00:20:50] eps=3 rep=8/10: frame progress 300/1000 (30.0%)
[2026-03-22 00:20:51] eps=12 rep=8/9: frame progress 200/1000 (20.0%)
[2026-03-22 00:20:51] eps=12 rep=3/9: frame progress 200/1000 (20.0%)
[2026-03-22 00:20:51] eps=3 rep=2/10: frame progress 300/1000 (30.0%)
[2026-03-22 00:20:52] eps=3 rep=4/10: frame progress 300/1000 (30.0%)
[2026-03-22 00:20:56] eps=15 rep=5/10: frame progress 200/1000 (20.0%)
[2026-03-22 00:20:56] eps=15 rep=6/10: frame progress 200/1000 (20.0%)
[2026-03-22 00:20:56] eps=15 rep=8/10: frame progress 200/1000 (20.0%)
[2026-03-22 00:20:56] eps=15 rep=4/10: frame progress 200/1000 (20.0%)
[2026-03-22 00:20:56] eps=15 rep=7/10: frame progress 200/1000 (20.0%)
[2026-03-22 00:20:56] eps=15 rep=1/10: frame progress 200/1000 (20.0%)
[2026-03-22 00:20:57] eps=15 rep=3/10: frame progress 200/1000 (20.0%)
[2026-03-22 00:20:57] eps=18 rep=4/10: frame progress 200/1000 (20.0%)
[2026-03-22 00:20:57] eps=18 rep=3/10: frame progress 200/1000 (20.0%)
[2026-03-22 00:20:57] eps=18 rep=1/10: frame progress 200/1000 (20.0%)
[2026-03-22 00:20:57] eps=18 rep=2/10: frame progress 200/1000 (20.0%)
[2026-03-22 00:20:57] eps=18 rep=5/10: frame progress 200/1000 (20.0%)
[2026-03-22 00:20:57] eps=6 rep=10/10: frame progress 300/1000 (30.0%)
[2026-03-22 00:20:59] eps=15 rep=10/10: frame progress 200/1000 (20.0%)
[2026-03-22 00:21:01] eps=0 rep=3/10: frame progress 300/1000 (30.0%)
[2026-03-22 00:21:01] eps=0 rep=2/10: frame progress 300/1000 (30.0%)
[2026-03-22 00:21:01] eps=0 rep=10/10: frame progress 300/1000 (30.0%)
[2026-03-22 00:21:01] eps=0 rep=7/10: frame progress 300/1000 (30.0%)
[2026-03-22 00:21:01] eps=0 rep=4/10: frame progress 300/1000 (30.0%)
[2026-03-22 00:21:01] eps=0 rep=8/10: frame progress 300/1000 (30.0%)
[2026-03-22 00:21:01] eps=0 rep=9/10: frame progress 300/1000 (30.0%)
[2026-03-22 00:21:01] eps=0 rep=6/10: frame progress 300/1000 (30.0%)
[2026-03-22 00:21:02] eps=0 rep=5/10: frame progress 300/1000 (30.0%)
[2026-03-22 00:21:02] eps=3 rep=6/10: frame progress 300/1000 (30.0%)
[2026-03-22 00:21:03] eps=3 rep=9/10: frame progress 300/1000 (30.0%)
[2026-03-22 00:21:03] eps=3 rep=3/10: frame progress 300/1000 (30.0%)
[2026-03-22 00:21:03] eps=3 rep=5/10: frame progress 300/1000 (30.0%)
[2026-03-22 00:21:04] eps=3 rep=10/10: frame progress 300/1000 (30.0%)
[2026-03-22 00:21:05] eps=3 rep=7/10: frame progress 300/1000 (30.0%)
[2026-03-22 00:21:08] eps=3 rep=1/10: frame progress 300/1000 (30.0%)
[2026-03-22 00:21:08] eps=9 rep=7/10: frame progress 300/1000 (30.0%)
[2026-03-22 00:21:11] eps=6 rep=3/10: frame progress 300/1000 (30.0%)
[2026-03-22 00:21:11] eps=6 rep=9/10: frame progress 300/1000 (30.0%)
[2026-03-22 00:21:11] eps=6 rep=2/10: frame progress 300/1000 (30.0%)
[2026-03-22 00:21:11] eps=6 rep=8/10: frame progress 300/1000 (30.0%)
[2026-03-22 00:21:11] eps=6 rep=6/10: frame progress 300/1000 (30.0%)
[2026-03-22 00:21:11] eps=6 rep=4/10: frame progress 300/1000 (30.0%)
[2026-03-22 00:21:11] eps=6 rep=1/10: frame progress 300/1000 (30.0%)
[2026-03-22 00:21:11] eps=6 rep=5/10: frame progress 300/1000 (30.0%)
[2026-03-22 00:21:11] eps=6 rep=7/10: frame progress 300/1000 (30.0%)
[2026-03-22 00:21:20] eps=0 rep=1/10: frame progress 400/1000 (40.0%)
[2026-03-22 00:21:22] eps=9 rep=10/10: frame progress 300/1000 (30.0%)
[2026-03-22 00:21:22] eps=9 rep=2/10: frame progress 300/1000 (30.0%)
[2026-03-22 00:21:22] eps=9 rep=8/10: frame progress 300/1000 (30.0%)
[2026-03-22 00:21:22] eps=9 rep=6/10: frame progress 300/1000 (30.0%)
[2026-03-22 00:21:23] eps=9 rep=5/10: frame progress 300/1000 (30.0%)
[2026-03-22 00:21:23] eps=9 rep=3/10: frame progress 300/1000 (30.0%)
[2026-03-22 00:21:23] eps=9 rep=9/10: frame progress 300/1000 (30.0%)
[2026-03-22 00:21:23] eps=9 rep=1/10: frame progress 300/1000 (30.0%)
[2026-03-22 00:21:23] eps=3 rep=8/10: frame progress 400/1000 (40.0%)
[2026-03-22 00:21:24] eps=9 rep=4/10: frame progress 300/1000 (30.0%)
[2026-03-22 00:21:24] eps=3 rep=2/10: frame progress 400/1000 (40.0%)
[2026-03-22 00:21:25] eps=3 rep=4/10: frame progress 400/1000 (40.0%)
[2026-03-22 00:21:34] eps=6 rep=10/10: frame progress 400/1000 (40.0%)
[2026-03-22 00:21:36] eps=0 rep=10/10: frame progress 400/1000 (40.0%)
[2026-03-22 00:21:36] eps=0 rep=2/10: frame progress 400/1000 (40.0%)
[2026-03-22 00:21:36] eps=0 rep=7/10: frame progress 400/1000 (40.0%)
[2026-03-22 00:21:36] eps=0 rep=3/10: frame progress 400/1000 (40.0%)
[2026-03-22 00:21:36] eps=0 rep=4/10: frame progress 400/1000 (40.0%)
[2026-03-22 00:21:37] eps=0 rep=9/10: frame progress 400/1000 (40.0%)
[2026-03-22 00:21:37] eps=0 rep=8/10: frame progress 400/1000 (40.0%)
[2026-03-22 00:21:37] eps=0 rep=6/10: frame progress 400/1000 (40.0%)
[2026-03-22 00:21:38] eps=0 rep=5/10: frame progress 400/1000 (40.0%)
[2026-03-22 00:21:39] eps=3 rep=6/10: frame progress 400/1000 (40.0%)
[2026-03-22 00:21:40] eps=3 rep=9/10: frame progress 400/1000 (40.0%)
[2026-03-22 00:21:40] eps=3 rep=3/10: frame progress 400/1000 (40.0%)
[2026-03-22 00:21:40] eps=3 rep=5/10: frame progress 400/1000 (40.0%)
[2026-03-22 00:21:41] eps=3 rep=10/10: frame progress 400/1000 (40.0%)
[2026-03-22 00:21:43] eps=3 rep=7/10: frame progress 400/1000 (40.0%)
[2026-03-22 00:21:43] eps=12 rep=6/9: frame progress 300/1000 (30.0%)
[2026-03-22 00:21:44] eps=12 rep=7/9: frame progress 300/1000 (30.0%)
[2026-03-22 00:21:44] eps=12 rep=5/9: frame progress 300/1000 (30.0%)
[2026-03-22 00:21:44] eps=12 rep=1/9: frame progress 300/1000 (30.0%)
[2026-03-22 00:21:45] eps=15 rep=2/10: frame progress 300/1000 (30.0%)
[2026-03-22 00:21:45] eps=12 rep=4/9: frame progress 300/1000 (30.0%)
[2026-03-22 00:21:45] eps=12 rep=2/9: frame progress 300/1000 (30.0%)
[2026-03-22 00:21:45] eps=12 rep=9/9: frame progress 300/1000 (30.0%)
[2026-03-22 00:21:45] eps=15 rep=9/10: frame progress 300/1000 (30.0%)
[2026-03-22 00:21:47] eps=12 rep=8/9: frame progress 300/1000 (30.0%)
[2026-03-22 00:21:47] eps=3 rep=1/10: frame progress 400/1000 (40.0%)
[2026-03-22 00:21:47] eps=12 rep=3/9: frame progress 300/1000 (30.0%)
[2026-03-22 00:21:51] eps=9 rep=7/10: frame progress 400/1000 (40.0%)
[2026-03-22 00:21:52] eps=6 rep=9/10: frame progress 400/1000 (40.0%)
[2026-03-22 00:21:53] eps=6 rep=3/10: frame progress 400/1000 (40.0%)
[2026-03-22 00:21:53] eps=6 rep=2/10: frame progress 400/1000 (40.0%)
[2026-03-22 00:21:53] eps=6 rep=8/10: frame progress 400/1000 (40.0%)
[2026-03-22 00:21:53] eps=6 rep=6/10: frame progress 400/1000 (40.0%)
[2026-03-22 00:21:53] eps=0 rep=1/10: frame progress 500/1000 (50.0%)
[2026-03-22 00:21:53] eps=6 rep=4/10: frame progress 400/1000 (40.0%)
[2026-03-22 00:21:53] eps=6 rep=7/10: frame progress 400/1000 (40.0%)
[2026-03-22 00:21:53] eps=6 rep=1/10: frame progress 400/1000 (40.0%)
[2026-03-22 00:21:53] eps=6 rep=5/10: frame progress 400/1000 (40.0%)
[2026-03-22 00:21:57] eps=3 rep=8/10: frame progress 500/1000 (50.0%)
[2026-03-22 00:21:58] eps=3 rep=2/10: frame progress 500/1000 (50.0%)
[2026-03-22 00:21:59] eps=3 rep=4/10: frame progress 500/1000 (50.0%)
[2026-03-22 00:22:04] eps=15 rep=5/10: frame progress 300/1000 (30.0%)
[2026-03-22 00:22:04] eps=15 rep=6/10: frame progress 300/1000 (30.0%)
[2026-03-22 00:22:04] eps=15 rep=7/10: frame progress 300/1000 (30.0%)
[2026-03-22 00:22:04] eps=15 rep=4/10: frame progress 300/1000 (30.0%)
[2026-03-22 00:22:04] eps=15 rep=8/10: frame progress 300/1000 (30.0%)
[2026-03-22 00:22:05] eps=15 rep=1/10: frame progress 300/1000 (30.0%)
[2026-03-22 00:22:05] eps=15 rep=3/10: frame progress 300/1000 (30.0%)
[2026-03-22 00:22:07] eps=18 rep=4/10: frame progress 300/1000 (30.0%)
[2026-03-22 00:22:07] eps=18 rep=3/10: frame progress 300/1000 (30.0%)
[2026-03-22 00:22:07] eps=18 rep=1/10: frame progress 300/1000 (30.0%)
[2026-03-22 00:22:07] eps=18 rep=2/10: frame progress 300/1000 (30.0%)
[2026-03-22 00:22:08] eps=18 rep=5/10: frame progress 300/1000 (30.0%)
[2026-03-22 00:22:09] eps=15 rep=10/10: frame progress 300/1000 (30.0%)
[2026-03-22 00:22:11] eps=9 rep=2/10: frame progress 400/1000 (40.0%)
[2026-03-22 00:22:11] eps=9 rep=5/10: frame progress 400/1000 (40.0%)
[2026-03-22 00:22:11] eps=9 rep=10/10: frame progress 400/1000 (40.0%)
[2026-03-22 00:22:11] eps=9 rep=8/10: frame progress 400/1000 (40.0%)
[2026-03-22 00:22:11] eps=9 rep=3/10: frame progress 400/1000 (40.0%)
[2026-03-22 00:22:11] eps=9 rep=6/10: frame progress 400/1000 (40.0%)
[2026-03-22 00:22:12] eps=9 rep=1/10: frame progress 400/1000 (40.0%)
[2026-03-22 00:22:12] eps=9 rep=9/10: frame progress 400/1000 (40.0%)
[2026-03-22 00:22:13] eps=0 rep=10/10: frame progress 500/1000 (50.0%)
[2026-03-22 00:22:13] eps=9 rep=4/10: frame progress 400/1000 (40.0%)
[2026-03-22 00:22:13] eps=0 rep=3/10: frame progress 500/1000 (50.0%)
[2026-03-22 00:22:13] eps=0 rep=7/10: frame progress 500/1000 (50.0%)
[2026-03-22 00:22:13] eps=6 rep=10/10: frame progress 500/1000 (50.0%)
[2026-03-22 00:22:13] eps=0 rep=4/10: frame progress 500/1000 (50.0%)
[2026-03-22 00:22:14] eps=0 rep=2/10: frame progress 500/1000 (50.0%)
[2026-03-22 00:22:14] eps=0 rep=8/10: frame progress 500/1000 (50.0%)
[2026-03-22 00:22:14] eps=0 rep=9/10: frame progress 500/1000 (50.0%)
[2026-03-22 00:22:14] eps=0 rep=6/10: frame progress 500/1000 (50.0%)
[2026-03-22 00:22:15] eps=0 rep=5/10: frame progress 500/1000 (50.0%)
[2026-03-22 00:22:18] eps=3 rep=6/10: frame progress 500/1000 (50.0%)
[2026-03-22 00:22:18] eps=3 rep=9/10: frame progress 500/1000 (50.0%)
[2026-03-22 00:22:18] eps=3 rep=3/10: frame progress 500/1000 (50.0%)
[2026-03-22 00:22:19] eps=3 rep=5/10: frame progress 500/1000 (50.0%)
[2026-03-22 00:22:20] eps=3 rep=10/10: frame progress 500/1000 (50.0%)
[2026-03-22 00:22:22] eps=3 rep=7/10: frame progress 500/1000 (50.0%)
[2026-03-22 00:22:26] eps=0 rep=1/10: frame progress 600/1000 (60.0%)
[2026-03-22 00:22:27] eps=3 rep=1/10: frame progress 500/1000 (50.0%)
[2026-03-22 00:22:33] eps=3 rep=8/10: frame progress 600/1000 (60.0%)
[2026-03-22 00:22:34] eps=3 rep=2/10: frame progress 600/1000 (60.0%)
[2026-03-22 00:22:35] eps=3 rep=4/10: frame progress 600/1000 (60.0%)
[2026-03-22 00:22:37] eps=6 rep=9/10: frame progress 500/1000 (50.0%)
[2026-03-22 00:22:37] eps=6 rep=8/10: frame progress 500/1000 (50.0%)
[2026-03-22 00:22:37] eps=6 rep=2/10: frame progress 500/1000 (50.0%)
[2026-03-22 00:22:37] eps=6 rep=3/10: frame progress 500/1000 (50.0%)
[2026-03-22 00:22:37] eps=6 rep=6/10: frame progress 500/1000 (50.0%)
[2026-03-22 00:22:38] eps=6 rep=4/10: frame progress 500/1000 (50.0%)
[2026-03-22 00:22:38] eps=9 rep=7/10: frame progress 500/1000 (50.0%)
[2026-03-22 00:22:38] eps=6 rep=5/10: frame progress 500/1000 (50.0%)
[2026-03-22 00:22:38] eps=6 rep=7/10: frame progress 500/1000 (50.0%)
[2026-03-22 00:22:38] eps=6 rep=1/10: frame progress 500/1000 (50.0%)
[2026-03-22 00:22:43] eps=12 rep=6/9: frame progress 400/1000 (40.0%)
[2026-03-22 00:22:44] eps=12 rep=7/9: frame progress 400/1000 (40.0%)
[2026-03-22 00:22:45] eps=12 rep=1/9: frame progress 400/1000 (40.0%)
[2026-03-22 00:22:45] eps=12 rep=4/9: frame progress 400/1000 (40.0%)
[2026-03-22 00:22:45] eps=12 rep=5/9: frame progress 400/1000 (40.0%)
[2026-03-22 00:22:46] eps=12 rep=2/9: frame progress 400/1000 (40.0%)
[2026-03-22 00:22:46] eps=12 rep=9/9: frame progress 400/1000 (40.0%)
[2026-03-22 00:22:48] eps=12 rep=8/9: frame progress 400/1000 (40.0%)
[2026-03-22 00:22:49] eps=12 rep=3/9: frame progress 400/1000 (40.0%)
[2026-03-22 00:22:51] eps=0 rep=10/10: frame progress 600/1000 (60.0%)
[2026-03-22 00:22:51] eps=0 rep=3/10: frame progress 600/1000 (60.0%)
[2026-03-22 00:22:52] eps=0 rep=4/10: frame progress 600/1000 (60.0%)
[2026-03-22 00:22:52] eps=0 rep=7/10: frame progress 600/1000 (60.0%)
[2026-03-22 00:22:52] eps=0 rep=8/10: frame progress 600/1000 (60.0%)
[2026-03-22 00:22:52] eps=0 rep=2/10: frame progress 600/1000 (60.0%)
[2026-03-22 00:22:52] eps=0 rep=6/10: frame progress 600/1000 (60.0%)
[2026-03-22 00:22:52] eps=0 rep=9/10: frame progress 600/1000 (60.0%)
[2026-03-22 00:22:53] eps=0 rep=5/10: frame progress 600/1000 (60.0%)
[2026-03-22 00:22:55] eps=6 rep=10/10: frame progress 600/1000 (60.0%)
[2026-03-22 00:22:56] eps=15 rep=2/10: frame progress 400/1000 (40.0%)
[2026-03-22 00:22:57] eps=15 rep=9/10: frame progress 400/1000 (40.0%)
[2026-03-22 00:22:58] eps=3 rep=6/10: frame progress 600/1000 (60.0%)
[2026-03-22 00:22:59] eps=3 rep=9/10: frame progress 600/1000 (60.0%)
[2026-03-22 00:22:59] eps=3 rep=3/10: frame progress 600/1000 (60.0%)
[2026-03-22 00:23:00] eps=3 rep=5/10: frame progress 600/1000 (60.0%)
[2026-03-22 00:23:01] eps=3 rep=10/10: frame progress 600/1000 (60.0%)
[2026-03-22 00:23:01] eps=0 rep=1/10: frame progress 700/1000 (70.0%)
[2026-03-22 00:23:03] eps=3 rep=7/10: frame progress 600/1000 (60.0%)
[2026-03-22 00:23:03] eps=9 rep=2/10: frame progress 500/1000 (50.0%)
[2026-03-22 00:23:04] eps=9 rep=10/10: frame progress 500/1000 (50.0%)
[2026-03-22 00:23:04] eps=9 rep=8/10: frame progress 500/1000 (50.0%)
[2026-03-22 00:23:04] eps=9 rep=5/10: frame progress 500/1000 (50.0%)
[2026-03-22 00:23:05] eps=9 rep=3/10: frame progress 500/1000 (50.0%)
[2026-03-22 00:23:05] eps=9 rep=6/10: frame progress 500/1000 (50.0%)
[2026-03-22 00:23:05] eps=9 rep=9/10: frame progress 500/1000 (50.0%)
[2026-03-22 00:23:06] eps=9 rep=1/10: frame progress 500/1000 (50.0%)
[2026-03-22 00:23:07] eps=9 rep=4/10: frame progress 500/1000 (50.0%)
[2026-03-22 00:23:09] eps=3 rep=1/10: frame progress 600/1000 (60.0%)
[2026-03-22 00:23:10] eps=3 rep=8/10: frame progress 700/1000 (70.0%)
[2026-03-22 00:23:12] eps=3 rep=2/10: frame progress 700/1000 (70.0%)
[2026-03-22 00:23:12] eps=3 rep=4/10: frame progress 700/1000 (70.0%)
[2026-03-22 00:23:24] eps=6 rep=9/10: frame progress 600/1000 (60.0%)
[2026-03-22 00:23:24] eps=6 rep=2/10: frame progress 600/1000 (60.0%)
[2026-03-22 00:23:25] eps=6 rep=8/10: frame progress 600/1000 (60.0%)
[2026-03-22 00:23:25] eps=6 rep=6/10: frame progress 600/1000 (60.0%)
[2026-03-22 00:23:25] eps=6 rep=3/10: frame progress 600/1000 (60.0%)
[2026-03-22 00:23:25] eps=6 rep=4/10: frame progress 600/1000 (60.0%)
[2026-03-22 00:23:26] eps=6 rep=7/10: frame progress 600/1000 (60.0%)
[2026-03-22 00:23:26] eps=6 rep=1/10: frame progress 600/1000 (60.0%)
[2026-03-22 00:23:26] eps=6 rep=5/10: frame progress 600/1000 (60.0%)
[2026-03-22 00:23:27] eps=15 rep=5/10: frame progress 400/1000 (40.0%)
[2026-03-22 00:23:27] eps=15 rep=4/10: frame progress 400/1000 (40.0%)
[2026-03-22 00:23:27] eps=15 rep=8/10: frame progress 400/1000 (40.0%)
[2026-03-22 00:23:27] eps=15 rep=6/10: frame progress 400/1000 (40.0%)
[2026-03-22 00:23:27] eps=15 rep=7/10: frame progress 400/1000 (40.0%)
[2026-03-22 00:23:28] eps=15 rep=3/10: frame progress 400/1000 (40.0%)
[2026-03-22 00:23:28] eps=15 rep=1/10: frame progress 400/1000 (40.0%)
[2026-03-22 00:23:29] eps=9 rep=7/10: frame progress 600/1000 (60.0%)
[2026-03-22 00:23:30] eps=0 rep=10/10: frame progress 700/1000 (70.0%)
[2026-03-22 00:23:31] eps=0 rep=3/10: frame progress 700/1000 (70.0%)
[2026-03-22 00:23:31] eps=0 rep=7/10: frame progress 700/1000 (70.0%)
[2026-03-22 00:23:31] eps=0 rep=4/10: frame progress 700/1000 (70.0%)
[2026-03-22 00:23:31] eps=0 rep=8/10: frame progress 700/1000 (70.0%)
[2026-03-22 00:23:31] eps=0 rep=2/10: frame progress 700/1000 (70.0%)
[2026-03-22 00:23:32] eps=0 rep=6/10: frame progress 700/1000 (70.0%)
[2026-03-22 00:23:32] eps=0 rep=9/10: frame progress 700/1000 (70.0%)
[2026-03-22 00:23:32] eps=18 rep=1/10: frame progress 400/1000 (40.0%)
[2026-03-22 00:23:32] eps=18 rep=4/10: frame progress 400/1000 (40.0%)
[2026-03-22 00:23:33] eps=18 rep=3/10: frame progress 400/1000 (40.0%)
[2026-03-22 00:23:33] eps=0 rep=5/10: frame progress 700/1000 (70.0%)
[2026-03-22 00:23:33] eps=15 rep=10/10: frame progress 400/1000 (40.0%)
[2026-03-22 00:23:34] eps=18 rep=2/10: frame progress 400/1000 (40.0%)
[2026-03-22 00:23:34] eps=18 rep=5/10: frame progress 400/1000 (40.0%)
[2026-03-22 00:23:37] eps=0 rep=1/10: frame progress 800/1000 (80.0%)
[2026-03-22 00:23:39] eps=6 rep=10/10: frame progress 700/1000 (70.0%)
[2026-03-22 00:23:40] eps=3 rep=6/10: frame progress 700/1000 (70.0%)
[2026-03-22 00:23:41] eps=3 rep=3/10: frame progress 700/1000 (70.0%)
[2026-03-22 00:23:41] eps=3 rep=9/10: frame progress 700/1000 (70.0%)
[2026-03-22 00:23:42] eps=3 rep=5/10: frame progress 700/1000 (70.0%)
[2026-03-22 00:23:43] eps=3 rep=10/10: frame progress 700/1000 (70.0%)
[2026-03-22 00:23:46] eps=3 rep=7/10: frame progress 700/1000 (70.0%)
[2026-03-22 00:23:47] eps=12 rep=6/9: frame progress 500/1000 (50.0%)
[2026-03-22 00:23:49] eps=3 rep=8/10: frame progress 800/1000 (80.0%)
[2026-03-22 00:23:50] eps=12 rep=7/9: frame progress 500/1000 (50.0%)
[2026-03-22 00:23:50] eps=12 rep=1/9: frame progress 500/1000 (50.0%)
[2026-03-22 00:23:50] eps=12 rep=4/9: frame progress 500/1000 (50.0%)
[2026-03-22 00:23:51] eps=3 rep=2/10: frame progress 800/1000 (80.0%)
[2026-03-22 00:23:51] eps=12 rep=5/9: frame progress 500/1000 (50.0%)
[2026-03-22 00:23:51] eps=3 rep=4/10: frame progress 800/1000 (80.0%)
[2026-03-22 00:23:52] eps=12 rep=2/9: frame progress 500/1000 (50.0%)
[2026-03-22 00:23:52] eps=12 rep=9/9: frame progress 500/1000 (50.0%)
[2026-03-22 00:23:52] eps=3 rep=1/10: frame progress 700/1000 (70.0%)
[2026-03-22 00:23:54] eps=12 rep=8/9: frame progress 500/1000 (50.0%)
[2026-03-22 00:23:56] eps=12 rep=3/9: frame progress 500/1000 (50.0%)
[2026-03-22 00:25:36] eps=0 rep=10/10: frame progress 1000/1000 (100.0%)
[2026-03-22 00:25:36] eps=0 rep=3/10: frame progress 1000/1000 (100.0%)
[2026-03-22 00:25:37] eps=0 rep=4/10: frame progress 1000/1000 (100.0%)
[2026-03-22 00:25:37] eps=18 rep=6/10: frame progress 100/1000 (10.0%)
[2026-03-22 00:25:37] eps=0 rep=7/10: frame progress 1000/1000 (100.0%)
[2026-03-22 00:25:37] eps=0 rep=2/10: frame progress 1000/1000 (100.0%)
[2026-03-22 00:25:38] eps=0 rep=9/10: frame progress 1000/1000 (100.0%)
[2026-03-22 00:25:38] eps=0 rep=6/10: frame progress 1000/1000 (100.0%)
[2026-03-22 00:25:38] eps=0 rep=8/10: frame progress 1000/1000 (100.0%)
[2026-03-22 00:25:40] eps=0 rep=5/10: frame progress 1000/1000 (100.0%)
[2026-03-22 00:25:47] eps=0 rep=10/10: done
[2026-03-22 00:25:47] eps=18 rep=10/10: start (eps_18/rep_001/trajectory.gsd)
[2026-03-22 00:25:47] eps=0 rep=3/10: done
[2026-03-22 00:25:48] eps=0 rep=4/10: done
[2026-03-22 00:25:48] eps=0 rep=7/10: done
[2026-03-22 00:25:48] eps=0 rep=2/10: done
[2026-03-22 00:25:49] eps=0 rep=9/10: done
[2026-03-22 00:25:49] eps=0 rep=6/10: done
[2026-03-22 00:25:49] eps=0 rep=8/10: done
[2026-03-22 00:25:50] eps=0 rep=5/10: done
[2026-03-22 00:25:54] eps=3 rep=6/10: frame progress 1000/1000 (100.0%)
[2026-03-22 00:25:54] eps=18 rep=7/10: frame progress 100/1000 (10.0%)
[2026-03-22 00:25:55] eps=15 rep=2/10: frame progress 600/1000 (60.0%)
[2026-03-22 00:25:55] eps=3 rep=3/10: frame progress 1000/1000 (100.0%)
[2026-03-22 00:25:56] eps=3 rep=9/10: frame progress 1000/1000 (100.0%)
[2026-03-22 00:25:57] eps=3 rep=5/10: frame progress 1000/1000 (100.0%)
[2026-03-22 00:25:58] eps=3 rep=10/10: frame progress 1000/1000 (100.0%)
[2026-03-22 00:25:58] eps=15 rep=9/10: frame progress 600/1000 (60.0%)
[2026-03-22 00:25:58] eps=18 rep=8/10: frame progress 100/1000 (10.0%)
[2026-03-22 00:26:02] eps=3 rep=7/10: frame progress 1000/1000 (100.0%)
[2026-03-22 00:26:02] eps=18 rep=9/10: frame progress 100/1000 (10.0%)
[2026-03-22 00:26:03] eps=6 rep=3/10: frame progress 900/1000 (90.0%)
[2026-03-22 00:26:03] eps=6 rep=9/10: frame progress 900/1000 (90.0%)
[2026-03-22 00:26:04] eps=6 rep=8/10: frame progress 900/1000 (90.0%)
[2026-03-22 00:26:04] eps=6 rep=2/10: frame progress 900/1000 (90.0%)
[2026-03-22 00:26:04] eps=6 rep=6/10: frame progress 900/1000 (90.0%)
[2026-03-22 00:26:04] eps=3 rep=6/10: done
[2026-03-22 00:26:04] eps=6 rep=4/10: frame progress 900/1000 (90.0%)
[2026-03-22 00:26:05] eps=6 rep=1/10: frame progress 900/1000 (90.0%)
[2026-03-22 00:26:05] eps=6 rep=5/10: frame progress 900/1000 (90.0%)
[2026-03-22 00:26:05] eps=6 rep=7/10: frame progress 900/1000 (90.0%)
[2026-03-22 00:26:06] eps=3 rep=3/10: done
[2026-03-22 00:26:06] eps=3 rep=9/10: done
[2026-03-22 00:26:06] eps=6 rep=10/10: frame progress 1000/1000 (100.0%)
[2026-03-22 00:26:08] eps=3 rep=5/10: done
[2026-03-22 00:26:08] eps=3 rep=10/10: done
[2026-03-22 00:26:08] eps=12 rep=6/9: frame progress 700/1000 (70.0%)
[2026-03-22 00:26:09] eps=9 rep=5/10: frame progress 800/1000 (80.0%)
[2026-03-22 00:26:09] eps=9 rep=10/10: frame progress 800/1000 (80.0%)
[2026-03-22 00:26:10] eps=9 rep=2/10: frame progress 800/1000 (80.0%)
[2026-03-22 00:26:10] eps=9 rep=8/10: frame progress 800/1000 (80.0%)
[2026-03-22 00:26:11] eps=9 rep=9/10: frame progress 800/1000 (80.0%)
[2026-03-22 00:26:11] eps=12 rep=7/9: frame progress 700/1000 (70.0%)
[2026-03-22 00:26:11] eps=3 rep=1/10: frame progress 1000/1000 (100.0%)
[2026-03-22 00:26:11] eps=12 rep=1/9: frame progress 700/1000 (70.0%)
[2026-03-22 00:26:12] eps=12 rep=4/9: frame progress 700/1000 (70.0%)
[2026-03-22 00:26:12] eps=9 rep=6/10: frame progress 800/1000 (80.0%)
[2026-03-22 00:26:12] eps=9 rep=1/10: frame progress 800/1000 (80.0%)
[2026-03-22 00:26:12] eps=3 rep=7/10: done
[2026-03-22 00:26:13] eps=9 rep=3/10: frame progress 800/1000 (80.0%)
[2026-03-22 00:26:13] eps=12 rep=5/9: frame progress 700/1000 (70.0%)
[2026-03-22 00:26:14] eps=12 rep=2/9: frame progress 700/1000 (70.0%)
[2026-03-22 00:26:14] eps=12 rep=9/9: frame progress 700/1000 (70.0%)
[2026-03-22 00:26:14] eps=9 rep=4/10: frame progress 800/1000 (80.0%)
[2026-03-22 00:26:16] eps=6 rep=10/10: done
[2026-03-22 00:26:17] eps=12 rep=8/9: frame progress 700/1000 (70.0%)
[2026-03-22 00:26:20] eps=12 rep=3/9: frame progress 700/1000 (70.0%)
[2026-03-22 00:26:21] eps=3 rep=1/10: done
[2026-03-22 00:26:24] eps=9 rep=7/10: frame progress 900/1000 (90.0%)
[2026-03-22 00:26:24] eps=18 rep=10/10: frame progress 100/1000 (10.0%)
[2026-03-22 00:26:25] eps=18 rep=6/10: frame progress 200/1000 (20.0%)
[2026-03-22 00:26:42] eps=18 rep=7/10: frame progress 200/1000 (20.0%)
[2026-03-22 00:26:46] eps=18 rep=8/10: frame progress 200/1000 (20.0%)
[2026-03-22 00:26:50] eps=15 rep=5/10: frame progress 600/1000 (60.0%)
[2026-03-22 00:26:50] eps=15 rep=4/10: frame progress 600/1000 (60.0%)
[2026-03-22 00:26:51] eps=15 rep=8/10: frame progress 600/1000 (60.0%)
[2026-03-22 00:26:51] eps=15 rep=3/10: frame progress 600/1000 (60.0%)
[2026-03-22 00:26:51] eps=15 rep=6/10: frame progress 600/1000 (60.0%)
[2026-03-22 00:26:52] eps=15 rep=7/10: frame progress 600/1000 (60.0%)
[2026-03-22 00:26:52] eps=15 rep=1/10: frame progress 600/1000 (60.0%)
[2026-03-22 00:26:53] eps=18 rep=9/10: frame progress 200/1000 (20.0%)
[2026-03-22 00:26:57] eps=6 rep=3/10: frame progress 1000/1000 (100.0%)
[2026-03-22 00:26:58] eps=6 rep=9/10: frame progress 1000/1000 (100.0%)
[2026-03-22 00:26:58] eps=6 rep=8/10: frame progress 1000/1000 (100.0%)
[2026-03-22 00:26:58] eps=6 rep=6/10: frame progress 1000/1000 (100.0%)
[2026-03-22 00:26:58] eps=6 rep=4/10: frame progress 1000/1000 (100.0%)
[2026-03-22 00:26:59] eps=15 rep=10/10: frame progress 600/1000 (60.0%)
[2026-03-22 00:26:59] eps=6 rep=2/10: frame progress 1000/1000 (100.0%)
[2026-03-22 00:26:59] eps=6 rep=1/10: frame progress 1000/1000 (100.0%)
[2026-03-22 00:26:59] eps=6 rep=7/10: frame progress 1000/1000 (100.0%)
[2026-03-22 00:27:00] eps=6 rep=5/10: frame progress 1000/1000 (100.0%)
[2026-03-22 00:27:03] eps=18 rep=1/10: frame progress 600/1000 (60.0%)
[2026-03-22 00:27:04] eps=18 rep=4/10: frame progress 600/1000 (60.0%)
[2026-03-22 00:27:05] eps=18 rep=3/10: frame progress 600/1000 (60.0%)
[2026-03-22 00:27:06] eps=18 rep=2/10: frame progress 600/1000 (60.0%)
[2026-03-22 00:27:06] eps=18 rep=5/10: frame progress 600/1000 (60.0%)
[2026-03-22 00:27:08] eps=6 rep=3/10: done
[2026-03-22 00:27:08] eps=6 rep=9/10: done
[2026-03-22 00:27:08] eps=6 rep=8/10: done
[2026-03-22 00:27:08] eps=6 rep=6/10: done
[2026-03-22 00:27:09] eps=6 rep=4/10: done
[2026-03-22 00:27:09] eps=6 rep=1/10: done
[2026-03-22 00:27:09] eps=6 rep=2/10: done
[2026-03-22 00:27:10] eps=6 rep=7/10: done
[2026-03-22 00:27:10] eps=6 rep=5/10: done
[2026-03-22 00:27:13] eps=18 rep=10/10: frame progress 200/1000 (20.0%)
[2026-03-22 00:27:14] eps=9 rep=2/10: frame progress 900/1000 (90.0%)
[2026-03-22 00:27:14] eps=9 rep=10/10: frame progress 900/1000 (90.0%)
[2026-03-22 00:27:14] eps=9 rep=8/10: frame progress 900/1000 (90.0%)
[2026-03-22 00:27:15] eps=9 rep=3/10: frame progress 900/1000 (90.0%)
[2026-03-22 00:27:16] eps=9 rep=9/10: frame progress 900/1000 (90.0%)
[2026-03-22 00:27:16] eps=9 rep=6/10: frame progress 900/1000 (90.0%)
[2026-03-22 00:27:16] eps=9 rep=5/10: frame progress 900/1000 (90.0%)
[2026-03-22 00:27:17] eps=9 rep=1/10: frame progress 900/1000 (90.0%)
[2026-03-22 00:27:18] eps=12 rep=6/9: frame progress 800/1000 (80.0%)
[2026-03-22 00:27:19] eps=9 rep=4/10: frame progress 900/1000 (90.0%)
[2026-03-22 00:27:21] eps=12 rep=7/9: frame progress 800/1000 (80.0%)
[2026-03-22 00:27:21] eps=12 rep=1/9: frame progress 800/1000 (80.0%)
[2026-03-22 00:27:22] eps=12 rep=4/9: frame progress 800/1000 (80.0%)
[2026-03-22 00:27:23] eps=12 rep=5/9: frame progress 800/1000 (80.0%)
[2026-03-22 00:27:24] eps=12 rep=2/9: frame progress 800/1000 (80.0%)
[2026-03-22 00:27:25] eps=12 rep=9/9: frame progress 800/1000 (80.0%)
[2026-03-22 00:27:25] eps=18 rep=6/10: frame progress 300/1000 (30.0%)
[2026-03-22 00:27:28] eps=12 rep=8/9: frame progress 800/1000 (80.0%)
[2026-03-22 00:27:29] eps=9 rep=7/10: frame progress 1000/1000 (100.0%)
[2026-03-22 00:27:29] eps=12 rep=3/9: frame progress 800/1000 (80.0%)
[2026-03-22 00:27:39] eps=9 rep=7/10: done
[2026-03-22 00:27:40] eps=15 rep=2/10: frame progress 700/1000 (70.0%)
[2026-03-22 00:27:42] eps=18 rep=7/10: frame progress 300/1000 (30.0%)
[2026-03-22 00:27:43] eps=15 rep=9/10: frame progress 700/1000 (70.0%)
[2026-03-22 00:27:48] eps=18 rep=8/10: frame progress 300/1000 (30.0%)
[2026-03-22 00:27:56] eps=18 rep=9/10: frame progress 300/1000 (30.0%)
[2026-03-22 00:28:15] eps=18 rep=10/10: frame progress 300/1000 (30.0%)
[2026-03-22 00:28:21] eps=9 rep=10/10: frame progress 1000/1000 (100.0%)
[2026-03-22 00:28:21] eps=9 rep=2/10: frame progress 1000/1000 (100.0%)
[2026-03-22 00:28:21] eps=9 rep=3/10: frame progress 1000/1000 (100.0%)
[2026-03-22 00:28:22] eps=9 rep=8/10: frame progress 1000/1000 (100.0%)
[2026-03-22 00:28:22] eps=9 rep=5/10: frame progress 1000/1000 (100.0%)
[2026-03-22 00:28:23] eps=9 rep=9/10: frame progress 1000/1000 (100.0%)
[2026-03-22 00:28:23] eps=9 rep=6/10: frame progress 1000/1000 (100.0%)
[2026-03-22 00:28:24] eps=9 rep=1/10: frame progress 1000/1000 (100.0%)
[2026-03-22 00:28:27] eps=9 rep=4/10: frame progress 1000/1000 (100.0%)
[2026-03-22 00:28:30] eps=12 rep=6/9: frame progress 900/1000 (90.0%)
[2026-03-22 00:28:31] eps=9 rep=10/10: done
[2026-03-22 00:28:32] eps=9 rep=2/10: done
[2026-03-22 00:28:32] eps=9 rep=3/10: done
[2026-03-22 00:28:32] eps=9 rep=8/10: done
[2026-03-22 00:28:33] eps=12 rep=7/9: frame progress 900/1000 (90.0%)
[2026-03-22 00:28:33] eps=9 rep=5/10: done
[2026-03-22 00:28:33] eps=9 rep=9/10: done
[2026-03-22 00:28:33] eps=12 rep=1/9: frame progress 900/1000 (90.0%)
[2026-03-22 00:28:34] eps=9 rep=6/10: done
[2026-03-22 00:28:34] eps=12 rep=4/9: frame progress 900/1000 (90.0%)
[2026-03-22 00:28:35] eps=9 rep=1/10: done
[2026-03-22 00:28:36] eps=12 rep=5/9: frame progress 900/1000 (90.0%)
[2026-03-22 00:28:36] eps=12 rep=2/9: frame progress 900/1000 (90.0%)
[2026-03-22 00:28:37] eps=12 rep=9/9: frame progress 900/1000 (90.0%)
[2026-03-22 00:28:37] eps=9 rep=4/10: done
[2026-03-22 00:28:38] eps=15 rep=5/10: frame progress 700/1000 (70.0%)
[2026-03-22 00:28:38] eps=15 rep=3/10: frame progress 700/1000 (70.0%)
[2026-03-22 00:28:39] eps=18 rep=6/10: frame progress 400/1000 (40.0%)
[2026-03-22 00:28:39] eps=15 rep=6/10: frame progress 700/1000 (70.0%)
[2026-03-22 00:28:39] eps=15 rep=4/10: frame progress 700/1000 (70.0%)
[2026-03-22 00:28:40] eps=15 rep=8/10: frame progress 700/1000 (70.0%)
[2026-03-22 00:28:41] eps=15 rep=1/10: frame progress 700/1000 (70.0%)
[2026-03-22 00:28:41] eps=12 rep=8/9: frame progress 900/1000 (90.0%)
[2026-03-22 00:28:41] eps=12 rep=3/9: frame progress 900/1000 (90.0%)
[2026-03-22 00:28:41] eps=15 rep=7/10: frame progress 700/1000 (70.0%)
[2026-03-22 00:28:48] eps=15 rep=10/10: frame progress 700/1000 (70.0%)
[2026-03-22 00:28:55] eps=18 rep=7/10: frame progress 400/1000 (40.0%)
[2026-03-22 00:28:57] eps=18 rep=4/10: frame progress 700/1000 (70.0%)
[2026-03-22 00:28:59] eps=18 rep=3/10: frame progress 700/1000 (70.0%)
[2026-03-22 00:28:59] eps=18 rep=1/10: frame progress 700/1000 (70.0%)
[2026-03-22 00:29:00] eps=18 rep=2/10: frame progress 700/1000 (70.0%)
[2026-03-22 00:29:00] eps=18 rep=5/10: frame progress 700/1000 (70.0%)
[2026-03-22 00:29:02] eps=18 rep=8/10: frame progress 400/1000 (40.0%)
[2026-03-22 00:29:10] eps=18 rep=9/10: frame progress 400/1000 (40.0%)
[2026-03-22 00:29:30] eps=18 rep=10/10: frame progress 400/1000 (40.0%)
[2026-03-22 00:29:33] eps=15 rep=2/10: frame progress 800/1000 (80.0%)
[2026-03-22 00:29:38] eps=15 rep=9/10: frame progress 800/1000 (80.0%)
[2026-03-22 00:29:44] eps=12 rep=6/9: frame progress 1000/1000 (100.0%)
[2026-03-22 00:29:47] eps=12 rep=7/9: frame progress 1000/1000 (100.0%)
[2026-03-22 00:29:48] eps=12 rep=1/9: frame progress 1000/1000 (100.0%)
[2026-03-22 00:29:49] eps=12 rep=4/9: frame progress 1000/1000 (100.0%)
[2026-03-22 00:29:52] eps=12 rep=2/9: frame progress 1000/1000 (100.0%)
[2026-03-22 00:29:53] eps=12 rep=9/9: frame progress 1000/1000 (100.0%)
[2026-03-22 00:29:55] eps=12 rep=6/9: done
[2026-03-22 00:29:55] eps=12 rep=3/9: frame progress 1000/1000 (100.0%)
[2026-03-22 00:29:56] eps=12 rep=8/9: frame progress 1000/1000 (100.0%)
[2026-03-22 00:29:56] eps=12 rep=5/9: frame progress 1000/1000 (100.0%)
[2026-03-22 00:29:57] eps=12 rep=7/9: done
[2026-03-22 00:29:58] eps=12 rep=1/9: done
[2026-03-22 00:29:59] eps=12 rep=4/9: done
[2026-03-22 00:30:02] eps=12 rep=2/9: done
[2026-03-22 00:30:03] eps=12 rep=9/9: done
[2026-03-22 00:30:05] eps=12 rep=3/9: done
[2026-03-22 00:30:05] eps=18 rep=6/10: frame progress 500/1000 (50.0%)
[2026-03-22 00:30:06] eps=12 rep=8/9: done
[2026-03-22 00:30:07] eps=12 rep=5/9: done
[2026-03-22 00:30:21] eps=18 rep=7/10: frame progress 500/1000 (50.0%)
[2026-03-22 00:30:29] eps=18 rep=8/10: frame progress 500/1000 (50.0%)
[2026-03-22 00:30:33] eps=15 rep=3/10: frame progress 800/1000 (80.0%)
[2026-03-22 00:30:33] eps=15 rep=5/10: frame progress 800/1000 (80.0%)
[2026-03-22 00:30:34] eps=15 rep=4/10: frame progress 800/1000 (80.0%)
[2026-03-22 00:30:34] eps=15 rep=6/10: frame progress 800/1000 (80.0%)
[2026-03-22 00:30:35] eps=18 rep=9/10: frame progress 500/1000 (50.0%)
[2026-03-22 00:30:37] eps=15 rep=1/10: frame progress 800/1000 (80.0%)
[2026-03-22 00:30:37] eps=15 rep=8/10: frame progress 800/1000 (80.0%)
[2026-03-22 00:30:37] eps=15 rep=7/10: frame progress 800/1000 (80.0%)
[2026-03-22 00:30:44] eps=15 rep=10/10: frame progress 800/1000 (80.0%)
[2026-03-22 00:30:57] eps=18 rep=10/10: frame progress 500/1000 (50.0%)
[2026-03-22 00:31:01] eps=18 rep=4/10: frame progress 800/1000 (80.0%)
[2026-03-22 00:31:01] eps=18 rep=3/10: frame progress 800/1000 (80.0%)
[2026-03-22 00:31:03] eps=18 rep=1/10: frame progress 800/1000 (80.0%)
[2026-03-22 00:31:03] eps=18 rep=2/10: frame progress 800/1000 (80.0%)
[2026-03-22 00:31:07] eps=18 rep=5/10: frame progress 800/1000 (80.0%)
[2026-03-22 00:31:37] eps=15 rep=2/10: frame progress 900/1000 (90.0%)
[2026-03-22 00:31:41] eps=15 rep=9/10: frame progress 900/1000 (90.0%)
[2026-03-22 00:31:44] eps=18 rep=6/10: frame progress 600/1000 (60.0%)
[2026-03-22 00:32:00] eps=18 rep=7/10: frame progress 600/1000 (60.0%)
[2026-03-22 00:32:08] eps=18 rep=8/10: frame progress 600/1000 (60.0%)
[2026-03-22 00:32:13] eps=18 rep=9/10: frame progress 600/1000 (60.0%)
[2026-03-22 00:32:35] eps=15 rep=3/10: frame progress 900/1000 (90.0%)
[2026-03-22 00:32:36] eps=18 rep=10/10: frame progress 600/1000 (60.0%)
[2026-03-22 00:32:36] eps=15 rep=5/10: frame progress 900/1000 (90.0%)
[2026-03-22 00:32:38] eps=15 rep=6/10: frame progress 900/1000 (90.0%)
[2026-03-22 00:32:39] eps=15 rep=4/10: frame progress 900/1000 (90.0%)
[2026-03-22 00:32:40] eps=15 rep=1/10: frame progress 900/1000 (90.0%)
[2026-03-22 00:32:40] eps=15 rep=7/10: frame progress 900/1000 (90.0%)
[2026-03-22 00:32:42] eps=15 rep=8/10: frame progress 900/1000 (90.0%)
[2026-03-22 00:32:48] eps=15 rep=10/10: frame progress 900/1000 (90.0%)
[2026-03-22 00:33:16] eps=18 rep=3/10: frame progress 900/1000 (90.0%)
[2026-03-22 00:33:16] eps=18 rep=4/10: frame progress 900/1000 (90.0%)
[2026-03-22 00:33:18] eps=18 rep=1/10: frame progress 900/1000 (90.0%)
[2026-03-22 00:33:19] eps=18 rep=2/10: frame progress 900/1000 (90.0%)
[2026-03-22 00:33:24] eps=18 rep=5/10: frame progress 900/1000 (90.0%)
[2026-03-22 00:33:34] eps=18 rep=6/10: frame progress 700/1000 (70.0%)
[2026-03-22 00:33:48] eps=15 rep=2/10: frame progress 1000/1000 (100.0%)
[2026-03-22 00:33:50] eps=18 rep=7/10: frame progress 700/1000 (70.0%)
[2026-03-22 00:33:51] eps=15 rep=9/10: frame progress 1000/1000 (100.0%)
[2026-03-22 00:33:58] eps=15 rep=2/10: done
[2026-03-22 00:34:00] eps=18 rep=8/10: frame progress 700/1000 (70.0%)
[2026-03-22 00:34:01] eps=15 rep=9/10: done
[2026-03-22 00:34:03] eps=18 rep=9/10: frame progress 700/1000 (70.0%)
[2026-03-22 00:34:26] eps=18 rep=10/10: frame progress 700/1000 (70.0%)
[2026-03-22 00:34:44] eps=15 rep=3/10: frame progress 1000/1000 (100.0%)
[2026-03-22 00:34:47] eps=15 rep=5/10: frame progress 1000/1000 (100.0%)
[2026-03-22 00:34:50] eps=15 rep=6/10: frame progress 1000/1000 (100.0%)
[2026-03-22 00:34:51] eps=15 rep=1/10: frame progress 1000/1000 (100.0%)
[2026-03-22 00:34:51] eps=15 rep=4/10: frame progress 1000/1000 (100.0%)
[2026-03-22 00:34:54] eps=15 rep=8/10: frame progress 1000/1000 (100.0%)
[2026-03-22 00:34:54] eps=15 rep=3/10: done
[2026-03-22 00:34:58] eps=15 rep=5/10: done
[2026-03-22 00:35:00] eps=15 rep=6/10: done
[2026-03-22 00:35:01] eps=15 rep=10/10: frame progress 1000/1000 (100.0%)
[2026-03-22 00:35:02] eps=15 rep=1/10: done
[2026-03-22 00:35:02] eps=15 rep=4/10: done
[2026-03-22 00:35:04] eps=15 rep=8/10: done
[2026-03-22 00:35:06] eps=15 rep=7/10: frame progress 1000/1000 (100.0%)
[2026-03-22 00:35:11] eps=15 rep=10/10: done
[2026-03-22 00:35:16] eps=15 rep=7/10: done
[2026-03-22 00:35:36] eps=18 rep=6/10: frame progress 800/1000 (80.0%)
[2026-03-22 00:35:43] eps=18 rep=4/10: frame progress 1000/1000 (100.0%)
[2026-03-22 00:35:46] eps=18 rep=3/10: frame progress 1000/1000 (100.0%)
[2026-03-22 00:35:46] eps=18 rep=1/10: frame progress 1000/1000 (100.0%)
[2026-03-22 00:35:48] eps=18 rep=2/10: frame progress 1000/1000 (100.0%)
[2026-03-22 00:35:52] eps=18 rep=7/10: frame progress 800/1000 (80.0%)
[2026-03-22 00:35:54] eps=18 rep=4/10: done
[2026-03-22 00:35:56] eps=18 rep=5/10: frame progress 1000/1000 (100.0%)
[2026-03-22 00:35:56] eps=18 rep=3/10: done
[2026-03-22 00:35:56] eps=18 rep=1/10: done
[2026-03-22 00:35:58] eps=18 rep=2/10: done
[2026-03-22 00:36:04] eps=18 rep=8/10: frame progress 800/1000 (80.0%)
[2026-03-22 00:36:05] eps=18 rep=9/10: frame progress 800/1000 (80.0%)
[2026-03-22 00:36:07] eps=18 rep=5/10: done
[2026-03-22 00:36:29] eps=18 rep=10/10: frame progress 800/1000 (80.0%)
[2026-03-22 00:37:50] eps=18 rep=6/10: frame progress 900/1000 (90.0%)
[2026-03-22 00:38:06] eps=18 rep=7/10: frame progress 900/1000 (90.0%)
[2026-03-22 00:38:20] eps=18 rep=8/10: frame progress 900/1000 (90.0%)
[2026-03-22 00:38:20] eps=18 rep=9/10: frame progress 900/1000 (90.0%)
[2026-03-22 00:38:44] eps=18 rep=10/10: frame progress 900/1000 (90.0%)
[2026-03-22 00:40:17] eps=18 rep=6/10: frame progress 1000/1000 (100.0%)
[2026-03-22 00:40:27] eps=18 rep=6/10: done
[2026-03-22 00:40:32] eps=18 rep=7/10: frame progress 1000/1000 (100.0%)
[2026-03-22 00:40:42] eps=18 rep=7/10: done
[2026-03-22 00:40:48] eps=18 rep=8/10: frame progress 1000/1000 (100.0%)
[2026-03-22 00:40:48] eps=18 rep=9/10: frame progress 1000/1000 (100.0%)
[2026-03-22 00:40:58] eps=18 rep=8/10: done
[2026-03-22 00:40:58] eps=18 rep=9/10: done
[2026-03-22 00:41:13] eps=18 rep=10/10: frame progress 1000/1000 (100.0%)
[2026-03-22 00:41:23] eps=18 rep=10/10: done
[2026-03-22 00:41:23] Completed parallel analysis for 69 runs
[2026-03-22 00:41:23] Aggregating epsilon group 1/7: eps=0, replicates=10
[2026-03-22 00:41:23] Writing outputs for eps=0 to /scratch/gpfs/WEBB/chertok/REACTIVELJ_PAPER/simulation_package/melt/analysis/results/eps_0
[2026-03-22 00:41:25] Finished epsilon group eps=0
[2026-03-22 00:41:25] Aggregating epsilon group 2/7: eps=3, replicates=10
[2026-03-22 00:41:25] Writing outputs for eps=3 to /scratch/gpfs/WEBB/chertok/REACTIVELJ_PAPER/simulation_package/melt/analysis/results/eps_3
[2026-03-22 00:41:26] Finished epsilon group eps=3
[2026-03-22 00:41:26] Aggregating epsilon group 3/7: eps=6, replicates=10
[2026-03-22 00:41:26] Writing outputs for eps=6 to /scratch/gpfs/WEBB/chertok/REACTIVELJ_PAPER/simulation_package/melt/analysis/results/eps_6
[2026-03-22 00:41:27] Finished epsilon group eps=6
[2026-03-22 00:41:27] Aggregating epsilon group 4/7: eps=9, replicates=10
[2026-03-22 00:41:27] Writing outputs for eps=9 to /scratch/gpfs/WEBB/chertok/REACTIVELJ_PAPER/simulation_package/melt/analysis/results/eps_9
[2026-03-22 00:41:28] Finished epsilon group eps=9
[2026-03-22 00:41:28] Aggregating epsilon group 5/7: eps=12, replicates=9
[2026-03-22 00:41:28] Writing outputs for eps=12 to /scratch/gpfs/WEBB/chertok/REACTIVELJ_PAPER/simulation_package/melt/analysis/results/eps_12
[2026-03-22 00:41:30] Finished epsilon group eps=12
[2026-03-22 00:41:30] Aggregating epsilon group 6/7: eps=15, replicates=10
[2026-03-22 00:41:30] Writing outputs for eps=15 to /scratch/gpfs/WEBB/chertok/REACTIVELJ_PAPER/simulation_package/melt/analysis/results/eps_15
[2026-03-22 00:41:32] Finished epsilon group eps=15
[2026-03-22 00:41:32] Aggregating epsilon group 7/7: eps=18, replicates=10
[2026-03-22 00:41:32] Writing outputs for eps=18 to /scratch/gpfs/WEBB/chertok/REACTIVELJ_PAPER/simulation_package/melt/analysis/results/eps_18
[2026-03-22 00:41:34] Finished epsilon group eps=18
[2026-03-22 00:41:34] Wrote /scratch/gpfs/WEBB/chertok/REACTIVELJ_PAPER/simulation_package/melt/analysis/results/summary.json
[2026-03-22 00:41:34] Wrote /scratch/gpfs/WEBB/chertok/REACTIVELJ_PAPER/simulation_package/melt/analysis/results/summary.csv
[2026-03-22 00:41:36] Analysis complete
[2026-03-22 00:41:37] Step 7/8 complete: Analysis finished in 1337 seconds
[2026-03-22 00:41:37] Step 8/8: Job complete in 1339 seconds total
