[2026-03-01 18:34:50] Step 1/8: Purging modules
[2026-03-01 18:34:50] Step 2/8: Sourcing ~/.bashrc
[2026-03-01 18:34:51] Step 3/8: Loading anaconda module
[2026-03-01 18:34:51] Step 4/8: Activating conda environment
[2026-03-01 18:34:52] Step 5/8: Changing directory to /scratch/gpfs/WEBB/chertok/REACTIVELJ_PAPER/simulation_package/melt
[2026-03-01 18:34:52] Step 6/8: Ensuring logs directory exists
[2026-03-01 18:34:52] Step 7/8: Starting trajectory analysis
[2026-03-01 18:34:53] Scanning trajectories under /scratch/gpfs/WEBB/chertok/REACTIVELJ_PAPER/simulation_package/melt/data_generation/outputs
[2026-03-01 18:34:53] Discovered 59 trajectory/metadata pairs
[2026-03-01 18:34:53] Grouped runs into 6 epsilon values
[2026-03-01 18:34:53] Queueing epsilon group 1/6: eps=3, replicates=10
[2026-03-01 18:34:53] Queueing epsilon group 2/6: eps=6, replicates=10
[2026-03-01 18:34:53] Queueing epsilon group 3/6: eps=9, replicates=10
[2026-03-01 18:34:53] Queueing epsilon group 4/6: eps=12, replicates=9
[2026-03-01 18:34:53] Queueing epsilon group 5/6: eps=15, replicates=10
[2026-03-01 18:34:53] Queueing epsilon group 6/6: eps=18, replicates=10
[2026-03-01 18:34:53] Starting parallel analysis with 16 workers on 59 runs
[2026-03-01 18:34:53] eps=3 rep=2/10: start (eps_3/rep_003/trajectory.gsd)
[2026-03-01 18:34:53] eps=3 rep=1/10: start (eps_3/rep_004/trajectory.gsd)
[2026-03-01 18:34:53] eps=3 rep=5/10: start (eps_3/rep_005/trajectory.gsd)
[2026-03-01 18:34:53] eps=3 rep=3/10: start (eps_3/rep_007/trajectory.gsd)
[2026-03-01 18:34:53] eps=3 rep=7/10: start (eps_3/rep_009/trajectory.gsd)
[2026-03-01 18:34:53] eps=3 rep=4/10: start (eps_3/rep_006/trajectory.gsd)
[2026-03-01 18:34:53] eps=3 rep=6/10: start (eps_3/rep_010/trajectory.gsd)
[2026-03-01 18:34:53] eps=3 rep=9/10: start (eps_3/rep_002/trajectory.gsd)
[2026-03-01 18:34:53] eps=3 rep=8/10: start (eps_3/rep_008/trajectory.gsd)
[2026-03-01 18:34:53] eps=3 rep=10/10: start (eps_3/rep_001/trajectory.gsd)
[2026-03-01 18:34:53] eps=6 rep=1/10: start (eps_6/rep_004/trajectory.gsd)
[2026-03-01 18:34:53] eps=6 rep=3/10: start (eps_6/rep_007/trajectory.gsd)
[2026-03-01 18:34:53] eps=6 rep=2/10: start (eps_6/rep_003/trajectory.gsd)
[2026-03-01 18:34:53] eps=6 rep=4/10: start (eps_6/rep_006/trajectory.gsd)
[2026-03-01 18:34:53] eps=6 rep=5/10: start (eps_6/rep_005/trajectory.gsd)
[2026-03-01 18:34:53] eps=6 rep=6/10: start (eps_6/rep_010/trajectory.gsd)
[2026-03-01 18:34:56] eps=3 rep=2/10: frame progress 10/100 (10.0%)
[2026-03-01 18:34:56] eps=3 rep=6/10: frame progress 10/100 (10.0%)
[2026-03-01 18:34:56] eps=3 rep=7/10: frame progress 10/100 (10.0%)
[2026-03-01 18:34:56] eps=3 rep=9/10: frame progress 10/100 (10.0%)
[2026-03-01 18:34:56] eps=3 rep=3/10: frame progress 10/100 (10.0%)
[2026-03-01 18:34:56] eps=3 rep=8/10: frame progress 10/100 (10.0%)
[2026-03-01 18:34:56] eps=3 rep=10/10: frame progress 10/100 (10.0%)
[2026-03-01 18:34:56] eps=6 rep=6/10: frame progress 10/100 (10.0%)
[2026-03-01 18:34:56] eps=6 rep=1/10: frame progress 10/100 (10.0%)
[2026-03-01 18:34:56] eps=6 rep=3/10: frame progress 10/100 (10.0%)
[2026-03-01 18:34:56] eps=3 rep=1/10: frame progress 10/100 (10.0%)
[2026-03-01 18:34:56] eps=6 rep=2/10: frame progress 10/100 (10.0%)
[2026-03-01 18:34:56] eps=6 rep=5/10: frame progress 10/100 (10.0%)
[2026-03-01 18:34:56] eps=3 rep=5/10: frame progress 10/100 (10.0%)
[2026-03-01 18:34:56] eps=6 rep=4/10: frame progress 10/100 (10.0%)
[2026-03-01 18:34:56] eps=3 rep=4/10: frame progress 10/100 (10.0%)
[2026-03-01 18:34:59] eps=3 rep=2/10: frame progress 20/100 (20.0%)
[2026-03-01 18:34:59] eps=3 rep=6/10: frame progress 20/100 (20.0%)
[2026-03-01 18:34:59] eps=3 rep=3/10: frame progress 20/100 (20.0%)
[2026-03-01 18:34:59] eps=3 rep=9/10: frame progress 20/100 (20.0%)
[2026-03-01 18:34:59] eps=3 rep=7/10: frame progress 20/100 (20.0%)
[2026-03-01 18:34:59] eps=3 rep=10/10: frame progress 20/100 (20.0%)
[2026-03-01 18:34:59] eps=3 rep=1/10: frame progress 20/100 (20.0%)
[2026-03-01 18:34:59] eps=3 rep=8/10: frame progress 20/100 (20.0%)
[2026-03-01 18:34:59] eps=3 rep=5/10: frame progress 20/100 (20.0%)
[2026-03-01 18:34:59] eps=6 rep=1/10: frame progress 20/100 (20.0%)
[2026-03-01 18:34:59] eps=6 rep=3/10: frame progress 20/100 (20.0%)
[2026-03-01 18:34:59] eps=6 rep=6/10: frame progress 20/100 (20.0%)
[2026-03-01 18:34:59] eps=6 rep=2/10: frame progress 20/100 (20.0%)
[2026-03-01 18:34:59] eps=3 rep=4/10: frame progress 20/100 (20.0%)
[2026-03-01 18:34:59] eps=6 rep=5/10: frame progress 20/100 (20.0%)
[2026-03-01 18:34:59] eps=6 rep=4/10: frame progress 20/100 (20.0%)
[2026-03-01 18:35:02] eps=3 rep=2/10: frame progress 30/100 (30.0%)
[2026-03-01 18:35:02] eps=3 rep=6/10: frame progress 30/100 (30.0%)
[2026-03-01 18:35:02] eps=3 rep=3/10: frame progress 30/100 (30.0%)
[2026-03-01 18:35:02] eps=3 rep=9/10: frame progress 30/100 (30.0%)
[2026-03-01 18:35:02] eps=3 rep=7/10: frame progress 30/100 (30.0%)
[2026-03-01 18:35:02] eps=3 rep=10/10: frame progress 30/100 (30.0%)
[2026-03-01 18:35:02] eps=3 rep=1/10: frame progress 30/100 (30.0%)
[2026-03-01 18:35:02] eps=3 rep=5/10: frame progress 30/100 (30.0%)
[2026-03-01 18:35:02] eps=3 rep=8/10: frame progress 30/100 (30.0%)
[2026-03-01 18:35:02] eps=3 rep=4/10: frame progress 30/100 (30.0%)
[2026-03-01 18:35:02] eps=6 rep=1/10: frame progress 30/100 (30.0%)
[2026-03-01 18:35:02] eps=6 rep=3/10: frame progress 30/100 (30.0%)
[2026-03-01 18:35:02] eps=6 rep=2/10: frame progress 30/100 (30.0%)
[2026-03-01 18:35:02] eps=6 rep=6/10: frame progress 30/100 (30.0%)
[2026-03-01 18:35:02] eps=6 rep=4/10: frame progress 30/100 (30.0%)
[2026-03-01 18:35:02] eps=6 rep=5/10: frame progress 30/100 (30.0%)
[2026-03-01 18:35:04] eps=3 rep=2/10: frame progress 40/100 (40.0%)
[2026-03-01 18:35:05] eps=3 rep=6/10: frame progress 40/100 (40.0%)
[2026-03-01 18:35:05] eps=3 rep=3/10: frame progress 40/100 (40.0%)
[2026-03-01 18:35:05] eps=3 rep=9/10: frame progress 40/100 (40.0%)
[2026-03-01 18:35:05] eps=3 rep=7/10: frame progress 40/100 (40.0%)
[2026-03-01 18:35:05] eps=3 rep=1/10: frame progress 40/100 (40.0%)
[2026-03-01 18:35:05] eps=3 rep=10/10: frame progress 40/100 (40.0%)
[2026-03-01 18:35:05] eps=3 rep=5/10: frame progress 40/100 (40.0%)
[2026-03-01 18:35:05] eps=3 rep=4/10: frame progress 40/100 (40.0%)
[2026-03-01 18:35:05] eps=3 rep=8/10: frame progress 40/100 (40.0%)
[2026-03-01 18:35:05] eps=6 rep=1/10: frame progress 40/100 (40.0%)
[2026-03-01 18:35:05] eps=6 rep=2/10: frame progress 40/100 (40.0%)
[2026-03-01 18:35:05] eps=6 rep=3/10: frame progress 40/100 (40.0%)
[2026-03-01 18:35:05] eps=6 rep=6/10: frame progress 40/100 (40.0%)
[2026-03-01 18:35:05] eps=6 rep=4/10: frame progress 40/100 (40.0%)
[2026-03-01 18:35:05] eps=6 rep=5/10: frame progress 40/100 (40.0%)
[2026-03-01 18:35:07] eps=3 rep=2/10: frame progress 50/100 (50.0%)
[2026-03-01 18:35:07] eps=3 rep=6/10: frame progress 50/100 (50.0%)
[2026-03-01 18:35:07] eps=3 rep=3/10: frame progress 50/100 (50.0%)
[2026-03-01 18:35:07] eps=3 rep=9/10: frame progress 50/100 (50.0%)
[2026-03-01 18:35:07] eps=3 rep=1/10: frame progress 50/100 (50.0%)
[2026-03-01 18:35:07] eps=3 rep=10/10: frame progress 50/100 (50.0%)
[2026-03-01 18:35:07] eps=3 rep=7/10: frame progress 50/100 (50.0%)
[2026-03-01 18:35:08] eps=3 rep=5/10: frame progress 50/100 (50.0%)
[2026-03-01 18:35:08] eps=3 rep=4/10: frame progress 50/100 (50.0%)
[2026-03-01 18:35:08] eps=3 rep=8/10: frame progress 50/100 (50.0%)
[2026-03-01 18:35:08] eps=6 rep=1/10: frame progress 50/100 (50.0%)
[2026-03-01 18:35:08] eps=6 rep=2/10: frame progress 50/100 (50.0%)
[2026-03-01 18:35:08] eps=6 rep=3/10: frame progress 50/100 (50.0%)
[2026-03-01 18:35:08] eps=6 rep=4/10: frame progress 50/100 (50.0%)
[2026-03-01 18:35:08] eps=6 rep=6/10: frame progress 50/100 (50.0%)
[2026-03-01 18:35:08] eps=6 rep=5/10: frame progress 50/100 (50.0%)
[2026-03-01 18:35:10] eps=3 rep=2/10: frame progress 60/100 (60.0%)
[2026-03-01 18:35:10] eps=3 rep=6/10: frame progress 60/100 (60.0%)
[2026-03-01 18:35:10] eps=3 rep=9/10: frame progress 60/100 (60.0%)
[2026-03-01 18:35:10] eps=3 rep=3/10: frame progress 60/100 (60.0%)
[2026-03-01 18:35:10] eps=3 rep=1/10: frame progress 60/100 (60.0%)
[2026-03-01 18:35:10] eps=3 rep=10/10: frame progress 60/100 (60.0%)
[2026-03-01 18:35:10] eps=3 rep=7/10: frame progress 60/100 (60.0%)
[2026-03-01 18:35:11] eps=3 rep=5/10: frame progress 60/100 (60.0%)
[2026-03-01 18:35:11] eps=3 rep=4/10: frame progress 60/100 (60.0%)
[2026-03-01 18:35:11] eps=3 rep=8/10: frame progress 60/100 (60.0%)
[2026-03-01 18:35:11] eps=6 rep=1/10: frame progress 60/100 (60.0%)
[2026-03-01 18:35:11] eps=6 rep=2/10: frame progress 60/100 (60.0%)
[2026-03-01 18:35:11] eps=6 rep=3/10: frame progress 60/100 (60.0%)
[2026-03-01 18:35:11] eps=6 rep=4/10: frame progress 60/100 (60.0%)
[2026-03-01 18:35:11] eps=6 rep=6/10: frame progress 60/100 (60.0%)
[2026-03-01 18:35:11] eps=6 rep=5/10: frame progress 60/100 (60.0%)
[2026-03-01 18:35:13] eps=3 rep=2/10: frame progress 70/100 (70.0%)
[2026-03-01 18:35:13] eps=3 rep=9/10: frame progress 70/100 (70.0%)
[2026-03-01 18:35:13] eps=3 rep=1/10: frame progress 70/100 (70.0%)
[2026-03-01 18:35:13] eps=3 rep=6/10: frame progress 70/100 (70.0%)
[2026-03-01 18:35:13] eps=3 rep=3/10: frame progress 70/100 (70.0%)
[2026-03-01 18:35:13] eps=3 rep=10/10: frame progress 70/100 (70.0%)
[2026-03-01 18:35:13] eps=3 rep=7/10: frame progress 70/100 (70.0%)
[2026-03-01 18:35:14] eps=3 rep=5/10: frame progress 70/100 (70.0%)
[2026-03-01 18:35:14] eps=3 rep=4/10: frame progress 70/100 (70.0%)
[2026-03-01 18:35:14] eps=3 rep=8/10: frame progress 70/100 (70.0%)
[2026-03-01 18:35:14] eps=6 rep=1/10: frame progress 70/100 (70.0%)
[2026-03-01 18:35:14] eps=6 rep=2/10: frame progress 70/100 (70.0%)
[2026-03-01 18:35:14] eps=6 rep=3/10: frame progress 70/100 (70.0%)
[2026-03-01 18:35:14] eps=6 rep=4/10: frame progress 70/100 (70.0%)
[2026-03-01 18:35:14] eps=6 rep=6/10: frame progress 70/100 (70.0%)
[2026-03-01 18:35:14] eps=6 rep=5/10: frame progress 70/100 (70.0%)
[2026-03-01 18:35:16] eps=3 rep=2/10: frame progress 80/100 (80.0%)
[2026-03-01 18:35:16] eps=3 rep=1/10: frame progress 80/100 (80.0%)
[2026-03-01 18:35:16] eps=3 rep=3/10: frame progress 80/100 (80.0%)
[2026-03-01 18:35:16] eps=3 rep=9/10: frame progress 80/100 (80.0%)
[2026-03-01 18:35:16] eps=3 rep=6/10: frame progress 80/100 (80.0%)
[2026-03-01 18:35:16] eps=3 rep=10/10: frame progress 80/100 (80.0%)
[2026-03-01 18:35:16] eps=3 rep=7/10: frame progress 80/100 (80.0%)
[2026-03-01 18:35:17] eps=3 rep=5/10: frame progress 80/100 (80.0%)
[2026-03-01 18:35:17] eps=3 rep=4/10: frame progress 80/100 (80.0%)
[2026-03-01 18:35:17] eps=3 rep=8/10: frame progress 80/100 (80.0%)
[2026-03-01 18:35:17] eps=6 rep=1/10: frame progress 80/100 (80.0%)
[2026-03-01 18:35:17] eps=6 rep=2/10: frame progress 80/100 (80.0%)
[2026-03-01 18:35:17] eps=6 rep=4/10: frame progress 80/100 (80.0%)
[2026-03-01 18:35:17] eps=6 rep=3/10: frame progress 80/100 (80.0%)
[2026-03-01 18:35:18] eps=6 rep=6/10: frame progress 80/100 (80.0%)
[2026-03-01 18:35:18] eps=6 rep=5/10: frame progress 80/100 (80.0%)
[2026-03-01 18:35:19] eps=3 rep=2/10: frame progress 90/100 (90.0%)
[2026-03-01 18:35:19] eps=3 rep=1/10: frame progress 90/100 (90.0%)
[2026-03-01 18:35:19] eps=3 rep=9/10: frame progress 90/100 (90.0%)
[2026-03-01 18:35:19] eps=3 rep=6/10: frame progress 90/100 (90.0%)
[2026-03-01 18:35:19] eps=3 rep=3/10: frame progress 90/100 (90.0%)
[2026-03-01 18:35:19] eps=3 rep=10/10: frame progress 90/100 (90.0%)
[2026-03-01 18:35:19] eps=3 rep=7/10: frame progress 90/100 (90.0%)
[2026-03-01 18:35:19] eps=3 rep=5/10: frame progress 90/100 (90.0%)
[2026-03-01 18:35:20] eps=3 rep=4/10: frame progress 90/100 (90.0%)
[2026-03-01 18:35:20] eps=3 rep=8/10: frame progress 90/100 (90.0%)
[2026-03-01 18:35:20] eps=6 rep=1/10: frame progress 90/100 (90.0%)
[2026-03-01 18:35:20] eps=6 rep=2/10: frame progress 90/100 (90.0%)
[2026-03-01 18:35:21] eps=6 rep=4/10: frame progress 90/100 (90.0%)
[2026-03-01 18:35:21] eps=6 rep=3/10: frame progress 90/100 (90.0%)
[2026-03-01 18:35:21] eps=6 rep=6/10: frame progress 90/100 (90.0%)
[2026-03-01 18:35:21] eps=6 rep=5/10: frame progress 90/100 (90.0%)
[2026-03-01 18:35:22] eps=3 rep=2/10: frame progress 100/100 (100.0%)
[2026-03-01 18:35:22] eps=3 rep=1/10: frame progress 100/100 (100.0%)
[2026-03-01 18:35:22] eps=3 rep=9/10: frame progress 100/100 (100.0%)
[2026-03-01 18:35:22] eps=3 rep=6/10: frame progress 100/100 (100.0%)
[2026-03-01 18:35:22] eps=3 rep=3/10: frame progress 100/100 (100.0%)
[2026-03-01 18:35:22] eps=3 rep=10/10: frame progress 100/100 (100.0%)
[2026-03-01 18:35:22] eps=3 rep=7/10: frame progress 100/100 (100.0%)
[2026-03-01 18:35:22] eps=3 rep=5/10: frame progress 100/100 (100.0%)
[2026-03-01 18:35:22] eps=3 rep=4/10: frame progress 100/100 (100.0%)
[2026-03-01 18:35:23] eps=3 rep=2/10: done
[2026-03-01 18:35:23] eps=6 rep=7/10: start (eps_6/rep_009/trajectory.gsd)
[2026-03-01 18:35:23] eps=3 rep=9/10: done
[2026-03-01 18:35:23] eps=3 rep=1/10: done
[2026-03-01 18:35:23] eps=6 rep=8/10: start (eps_6/rep_008/trajectory.gsd)
[2026-03-01 18:35:23] eps=6 rep=9/10: start (eps_6/rep_002/trajectory.gsd)
[2026-03-01 18:35:23] eps=3 rep=3/10: done
[2026-03-01 18:35:23] eps=3 rep=6/10: done
[2026-03-01 18:35:23] eps=6 rep=10/10: start (eps_6/rep_001/trajectory.gsd)
[2026-03-01 18:35:23] eps=3 rep=10/10: done
[2026-03-01 18:35:23] eps=9 rep=1/10: start (eps_9/rep_004/trajectory.gsd)
[2026-03-01 18:35:23] eps=9 rep=2/10: start (eps_9/rep_003/trajectory.gsd)
[2026-03-01 18:35:23] eps=3 rep=7/10: done
[2026-03-01 18:35:23] eps=9 rep=3/10: start (eps_9/rep_007/trajectory.gsd)
[2026-03-01 18:35:23] eps=3 rep=8/10: frame progress 100/100 (100.0%)
[2026-03-01 18:35:23] eps=3 rep=5/10: done
[2026-03-01 18:35:23] eps=9 rep=4/10: start (eps_9/rep_006/trajectory.gsd)
[2026-03-01 18:35:23] eps=3 rep=4/10: done
[2026-03-01 18:35:23] eps=9 rep=5/10: start (eps_9/rep_005/trajectory.gsd)
[2026-03-01 18:35:23] eps=6 rep=1/10: frame progress 100/100 (100.0%)
[2026-03-01 18:35:23] eps=6 rep=2/10: frame progress 100/100 (100.0%)
[2026-03-01 18:35:24] eps=6 rep=4/10: frame progress 100/100 (100.0%)
[2026-03-01 18:35:24] eps=6 rep=3/10: frame progress 100/100 (100.0%)
[2026-03-01 18:35:24] eps=3 rep=8/10: done
[2026-03-01 18:35:24] eps=6 rep=6/10: frame progress 100/100 (100.0%)
[2026-03-01 18:35:24] eps=9 rep=6/10: start (eps_9/rep_010/trajectory.gsd)
[2026-03-01 18:35:24] eps=6 rep=5/10: frame progress 100/100 (100.0%)
[2026-03-01 18:35:24] eps=6 rep=1/10: done
[2026-03-01 18:35:24] eps=9 rep=7/10: start (eps_9/rep_009/trajectory.gsd)
[2026-03-01 18:35:24] eps=6 rep=2/10: done
[2026-03-01 18:35:24] eps=9 rep=8/10: start (eps_9/rep_008/trajectory.gsd)
[2026-03-01 18:35:24] eps=6 rep=4/10: done
[2026-03-01 18:35:24] eps=9 rep=9/10: start (eps_9/rep_002/trajectory.gsd)
[2026-03-01 18:35:24] eps=6 rep=3/10: done
[2026-03-01 18:35:24] eps=9 rep=10/10: start (eps_9/rep_001/trajectory.gsd)
[2026-03-01 18:35:24] eps=6 rep=6/10: done
[2026-03-01 18:35:24] eps=12 rep=1/9: start (eps_12/rep_004/trajectory.gsd)
[2026-03-01 18:35:24] eps=6 rep=5/10: done
[2026-03-01 18:35:25] eps=12 rep=2/9: start (eps_12/rep_003/trajectory.gsd)
[2026-03-01 18:35:26] eps=6 rep=8/10: frame progress 10/100 (10.0%)
[2026-03-01 18:35:26] eps=6 rep=10/10: frame progress 10/100 (10.0%)
[2026-03-01 18:35:26] eps=6 rep=7/10: frame progress 10/100 (10.0%)
[2026-03-01 18:35:26] eps=6 rep=9/10: frame progress 10/100 (10.0%)
[2026-03-01 18:35:26] eps=9 rep=1/10: frame progress 10/100 (10.0%)
[2026-03-01 18:35:26] eps=9 rep=3/10: frame progress 10/100 (10.0%)
[2026-03-01 18:35:26] eps=9 rep=2/10: frame progress 10/100 (10.0%)
[2026-03-01 18:35:26] eps=9 rep=4/10: frame progress 10/100 (10.0%)
[2026-03-01 18:35:26] eps=9 rep=5/10: frame progress 10/100 (10.0%)
[2026-03-01 18:35:27] eps=9 rep=6/10: frame progress 10/100 (10.0%)
[2026-03-01 18:35:27] eps=9 rep=7/10: frame progress 10/100 (10.0%)
[2026-03-01 18:35:27] eps=9 rep=9/10: frame progress 10/100 (10.0%)
[2026-03-01 18:35:27] eps=9 rep=8/10: frame progress 10/100 (10.0%)
[2026-03-01 18:35:28] eps=9 rep=10/10: frame progress 10/100 (10.0%)
[2026-03-01 18:35:28] eps=12 rep=1/9: frame progress 10/100 (10.0%)
[2026-03-01 18:35:28] eps=12 rep=2/9: frame progress 10/100 (10.0%)
[2026-03-01 18:35:29] eps=6 rep=10/10: frame progress 20/100 (20.0%)
[2026-03-01 18:35:29] eps=6 rep=7/10: frame progress 20/100 (20.0%)
[2026-03-01 18:35:29] eps=6 rep=8/10: frame progress 20/100 (20.0%)
[2026-03-01 18:35:29] eps=6 rep=9/10: frame progress 20/100 (20.0%)
[2026-03-01 18:35:29] eps=9 rep=1/10: frame progress 20/100 (20.0%)
[2026-03-01 18:35:29] eps=9 rep=3/10: frame progress 20/100 (20.0%)
[2026-03-01 18:35:29] eps=9 rep=2/10: frame progress 20/100 (20.0%)
[2026-03-01 18:35:29] eps=9 rep=4/10: frame progress 20/100 (20.0%)
[2026-03-01 18:35:29] eps=9 rep=5/10: frame progress 20/100 (20.0%)
[2026-03-01 18:35:30] eps=9 rep=6/10: frame progress 20/100 (20.0%)
[2026-03-01 18:35:30] eps=9 rep=7/10: frame progress 20/100 (20.0%)
[2026-03-01 18:35:30] eps=9 rep=9/10: frame progress 20/100 (20.0%)
[2026-03-01 18:35:30] eps=9 rep=8/10: frame progress 20/100 (20.0%)
[2026-03-01 18:35:31] eps=9 rep=10/10: frame progress 20/100 (20.0%)
[2026-03-01 18:35:31] eps=12 rep=1/9: frame progress 20/100 (20.0%)
[2026-03-01 18:35:31] eps=12 rep=2/9: frame progress 20/100 (20.0%)
[2026-03-01 18:35:32] eps=6 rep=10/10: frame progress 30/100 (30.0%)
[2026-03-01 18:35:32] eps=6 rep=9/10: frame progress 30/100 (30.0%)
[2026-03-01 18:35:32] eps=6 rep=7/10: frame progress 30/100 (30.0%)
[2026-03-01 18:35:32] eps=6 rep=8/10: frame progress 30/100 (30.0%)
[2026-03-01 18:35:32] eps=9 rep=1/10: frame progress 30/100 (30.0%)
[2026-03-01 18:35:32] eps=9 rep=2/10: frame progress 30/100 (30.0%)
[2026-03-01 18:35:32] eps=9 rep=3/10: frame progress 30/100 (30.0%)
[2026-03-01 18:35:32] eps=9 rep=4/10: frame progress 30/100 (30.0%)
[2026-03-01 18:35:32] eps=9 rep=5/10: frame progress 30/100 (30.0%)
[2026-03-01 18:35:33] eps=9 rep=6/10: frame progress 30/100 (30.0%)
[2026-03-01 18:35:33] eps=9 rep=7/10: frame progress 30/100 (30.0%)
[2026-03-01 18:35:34] eps=9 rep=9/10: frame progress 30/100 (30.0%)
[2026-03-01 18:35:34] eps=9 rep=8/10: frame progress 30/100 (30.0%)
[2026-03-01 18:35:34] eps=9 rep=10/10: frame progress 30/100 (30.0%)
[2026-03-01 18:35:34] eps=12 rep=1/9: frame progress 30/100 (30.0%)
[2026-03-01 18:35:34] eps=12 rep=2/9: frame progress 30/100 (30.0%)
[2026-03-01 18:35:35] eps=6 rep=9/10: frame progress 40/100 (40.0%)
[2026-03-01 18:35:35] eps=6 rep=7/10: frame progress 40/100 (40.0%)
[2026-03-01 18:35:35] eps=6 rep=10/10: frame progress 40/100 (40.0%)
[2026-03-01 18:35:35] eps=6 rep=8/10: frame progress 40/100 (40.0%)
[2026-03-01 18:35:35] eps=9 rep=1/10: frame progress 40/100 (40.0%)
[2026-03-01 18:35:35] eps=9 rep=2/10: frame progress 40/100 (40.0%)
[2026-03-01 18:35:35] eps=9 rep=3/10: frame progress 40/100 (40.0%)
[2026-03-01 18:35:36] eps=9 rep=4/10: frame progress 40/100 (40.0%)
[2026-03-01 18:35:36] eps=9 rep=5/10: frame progress 40/100 (40.0%)
[2026-03-01 18:35:37] eps=9 rep=7/10: frame progress 40/100 (40.0%)
[2026-03-01 18:35:37] eps=9 rep=6/10: frame progress 40/100 (40.0%)
[2026-03-01 18:35:37] eps=9 rep=8/10: frame progress 40/100 (40.0%)
[2026-03-01 18:35:37] eps=9 rep=9/10: frame progress 40/100 (40.0%)
[2026-03-01 18:35:37] eps=9 rep=10/10: frame progress 40/100 (40.0%)
[2026-03-01 18:35:37] eps=12 rep=1/9: frame progress 40/100 (40.0%)
[2026-03-01 18:35:38] eps=12 rep=2/9: frame progress 40/100 (40.0%)
[2026-03-01 18:35:38] eps=6 rep=9/10: frame progress 50/100 (50.0%)
[2026-03-01 18:35:38] eps=6 rep=7/10: frame progress 50/100 (50.0%)
[2026-03-01 18:35:38] eps=6 rep=10/10: frame progress 50/100 (50.0%)
[2026-03-01 18:35:38] eps=6 rep=8/10: frame progress 50/100 (50.0%)
[2026-03-01 18:35:39] eps=9 rep=1/10: frame progress 50/100 (50.0%)
[2026-03-01 18:35:39] eps=9 rep=2/10: frame progress 50/100 (50.0%)
[2026-03-01 18:35:39] eps=9 rep=3/10: frame progress 50/100 (50.0%)
[2026-03-01 18:35:39] eps=9 rep=4/10: frame progress 50/100 (50.0%)
[2026-03-01 18:35:39] eps=9 rep=5/10: frame progress 50/100 (50.0%)
[2026-03-01 18:35:40] eps=9 rep=7/10: frame progress 50/100 (50.0%)
[2026-03-01 18:35:40] eps=9 rep=9/10: frame progress 50/100 (50.0%)
[2026-03-01 18:35:40] eps=9 rep=8/10: frame progress 50/100 (50.0%)
[2026-03-01 18:35:40] eps=9 rep=6/10: frame progress 50/100 (50.0%)
[2026-03-01 18:35:40] eps=9 rep=10/10: frame progress 50/100 (50.0%)
[2026-03-01 18:35:41] eps=6 rep=9/10: frame progress 60/100 (60.0%)
[2026-03-01 18:35:41] eps=6 rep=10/10: frame progress 60/100 (60.0%)
[2026-03-01 18:35:41] eps=6 rep=7/10: frame progress 60/100 (60.0%)
[2026-03-01 18:35:41] eps=6 rep=8/10: frame progress 60/100 (60.0%)
[2026-03-01 18:35:41] eps=12 rep=1/9: frame progress 50/100 (50.0%)
[2026-03-01 18:35:41] eps=12 rep=2/9: frame progress 50/100 (50.0%)
[2026-03-01 18:35:42] eps=9 rep=2/10: frame progress 60/100 (60.0%)
[2026-03-01 18:35:42] eps=9 rep=1/10: frame progress 60/100 (60.0%)
[2026-03-01 18:35:42] eps=9 rep=3/10: frame progress 60/100 (60.0%)
[2026-03-01 18:35:42] eps=9 rep=4/10: frame progress 60/100 (60.0%)
[2026-03-01 18:35:42] eps=9 rep=5/10: frame progress 60/100 (60.0%)
[2026-03-01 18:35:43] eps=9 rep=7/10: frame progress 60/100 (60.0%)
[2026-03-01 18:35:43] eps=9 rep=8/10: frame progress 60/100 (60.0%)
[2026-03-01 18:35:43] eps=9 rep=9/10: frame progress 60/100 (60.0%)
[2026-03-01 18:35:43] eps=9 rep=6/10: frame progress 60/100 (60.0%)
[2026-03-01 18:35:44] eps=9 rep=10/10: frame progress 60/100 (60.0%)
[2026-03-01 18:35:44] eps=6 rep=9/10: frame progress 70/100 (70.0%)
[2026-03-01 18:35:44] eps=6 rep=7/10: frame progress 70/100 (70.0%)
[2026-03-01 18:35:44] eps=6 rep=10/10: frame progress 70/100 (70.0%)
[2026-03-01 18:35:44] eps=6 rep=8/10: frame progress 70/100 (70.0%)
[2026-03-01 18:35:45] eps=12 rep=1/9: frame progress 60/100 (60.0%)
[2026-03-01 18:35:45] eps=12 rep=2/9: frame progress 60/100 (60.0%)
[2026-03-01 18:35:45] eps=9 rep=1/10: frame progress 70/100 (70.0%)
[2026-03-01 18:35:45] eps=9 rep=2/10: frame progress 70/100 (70.0%)
[2026-03-01 18:35:45] eps=9 rep=3/10: frame progress 70/100 (70.0%)
[2026-03-01 18:35:45] eps=9 rep=4/10: frame progress 70/100 (70.0%)
[2026-03-01 18:35:46] eps=9 rep=5/10: frame progress 70/100 (70.0%)
[2026-03-01 18:35:47] eps=9 rep=7/10: frame progress 70/100 (70.0%)
[2026-03-01 18:35:47] eps=9 rep=8/10: frame progress 70/100 (70.0%)
[2026-03-01 18:35:47] eps=9 rep=9/10: frame progress 70/100 (70.0%)
[2026-03-01 18:35:47] eps=9 rep=6/10: frame progress 70/100 (70.0%)
[2026-03-01 18:35:47] eps=9 rep=10/10: frame progress 70/100 (70.0%)
[2026-03-01 18:35:47] eps=6 rep=9/10: frame progress 80/100 (80.0%)
[2026-03-01 18:35:47] eps=6 rep=10/10: frame progress 80/100 (80.0%)
[2026-03-01 18:35:47] eps=6 rep=7/10: frame progress 80/100 (80.0%)
[2026-03-01 18:35:47] eps=6 rep=8/10: frame progress 80/100 (80.0%)
[2026-03-01 18:35:48] eps=12 rep=1/9: frame progress 70/100 (70.0%)
[2026-03-01 18:35:49] eps=12 rep=2/9: frame progress 70/100 (70.0%)
[2026-03-01 18:35:49] eps=9 rep=2/10: frame progress 80/100 (80.0%)
[2026-03-01 18:35:49] eps=9 rep=3/10: frame progress 80/100 (80.0%)
[2026-03-01 18:35:49] eps=9 rep=1/10: frame progress 80/100 (80.0%)
[2026-03-01 18:35:49] eps=9 rep=4/10: frame progress 80/100 (80.0%)
[2026-03-01 18:35:49] eps=9 rep=5/10: frame progress 80/100 (80.0%)
[2026-03-01 18:35:50] eps=9 rep=7/10: frame progress 80/100 (80.0%)
[2026-03-01 18:35:50] eps=9 rep=8/10: frame progress 80/100 (80.0%)
[2026-03-01 18:35:50] eps=9 rep=9/10: frame progress 80/100 (80.0%)
[2026-03-01 18:35:50] eps=6 rep=9/10: frame progress 90/100 (90.0%)
[2026-03-01 18:35:50] eps=6 rep=7/10: frame progress 90/100 (90.0%)
[2026-03-01 18:35:50] eps=6 rep=10/10: frame progress 90/100 (90.0%)
[2026-03-01 18:35:50] eps=6 rep=8/10: frame progress 90/100 (90.0%)
[2026-03-01 18:35:50] eps=9 rep=10/10: frame progress 80/100 (80.0%)
[2026-03-01 18:35:50] eps=9 rep=6/10: frame progress 80/100 (80.0%)
[2026-03-01 18:35:52] eps=9 rep=2/10: frame progress 90/100 (90.0%)
[2026-03-01 18:35:52] eps=9 rep=3/10: frame progress 90/100 (90.0%)
[2026-03-01 18:35:52] eps=9 rep=1/10: frame progress 90/100 (90.0%)
[2026-03-01 18:35:52] eps=9 rep=5/10: frame progress 90/100 (90.0%)
[2026-03-01 18:35:52] eps=9 rep=4/10: frame progress 90/100 (90.0%)
[2026-03-01 18:35:52] eps=12 rep=1/9: frame progress 80/100 (80.0%)
[2026-03-01 18:35:52] eps=12 rep=2/9: frame progress 80/100 (80.0%)
[2026-03-01 18:35:53] eps=9 rep=7/10: frame progress 90/100 (90.0%)
[2026-03-01 18:35:53] eps=6 rep=7/10: frame progress 100/100 (100.0%)
[2026-03-01 18:35:53] eps=6 rep=9/10: frame progress 100/100 (100.0%)
[2026-03-01 18:35:53] eps=6 rep=10/10: frame progress 100/100 (100.0%)
[2026-03-01 18:35:53] eps=9 rep=8/10: frame progress 90/100 (90.0%)
[2026-03-01 18:35:53] eps=9 rep=9/10: frame progress 90/100 (90.0%)
[2026-03-01 18:35:53] eps=6 rep=8/10: frame progress 100/100 (100.0%)
[2026-03-01 18:35:54] eps=9 rep=10/10: frame progress 90/100 (90.0%)
[2026-03-01 18:35:54] eps=9 rep=6/10: frame progress 90/100 (90.0%)
[2026-03-01 18:35:54] eps=6 rep=9/10: done
[2026-03-01 18:35:54] eps=6 rep=7/10: done
[2026-03-01 18:35:54] eps=6 rep=10/10: done
[2026-03-01 18:35:54] eps=12 rep=3/9: start (eps_12/rep_007/trajectory.gsd)
[2026-03-01 18:35:54] eps=12 rep=4/9: start (eps_12/rep_006/trajectory.gsd)
[2026-03-01 18:35:54] eps=12 rep=5/9: start (eps_12/rep_005/trajectory.gsd)
[2026-03-01 18:35:54] eps=6 rep=8/10: done
[2026-03-01 18:35:54] eps=12 rep=6/9: start (eps_12/rep_010/trajectory.gsd)
[2026-03-01 18:35:55] eps=9 rep=2/10: frame progress 100/100 (100.0%)
[2026-03-01 18:35:55] eps=9 rep=3/10: frame progress 100/100 (100.0%)
[2026-03-01 18:35:55] eps=9 rep=1/10: frame progress 100/100 (100.0%)
[2026-03-01 18:35:56] eps=9 rep=4/10: frame progress 100/100 (100.0%)
[2026-03-01 18:35:56] eps=9 rep=5/10: frame progress 100/100 (100.0%)
[2026-03-01 18:35:56] eps=12 rep=1/9: frame progress 90/100 (90.0%)
[2026-03-01 18:35:56] eps=9 rep=2/10: done
[2026-03-01 18:35:56] eps=12 rep=7/9: start (eps_12/rep_009/trajectory.gsd)
[2026-03-01 18:35:56] eps=9 rep=3/10: done
[2026-03-01 18:35:56] eps=12 rep=8/9: start (eps_12/rep_002/trajectory.gsd)
[2026-03-01 18:35:56] eps=9 rep=1/10: done
[2026-03-01 18:35:56] eps=12 rep=9/9: start (eps_12/rep_001/trajectory.gsd)
[2026-03-01 18:35:56] eps=9 rep=4/10: done
[2026-03-01 18:35:56] eps=9 rep=5/10: done
[2026-03-01 18:35:56] eps=12 rep=2/9: frame progress 90/100 (90.0%)
[2026-03-01 18:35:56] eps=15 rep=1/10: start (eps_15/rep_004/trajectory.gsd)
[2026-03-01 18:35:56] eps=15 rep=2/10: start (eps_15/rep_003/trajectory.gsd)
[2026-03-01 18:35:57] eps=9 rep=7/10: frame progress 100/100 (100.0%)
[2026-03-01 18:35:57] eps=9 rep=8/10: frame progress 100/100 (100.0%)
[2026-03-01 18:35:57] eps=9 rep=9/10: frame progress 100/100 (100.0%)
[2026-03-01 18:35:57] eps=9 rep=10/10: frame progress 100/100 (100.0%)
[2026-03-01 18:35:57] eps=9 rep=6/10: frame progress 100/100 (100.0%)
[2026-03-01 18:35:57] eps=12 rep=3/9: frame progress 10/100 (10.0%)
[2026-03-01 18:35:57] eps=12 rep=5/9: frame progress 10/100 (10.0%)
[2026-03-01 18:35:57] eps=12 rep=6/9: frame progress 10/100 (10.0%)
[2026-03-01 18:35:57] eps=12 rep=4/9: frame progress 10/100 (10.0%)
[2026-03-01 18:35:57] eps=9 rep=7/10: done
[2026-03-01 18:35:57] eps=15 rep=3/10: start (eps_15/rep_007/trajectory.gsd)
[2026-03-01 18:35:57] eps=9 rep=8/10: done
[2026-03-01 18:35:57] eps=9 rep=9/10: done
[2026-03-01 18:35:57] eps=15 rep=4/10: start (eps_15/rep_006/trajectory.gsd)
[2026-03-01 18:35:57] eps=15 rep=5/10: start (eps_15/rep_005/trajectory.gsd)
[2026-03-01 18:35:58] eps=9 rep=10/10: done
[2026-03-01 18:35:58] eps=15 rep=6/10: start (eps_15/rep_010/trajectory.gsd)
[2026-03-01 18:35:58] eps=9 rep=6/10: done
[2026-03-01 18:35:58] eps=15 rep=7/10: start (eps_15/rep_009/trajectory.gsd)
[2026-03-01 18:35:59] eps=12 rep=7/9: frame progress 10/100 (10.0%)
[2026-03-01 18:35:59] eps=12 rep=8/9: frame progress 10/100 (10.0%)
[2026-03-01 18:36:00] eps=15 rep=2/10: frame progress 10/100 (10.0%)
[2026-03-01 18:36:00] eps=12 rep=9/9: frame progress 10/100 (10.0%)
[2026-03-01 18:36:00] eps=15 rep=1/10: frame progress 10/100 (10.0%)
[2026-03-01 18:36:00] eps=12 rep=1/9: frame progress 100/100 (100.0%)
[2026-03-01 18:36:00] eps=12 rep=3/9: frame progress 20/100 (20.0%)
[2026-03-01 18:36:00] eps=12 rep=5/9: frame progress 20/100 (20.0%)
[2026-03-01 18:36:00] eps=12 rep=6/9: frame progress 20/100 (20.0%)
[2026-03-01 18:36:00] eps=12 rep=4/9: frame progress 20/100 (20.0%)
[2026-03-01 18:36:00] eps=12 rep=2/9: frame progress 100/100 (100.0%)
[2026-03-01 18:36:01] eps=15 rep=3/10: frame progress 10/100 (10.0%)
[2026-03-01 18:36:01] eps=15 rep=5/10: frame progress 10/100 (10.0%)
[2026-03-01 18:36:01] eps=15 rep=4/10: frame progress 10/100 (10.0%)
[2026-03-01 18:36:01] eps=12 rep=1/9: done
[2026-03-01 18:36:01] eps=15 rep=8/10: start (eps_15/rep_008/trajectory.gsd)
[2026-03-01 18:36:01] eps=12 rep=2/9: done
[2026-03-01 18:36:01] eps=15 rep=9/10: start (eps_15/rep_002/trajectory.gsd)
[2026-03-01 18:36:01] eps=15 rep=6/10: frame progress 10/100 (10.0%)
[2026-03-01 18:36:01] eps=15 rep=7/10: frame progress 10/100 (10.0%)
[2026-03-01 18:36:03] eps=12 rep=7/9: frame progress 20/100 (20.0%)
[2026-03-01 18:36:03] eps=12 rep=8/9: frame progress 20/100 (20.0%)
[2026-03-01 18:36:03] eps=12 rep=9/9: frame progress 20/100 (20.0%)
[2026-03-01 18:36:03] eps=15 rep=2/10: frame progress 20/100 (20.0%)
[2026-03-01 18:36:03] eps=15 rep=1/10: frame progress 20/100 (20.0%)
[2026-03-01 18:36:04] eps=12 rep=3/9: frame progress 30/100 (30.0%)
[2026-03-01 18:36:04] eps=12 rep=5/9: frame progress 30/100 (30.0%)
[2026-03-01 18:36:04] eps=12 rep=6/9: frame progress 30/100 (30.0%)
[2026-03-01 18:36:04] eps=12 rep=4/9: frame progress 30/100 (30.0%)
[2026-03-01 18:36:04] eps=15 rep=3/10: frame progress 20/100 (20.0%)
[2026-03-01 18:36:04] eps=15 rep=5/10: frame progress 20/100 (20.0%)
[2026-03-01 18:36:04] eps=15 rep=4/10: frame progress 20/100 (20.0%)
[2026-03-01 18:36:04] eps=15 rep=8/10: frame progress 10/100 (10.0%)
[2026-03-01 18:36:05] eps=15 rep=6/10: frame progress 20/100 (20.0%)
[2026-03-01 18:36:05] eps=15 rep=9/10: frame progress 10/100 (10.0%)
[2026-03-01 18:36:05] eps=15 rep=7/10: frame progress 20/100 (20.0%)
[2026-03-01 18:36:06] eps=12 rep=7/9: frame progress 30/100 (30.0%)
[2026-03-01 18:36:06] eps=12 rep=8/9: frame progress 30/100 (30.0%)
[2026-03-01 18:36:06] eps=15 rep=2/10: frame progress 30/100 (30.0%)
[2026-03-01 18:36:06] eps=12 rep=9/9: frame progress 30/100 (30.0%)
[2026-03-01 18:36:06] eps=15 rep=1/10: frame progress 30/100 (30.0%)
[2026-03-01 18:36:07] eps=12 rep=3/9: frame progress 40/100 (40.0%)
[2026-03-01 18:36:07] eps=12 rep=5/9: frame progress 40/100 (40.0%)
[2026-03-01 18:36:07] eps=15 rep=3/10: frame progress 30/100 (30.0%)
[2026-03-01 18:36:07] eps=12 rep=6/9: frame progress 40/100 (40.0%)
[2026-03-01 18:36:07] eps=12 rep=4/9: frame progress 40/100 (40.0%)
[2026-03-01 18:36:07] eps=15 rep=5/10: frame progress 30/100 (30.0%)
[2026-03-01 18:36:07] eps=15 rep=4/10: frame progress 30/100 (30.0%)
[2026-03-01 18:36:08] eps=15 rep=8/10: frame progress 20/100 (20.0%)
[2026-03-01 18:36:08] eps=15 rep=9/10: frame progress 20/100 (20.0%)
[2026-03-01 18:36:08] eps=15 rep=6/10: frame progress 30/100 (30.0%)
[2026-03-01 18:36:08] eps=15 rep=7/10: frame progress 30/100 (30.0%)
[2026-03-01 18:36:09] eps=12 rep=7/9: frame progress 40/100 (40.0%)
[2026-03-01 18:36:09] eps=12 rep=8/9: frame progress 40/100 (40.0%)
[2026-03-01 18:36:10] eps=12 rep=9/9: frame progress 40/100 (40.0%)
[2026-03-01 18:36:10] eps=15 rep=2/10: frame progress 40/100 (40.0%)
[2026-03-01 18:36:10] eps=15 rep=1/10: frame progress 40/100 (40.0%)
[2026-03-01 18:36:11] eps=12 rep=3/9: frame progress 50/100 (50.0%)
[2026-03-01 18:36:11] eps=15 rep=5/10: frame progress 40/100 (40.0%)
[2026-03-01 18:36:11] eps=15 rep=3/10: frame progress 40/100 (40.0%)
[2026-03-01 18:36:11] eps=12 rep=5/9: frame progress 50/100 (50.0%)
[2026-03-01 18:36:11] eps=12 rep=6/9: frame progress 50/100 (50.0%)
[2026-03-01 18:36:11] eps=12 rep=4/9: frame progress 50/100 (50.0%)
[2026-03-01 18:36:11] eps=15 rep=4/10: frame progress 40/100 (40.0%)
[2026-03-01 18:36:11] eps=15 rep=8/10: frame progress 30/100 (30.0%)
[2026-03-01 18:36:11] eps=15 rep=9/10: frame progress 30/100 (30.0%)
[2026-03-01 18:36:11] eps=15 rep=6/10: frame progress 40/100 (40.0%)
[2026-03-01 18:36:11] eps=15 rep=7/10: frame progress 40/100 (40.0%)
[2026-03-01 18:36:13] eps=12 rep=7/9: frame progress 50/100 (50.0%)
[2026-03-01 18:36:13] eps=12 rep=8/9: frame progress 50/100 (50.0%)
[2026-03-01 18:36:13] eps=12 rep=9/9: frame progress 50/100 (50.0%)
[2026-03-01 18:36:13] eps=15 rep=2/10: frame progress 50/100 (50.0%)
[2026-03-01 18:36:13] eps=15 rep=1/10: frame progress 50/100 (50.0%)
[2026-03-01 18:36:14] eps=12 rep=3/9: frame progress 60/100 (60.0%)
[2026-03-01 18:36:14] eps=15 rep=5/10: frame progress 50/100 (50.0%)
[2026-03-01 18:36:14] eps=15 rep=3/10: frame progress 50/100 (50.0%)
[2026-03-01 18:36:14] eps=12 rep=5/9: frame progress 60/100 (60.0%)
[2026-03-01 18:36:14] eps=12 rep=6/9: frame progress 60/100 (60.0%)
[2026-03-01 18:36:14] eps=12 rep=4/9: frame progress 60/100 (60.0%)
[2026-03-01 18:36:14] eps=15 rep=8/10: frame progress 40/100 (40.0%)
[2026-03-01 18:36:14] eps=15 rep=4/10: frame progress 50/100 (50.0%)
[2026-03-01 18:36:14] eps=15 rep=9/10: frame progress 40/100 (40.0%)
[2026-03-01 18:36:15] eps=15 rep=6/10: frame progress 50/100 (50.0%)
[2026-03-01 18:36:15] eps=15 rep=7/10: frame progress 50/100 (50.0%)
[2026-03-01 18:36:16] eps=12 rep=7/9: frame progress 60/100 (60.0%)
[2026-03-01 18:36:16] eps=12 rep=8/9: frame progress 60/100 (60.0%)
[2026-03-01 18:36:16] eps=12 rep=9/9: frame progress 60/100 (60.0%)
[2026-03-01 18:36:17] eps=15 rep=2/10: frame progress 60/100 (60.0%)
[2026-03-01 18:36:17] eps=15 rep=1/10: frame progress 60/100 (60.0%)
[2026-03-01 18:36:18] eps=15 rep=5/10: frame progress 60/100 (60.0%)
[2026-03-01 18:36:18] eps=12 rep=3/9: frame progress 70/100 (70.0%)
[2026-03-01 18:36:18] eps=15 rep=3/10: frame progress 60/100 (60.0%)
[2026-03-01 18:36:18] eps=15 rep=8/10: frame progress 50/100 (50.0%)
[2026-03-01 18:36:18] eps=12 rep=5/9: frame progress 70/100 (70.0%)
[2026-03-01 18:36:18] eps=12 rep=4/9: frame progress 70/100 (70.0%)
[2026-03-01 18:36:18] eps=12 rep=6/9: frame progress 70/100 (70.0%)
[2026-03-01 18:36:18] eps=15 rep=4/10: frame progress 60/100 (60.0%)
[2026-03-01 18:36:18] eps=15 rep=9/10: frame progress 50/100 (50.0%)
[2026-03-01 18:36:18] eps=15 rep=6/10: frame progress 60/100 (60.0%)
[2026-03-01 18:36:19] eps=15 rep=7/10: frame progress 60/100 (60.0%)
[2026-03-01 18:36:20] eps=12 rep=7/9: frame progress 70/100 (70.0%)
[2026-03-01 18:36:20] eps=12 rep=8/9: frame progress 70/100 (70.0%)
[2026-03-01 18:36:20] eps=12 rep=9/9: frame progress 70/100 (70.0%)
[2026-03-01 18:36:20] eps=15 rep=2/10: frame progress 70/100 (70.0%)
[2026-03-01 18:36:20] eps=15 rep=1/10: frame progress 70/100 (70.0%)
[2026-03-01 18:36:21] eps=15 rep=8/10: frame progress 60/100 (60.0%)
[2026-03-01 18:36:21] eps=15 rep=5/10: frame progress 70/100 (70.0%)
[2026-03-01 18:36:21] eps=12 rep=3/9: frame progress 80/100 (80.0%)
[2026-03-01 18:36:21] eps=15 rep=3/10: frame progress 70/100 (70.0%)
[2026-03-01 18:36:21] eps=12 rep=5/9: frame progress 80/100 (80.0%)
[2026-03-01 18:36:21] eps=15 rep=9/10: frame progress 60/100 (60.0%)
[2026-03-01 18:36:22] eps=12 rep=4/9: frame progress 80/100 (80.0%)
[2026-03-01 18:36:22] eps=12 rep=6/9: frame progress 80/100 (80.0%)
[2026-03-01 18:36:22] eps=15 rep=4/10: frame progress 70/100 (70.0%)
[2026-03-01 18:36:22] eps=15 rep=6/10: frame progress 70/100 (70.0%)
[2026-03-01 18:36:23] eps=15 rep=7/10: frame progress 70/100 (70.0%)
[2026-03-01 18:36:24] eps=12 rep=7/9: frame progress 80/100 (80.0%)
[2026-03-01 18:36:24] eps=12 rep=8/9: frame progress 80/100 (80.0%)
[2026-03-01 18:36:24] eps=12 rep=9/9: frame progress 80/100 (80.0%)
[2026-03-01 18:36:24] eps=15 rep=2/10: frame progress 80/100 (80.0%)
[2026-03-01 18:36:24] eps=15 rep=1/10: frame progress 80/100 (80.0%)
[2026-03-01 18:36:25] eps=15 rep=8/10: frame progress 70/100 (70.0%)
[2026-03-01 18:36:25] eps=12 rep=3/9: frame progress 90/100 (90.0%)
[2026-03-01 18:36:25] eps=15 rep=9/10: frame progress 70/100 (70.0%)
[2026-03-01 18:36:25] eps=15 rep=5/10: frame progress 80/100 (80.0%)
[2026-03-01 18:36:25] eps=15 rep=3/10: frame progress 80/100 (80.0%)
[2026-03-01 18:36:25] eps=12 rep=5/9: frame progress 90/100 (90.0%)
[2026-03-01 18:36:25] eps=12 rep=4/9: frame progress 90/100 (90.0%)
[2026-03-01 18:36:26] eps=12 rep=6/9: frame progress 90/100 (90.0%)
[2026-03-01 18:36:26] eps=15 rep=4/10: frame progress 80/100 (80.0%)
[2026-03-01 18:36:26] eps=15 rep=6/10: frame progress 80/100 (80.0%)
[2026-03-01 18:36:27] eps=15 rep=7/10: frame progress 80/100 (80.0%)
[2026-03-01 18:36:28] eps=12 rep=7/9: frame progress 90/100 (90.0%)
[2026-03-01 18:36:28] eps=12 rep=8/9: frame progress 90/100 (90.0%)
[2026-03-01 18:36:28] eps=12 rep=9/9: frame progress 90/100 (90.0%)
[2026-03-01 18:36:29] eps=15 rep=2/10: frame progress 90/100 (90.0%)
[2026-03-01 18:36:29] eps=15 rep=1/10: frame progress 90/100 (90.0%)
[2026-03-01 18:36:29] eps=15 rep=8/10: frame progress 80/100 (80.0%)
[2026-03-01 18:36:30] eps=12 rep=3/9: frame progress 100/100 (100.0%)
[2026-03-01 18:36:30] eps=15 rep=9/10: frame progress 80/100 (80.0%)
[2026-03-01 18:36:30] eps=12 rep=5/9: frame progress 100/100 (100.0%)
[2026-03-01 18:36:30] eps=12 rep=4/9: frame progress 100/100 (100.0%)
[2026-03-01 18:36:30] eps=15 rep=5/10: frame progress 90/100 (90.0%)
[2026-03-01 18:36:30] eps=12 rep=6/9: frame progress 100/100 (100.0%)
[2026-03-01 18:36:30] eps=15 rep=3/10: frame progress 90/100 (90.0%)
[2026-03-01 18:36:30] eps=15 rep=4/10: frame progress 90/100 (90.0%)
[2026-03-01 18:36:30] eps=12 rep=3/9: done
[2026-03-01 18:36:30] eps=15 rep=10/10: start (eps_15/rep_001/trajectory.gsd)
[2026-03-01 18:36:31] eps=15 rep=6/10: frame progress 90/100 (90.0%)
[2026-03-01 18:36:31] eps=12 rep=5/9: done
[2026-03-01 18:36:31] eps=12 rep=4/9: done
[2026-03-01 18:36:31] eps=18 rep=2/10: start (eps_18/rep_003/trajectory.gsd)
[2026-03-01 18:36:31] eps=18 rep=1/10: start (eps_18/rep_004/trajectory.gsd)
[2026-03-01 18:36:31] eps=12 rep=6/9: done
[2026-03-01 18:36:31] eps=18 rep=3/10: start (eps_18/rep_007/trajectory.gsd)
[2026-03-01 18:36:31] eps=15 rep=7/10: frame progress 90/100 (90.0%)
[2026-03-01 18:36:32] eps=12 rep=7/9: frame progress 100/100 (100.0%)
[2026-03-01 18:36:32] eps=12 rep=8/9: frame progress 100/100 (100.0%)
[2026-03-01 18:36:32] eps=12 rep=9/9: frame progress 100/100 (100.0%)
[2026-03-01 18:36:33] eps=12 rep=7/9: done
[2026-03-01 18:36:33] eps=18 rep=4/10: start (eps_18/rep_006/trajectory.gsd)
[2026-03-01 18:36:33] eps=12 rep=8/9: done
[2026-03-01 18:36:33] eps=18 rep=5/10: start (eps_18/rep_005/trajectory.gsd)
[2026-03-01 18:36:33] eps=12 rep=9/9: done
[2026-03-01 18:36:33] eps=18 rep=6/10: start (eps_18/rep_010/trajectory.gsd)
[2026-03-01 18:36:33] eps=15 rep=2/10: frame progress 100/100 (100.0%)
[2026-03-01 18:36:33] eps=15 rep=1/10: frame progress 100/100 (100.0%)
[2026-03-01 18:36:34] eps=15 rep=10/10: frame progress 10/100 (10.0%)
[2026-03-01 18:36:34] eps=15 rep=8/10: frame progress 90/100 (90.0%)
[2026-03-01 18:36:34] eps=15 rep=9/10: frame progress 90/100 (90.0%)
[2026-03-01 18:36:34] eps=15 rep=2/10: done
[2026-03-01 18:36:34] eps=18 rep=7/10: start (eps_18/rep_009/trajectory.gsd)
[2026-03-01 18:36:34] eps=18 rep=2/10: frame progress 10/100 (10.0%)
[2026-03-01 18:36:34] eps=15 rep=1/10: done
[2026-03-01 18:36:34] eps=18 rep=1/10: frame progress 10/100 (10.0%)
[2026-03-01 18:36:34] eps=18 rep=8/10: start (eps_18/rep_008/trajectory.gsd)
[2026-03-01 18:36:34] eps=18 rep=3/10: frame progress 10/100 (10.0%)
[2026-03-01 18:36:34] eps=15 rep=5/10: frame progress 100/100 (100.0%)
[2026-03-01 18:36:34] eps=15 rep=3/10: frame progress 100/100 (100.0%)
[2026-03-01 18:36:34] eps=15 rep=4/10: frame progress 100/100 (100.0%)
[2026-03-01 18:36:35] eps=15 rep=6/10: frame progress 100/100 (100.0%)
[2026-03-01 18:36:35] eps=15 rep=5/10: done
[2026-03-01 18:36:35] eps=18 rep=9/10: start (eps_18/rep_002/trajectory.gsd)
[2026-03-01 18:36:35] eps=15 rep=3/10: done
[2026-03-01 18:36:35] eps=18 rep=10/10: start (eps_18/rep_001/trajectory.gsd)
[2026-03-01 18:36:35] eps=15 rep=4/10: done
[2026-03-01 18:36:36] eps=15 rep=7/10: frame progress 100/100 (100.0%)
[2026-03-01 18:36:36] eps=15 rep=6/10: done
[2026-03-01 18:36:36] eps=18 rep=4/10: frame progress 10/100 (10.0%)
[2026-03-01 18:36:36] eps=18 rep=5/10: frame progress 10/100 (10.0%)
[2026-03-01 18:36:36] eps=18 rep=6/10: frame progress 10/100 (10.0%)
[2026-03-01 18:36:36] eps=15 rep=7/10: done
[2026-03-01 18:36:37] eps=15 rep=10/10: frame progress 20/100 (20.0%)
[2026-03-01 18:36:37] eps=18 rep=2/10: frame progress 20/100 (20.0%)
[2026-03-01 18:36:37] eps=18 rep=7/10: frame progress 10/100 (10.0%)
[2026-03-01 18:36:37] eps=18 rep=1/10: frame progress 20/100 (20.0%)
[2026-03-01 18:36:37] eps=18 rep=3/10: frame progress 20/100 (20.0%)
[2026-03-01 18:36:37] eps=18 rep=8/10: frame progress 10/100 (10.0%)
[2026-03-01 18:36:38] eps=15 rep=8/10: frame progress 100/100 (100.0%)
[2026-03-01 18:36:38] eps=15 rep=9/10: frame progress 100/100 (100.0%)
[2026-03-01 18:36:38] eps=18 rep=10/10: frame progress 10/100 (10.0%)
[2026-03-01 18:36:38] eps=18 rep=9/10: frame progress 10/100 (10.0%)
[2026-03-01 18:36:39] eps=15 rep=9/10: done
[2026-03-01 18:36:39] eps=15 rep=8/10: done
[2026-03-01 18:36:39] eps=18 rep=4/10: frame progress 20/100 (20.0%)
[2026-03-01 18:36:39] eps=18 rep=5/10: frame progress 20/100 (20.0%)
[2026-03-01 18:36:39] eps=18 rep=6/10: frame progress 20/100 (20.0%)
[2026-03-01 18:36:40] eps=15 rep=10/10: frame progress 30/100 (30.0%)
[2026-03-01 18:36:40] eps=18 rep=7/10: frame progress 20/100 (20.0%)
[2026-03-01 18:36:40] eps=18 rep=2/10: frame progress 30/100 (30.0%)
[2026-03-01 18:36:40] eps=18 rep=1/10: frame progress 30/100 (30.0%)
[2026-03-01 18:36:40] eps=18 rep=3/10: frame progress 30/100 (30.0%)
[2026-03-01 18:36:40] eps=18 rep=8/10: frame progress 20/100 (20.0%)
[2026-03-01 18:36:41] eps=18 rep=10/10: frame progress 20/100 (20.0%)
[2026-03-01 18:36:41] eps=18 rep=9/10: frame progress 20/100 (20.0%)
[2026-03-01 18:36:42] eps=18 rep=4/10: frame progress 30/100 (30.0%)
[2026-03-01 18:36:42] eps=18 rep=5/10: frame progress 30/100 (30.0%)
[2026-03-01 18:36:42] eps=18 rep=6/10: frame progress 30/100 (30.0%)
[2026-03-01 18:36:43] eps=15 rep=10/10: frame progress 40/100 (40.0%)
[2026-03-01 18:36:43] eps=18 rep=7/10: frame progress 30/100 (30.0%)
[2026-03-01 18:36:43] eps=18 rep=2/10: frame progress 40/100 (40.0%)
[2026-03-01 18:36:43] eps=18 rep=1/10: frame progress 40/100 (40.0%)
[2026-03-01 18:36:43] eps=18 rep=8/10: frame progress 30/100 (30.0%)
[2026-03-01 18:36:44] eps=18 rep=3/10: frame progress 40/100 (40.0%)
[2026-03-01 18:36:44] eps=18 rep=10/10: frame progress 30/100 (30.0%)
[2026-03-01 18:36:44] eps=18 rep=9/10: frame progress 30/100 (30.0%)
[2026-03-01 18:36:45] eps=18 rep=4/10: frame progress 40/100 (40.0%)
[2026-03-01 18:36:45] eps=18 rep=5/10: frame progress 40/100 (40.0%)
[2026-03-01 18:36:46] eps=18 rep=6/10: frame progress 40/100 (40.0%)
[2026-03-01 18:36:46] eps=18 rep=7/10: frame progress 40/100 (40.0%)
[2026-03-01 18:36:47] eps=15 rep=10/10: frame progress 50/100 (50.0%)
[2026-03-01 18:36:47] eps=18 rep=2/10: frame progress 50/100 (50.0%)
[2026-03-01 18:36:47] eps=18 rep=8/10: frame progress 40/100 (40.0%)
[2026-03-01 18:36:47] eps=18 rep=1/10: frame progress 50/100 (50.0%)
[2026-03-01 18:36:47] eps=18 rep=3/10: frame progress 50/100 (50.0%)
[2026-03-01 18:36:48] eps=18 rep=9/10: frame progress 40/100 (40.0%)
[2026-03-01 18:36:48] eps=18 rep=10/10: frame progress 40/100 (40.0%)
[2026-03-01 18:36:49] eps=18 rep=4/10: frame progress 50/100 (50.0%)
[2026-03-01 18:36:49] eps=18 rep=5/10: frame progress 50/100 (50.0%)
[2026-03-01 18:36:49] eps=18 rep=6/10: frame progress 50/100 (50.0%)
[2026-03-01 18:36:50] eps=18 rep=7/10: frame progress 50/100 (50.0%)
[2026-03-01 18:36:50] eps=15 rep=10/10: frame progress 60/100 (60.0%)
[2026-03-01 18:36:50] eps=18 rep=8/10: frame progress 50/100 (50.0%)
[2026-03-01 18:36:50] eps=18 rep=2/10: frame progress 60/100 (60.0%)
[2026-03-01 18:36:51] eps=18 rep=1/10: frame progress 60/100 (60.0%)
[2026-03-01 18:36:51] eps=18 rep=3/10: frame progress 60/100 (60.0%)
[2026-03-01 18:36:51] eps=18 rep=9/10: frame progress 50/100 (50.0%)
[2026-03-01 18:36:51] eps=18 rep=10/10: frame progress 50/100 (50.0%)
[2026-03-01 18:36:52] eps=18 rep=4/10: frame progress 60/100 (60.0%)
[2026-03-01 18:36:53] eps=18 rep=5/10: frame progress 60/100 (60.0%)
[2026-03-01 18:36:53] eps=18 rep=6/10: frame progress 60/100 (60.0%)
[2026-03-01 18:36:54] eps=18 rep=7/10: frame progress 60/100 (60.0%)
[2026-03-01 18:36:54] eps=18 rep=8/10: frame progress 60/100 (60.0%)
[2026-03-01 18:36:54] eps=15 rep=10/10: frame progress 70/100 (70.0%)
[2026-03-01 18:36:54] eps=18 rep=2/10: frame progress 70/100 (70.0%)
[2026-03-01 18:36:54] eps=18 rep=1/10: frame progress 70/100 (70.0%)
[2026-03-01 18:36:54] eps=18 rep=3/10: frame progress 70/100 (70.0%)
[2026-03-01 18:36:55] eps=18 rep=9/10: frame progress 60/100 (60.0%)
[2026-03-01 18:36:55] eps=18 rep=10/10: frame progress 60/100 (60.0%)
[2026-03-01 18:36:56] eps=18 rep=4/10: frame progress 70/100 (70.0%)
[2026-03-01 18:36:56] eps=18 rep=5/10: frame progress 70/100 (70.0%)
[2026-03-01 18:36:57] eps=18 rep=6/10: frame progress 70/100 (70.0%)
[2026-03-01 18:36:57] eps=18 rep=7/10: frame progress 70/100 (70.0%)
[2026-03-01 18:36:58] eps=18 rep=8/10: frame progress 70/100 (70.0%)
[2026-03-01 18:36:58] eps=15 rep=10/10: frame progress 80/100 (80.0%)
[2026-03-01 18:36:58] eps=18 rep=2/10: frame progress 80/100 (80.0%)
[2026-03-01 18:36:58] eps=18 rep=1/10: frame progress 80/100 (80.0%)
[2026-03-01 18:36:58] eps=18 rep=3/10: frame progress 80/100 (80.0%)
[2026-03-01 18:36:58] eps=18 rep=9/10: frame progress 70/100 (70.0%)
[2026-03-01 18:36:59] eps=18 rep=10/10: frame progress 70/100 (70.0%)
[2026-03-01 18:37:00] eps=18 rep=4/10: frame progress 80/100 (80.0%)
[2026-03-01 18:37:00] eps=18 rep=5/10: frame progress 80/100 (80.0%)
[2026-03-01 18:37:00] eps=18 rep=6/10: frame progress 80/100 (80.0%)
[2026-03-01 18:37:01] eps=18 rep=7/10: frame progress 80/100 (80.0%)
[2026-03-01 18:37:02] eps=18 rep=8/10: frame progress 80/100 (80.0%)
[2026-03-01 18:37:02] eps=15 rep=10/10: frame progress 90/100 (90.0%)
[2026-03-01 18:37:02] eps=18 rep=2/10: frame progress 90/100 (90.0%)
[2026-03-01 18:37:02] eps=18 rep=1/10: frame progress 90/100 (90.0%)
[2026-03-01 18:37:02] eps=18 rep=9/10: frame progress 80/100 (80.0%)
[2026-03-01 18:37:02] eps=18 rep=3/10: frame progress 90/100 (90.0%)
[2026-03-01 18:37:02] eps=18 rep=10/10: frame progress 80/100 (80.0%)
[2026-03-01 18:37:04] eps=18 rep=4/10: frame progress 90/100 (90.0%)
[2026-03-01 18:37:04] eps=18 rep=5/10: frame progress 90/100 (90.0%)
[2026-03-01 18:37:04] eps=18 rep=6/10: frame progress 90/100 (90.0%)
[2026-03-01 18:37:05] eps=18 rep=7/10: frame progress 90/100 (90.0%)
[2026-03-01 18:37:05] eps=18 rep=8/10: frame progress 90/100 (90.0%)
[2026-03-01 18:37:06] eps=15 rep=10/10: frame progress 100/100 (100.0%)
[2026-03-01 18:37:06] eps=18 rep=9/10: frame progress 90/100 (90.0%)
[2026-03-01 18:37:06] eps=18 rep=2/10: frame progress 100/100 (100.0%)
[2026-03-01 18:37:06] eps=18 rep=10/10: frame progress 90/100 (90.0%)
[2026-03-01 18:37:06] eps=18 rep=1/10: frame progress 100/100 (100.0%)
[2026-03-01 18:37:06] eps=18 rep=3/10: frame progress 100/100 (100.0%)
[2026-03-01 18:37:07] eps=15 rep=10/10: done
[2026-03-01 18:37:07] eps=18 rep=2/10: done
[2026-03-01 18:37:07] eps=18 rep=1/10: done
[2026-03-01 18:37:07] eps=18 rep=3/10: done
[2026-03-01 18:37:08] eps=18 rep=4/10: frame progress 100/100 (100.0%)
[2026-03-01 18:37:08] eps=18 rep=5/10: frame progress 100/100 (100.0%)
[2026-03-01 18:37:08] eps=18 rep=6/10: frame progress 100/100 (100.0%)
[2026-03-01 18:37:09] eps=18 rep=4/10: done
[2026-03-01 18:37:09] eps=18 rep=5/10: done
[2026-03-01 18:37:09] eps=18 rep=6/10: done
[2026-03-01 18:37:09] eps=18 rep=7/10: frame progress 100/100 (100.0%)
[2026-03-01 18:37:09] eps=18 rep=8/10: frame progress 100/100 (100.0%)
[2026-03-01 18:37:10] eps=18 rep=7/10: done
[2026-03-01 18:37:10] eps=18 rep=8/10: done
[2026-03-01 18:37:10] eps=18 rep=9/10: frame progress 100/100 (100.0%)
[2026-03-01 18:37:10] eps=18 rep=10/10: frame progress 100/100 (100.0%)
[2026-03-01 18:37:11] eps=18 rep=9/10: done
[2026-03-01 18:37:11] eps=18 rep=10/10: done
[2026-03-01 18:37:11] Completed parallel analysis for 59 runs
[2026-03-01 18:37:11] Aggregating epsilon group 1/6: eps=3, replicates=10
[2026-03-01 18:37:11] Writing outputs for eps=3 to /scratch/gpfs/WEBB/chertok/REACTIVELJ_PAPER/simulation_package/melt/analysis/results/eps_3
[2026-03-01 18:37:12] Finished epsilon group eps=3
[2026-03-01 18:37:12] Aggregating epsilon group 2/6: eps=6, replicates=10
[2026-03-01 18:37:12] Writing outputs for eps=6 to /scratch/gpfs/WEBB/chertok/REACTIVELJ_PAPER/simulation_package/melt/analysis/results/eps_6
[2026-03-01 18:37:12] Finished epsilon group eps=6
[2026-03-01 18:37:12] Aggregating epsilon group 3/6: eps=9, replicates=10
[2026-03-01 18:37:12] Writing outputs for eps=9 to /scratch/gpfs/WEBB/chertok/REACTIVELJ_PAPER/simulation_package/melt/analysis/results/eps_9
[2026-03-01 18:37:12] Finished epsilon group eps=9
[2026-03-01 18:37:12] Aggregating epsilon group 4/6: eps=12, replicates=9
[2026-03-01 18:37:12] Writing outputs for eps=12 to /scratch/gpfs/WEBB/chertok/REACTIVELJ_PAPER/simulation_package/melt/analysis/results/eps_12
[2026-03-01 18:37:13] Finished epsilon group eps=12
[2026-03-01 18:37:13] Aggregating epsilon group 5/6: eps=15, replicates=10
[2026-03-01 18:37:13] Writing outputs for eps=15 to /scratch/gpfs/WEBB/chertok/REACTIVELJ_PAPER/simulation_package/melt/analysis/results/eps_15
[2026-03-01 18:37:13] Finished epsilon group eps=15
[2026-03-01 18:37:13] Aggregating epsilon group 6/6: eps=18, replicates=10
[2026-03-01 18:37:13] Writing outputs for eps=18 to /scratch/gpfs/WEBB/chertok/REACTIVELJ_PAPER/simulation_package/melt/analysis/results/eps_18
[2026-03-01 18:37:13] Finished epsilon group eps=18
[2026-03-01 18:37:13] Wrote /scratch/gpfs/WEBB/chertok/REACTIVELJ_PAPER/simulation_package/melt/analysis/results/summary.json
[2026-03-01 18:37:13] Wrote /scratch/gpfs/WEBB/chertok/REACTIVELJ_PAPER/simulation_package/melt/analysis/results/summary.csv
[2026-03-01 18:37:16] Analysis complete
[2026-03-01 18:37:17] Step 7/8 complete: Analysis finished in 145 seconds
[2026-03-01 18:37:17] Step 8/8: Job complete in 147 seconds total
