[2026-03-02 17:59:28] Step 1/8: Purging modules
[2026-03-02 17:59:28] Step 2/8: Sourcing ~/.bashrc
[2026-03-02 17:59:30] Step 3/8: Loading anaconda module
[2026-03-02 17:59:30] Step 4/8: Activating conda environment
[2026-03-02 17:59:30] Step 5/8: Changing directory to /scratch/gpfs/WEBB/chertok/REACTIVELJ_PAPER/simulation_package/melt
[2026-03-02 17:59:30] Step 6/8: Ensuring logs directory exists
[2026-03-02 17:59:30] Step 7/8: Starting trajectory analysis
[2026-03-02 17:59:32] Scanning trajectories under /scratch/gpfs/WEBB/chertok/REACTIVELJ_PAPER/simulation_package/melt/data_generation/outputs
[2026-03-02 17:59:32] Discovered 59 trajectory/metadata pairs
[2026-03-02 17:59:32] Grouped runs into 6 epsilon values
[2026-03-02 17:59:32] Queueing epsilon group 1/6: eps=3, replicates=10
[2026-03-02 17:59:32] Queueing epsilon group 2/6: eps=6, replicates=10
[2026-03-02 17:59:32] Queueing epsilon group 3/6: eps=9, replicates=10
[2026-03-02 17:59:32] Queueing epsilon group 4/6: eps=12, replicates=9
[2026-03-02 17:59:32] Queueing epsilon group 5/6: eps=15, replicates=10
[2026-03-02 17:59:32] Queueing epsilon group 6/6: eps=18, replicates=10
[2026-03-02 17:59:32] Starting parallel analysis with 64 workers on 59 runs
[2026-03-02 17:59:33] eps=3 rep=1/10: start (eps_3/rep_004/trajectory.gsd)
[2026-03-02 17:59:33] eps=3 rep=4/10: start (eps_3/rep_006/trajectory.gsd)
[2026-03-02 17:59:33] eps=3 rep=3/10: start (eps_3/rep_007/trajectory.gsd)
[2026-03-02 17:59:33] eps=3 rep=2/10: start (eps_3/rep_003/trajectory.gsd)
[2026-03-02 17:59:33] eps=3 rep=10/10: start (eps_3/rep_001/trajectory.gsd)
[2026-03-02 17:59:33] eps=3 rep=6/10: start (eps_3/rep_010/trajectory.gsd)
[2026-03-02 17:59:33] eps=3 rep=5/10: start (eps_3/rep_005/trajectory.gsd)
[2026-03-02 17:59:33] eps=3 rep=9/10: start (eps_3/rep_002/trajectory.gsd)
[2026-03-02 17:59:33] eps=3 rep=8/10: start (eps_3/rep_008/trajectory.gsd)
[2026-03-02 17:59:33] eps=3 rep=7/10: start (eps_3/rep_009/trajectory.gsd)
[2026-03-02 17:59:33] eps=6 rep=2/10: start (eps_6/rep_003/trajectory.gsd)
[2026-03-02 17:59:33] eps=6 rep=3/10: start (eps_6/rep_007/trajectory.gsd)
[2026-03-02 17:59:33] eps=6 rep=1/10: start (eps_6/rep_004/trajectory.gsd)
[2026-03-02 17:59:33] eps=6 rep=7/10: start (eps_6/rep_009/trajectory.gsd)
[2026-03-02 17:59:33] eps=6 rep=8/10: start (eps_6/rep_008/trajectory.gsd)
[2026-03-02 17:59:33] eps=6 rep=6/10: start (eps_6/rep_010/trajectory.gsd)
[2026-03-02 17:59:33] eps=9 rep=8/10: start (eps_9/rep_008/trajectory.gsd)
[2026-03-02 17:59:33] eps=6 rep=5/10: start (eps_6/rep_005/trajectory.gsd)
[2026-03-02 17:59:33] eps=9 rep=7/10: start (eps_9/rep_009/trajectory.gsd)
[2026-03-02 17:59:33] eps=6 rep=4/10: start (eps_6/rep_006/trajectory.gsd)
[2026-03-02 17:59:33] eps=9 rep=1/10: start (eps_9/rep_004/trajectory.gsd)
[2026-03-02 17:59:33] eps=9 rep=9/10: start (eps_9/rep_002/trajectory.gsd)
[2026-03-02 17:59:33] eps=9 rep=6/10: start (eps_9/rep_010/trajectory.gsd)
[2026-03-02 17:59:33] eps=9 rep=4/10: start (eps_9/rep_006/trajectory.gsd)
[2026-03-02 17:59:33] eps=12 rep=4/9: start (eps_12/rep_006/trajectory.gsd)
[2026-03-02 17:59:33] eps=9 rep=2/10: start (eps_9/rep_003/trajectory.gsd)
[2026-03-02 17:59:33] eps=9 rep=3/10: start (eps_9/rep_007/trajectory.gsd)
[2026-03-02 17:59:33] eps=6 rep=9/10: start (eps_6/rep_002/trajectory.gsd)
[2026-03-02 17:59:33] eps=6 rep=10/10: start (eps_6/rep_001/trajectory.gsd)
[2026-03-02 17:59:33] eps=9 rep=5/10: start (eps_9/rep_005/trajectory.gsd)
[2026-03-02 17:59:33] eps=12 rep=1/9: start (eps_12/rep_004/trajectory.gsd)
[2026-03-02 17:59:33] eps=12 rep=3/9: start (eps_12/rep_007/trajectory.gsd)
[2026-03-02 17:59:33] eps=12 rep=2/9: start (eps_12/rep_003/trajectory.gsd)
[2026-03-02 17:59:33] eps=12 rep=7/9: start (eps_12/rep_009/trajectory.gsd)
[2026-03-02 17:59:33] eps=12 rep=6/9: start (eps_12/rep_010/trajectory.gsd)
[2026-03-02 17:59:33] eps=12 rep=8/9: start (eps_12/rep_002/trajectory.gsd)
[2026-03-02 17:59:33] eps=9 rep=10/10: start (eps_9/rep_001/trajectory.gsd)
[2026-03-02 17:59:33] eps=12 rep=5/9: start (eps_12/rep_005/trajectory.gsd)
[2026-03-02 17:59:33] eps=15 rep=3/10: start (eps_15/rep_007/trajectory.gsd)
[2026-03-02 17:59:33] eps=12 rep=9/9: start (eps_12/rep_001/trajectory.gsd)
[2026-03-02 17:59:33] eps=15 rep=4/10: start (eps_15/rep_006/trajectory.gsd)
[2026-03-02 17:59:33] eps=15 rep=1/10: start (eps_15/rep_004/trajectory.gsd)
[2026-03-02 17:59:33] eps=15 rep=2/10: start (eps_15/rep_003/trajectory.gsd)
[2026-03-02 17:59:33] eps=18 rep=2/10: start (eps_18/rep_003/trajectory.gsd)
[2026-03-02 17:59:33] eps=15 rep=5/10: start (eps_15/rep_005/trajectory.gsd)
[2026-03-02 17:59:33] eps=18 rep=1/10: start (eps_18/rep_004/trajectory.gsd)
[2026-03-02 17:59:33] eps=15 rep=9/10: start (eps_15/rep_002/trajectory.gsd)
[2026-03-02 17:59:33] eps=15 rep=10/10: start (eps_15/rep_001/trajectory.gsd)
[2026-03-02 17:59:33] eps=15 rep=8/10: start (eps_15/rep_008/trajectory.gsd)
[2026-03-02 17:59:33] eps=18 rep=6/10: start (eps_18/rep_010/trajectory.gsd)
[2026-03-02 17:59:33] eps=15 rep=6/10: start (eps_15/rep_010/trajectory.gsd)
[2026-03-02 17:59:33] eps=15 rep=7/10: start (eps_15/rep_009/trajectory.gsd)
[2026-03-02 17:59:33] eps=18 rep=10/10: start (eps_18/rep_001/trajectory.gsd)
[2026-03-02 17:59:33] eps=18 rep=4/10: start (eps_18/rep_006/trajectory.gsd)
[2026-03-02 17:59:33] eps=18 rep=9/10: start (eps_18/rep_002/trajectory.gsd)
[2026-03-02 17:59:33] eps=18 rep=7/10: start (eps_18/rep_009/trajectory.gsd)
[2026-03-02 17:59:33] eps=18 rep=3/10: start (eps_18/rep_007/trajectory.gsd)
[2026-03-02 17:59:33] eps=18 rep=8/10: start (eps_18/rep_008/trajectory.gsd)
[2026-03-02 17:59:33] eps=18 rep=5/10: start (eps_18/rep_005/trajectory.gsd)
[2026-03-02 17:59:35] eps=3 rep=4/10: frame progress 10/100 (10.0%)
[2026-03-02 17:59:35] eps=3 rep=2/10: frame progress 10/100 (10.0%)
[2026-03-02 17:59:35] eps=3 rep=6/10: frame progress 10/100 (10.0%)
[2026-03-02 17:59:35] eps=3 rep=1/10: frame progress 10/100 (10.0%)
[2026-03-02 17:59:35] eps=3 rep=10/10: frame progress 10/100 (10.0%)
[2026-03-02 17:59:35] eps=3 rep=9/10: frame progress 10/100 (10.0%)
[2026-03-02 17:59:35] eps=3 rep=5/10: frame progress 10/100 (10.0%)
[2026-03-02 17:59:35] eps=3 rep=3/10: frame progress 10/100 (10.0%)
[2026-03-02 17:59:35] eps=3 rep=7/10: frame progress 10/100 (10.0%)
[2026-03-02 17:59:35] eps=3 rep=8/10: frame progress 10/100 (10.0%)
[2026-03-02 17:59:35] eps=6 rep=9/10: frame progress 10/100 (10.0%)
[2026-03-02 17:59:35] eps=6 rep=2/10: frame progress 10/100 (10.0%)
[2026-03-02 17:59:35] eps=6 rep=10/10: frame progress 10/100 (10.0%)
[2026-03-02 17:59:35] eps=6 rep=3/10: frame progress 10/100 (10.0%)
[2026-03-02 17:59:35] eps=6 rep=1/10: frame progress 10/100 (10.0%)
[2026-03-02 17:59:35] eps=6 rep=5/10: frame progress 10/100 (10.0%)
[2026-03-02 17:59:35] eps=6 rep=4/10: frame progress 10/100 (10.0%)
[2026-03-02 17:59:35] eps=6 rep=7/10: frame progress 10/100 (10.0%)
[2026-03-02 17:59:35] eps=6 rep=8/10: frame progress 10/100 (10.0%)
[2026-03-02 17:59:35] eps=6 rep=6/10: frame progress 10/100 (10.0%)
[2026-03-02 17:59:35] eps=9 rep=1/10: frame progress 10/100 (10.0%)
[2026-03-02 17:59:35] eps=9 rep=7/10: frame progress 10/100 (10.0%)
[2026-03-02 17:59:35] eps=9 rep=9/10: frame progress 10/100 (10.0%)
[2026-03-02 17:59:35] eps=9 rep=6/10: frame progress 10/100 (10.0%)
[2026-03-02 17:59:35] eps=9 rep=4/10: frame progress 10/100 (10.0%)
[2026-03-02 17:59:35] eps=9 rep=2/10: frame progress 10/100 (10.0%)
[2026-03-02 17:59:35] eps=9 rep=8/10: frame progress 10/100 (10.0%)
[2026-03-02 17:59:36] eps=12 rep=4/9: frame progress 10/100 (10.0%)
[2026-03-02 17:59:36] eps=12 rep=9/9: frame progress 10/100 (10.0%)
[2026-03-02 17:59:36] eps=12 rep=3/9: frame progress 10/100 (10.0%)
[2026-03-02 17:59:36] eps=12 rep=7/9: frame progress 10/100 (10.0%)
[2026-03-02 17:59:36] eps=12 rep=5/9: frame progress 10/100 (10.0%)
[2026-03-02 17:59:36] eps=9 rep=5/10: frame progress 10/100 (10.0%)
[2026-03-02 17:59:36] eps=12 rep=8/9: frame progress 10/100 (10.0%)
[2026-03-02 17:59:36] eps=9 rep=10/10: frame progress 10/100 (10.0%)
[2026-03-02 17:59:36] eps=12 rep=2/9: frame progress 10/100 (10.0%)
[2026-03-02 17:59:36] eps=15 rep=4/10: frame progress 10/100 (10.0%)
[2026-03-02 17:59:36] eps=15 rep=6/10: frame progress 10/100 (10.0%)
[2026-03-02 17:59:36] eps=15 rep=5/10: frame progress 10/100 (10.0%)
[2026-03-02 17:59:36] eps=18 rep=9/10: frame progress 10/100 (10.0%)
[2026-03-02 17:59:36] eps=12 rep=6/9: frame progress 10/100 (10.0%)
[2026-03-02 17:59:36] eps=18 rep=6/10: frame progress 10/100 (10.0%)
[2026-03-02 17:59:36] eps=15 rep=8/10: frame progress 10/100 (10.0%)
[2026-03-02 17:59:36] eps=18 rep=1/10: frame progress 10/100 (10.0%)
[2026-03-02 17:59:36] eps=18 rep=2/10: frame progress 10/100 (10.0%)
[2026-03-02 17:59:36] eps=18 rep=3/10: frame progress 10/100 (10.0%)
[2026-03-02 17:59:36] eps=9 rep=3/10: frame progress 10/100 (10.0%)
[2026-03-02 17:59:36] eps=15 rep=10/10: frame progress 10/100 (10.0%)
[2026-03-02 17:59:36] eps=15 rep=1/10: frame progress 10/100 (10.0%)
[2026-03-02 17:59:36] eps=18 rep=10/10: frame progress 10/100 (10.0%)
[2026-03-02 17:59:36] eps=15 rep=2/10: frame progress 10/100 (10.0%)
[2026-03-02 17:59:36] eps=15 rep=7/10: frame progress 10/100 (10.0%)
[2026-03-02 17:59:36] eps=15 rep=3/10: frame progress 10/100 (10.0%)
[2026-03-02 17:59:36] eps=15 rep=9/10: frame progress 10/100 (10.0%)
[2026-03-02 17:59:36] eps=18 rep=4/10: frame progress 10/100 (10.0%)
[2026-03-02 17:59:36] eps=18 rep=7/10: frame progress 10/100 (10.0%)
[2026-03-02 17:59:36] eps=18 rep=8/10: frame progress 10/100 (10.0%)
[2026-03-02 17:59:36] eps=12 rep=1/9: frame progress 10/100 (10.0%)
[2026-03-02 17:59:36] eps=18 rep=5/10: frame progress 10/100 (10.0%)
[2026-03-02 17:59:38] eps=3 rep=6/10: frame progress 20/100 (20.0%)
[2026-03-02 17:59:38] eps=3 rep=2/10: frame progress 20/100 (20.0%)
[2026-03-02 17:59:38] eps=3 rep=4/10: frame progress 20/100 (20.0%)
[2026-03-02 17:59:38] eps=3 rep=10/10: frame progress 20/100 (20.0%)
[2026-03-02 17:59:38] eps=3 rep=1/10: frame progress 20/100 (20.0%)
[2026-03-02 17:59:38] eps=3 rep=9/10: frame progress 20/100 (20.0%)
[2026-03-02 17:59:38] eps=3 rep=5/10: frame progress 20/100 (20.0%)
[2026-03-02 17:59:38] eps=3 rep=7/10: frame progress 20/100 (20.0%)
[2026-03-02 17:59:38] eps=6 rep=9/10: frame progress 20/100 (20.0%)
[2026-03-02 17:59:38] eps=3 rep=3/10: frame progress 20/100 (20.0%)
[2026-03-02 17:59:38] eps=3 rep=8/10: frame progress 20/100 (20.0%)
[2026-03-02 17:59:38] eps=6 rep=10/10: frame progress 20/100 (20.0%)
[2026-03-02 17:59:38] eps=6 rep=2/10: frame progress 20/100 (20.0%)
[2026-03-02 17:59:38] eps=6 rep=3/10: frame progress 20/100 (20.0%)
[2026-03-02 17:59:38] eps=6 rep=4/10: frame progress 20/100 (20.0%)
[2026-03-02 17:59:38] eps=6 rep=8/10: frame progress 20/100 (20.0%)
[2026-03-02 17:59:38] eps=6 rep=6/10: frame progress 20/100 (20.0%)
[2026-03-02 17:59:38] eps=6 rep=7/10: frame progress 20/100 (20.0%)
[2026-03-02 17:59:38] eps=6 rep=5/10: frame progress 20/100 (20.0%)
[2026-03-02 17:59:38] eps=6 rep=1/10: frame progress 20/100 (20.0%)
[2026-03-02 17:59:38] eps=9 rep=4/10: frame progress 20/100 (20.0%)
[2026-03-02 17:59:38] eps=9 rep=6/10: frame progress 20/100 (20.0%)
[2026-03-02 17:59:38] eps=12 rep=9/9: frame progress 20/100 (20.0%)
[2026-03-02 17:59:38] eps=9 rep=7/10: frame progress 20/100 (20.0%)
[2026-03-02 17:59:38] eps=9 rep=9/10: frame progress 20/100 (20.0%)
[2026-03-02 17:59:38] eps=9 rep=1/10: frame progress 20/100 (20.0%)
[2026-03-02 17:59:38] eps=9 rep=2/10: frame progress 20/100 (20.0%)
[2026-03-02 17:59:38] eps=12 rep=5/9: frame progress 20/100 (20.0%)
[2026-03-02 17:59:38] eps=9 rep=8/10: frame progress 20/100 (20.0%)
[2026-03-02 17:59:38] eps=9 rep=5/10: frame progress 20/100 (20.0%)
[2026-03-02 17:59:39] eps=12 rep=4/9: frame progress 20/100 (20.0%)
[2026-03-02 17:59:39] eps=9 rep=10/10: frame progress 20/100 (20.0%)
[2026-03-02 17:59:39] eps=12 rep=7/9: frame progress 20/100 (20.0%)
[2026-03-02 17:59:39] eps=12 rep=3/9: frame progress 20/100 (20.0%)
[2026-03-02 17:59:39] eps=12 rep=8/9: frame progress 20/100 (20.0%)
[2026-03-02 17:59:39] eps=15 rep=4/10: frame progress 20/100 (20.0%)
[2026-03-02 17:59:39] eps=12 rep=2/9: frame progress 20/100 (20.0%)
[2026-03-02 17:59:39] eps=15 rep=6/10: frame progress 20/100 (20.0%)
[2026-03-02 17:59:39] eps=9 rep=3/10: frame progress 20/100 (20.0%)
[2026-03-02 17:59:39] eps=15 rep=5/10: frame progress 20/100 (20.0%)
[2026-03-02 17:59:39] eps=18 rep=9/10: frame progress 20/100 (20.0%)
[2026-03-02 17:59:39] eps=12 rep=6/9: frame progress 20/100 (20.0%)
[2026-03-02 17:59:39] eps=15 rep=1/10: frame progress 20/100 (20.0%)
[2026-03-02 17:59:39] eps=18 rep=2/10: frame progress 20/100 (20.0%)
[2026-03-02 17:59:39] eps=18 rep=3/10: frame progress 20/100 (20.0%)
[2026-03-02 17:59:39] eps=18 rep=6/10: frame progress 20/100 (20.0%)
[2026-03-02 17:59:39] eps=15 rep=8/10: frame progress 20/100 (20.0%)
[2026-03-02 17:59:39] eps=18 rep=1/10: frame progress 20/100 (20.0%)
[2026-03-02 17:59:39] eps=15 rep=9/10: frame progress 20/100 (20.0%)
[2026-03-02 17:59:39] eps=15 rep=10/10: frame progress 20/100 (20.0%)
[2026-03-02 17:59:39] eps=18 rep=7/10: frame progress 20/100 (20.0%)
[2026-03-02 17:59:39] eps=18 rep=10/10: frame progress 20/100 (20.0%)
[2026-03-02 17:59:39] eps=15 rep=2/10: frame progress 20/100 (20.0%)
[2026-03-02 17:59:39] eps=15 rep=3/10: frame progress 20/100 (20.0%)
[2026-03-02 17:59:39] eps=15 rep=7/10: frame progress 20/100 (20.0%)
[2026-03-02 17:59:39] eps=18 rep=4/10: frame progress 20/100 (20.0%)
[2026-03-02 17:59:39] eps=18 rep=8/10: frame progress 20/100 (20.0%)
[2026-03-02 17:59:39] eps=12 rep=1/9: frame progress 20/100 (20.0%)
[2026-03-02 17:59:39] eps=18 rep=5/10: frame progress 20/100 (20.0%)
[2026-03-02 17:59:41] eps=3 rep=6/10: frame progress 30/100 (30.0%)
[2026-03-02 17:59:41] eps=3 rep=10/10: frame progress 30/100 (30.0%)
[2026-03-02 17:59:41] eps=3 rep=4/10: frame progress 30/100 (30.0%)
[2026-03-02 17:59:41] eps=3 rep=1/10: frame progress 30/100 (30.0%)
[2026-03-02 17:59:41] eps=3 rep=9/10: frame progress 30/100 (30.0%)
[2026-03-02 17:59:41] eps=3 rep=5/10: frame progress 30/100 (30.0%)
[2026-03-02 17:59:41] eps=6 rep=9/10: frame progress 30/100 (30.0%)
[2026-03-02 17:59:41] eps=3 rep=8/10: frame progress 30/100 (30.0%)
[2026-03-02 17:59:41] eps=3 rep=7/10: frame progress 30/100 (30.0%)
[2026-03-02 17:59:41] eps=6 rep=10/10: frame progress 30/100 (30.0%)
[2026-03-02 17:59:41] eps=3 rep=3/10: frame progress 30/100 (30.0%)
[2026-03-02 17:59:41] eps=3 rep=2/10: frame progress 30/100 (30.0%)
[2026-03-02 17:59:41] eps=6 rep=2/10: frame progress 30/100 (30.0%)
[2026-03-02 17:59:41] eps=6 rep=4/10: frame progress 30/100 (30.0%)
[2026-03-02 17:59:41] eps=6 rep=3/10: frame progress 30/100 (30.0%)
[2026-03-02 17:59:41] eps=6 rep=5/10: frame progress 30/100 (30.0%)
[2026-03-02 17:59:41] eps=6 rep=8/10: frame progress 30/100 (30.0%)
[2026-03-02 17:59:41] eps=6 rep=6/10: frame progress 30/100 (30.0%)
[2026-03-02 17:59:41] eps=6 rep=7/10: frame progress 30/100 (30.0%)
[2026-03-02 17:59:41] eps=6 rep=1/10: frame progress 30/100 (30.0%)
[2026-03-02 17:59:41] eps=9 rep=4/10: frame progress 30/100 (30.0%)
[2026-03-02 17:59:41] eps=9 rep=9/10: frame progress 30/100 (30.0%)
[2026-03-02 17:59:41] eps=12 rep=9/9: frame progress 30/100 (30.0%)
[2026-03-02 17:59:41] eps=9 rep=6/10: frame progress 30/100 (30.0%)
[2026-03-02 17:59:42] eps=9 rep=2/10: frame progress 30/100 (30.0%)
[2026-03-02 17:59:42] eps=12 rep=5/9: frame progress 30/100 (30.0%)
[2026-03-02 17:59:42] eps=9 rep=1/10: frame progress 30/100 (30.0%)
[2026-03-02 17:59:42] eps=9 rep=7/10: frame progress 30/100 (30.0%)
[2026-03-02 17:59:42] eps=9 rep=5/10: frame progress 30/100 (30.0%)
[2026-03-02 17:59:42] eps=9 rep=8/10: frame progress 30/100 (30.0%)
[2026-03-02 17:59:42] eps=9 rep=10/10: frame progress 30/100 (30.0%)
[2026-03-02 17:59:42] eps=12 rep=4/9: frame progress 30/100 (30.0%)
[2026-03-02 17:59:42] eps=12 rep=7/9: frame progress 30/100 (30.0%)
[2026-03-02 17:59:42] eps=12 rep=3/9: frame progress 30/100 (30.0%)
[2026-03-02 17:59:42] eps=12 rep=8/9: frame progress 30/100 (30.0%)
[2026-03-02 17:59:42] eps=9 rep=3/10: frame progress 30/100 (30.0%)
[2026-03-02 17:59:42] eps=15 rep=4/10: frame progress 30/100 (30.0%)
[2026-03-02 17:59:42] eps=18 rep=7/10: frame progress 30/100 (30.0%)
[2026-03-02 17:59:42] eps=12 rep=2/9: frame progress 30/100 (30.0%)
[2026-03-02 17:59:42] eps=15 rep=6/10: frame progress 30/100 (30.0%)
[2026-03-02 17:59:42] eps=18 rep=9/10: frame progress 30/100 (30.0%)
[2026-03-02 17:59:42] eps=15 rep=5/10: frame progress 30/100 (30.0%)
[2026-03-02 17:59:42] eps=12 rep=6/9: frame progress 30/100 (30.0%)
[2026-03-02 17:59:42] eps=18 rep=6/10: frame progress 30/100 (30.0%)
[2026-03-02 17:59:42] eps=18 rep=2/10: frame progress 30/100 (30.0%)
[2026-03-02 17:59:42] eps=18 rep=3/10: frame progress 30/100 (30.0%)
[2026-03-02 17:59:42] eps=18 rep=1/10: frame progress 30/100 (30.0%)
[2026-03-02 17:59:42] eps=15 rep=1/10: frame progress 30/100 (30.0%)
[2026-03-02 17:59:42] eps=15 rep=9/10: frame progress 30/100 (30.0%)
[2026-03-02 17:59:42] eps=15 rep=8/10: frame progress 30/100 (30.0%)
[2026-03-02 17:59:42] eps=15 rep=10/10: frame progress 30/100 (30.0%)
[2026-03-02 17:59:42] eps=18 rep=10/10: frame progress 30/100 (30.0%)
[2026-03-02 17:59:42] eps=15 rep=7/10: frame progress 30/100 (30.0%)
[2026-03-02 17:59:42] eps=15 rep=2/10: frame progress 30/100 (30.0%)
[2026-03-02 17:59:42] eps=15 rep=3/10: frame progress 30/100 (30.0%)
[2026-03-02 17:59:42] eps=18 rep=4/10: frame progress 30/100 (30.0%)
[2026-03-02 17:59:42] eps=12 rep=1/9: frame progress 30/100 (30.0%)
[2026-03-02 17:59:42] eps=18 rep=8/10: frame progress 30/100 (30.0%)
[2026-03-02 17:59:42] eps=18 rep=5/10: frame progress 30/100 (30.0%)
[2026-03-02 17:59:43] eps=3 rep=6/10: frame progress 40/100 (40.0%)
[2026-03-02 17:59:44] eps=3 rep=10/10: frame progress 40/100 (40.0%)
[2026-03-02 17:59:44] eps=3 rep=4/10: frame progress 40/100 (40.0%)
[2026-03-02 17:59:44] eps=3 rep=1/10: frame progress 40/100 (40.0%)
[2026-03-02 17:59:44] eps=3 rep=5/10: frame progress 40/100 (40.0%)
[2026-03-02 17:59:44] eps=3 rep=9/10: frame progress 40/100 (40.0%)
[2026-03-02 17:59:44] eps=6 rep=9/10: frame progress 40/100 (40.0%)
[2026-03-02 17:59:44] eps=3 rep=7/10: frame progress 40/100 (40.0%)
[2026-03-02 17:59:44] eps=3 rep=2/10: frame progress 40/100 (40.0%)
[2026-03-02 17:59:44] eps=6 rep=10/10: frame progress 40/100 (40.0%)
[2026-03-02 17:59:44] eps=3 rep=3/10: frame progress 40/100 (40.0%)
[2026-03-02 17:59:44] eps=3 rep=8/10: frame progress 40/100 (40.0%)
[2026-03-02 17:59:44] eps=6 rep=2/10: frame progress 40/100 (40.0%)
[2026-03-02 17:59:44] eps=6 rep=4/10: frame progress 40/100 (40.0%)
[2026-03-02 17:59:44] eps=6 rep=3/10: frame progress 40/100 (40.0%)
[2026-03-02 17:59:44] eps=6 rep=5/10: frame progress 40/100 (40.0%)
[2026-03-02 17:59:44] eps=6 rep=8/10: frame progress 40/100 (40.0%)
[2026-03-02 17:59:44] eps=6 rep=6/10: frame progress 40/100 (40.0%)
[2026-03-02 17:59:44] eps=6 rep=7/10: frame progress 40/100 (40.0%)
[2026-03-02 17:59:44] eps=6 rep=1/10: frame progress 40/100 (40.0%)
[2026-03-02 17:59:44] eps=9 rep=4/10: frame progress 40/100 (40.0%)
[2026-03-02 17:59:45] eps=9 rep=6/10: frame progress 40/100 (40.0%)
[2026-03-02 17:59:45] eps=9 rep=9/10: frame progress 40/100 (40.0%)
[2026-03-02 17:59:45] eps=9 rep=1/10: frame progress 40/100 (40.0%)
[2026-03-02 17:59:45] eps=9 rep=2/10: frame progress 40/100 (40.0%)
[2026-03-02 17:59:45] eps=9 rep=7/10: frame progress 40/100 (40.0%)
[2026-03-02 17:59:45] eps=9 rep=5/10: frame progress 40/100 (40.0%)
[2026-03-02 17:59:45] eps=9 rep=8/10: frame progress 40/100 (40.0%)
[2026-03-02 17:59:45] eps=9 rep=10/10: frame progress 40/100 (40.0%)
[2026-03-02 17:59:45] eps=12 rep=9/9: frame progress 40/100 (40.0%)
[2026-03-02 17:59:45] eps=12 rep=5/9: frame progress 40/100 (40.0%)
[2026-03-02 17:59:45] eps=9 rep=3/10: frame progress 40/100 (40.0%)
[2026-03-02 17:59:45] eps=12 rep=4/9: frame progress 40/100 (40.0%)
[2026-03-02 17:59:45] eps=12 rep=7/9: frame progress 40/100 (40.0%)
[2026-03-02 17:59:45] eps=18 rep=7/10: frame progress 40/100 (40.0%)
[2026-03-02 17:59:45] eps=12 rep=3/9: frame progress 40/100 (40.0%)
[2026-03-02 17:59:45] eps=12 rep=8/9: frame progress 40/100 (40.0%)
[2026-03-02 17:59:45] eps=12 rep=2/9: frame progress 40/100 (40.0%)
[2026-03-02 17:59:45] eps=15 rep=6/10: frame progress 40/100 (40.0%)
[2026-03-02 17:59:45] eps=15 rep=4/10: frame progress 40/100 (40.0%)
[2026-03-02 17:59:45] eps=18 rep=9/10: frame progress 40/100 (40.0%)
[2026-03-02 17:59:45] eps=12 rep=6/9: frame progress 40/100 (40.0%)
[2026-03-02 17:59:45] eps=18 rep=6/10: frame progress 40/100 (40.0%)
[2026-03-02 17:59:45] eps=15 rep=5/10: frame progress 40/100 (40.0%)
[2026-03-02 17:59:45] eps=18 rep=2/10: frame progress 40/100 (40.0%)
[2026-03-02 17:59:45] eps=15 rep=9/10: frame progress 40/100 (40.0%)
[2026-03-02 17:59:45] eps=18 rep=1/10: frame progress 40/100 (40.0%)
[2026-03-02 17:59:45] eps=18 rep=3/10: frame progress 40/100 (40.0%)
[2026-03-02 17:59:45] eps=15 rep=1/10: frame progress 40/100 (40.0%)
[2026-03-02 17:59:45] eps=15 rep=8/10: frame progress 40/100 (40.0%)
[2026-03-02 17:59:45] eps=18 rep=10/10: frame progress 40/100 (40.0%)
[2026-03-02 17:59:45] eps=15 rep=10/10: frame progress 40/100 (40.0%)
[2026-03-02 17:59:45] eps=15 rep=3/10: frame progress 40/100 (40.0%)
[2026-03-02 17:59:45] eps=15 rep=2/10: frame progress 40/100 (40.0%)
[2026-03-02 17:59:45] eps=15 rep=7/10: frame progress 40/100 (40.0%)
[2026-03-02 17:59:45] eps=18 rep=4/10: frame progress 40/100 (40.0%)
[2026-03-02 17:59:45] eps=12 rep=1/9: frame progress 40/100 (40.0%)
[2026-03-02 17:59:45] eps=18 rep=8/10: frame progress 40/100 (40.0%)
[2026-03-02 17:59:45] eps=18 rep=5/10: frame progress 40/100 (40.0%)
[2026-03-02 17:59:46] eps=3 rep=6/10: frame progress 50/100 (50.0%)
[2026-03-02 17:59:46] eps=3 rep=10/10: frame progress 50/100 (50.0%)
[2026-03-02 17:59:47] eps=3 rep=1/10: frame progress 50/100 (50.0%)
[2026-03-02 17:59:47] eps=3 rep=2/10: frame progress 50/100 (50.0%)
[2026-03-02 17:59:47] eps=3 rep=5/10: frame progress 50/100 (50.0%)
[2026-03-02 17:59:47] eps=3 rep=9/10: frame progress 50/100 (50.0%)
[2026-03-02 17:59:47] eps=3 rep=4/10: frame progress 50/100 (50.0%)
[2026-03-02 17:59:47] eps=6 rep=9/10: frame progress 50/100 (50.0%)
[2026-03-02 17:59:47] eps=3 rep=7/10: frame progress 50/100 (50.0%)
[2026-03-02 17:59:47] eps=3 rep=3/10: frame progress 50/100 (50.0%)
[2026-03-02 17:59:47] eps=6 rep=10/10: frame progress 50/100 (50.0%)
[2026-03-02 17:59:47] eps=3 rep=8/10: frame progress 50/100 (50.0%)
[2026-03-02 17:59:47] eps=6 rep=2/10: frame progress 50/100 (50.0%)
[2026-03-02 17:59:47] eps=6 rep=4/10: frame progress 50/100 (50.0%)
[2026-03-02 17:59:47] eps=6 rep=3/10: frame progress 50/100 (50.0%)
[2026-03-02 17:59:47] eps=6 rep=5/10: frame progress 50/100 (50.0%)
[2026-03-02 17:59:47] eps=6 rep=6/10: frame progress 50/100 (50.0%)
[2026-03-02 17:59:47] eps=6 rep=8/10: frame progress 50/100 (50.0%)
[2026-03-02 17:59:47] eps=6 rep=7/10: frame progress 50/100 (50.0%)
[2026-03-02 17:59:47] eps=6 rep=1/10: frame progress 50/100 (50.0%)
[2026-03-02 17:59:47] eps=9 rep=4/10: frame progress 50/100 (50.0%)
[2026-03-02 17:59:48] eps=9 rep=9/10: frame progress 50/100 (50.0%)
[2026-03-02 17:59:48] eps=9 rep=6/10: frame progress 50/100 (50.0%)
[2026-03-02 17:59:48] eps=9 rep=1/10: frame progress 50/100 (50.0%)
[2026-03-02 17:59:48] eps=9 rep=7/10: frame progress 50/100 (50.0%)
[2026-03-02 17:59:48] eps=9 rep=2/10: frame progress 50/100 (50.0%)
[2026-03-02 17:59:48] eps=9 rep=5/10: frame progress 50/100 (50.0%)
[2026-03-02 17:59:48] eps=9 rep=10/10: frame progress 50/100 (50.0%)
[2026-03-02 17:59:48] eps=9 rep=8/10: frame progress 50/100 (50.0%)
[2026-03-02 17:59:48] eps=12 rep=9/9: frame progress 50/100 (50.0%)
[2026-03-02 17:59:48] eps=12 rep=5/9: frame progress 50/100 (50.0%)
[2026-03-02 17:59:48] eps=9 rep=3/10: frame progress 50/100 (50.0%)
[2026-03-02 17:59:48] eps=18 rep=7/10: frame progress 50/100 (50.0%)
[2026-03-02 17:59:48] eps=12 rep=4/9: frame progress 50/100 (50.0%)
[2026-03-02 17:59:48] eps=12 rep=7/9: frame progress 50/100 (50.0%)
[2026-03-02 17:59:48] eps=12 rep=3/9: frame progress 50/100 (50.0%)
[2026-03-02 17:59:48] eps=12 rep=8/9: frame progress 50/100 (50.0%)
[2026-03-02 17:59:48] eps=12 rep=2/9: frame progress 50/100 (50.0%)
[2026-03-02 17:59:48] eps=15 rep=6/10: frame progress 50/100 (50.0%)
[2026-03-02 17:59:49] eps=15 rep=4/10: frame progress 50/100 (50.0%)
[2026-03-02 17:59:49] eps=18 rep=9/10: frame progress 50/100 (50.0%)
[2026-03-02 17:59:49] eps=12 rep=6/9: frame progress 50/100 (50.0%)
[2026-03-02 17:59:49] eps=18 rep=6/10: frame progress 50/100 (50.0%)
[2026-03-02 17:59:49] eps=18 rep=3/10: frame progress 50/100 (50.0%)
[2026-03-02 17:59:49] eps=18 rep=2/10: frame progress 50/100 (50.0%)
[2026-03-02 17:59:49] eps=15 rep=9/10: frame progress 50/100 (50.0%)
[2026-03-02 17:59:49] eps=18 rep=1/10: frame progress 50/100 (50.0%)
[2026-03-02 17:59:49] eps=15 rep=5/10: frame progress 50/100 (50.0%)
[2026-03-02 17:59:49] eps=15 rep=1/10: frame progress 50/100 (50.0%)
[2026-03-02 17:59:49] eps=18 rep=10/10: frame progress 50/100 (50.0%)
[2026-03-02 17:59:49] eps=15 rep=8/10: frame progress 50/100 (50.0%)
[2026-03-02 17:59:49] eps=15 rep=10/10: frame progress 50/100 (50.0%)
[2026-03-02 17:59:49] eps=15 rep=7/10: frame progress 50/100 (50.0%)
[2026-03-02 17:59:49] eps=15 rep=3/10: frame progress 50/100 (50.0%)
[2026-03-02 17:59:49] eps=12 rep=1/9: frame progress 50/100 (50.0%)
[2026-03-02 17:59:49] eps=18 rep=4/10: frame progress 50/100 (50.0%)
[2026-03-02 17:59:49] eps=15 rep=2/10: frame progress 50/100 (50.0%)
[2026-03-02 17:59:49] eps=18 rep=8/10: frame progress 50/100 (50.0%)
[2026-03-02 17:59:49] eps=3 rep=6/10: frame progress 60/100 (60.0%)
[2026-03-02 17:59:49] eps=18 rep=5/10: frame progress 50/100 (50.0%)
[2026-03-02 17:59:49] eps=3 rep=10/10: frame progress 60/100 (60.0%)
[2026-03-02 17:59:49] eps=3 rep=2/10: frame progress 60/100 (60.0%)
[2026-03-02 17:59:49] eps=3 rep=1/10: frame progress 60/100 (60.0%)
[2026-03-02 17:59:49] eps=3 rep=5/10: frame progress 60/100 (60.0%)
[2026-03-02 17:59:49] eps=3 rep=9/10: frame progress 60/100 (60.0%)
[2026-03-02 17:59:49] eps=3 rep=4/10: frame progress 60/100 (60.0%)
[2026-03-02 17:59:49] eps=3 rep=7/10: frame progress 60/100 (60.0%)
[2026-03-02 17:59:49] eps=6 rep=9/10: frame progress 60/100 (60.0%)
[2026-03-02 17:59:49] eps=3 rep=3/10: frame progress 60/100 (60.0%)
[2026-03-02 17:59:50] eps=6 rep=10/10: frame progress 60/100 (60.0%)
[2026-03-02 17:59:50] eps=3 rep=8/10: frame progress 60/100 (60.0%)
[2026-03-02 17:59:50] eps=6 rep=2/10: frame progress 60/100 (60.0%)
[2026-03-02 17:59:50] eps=6 rep=4/10: frame progress 60/100 (60.0%)
[2026-03-02 17:59:50] eps=6 rep=3/10: frame progress 60/100 (60.0%)
[2026-03-02 17:59:50] eps=6 rep=5/10: frame progress 60/100 (60.0%)
[2026-03-02 17:59:50] eps=6 rep=6/10: frame progress 60/100 (60.0%)
[2026-03-02 17:59:50] eps=6 rep=8/10: frame progress 60/100 (60.0%)
[2026-03-02 17:59:50] eps=6 rep=7/10: frame progress 60/100 (60.0%)
[2026-03-02 17:59:50] eps=6 rep=1/10: frame progress 60/100 (60.0%)
[2026-03-02 17:59:50] eps=9 rep=4/10: frame progress 60/100 (60.0%)
[2026-03-02 17:59:51] eps=9 rep=9/10: frame progress 60/100 (60.0%)
[2026-03-02 17:59:51] eps=9 rep=6/10: frame progress 60/100 (60.0%)
[2026-03-02 17:59:51] eps=9 rep=1/10: frame progress 60/100 (60.0%)
[2026-03-02 17:59:51] eps=9 rep=2/10: frame progress 60/100 (60.0%)
[2026-03-02 17:59:51] eps=9 rep=5/10: frame progress 60/100 (60.0%)
[2026-03-02 17:59:51] eps=9 rep=7/10: frame progress 60/100 (60.0%)
[2026-03-02 17:59:51] eps=9 rep=10/10: frame progress 60/100 (60.0%)
[2026-03-02 17:59:51] eps=9 rep=8/10: frame progress 60/100 (60.0%)
[2026-03-02 17:59:51] eps=12 rep=9/9: frame progress 60/100 (60.0%)
[2026-03-02 17:59:51] eps=9 rep=3/10: frame progress 60/100 (60.0%)
[2026-03-02 17:59:51] eps=12 rep=5/9: frame progress 60/100 (60.0%)
[2026-03-02 17:59:52] eps=3 rep=6/10: frame progress 70/100 (70.0%)
[2026-03-02 17:59:52] eps=18 rep=7/10: frame progress 60/100 (60.0%)
[2026-03-02 17:59:52] eps=12 rep=7/9: frame progress 60/100 (60.0%)
[2026-03-02 17:59:52] eps=12 rep=4/9: frame progress 60/100 (60.0%)
[2026-03-02 17:59:52] eps=12 rep=8/9: frame progress 60/100 (60.0%)
[2026-03-02 17:59:52] eps=12 rep=3/9: frame progress 60/100 (60.0%)
[2026-03-02 17:59:52] eps=12 rep=2/9: frame progress 60/100 (60.0%)
[2026-03-02 17:59:52] eps=15 rep=6/10: frame progress 60/100 (60.0%)
[2026-03-02 17:59:52] eps=15 rep=4/10: frame progress 60/100 (60.0%)
[2026-03-02 17:59:52] eps=12 rep=6/9: frame progress 60/100 (60.0%)
[2026-03-02 17:59:52] eps=3 rep=2/10: frame progress 70/100 (70.0%)
[2026-03-02 17:59:52] eps=18 rep=9/10: frame progress 60/100 (60.0%)
[2026-03-02 17:59:52] eps=3 rep=10/10: frame progress 70/100 (70.0%)
[2026-03-02 17:59:52] eps=18 rep=6/10: frame progress 60/100 (60.0%)
[2026-03-02 17:59:52] eps=3 rep=1/10: frame progress 70/100 (70.0%)
[2026-03-02 17:59:52] eps=18 rep=3/10: frame progress 60/100 (60.0%)
[2026-03-02 17:59:52] eps=18 rep=2/10: frame progress 60/100 (60.0%)
[2026-03-02 17:59:52] eps=18 rep=1/10: frame progress 60/100 (60.0%)
[2026-03-02 17:59:52] eps=3 rep=9/10: frame progress 70/100 (70.0%)
[2026-03-02 17:59:52] eps=3 rep=5/10: frame progress 70/100 (70.0%)
[2026-03-02 17:59:52] eps=15 rep=9/10: frame progress 60/100 (60.0%)
[2026-03-02 17:59:52] eps=15 rep=5/10: frame progress 60/100 (60.0%)
[2026-03-02 17:59:52] eps=3 rep=7/10: frame progress 70/100 (70.0%)
[2026-03-02 17:59:52] eps=3 rep=4/10: frame progress 70/100 (70.0%)
[2026-03-02 17:59:52] eps=3 rep=3/10: frame progress 70/100 (70.0%)
[2026-03-02 17:59:52] eps=15 rep=1/10: frame progress 60/100 (60.0%)
[2026-03-02 17:59:52] eps=18 rep=10/10: frame progress 60/100 (60.0%)
[2026-03-02 17:59:52] eps=12 rep=1/9: frame progress 60/100 (60.0%)
[2026-03-02 17:59:52] eps=15 rep=10/10: frame progress 60/100 (60.0%)
[2026-03-02 17:59:52] eps=6 rep=9/10: frame progress 70/100 (70.0%)
[2026-03-02 17:59:52] eps=15 rep=8/10: frame progress 60/100 (60.0%)
[2026-03-02 17:59:52] eps=15 rep=7/10: frame progress 60/100 (60.0%)
[2026-03-02 17:59:52] eps=18 rep=4/10: frame progress 60/100 (60.0%)
[2026-03-02 17:59:52] eps=15 rep=3/10: frame progress 60/100 (60.0%)
[2026-03-02 17:59:52] eps=15 rep=2/10: frame progress 60/100 (60.0%)
[2026-03-02 17:59:52] eps=6 rep=10/10: frame progress 70/100 (70.0%)
[2026-03-02 17:59:52] eps=18 rep=8/10: frame progress 60/100 (60.0%)
[2026-03-02 17:59:53] eps=3 rep=8/10: frame progress 70/100 (70.0%)
[2026-03-02 17:59:53] eps=18 rep=5/10: frame progress 60/100 (60.0%)
[2026-03-02 17:59:53] eps=6 rep=2/10: frame progress 70/100 (70.0%)
[2026-03-02 17:59:53] eps=6 rep=3/10: frame progress 70/100 (70.0%)
[2026-03-02 17:59:53] eps=6 rep=4/10: frame progress 70/100 (70.0%)
[2026-03-02 17:59:53] eps=6 rep=5/10: frame progress 70/100 (70.0%)
[2026-03-02 17:59:53] eps=6 rep=6/10: frame progress 70/100 (70.0%)
[2026-03-02 17:59:53] eps=6 rep=7/10: frame progress 70/100 (70.0%)
[2026-03-02 17:59:53] eps=6 rep=8/10: frame progress 70/100 (70.0%)
[2026-03-02 17:59:53] eps=6 rep=1/10: frame progress 70/100 (70.0%)
[2026-03-02 17:59:54] eps=9 rep=4/10: frame progress 70/100 (70.0%)
[2026-03-02 17:59:54] eps=9 rep=9/10: frame progress 70/100 (70.0%)
[2026-03-02 17:59:54] eps=9 rep=6/10: frame progress 70/100 (70.0%)
[2026-03-02 17:59:54] eps=9 rep=1/10: frame progress 70/100 (70.0%)
[2026-03-02 17:59:54] eps=9 rep=2/10: frame progress 70/100 (70.0%)
[2026-03-02 17:59:54] eps=9 rep=5/10: frame progress 70/100 (70.0%)
[2026-03-02 17:59:54] eps=9 rep=7/10: frame progress 70/100 (70.0%)
[2026-03-02 17:59:54] eps=9 rep=8/10: frame progress 70/100 (70.0%)
[2026-03-02 17:59:54] eps=9 rep=10/10: frame progress 70/100 (70.0%)
[2026-03-02 17:59:55] eps=3 rep=6/10: frame progress 80/100 (80.0%)
[2026-03-02 17:59:55] eps=9 rep=3/10: frame progress 70/100 (70.0%)
[2026-03-02 17:59:55] eps=12 rep=9/9: frame progress 70/100 (70.0%)
[2026-03-02 17:59:55] eps=12 rep=5/9: frame progress 70/100 (70.0%)
[2026-03-02 17:59:55] eps=3 rep=2/10: frame progress 80/100 (80.0%)
[2026-03-02 17:59:55] eps=3 rep=10/10: frame progress 80/100 (80.0%)
[2026-03-02 17:59:55] eps=3 rep=1/10: frame progress 80/100 (80.0%)
[2026-03-02 17:59:55] eps=3 rep=5/10: frame progress 80/100 (80.0%)
[2026-03-02 17:59:55] eps=3 rep=9/10: frame progress 80/100 (80.0%)
[2026-03-02 17:59:55] eps=3 rep=7/10: frame progress 80/100 (80.0%)
[2026-03-02 17:59:55] eps=3 rep=3/10: frame progress 80/100 (80.0%)
[2026-03-02 17:59:55] eps=3 rep=4/10: frame progress 80/100 (80.0%)
[2026-03-02 17:59:55] eps=6 rep=9/10: frame progress 80/100 (80.0%)
[2026-03-02 17:59:55] eps=18 rep=7/10: frame progress 70/100 (70.0%)
[2026-03-02 17:59:55] eps=12 rep=7/9: frame progress 70/100 (70.0%)
[2026-03-02 17:59:55] eps=6 rep=10/10: frame progress 80/100 (80.0%)
[2026-03-02 17:59:55] eps=12 rep=4/9: frame progress 70/100 (70.0%)
[2026-03-02 17:59:55] eps=12 rep=3/9: frame progress 70/100 (70.0%)
[2026-03-02 17:59:55] eps=3 rep=8/10: frame progress 80/100 (80.0%)
[2026-03-02 17:59:55] eps=12 rep=8/9: frame progress 70/100 (70.0%)
[2026-03-02 17:59:56] eps=12 rep=2/9: frame progress 70/100 (70.0%)
[2026-03-02 17:59:56] eps=12 rep=6/9: frame progress 70/100 (70.0%)
[2026-03-02 17:59:56] eps=15 rep=6/10: frame progress 70/100 (70.0%)
[2026-03-02 17:59:56] eps=18 rep=9/10: frame progress 70/100 (70.0%)
[2026-03-02 17:59:56] eps=15 rep=4/10: frame progress 70/100 (70.0%)
[2026-03-02 17:59:56] eps=18 rep=6/10: frame progress 70/100 (70.0%)
[2026-03-02 17:59:56] eps=6 rep=2/10: frame progress 80/100 (80.0%)
[2026-03-02 17:59:56] eps=18 rep=3/10: frame progress 70/100 (70.0%)
[2026-03-02 17:59:56] eps=18 rep=1/10: frame progress 70/100 (70.0%)
[2026-03-02 17:59:56] eps=12 rep=1/9: frame progress 70/100 (70.0%)
[2026-03-02 17:59:56] eps=18 rep=2/10: frame progress 70/100 (70.0%)
[2026-03-02 17:59:56] eps=6 rep=4/10: frame progress 80/100 (80.0%)
[2026-03-02 17:59:56] eps=15 rep=9/10: frame progress 70/100 (70.0%)
[2026-03-02 17:59:56] eps=6 rep=3/10: frame progress 80/100 (80.0%)
[2026-03-02 17:59:56] eps=15 rep=1/10: frame progress 70/100 (70.0%)
[2026-03-02 17:59:56] eps=6 rep=5/10: frame progress 80/100 (80.0%)
[2026-03-02 17:59:56] eps=15 rep=5/10: frame progress 70/100 (70.0%)
[2026-03-02 17:59:56] eps=6 rep=6/10: frame progress 80/100 (80.0%)
[2026-03-02 17:59:56] eps=18 rep=10/10: frame progress 70/100 (70.0%)
[2026-03-02 17:59:56] eps=6 rep=7/10: frame progress 80/100 (80.0%)
[2026-03-02 17:59:56] eps=6 rep=8/10: frame progress 80/100 (80.0%)
[2026-03-02 17:59:56] eps=15 rep=10/10: frame progress 70/100 (70.0%)
[2026-03-02 17:59:56] eps=15 rep=8/10: frame progress 70/100 (70.0%)
[2026-03-02 17:59:56] eps=6 rep=1/10: frame progress 80/100 (80.0%)
[2026-03-02 17:59:56] eps=15 rep=3/10: frame progress 70/100 (70.0%)
[2026-03-02 17:59:56] eps=15 rep=7/10: frame progress 70/100 (70.0%)
[2026-03-02 17:59:56] eps=18 rep=4/10: frame progress 70/100 (70.0%)
[2026-03-02 17:59:56] eps=15 rep=2/10: frame progress 70/100 (70.0%)
[2026-03-02 17:59:56] eps=18 rep=8/10: frame progress 70/100 (70.0%)
[2026-03-02 17:59:56] eps=18 rep=5/10: frame progress 70/100 (70.0%)
[2026-03-02 17:59:57] eps=9 rep=4/10: frame progress 80/100 (80.0%)
[2026-03-02 17:59:57] eps=9 rep=9/10: frame progress 80/100 (80.0%)
[2026-03-02 17:59:57] eps=9 rep=6/10: frame progress 80/100 (80.0%)
[2026-03-02 17:59:57] eps=3 rep=6/10: frame progress 90/100 (90.0%)
[2026-03-02 17:59:57] eps=9 rep=1/10: frame progress 80/100 (80.0%)
[2026-03-02 17:59:57] eps=9 rep=2/10: frame progress 80/100 (80.0%)
[2026-03-02 17:59:57] eps=9 rep=5/10: frame progress 80/100 (80.0%)
[2026-03-02 17:59:58] eps=9 rep=10/10: frame progress 80/100 (80.0%)
[2026-03-02 17:59:58] eps=9 rep=7/10: frame progress 80/100 (80.0%)
[2026-03-02 17:59:58] eps=9 rep=8/10: frame progress 80/100 (80.0%)
[2026-03-02 17:59:58] eps=3 rep=2/10: frame progress 90/100 (90.0%)
[2026-03-02 17:59:58] eps=3 rep=10/10: frame progress 90/100 (90.0%)
[2026-03-02 17:59:58] eps=9 rep=3/10: frame progress 80/100 (80.0%)
[2026-03-02 17:59:58] eps=3 rep=1/10: frame progress 90/100 (90.0%)
[2026-03-02 17:59:58] eps=3 rep=9/10: frame progress 90/100 (90.0%)
[2026-03-02 17:59:58] eps=3 rep=5/10: frame progress 90/100 (90.0%)
[2026-03-02 17:59:58] eps=3 rep=7/10: frame progress 90/100 (90.0%)
[2026-03-02 17:59:58] eps=3 rep=3/10: frame progress 90/100 (90.0%)
[2026-03-02 17:59:58] eps=3 rep=4/10: frame progress 90/100 (90.0%)
[2026-03-02 17:59:58] eps=6 rep=9/10: frame progress 90/100 (90.0%)
[2026-03-02 17:59:58] eps=3 rep=8/10: frame progress 90/100 (90.0%)
[2026-03-02 17:59:58] eps=12 rep=9/9: frame progress 80/100 (80.0%)
[2026-03-02 17:59:58] eps=12 rep=5/9: frame progress 80/100 (80.0%)
[2026-03-02 17:59:58] eps=6 rep=10/10: frame progress 90/100 (90.0%)
[2026-03-02 17:59:59] eps=6 rep=2/10: frame progress 90/100 (90.0%)
[2026-03-02 17:59:59] eps=12 rep=7/9: frame progress 80/100 (80.0%)
[2026-03-02 17:59:59] eps=6 rep=4/10: frame progress 90/100 (90.0%)
[2026-03-02 17:59:59] eps=6 rep=3/10: frame progress 90/100 (90.0%)
[2026-03-02 17:59:59] eps=12 rep=4/9: frame progress 80/100 (80.0%)
[2026-03-02 17:59:59] eps=18 rep=7/10: frame progress 80/100 (80.0%)
[2026-03-02 17:59:59] eps=6 rep=5/10: frame progress 90/100 (90.0%)
[2026-03-02 17:59:59] eps=6 rep=6/10: frame progress 90/100 (90.0%)
[2026-03-02 17:59:59] eps=12 rep=8/9: frame progress 80/100 (80.0%)
[2026-03-02 17:59:59] eps=6 rep=8/10: frame progress 90/100 (90.0%)
[2026-03-02 17:59:59] eps=6 rep=7/10: frame progress 90/100 (90.0%)
[2026-03-02 17:59:59] eps=12 rep=3/9: frame progress 80/100 (80.0%)
[2026-03-02 17:59:59] eps=6 rep=1/10: frame progress 90/100 (90.0%)
[2026-03-02 17:59:59] eps=12 rep=2/9: frame progress 80/100 (80.0%)
[2026-03-02 17:59:59] eps=12 rep=6/9: frame progress 80/100 (80.0%)
[2026-03-02 18:00:00] eps=15 rep=6/10: frame progress 80/100 (80.0%)
[2026-03-02 18:00:00] eps=18 rep=9/10: frame progress 80/100 (80.0%)
[2026-03-02 18:00:00] eps=18 rep=6/10: frame progress 80/100 (80.0%)
[2026-03-02 18:00:00] eps=15 rep=4/10: frame progress 80/100 (80.0%)
[2026-03-02 18:00:00] eps=12 rep=1/9: frame progress 80/100 (80.0%)
[2026-03-02 18:00:00] eps=18 rep=3/10: frame progress 80/100 (80.0%)
[2026-03-02 18:00:00] eps=18 rep=2/10: frame progress 80/100 (80.0%)
[2026-03-02 18:00:00] eps=15 rep=9/10: frame progress 80/100 (80.0%)
[2026-03-02 18:00:00] eps=18 rep=1/10: frame progress 80/100 (80.0%)
[2026-03-02 18:00:00] eps=18 rep=10/10: frame progress 80/100 (80.0%)
[2026-03-02 18:00:00] eps=15 rep=1/10: frame progress 80/100 (80.0%)
[2026-03-02 18:00:00] eps=9 rep=4/10: frame progress 90/100 (90.0%)
[2026-03-02 18:00:00] eps=15 rep=5/10: frame progress 80/100 (80.0%)
[2026-03-02 18:00:00] eps=15 rep=10/10: frame progress 80/100 (80.0%)
[2026-03-02 18:00:00] eps=15 rep=8/10: frame progress 80/100 (80.0%)
[2026-03-02 18:00:00] eps=15 rep=3/10: frame progress 80/100 (80.0%)
[2026-03-02 18:00:00] eps=15 rep=7/10: frame progress 80/100 (80.0%)
[2026-03-02 18:00:00] eps=15 rep=2/10: frame progress 80/100 (80.0%)
[2026-03-02 18:00:00] eps=18 rep=4/10: frame progress 80/100 (80.0%)
[2026-03-02 18:00:00] eps=18 rep=8/10: frame progress 80/100 (80.0%)
[2026-03-02 18:00:00] eps=3 rep=6/10: frame progress 100/100 (100.0%)
[2026-03-02 18:00:00] eps=18 rep=5/10: frame progress 80/100 (80.0%)
[2026-03-02 18:00:01] eps=3 rep=2/10: frame progress 100/100 (100.0%)
[2026-03-02 18:00:01] eps=9 rep=9/10: frame progress 90/100 (90.0%)
[2026-03-02 18:00:01] eps=9 rep=6/10: frame progress 90/100 (90.0%)
[2026-03-02 18:00:01] eps=9 rep=1/10: frame progress 90/100 (90.0%)
[2026-03-02 18:00:01] eps=3 rep=10/10: frame progress 100/100 (100.0%)
[2026-03-02 18:00:01] eps=9 rep=5/10: frame progress 90/100 (90.0%)
[2026-03-02 18:00:01] eps=9 rep=2/10: frame progress 90/100 (90.0%)
[2026-03-02 18:00:01] eps=9 rep=10/10: frame progress 90/100 (90.0%)
[2026-03-02 18:00:01] eps=9 rep=7/10: frame progress 90/100 (90.0%)
[2026-03-02 18:00:01] eps=3 rep=1/10: frame progress 100/100 (100.0%)
[2026-03-02 18:00:01] eps=9 rep=8/10: frame progress 90/100 (90.0%)
[2026-03-02 18:00:01] eps=3 rep=9/10: frame progress 100/100 (100.0%)
[2026-03-02 18:00:01] eps=3 rep=5/10: frame progress 100/100 (100.0%)
[2026-03-02 18:00:01] eps=3 rep=7/10: frame progress 100/100 (100.0%)
[2026-03-02 18:00:01] eps=3 rep=3/10: frame progress 100/100 (100.0%)
[2026-03-02 18:00:01] eps=3 rep=4/10: frame progress 100/100 (100.0%)
[2026-03-02 18:00:01] eps=6 rep=9/10: frame progress 100/100 (100.0%)
[2026-03-02 18:00:01] eps=3 rep=8/10: frame progress 100/100 (100.0%)
[2026-03-02 18:00:01] eps=9 rep=3/10: frame progress 90/100 (90.0%)
[2026-03-02 18:00:02] eps=6 rep=10/10: frame progress 100/100 (100.0%)
[2026-03-02 18:00:02] eps=6 rep=2/10: frame progress 100/100 (100.0%)
[2026-03-02 18:00:02] eps=12 rep=9/9: frame progress 90/100 (90.0%)
[2026-03-02 18:00:02] eps=6 rep=4/10: frame progress 100/100 (100.0%)
[2026-03-02 18:00:02] eps=12 rep=5/9: frame progress 90/100 (90.0%)
[2026-03-02 18:00:02] eps=6 rep=3/10: frame progress 100/100 (100.0%)
[2026-03-02 18:00:02] eps=6 rep=6/10: frame progress 100/100 (100.0%)
[2026-03-02 18:00:02] eps=6 rep=5/10: frame progress 100/100 (100.0%)
[2026-03-02 18:00:02] eps=6 rep=7/10: frame progress 100/100 (100.0%)
[2026-03-02 18:00:02] eps=6 rep=8/10: frame progress 100/100 (100.0%)
[2026-03-02 18:00:02] eps=6 rep=1/10: frame progress 100/100 (100.0%)
[2026-03-02 18:00:03] eps=12 rep=7/9: frame progress 90/100 (90.0%)
[2026-03-02 18:00:03] eps=12 rep=4/9: frame progress 90/100 (90.0%)
[2026-03-02 18:00:03] eps=12 rep=8/9: frame progress 90/100 (90.0%)
[2026-03-02 18:00:03] eps=12 rep=3/9: frame progress 90/100 (90.0%)
[2026-03-02 18:00:03] eps=18 rep=7/10: frame progress 90/100 (90.0%)
[2026-03-02 18:00:03] eps=12 rep=2/9: frame progress 90/100 (90.0%)
[2026-03-02 18:00:03] eps=12 rep=6/9: frame progress 90/100 (90.0%)
[2026-03-02 18:00:03] eps=9 rep=4/10: frame progress 100/100 (100.0%)
[2026-03-02 18:00:04] eps=12 rep=1/9: frame progress 90/100 (90.0%)
[2026-03-02 18:00:04] eps=15 rep=6/10: frame progress 90/100 (90.0%)
[2026-03-02 18:00:04] eps=18 rep=9/10: frame progress 90/100 (90.0%)
[2026-03-02 18:00:04] eps=18 rep=6/10: frame progress 90/100 (90.0%)
[2026-03-02 18:00:04] eps=15 rep=4/10: frame progress 90/100 (90.0%)
[2026-03-02 18:00:04] eps=18 rep=3/10: frame progress 90/100 (90.0%)
[2026-03-02 18:00:04] eps=18 rep=2/10: frame progress 90/100 (90.0%)
[2026-03-02 18:00:04] eps=18 rep=1/10: frame progress 90/100 (90.0%)
[2026-03-02 18:00:04] eps=15 rep=9/10: frame progress 90/100 (90.0%)
[2026-03-02 18:00:04] eps=18 rep=10/10: frame progress 90/100 (90.0%)
[2026-03-02 18:00:04] eps=9 rep=9/10: frame progress 100/100 (100.0%)
[2026-03-02 18:00:04] eps=15 rep=5/10: frame progress 90/100 (90.0%)
[2026-03-02 18:00:04] eps=15 rep=1/10: frame progress 90/100 (90.0%)
[2026-03-02 18:00:04] eps=9 rep=6/10: frame progress 100/100 (100.0%)
[2026-03-02 18:00:04] eps=15 rep=10/10: frame progress 90/100 (90.0%)
[2026-03-02 18:00:04] eps=15 rep=8/10: frame progress 90/100 (90.0%)
[2026-03-02 18:00:04] eps=9 rep=1/10: frame progress 100/100 (100.0%)
[2026-03-02 18:00:04] eps=9 rep=2/10: frame progress 100/100 (100.0%)
[2026-03-02 18:00:04] eps=9 rep=5/10: frame progress 100/100 (100.0%)
[2026-03-02 18:00:04] eps=15 rep=7/10: frame progress 90/100 (90.0%)
[2026-03-02 18:00:04] eps=15 rep=3/10: frame progress 90/100 (90.0%)
[2026-03-02 18:00:04] eps=18 rep=4/10: frame progress 90/100 (90.0%)
[2026-03-02 18:00:04] eps=15 rep=2/10: frame progress 90/100 (90.0%)
[2026-03-02 18:00:04] eps=18 rep=8/10: frame progress 90/100 (90.0%)
[2026-03-02 18:00:04] eps=9 rep=10/10: frame progress 100/100 (100.0%)
[2026-03-02 18:00:04] eps=9 rep=8/10: frame progress 100/100 (100.0%)
[2026-03-02 18:00:04] eps=18 rep=5/10: frame progress 90/100 (90.0%)
[2026-03-02 18:00:04] eps=9 rep=7/10: frame progress 100/100 (100.0%)
[2026-03-02 18:00:05] eps=9 rep=3/10: frame progress 100/100 (100.0%)
[2026-03-02 18:00:06] eps=12 rep=5/9: frame progress 100/100 (100.0%)
[2026-03-02 18:00:06] eps=12 rep=9/9: frame progress 100/100 (100.0%)
[2026-03-02 18:00:06] eps=12 rep=7/9: frame progress 100/100 (100.0%)
[2026-03-02 18:00:07] eps=12 rep=4/9: frame progress 100/100 (100.0%)
[2026-03-02 18:00:07] eps=12 rep=8/9: frame progress 100/100 (100.0%)
[2026-03-02 18:00:07] eps=12 rep=3/9: frame progress 100/100 (100.0%)
[2026-03-02 18:00:07] eps=12 rep=2/9: frame progress 100/100 (100.0%)
[2026-03-02 18:00:07] eps=12 rep=6/9: frame progress 100/100 (100.0%)
[2026-03-02 18:00:07] eps=18 rep=7/10: frame progress 100/100 (100.0%)
[2026-03-02 18:00:07] eps=12 rep=1/9: frame progress 100/100 (100.0%)
[2026-03-02 18:00:08] eps=15 rep=6/10: frame progress 100/100 (100.0%)
[2026-03-02 18:00:08] eps=18 rep=6/10: frame progress 100/100 (100.0%)
[2026-03-02 18:00:08] eps=18 rep=9/10: frame progress 100/100 (100.0%)
[2026-03-02 18:00:08] eps=18 rep=3/10: frame progress 100/100 (100.0%)
[2026-03-02 18:00:08] eps=15 rep=4/10: frame progress 100/100 (100.0%)
[2026-03-02 18:00:08] eps=18 rep=1/10: frame progress 100/100 (100.0%)
[2026-03-02 18:00:08] eps=18 rep=2/10: frame progress 100/100 (100.0%)
[2026-03-02 18:00:08] eps=15 rep=9/10: frame progress 100/100 (100.0%)
[2026-03-02 18:00:08] eps=18 rep=10/10: frame progress 100/100 (100.0%)
[2026-03-02 18:00:08] eps=15 rep=5/10: frame progress 100/100 (100.0%)
[2026-03-02 18:00:08] eps=15 rep=1/10: frame progress 100/100 (100.0%)
[2026-03-02 18:00:08] eps=15 rep=10/10: frame progress 100/100 (100.0%)
[2026-03-02 18:00:08] eps=15 rep=8/10: frame progress 100/100 (100.0%)
[2026-03-02 18:00:08] eps=15 rep=3/10: frame progress 100/100 (100.0%)
[2026-03-02 18:00:08] eps=15 rep=7/10: frame progress 100/100 (100.0%)
[2026-03-02 18:00:08] eps=15 rep=2/10: frame progress 100/100 (100.0%)
[2026-03-02 18:00:08] eps=18 rep=4/10: frame progress 100/100 (100.0%)
[2026-03-02 18:00:08] eps=18 rep=8/10: frame progress 100/100 (100.0%)
[2026-03-02 18:00:08] eps=18 rep=5/10: frame progress 100/100 (100.0%)
[2026-03-02 18:25:39] eps=3 rep=6/10: done
[2026-03-02 18:25:46] eps=3 rep=2/10: done
[2026-03-02 18:25:55] eps=6 rep=9/10: done
[2026-03-02 18:26:00] eps=3 rep=8/10: done
[2026-03-02 18:26:01] eps=3 rep=1/10: done
[2026-03-02 18:26:01] eps=3 rep=3/10: done
[2026-03-02 18:26:02] eps=3 rep=7/10: done
[2026-03-02 18:26:02] eps=3 rep=4/10: done
[2026-03-02 18:26:03] eps=12 rep=5/9: done
[2026-03-02 18:26:04] eps=6 rep=8/10: done
[2026-03-02 18:26:04] eps=6 rep=7/10: done
[2026-03-02 18:26:05] eps=6 rep=3/10: done
[2026-03-02 18:26:06] eps=9 rep=4/10: done
[2026-03-02 18:26:06] eps=6 rep=2/10: done
[2026-03-02 18:26:07] eps=6 rep=10/10: done
[2026-03-02 18:26:07] eps=3 rep=5/10: done
[2026-03-02 18:26:08] eps=6 rep=6/10: done
[2026-03-02 18:26:08] eps=9 rep=8/10: done
[2026-03-02 18:26:08] eps=12 rep=4/9: done
[2026-03-02 18:26:09] eps=6 rep=4/10: done
[2026-03-02 18:26:09] eps=3 rep=9/10: done
[2026-03-02 18:26:09] eps=18 rep=7/10: done
[2026-03-02 18:26:10] eps=9 rep=10/10: done
[2026-03-02 18:26:10] eps=9 rep=6/10: done
[2026-03-02 18:26:10] eps=9 rep=3/10: done
[2026-03-02 18:26:11] eps=18 rep=6/10: done
[2026-03-02 18:26:11] eps=15 rep=8/10: done
[2026-03-02 18:26:11] eps=18 rep=2/10: done
[2026-03-02 18:26:12] eps=9 rep=7/10: done
[2026-03-02 18:26:12] eps=15 rep=10/10: done
[2026-03-02 18:26:12] eps=18 rep=8/10: done
[2026-03-02 18:26:12] eps=18 rep=9/10: done
[2026-03-02 18:26:12] eps=18 rep=4/10: done
[2026-03-02 18:26:12] eps=9 rep=2/10: done
[2026-03-02 18:26:12] eps=12 rep=1/9: done
[2026-03-02 18:26:12] eps=6 rep=5/10: done
[2026-03-02 18:26:12] eps=9 rep=1/10: done
[2026-03-02 18:26:12] eps=9 rep=5/10: done
[2026-03-02 18:26:12] eps=18 rep=3/10: done
[2026-03-02 18:26:13] eps=18 rep=10/10: done
[2026-03-02 18:26:13] eps=6 rep=1/10: done
[2026-03-02 18:26:13] eps=15 rep=2/10: done
[2026-03-02 18:26:13] eps=12 rep=3/9: done
[2026-03-02 18:26:13] eps=9 rep=9/10: done
[2026-03-02 18:26:13] eps=15 rep=1/10: done
[2026-03-02 18:26:13] eps=15 rep=4/10: done
[2026-03-02 18:26:13] eps=12 rep=9/9: done
[2026-03-02 18:26:13] eps=12 rep=2/9: done
[2026-03-02 18:26:13] eps=15 rep=5/10: done
[2026-03-02 18:26:13] eps=12 rep=6/9: done
[2026-03-02 18:26:13] eps=12 rep=8/9: done
[2026-03-02 18:26:14] eps=12 rep=7/9: done
[2026-03-02 18:26:14] eps=15 rep=7/10: done
[2026-03-02 18:26:14] eps=15 rep=6/10: done
[2026-03-02 18:26:14] eps=18 rep=1/10: done
[2026-03-02 18:26:14] eps=15 rep=9/10: done
[2026-03-02 18:26:14] eps=15 rep=3/10: done
[2026-03-02 18:26:14] eps=18 rep=5/10: done
[2026-03-02 18:26:14] eps=3 rep=10/10: done
[2026-03-02 18:26:14] Completed parallel analysis for 59 runs
[2026-03-02 18:26:14] Aggregating epsilon group 1/6: eps=3, replicates=10
[2026-03-02 18:26:14] Writing outputs for eps=3 to /scratch/gpfs/WEBB/chertok/REACTIVELJ_PAPER/simulation_package/melt/analysis/results/eps_3
[2026-03-02 18:26:17] Finished epsilon group eps=3
[2026-03-02 18:26:17] Aggregating epsilon group 2/6: eps=6, replicates=10
[2026-03-02 18:26:17] Writing outputs for eps=6 to /scratch/gpfs/WEBB/chertok/REACTIVELJ_PAPER/simulation_package/melt/analysis/results/eps_6
[2026-03-02 18:26:20] Finished epsilon group eps=6
[2026-03-02 18:26:20] Aggregating epsilon group 3/6: eps=9, replicates=10
[2026-03-02 18:26:20] Writing outputs for eps=9 to /scratch/gpfs/WEBB/chertok/REACTIVELJ_PAPER/simulation_package/melt/analysis/results/eps_9
[2026-03-02 18:26:23] Finished epsilon group eps=9
[2026-03-02 18:26:23] Aggregating epsilon group 4/6: eps=12, replicates=9
[2026-03-02 18:26:23] Writing outputs for eps=12 to /scratch/gpfs/WEBB/chertok/REACTIVELJ_PAPER/simulation_package/melt/analysis/results/eps_12
[2026-03-02 18:26:27] Finished epsilon group eps=12
[2026-03-02 18:26:27] Aggregating epsilon group 5/6: eps=15, replicates=10
[2026-03-02 18:26:27] Writing outputs for eps=15 to /scratch/gpfs/WEBB/chertok/REACTIVELJ_PAPER/simulation_package/melt/analysis/results/eps_15
[2026-03-02 18:26:30] Finished epsilon group eps=15
[2026-03-02 18:26:30] Aggregating epsilon group 6/6: eps=18, replicates=10
[2026-03-02 18:26:30] Writing outputs for eps=18 to /scratch/gpfs/WEBB/chertok/REACTIVELJ_PAPER/simulation_package/melt/analysis/results/eps_18
[2026-03-02 18:26:33] Finished epsilon group eps=18
[2026-03-02 18:26:33] Wrote /scratch/gpfs/WEBB/chertok/REACTIVELJ_PAPER/simulation_package/melt/analysis/results/summary.json
[2026-03-02 18:26:33] Wrote /scratch/gpfs/WEBB/chertok/REACTIVELJ_PAPER/simulation_package/melt/analysis/results/summary.csv
[2026-03-02 18:29:48] Analysis complete
[2026-03-02 18:29:48] Step 7/8 complete: Analysis finished in 1818 seconds
[2026-03-02 18:29:48] Step 8/8: Job complete in 1820 seconds total
