[2026-03-04 23:14:44] Step 1/8: Purging modules
[2026-03-04 23:14:44] Step 2/8: Sourcing ~/.bashrc
[2026-03-04 23:14:45] Step 3/8: Loading anaconda module
[2026-03-04 23:14:45] Step 4/8: Activating conda environment
[2026-03-04 23:14:46] Step 5/8: Changing directory to /scratch/gpfs/WEBB/chertok/REACTIVELJ_PAPER/simulation_package/melt
[2026-03-04 23:14:46] Step 6/8: Ensuring logs directory exists
[2026-03-04 23:14:46] Step 7/8: Starting trajectory analysis
[2026-03-04 23:14:48] Scanning trajectories under /scratch/gpfs/WEBB/chertok/REACTIVELJ_PAPER/simulation_package/melt/data_generation/outputs
[2026-03-04 23:14:48] Discovered 69 trajectory/metadata pairs
[2026-03-04 23:14:48] Grouped runs into 7 epsilon values
[2026-03-04 23:14:48] Queueing epsilon group 1/7: eps=0, replicates=10
[2026-03-04 23:14:48] Queueing epsilon group 2/7: eps=3, replicates=10
[2026-03-04 23:14:48] Queueing epsilon group 3/7: eps=6, replicates=10
[2026-03-04 23:14:48] Queueing epsilon group 4/7: eps=9, replicates=10
[2026-03-04 23:14:48] Queueing epsilon group 5/7: eps=12, replicates=9
[2026-03-04 23:14:48] Queueing epsilon group 6/7: eps=15, replicates=10
[2026-03-04 23:14:48] Queueing epsilon group 7/7: eps=18, replicates=10
[2026-03-04 23:14:48] Starting parallel analysis with 64 workers on 69 runs
[2026-03-04 23:14:49] eps=0 rep=1/10: start (eps_0/rep_004/trajectory.gsd)
[2026-03-04 23:14:49] eps=0 rep=4/10: start (eps_0/rep_006/trajectory.gsd)
[2026-03-04 23:14:49] eps=0 rep=2/10: start (eps_0/rep_003/trajectory.gsd)
[2026-03-04 23:14:49] eps=0 rep=8/10: start (eps_0/rep_008/trajectory.gsd)
[2026-03-04 23:14:49] eps=0 rep=6/10: start (eps_0/rep_010/trajectory.gsd)
[2026-03-04 23:14:49] eps=0 rep=7/10: start (eps_0/rep_009/trajectory.gsd)
[2026-03-04 23:14:49] eps=3 rep=1/10: start (eps_3/rep_004/trajectory.gsd)
[2026-03-04 23:14:49] eps=3 rep=3/10: start (eps_3/rep_007/trajectory.gsd)
[2026-03-04 23:14:49] eps=0 rep=10/10: start (eps_0/rep_001/trajectory.gsd)
[2026-03-04 23:14:49] eps=0 rep=5/10: start (eps_0/rep_005/trajectory.gsd)
[2026-03-04 23:14:49] eps=0 rep=3/10: start (eps_0/rep_007/trajectory.gsd)
[2026-03-04 23:14:49] eps=3 rep=4/10: start (eps_3/rep_006/trajectory.gsd)
[2026-03-04 23:14:49] eps=0 rep=9/10: start (eps_0/rep_002/trajectory.gsd)
[2026-03-04 23:14:49] eps=3 rep=9/10: start (eps_3/rep_002/trajectory.gsd)
[2026-03-04 23:14:49] eps=3 rep=6/10: start (eps_3/rep_010/trajectory.gsd)
[2026-03-04 23:14:49] eps=3 rep=5/10: start (eps_3/rep_005/trajectory.gsd)
[2026-03-04 23:14:49] eps=3 rep=2/10: start (eps_3/rep_003/trajectory.gsd)
[2026-03-04 23:14:49] eps=6 rep=1/10: start (eps_6/rep_004/trajectory.gsd)
[2026-03-04 23:14:49] eps=6 rep=2/10: start (eps_6/rep_003/trajectory.gsd)
[2026-03-04 23:14:49] eps=3 rep=8/10: start (eps_3/rep_008/trajectory.gsd)
[2026-03-04 23:14:49] eps=6 rep=3/10: start (eps_6/rep_007/trajectory.gsd)
[2026-03-04 23:14:49] eps=3 rep=10/10: start (eps_3/rep_001/trajectory.gsd)
[2026-03-04 23:14:49] eps=6 rep=7/10: start (eps_6/rep_009/trajectory.gsd)
[2026-03-04 23:14:49] eps=6 rep=5/10: start (eps_6/rep_005/trajectory.gsd)
[2026-03-04 23:14:49] eps=6 rep=4/10: start (eps_6/rep_006/trajectory.gsd)
[2026-03-04 23:14:49] eps=6 rep=6/10: start (eps_6/rep_010/trajectory.gsd)
[2026-03-04 23:14:49] eps=3 rep=7/10: start (eps_3/rep_009/trajectory.gsd)
[2026-03-04 23:14:49] eps=9 rep=1/10: start (eps_9/rep_004/trajectory.gsd)
[2026-03-04 23:14:49] eps=9 rep=5/10: start (eps_9/rep_005/trajectory.gsd)
[2026-03-04 23:14:49] eps=6 rep=8/10: start (eps_6/rep_008/trajectory.gsd)
[2026-03-04 23:14:49] eps=9 rep=4/10: start (eps_9/rep_006/trajectory.gsd)
[2026-03-04 23:14:49] eps=6 rep=9/10: start (eps_6/rep_002/trajectory.gsd)
[2026-03-04 23:14:49] eps=9 rep=2/10: start (eps_9/rep_003/trajectory.gsd)
[2026-03-04 23:14:49] eps=9 rep=7/10: start (eps_9/rep_009/trajectory.gsd)
[2026-03-04 23:14:49] eps=6 rep=10/10: start (eps_6/rep_001/trajectory.gsd)
[2026-03-04 23:14:49] eps=9 rep=3/10: start (eps_9/rep_007/trajectory.gsd)
[2026-03-04 23:14:49] eps=9 rep=9/10: start (eps_9/rep_002/trajectory.gsd)
[2026-03-04 23:14:49] eps=12 rep=1/9: start (eps_12/rep_004/trajectory.gsd)
[2026-03-04 23:14:49] eps=12 rep=2/9: start (eps_12/rep_003/trajectory.gsd)
[2026-03-04 23:14:49] eps=12 rep=5/9: start (eps_12/rep_005/trajectory.gsd)
[2026-03-04 23:14:49] eps=12 rep=3/9: start (eps_12/rep_007/trajectory.gsd)
[2026-03-04 23:14:49] eps=9 rep=10/10: start (eps_9/rep_001/trajectory.gsd)
[2026-03-04 23:14:49] eps=12 rep=4/9: start (eps_12/rep_006/trajectory.gsd)
[2026-03-04 23:14:49] eps=12 rep=8/9: start (eps_12/rep_002/trajectory.gsd)
[2026-03-04 23:14:49] eps=12 rep=6/9: start (eps_12/rep_010/trajectory.gsd)
[2026-03-04 23:14:49] eps=12 rep=7/9: start (eps_12/rep_009/trajectory.gsd)
[2026-03-04 23:14:49] eps=9 rep=6/10: start (eps_9/rep_010/trajectory.gsd)
[2026-03-04 23:14:49] eps=15 rep=1/10: start (eps_15/rep_004/trajectory.gsd)
[2026-03-04 23:14:49] eps=9 rep=8/10: start (eps_9/rep_008/trajectory.gsd)
[2026-03-04 23:14:49] eps=12 rep=9/9: start (eps_12/rep_001/trajectory.gsd)
[2026-03-04 23:14:49] eps=15 rep=4/10: start (eps_15/rep_006/trajectory.gsd)
[2026-03-04 23:14:49] eps=15 rep=5/10: start (eps_15/rep_005/trajectory.gsd)
[2026-03-04 23:14:49] eps=15 rep=2/10: start (eps_15/rep_003/trajectory.gsd)
[2026-03-04 23:14:49] eps=15 rep=6/10: start (eps_15/rep_010/trajectory.gsd)
[2026-03-04 23:14:49] eps=15 rep=3/10: start (eps_15/rep_007/trajectory.gsd)
[2026-03-04 23:14:49] eps=15 rep=9/10: start (eps_15/rep_002/trajectory.gsd)
[2026-03-04 23:14:49] eps=18 rep=4/10: start (eps_18/rep_006/trajectory.gsd)
[2026-03-04 23:14:49] eps=18 rep=3/10: start (eps_18/rep_007/trajectory.gsd)
[2026-03-04 23:14:49] eps=15 rep=8/10: start (eps_15/rep_008/trajectory.gsd)
[2026-03-04 23:14:49] eps=15 rep=7/10: start (eps_15/rep_009/trajectory.gsd)
[2026-03-04 23:14:49] eps=15 rep=10/10: start (eps_15/rep_001/trajectory.gsd)
[2026-03-04 23:14:49] eps=18 rep=2/10: start (eps_18/rep_003/trajectory.gsd)
[2026-03-04 23:14:49] eps=18 rep=5/10: start (eps_18/rep_005/trajectory.gsd)
[2026-03-04 23:14:49] eps=18 rep=1/10: start (eps_18/rep_004/trajectory.gsd)
[2026-03-04 23:15:18] eps=3 rep=7/10: frame progress 100/1000 (10.0%)
[2026-03-04 23:15:19] eps=0 rep=9/10: frame progress 100/1000 (10.0%)
[2026-03-04 23:15:19] eps=0 rep=6/10: frame progress 100/1000 (10.0%)
[2026-03-04 23:15:19] eps=0 rep=7/10: frame progress 100/1000 (10.0%)
[2026-03-04 23:15:19] eps=0 rep=1/10: frame progress 100/1000 (10.0%)
[2026-03-04 23:15:19] eps=0 rep=3/10: frame progress 100/1000 (10.0%)
[2026-03-04 23:15:19] eps=0 rep=8/10: frame progress 100/1000 (10.0%)
[2026-03-04 23:15:19] eps=0 rep=10/10: frame progress 100/1000 (10.0%)
[2026-03-04 23:15:19] eps=0 rep=2/10: frame progress 100/1000 (10.0%)
[2026-03-04 23:15:19] eps=3 rep=2/10: frame progress 100/1000 (10.0%)
[2026-03-04 23:15:19] eps=3 rep=10/10: frame progress 100/1000 (10.0%)
[2026-03-04 23:15:19] eps=3 rep=1/10: frame progress 100/1000 (10.0%)
[2026-03-04 23:15:19] eps=3 rep=3/10: frame progress 100/1000 (10.0%)
[2026-03-04 23:15:19] eps=3 rep=5/10: frame progress 100/1000 (10.0%)
[2026-03-04 23:15:19] eps=0 rep=5/10: frame progress 100/1000 (10.0%)
[2026-03-04 23:15:19] eps=3 rep=6/10: frame progress 100/1000 (10.0%)
[2026-03-04 23:15:19] eps=3 rep=9/10: frame progress 100/1000 (10.0%)
[2026-03-04 23:15:19] eps=0 rep=4/10: frame progress 100/1000 (10.0%)
[2026-03-04 23:15:19] eps=3 rep=8/10: frame progress 100/1000 (10.0%)
[2026-03-04 23:15:20] eps=3 rep=4/10: frame progress 100/1000 (10.0%)
[2026-03-04 23:15:20] eps=6 rep=10/10: frame progress 100/1000 (10.0%)
[2026-03-04 23:15:20] eps=6 rep=8/10: frame progress 100/1000 (10.0%)
[2026-03-04 23:15:20] eps=6 rep=4/10: frame progress 100/1000 (10.0%)
[2026-03-04 23:15:20] eps=6 rep=5/10: frame progress 100/1000 (10.0%)
[2026-03-04 23:15:21] eps=6 rep=1/10: frame progress 100/1000 (10.0%)
[2026-03-04 23:15:21] eps=6 rep=2/10: frame progress 100/1000 (10.0%)
[2026-03-04 23:15:21] eps=6 rep=6/10: frame progress 100/1000 (10.0%)
[2026-03-04 23:15:21] eps=6 rep=7/10: frame progress 100/1000 (10.0%)
[2026-03-04 23:15:21] eps=6 rep=3/10: frame progress 100/1000 (10.0%)
[2026-03-04 23:15:21] eps=6 rep=9/10: frame progress 100/1000 (10.0%)
[2026-03-04 23:15:21] eps=9 rep=6/10: frame progress 100/1000 (10.0%)
[2026-03-04 23:15:21] eps=9 rep=10/10: frame progress 100/1000 (10.0%)
[2026-03-04 23:15:22] eps=9 rep=9/10: frame progress 100/1000 (10.0%)
[2026-03-04 23:15:22] eps=9 rep=5/10: frame progress 100/1000 (10.0%)
[2026-03-04 23:15:22] eps=9 rep=4/10: frame progress 100/1000 (10.0%)
[2026-03-04 23:15:23] eps=9 rep=1/10: frame progress 100/1000 (10.0%)
[2026-03-04 23:15:23] eps=9 rep=7/10: frame progress 100/1000 (10.0%)
[2026-03-04 23:15:23] eps=9 rep=8/10: frame progress 100/1000 (10.0%)
[2026-03-04 23:15:23] eps=9 rep=3/10: frame progress 100/1000 (10.0%)
[2026-03-04 23:15:23] eps=9 rep=2/10: frame progress 100/1000 (10.0%)
[2026-03-04 23:15:25] eps=18 rep=4/10: frame progress 100/1000 (10.0%)
[2026-03-04 23:15:25] eps=18 rep=2/10: frame progress 100/1000 (10.0%)
[2026-03-04 23:15:25] eps=15 rep=4/10: frame progress 100/1000 (10.0%)
[2026-03-04 23:15:25] eps=12 rep=4/9: frame progress 100/1000 (10.0%)
[2026-03-04 23:15:25] eps=12 rep=1/9: frame progress 100/1000 (10.0%)
[2026-03-04 23:15:25] eps=12 rep=3/9: frame progress 100/1000 (10.0%)
[2026-03-04 23:15:25] eps=12 rep=9/9: frame progress 100/1000 (10.0%)
[2026-03-04 23:15:25] eps=12 rep=2/9: frame progress 100/1000 (10.0%)
[2026-03-04 23:15:26] eps=12 rep=8/9: frame progress 100/1000 (10.0%)
[2026-03-04 23:15:26] eps=12 rep=5/9: frame progress 100/1000 (10.0%)
[2026-03-04 23:15:26] eps=12 rep=7/9: frame progress 100/1000 (10.0%)
[2026-03-04 23:15:26] eps=12 rep=6/9: frame progress 100/1000 (10.0%)
[2026-03-04 23:15:26] eps=15 rep=5/10: frame progress 100/1000 (10.0%)
[2026-03-04 23:15:26] eps=18 rep=5/10: frame progress 100/1000 (10.0%)
[2026-03-04 23:15:27] eps=18 rep=1/10: frame progress 100/1000 (10.0%)
[2026-03-04 23:15:27] eps=15 rep=10/10: frame progress 100/1000 (10.0%)
[2026-03-04 23:15:27] eps=18 rep=3/10: frame progress 100/1000 (10.0%)
[2026-03-04 23:15:27] eps=15 rep=7/10: frame progress 100/1000 (10.0%)
[2026-03-04 23:15:27] eps=15 rep=6/10: frame progress 100/1000 (10.0%)
[2026-03-04 23:15:27] eps=15 rep=9/10: frame progress 100/1000 (10.0%)
[2026-03-04 23:15:27] eps=15 rep=1/10: frame progress 100/1000 (10.0%)
[2026-03-04 23:15:27] eps=15 rep=3/10: frame progress 100/1000 (10.0%)
[2026-03-04 23:15:27] eps=15 rep=2/10: frame progress 100/1000 (10.0%)
[2026-03-04 23:15:28] eps=15 rep=8/10: frame progress 100/1000 (10.0%)
[2026-03-04 23:15:48] eps=3 rep=7/10: frame progress 200/1000 (20.0%)
[2026-03-04 23:15:49] eps=0 rep=7/10: frame progress 200/1000 (20.0%)
[2026-03-04 23:15:49] eps=0 rep=9/10: frame progress 200/1000 (20.0%)
[2026-03-04 23:15:49] eps=0 rep=6/10: frame progress 200/1000 (20.0%)
[2026-03-04 23:15:50] eps=0 rep=3/10: frame progress 200/1000 (20.0%)
[2026-03-04 23:15:50] eps=0 rep=8/10: frame progress 200/1000 (20.0%)
[2026-03-04 23:15:50] eps=0 rep=10/10: frame progress 200/1000 (20.0%)
[2026-03-04 23:15:50] eps=0 rep=2/10: frame progress 200/1000 (20.0%)
[2026-03-04 23:15:50] eps=3 rep=10/10: frame progress 200/1000 (20.0%)
[2026-03-04 23:15:51] eps=3 rep=2/10: frame progress 200/1000 (20.0%)
[2026-03-04 23:15:51] eps=0 rep=5/10: frame progress 200/1000 (20.0%)
[2026-03-04 23:15:51] eps=3 rep=1/10: frame progress 200/1000 (20.0%)
[2026-03-04 23:15:51] eps=3 rep=3/10: frame progress 200/1000 (20.0%)
[2026-03-04 23:15:51] eps=3 rep=8/10: frame progress 200/1000 (20.0%)
[2026-03-04 23:15:51] eps=3 rep=9/10: frame progress 200/1000 (20.0%)
[2026-03-04 23:15:51] eps=0 rep=4/10: frame progress 200/1000 (20.0%)
[2026-03-04 23:15:51] eps=3 rep=6/10: frame progress 200/1000 (20.0%)
[2026-03-04 23:15:51] eps=3 rep=5/10: frame progress 200/1000 (20.0%)
[2026-03-04 23:15:51] eps=0 rep=1/10: frame progress 200/1000 (20.0%)
[2026-03-04 23:15:51] eps=3 rep=4/10: frame progress 200/1000 (20.0%)
[2026-03-04 23:15:54] eps=6 rep=10/10: frame progress 200/1000 (20.0%)
[2026-03-04 23:15:54] eps=6 rep=8/10: frame progress 200/1000 (20.0%)
[2026-03-04 23:15:55] eps=6 rep=4/10: frame progress 200/1000 (20.0%)
[2026-03-04 23:15:55] eps=6 rep=6/10: frame progress 200/1000 (20.0%)
[2026-03-04 23:15:55] eps=6 rep=7/10: frame progress 200/1000 (20.0%)
[2026-03-04 23:15:55] eps=6 rep=5/10: frame progress 200/1000 (20.0%)
[2026-03-04 23:15:55] eps=6 rep=1/10: frame progress 200/1000 (20.0%)
[2026-03-04 23:15:55] eps=6 rep=2/10: frame progress 200/1000 (20.0%)
[2026-03-04 23:15:55] eps=6 rep=9/10: frame progress 200/1000 (20.0%)
[2026-03-04 23:15:56] eps=6 rep=3/10: frame progress 200/1000 (20.0%)
[2026-03-04 23:15:57] eps=9 rep=6/10: frame progress 200/1000 (20.0%)
[2026-03-04 23:15:58] eps=9 rep=10/10: frame progress 200/1000 (20.0%)
[2026-03-04 23:16:00] eps=9 rep=5/10: frame progress 200/1000 (20.0%)
[2026-03-04 23:16:00] eps=9 rep=9/10: frame progress 200/1000 (20.0%)
[2026-03-04 23:16:00] eps=9 rep=1/10: frame progress 200/1000 (20.0%)
[2026-03-04 23:16:01] eps=9 rep=8/10: frame progress 200/1000 (20.0%)
[2026-03-04 23:16:01] eps=9 rep=4/10: frame progress 200/1000 (20.0%)
[2026-03-04 23:16:01] eps=9 rep=3/10: frame progress 200/1000 (20.0%)
[2026-03-04 23:16:01] eps=9 rep=7/10: frame progress 200/1000 (20.0%)
[2026-03-04 23:16:02] eps=9 rep=2/10: frame progress 200/1000 (20.0%)
[2026-03-04 23:16:11] eps=12 rep=9/9: frame progress 200/1000 (20.0%)
[2026-03-04 23:16:11] eps=12 rep=5/9: frame progress 200/1000 (20.0%)
[2026-03-04 23:16:11] eps=12 rep=8/9: frame progress 200/1000 (20.0%)
[2026-03-04 23:16:11] eps=12 rep=4/9: frame progress 200/1000 (20.0%)
[2026-03-04 23:16:11] eps=12 rep=7/9: frame progress 200/1000 (20.0%)
[2026-03-04 23:16:11] eps=12 rep=6/9: frame progress 200/1000 (20.0%)
[2026-03-04 23:16:11] eps=12 rep=3/9: frame progress 200/1000 (20.0%)
[2026-03-04 23:16:12] eps=12 rep=2/9: frame progress 200/1000 (20.0%)
[2026-03-04 23:16:12] eps=12 rep=1/9: frame progress 200/1000 (20.0%)
[2026-03-04 23:16:13] eps=15 rep=4/10: frame progress 200/1000 (20.0%)
[2026-03-04 23:16:13] eps=18 rep=4/10: frame progress 200/1000 (20.0%)
[2026-03-04 23:16:13] eps=18 rep=2/10: frame progress 200/1000 (20.0%)
[2026-03-04 23:16:17] eps=15 rep=5/10: frame progress 200/1000 (20.0%)
[2026-03-04 23:16:18] eps=15 rep=7/10: frame progress 200/1000 (20.0%)
[2026-03-04 23:16:18] eps=15 rep=6/10: frame progress 200/1000 (20.0%)
[2026-03-04 23:16:18] eps=15 rep=2/10: frame progress 200/1000 (20.0%)
[2026-03-04 23:16:18] eps=18 rep=1/10: frame progress 200/1000 (20.0%)
[2026-03-04 23:16:19] eps=18 rep=5/10: frame progress 200/1000 (20.0%)
[2026-03-04 23:16:19] eps=15 rep=10/10: frame progress 200/1000 (20.0%)
[2026-03-04 23:16:19] eps=15 rep=3/10: frame progress 200/1000 (20.0%)
[2026-03-04 23:16:19] eps=18 rep=3/10: frame progress 200/1000 (20.0%)
[2026-03-04 23:16:19] eps=15 rep=9/10: frame progress 200/1000 (20.0%)
[2026-03-04 23:16:19] eps=15 rep=1/10: frame progress 200/1000 (20.0%)
[2026-03-04 23:16:19] eps=3 rep=7/10: frame progress 300/1000 (30.0%)
[2026-03-04 23:16:20] eps=15 rep=8/10: frame progress 200/1000 (20.0%)
[2026-03-04 23:16:21] eps=0 rep=8/10: frame progress 300/1000 (30.0%)
[2026-03-04 23:16:21] eps=0 rep=9/10: frame progress 300/1000 (30.0%)
[2026-03-04 23:16:22] eps=0 rep=6/10: frame progress 300/1000 (30.0%)
[2026-03-04 23:16:22] eps=0 rep=7/10: frame progress 300/1000 (30.0%)
[2026-03-04 23:16:22] eps=0 rep=3/10: frame progress 300/1000 (30.0%)
[2026-03-04 23:16:22] eps=0 rep=10/10: frame progress 300/1000 (30.0%)
[2026-03-04 23:16:23] eps=0 rep=2/10: frame progress 300/1000 (30.0%)
[2026-03-04 23:16:23] eps=0 rep=5/10: frame progress 300/1000 (30.0%)
[2026-03-04 23:16:24] eps=3 rep=2/10: frame progress 300/1000 (30.0%)
[2026-03-04 23:16:24] eps=3 rep=10/10: frame progress 300/1000 (30.0%)
[2026-03-04 23:16:24] eps=3 rep=3/10: frame progress 300/1000 (30.0%)
[2026-03-04 23:16:24] eps=3 rep=8/10: frame progress 300/1000 (30.0%)
[2026-03-04 23:16:24] eps=3 rep=9/10: frame progress 300/1000 (30.0%)
[2026-03-04 23:16:24] eps=0 rep=4/10: frame progress 300/1000 (30.0%)
[2026-03-04 23:16:24] eps=3 rep=6/10: frame progress 300/1000 (30.0%)
[2026-03-04 23:16:24] eps=0 rep=1/10: frame progress 300/1000 (30.0%)
[2026-03-04 23:16:24] eps=3 rep=1/10: frame progress 300/1000 (30.0%)
[2026-03-04 23:16:25] eps=3 rep=5/10: frame progress 300/1000 (30.0%)
[2026-03-04 23:16:25] eps=3 rep=4/10: frame progress 300/1000 (30.0%)
[2026-03-04 23:16:31] eps=6 rep=10/10: frame progress 300/1000 (30.0%)
[2026-03-04 23:16:31] eps=6 rep=6/10: frame progress 300/1000 (30.0%)
[2026-03-04 23:16:31] eps=6 rep=4/10: frame progress 300/1000 (30.0%)
[2026-03-04 23:16:32] eps=6 rep=7/10: frame progress 300/1000 (30.0%)
[2026-03-04 23:16:32] eps=6 rep=8/10: frame progress 300/1000 (30.0%)
[2026-03-04 23:16:32] eps=6 rep=1/10: frame progress 300/1000 (30.0%)
[2026-03-04 23:16:32] eps=6 rep=5/10: frame progress 300/1000 (30.0%)
[2026-03-04 23:16:32] eps=6 rep=9/10: frame progress 300/1000 (30.0%)
[2026-03-04 23:16:33] eps=6 rep=3/10: frame progress 300/1000 (30.0%)
[2026-03-04 23:16:33] eps=6 rep=2/10: frame progress 300/1000 (30.0%)
[2026-03-04 23:16:36] eps=9 rep=6/10: frame progress 300/1000 (30.0%)
[2026-03-04 23:16:37] eps=9 rep=10/10: frame progress 300/1000 (30.0%)
[2026-03-04 23:16:42] eps=9 rep=5/10: frame progress 300/1000 (30.0%)
[2026-03-04 23:16:43] eps=9 rep=9/10: frame progress 300/1000 (30.0%)
[2026-03-04 23:16:43] eps=9 rep=1/10: frame progress 300/1000 (30.0%)
[2026-03-04 23:16:43] eps=9 rep=8/10: frame progress 300/1000 (30.0%)
[2026-03-04 23:16:43] eps=9 rep=3/10: frame progress 300/1000 (30.0%)
[2026-03-04 23:16:43] eps=9 rep=4/10: frame progress 300/1000 (30.0%)
[2026-03-04 23:16:45] eps=9 rep=2/10: frame progress 300/1000 (30.0%)
[2026-03-04 23:16:45] eps=9 rep=7/10: frame progress 300/1000 (30.0%)
[2026-03-04 23:16:52] eps=3 rep=7/10: frame progress 400/1000 (40.0%)
[2026-03-04 23:16:54] eps=0 rep=8/10: frame progress 400/1000 (40.0%)
[2026-03-04 23:16:55] eps=0 rep=9/10: frame progress 400/1000 (40.0%)
[2026-03-04 23:16:55] eps=0 rep=6/10: frame progress 400/1000 (40.0%)
[2026-03-04 23:16:55] eps=0 rep=7/10: frame progress 400/1000 (40.0%)
[2026-03-04 23:16:56] eps=0 rep=10/10: frame progress 400/1000 (40.0%)
[2026-03-04 23:16:56] eps=0 rep=3/10: frame progress 400/1000 (40.0%)
[2026-03-04 23:16:56] eps=0 rep=2/10: frame progress 400/1000 (40.0%)
[2026-03-04 23:16:57] eps=0 rep=5/10: frame progress 400/1000 (40.0%)
[2026-03-04 23:16:58] eps=0 rep=1/10: frame progress 400/1000 (40.0%)
[2026-03-04 23:16:58] eps=0 rep=4/10: frame progress 400/1000 (40.0%)
[2026-03-04 23:16:59] eps=3 rep=3/10: frame progress 400/1000 (40.0%)
[2026-03-04 23:16:59] eps=3 rep=9/10: frame progress 400/1000 (40.0%)
[2026-03-04 23:16:59] eps=3 rep=2/10: frame progress 400/1000 (40.0%)
[2026-03-04 23:16:59] eps=3 rep=10/10: frame progress 400/1000 (40.0%)
[2026-03-04 23:16:59] eps=3 rep=8/10: frame progress 400/1000 (40.0%)
[2026-03-04 23:16:59] eps=3 rep=6/10: frame progress 400/1000 (40.0%)
[2026-03-04 23:16:59] eps=3 rep=1/10: frame progress 400/1000 (40.0%)
[2026-03-04 23:17:00] eps=3 rep=5/10: frame progress 400/1000 (40.0%)
[2026-03-04 23:17:00] eps=3 rep=4/10: frame progress 400/1000 (40.0%)
[2026-03-04 23:17:03] eps=12 rep=9/9: frame progress 300/1000 (30.0%)
[2026-03-04 23:17:04] eps=12 rep=6/9: frame progress 300/1000 (30.0%)
[2026-03-04 23:17:04] eps=12 rep=5/9: frame progress 300/1000 (30.0%)
[2026-03-04 23:17:04] eps=12 rep=7/9: frame progress 300/1000 (30.0%)
[2026-03-04 23:17:04] eps=12 rep=8/9: frame progress 300/1000 (30.0%)
[2026-03-04 23:17:04] eps=12 rep=2/9: frame progress 300/1000 (30.0%)
[2026-03-04 23:17:04] eps=12 rep=4/9: frame progress 300/1000 (30.0%)
[2026-03-04 23:17:04] eps=12 rep=3/9: frame progress 300/1000 (30.0%)
[2026-03-04 23:17:05] eps=12 rep=1/9: frame progress 300/1000 (30.0%)
[2026-03-04 23:17:11] eps=6 rep=10/10: frame progress 400/1000 (40.0%)
[2026-03-04 23:17:11] eps=6 rep=6/10: frame progress 400/1000 (40.0%)
[2026-03-04 23:17:11] eps=6 rep=4/10: frame progress 400/1000 (40.0%)
[2026-03-04 23:17:11] eps=6 rep=8/10: frame progress 400/1000 (40.0%)
[2026-03-04 23:17:12] eps=6 rep=7/10: frame progress 400/1000 (40.0%)
[2026-03-04 23:17:12] eps=6 rep=1/10: frame progress 400/1000 (40.0%)
[2026-03-04 23:17:12] eps=6 rep=9/10: frame progress 400/1000 (40.0%)
[2026-03-04 23:17:12] eps=6 rep=5/10: frame progress 400/1000 (40.0%)
[2026-03-04 23:17:12] eps=6 rep=2/10: frame progress 400/1000 (40.0%)
[2026-03-04 23:17:13] eps=6 rep=3/10: frame progress 400/1000 (40.0%)
[2026-03-04 23:17:14] eps=15 rep=4/10: frame progress 300/1000 (30.0%)
[2026-03-04 23:17:16] eps=18 rep=4/10: frame progress 300/1000 (30.0%)
[2026-03-04 23:17:16] eps=18 rep=2/10: frame progress 300/1000 (30.0%)
[2026-03-04 23:17:21] eps=9 rep=6/10: frame progress 400/1000 (40.0%)
[2026-03-04 23:17:22] eps=9 rep=10/10: frame progress 400/1000 (40.0%)
[2026-03-04 23:17:23] eps=15 rep=5/10: frame progress 300/1000 (30.0%)
[2026-03-04 23:17:24] eps=15 rep=2/10: frame progress 300/1000 (30.0%)
[2026-03-04 23:17:24] eps=15 rep=6/10: frame progress 300/1000 (30.0%)
[2026-03-04 23:17:24] eps=15 rep=7/10: frame progress 300/1000 (30.0%)
[2026-03-04 23:17:24] eps=15 rep=3/10: frame progress 300/1000 (30.0%)
[2026-03-04 23:17:24] eps=15 rep=10/10: frame progress 300/1000 (30.0%)
[2026-03-04 23:17:25] eps=15 rep=9/10: frame progress 300/1000 (30.0%)
[2026-03-04 23:17:25] eps=15 rep=1/10: frame progress 300/1000 (30.0%)
[2026-03-04 23:17:25] eps=18 rep=1/10: frame progress 300/1000 (30.0%)
[2026-03-04 23:17:26] eps=18 rep=5/10: frame progress 300/1000 (30.0%)
[2026-03-04 23:17:26] eps=18 rep=3/10: frame progress 300/1000 (30.0%)
[2026-03-04 23:17:26] eps=15 rep=8/10: frame progress 300/1000 (30.0%)
[2026-03-04 23:17:27] eps=3 rep=7/10: frame progress 500/1000 (50.0%)
[2026-03-04 23:17:29] eps=9 rep=5/10: frame progress 400/1000 (40.0%)
[2026-03-04 23:17:29] eps=9 rep=1/10: frame progress 400/1000 (40.0%)
[2026-03-04 23:17:29] eps=0 rep=8/10: frame progress 500/1000 (50.0%)
[2026-03-04 23:17:29] eps=9 rep=9/10: frame progress 400/1000 (40.0%)
[2026-03-04 23:17:30] eps=0 rep=9/10: frame progress 500/1000 (50.0%)
[2026-03-04 23:17:30] eps=9 rep=3/10: frame progress 400/1000 (40.0%)
[2026-03-04 23:17:30] eps=0 rep=6/10: frame progress 500/1000 (50.0%)
[2026-03-04 23:17:30] eps=9 rep=4/10: frame progress 400/1000 (40.0%)
[2026-03-04 23:17:30] eps=0 rep=7/10: frame progress 500/1000 (50.0%)
[2026-03-04 23:17:30] eps=9 rep=8/10: frame progress 400/1000 (40.0%)
[2026-03-04 23:17:30] eps=0 rep=3/10: frame progress 500/1000 (50.0%)
[2026-03-04 23:17:31] eps=0 rep=10/10: frame progress 500/1000 (50.0%)
[2026-03-04 23:17:32] eps=0 rep=2/10: frame progress 500/1000 (50.0%)
[2026-03-04 23:17:32] eps=9 rep=2/10: frame progress 400/1000 (40.0%)
[2026-03-04 23:17:33] eps=9 rep=7/10: frame progress 400/1000 (40.0%)
[2026-03-04 23:17:33] eps=0 rep=5/10: frame progress 500/1000 (50.0%)
[2026-03-04 23:17:34] eps=0 rep=4/10: frame progress 500/1000 (50.0%)
[2026-03-04 23:17:35] eps=0 rep=1/10: frame progress 500/1000 (50.0%)
[2026-03-04 23:17:35] eps=3 rep=3/10: frame progress 500/1000 (50.0%)
[2026-03-04 23:17:35] eps=3 rep=9/10: frame progress 500/1000 (50.0%)
[2026-03-04 23:17:35] eps=3 rep=10/10: frame progress 500/1000 (50.0%)
[2026-03-04 23:17:36] eps=3 rep=6/10: frame progress 500/1000 (50.0%)
[2026-03-04 23:17:36] eps=3 rep=8/10: frame progress 500/1000 (50.0%)
[2026-03-04 23:17:36] eps=3 rep=2/10: frame progress 500/1000 (50.0%)
[2026-03-04 23:17:36] eps=3 rep=1/10: frame progress 500/1000 (50.0%)
[2026-03-04 23:17:36] eps=3 rep=5/10: frame progress 500/1000 (50.0%)
[2026-03-04 23:17:37] eps=3 rep=4/10: frame progress 500/1000 (50.0%)
[2026-03-04 23:17:53] eps=6 rep=2/10: frame progress 500/1000 (50.0%)
[2026-03-04 23:17:53] eps=6 rep=10/10: frame progress 500/1000 (50.0%)
[2026-03-04 23:17:53] eps=6 rep=6/10: frame progress 500/1000 (50.0%)
[2026-03-04 23:17:54] eps=6 rep=8/10: frame progress 500/1000 (50.0%)
[2026-03-04 23:17:54] eps=6 rep=4/10: frame progress 500/1000 (50.0%)
[2026-03-04 23:17:54] eps=6 rep=1/10: frame progress 500/1000 (50.0%)
[2026-03-04 23:17:55] eps=6 rep=7/10: frame progress 500/1000 (50.0%)
[2026-03-04 23:17:55] eps=6 rep=9/10: frame progress 500/1000 (50.0%)
[2026-03-04 23:17:55] eps=6 rep=5/10: frame progress 500/1000 (50.0%)
[2026-03-04 23:17:56] eps=6 rep=3/10: frame progress 500/1000 (50.0%)
[2026-03-04 23:18:01] eps=12 rep=9/9: frame progress 400/1000 (40.0%)
[2026-03-04 23:18:01] eps=12 rep=6/9: frame progress 400/1000 (40.0%)
[2026-03-04 23:18:02] eps=12 rep=5/9: frame progress 400/1000 (40.0%)
[2026-03-04 23:18:02] eps=12 rep=8/9: frame progress 400/1000 (40.0%)
[2026-03-04 23:18:02] eps=12 rep=7/9: frame progress 400/1000 (40.0%)
[2026-03-04 23:18:03] eps=12 rep=4/9: frame progress 400/1000 (40.0%)
[2026-03-04 23:18:03] eps=12 rep=3/9: frame progress 400/1000 (40.0%)
[2026-03-04 23:18:03] eps=3 rep=7/10: frame progress 600/1000 (60.0%)
[2026-03-04 23:18:03] eps=12 rep=2/9: frame progress 400/1000 (40.0%)
[2026-03-04 23:18:04] eps=12 rep=1/9: frame progress 400/1000 (40.0%)
[2026-03-04 23:18:05] eps=0 rep=8/10: frame progress 600/1000 (60.0%)
[2026-03-04 23:18:06] eps=0 rep=9/10: frame progress 600/1000 (60.0%)
[2026-03-04 23:18:06] eps=0 rep=7/10: frame progress 600/1000 (60.0%)
[2026-03-04 23:18:06] eps=0 rep=6/10: frame progress 600/1000 (60.0%)
[2026-03-04 23:18:06] eps=0 rep=10/10: frame progress 600/1000 (60.0%)
[2026-03-04 23:18:07] eps=0 rep=3/10: frame progress 600/1000 (60.0%)
[2026-03-04 23:18:08] eps=0 rep=2/10: frame progress 600/1000 (60.0%)
[2026-03-04 23:18:08] eps=9 rep=6/10: frame progress 500/1000 (50.0%)
[2026-03-04 23:18:09] eps=9 rep=10/10: frame progress 500/1000 (50.0%)
[2026-03-04 23:18:10] eps=0 rep=1/10: frame progress 600/1000 (60.0%)
[2026-03-04 23:18:10] eps=0 rep=5/10: frame progress 600/1000 (60.0%)
[2026-03-04 23:18:11] eps=0 rep=4/10: frame progress 600/1000 (60.0%)
[2026-03-04 23:18:14] eps=3 rep=10/10: frame progress 600/1000 (60.0%)
[2026-03-04 23:18:14] eps=3 rep=9/10: frame progress 600/1000 (60.0%)
[2026-03-04 23:18:14] eps=3 rep=3/10: frame progress 600/1000 (60.0%)
[2026-03-04 23:18:14] eps=3 rep=8/10: frame progress 600/1000 (60.0%)
[2026-03-04 23:18:14] eps=3 rep=6/10: frame progress 600/1000 (60.0%)
[2026-03-04 23:18:14] eps=3 rep=2/10: frame progress 600/1000 (60.0%)
[2026-03-04 23:18:14] eps=3 rep=1/10: frame progress 600/1000 (60.0%)
[2026-03-04 23:18:15] eps=3 rep=5/10: frame progress 600/1000 (60.0%)
[2026-03-04 23:18:15] eps=3 rep=4/10: frame progress 600/1000 (60.0%)
[2026-03-04 23:18:20] eps=9 rep=5/10: frame progress 500/1000 (50.0%)
[2026-03-04 23:18:20] eps=9 rep=1/10: frame progress 500/1000 (50.0%)
[2026-03-04 23:18:20] eps=9 rep=9/10: frame progress 500/1000 (50.0%)
[2026-03-04 23:18:21] eps=9 rep=3/10: frame progress 500/1000 (50.0%)
[2026-03-04 23:18:21] eps=9 rep=4/10: frame progress 500/1000 (50.0%)
[2026-03-04 23:18:21] eps=9 rep=8/10: frame progress 500/1000 (50.0%)
[2026-03-04 23:18:22] eps=9 rep=2/10: frame progress 500/1000 (50.0%)
[2026-03-04 23:18:24] eps=9 rep=7/10: frame progress 500/1000 (50.0%)
[2026-03-04 23:18:28] eps=15 rep=4/10: frame progress 400/1000 (40.0%)
[2026-03-04 23:18:32] eps=18 rep=4/10: frame progress 400/1000 (40.0%)
[2026-03-04 23:18:33] eps=18 rep=2/10: frame progress 400/1000 (40.0%)
[2026-03-04 23:18:36] eps=6 rep=2/10: frame progress 600/1000 (60.0%)
[2026-03-04 23:18:38] eps=6 rep=6/10: frame progress 600/1000 (60.0%)
[2026-03-04 23:18:39] eps=6 rep=10/10: frame progress 600/1000 (60.0%)
[2026-03-04 23:18:40] eps=6 rep=8/10: frame progress 600/1000 (60.0%)
[2026-03-04 23:18:40] eps=6 rep=7/10: frame progress 600/1000 (60.0%)
[2026-03-04 23:18:40] eps=6 rep=1/10: frame progress 600/1000 (60.0%)
[2026-03-04 23:18:40] eps=6 rep=4/10: frame progress 600/1000 (60.0%)
[2026-03-04 23:18:40] eps=6 rep=9/10: frame progress 600/1000 (60.0%)
[2026-03-04 23:18:40] eps=3 rep=7/10: frame progress 700/1000 (70.0%)
[2026-03-04 23:18:41] eps=6 rep=5/10: frame progress 600/1000 (60.0%)
[2026-03-04 23:18:42] eps=6 rep=3/10: frame progress 600/1000 (60.0%)
[2026-03-04 23:18:43] eps=15 rep=5/10: frame progress 400/1000 (40.0%)
[2026-03-04 23:18:43] eps=0 rep=8/10: frame progress 700/1000 (70.0%)
[2026-03-04 23:18:43] eps=0 rep=9/10: frame progress 700/1000 (70.0%)
[2026-03-04 23:18:44] eps=0 rep=7/10: frame progress 700/1000 (70.0%)
[2026-03-04 23:18:44] eps=0 rep=10/10: frame progress 700/1000 (70.0%)
[2026-03-04 23:18:44] eps=15 rep=2/10: frame progress 400/1000 (40.0%)
[2026-03-04 23:18:44] eps=0 rep=6/10: frame progress 700/1000 (70.0%)
[2026-03-04 23:18:45] eps=0 rep=3/10: frame progress 700/1000 (70.0%)
[2026-03-04 23:18:45] eps=15 rep=6/10: frame progress 400/1000 (40.0%)
[2026-03-04 23:18:45] eps=0 rep=1/10: frame progress 700/1000 (70.0%)
[2026-03-04 23:18:45] eps=15 rep=3/10: frame progress 400/1000 (40.0%)
[2026-03-04 23:18:45] eps=15 rep=7/10: frame progress 400/1000 (40.0%)
[2026-03-04 23:18:45] eps=15 rep=10/10: frame progress 400/1000 (40.0%)
[2026-03-04 23:18:45] eps=0 rep=2/10: frame progress 700/1000 (70.0%)
[2026-03-04 23:18:45] eps=15 rep=1/10: frame progress 400/1000 (40.0%)
[2026-03-04 23:18:46] eps=15 rep=8/10: frame progress 400/1000 (40.0%)
[2026-03-04 23:18:46] eps=15 rep=9/10: frame progress 400/1000 (40.0%)
[2026-03-04 23:18:47] eps=18 rep=1/10: frame progress 400/1000 (40.0%)
[2026-03-04 23:18:48] eps=18 rep=5/10: frame progress 400/1000 (40.0%)
[2026-03-04 23:18:48] eps=0 rep=5/10: frame progress 700/1000 (70.0%)
[2026-03-04 23:18:49] eps=18 rep=3/10: frame progress 400/1000 (40.0%)
[2026-03-04 23:18:49] eps=0 rep=4/10: frame progress 700/1000 (70.0%)
[2026-03-04 23:18:53] eps=3 rep=9/10: frame progress 700/1000 (70.0%)
[2026-03-04 23:18:53] eps=3 rep=10/10: frame progress 700/1000 (70.0%)
[2026-03-04 23:18:54] eps=3 rep=6/10: frame progress 700/1000 (70.0%)
[2026-03-04 23:18:54] eps=3 rep=3/10: frame progress 700/1000 (70.0%)
[2026-03-04 23:18:54] eps=3 rep=8/10: frame progress 700/1000 (70.0%)
[2026-03-04 23:18:54] eps=3 rep=1/10: frame progress 700/1000 (70.0%)
[2026-03-04 23:18:54] eps=3 rep=2/10: frame progress 700/1000 (70.0%)
[2026-03-04 23:18:55] eps=3 rep=5/10: frame progress 700/1000 (70.0%)
[2026-03-04 23:18:55] eps=3 rep=4/10: frame progress 700/1000 (70.0%)
[2026-03-04 23:18:59] eps=9 rep=6/10: frame progress 600/1000 (60.0%)
[2026-03-04 23:19:01] eps=9 rep=10/10: frame progress 600/1000 (60.0%)
[2026-03-04 23:19:04] eps=12 rep=6/9: frame progress 500/1000 (50.0%)
[2026-03-04 23:19:04] eps=12 rep=9/9: frame progress 500/1000 (50.0%)
[2026-03-04 23:19:05] eps=12 rep=5/9: frame progress 500/1000 (50.0%)
[2026-03-04 23:19:05] eps=12 rep=7/9: frame progress 500/1000 (50.0%)
[2026-03-04 23:19:06] eps=12 rep=8/9: frame progress 500/1000 (50.0%)
[2026-03-04 23:19:06] eps=12 rep=4/9: frame progress 500/1000 (50.0%)
[2026-03-04 23:19:06] eps=12 rep=3/9: frame progress 500/1000 (50.0%)
[2026-03-04 23:19:06] eps=12 rep=2/9: frame progress 500/1000 (50.0%)
[2026-03-04 23:19:06] eps=12 rep=1/9: frame progress 500/1000 (50.0%)
[2026-03-04 23:19:15] eps=9 rep=5/10: frame progress 600/1000 (60.0%)
[2026-03-04 23:19:15] eps=9 rep=1/10: frame progress 600/1000 (60.0%)
[2026-03-04 23:19:15] eps=9 rep=9/10: frame progress 600/1000 (60.0%)
[2026-03-04 23:19:16] eps=9 rep=4/10: frame progress 600/1000 (60.0%)
[2026-03-04 23:19:16] eps=9 rep=3/10: frame progress 600/1000 (60.0%)
[2026-03-04 23:19:17] eps=9 rep=8/10: frame progress 600/1000 (60.0%)
[2026-03-04 23:19:18] eps=9 rep=2/10: frame progress 600/1000 (60.0%)
[2026-03-04 23:19:19] eps=3 rep=7/10: frame progress 800/1000 (80.0%)
[2026-03-04 23:19:20] eps=9 rep=7/10: frame progress 600/1000 (60.0%)
[2026-03-04 23:19:21] eps=0 rep=1/10: frame progress 800/1000 (80.0%)
[2026-03-04 23:19:21] eps=6 rep=2/10: frame progress 700/1000 (70.0%)
[2026-03-04 23:19:22] eps=0 rep=8/10: frame progress 800/1000 (80.0%)
[2026-03-04 23:19:22] eps=0 rep=9/10: frame progress 800/1000 (80.0%)
[2026-03-04 23:19:22] eps=0 rep=10/10: frame progress 800/1000 (80.0%)
[2026-03-04 23:19:23] eps=0 rep=7/10: frame progress 800/1000 (80.0%)
[2026-03-04 23:19:23] eps=0 rep=6/10: frame progress 800/1000 (80.0%)
[2026-03-04 23:19:23] eps=0 rep=3/10: frame progress 800/1000 (80.0%)
[2026-03-04 23:19:24] eps=0 rep=2/10: frame progress 800/1000 (80.0%)
[2026-03-04 23:19:27] eps=6 rep=6/10: frame progress 700/1000 (70.0%)
[2026-03-04 23:19:27] eps=6 rep=10/10: frame progress 700/1000 (70.0%)
[2026-03-04 23:19:27] eps=0 rep=5/10: frame progress 800/1000 (80.0%)
[2026-03-04 23:19:28] eps=6 rep=7/10: frame progress 700/1000 (70.0%)
[2026-03-04 23:19:28] eps=6 rep=8/10: frame progress 700/1000 (70.0%)
[2026-03-04 23:19:28] eps=6 rep=1/10: frame progress 700/1000 (70.0%)
[2026-03-04 23:19:28] eps=0 rep=4/10: frame progress 800/1000 (80.0%)
[2026-03-04 23:19:28] eps=6 rep=9/10: frame progress 700/1000 (70.0%)
[2026-03-04 23:19:29] eps=6 rep=4/10: frame progress 700/1000 (70.0%)
[2026-03-04 23:19:29] eps=6 rep=5/10: frame progress 700/1000 (70.0%)
[2026-03-04 23:19:31] eps=6 rep=3/10: frame progress 700/1000 (70.0%)
[2026-03-04 23:19:34] eps=3 rep=10/10: frame progress 800/1000 (80.0%)
[2026-03-04 23:19:35] eps=3 rep=9/10: frame progress 800/1000 (80.0%)
[2026-03-04 23:19:35] eps=3 rep=6/10: frame progress 800/1000 (80.0%)
[2026-03-04 23:19:35] eps=3 rep=8/10: frame progress 800/1000 (80.0%)
[2026-03-04 23:19:36] eps=3 rep=3/10: frame progress 800/1000 (80.0%)
[2026-03-04 23:19:36] eps=3 rep=2/10: frame progress 800/1000 (80.0%)
[2026-03-04 23:19:36] eps=3 rep=1/10: frame progress 800/1000 (80.0%)
[2026-03-04 23:19:36] eps=3 rep=5/10: frame progress 800/1000 (80.0%)
[2026-03-04 23:19:37] eps=3 rep=4/10: frame progress 800/1000 (80.0%)
[2026-03-04 23:19:54] eps=9 rep=6/10: frame progress 700/1000 (70.0%)
[2026-03-04 23:19:56] eps=15 rep=4/10: frame progress 500/1000 (50.0%)
[2026-03-04 23:19:57] eps=9 rep=10/10: frame progress 700/1000 (70.0%)
[2026-03-04 23:19:58] eps=0 rep=1/10: frame progress 900/1000 (90.0%)
[2026-03-04 23:19:59] eps=3 rep=7/10: frame progress 900/1000 (90.0%)
[2026-03-04 23:20:01] eps=0 rep=9/10: frame progress 900/1000 (90.0%)
[2026-03-04 23:20:02] eps=18 rep=4/10: frame progress 500/1000 (50.0%)
[2026-03-04 23:20:02] eps=0 rep=8/10: frame progress 900/1000 (90.0%)
[2026-03-04 23:20:02] eps=0 rep=10/10: frame progress 900/1000 (90.0%)
[2026-03-04 23:20:03] eps=0 rep=7/10: frame progress 900/1000 (90.0%)
[2026-03-04 23:20:03] eps=0 rep=6/10: frame progress 900/1000 (90.0%)
[2026-03-04 23:20:03] eps=0 rep=3/10: frame progress 900/1000 (90.0%)
[2026-03-04 23:20:03] eps=0 rep=2/10: frame progress 900/1000 (90.0%)
[2026-03-04 23:20:03] eps=18 rep=2/10: frame progress 500/1000 (50.0%)
[2026-03-04 23:20:08] eps=0 rep=5/10: frame progress 900/1000 (90.0%)
[2026-03-04 23:20:09] eps=0 rep=4/10: frame progress 900/1000 (90.0%)
[2026-03-04 23:20:09] eps=6 rep=2/10: frame progress 800/1000 (80.0%)
[2026-03-04 23:20:11] eps=12 rep=9/9: frame progress 600/1000 (60.0%)
[2026-03-04 23:20:11] eps=12 rep=6/9: frame progress 600/1000 (60.0%)
[2026-03-04 23:20:12] eps=12 rep=5/9: frame progress 600/1000 (60.0%)
[2026-03-04 23:20:13] eps=12 rep=7/9: frame progress 600/1000 (60.0%)
[2026-03-04 23:20:13] eps=12 rep=3/9: frame progress 600/1000 (60.0%)
[2026-03-04 23:20:13] eps=12 rep=8/9: frame progress 600/1000 (60.0%)
[2026-03-04 23:20:13] eps=12 rep=4/9: frame progress 600/1000 (60.0%)
[2026-03-04 23:20:14] eps=12 rep=2/9: frame progress 600/1000 (60.0%)
[2026-03-04 23:20:14] eps=12 rep=1/9: frame progress 600/1000 (60.0%)
[2026-03-04 23:20:15] eps=9 rep=9/10: frame progress 700/1000 (70.0%)
[2026-03-04 23:20:15] eps=9 rep=5/10: frame progress 700/1000 (70.0%)
[2026-03-04 23:20:16] eps=9 rep=1/10: frame progress 700/1000 (70.0%)
[2026-03-04 23:20:16] eps=15 rep=5/10: frame progress 500/1000 (50.0%)
[2026-03-04 23:20:17] eps=9 rep=8/10: frame progress 700/1000 (70.0%)
[2026-03-04 23:20:17] eps=9 rep=3/10: frame progress 700/1000 (70.0%)
[2026-03-04 23:20:17] eps=9 rep=4/10: frame progress 700/1000 (70.0%)
[2026-03-04 23:20:17] eps=3 rep=10/10: frame progress 900/1000 (90.0%)
[2026-03-04 23:20:17] eps=3 rep=9/10: frame progress 900/1000 (90.0%)
[2026-03-04 23:20:18] eps=3 rep=6/10: frame progress 900/1000 (90.0%)
[2026-03-04 23:20:18] eps=9 rep=2/10: frame progress 700/1000 (70.0%)
[2026-03-04 23:20:18] eps=3 rep=8/10: frame progress 900/1000 (90.0%)
[2026-03-04 23:20:18] eps=6 rep=6/10: frame progress 800/1000 (80.0%)
[2026-03-04 23:20:18] eps=15 rep=2/10: frame progress 500/1000 (50.0%)
[2026-03-04 23:20:18] eps=6 rep=10/10: frame progress 800/1000 (80.0%)
[2026-03-04 23:20:18] eps=3 rep=3/10: frame progress 900/1000 (90.0%)
[2026-03-04 23:20:19] eps=3 rep=1/10: frame progress 900/1000 (90.0%)
[2026-03-04 23:20:19] eps=3 rep=2/10: frame progress 900/1000 (90.0%)
[2026-03-04 23:20:19] eps=6 rep=7/10: frame progress 800/1000 (80.0%)
[2026-03-04 23:20:19] eps=6 rep=8/10: frame progress 800/1000 (80.0%)
[2026-03-04 23:20:19] eps=6 rep=9/10: frame progress 800/1000 (80.0%)
[2026-03-04 23:20:19] eps=3 rep=5/10: frame progress 900/1000 (90.0%)
[2026-03-04 23:20:20] eps=6 rep=1/10: frame progress 800/1000 (80.0%)
[2026-03-04 23:20:20] eps=3 rep=4/10: frame progress 900/1000 (90.0%)
[2026-03-04 23:20:20] eps=15 rep=8/10: frame progress 500/1000 (50.0%)
[2026-03-04 23:20:20] eps=15 rep=6/10: frame progress 500/1000 (50.0%)
[2026-03-04 23:20:20] eps=15 rep=7/10: frame progress 500/1000 (50.0%)
[2026-03-04 23:20:20] eps=15 rep=3/10: frame progress 500/1000 (50.0%)
[2026-03-04 23:20:20] eps=15 rep=10/10: frame progress 500/1000 (50.0%)
[2026-03-04 23:20:20] eps=6 rep=4/10: frame progress 800/1000 (80.0%)
[2026-03-04 23:20:20] eps=9 rep=7/10: frame progress 700/1000 (70.0%)
[2026-03-04 23:20:20] eps=15 rep=1/10: frame progress 500/1000 (50.0%)
[2026-03-04 23:20:21] eps=6 rep=5/10: frame progress 800/1000 (80.0%)
[2026-03-04 23:20:21] eps=15 rep=9/10: frame progress 500/1000 (50.0%)
[2026-03-04 23:20:23] eps=6 rep=3/10: frame progress 800/1000 (80.0%)
[2026-03-04 23:20:24] eps=18 rep=1/10: frame progress 500/1000 (50.0%)
[2026-03-04 23:20:26] eps=18 rep=5/10: frame progress 500/1000 (50.0%)
[2026-03-04 23:20:26] eps=18 rep=3/10: frame progress 500/1000 (50.0%)
[2026-03-04 23:20:37] eps=0 rep=1/10: frame progress 1000/1000 (100.0%)
[2026-03-04 23:20:40] eps=3 rep=7/10: frame progress 1000/1000 (100.0%)
[2026-03-04 23:20:43] eps=0 rep=9/10: frame progress 1000/1000 (100.0%)
[2026-03-04 23:20:43] eps=0 rep=8/10: frame progress 1000/1000 (100.0%)
[2026-03-04 23:20:43] eps=0 rep=10/10: frame progress 1000/1000 (100.0%)
[2026-03-04 23:20:44] eps=0 rep=7/10: frame progress 1000/1000 (100.0%)
[2026-03-04 23:20:44] eps=0 rep=3/10: frame progress 1000/1000 (100.0%)
[2026-03-04 23:20:44] eps=0 rep=6/10: frame progress 1000/1000 (100.0%)
[2026-03-04 23:20:45] eps=0 rep=2/10: frame progress 1000/1000 (100.0%)
[2026-03-04 23:20:50] eps=0 rep=5/10: frame progress 1000/1000 (100.0%)
[2026-03-04 23:20:50] eps=0 rep=1/10: done
[2026-03-04 23:20:51] eps=18 rep=6/10: start (eps_18/rep_010/trajectory.gsd)
[2026-03-04 23:20:51] eps=0 rep=4/10: frame progress 1000/1000 (100.0%)
[2026-03-04 23:20:55] eps=9 rep=6/10: frame progress 800/1000 (80.0%)
[2026-03-04 23:20:57] eps=9 rep=10/10: frame progress 800/1000 (80.0%)
[2026-03-04 23:20:58] eps=3 rep=7/10: done
[2026-03-04 23:20:58] eps=18 rep=7/10: start (eps_18/rep_009/trajectory.gsd)
[2026-03-04 23:20:59] eps=6 rep=2/10: frame progress 900/1000 (90.0%)
[2026-03-04 23:21:01] eps=3 rep=10/10: frame progress 1000/1000 (100.0%)
[2026-03-04 23:21:01] eps=3 rep=9/10: frame progress 1000/1000 (100.0%)
[2026-03-04 23:21:02] eps=3 rep=6/10: frame progress 1000/1000 (100.0%)
[2026-03-04 23:21:02] eps=3 rep=8/10: frame progress 1000/1000 (100.0%)
[2026-03-04 23:21:02] eps=3 rep=3/10: frame progress 1000/1000 (100.0%)
[2026-03-04 23:21:03] eps=0 rep=9/10: done
[2026-03-04 23:21:03] eps=18 rep=8/10: start (eps_18/rep_008/trajectory.gsd)
[2026-03-04 23:21:03] eps=3 rep=2/10: frame progress 1000/1000 (100.0%)
[2026-03-04 23:21:03] eps=0 rep=8/10: done
[2026-03-04 23:21:04] eps=18 rep=9/10: start (eps_18/rep_002/trajectory.gsd)
[2026-03-04 23:21:04] eps=3 rep=1/10: frame progress 1000/1000 (100.0%)
[2026-03-04 23:21:04] eps=3 rep=4/10: frame progress 1000/1000 (100.0%)
[2026-03-04 23:21:04] eps=3 rep=5/10: frame progress 1000/1000 (100.0%)
[2026-03-04 23:21:04] eps=0 rep=10/10: done
[2026-03-04 23:21:04] eps=18 rep=10/10: start (eps_18/rep_001/trajectory.gsd)
[2026-03-04 23:21:04] eps=0 rep=7/10: done
[2026-03-04 23:21:05] eps=0 rep=3/10: done
[2026-03-04 23:21:05] eps=0 rep=6/10: done
[2026-03-04 23:21:05] eps=0 rep=2/10: done
[2026-03-04 23:21:10] eps=0 rep=5/10: done
[2026-03-04 23:21:11] eps=0 rep=4/10: done
[2026-03-04 23:21:11] eps=6 rep=6/10: frame progress 900/1000 (90.0%)
[2026-03-04 23:21:12] eps=6 rep=10/10: frame progress 900/1000 (90.0%)
[2026-03-04 23:21:13] eps=6 rep=7/10: frame progress 900/1000 (90.0%)
[2026-03-04 23:21:13] eps=6 rep=1/10: frame progress 900/1000 (90.0%)
[2026-03-04 23:21:13] eps=6 rep=8/10: frame progress 900/1000 (90.0%)
[2026-03-04 23:21:13] eps=6 rep=9/10: frame progress 900/1000 (90.0%)
[2026-03-04 23:21:14] eps=6 rep=4/10: frame progress 900/1000 (90.0%)
[2026-03-04 23:21:14] eps=6 rep=5/10: frame progress 900/1000 (90.0%)
[2026-03-04 23:21:16] eps=6 rep=3/10: frame progress 900/1000 (90.0%)
[2026-03-04 23:21:18] eps=3 rep=10/10: done
[2026-03-04 23:21:19] eps=9 rep=9/10: frame progress 800/1000 (80.0%)
[2026-03-04 23:21:19] eps=3 rep=6/10: done
[2026-03-04 23:21:19] eps=3 rep=9/10: done
[2026-03-04 23:21:19] eps=9 rep=5/10: frame progress 800/1000 (80.0%)
[2026-03-04 23:21:19] eps=3 rep=8/10: done
[2026-03-04 23:21:19] eps=9 rep=1/10: frame progress 800/1000 (80.0%)
[2026-03-04 23:21:20] eps=3 rep=3/10: done
[2026-03-04 23:21:20] eps=3 rep=2/10: done
[2026-03-04 23:21:20] eps=3 rep=4/10: done
[2026-03-04 23:21:20] eps=3 rep=1/10: done
[2026-03-04 23:21:20] eps=9 rep=8/10: frame progress 800/1000 (80.0%)
[2026-03-04 23:21:21] eps=3 rep=5/10: done
[2026-03-04 23:21:21] eps=9 rep=3/10: frame progress 800/1000 (80.0%)
[2026-03-04 23:21:21] eps=9 rep=4/10: frame progress 800/1000 (80.0%)
[2026-03-04 23:21:21] eps=12 rep=9/9: frame progress 700/1000 (70.0%)
[2026-03-04 23:21:22] eps=12 rep=6/9: frame progress 700/1000 (70.0%)
[2026-03-04 23:21:22] eps=9 rep=2/10: frame progress 800/1000 (80.0%)
[2026-03-04 23:21:22] eps=12 rep=5/9: frame progress 700/1000 (70.0%)
[2026-03-04 23:21:23] eps=12 rep=3/9: frame progress 700/1000 (70.0%)
[2026-03-04 23:21:23] eps=12 rep=7/9: frame progress 700/1000 (70.0%)
[2026-03-04 23:21:23] eps=12 rep=4/9: frame progress 700/1000 (70.0%)
[2026-03-04 23:21:24] eps=12 rep=2/9: frame progress 700/1000 (70.0%)
[2026-03-04 23:21:24] eps=12 rep=1/9: frame progress 700/1000 (70.0%)
[2026-03-04 23:21:24] eps=9 rep=7/10: frame progress 800/1000 (80.0%)
[2026-03-04 23:21:25] eps=12 rep=8/9: frame progress 700/1000 (70.0%)
[2026-03-04 23:21:26] eps=18 rep=6/10: frame progress 100/1000 (10.0%)
[2026-03-04 23:21:34] eps=18 rep=7/10: frame progress 100/1000 (10.0%)
[2026-03-04 23:21:35] eps=15 rep=4/10: frame progress 600/1000 (60.0%)
[2026-03-04 23:21:39] eps=18 rep=8/10: frame progress 100/1000 (10.0%)
[2026-03-04 23:21:39] eps=18 rep=10/10: frame progress 100/1000 (10.0%)
[2026-03-04 23:21:39] eps=18 rep=9/10: frame progress 100/1000 (10.0%)
[2026-03-04 23:21:45] eps=18 rep=4/10: frame progress 600/1000 (60.0%)
[2026-03-04 23:21:46] eps=18 rep=2/10: frame progress 600/1000 (60.0%)
[2026-03-04 23:21:52] eps=6 rep=2/10: frame progress 1000/1000 (100.0%)
[2026-03-04 23:21:58] eps=9 rep=6/10: frame progress 900/1000 (90.0%)
[2026-03-04 23:22:00] eps=15 rep=5/10: frame progress 600/1000 (60.0%)
[2026-03-04 23:22:00] eps=9 rep=10/10: frame progress 900/1000 (90.0%)
[2026-03-04 23:22:01] eps=15 rep=2/10: frame progress 600/1000 (60.0%)
[2026-03-04 23:22:02] eps=15 rep=3/10: frame progress 600/1000 (60.0%)
[2026-03-04 23:22:03] eps=15 rep=1/10: frame progress 600/1000 (60.0%)
[2026-03-04 23:22:03] eps=15 rep=6/10: frame progress 600/1000 (60.0%)
[2026-03-04 23:22:03] eps=15 rep=8/10: frame progress 600/1000 (60.0%)
[2026-03-04 23:22:04] eps=15 rep=7/10: frame progress 600/1000 (60.0%)
[2026-03-04 23:22:04] eps=6 rep=6/10: frame progress 1000/1000 (100.0%)
[2026-03-04 23:22:04] eps=15 rep=10/10: frame progress 600/1000 (60.0%)
[2026-03-04 23:22:05] eps=6 rep=2/10: done
[2026-03-04 23:22:06] eps=6 rep=7/10: frame progress 1000/1000 (100.0%)
[2026-03-04 23:22:06] eps=15 rep=9/10: frame progress 600/1000 (60.0%)
[2026-03-04 23:22:06] eps=6 rep=1/10: frame progress 1000/1000 (100.0%)
[2026-03-04 23:22:06] eps=6 rep=9/10: frame progress 1000/1000 (100.0%)
[2026-03-04 23:22:06] eps=6 rep=10/10: frame progress 1000/1000 (100.0%)
[2026-03-04 23:22:06] eps=6 rep=8/10: frame progress 1000/1000 (100.0%)
[2026-03-04 23:22:08] eps=6 rep=4/10: frame progress 1000/1000 (100.0%)
[2026-03-04 23:22:08] eps=6 rep=5/10: frame progress 1000/1000 (100.0%)
[2026-03-04 23:22:09] eps=6 rep=3/10: frame progress 1000/1000 (100.0%)
[2026-03-04 23:22:11] eps=18 rep=1/10: frame progress 600/1000 (60.0%)
[2026-03-04 23:22:14] eps=18 rep=5/10: frame progress 600/1000 (60.0%)
[2026-03-04 23:22:14] eps=18 rep=6/10: frame progress 200/1000 (20.0%)
[2026-03-04 23:22:15] eps=18 rep=3/10: frame progress 600/1000 (60.0%)
[2026-03-04 23:22:18] eps=6 rep=6/10: done
[2026-03-04 23:22:19] eps=6 rep=7/10: done
[2026-03-04 23:22:19] eps=6 rep=1/10: done
[2026-03-04 23:22:20] eps=6 rep=9/10: done
[2026-03-04 23:22:20] eps=6 rep=10/10: done
[2026-03-04 23:22:20] eps=6 rep=8/10: done
[2026-03-04 23:22:21] eps=6 rep=5/10: done
[2026-03-04 23:22:21] eps=6 rep=4/10: done
[2026-03-04 23:22:22] eps=6 rep=3/10: done
[2026-03-04 23:22:23] eps=9 rep=5/10: frame progress 900/1000 (90.0%)
[2026-03-04 23:22:23] eps=9 rep=9/10: frame progress 900/1000 (90.0%)
[2026-03-04 23:22:23] eps=9 rep=1/10: frame progress 900/1000 (90.0%)
[2026-03-04 23:22:23] eps=18 rep=7/10: frame progress 200/1000 (20.0%)
[2026-03-04 23:22:23] eps=9 rep=4/10: frame progress 900/1000 (90.0%)
[2026-03-04 23:22:23] eps=9 rep=3/10: frame progress 900/1000 (90.0%)
[2026-03-04 23:22:24] eps=9 rep=8/10: frame progress 900/1000 (90.0%)
[2026-03-04 23:22:25] eps=9 rep=2/10: frame progress 900/1000 (90.0%)
[2026-03-04 23:22:28] eps=18 rep=8/10: frame progress 200/1000 (20.0%)
[2026-03-04 23:22:28] eps=18 rep=10/10: frame progress 200/1000 (20.0%)
[2026-03-04 23:22:28] eps=9 rep=7/10: frame progress 900/1000 (90.0%)
[2026-03-04 23:22:28] eps=18 rep=9/10: frame progress 200/1000 (20.0%)
[2026-03-04 23:22:30] eps=12 rep=9/9: frame progress 800/1000 (80.0%)
[2026-03-04 23:22:31] eps=12 rep=6/9: frame progress 800/1000 (80.0%)
[2026-03-04 23:22:31] eps=12 rep=5/9: frame progress 800/1000 (80.0%)
[2026-03-04 23:22:32] eps=12 rep=4/9: frame progress 800/1000 (80.0%)
[2026-03-04 23:22:32] eps=12 rep=2/9: frame progress 800/1000 (80.0%)
[2026-03-04 23:22:32] eps=12 rep=7/9: frame progress 800/1000 (80.0%)
[2026-03-04 23:22:32] eps=12 rep=3/9: frame progress 800/1000 (80.0%)
[2026-03-04 23:22:34] eps=12 rep=1/9: frame progress 800/1000 (80.0%)
[2026-03-04 23:22:35] eps=12 rep=8/9: frame progress 800/1000 (80.0%)
[2026-03-04 23:23:06] eps=9 rep=10/10: frame progress 1000/1000 (100.0%)
[2026-03-04 23:23:07] eps=9 rep=6/10: frame progress 1000/1000 (100.0%)
[2026-03-04 23:23:16] eps=18 rep=6/10: frame progress 300/1000 (30.0%)
[2026-03-04 23:23:19] eps=9 rep=10/10: done
[2026-03-04 23:23:20] eps=9 rep=6/10: done
[2026-03-04 23:23:22] eps=15 rep=4/10: frame progress 700/1000 (70.0%)
[2026-03-04 23:23:24] eps=18 rep=7/10: frame progress 300/1000 (30.0%)
[2026-03-04 23:23:28] eps=9 rep=9/10: frame progress 1000/1000 (100.0%)
[2026-03-04 23:23:28] eps=9 rep=5/10: frame progress 1000/1000 (100.0%)
[2026-03-04 23:23:29] eps=9 rep=3/10: frame progress 1000/1000 (100.0%)
[2026-03-04 23:23:29] eps=18 rep=10/10: frame progress 300/1000 (30.0%)
[2026-03-04 23:23:29] eps=9 rep=1/10: frame progress 1000/1000 (100.0%)
[2026-03-04 23:23:29] eps=9 rep=8/10: frame progress 1000/1000 (100.0%)
[2026-03-04 23:23:29] eps=18 rep=9/10: frame progress 300/1000 (30.0%)
[2026-03-04 23:23:29] eps=9 rep=4/10: frame progress 1000/1000 (100.0%)
[2026-03-04 23:23:29] eps=18 rep=8/10: frame progress 300/1000 (30.0%)
[2026-03-04 23:23:31] eps=9 rep=2/10: frame progress 1000/1000 (100.0%)
[2026-03-04 23:23:34] eps=9 rep=7/10: frame progress 1000/1000 (100.0%)
[2026-03-04 23:23:38] eps=18 rep=4/10: frame progress 700/1000 (70.0%)
[2026-03-04 23:23:40] eps=12 rep=9/9: frame progress 900/1000 (90.0%)
[2026-03-04 23:23:41] eps=9 rep=9/10: done
[2026-03-04 23:23:41] eps=9 rep=5/10: done
[2026-03-04 23:23:41] eps=9 rep=3/10: done
[2026-03-04 23:23:42] eps=12 rep=6/9: frame progress 900/1000 (90.0%)
[2026-03-04 23:23:42] eps=9 rep=8/10: done
[2026-03-04 23:23:42] eps=9 rep=1/10: done
[2026-03-04 23:23:42] eps=9 rep=4/10: done
[2026-03-04 23:23:42] eps=12 rep=4/9: frame progress 900/1000 (90.0%)
[2026-03-04 23:23:43] eps=12 rep=2/9: frame progress 900/1000 (90.0%)
[2026-03-04 23:23:43] eps=12 rep=5/9: frame progress 900/1000 (90.0%)
[2026-03-04 23:23:43] eps=12 rep=3/9: frame progress 900/1000 (90.0%)
[2026-03-04 23:23:43] eps=12 rep=7/9: frame progress 900/1000 (90.0%)
[2026-03-04 23:23:44] eps=9 rep=2/10: done
[2026-03-04 23:23:45] eps=12 rep=1/9: frame progress 900/1000 (90.0%)
[2026-03-04 23:23:45] eps=12 rep=8/9: frame progress 900/1000 (90.0%)
[2026-03-04 23:23:46] eps=9 rep=7/10: done
[2026-03-04 23:23:47] eps=15 rep=2/10: frame progress 700/1000 (70.0%)
[2026-03-04 23:23:48] eps=15 rep=3/10: frame progress 700/1000 (70.0%)
[2026-03-04 23:23:48] eps=15 rep=5/10: frame progress 700/1000 (70.0%)
[2026-03-04 23:23:49] eps=15 rep=1/10: frame progress 700/1000 (70.0%)
[2026-03-04 23:23:50] eps=15 rep=6/10: frame progress 700/1000 (70.0%)
[2026-03-04 23:23:50] eps=15 rep=8/10: frame progress 700/1000 (70.0%)
[2026-03-04 23:23:51] eps=15 rep=10/10: frame progress 700/1000 (70.0%)
[2026-03-04 23:23:51] eps=15 rep=7/10: frame progress 700/1000 (70.0%)
[2026-03-04 23:23:54] eps=15 rep=9/10: frame progress 700/1000 (70.0%)
[2026-03-04 23:23:59] eps=18 rep=2/10: frame progress 700/1000 (70.0%)
[2026-03-04 23:24:03] eps=18 rep=1/10: frame progress 700/1000 (70.0%)
[2026-03-04 23:24:06] eps=18 rep=5/10: frame progress 700/1000 (70.0%)
[2026-03-04 23:24:09] eps=18 rep=3/10: frame progress 700/1000 (70.0%)
[2026-03-04 23:24:29] eps=18 rep=6/10: frame progress 400/1000 (40.0%)
[2026-03-04 23:24:37] eps=18 rep=7/10: frame progress 400/1000 (40.0%)
[2026-03-04 23:24:42] eps=18 rep=10/10: frame progress 400/1000 (40.0%)
[2026-03-04 23:24:42] eps=18 rep=9/10: frame progress 400/1000 (40.0%)
[2026-03-04 23:24:43] eps=18 rep=8/10: frame progress 400/1000 (40.0%)
[2026-03-04 23:24:54] eps=12 rep=9/9: frame progress 1000/1000 (100.0%)
[2026-03-04 23:24:54] eps=12 rep=6/9: frame progress 1000/1000 (100.0%)
[2026-03-04 23:24:55] eps=12 rep=4/9: frame progress 1000/1000 (100.0%)
[2026-03-04 23:24:57] eps=12 rep=5/9: frame progress 1000/1000 (100.0%)
[2026-03-04 23:24:57] eps=12 rep=7/9: frame progress 1000/1000 (100.0%)
[2026-03-04 23:24:57] eps=12 rep=3/9: frame progress 1000/1000 (100.0%)
[2026-03-04 23:24:57] eps=12 rep=2/9: frame progress 1000/1000 (100.0%)
[2026-03-04 23:24:58] eps=12 rep=1/9: frame progress 1000/1000 (100.0%)
[2026-03-04 23:24:59] eps=12 rep=8/9: frame progress 1000/1000 (100.0%)
[2026-03-04 23:25:07] eps=12 rep=9/9: done
[2026-03-04 23:25:07] eps=12 rep=6/9: done
[2026-03-04 23:25:08] eps=12 rep=4/9: done
[2026-03-04 23:25:09] eps=12 rep=5/9: done
[2026-03-04 23:25:09] eps=12 rep=7/9: done
[2026-03-04 23:25:09] eps=12 rep=3/9: done
[2026-03-04 23:25:10] eps=12 rep=2/9: done
[2026-03-04 23:25:11] eps=12 rep=1/9: done
[2026-03-04 23:25:11] eps=12 rep=8/9: done
[2026-03-04 23:25:18] eps=15 rep=4/10: frame progress 800/1000 (80.0%)
[2026-03-04 23:25:40] eps=15 rep=2/10: frame progress 800/1000 (80.0%)
[2026-03-04 23:25:40] eps=15 rep=3/10: frame progress 800/1000 (80.0%)
[2026-03-04 23:25:42] eps=15 rep=5/10: frame progress 800/1000 (80.0%)
[2026-03-04 23:25:42] eps=18 rep=4/10: frame progress 800/1000 (80.0%)
[2026-03-04 23:25:43] eps=15 rep=1/10: frame progress 800/1000 (80.0%)
[2026-03-04 23:25:45] eps=15 rep=6/10: frame progress 800/1000 (80.0%)
[2026-03-04 23:25:45] eps=15 rep=10/10: frame progress 800/1000 (80.0%)
[2026-03-04 23:25:45] eps=15 rep=8/10: frame progress 800/1000 (80.0%)
[2026-03-04 23:25:45] eps=15 rep=7/10: frame progress 800/1000 (80.0%)
[2026-03-04 23:25:49] eps=15 rep=9/10: frame progress 800/1000 (80.0%)
[2026-03-04 23:25:57] eps=18 rep=6/10: frame progress 500/1000 (50.0%)
[2026-03-04 23:26:01] eps=18 rep=2/10: frame progress 800/1000 (80.0%)
[2026-03-04 23:26:03] eps=18 rep=7/10: frame progress 500/1000 (50.0%)
[2026-03-04 23:26:04] eps=18 rep=1/10: frame progress 800/1000 (80.0%)
[2026-03-04 23:26:07] eps=18 rep=9/10: frame progress 500/1000 (50.0%)
[2026-03-04 23:26:08] eps=18 rep=10/10: frame progress 500/1000 (50.0%)
[2026-03-04 23:26:09] eps=18 rep=5/10: frame progress 800/1000 (80.0%)
[2026-03-04 23:26:09] eps=18 rep=8/10: frame progress 500/1000 (50.0%)
[2026-03-04 23:26:11] eps=18 rep=3/10: frame progress 800/1000 (80.0%)
[2026-03-04 23:27:21] eps=15 rep=4/10: frame progress 900/1000 (90.0%)
[2026-03-04 23:27:34] eps=18 rep=6/10: frame progress 600/1000 (60.0%)
[2026-03-04 23:27:40] eps=18 rep=7/10: frame progress 600/1000 (60.0%)
[2026-03-04 23:27:41] eps=15 rep=3/10: frame progress 900/1000 (90.0%)
[2026-03-04 23:27:43] eps=15 rep=2/10: frame progress 900/1000 (90.0%)
[2026-03-04 23:27:43] eps=18 rep=9/10: frame progress 600/1000 (60.0%)
[2026-03-04 23:27:44] eps=15 rep=1/10: frame progress 900/1000 (90.0%)
[2026-03-04 23:27:45] eps=18 rep=10/10: frame progress 600/1000 (60.0%)
[2026-03-04 23:27:45] eps=15 rep=5/10: frame progress 900/1000 (90.0%)
[2026-03-04 23:27:46] eps=15 rep=10/10: frame progress 900/1000 (90.0%)
[2026-03-04 23:27:47] eps=15 rep=7/10: frame progress 900/1000 (90.0%)
[2026-03-04 23:27:47] eps=18 rep=8/10: frame progress 600/1000 (60.0%)
[2026-03-04 23:27:48] eps=15 rep=6/10: frame progress 900/1000 (90.0%)
[2026-03-04 23:27:49] eps=15 rep=8/10: frame progress 900/1000 (90.0%)
[2026-03-04 23:27:52] eps=15 rep=9/10: frame progress 900/1000 (90.0%)
[2026-03-04 23:27:57] eps=18 rep=4/10: frame progress 900/1000 (90.0%)
[2026-03-04 23:28:15] eps=18 rep=2/10: frame progress 900/1000 (90.0%)
[2026-03-04 23:28:16] eps=18 rep=1/10: frame progress 900/1000 (90.0%)
[2026-03-04 23:28:23] eps=18 rep=5/10: frame progress 900/1000 (90.0%)
[2026-03-04 23:28:26] eps=18 rep=3/10: frame progress 900/1000 (90.0%)
[2026-03-04 23:29:21] eps=18 rep=6/10: frame progress 700/1000 (70.0%)
[2026-03-04 23:29:30] eps=18 rep=7/10: frame progress 700/1000 (70.0%)
[2026-03-04 23:29:33] eps=18 rep=9/10: frame progress 700/1000 (70.0%)
[2026-03-04 23:29:33] eps=18 rep=10/10: frame progress 700/1000 (70.0%)
[2026-03-04 23:29:38] eps=18 rep=8/10: frame progress 700/1000 (70.0%)
[2026-03-04 23:29:40] eps=15 rep=4/10: frame progress 1000/1000 (100.0%)
[2026-03-04 23:29:49] eps=15 rep=3/10: frame progress 1000/1000 (100.0%)
[2026-03-04 23:29:53] eps=15 rep=1/10: frame progress 1000/1000 (100.0%)
[2026-03-04 23:29:53] eps=15 rep=2/10: frame progress 1000/1000 (100.0%)
[2026-03-04 23:29:53] eps=15 rep=4/10: done
[2026-03-04 23:29:55] eps=15 rep=5/10: frame progress 1000/1000 (100.0%)
[2026-03-04 23:29:56] eps=15 rep=10/10: frame progress 1000/1000 (100.0%)
[2026-03-04 23:29:58] eps=15 rep=7/10: frame progress 1000/1000 (100.0%)
[2026-03-04 23:29:59] eps=15 rep=6/10: frame progress 1000/1000 (100.0%)
[2026-03-04 23:30:01] eps=15 rep=8/10: frame progress 1000/1000 (100.0%)
[2026-03-04 23:30:02] eps=15 rep=3/10: done
[2026-03-04 23:30:03] eps=15 rep=9/10: frame progress 1000/1000 (100.0%)
[2026-03-04 23:30:05] eps=15 rep=1/10: done
[2026-03-04 23:30:05] eps=15 rep=2/10: done
[2026-03-04 23:30:07] eps=15 rep=5/10: done
[2026-03-04 23:30:09] eps=15 rep=10/10: done
[2026-03-04 23:30:10] eps=15 rep=7/10: done
[2026-03-04 23:30:11] eps=15 rep=6/10: done
[2026-03-04 23:30:13] eps=15 rep=8/10: done
[2026-03-04 23:30:15] eps=15 rep=9/10: done
[2026-03-04 23:30:23] eps=18 rep=4/10: frame progress 1000/1000 (100.0%)
[2026-03-04 23:30:35] eps=18 rep=4/10: done
[2026-03-04 23:30:41] eps=18 rep=1/10: frame progress 1000/1000 (100.0%)
[2026-03-04 23:30:42] eps=18 rep=2/10: frame progress 1000/1000 (100.0%)
[2026-03-04 23:30:49] eps=18 rep=5/10: frame progress 1000/1000 (100.0%)
[2026-03-04 23:30:52] eps=18 rep=3/10: frame progress 1000/1000 (100.0%)
[2026-03-04 23:30:53] eps=18 rep=1/10: done
[2026-03-04 23:30:54] eps=18 rep=2/10: done
[2026-03-04 23:31:01] eps=18 rep=5/10: done
[2026-03-04 23:31:05] eps=18 rep=3/10: done
[2026-03-04 23:31:20] eps=18 rep=6/10: frame progress 800/1000 (80.0%)
[2026-03-04 23:31:30] eps=18 rep=7/10: frame progress 800/1000 (80.0%)
[2026-03-04 23:31:32] eps=18 rep=9/10: frame progress 800/1000 (80.0%)
[2026-03-04 23:31:33] eps=18 rep=10/10: frame progress 800/1000 (80.0%)
[2026-03-04 23:31:39] eps=18 rep=8/10: frame progress 800/1000 (80.0%)
[2026-03-04 23:33:30] eps=18 rep=6/10: frame progress 900/1000 (90.0%)
[2026-03-04 23:33:42] eps=18 rep=7/10: frame progress 900/1000 (90.0%)
[2026-03-04 23:33:44] eps=18 rep=9/10: frame progress 900/1000 (90.0%)
[2026-03-04 23:33:46] eps=18 rep=10/10: frame progress 900/1000 (90.0%)
[2026-03-04 23:33:51] eps=18 rep=8/10: frame progress 900/1000 (90.0%)
[2026-03-04 23:35:51] eps=18 rep=6/10: frame progress 1000/1000 (100.0%)
[2026-03-04 23:36:03] eps=18 rep=6/10: done
[2026-03-04 23:36:05] eps=18 rep=7/10: frame progress 1000/1000 (100.0%)
[2026-03-04 23:36:08] eps=18 rep=9/10: frame progress 1000/1000 (100.0%)
[2026-03-04 23:36:10] eps=18 rep=10/10: frame progress 1000/1000 (100.0%)
[2026-03-04 23:36:15] eps=18 rep=8/10: frame progress 1000/1000 (100.0%)
[2026-03-04 23:36:17] eps=18 rep=7/10: done
[2026-03-04 23:36:20] eps=18 rep=9/10: done
[2026-03-04 23:36:22] eps=18 rep=10/10: done
[2026-03-04 23:36:27] eps=18 rep=8/10: done
[2026-03-04 23:36:27] Completed parallel analysis for 69 runs
[2026-03-04 23:36:27] Aggregating epsilon group 1/7: eps=0, replicates=10
[2026-03-04 23:36:27] Writing outputs for eps=0 to /scratch/gpfs/WEBB/chertok/REACTIVELJ_PAPER/simulation_package/melt/analysis/results/eps_0
[2026-03-04 23:36:29] Finished epsilon group eps=0
[2026-03-04 23:36:29] Aggregating epsilon group 2/7: eps=3, replicates=10
[2026-03-04 23:36:29] Writing outputs for eps=3 to /scratch/gpfs/WEBB/chertok/REACTIVELJ_PAPER/simulation_package/melt/analysis/results/eps_3
[2026-03-04 23:36:30] Finished epsilon group eps=3
[2026-03-04 23:36:30] Aggregating epsilon group 3/7: eps=6, replicates=10
[2026-03-04 23:36:30] Writing outputs for eps=6 to /scratch/gpfs/WEBB/chertok/REACTIVELJ_PAPER/simulation_package/melt/analysis/results/eps_6
[2026-03-04 23:36:31] Finished epsilon group eps=6
[2026-03-04 23:36:31] Aggregating epsilon group 4/7: eps=9, replicates=10
[2026-03-04 23:36:31] Writing outputs for eps=9 to /scratch/gpfs/WEBB/chertok/REACTIVELJ_PAPER/simulation_package/melt/analysis/results/eps_9
[2026-03-04 23:36:33] Finished epsilon group eps=9
[2026-03-04 23:36:33] Aggregating epsilon group 5/7: eps=12, replicates=9
[2026-03-04 23:36:33] Writing outputs for eps=12 to /scratch/gpfs/WEBB/chertok/REACTIVELJ_PAPER/simulation_package/melt/analysis/results/eps_12
[2026-03-04 23:36:34] Finished epsilon group eps=12
[2026-03-04 23:36:34] Aggregating epsilon group 6/7: eps=15, replicates=10
[2026-03-04 23:36:34] Writing outputs for eps=15 to /scratch/gpfs/WEBB/chertok/REACTIVELJ_PAPER/simulation_package/melt/analysis/results/eps_15
[2026-03-04 23:36:36] Finished epsilon group eps=15
[2026-03-04 23:36:36] Aggregating epsilon group 7/7: eps=18, replicates=10
[2026-03-04 23:36:36] Writing outputs for eps=18 to /scratch/gpfs/WEBB/chertok/REACTIVELJ_PAPER/simulation_package/melt/analysis/results/eps_18
[2026-03-04 23:36:38] Finished epsilon group eps=18
[2026-03-04 23:36:38] Wrote /scratch/gpfs/WEBB/chertok/REACTIVELJ_PAPER/simulation_package/melt/analysis/results/summary.json
[2026-03-04 23:36:38] Wrote /scratch/gpfs/WEBB/chertok/REACTIVELJ_PAPER/simulation_package/melt/analysis/results/summary.csv
[2026-03-04 23:36:40] Analysis complete
[2026-03-04 23:36:41] Step 7/8 complete: Analysis finished in 1315 seconds
[2026-03-04 23:36:41] Step 8/8: Job complete in 1317 seconds total
