[2026-03-02 20:52:52] Step 1/8: Purging modules
[2026-03-02 20:52:52] Step 2/8: Sourcing ~/.bashrc
[2026-03-02 20:52:54] Step 3/8: Loading anaconda module
[2026-03-02 20:52:54] Step 4/8: Activating conda environment
[2026-03-02 20:52:56] Step 5/8: Changing directory to /scratch/gpfs/WEBB/chertok/REACTIVELJ_PAPER/simulation_package/melt
[2026-03-02 20:52:56] Step 6/8: Ensuring logs directory exists
[2026-03-02 20:52:56] Step 7/8: Starting trajectory analysis
[2026-03-02 20:52:58] Scanning trajectories under /scratch/gpfs/WEBB/chertok/REACTIVELJ_PAPER/simulation_package/melt/data_generation/outputs
[2026-03-02 20:52:58] Discovered 59 trajectory/metadata pairs
[2026-03-02 20:52:58] Grouped runs into 6 epsilon values
[2026-03-02 20:52:58] Queueing epsilon group 1/6: eps=3, replicates=10
[2026-03-02 20:52:58] Queueing epsilon group 2/6: eps=6, replicates=10
[2026-03-02 20:52:58] Queueing epsilon group 3/6: eps=9, replicates=10
[2026-03-02 20:52:58] Queueing epsilon group 4/6: eps=12, replicates=9
[2026-03-02 20:52:58] Queueing epsilon group 5/6: eps=15, replicates=10
[2026-03-02 20:52:58] Queueing epsilon group 6/6: eps=18, replicates=10
[2026-03-02 20:52:58] Starting parallel analysis with 64 workers on 59 runs
[2026-03-02 20:52:59] eps=3 rep=1/10: start (eps_3/rep_004/trajectory.gsd)
[2026-03-02 20:52:59] eps=3 rep=4/10: start (eps_3/rep_006/trajectory.gsd)
[2026-03-02 20:52:59] eps=3 rep=3/10: start (eps_3/rep_007/trajectory.gsd)
[2026-03-02 20:52:59] eps=3 rep=8/10: start (eps_3/rep_008/trajectory.gsd)
[2026-03-02 20:52:59] eps=3 rep=9/10: start (eps_3/rep_002/trajectory.gsd)
[2026-03-02 20:52:59] eps=6 rep=1/10: start (eps_6/rep_004/trajectory.gsd)
[2026-03-02 20:52:59] eps=3 rep=7/10: start (eps_3/rep_009/trajectory.gsd)
[2026-03-02 20:52:59] eps=3 rep=5/10: start (eps_3/rep_005/trajectory.gsd)
[2026-03-02 20:52:59] eps=3 rep=6/10: start (eps_3/rep_010/trajectory.gsd)
[2026-03-02 20:52:59] eps=6 rep=4/10: start (eps_6/rep_006/trajectory.gsd)
[2026-03-02 20:52:59] eps=3 rep=2/10: start (eps_3/rep_003/trajectory.gsd)
[2026-03-02 20:52:59] eps=3 rep=10/10: start (eps_3/rep_001/trajectory.gsd)
[2026-03-02 20:52:59] eps=6 rep=3/10: start (eps_6/rep_007/trajectory.gsd)
[2026-03-02 20:52:59] eps=6 rep=7/10: start (eps_6/rep_009/trajectory.gsd)
[2026-03-02 20:52:59] eps=6 rep=6/10: start (eps_6/rep_010/trajectory.gsd)
[2026-03-02 20:52:59] eps=6 rep=5/10: start (eps_6/rep_005/trajectory.gsd)
[2026-03-02 20:52:59] eps=6 rep=9/10: start (eps_6/rep_002/trajectory.gsd)
[2026-03-02 20:52:59] eps=6 rep=8/10: start (eps_6/rep_008/trajectory.gsd)
[2026-03-02 20:52:59] eps=6 rep=10/10: start (eps_6/rep_001/trajectory.gsd)
[2026-03-02 20:52:59] eps=9 rep=3/10: start (eps_9/rep_007/trajectory.gsd)
[2026-03-02 20:52:59] eps=9 rep=1/10: start (eps_9/rep_004/trajectory.gsd)
[2026-03-02 20:52:59] eps=9 rep=4/10: start (eps_9/rep_006/trajectory.gsd)
[2026-03-02 20:52:59] eps=9 rep=2/10: start (eps_9/rep_003/trajectory.gsd)
[2026-03-02 20:52:59] eps=9 rep=5/10: start (eps_9/rep_005/trajectory.gsd)
[2026-03-02 20:52:59] eps=9 rep=7/10: start (eps_9/rep_009/trajectory.gsd)
[2026-03-02 20:52:59] eps=6 rep=2/10: start (eps_6/rep_003/trajectory.gsd)
[2026-03-02 20:52:59] eps=9 rep=9/10: start (eps_9/rep_002/trajectory.gsd)
[2026-03-02 20:52:59] eps=9 rep=6/10: start (eps_9/rep_010/trajectory.gsd)
[2026-03-02 20:52:59] eps=12 rep=5/9: start (eps_12/rep_005/trajectory.gsd)
[2026-03-02 20:52:59] eps=9 rep=8/10: start (eps_9/rep_008/trajectory.gsd)
[2026-03-02 20:52:59] eps=12 rep=4/9: start (eps_12/rep_006/trajectory.gsd)
[2026-03-02 20:52:59] eps=12 rep=3/9: start (eps_12/rep_007/trajectory.gsd)
[2026-03-02 20:52:59] eps=12 rep=6/9: start (eps_12/rep_010/trajectory.gsd)
[2026-03-02 20:52:59] eps=15 rep=6/10: start (eps_15/rep_010/trajectory.gsd)
[2026-03-02 20:52:59] eps=12 rep=7/9: start (eps_12/rep_009/trajectory.gsd)
[2026-03-02 20:52:59] eps=15 rep=2/10: start (eps_15/rep_003/trajectory.gsd)
[2026-03-02 20:52:59] eps=12 rep=1/9: start (eps_12/rep_004/trajectory.gsd)
[2026-03-02 20:52:59] eps=12 rep=2/9: start (eps_12/rep_003/trajectory.gsd)
[2026-03-02 20:52:59] eps=12 rep=9/9: start (eps_12/rep_001/trajectory.gsd)
[2026-03-02 20:52:59] eps=9 rep=10/10: start (eps_9/rep_001/trajectory.gsd)
[2026-03-02 20:52:59] eps=15 rep=4/10: start (eps_15/rep_006/trajectory.gsd)
[2026-03-02 20:52:59] eps=12 rep=8/9: start (eps_12/rep_002/trajectory.gsd)
[2026-03-02 20:52:59] eps=15 rep=3/10: start (eps_15/rep_007/trajectory.gsd)
[2026-03-02 20:52:59] eps=15 rep=5/10: start (eps_15/rep_005/trajectory.gsd)
[2026-03-02 20:52:59] eps=15 rep=1/10: start (eps_15/rep_004/trajectory.gsd)
[2026-03-02 20:52:59] eps=15 rep=9/10: start (eps_15/rep_002/trajectory.gsd)
[2026-03-02 20:52:59] eps=15 rep=8/10: start (eps_15/rep_008/trajectory.gsd)
[2026-03-02 20:52:59] eps=18 rep=1/10: start (eps_18/rep_004/trajectory.gsd)
[2026-03-02 20:52:59] eps=15 rep=10/10: start (eps_15/rep_001/trajectory.gsd)
[2026-03-02 20:52:59] eps=15 rep=7/10: start (eps_15/rep_009/trajectory.gsd)
[2026-03-02 20:52:59] eps=18 rep=2/10: start (eps_18/rep_003/trajectory.gsd)
[2026-03-02 20:52:59] eps=18 rep=3/10: start (eps_18/rep_007/trajectory.gsd)
[2026-03-02 20:52:59] eps=18 rep=4/10: start (eps_18/rep_006/trajectory.gsd)
[2026-03-02 20:52:59] eps=18 rep=6/10: start (eps_18/rep_010/trajectory.gsd)
[2026-03-02 20:52:59] eps=18 rep=10/10: start (eps_18/rep_001/trajectory.gsd)
[2026-03-02 20:52:59] eps=18 rep=5/10: start (eps_18/rep_005/trajectory.gsd)
[2026-03-02 20:52:59] eps=18 rep=8/10: start (eps_18/rep_008/trajectory.gsd)
[2026-03-02 20:52:59] eps=18 rep=7/10: start (eps_18/rep_009/trajectory.gsd)
[2026-03-02 20:52:59] eps=18 rep=9/10: start (eps_18/rep_002/trajectory.gsd)
[2026-03-02 20:53:01] eps=3 rep=8/10: frame progress 10/100 (10.0%)
[2026-03-02 20:53:01] eps=9 rep=3/10: frame progress 10/100 (10.0%)
[2026-03-02 20:53:02] eps=3 rep=9/10: frame progress 10/100 (10.0%)
[2026-03-02 20:53:02] eps=9 rep=6/10: frame progress 10/100 (10.0%)
[2026-03-02 20:53:02] eps=18 rep=3/10: frame progress 10/100 (10.0%)
[2026-03-02 20:53:02] eps=3 rep=2/10: frame progress 10/100 (10.0%)
[2026-03-02 20:53:02] eps=12 rep=3/9: frame progress 10/100 (10.0%)
[2026-03-02 20:53:02] eps=3 rep=7/10: frame progress 10/100 (10.0%)
[2026-03-02 20:53:02] eps=3 rep=3/10: frame progress 10/100 (10.0%)
[2026-03-02 20:53:02] eps=3 rep=5/10: frame progress 10/100 (10.0%)
[2026-03-02 20:53:02] eps=3 rep=10/10: frame progress 10/100 (10.0%)
[2026-03-02 20:53:02] eps=9 rep=7/10: frame progress 10/100 (10.0%)
[2026-03-02 20:53:02] eps=3 rep=6/10: frame progress 10/100 (10.0%)
[2026-03-02 20:53:02] eps=3 rep=1/10: frame progress 10/100 (10.0%)
[2026-03-02 20:53:02] eps=12 rep=7/9: frame progress 10/100 (10.0%)
[2026-03-02 20:53:02] eps=6 rep=1/10: frame progress 10/100 (10.0%)
[2026-03-02 20:53:02] eps=6 rep=6/10: frame progress 10/100 (10.0%)
[2026-03-02 20:53:02] eps=6 rep=4/10: frame progress 10/100 (10.0%)
[2026-03-02 20:53:02] eps=6 rep=3/10: frame progress 10/100 (10.0%)
[2026-03-02 20:53:02] eps=3 rep=4/10: frame progress 10/100 (10.0%)
[2026-03-02 20:53:02] eps=6 rep=7/10: frame progress 10/100 (10.0%)
[2026-03-02 20:53:02] eps=6 rep=9/10: frame progress 10/100 (10.0%)
[2026-03-02 20:53:02] eps=6 rep=5/10: frame progress 10/100 (10.0%)
[2026-03-02 20:53:02] eps=6 rep=10/10: frame progress 10/100 (10.0%)
[2026-03-02 20:53:02] eps=6 rep=8/10: frame progress 10/100 (10.0%)
[2026-03-02 20:53:02] eps=9 rep=1/10: frame progress 10/100 (10.0%)
[2026-03-02 20:53:02] eps=9 rep=2/10: frame progress 10/100 (10.0%)
[2026-03-02 20:53:02] eps=9 rep=4/10: frame progress 10/100 (10.0%)
[2026-03-02 20:53:02] eps=6 rep=2/10: frame progress 10/100 (10.0%)
[2026-03-02 20:53:02] eps=9 rep=10/10: frame progress 10/100 (10.0%)
[2026-03-02 20:53:02] eps=9 rep=5/10: frame progress 10/100 (10.0%)
[2026-03-02 20:53:02] eps=9 rep=8/10: frame progress 10/100 (10.0%)
[2026-03-02 20:53:02] eps=12 rep=4/9: frame progress 10/100 (10.0%)
[2026-03-02 20:53:02] eps=12 rep=5/9: frame progress 10/100 (10.0%)
[2026-03-02 20:53:02] eps=12 rep=6/9: frame progress 10/100 (10.0%)
[2026-03-02 20:53:02] eps=12 rep=9/9: frame progress 10/100 (10.0%)
[2026-03-02 20:53:02] eps=15 rep=9/10: frame progress 10/100 (10.0%)
[2026-03-02 20:53:02] eps=18 rep=8/10: frame progress 10/100 (10.0%)
[2026-03-02 20:53:02] eps=15 rep=1/10: frame progress 10/100 (10.0%)
[2026-03-02 20:53:02] eps=18 rep=2/10: frame progress 10/100 (10.0%)
[2026-03-02 20:53:02] eps=18 rep=5/10: frame progress 10/100 (10.0%)
[2026-03-02 20:53:02] eps=18 rep=1/10: frame progress 10/100 (10.0%)
[2026-03-02 20:53:02] eps=15 rep=10/10: frame progress 10/100 (10.0%)
[2026-03-02 20:53:02] eps=12 rep=2/9: frame progress 10/100 (10.0%)
[2026-03-02 20:53:02] eps=12 rep=1/9: frame progress 10/100 (10.0%)
[2026-03-02 20:53:02] eps=15 rep=2/10: frame progress 10/100 (10.0%)
[2026-03-02 20:53:02] eps=18 rep=6/10: frame progress 10/100 (10.0%)
[2026-03-02 20:53:02] eps=18 rep=10/10: frame progress 10/100 (10.0%)
[2026-03-02 20:53:02] eps=12 rep=8/9: frame progress 10/100 (10.0%)
[2026-03-02 20:53:02] eps=15 rep=3/10: frame progress 10/100 (10.0%)
[2026-03-02 20:53:02] eps=15 rep=4/10: frame progress 10/100 (10.0%)
[2026-03-02 20:53:02] eps=15 rep=7/10: frame progress 10/100 (10.0%)
[2026-03-02 20:53:02] eps=18 rep=9/10: frame progress 10/100 (10.0%)
[2026-03-02 20:53:02] eps=15 rep=6/10: frame progress 10/100 (10.0%)
[2026-03-02 20:53:02] eps=15 rep=5/10: frame progress 10/100 (10.0%)
[2026-03-02 20:53:02] eps=15 rep=8/10: frame progress 10/100 (10.0%)
[2026-03-02 20:53:02] eps=9 rep=9/10: frame progress 10/100 (10.0%)
[2026-03-02 20:53:02] eps=18 rep=4/10: frame progress 10/100 (10.0%)
[2026-03-02 20:53:02] eps=18 rep=7/10: frame progress 10/100 (10.0%)
[2026-03-02 20:53:04] eps=3 rep=8/10: frame progress 20/100 (20.0%)
[2026-03-02 20:53:04] eps=9 rep=3/10: frame progress 20/100 (20.0%)
[2026-03-02 20:53:04] eps=3 rep=9/10: frame progress 20/100 (20.0%)
[2026-03-02 20:53:04] eps=9 rep=6/10: frame progress 20/100 (20.0%)
[2026-03-02 20:53:05] eps=18 rep=3/10: frame progress 20/100 (20.0%)
[2026-03-02 20:53:05] eps=9 rep=7/10: frame progress 20/100 (20.0%)
[2026-03-02 20:53:05] eps=12 rep=3/9: frame progress 20/100 (20.0%)
[2026-03-02 20:53:05] eps=12 rep=7/9: frame progress 20/100 (20.0%)
[2026-03-02 20:53:05] eps=3 rep=2/10: frame progress 20/100 (20.0%)
[2026-03-02 20:53:05] eps=3 rep=7/10: frame progress 20/100 (20.0%)
[2026-03-02 20:53:05] eps=3 rep=3/10: frame progress 20/100 (20.0%)
[2026-03-02 20:53:05] eps=3 rep=5/10: frame progress 20/100 (20.0%)
[2026-03-02 20:53:05] eps=3 rep=6/10: frame progress 20/100 (20.0%)
[2026-03-02 20:53:05] eps=3 rep=10/10: frame progress 20/100 (20.0%)
[2026-03-02 20:53:05] eps=3 rep=1/10: frame progress 20/100 (20.0%)
[2026-03-02 20:53:05] eps=6 rep=4/10: frame progress 20/100 (20.0%)
[2026-03-02 20:53:05] eps=6 rep=6/10: frame progress 20/100 (20.0%)
[2026-03-02 20:53:05] eps=6 rep=3/10: frame progress 20/100 (20.0%)
[2026-03-02 20:53:05] eps=6 rep=1/10: frame progress 20/100 (20.0%)
[2026-03-02 20:53:05] eps=3 rep=4/10: frame progress 20/100 (20.0%)
[2026-03-02 20:53:05] eps=6 rep=7/10: frame progress 20/100 (20.0%)
[2026-03-02 20:53:05] eps=6 rep=9/10: frame progress 20/100 (20.0%)
[2026-03-02 20:53:05] eps=6 rep=5/10: frame progress 20/100 (20.0%)
[2026-03-02 20:53:05] eps=6 rep=10/10: frame progress 20/100 (20.0%)
[2026-03-02 20:53:05] eps=6 rep=8/10: frame progress 20/100 (20.0%)
[2026-03-02 20:53:05] eps=6 rep=2/10: frame progress 20/100 (20.0%)
[2026-03-02 20:53:05] eps=9 rep=1/10: frame progress 20/100 (20.0%)
[2026-03-02 20:53:05] eps=9 rep=2/10: frame progress 20/100 (20.0%)
[2026-03-02 20:53:05] eps=9 rep=4/10: frame progress 20/100 (20.0%)
[2026-03-02 20:53:05] eps=9 rep=10/10: frame progress 20/100 (20.0%)
[2026-03-02 20:53:05] eps=9 rep=5/10: frame progress 20/100 (20.0%)
[2026-03-02 20:53:05] eps=9 rep=8/10: frame progress 20/100 (20.0%)
[2026-03-02 20:53:05] eps=12 rep=4/9: frame progress 20/100 (20.0%)
[2026-03-02 20:53:05] eps=12 rep=5/9: frame progress 20/100 (20.0%)
[2026-03-02 20:53:05] eps=12 rep=6/9: frame progress 20/100 (20.0%)
[2026-03-02 20:53:05] eps=12 rep=9/9: frame progress 20/100 (20.0%)
[2026-03-02 20:53:05] eps=15 rep=9/10: frame progress 20/100 (20.0%)
[2026-03-02 20:53:05] eps=18 rep=2/10: frame progress 20/100 (20.0%)
[2026-03-02 20:53:05] eps=12 rep=1/9: frame progress 20/100 (20.0%)
[2026-03-02 20:53:05] eps=12 rep=2/9: frame progress 20/100 (20.0%)
[2026-03-02 20:53:05] eps=18 rep=8/10: frame progress 20/100 (20.0%)
[2026-03-02 20:53:05] eps=18 rep=5/10: frame progress 20/100 (20.0%)
[2026-03-02 20:53:05] eps=15 rep=1/10: frame progress 20/100 (20.0%)
[2026-03-02 20:53:05] eps=15 rep=10/10: frame progress 20/100 (20.0%)
[2026-03-02 20:53:05] eps=12 rep=8/9: frame progress 20/100 (20.0%)
[2026-03-02 20:53:05] eps=18 rep=1/10: frame progress 20/100 (20.0%)
[2026-03-02 20:53:05] eps=15 rep=2/10: frame progress 20/100 (20.0%)
[2026-03-02 20:53:05] eps=18 rep=6/10: frame progress 20/100 (20.0%)
[2026-03-02 20:53:05] eps=9 rep=9/10: frame progress 20/100 (20.0%)
[2026-03-02 20:53:05] eps=15 rep=3/10: frame progress 20/100 (20.0%)
[2026-03-02 20:53:05] eps=15 rep=8/10: frame progress 20/100 (20.0%)
[2026-03-02 20:53:05] eps=15 rep=7/10: frame progress 20/100 (20.0%)
[2026-03-02 20:53:05] eps=18 rep=10/10: frame progress 20/100 (20.0%)
[2026-03-02 20:53:05] eps=15 rep=5/10: frame progress 20/100 (20.0%)
[2026-03-02 20:53:05] eps=18 rep=9/10: frame progress 20/100 (20.0%)
[2026-03-02 20:53:05] eps=15 rep=4/10: frame progress 20/100 (20.0%)
[2026-03-02 20:53:05] eps=15 rep=6/10: frame progress 20/100 (20.0%)
[2026-03-02 20:53:05] eps=18 rep=4/10: frame progress 20/100 (20.0%)
[2026-03-02 20:53:05] eps=18 rep=7/10: frame progress 20/100 (20.0%)
[2026-03-02 20:53:07] eps=3 rep=8/10: frame progress 30/100 (30.0%)
[2026-03-02 20:53:07] eps=3 rep=9/10: frame progress 30/100 (30.0%)
[2026-03-02 20:53:07] eps=9 rep=3/10: frame progress 30/100 (30.0%)
[2026-03-02 20:53:07] eps=9 rep=6/10: frame progress 30/100 (30.0%)
[2026-03-02 20:53:08] eps=9 rep=7/10: frame progress 30/100 (30.0%)
[2026-03-02 20:53:08] eps=18 rep=3/10: frame progress 30/100 (30.0%)
[2026-03-02 20:53:08] eps=12 rep=3/9: frame progress 30/100 (30.0%)
[2026-03-02 20:53:08] eps=12 rep=7/9: frame progress 30/100 (30.0%)
[2026-03-02 20:53:08] eps=3 rep=2/10: frame progress 30/100 (30.0%)
[2026-03-02 20:53:08] eps=3 rep=7/10: frame progress 30/100 (30.0%)
[2026-03-02 20:53:08] eps=3 rep=5/10: frame progress 30/100 (30.0%)
[2026-03-02 20:53:08] eps=3 rep=3/10: frame progress 30/100 (30.0%)
[2026-03-02 20:53:08] eps=3 rep=6/10: frame progress 30/100 (30.0%)
[2026-03-02 20:53:08] eps=3 rep=10/10: frame progress 30/100 (30.0%)
[2026-03-02 20:53:08] eps=3 rep=1/10: frame progress 30/100 (30.0%)
[2026-03-02 20:53:08] eps=6 rep=4/10: frame progress 30/100 (30.0%)
[2026-03-02 20:53:08] eps=6 rep=6/10: frame progress 30/100 (30.0%)
[2026-03-02 20:53:08] eps=6 rep=3/10: frame progress 30/100 (30.0%)
[2026-03-02 20:53:08] eps=3 rep=4/10: frame progress 30/100 (30.0%)
[2026-03-02 20:53:08] eps=6 rep=1/10: frame progress 30/100 (30.0%)
[2026-03-02 20:53:08] eps=6 rep=5/10: frame progress 30/100 (30.0%)
[2026-03-02 20:53:08] eps=6 rep=9/10: frame progress 30/100 (30.0%)
[2026-03-02 20:53:08] eps=6 rep=7/10: frame progress 30/100 (30.0%)
[2026-03-02 20:53:08] eps=6 rep=8/10: frame progress 30/100 (30.0%)
[2026-03-02 20:53:08] eps=6 rep=10/10: frame progress 30/100 (30.0%)
[2026-03-02 20:53:08] eps=6 rep=2/10: frame progress 30/100 (30.0%)
[2026-03-02 20:53:08] eps=9 rep=1/10: frame progress 30/100 (30.0%)
[2026-03-02 20:53:08] eps=9 rep=4/10: frame progress 30/100 (30.0%)
[2026-03-02 20:53:08] eps=9 rep=2/10: frame progress 30/100 (30.0%)
[2026-03-02 20:53:08] eps=9 rep=10/10: frame progress 30/100 (30.0%)
[2026-03-02 20:53:08] eps=9 rep=5/10: frame progress 30/100 (30.0%)
[2026-03-02 20:53:08] eps=9 rep=8/10: frame progress 30/100 (30.0%)
[2026-03-02 20:53:09] eps=12 rep=4/9: frame progress 30/100 (30.0%)
[2026-03-02 20:53:09] eps=12 rep=5/9: frame progress 30/100 (30.0%)
[2026-03-02 20:53:09] eps=12 rep=9/9: frame progress 30/100 (30.0%)
[2026-03-02 20:53:09] eps=9 rep=9/10: frame progress 30/100 (30.0%)
[2026-03-02 20:53:09] eps=12 rep=6/9: frame progress 30/100 (30.0%)
[2026-03-02 20:53:09] eps=12 rep=1/9: frame progress 30/100 (30.0%)
[2026-03-02 20:53:09] eps=12 rep=2/9: frame progress 30/100 (30.0%)
[2026-03-02 20:53:09] eps=18 rep=2/10: frame progress 30/100 (30.0%)
[2026-03-02 20:53:09] eps=12 rep=8/9: frame progress 30/100 (30.0%)
[2026-03-02 20:53:09] eps=15 rep=9/10: frame progress 30/100 (30.0%)
[2026-03-02 20:53:09] eps=15 rep=10/10: frame progress 30/100 (30.0%)
[2026-03-02 20:53:09] eps=18 rep=8/10: frame progress 30/100 (30.0%)
[2026-03-02 20:53:09] eps=18 rep=5/10: frame progress 30/100 (30.0%)
[2026-03-02 20:53:09] eps=18 rep=1/10: frame progress 30/100 (30.0%)
[2026-03-02 20:53:09] eps=18 rep=6/10: frame progress 30/100 (30.0%)
[2026-03-02 20:53:09] eps=15 rep=2/10: frame progress 30/100 (30.0%)
[2026-03-02 20:53:09] eps=15 rep=1/10: frame progress 30/100 (30.0%)
[2026-03-02 20:53:09] eps=15 rep=3/10: frame progress 30/100 (30.0%)
[2026-03-02 20:53:09] eps=18 rep=4/10: frame progress 30/100 (30.0%)
[2026-03-02 20:53:09] eps=18 rep=10/10: frame progress 30/100 (30.0%)
[2026-03-02 20:53:09] eps=15 rep=4/10: frame progress 30/100 (30.0%)
[2026-03-02 20:53:09] eps=15 rep=7/10: frame progress 30/100 (30.0%)
[2026-03-02 20:53:09] eps=18 rep=9/10: frame progress 30/100 (30.0%)
[2026-03-02 20:53:09] eps=15 rep=5/10: frame progress 30/100 (30.0%)
[2026-03-02 20:53:09] eps=15 rep=6/10: frame progress 30/100 (30.0%)
[2026-03-02 20:53:09] eps=15 rep=8/10: frame progress 30/100 (30.0%)
[2026-03-02 20:53:09] eps=18 rep=7/10: frame progress 30/100 (30.0%)
[2026-03-02 20:53:10] eps=3 rep=8/10: frame progress 40/100 (40.0%)
[2026-03-02 20:53:10] eps=3 rep=9/10: frame progress 40/100 (40.0%)
[2026-03-02 20:53:10] eps=9 rep=3/10: frame progress 40/100 (40.0%)
[2026-03-02 20:53:10] eps=9 rep=6/10: frame progress 40/100 (40.0%)
[2026-03-02 20:53:11] eps=9 rep=7/10: frame progress 40/100 (40.0%)
[2026-03-02 20:53:11] eps=12 rep=3/9: frame progress 40/100 (40.0%)
[2026-03-02 20:53:11] eps=18 rep=3/10: frame progress 40/100 (40.0%)
[2026-03-02 20:53:11] eps=3 rep=2/10: frame progress 40/100 (40.0%)
[2026-03-02 20:53:11] eps=12 rep=7/9: frame progress 40/100 (40.0%)
[2026-03-02 20:53:11] eps=3 rep=7/10: frame progress 40/100 (40.0%)
[2026-03-02 20:53:11] eps=3 rep=5/10: frame progress 40/100 (40.0%)
[2026-03-02 20:53:11] eps=3 rep=3/10: frame progress 40/100 (40.0%)
[2026-03-02 20:53:11] eps=3 rep=6/10: frame progress 40/100 (40.0%)
[2026-03-02 20:53:11] eps=3 rep=10/10: frame progress 40/100 (40.0%)
[2026-03-02 20:53:11] eps=3 rep=1/10: frame progress 40/100 (40.0%)
[2026-03-02 20:53:11] eps=6 rep=6/10: frame progress 40/100 (40.0%)
[2026-03-02 20:53:11] eps=3 rep=4/10: frame progress 40/100 (40.0%)
[2026-03-02 20:53:11] eps=6 rep=4/10: frame progress 40/100 (40.0%)
[2026-03-02 20:53:11] eps=6 rep=3/10: frame progress 40/100 (40.0%)
[2026-03-02 20:53:11] eps=6 rep=9/10: frame progress 40/100 (40.0%)
[2026-03-02 20:53:11] eps=6 rep=1/10: frame progress 40/100 (40.0%)
[2026-03-02 20:53:11] eps=6 rep=5/10: frame progress 40/100 (40.0%)
[2026-03-02 20:53:11] eps=6 rep=7/10: frame progress 40/100 (40.0%)
[2026-03-02 20:53:11] eps=6 rep=8/10: frame progress 40/100 (40.0%)
[2026-03-02 20:53:11] eps=6 rep=10/10: frame progress 40/100 (40.0%)
[2026-03-02 20:53:11] eps=6 rep=2/10: frame progress 40/100 (40.0%)
[2026-03-02 20:53:12] eps=9 rep=1/10: frame progress 40/100 (40.0%)
[2026-03-02 20:53:12] eps=9 rep=10/10: frame progress 40/100 (40.0%)
[2026-03-02 20:53:12] eps=9 rep=4/10: frame progress 40/100 (40.0%)
[2026-03-02 20:53:12] eps=9 rep=2/10: frame progress 40/100 (40.0%)
[2026-03-02 20:53:12] eps=9 rep=5/10: frame progress 40/100 (40.0%)
[2026-03-02 20:53:12] eps=9 rep=8/10: frame progress 40/100 (40.0%)
[2026-03-02 20:53:12] eps=9 rep=9/10: frame progress 40/100 (40.0%)
[2026-03-02 20:53:12] eps=12 rep=4/9: frame progress 40/100 (40.0%)
[2026-03-02 20:53:12] eps=12 rep=9/9: frame progress 40/100 (40.0%)
[2026-03-02 20:53:12] eps=12 rep=5/9: frame progress 40/100 (40.0%)
[2026-03-02 20:53:12] eps=12 rep=6/9: frame progress 40/100 (40.0%)
[2026-03-02 20:53:12] eps=12 rep=1/9: frame progress 40/100 (40.0%)
[2026-03-02 20:53:12] eps=12 rep=2/9: frame progress 40/100 (40.0%)
[2026-03-02 20:53:12] eps=3 rep=8/10: frame progress 50/100 (50.0%)
[2026-03-02 20:53:12] eps=12 rep=8/9: frame progress 40/100 (40.0%)
[2026-03-02 20:53:12] eps=18 rep=2/10: frame progress 40/100 (40.0%)
[2026-03-02 20:53:12] eps=15 rep=9/10: frame progress 40/100 (40.0%)
[2026-03-02 20:53:12] eps=18 rep=8/10: frame progress 40/100 (40.0%)
[2026-03-02 20:53:12] eps=18 rep=1/10: frame progress 40/100 (40.0%)
[2026-03-02 20:53:12] eps=18 rep=5/10: frame progress 40/100 (40.0%)
[2026-03-02 20:53:12] eps=18 rep=6/10: frame progress 40/100 (40.0%)
[2026-03-02 20:53:12] eps=15 rep=10/10: frame progress 40/100 (40.0%)
[2026-03-02 20:53:12] eps=15 rep=1/10: frame progress 40/100 (40.0%)
[2026-03-02 20:53:12] eps=18 rep=9/10: frame progress 40/100 (40.0%)
[2026-03-02 20:53:12] eps=15 rep=2/10: frame progress 40/100 (40.0%)
[2026-03-02 20:53:12] eps=18 rep=4/10: frame progress 40/100 (40.0%)
[2026-03-02 20:53:12] eps=18 rep=10/10: frame progress 40/100 (40.0%)
[2026-03-02 20:53:12] eps=15 rep=8/10: frame progress 40/100 (40.0%)
[2026-03-02 20:53:13] eps=15 rep=4/10: frame progress 40/100 (40.0%)
[2026-03-02 20:53:13] eps=15 rep=7/10: frame progress 40/100 (40.0%)
[2026-03-02 20:53:13] eps=15 rep=5/10: frame progress 40/100 (40.0%)
[2026-03-02 20:53:13] eps=15 rep=3/10: frame progress 40/100 (40.0%)
[2026-03-02 20:53:13] eps=15 rep=6/10: frame progress 40/100 (40.0%)
[2026-03-02 20:53:13] eps=18 rep=7/10: frame progress 40/100 (40.0%)
[2026-03-02 20:53:13] eps=3 rep=9/10: frame progress 50/100 (50.0%)
[2026-03-02 20:53:13] eps=9 rep=3/10: frame progress 50/100 (50.0%)
[2026-03-02 20:53:13] eps=9 rep=6/10: frame progress 50/100 (50.0%)
[2026-03-02 20:53:14] eps=9 rep=7/10: frame progress 50/100 (50.0%)
[2026-03-02 20:53:14] eps=3 rep=2/10: frame progress 50/100 (50.0%)
[2026-03-02 20:53:14] eps=3 rep=7/10: frame progress 50/100 (50.0%)
[2026-03-02 20:53:14] eps=3 rep=5/10: frame progress 50/100 (50.0%)
[2026-03-02 20:53:14] eps=3 rep=3/10: frame progress 50/100 (50.0%)
[2026-03-02 20:53:14] eps=3 rep=10/10: frame progress 50/100 (50.0%)
[2026-03-02 20:53:14] eps=3 rep=6/10: frame progress 50/100 (50.0%)
[2026-03-02 20:53:14] eps=12 rep=3/9: frame progress 50/100 (50.0%)
[2026-03-02 20:53:14] eps=3 rep=1/10: frame progress 50/100 (50.0%)
[2026-03-02 20:53:14] eps=12 rep=7/9: frame progress 50/100 (50.0%)
[2026-03-02 20:53:14] eps=18 rep=3/10: frame progress 50/100 (50.0%)
[2026-03-02 20:53:14] eps=3 rep=4/10: frame progress 50/100 (50.0%)
[2026-03-02 20:53:14] eps=6 rep=6/10: frame progress 50/100 (50.0%)
[2026-03-02 20:53:14] eps=6 rep=4/10: frame progress 50/100 (50.0%)
[2026-03-02 20:53:14] eps=6 rep=3/10: frame progress 50/100 (50.0%)
[2026-03-02 20:53:14] eps=6 rep=9/10: frame progress 50/100 (50.0%)
[2026-03-02 20:53:15] eps=6 rep=1/10: frame progress 50/100 (50.0%)
[2026-03-02 20:53:15] eps=6 rep=5/10: frame progress 50/100 (50.0%)
[2026-03-02 20:53:15] eps=6 rep=7/10: frame progress 50/100 (50.0%)
[2026-03-02 20:53:15] eps=6 rep=8/10: frame progress 50/100 (50.0%)
[2026-03-02 20:53:15] eps=6 rep=10/10: frame progress 50/100 (50.0%)
[2026-03-02 20:53:15] eps=6 rep=2/10: frame progress 50/100 (50.0%)
[2026-03-02 20:53:15] eps=3 rep=8/10: frame progress 60/100 (60.0%)
[2026-03-02 20:53:15] eps=9 rep=1/10: frame progress 50/100 (50.0%)
[2026-03-02 20:53:15] eps=9 rep=4/10: frame progress 50/100 (50.0%)
[2026-03-02 20:53:15] eps=9 rep=2/10: frame progress 50/100 (50.0%)
[2026-03-02 20:53:15] eps=9 rep=10/10: frame progress 50/100 (50.0%)
[2026-03-02 20:53:15] eps=9 rep=5/10: frame progress 50/100 (50.0%)
[2026-03-02 20:53:15] eps=9 rep=8/10: frame progress 50/100 (50.0%)
[2026-03-02 20:53:16] eps=9 rep=9/10: frame progress 50/100 (50.0%)
[2026-03-02 20:53:16] eps=12 rep=4/9: frame progress 50/100 (50.0%)
[2026-03-02 20:53:16] eps=3 rep=9/10: frame progress 60/100 (60.0%)
[2026-03-02 20:53:16] eps=12 rep=5/9: frame progress 50/100 (50.0%)
[2026-03-02 20:53:16] eps=12 rep=9/9: frame progress 50/100 (50.0%)
[2026-03-02 20:53:16] eps=12 rep=6/9: frame progress 50/100 (50.0%)
[2026-03-02 20:53:16] eps=12 rep=1/9: frame progress 50/100 (50.0%)
[2026-03-02 20:53:16] eps=12 rep=2/9: frame progress 50/100 (50.0%)
[2026-03-02 20:53:16] eps=12 rep=8/9: frame progress 50/100 (50.0%)
[2026-03-02 20:53:16] eps=18 rep=2/10: frame progress 50/100 (50.0%)
[2026-03-02 20:53:16] eps=18 rep=8/10: frame progress 50/100 (50.0%)
[2026-03-02 20:53:16] eps=15 rep=9/10: frame progress 50/100 (50.0%)
[2026-03-02 20:53:16] eps=18 rep=1/10: frame progress 50/100 (50.0%)
[2026-03-02 20:53:16] eps=18 rep=5/10: frame progress 50/100 (50.0%)
[2026-03-02 20:53:16] eps=18 rep=6/10: frame progress 50/100 (50.0%)
[2026-03-02 20:53:16] eps=15 rep=10/10: frame progress 50/100 (50.0%)
[2026-03-02 20:53:16] eps=18 rep=9/10: frame progress 50/100 (50.0%)
[2026-03-02 20:53:16] eps=18 rep=4/10: frame progress 50/100 (50.0%)
[2026-03-02 20:53:16] eps=18 rep=10/10: frame progress 50/100 (50.0%)
[2026-03-02 20:53:16] eps=15 rep=1/10: frame progress 50/100 (50.0%)
[2026-03-02 20:53:16] eps=15 rep=8/10: frame progress 50/100 (50.0%)
[2026-03-02 20:53:16] eps=15 rep=2/10: frame progress 50/100 (50.0%)
[2026-03-02 20:53:16] eps=15 rep=4/10: frame progress 50/100 (50.0%)
[2026-03-02 20:53:16] eps=15 rep=3/10: frame progress 50/100 (50.0%)
[2026-03-02 20:53:16] eps=15 rep=7/10: frame progress 50/100 (50.0%)
[2026-03-02 20:53:16] eps=15 rep=5/10: frame progress 50/100 (50.0%)
[2026-03-02 20:53:16] eps=15 rep=6/10: frame progress 50/100 (50.0%)
[2026-03-02 20:53:16] eps=18 rep=7/10: frame progress 50/100 (50.0%)
[2026-03-02 20:53:16] eps=9 rep=3/10: frame progress 60/100 (60.0%)
[2026-03-02 20:53:17] eps=9 rep=6/10: frame progress 60/100 (60.0%)
[2026-03-02 20:53:17] eps=9 rep=7/10: frame progress 60/100 (60.0%)
[2026-03-02 20:53:17] eps=3 rep=2/10: frame progress 60/100 (60.0%)
[2026-03-02 20:53:17] eps=3 rep=7/10: frame progress 60/100 (60.0%)
[2026-03-02 20:53:17] eps=3 rep=5/10: frame progress 60/100 (60.0%)
[2026-03-02 20:53:17] eps=3 rep=3/10: frame progress 60/100 (60.0%)
[2026-03-02 20:53:17] eps=3 rep=10/10: frame progress 60/100 (60.0%)
[2026-03-02 20:53:17] eps=3 rep=6/10: frame progress 60/100 (60.0%)
[2026-03-02 20:53:17] eps=3 rep=1/10: frame progress 60/100 (60.0%)
[2026-03-02 20:53:17] eps=12 rep=3/9: frame progress 60/100 (60.0%)
[2026-03-02 20:53:18] eps=12 rep=7/9: frame progress 60/100 (60.0%)
[2026-03-02 20:53:18] eps=3 rep=4/10: frame progress 60/100 (60.0%)
[2026-03-02 20:53:18] eps=18 rep=3/10: frame progress 60/100 (60.0%)
[2026-03-02 20:53:18] eps=6 rep=6/10: frame progress 60/100 (60.0%)
[2026-03-02 20:53:18] eps=6 rep=9/10: frame progress 60/100 (60.0%)
[2026-03-02 20:53:18] eps=6 rep=4/10: frame progress 60/100 (60.0%)
[2026-03-02 20:53:18] eps=6 rep=3/10: frame progress 60/100 (60.0%)
[2026-03-02 20:53:18] eps=6 rep=1/10: frame progress 60/100 (60.0%)
[2026-03-02 20:53:18] eps=6 rep=5/10: frame progress 60/100 (60.0%)
[2026-03-02 20:53:18] eps=6 rep=7/10: frame progress 60/100 (60.0%)
[2026-03-02 20:53:18] eps=6 rep=10/10: frame progress 60/100 (60.0%)
[2026-03-02 20:53:18] eps=6 rep=8/10: frame progress 60/100 (60.0%)
[2026-03-02 20:53:18] eps=3 rep=8/10: frame progress 70/100 (70.0%)
[2026-03-02 20:53:18] eps=6 rep=2/10: frame progress 60/100 (60.0%)
[2026-03-02 20:53:19] eps=9 rep=1/10: frame progress 60/100 (60.0%)
[2026-03-02 20:53:19] eps=9 rep=4/10: frame progress 60/100 (60.0%)
[2026-03-02 20:53:19] eps=9 rep=10/10: frame progress 60/100 (60.0%)
[2026-03-02 20:53:19] eps=9 rep=2/10: frame progress 60/100 (60.0%)
[2026-03-02 20:53:19] eps=9 rep=5/10: frame progress 60/100 (60.0%)
[2026-03-02 20:53:19] eps=9 rep=8/10: frame progress 60/100 (60.0%)
[2026-03-02 20:53:19] eps=3 rep=9/10: frame progress 70/100 (70.0%)
[2026-03-02 20:53:19] eps=9 rep=9/10: frame progress 60/100 (60.0%)
[2026-03-02 20:53:20] eps=9 rep=3/10: frame progress 70/100 (70.0%)
[2026-03-02 20:53:20] eps=9 rep=6/10: frame progress 70/100 (70.0%)
[2026-03-02 20:53:20] eps=12 rep=4/9: frame progress 60/100 (60.0%)
[2026-03-02 20:53:20] eps=12 rep=5/9: frame progress 60/100 (60.0%)
[2026-03-02 20:53:20] eps=12 rep=9/9: frame progress 60/100 (60.0%)
[2026-03-02 20:53:20] eps=9 rep=7/10: frame progress 70/100 (70.0%)
[2026-03-02 20:53:20] eps=12 rep=6/9: frame progress 60/100 (60.0%)
[2026-03-02 20:53:20] eps=12 rep=2/9: frame progress 60/100 (60.0%)
[2026-03-02 20:53:20] eps=12 rep=1/9: frame progress 60/100 (60.0%)
[2026-03-02 20:53:20] eps=12 rep=8/9: frame progress 60/100 (60.0%)
[2026-03-02 20:53:20] eps=18 rep=2/10: frame progress 60/100 (60.0%)
[2026-03-02 20:53:20] eps=18 rep=1/10: frame progress 60/100 (60.0%)
[2026-03-02 20:53:20] eps=18 rep=5/10: frame progress 60/100 (60.0%)
[2026-03-02 20:53:20] eps=18 rep=8/10: frame progress 60/100 (60.0%)
[2026-03-02 20:53:20] eps=18 rep=6/10: frame progress 60/100 (60.0%)
[2026-03-02 20:53:20] eps=15 rep=9/10: frame progress 60/100 (60.0%)
[2026-03-02 20:53:20] eps=18 rep=9/10: frame progress 60/100 (60.0%)
[2026-03-02 20:53:20] eps=15 rep=10/10: frame progress 60/100 (60.0%)
[2026-03-02 20:53:20] eps=3 rep=2/10: frame progress 70/100 (70.0%)
[2026-03-02 20:53:20] eps=18 rep=4/10: frame progress 60/100 (60.0%)
[2026-03-02 20:53:20] eps=18 rep=10/10: frame progress 60/100 (60.0%)
[2026-03-02 20:53:20] eps=3 rep=3/10: frame progress 70/100 (70.0%)
[2026-03-02 20:53:20] eps=15 rep=2/10: frame progress 60/100 (60.0%)
[2026-03-02 20:53:20] eps=15 rep=1/10: frame progress 60/100 (60.0%)
[2026-03-02 20:53:20] eps=3 rep=7/10: frame progress 70/100 (70.0%)
[2026-03-02 20:53:20] eps=3 rep=5/10: frame progress 70/100 (70.0%)
[2026-03-02 20:53:20] eps=15 rep=3/10: frame progress 60/100 (60.0%)
[2026-03-02 20:53:20] eps=15 rep=8/10: frame progress 60/100 (60.0%)
[2026-03-02 20:53:20] eps=15 rep=7/10: frame progress 60/100 (60.0%)
[2026-03-02 20:53:20] eps=15 rep=4/10: frame progress 60/100 (60.0%)
[2026-03-02 20:53:20] eps=15 rep=5/10: frame progress 60/100 (60.0%)
[2026-03-02 20:53:20] eps=15 rep=6/10: frame progress 60/100 (60.0%)
[2026-03-02 20:53:20] eps=3 rep=10/10: frame progress 70/100 (70.0%)
[2026-03-02 20:53:20] eps=3 rep=6/10: frame progress 70/100 (70.0%)
[2026-03-02 20:53:20] eps=18 rep=7/10: frame progress 60/100 (60.0%)
[2026-03-02 20:53:21] eps=3 rep=1/10: frame progress 70/100 (70.0%)
[2026-03-02 20:53:21] eps=3 rep=8/10: frame progress 80/100 (80.0%)
[2026-03-02 20:53:21] eps=3 rep=4/10: frame progress 70/100 (70.0%)
[2026-03-02 20:53:21] eps=12 rep=3/9: frame progress 70/100 (70.0%)
[2026-03-02 20:53:21] eps=6 rep=6/10: frame progress 70/100 (70.0%)
[2026-03-02 20:53:21] eps=12 rep=7/9: frame progress 70/100 (70.0%)
[2026-03-02 20:53:21] eps=6 rep=3/10: frame progress 70/100 (70.0%)
[2026-03-02 20:53:21] eps=6 rep=1/10: frame progress 70/100 (70.0%)
[2026-03-02 20:53:21] eps=6 rep=4/10: frame progress 70/100 (70.0%)
[2026-03-02 20:53:21] eps=6 rep=7/10: frame progress 70/100 (70.0%)
[2026-03-02 20:53:21] eps=6 rep=5/10: frame progress 70/100 (70.0%)
[2026-03-02 20:53:21] eps=6 rep=9/10: frame progress 70/100 (70.0%)
[2026-03-02 20:53:21] eps=6 rep=10/10: frame progress 70/100 (70.0%)
[2026-03-02 20:53:21] eps=6 rep=8/10: frame progress 70/100 (70.0%)
[2026-03-02 20:53:21] eps=18 rep=3/10: frame progress 70/100 (70.0%)
[2026-03-02 20:53:22] eps=6 rep=2/10: frame progress 70/100 (70.0%)
[2026-03-02 20:53:22] eps=3 rep=9/10: frame progress 80/100 (80.0%)
[2026-03-02 20:53:22] eps=9 rep=1/10: frame progress 70/100 (70.0%)
[2026-03-02 20:53:22] eps=9 rep=4/10: frame progress 70/100 (70.0%)
[2026-03-02 20:53:22] eps=9 rep=10/10: frame progress 70/100 (70.0%)
[2026-03-02 20:53:22] eps=9 rep=2/10: frame progress 70/100 (70.0%)
[2026-03-02 20:53:22] eps=9 rep=5/10: frame progress 70/100 (70.0%)
[2026-03-02 20:53:22] eps=9 rep=8/10: frame progress 70/100 (70.0%)
[2026-03-02 20:53:23] eps=9 rep=3/10: frame progress 80/100 (80.0%)
[2026-03-02 20:53:23] eps=9 rep=6/10: frame progress 80/100 (80.0%)
[2026-03-02 20:53:23] eps=9 rep=9/10: frame progress 70/100 (70.0%)
[2026-03-02 20:53:23] eps=9 rep=7/10: frame progress 80/100 (80.0%)
[2026-03-02 20:53:23] eps=3 rep=2/10: frame progress 80/100 (80.0%)
[2026-03-02 20:53:23] eps=3 rep=3/10: frame progress 80/100 (80.0%)
[2026-03-02 20:53:23] eps=3 rep=7/10: frame progress 80/100 (80.0%)
[2026-03-02 20:53:23] eps=3 rep=5/10: frame progress 80/100 (80.0%)
[2026-03-02 20:53:24] eps=3 rep=10/10: frame progress 80/100 (80.0%)
[2026-03-02 20:53:24] eps=3 rep=6/10: frame progress 80/100 (80.0%)
[2026-03-02 20:53:24] eps=3 rep=8/10: frame progress 90/100 (90.0%)
[2026-03-02 20:53:24] eps=12 rep=4/9: frame progress 70/100 (70.0%)
[2026-03-02 20:53:24] eps=3 rep=1/10: frame progress 80/100 (80.0%)
[2026-03-02 20:53:24] eps=12 rep=9/9: frame progress 70/100 (70.0%)
[2026-03-02 20:53:24] eps=12 rep=5/9: frame progress 70/100 (70.0%)
[2026-03-02 20:53:24] eps=12 rep=6/9: frame progress 70/100 (70.0%)
[2026-03-02 20:53:24] eps=12 rep=2/9: frame progress 70/100 (70.0%)
[2026-03-02 20:53:24] eps=12 rep=8/9: frame progress 70/100 (70.0%)
[2026-03-02 20:53:24] eps=12 rep=1/9: frame progress 70/100 (70.0%)
[2026-03-02 20:53:24] eps=18 rep=2/10: frame progress 70/100 (70.0%)
[2026-03-02 20:53:24] eps=3 rep=4/10: frame progress 80/100 (80.0%)
[2026-03-02 20:53:24] eps=18 rep=1/10: frame progress 70/100 (70.0%)
[2026-03-02 20:53:24] eps=18 rep=5/10: frame progress 70/100 (70.0%)
[2026-03-02 20:53:24] eps=18 rep=8/10: frame progress 70/100 (70.0%)
[2026-03-02 20:53:24] eps=18 rep=6/10: frame progress 70/100 (70.0%)
[2026-03-02 20:53:24] eps=15 rep=9/10: frame progress 70/100 (70.0%)
[2026-03-02 20:53:24] eps=18 rep=9/10: frame progress 70/100 (70.0%)
[2026-03-02 20:53:24] eps=6 rep=6/10: frame progress 80/100 (80.0%)
[2026-03-02 20:53:24] eps=18 rep=10/10: frame progress 70/100 (70.0%)
[2026-03-02 20:53:24] eps=15 rep=1/10: frame progress 70/100 (70.0%)
[2026-03-02 20:53:24] eps=18 rep=4/10: frame progress 70/100 (70.0%)
[2026-03-02 20:53:24] eps=15 rep=10/10: frame progress 70/100 (70.0%)
[2026-03-02 20:53:24] eps=15 rep=8/10: frame progress 70/100 (70.0%)
[2026-03-02 20:53:24] eps=15 rep=2/10: frame progress 70/100 (70.0%)
[2026-03-02 20:53:24] eps=6 rep=3/10: frame progress 80/100 (80.0%)
[2026-03-02 20:53:24] eps=6 rep=9/10: frame progress 80/100 (80.0%)
[2026-03-02 20:53:24] eps=6 rep=4/10: frame progress 80/100 (80.0%)
[2026-03-02 20:53:24] eps=15 rep=3/10: frame progress 70/100 (70.0%)
[2026-03-02 20:53:24] eps=15 rep=7/10: frame progress 70/100 (70.0%)
[2026-03-02 20:53:24] eps=6 rep=1/10: frame progress 80/100 (80.0%)
[2026-03-02 20:53:24] eps=6 rep=7/10: frame progress 80/100 (80.0%)
[2026-03-02 20:53:24] eps=15 rep=5/10: frame progress 70/100 (70.0%)
[2026-03-02 20:53:24] eps=15 rep=6/10: frame progress 70/100 (70.0%)
[2026-03-02 20:53:24] eps=15 rep=4/10: frame progress 70/100 (70.0%)
[2026-03-02 20:53:24] eps=6 rep=5/10: frame progress 80/100 (80.0%)
[2026-03-02 20:53:24] eps=18 rep=7/10: frame progress 70/100 (70.0%)
[2026-03-02 20:53:25] eps=12 rep=3/9: frame progress 80/100 (80.0%)
[2026-03-02 20:53:25] eps=6 rep=8/10: frame progress 80/100 (80.0%)
[2026-03-02 20:53:25] eps=6 rep=10/10: frame progress 80/100 (80.0%)
[2026-03-02 20:53:25] eps=12 rep=7/9: frame progress 80/100 (80.0%)
[2026-03-02 20:53:25] eps=3 rep=9/10: frame progress 90/100 (90.0%)
[2026-03-02 20:53:25] eps=6 rep=2/10: frame progress 80/100 (80.0%)
[2026-03-02 20:53:25] eps=18 rep=3/10: frame progress 80/100 (80.0%)
[2026-03-02 20:53:26] eps=9 rep=1/10: frame progress 80/100 (80.0%)
[2026-03-02 20:53:26] eps=9 rep=4/10: frame progress 80/100 (80.0%)
[2026-03-02 20:53:26] eps=9 rep=10/10: frame progress 80/100 (80.0%)
[2026-03-02 20:53:26] eps=9 rep=2/10: frame progress 80/100 (80.0%)
[2026-03-02 20:53:26] eps=9 rep=5/10: frame progress 80/100 (80.0%)
[2026-03-02 20:53:26] eps=9 rep=8/10: frame progress 80/100 (80.0%)
[2026-03-02 20:53:26] eps=9 rep=3/10: frame progress 90/100 (90.0%)
[2026-03-02 20:53:26] eps=9 rep=6/10: frame progress 90/100 (90.0%)
[2026-03-02 20:53:26] eps=9 rep=7/10: frame progress 90/100 (90.0%)
[2026-03-02 20:53:26] eps=3 rep=8/10: frame progress 100/100 (100.0%)
[2026-03-02 20:53:27] eps=9 rep=9/10: frame progress 80/100 (80.0%)
[2026-03-02 20:53:27] eps=3 rep=2/10: frame progress 90/100 (90.0%)
[2026-03-02 20:53:27] eps=3 rep=3/10: frame progress 90/100 (90.0%)
[2026-03-02 20:53:27] eps=3 rep=7/10: frame progress 90/100 (90.0%)
[2026-03-02 20:53:27] eps=3 rep=5/10: frame progress 90/100 (90.0%)
[2026-03-02 20:53:27] eps=3 rep=10/10: frame progress 90/100 (90.0%)
[2026-03-02 20:53:27] eps=3 rep=6/10: frame progress 90/100 (90.0%)
[2026-03-02 20:53:27] eps=3 rep=1/10: frame progress 90/100 (90.0%)
[2026-03-02 20:53:27] eps=3 rep=4/10: frame progress 90/100 (90.0%)
[2026-03-02 20:53:28] eps=6 rep=6/10: frame progress 90/100 (90.0%)
[2026-03-02 20:53:28] eps=12 rep=4/9: frame progress 80/100 (80.0%)
[2026-03-02 20:53:28] eps=6 rep=9/10: frame progress 90/100 (90.0%)
[2026-03-02 20:53:28] eps=6 rep=3/10: frame progress 90/100 (90.0%)
[2026-03-02 20:53:28] eps=12 rep=5/9: frame progress 80/100 (80.0%)
[2026-03-02 20:53:28] eps=12 rep=9/9: frame progress 80/100 (80.0%)
[2026-03-02 20:53:28] eps=6 rep=4/10: frame progress 90/100 (90.0%)
[2026-03-02 20:53:28] eps=6 rep=5/10: frame progress 90/100 (90.0%)
[2026-03-02 20:53:28] eps=6 rep=7/10: frame progress 90/100 (90.0%)
[2026-03-02 20:53:28] eps=6 rep=1/10: frame progress 90/100 (90.0%)
[2026-03-02 20:53:28] eps=3 rep=9/10: frame progress 100/100 (100.0%)
[2026-03-02 20:53:28] eps=12 rep=6/9: frame progress 80/100 (80.0%)
[2026-03-02 20:53:28] eps=12 rep=8/9: frame progress 80/100 (80.0%)
[2026-03-02 20:53:28] eps=12 rep=2/9: frame progress 80/100 (80.0%)
[2026-03-02 20:53:28] eps=6 rep=10/10: frame progress 90/100 (90.0%)
[2026-03-02 20:53:28] eps=6 rep=8/10: frame progress 90/100 (90.0%)
[2026-03-02 20:53:28] eps=12 rep=1/9: frame progress 80/100 (80.0%)
[2026-03-02 20:53:28] eps=12 rep=3/9: frame progress 90/100 (90.0%)
[2026-03-02 20:53:28] eps=12 rep=7/9: frame progress 90/100 (90.0%)
[2026-03-02 20:53:28] eps=6 rep=2/10: frame progress 90/100 (90.0%)
[2026-03-02 20:53:28] eps=18 rep=2/10: frame progress 80/100 (80.0%)
[2026-03-02 20:53:28] eps=18 rep=1/10: frame progress 80/100 (80.0%)
[2026-03-02 20:53:28] eps=18 rep=5/10: frame progress 80/100 (80.0%)
[2026-03-02 20:53:28] eps=18 rep=8/10: frame progress 80/100 (80.0%)
[2026-03-02 20:53:28] eps=18 rep=6/10: frame progress 80/100 (80.0%)
[2026-03-02 20:53:28] eps=15 rep=9/10: frame progress 80/100 (80.0%)
[2026-03-02 20:53:29] eps=18 rep=9/10: frame progress 80/100 (80.0%)
[2026-03-02 20:53:29] eps=18 rep=10/10: frame progress 80/100 (80.0%)
[2026-03-02 20:53:29] eps=15 rep=10/10: frame progress 80/100 (80.0%)
[2026-03-02 20:53:29] eps=15 rep=8/10: frame progress 80/100 (80.0%)
[2026-03-02 20:53:29] eps=15 rep=1/10: frame progress 80/100 (80.0%)
[2026-03-02 20:53:29] eps=18 rep=4/10: frame progress 80/100 (80.0%)
[2026-03-02 20:53:29] eps=15 rep=2/10: frame progress 80/100 (80.0%)
[2026-03-02 20:53:29] eps=15 rep=7/10: frame progress 80/100 (80.0%)
[2026-03-02 20:53:29] eps=15 rep=3/10: frame progress 80/100 (80.0%)
[2026-03-02 20:53:29] eps=15 rep=6/10: frame progress 80/100 (80.0%)
[2026-03-02 20:53:29] eps=15 rep=5/10: frame progress 80/100 (80.0%)
[2026-03-02 20:53:29] eps=15 rep=4/10: frame progress 80/100 (80.0%)
[2026-03-02 20:53:29] eps=18 rep=7/10: frame progress 80/100 (80.0%)
[2026-03-02 20:53:29] eps=18 rep=3/10: frame progress 90/100 (90.0%)
[2026-03-02 20:53:29] eps=9 rep=3/10: frame progress 100/100 (100.0%)
[2026-03-02 20:53:29] eps=9 rep=6/10: frame progress 100/100 (100.0%)
[2026-03-02 20:53:29] eps=9 rep=1/10: frame progress 90/100 (90.0%)
[2026-03-02 20:53:29] eps=9 rep=4/10: frame progress 90/100 (90.0%)
[2026-03-02 20:53:29] eps=9 rep=7/10: frame progress 100/100 (100.0%)
[2026-03-02 20:53:29] eps=9 rep=10/10: frame progress 90/100 (90.0%)
[2026-03-02 20:53:30] eps=9 rep=2/10: frame progress 90/100 (90.0%)
[2026-03-02 20:53:30] eps=9 rep=5/10: frame progress 90/100 (90.0%)
[2026-03-02 20:53:30] eps=9 rep=8/10: frame progress 90/100 (90.0%)
[2026-03-02 20:53:30] eps=3 rep=2/10: frame progress 100/100 (100.0%)
[2026-03-02 20:53:30] eps=3 rep=3/10: frame progress 100/100 (100.0%)
[2026-03-02 20:53:30] eps=3 rep=5/10: frame progress 100/100 (100.0%)
[2026-03-02 20:53:30] eps=3 rep=7/10: frame progress 100/100 (100.0%)
[2026-03-02 20:53:30] eps=3 rep=6/10: frame progress 100/100 (100.0%)
[2026-03-02 20:53:30] eps=3 rep=10/10: frame progress 100/100 (100.0%)
[2026-03-02 20:53:30] eps=3 rep=1/10: frame progress 100/100 (100.0%)
[2026-03-02 20:53:30] eps=9 rep=9/10: frame progress 90/100 (90.0%)
[2026-03-02 20:53:31] eps=3 rep=4/10: frame progress 100/100 (100.0%)
[2026-03-02 20:53:31] eps=6 rep=6/10: frame progress 100/100 (100.0%)
[2026-03-02 20:53:31] eps=6 rep=9/10: frame progress 100/100 (100.0%)
[2026-03-02 20:53:31] eps=6 rep=3/10: frame progress 100/100 (100.0%)
[2026-03-02 20:53:31] eps=6 rep=1/10: frame progress 100/100 (100.0%)
[2026-03-02 20:53:31] eps=6 rep=7/10: frame progress 100/100 (100.0%)
[2026-03-02 20:53:31] eps=6 rep=4/10: frame progress 100/100 (100.0%)
[2026-03-02 20:53:31] eps=6 rep=5/10: frame progress 100/100 (100.0%)
[2026-03-02 20:53:31] eps=6 rep=8/10: frame progress 100/100 (100.0%)
[2026-03-02 20:53:31] eps=6 rep=10/10: frame progress 100/100 (100.0%)
[2026-03-02 20:53:32] eps=6 rep=2/10: frame progress 100/100 (100.0%)
[2026-03-02 20:53:32] eps=12 rep=4/9: frame progress 90/100 (90.0%)
[2026-03-02 20:53:32] eps=12 rep=9/9: frame progress 90/100 (90.0%)
[2026-03-02 20:53:32] eps=12 rep=5/9: frame progress 90/100 (90.0%)
[2026-03-02 20:53:32] eps=12 rep=8/9: frame progress 90/100 (90.0%)
[2026-03-02 20:53:32] eps=12 rep=2/9: frame progress 90/100 (90.0%)
[2026-03-02 20:53:32] eps=12 rep=6/9: frame progress 90/100 (90.0%)
[2026-03-02 20:53:32] eps=12 rep=3/9: frame progress 100/100 (100.0%)
[2026-03-02 20:53:32] eps=12 rep=1/9: frame progress 90/100 (90.0%)
[2026-03-02 20:53:32] eps=12 rep=7/9: frame progress 100/100 (100.0%)
[2026-03-02 20:53:33] eps=18 rep=1/10: frame progress 90/100 (90.0%)
[2026-03-02 20:53:33] eps=18 rep=8/10: frame progress 90/100 (90.0%)
[2026-03-02 20:53:33] eps=18 rep=5/10: frame progress 90/100 (90.0%)
[2026-03-02 20:53:33] eps=18 rep=6/10: frame progress 90/100 (90.0%)
[2026-03-02 20:53:33] eps=15 rep=9/10: frame progress 90/100 (90.0%)
[2026-03-02 20:53:33] eps=18 rep=9/10: frame progress 90/100 (90.0%)
[2026-03-02 20:53:33] eps=18 rep=2/10: frame progress 90/100 (90.0%)
[2026-03-02 20:53:33] eps=15 rep=10/10: frame progress 90/100 (90.0%)
[2026-03-02 20:53:33] eps=15 rep=2/10: frame progress 90/100 (90.0%)
[2026-03-02 20:53:33] eps=15 rep=8/10: frame progress 90/100 (90.0%)
[2026-03-02 20:53:33] eps=15 rep=1/10: frame progress 90/100 (90.0%)
[2026-03-02 20:53:33] eps=15 rep=7/10: frame progress 90/100 (90.0%)
[2026-03-02 20:53:33] eps=15 rep=3/10: frame progress 90/100 (90.0%)
[2026-03-02 20:53:33] eps=15 rep=6/10: frame progress 90/100 (90.0%)
[2026-03-02 20:53:33] eps=9 rep=1/10: frame progress 100/100 (100.0%)
[2026-03-02 20:53:33] eps=15 rep=4/10: frame progress 90/100 (90.0%)
[2026-03-02 20:53:33] eps=18 rep=10/10: frame progress 90/100 (90.0%)
[2026-03-02 20:53:33] eps=9 rep=10/10: frame progress 100/100 (100.0%)
[2026-03-02 20:53:33] eps=18 rep=3/10: frame progress 100/100 (100.0%)
[2026-03-02 20:53:33] eps=9 rep=4/10: frame progress 100/100 (100.0%)
[2026-03-02 20:53:33] eps=18 rep=7/10: frame progress 90/100 (90.0%)
[2026-03-02 20:53:33] eps=15 rep=5/10: frame progress 90/100 (90.0%)
[2026-03-02 20:53:33] eps=9 rep=2/10: frame progress 100/100 (100.0%)
[2026-03-02 20:53:33] eps=18 rep=4/10: frame progress 90/100 (90.0%)
[2026-03-02 20:53:33] eps=9 rep=8/10: frame progress 100/100 (100.0%)
[2026-03-02 20:53:33] eps=9 rep=5/10: frame progress 100/100 (100.0%)
[2026-03-02 20:53:34] eps=9 rep=9/10: frame progress 100/100 (100.0%)
[2026-03-02 20:53:36] eps=12 rep=9/9: frame progress 100/100 (100.0%)
[2026-03-02 20:53:36] eps=12 rep=5/9: frame progress 100/100 (100.0%)
[2026-03-02 20:53:36] eps=12 rep=2/9: frame progress 100/100 (100.0%)
[2026-03-02 20:53:36] eps=12 rep=4/9: frame progress 100/100 (100.0%)
[2026-03-02 20:53:36] eps=12 rep=8/9: frame progress 100/100 (100.0%)
[2026-03-02 20:53:36] eps=12 rep=6/9: frame progress 100/100 (100.0%)
[2026-03-02 20:53:36] eps=12 rep=1/9: frame progress 100/100 (100.0%)
[2026-03-02 20:53:37] eps=18 rep=1/10: frame progress 100/100 (100.0%)
[2026-03-02 20:53:37] eps=18 rep=6/10: frame progress 100/100 (100.0%)
[2026-03-02 20:53:37] eps=18 rep=8/10: frame progress 100/100 (100.0%)
[2026-03-02 20:53:37] eps=18 rep=5/10: frame progress 100/100 (100.0%)
[2026-03-02 20:53:37] eps=15 rep=9/10: frame progress 100/100 (100.0%)
[2026-03-02 20:53:37] eps=18 rep=9/10: frame progress 100/100 (100.0%)
[2026-03-02 20:53:37] eps=15 rep=8/10: frame progress 100/100 (100.0%)
[2026-03-02 20:53:37] eps=15 rep=1/10: frame progress 100/100 (100.0%)
[2026-03-02 20:53:37] eps=15 rep=2/10: frame progress 100/100 (100.0%)
[2026-03-02 20:53:37] eps=15 rep=3/10: frame progress 100/100 (100.0%)
[2026-03-02 20:53:37] eps=15 rep=10/10: frame progress 100/100 (100.0%)
[2026-03-02 20:53:37] eps=15 rep=7/10: frame progress 100/100 (100.0%)
[2026-03-02 20:53:37] eps=18 rep=10/10: frame progress 100/100 (100.0%)
[2026-03-02 20:53:37] eps=15 rep=6/10: frame progress 100/100 (100.0%)
[2026-03-02 20:53:37] eps=15 rep=4/10: frame progress 100/100 (100.0%)
[2026-03-02 20:53:37] eps=18 rep=2/10: frame progress 100/100 (100.0%)
[2026-03-02 20:53:38] eps=18 rep=7/10: frame progress 100/100 (100.0%)
[2026-03-02 20:53:38] eps=15 rep=5/10: frame progress 100/100 (100.0%)
[2026-03-02 20:53:38] eps=18 rep=4/10: frame progress 100/100 (100.0%)
[2026-03-02T21:06:15.897] error: *** JOB 2138331 ON tiger-g04c1n5 CANCELLED AT 2026-03-02T21:06:15 DUE to SIGNAL Terminated ***
