[2026-03-02 13:25:44] Step 1/8: Purging modules
[2026-03-02 13:25:44] Step 2/8: Sourcing ~/.bashrc
[2026-03-02 13:25:45] Step 3/8: Loading anaconda module
[2026-03-02 13:25:45] Step 4/8: Activating conda environment
[2026-03-02 13:25:46] Step 5/8: Changing directory to /scratch/gpfs/WEBB/chertok/REACTIVELJ_PAPER/simulation_package/melt
[2026-03-02 13:25:46] Step 6/8: Ensuring logs directory exists
[2026-03-02 13:25:46] Step 7/8: Starting trajectory analysis
[2026-03-02 13:25:48] Scanning trajectories under /scratch/gpfs/WEBB/chertok/REACTIVELJ_PAPER/simulation_package/melt/data_generation/outputs
[2026-03-02 13:25:48] Discovered 59 trajectory/metadata pairs
[2026-03-02 13:25:48] Grouped runs into 6 epsilon values
[2026-03-02 13:25:48] Queueing epsilon group 1/6: eps=3, replicates=10
[2026-03-02 13:25:48] Queueing epsilon group 2/6: eps=6, replicates=10
[2026-03-02 13:25:48] Queueing epsilon group 3/6: eps=9, replicates=10
[2026-03-02 13:25:48] Queueing epsilon group 4/6: eps=12, replicates=9
[2026-03-02 13:25:48] Queueing epsilon group 5/6: eps=15, replicates=10
[2026-03-02 13:25:48] Queueing epsilon group 6/6: eps=18, replicates=10
[2026-03-02 13:25:48] Starting parallel analysis with 16 workers on 59 runs
[2026-03-02 13:25:48] eps=3 rep=1/10: start (eps_3/rep_004/trajectory.gsd)
[2026-03-02 13:25:48] eps=3 rep=2/10: start (eps_3/rep_003/trajectory.gsd)
[2026-03-02 13:25:48] eps=3 rep=4/10: start (eps_3/rep_006/trajectory.gsd)
[2026-03-02 13:25:48] eps=3 rep=10/10: start (eps_3/rep_001/trajectory.gsd)
[2026-03-02 13:25:48] eps=3 rep=7/10: start (eps_3/rep_009/trajectory.gsd)
[2026-03-02 13:25:48] eps=3 rep=8/10: start (eps_3/rep_008/trajectory.gsd)
[2026-03-02 13:25:48] eps=6 rep=1/10: start (eps_6/rep_004/trajectory.gsd)
[2026-03-02 13:25:48] eps=3 rep=3/10: start (eps_3/rep_007/trajectory.gsd)
[2026-03-02 13:25:48] eps=3 rep=9/10: start (eps_3/rep_002/trajectory.gsd)
[2026-03-02 13:25:48] eps=3 rep=6/10: start (eps_3/rep_010/trajectory.gsd)
[2026-03-02 13:25:48] eps=6 rep=2/10: start (eps_6/rep_003/trajectory.gsd)
[2026-03-02 13:25:48] eps=3 rep=5/10: start (eps_3/rep_005/trajectory.gsd)
[2026-03-02 13:25:48] eps=6 rep=4/10: start (eps_6/rep_006/trajectory.gsd)
[2026-03-02 13:25:48] eps=6 rep=5/10: start (eps_6/rep_005/trajectory.gsd)
[2026-03-02 13:25:48] eps=6 rep=3/10: start (eps_6/rep_007/trajectory.gsd)
[2026-03-02 13:25:48] eps=6 rep=6/10: start (eps_6/rep_010/trajectory.gsd)
[2026-03-02 13:25:52] eps=3 rep=2/10: frame progress 10/100 (10.0%)
[2026-03-02 13:25:52] eps=3 rep=10/10: frame progress 10/100 (10.0%)
[2026-03-02 13:25:52] eps=3 rep=8/10: frame progress 10/100 (10.0%)
[2026-03-02 13:25:52] eps=3 rep=3/10: frame progress 10/100 (10.0%)
[2026-03-02 13:25:52] eps=3 rep=6/10: frame progress 10/100 (10.0%)
[2026-03-02 13:25:52] eps=3 rep=5/10: frame progress 10/100 (10.0%)
[2026-03-02 13:25:52] eps=3 rep=1/10: frame progress 10/100 (10.0%)
[2026-03-02 13:25:52] eps=3 rep=9/10: frame progress 10/100 (10.0%)
[2026-03-02 13:25:52] eps=3 rep=4/10: frame progress 10/100 (10.0%)
[2026-03-02 13:25:52] eps=3 rep=7/10: frame progress 10/100 (10.0%)
[2026-03-02 13:25:52] eps=6 rep=1/10: frame progress 10/100 (10.0%)
[2026-03-02 13:25:52] eps=6 rep=5/10: frame progress 10/100 (10.0%)
[2026-03-02 13:25:52] eps=6 rep=6/10: frame progress 10/100 (10.0%)
[2026-03-02 13:25:52] eps=6 rep=4/10: frame progress 10/100 (10.0%)
[2026-03-02 13:25:52] eps=6 rep=3/10: frame progress 10/100 (10.0%)
[2026-03-02 13:25:52] eps=6 rep=2/10: frame progress 10/100 (10.0%)
[2026-03-02 13:25:55] eps=3 rep=2/10: frame progress 20/100 (20.0%)
[2026-03-02 13:25:55] eps=3 rep=10/10: frame progress 20/100 (20.0%)
[2026-03-02 13:25:55] eps=3 rep=3/10: frame progress 20/100 (20.0%)
[2026-03-02 13:25:55] eps=3 rep=8/10: frame progress 20/100 (20.0%)
[2026-03-02 13:25:55] eps=3 rep=5/10: frame progress 20/100 (20.0%)
[2026-03-02 13:25:55] eps=3 rep=9/10: frame progress 20/100 (20.0%)
[2026-03-02 13:25:55] eps=3 rep=4/10: frame progress 20/100 (20.0%)
[2026-03-02 13:25:55] eps=3 rep=6/10: frame progress 20/100 (20.0%)
[2026-03-02 13:25:55] eps=3 rep=1/10: frame progress 20/100 (20.0%)
[2026-03-02 13:25:55] eps=3 rep=7/10: frame progress 20/100 (20.0%)
[2026-03-02 13:25:55] eps=6 rep=1/10: frame progress 20/100 (20.0%)
[2026-03-02 13:25:55] eps=6 rep=5/10: frame progress 20/100 (20.0%)
[2026-03-02 13:25:55] eps=6 rep=6/10: frame progress 20/100 (20.0%)
[2026-03-02 13:25:55] eps=6 rep=4/10: frame progress 20/100 (20.0%)
[2026-03-02 13:25:55] eps=6 rep=3/10: frame progress 20/100 (20.0%)
[2026-03-02 13:25:55] eps=6 rep=2/10: frame progress 20/100 (20.0%)
[2026-03-02 13:25:58] eps=3 rep=10/10: frame progress 30/100 (30.0%)
[2026-03-02 13:25:58] eps=3 rep=2/10: frame progress 30/100 (30.0%)
[2026-03-02 13:25:58] eps=3 rep=8/10: frame progress 30/100 (30.0%)
[2026-03-02 13:25:58] eps=3 rep=3/10: frame progress 30/100 (30.0%)
[2026-03-02 13:25:58] eps=3 rep=5/10: frame progress 30/100 (30.0%)
[2026-03-02 13:25:58] eps=3 rep=9/10: frame progress 30/100 (30.0%)
[2026-03-02 13:25:58] eps=3 rep=4/10: frame progress 30/100 (30.0%)
[2026-03-02 13:25:58] eps=3 rep=6/10: frame progress 30/100 (30.0%)
[2026-03-02 13:25:58] eps=3 rep=7/10: frame progress 30/100 (30.0%)
[2026-03-02 13:25:58] eps=3 rep=1/10: frame progress 30/100 (30.0%)
[2026-03-02 13:25:59] eps=6 rep=5/10: frame progress 30/100 (30.0%)
[2026-03-02 13:25:59] eps=6 rep=1/10: frame progress 30/100 (30.0%)
[2026-03-02 13:25:59] eps=6 rep=4/10: frame progress 30/100 (30.0%)
[2026-03-02 13:25:59] eps=6 rep=6/10: frame progress 30/100 (30.0%)
[2026-03-02 13:25:59] eps=6 rep=3/10: frame progress 30/100 (30.0%)
[2026-03-02 13:25:59] eps=6 rep=2/10: frame progress 30/100 (30.0%)
[2026-03-02 13:26:02] eps=3 rep=10/10: frame progress 40/100 (40.0%)
[2026-03-02 13:26:02] eps=3 rep=2/10: frame progress 40/100 (40.0%)
[2026-03-02 13:26:02] eps=3 rep=8/10: frame progress 40/100 (40.0%)
[2026-03-02 13:26:02] eps=3 rep=3/10: frame progress 40/100 (40.0%)
[2026-03-02 13:26:02] eps=3 rep=5/10: frame progress 40/100 (40.0%)
[2026-03-02 13:26:02] eps=3 rep=9/10: frame progress 40/100 (40.0%)
[2026-03-02 13:26:02] eps=3 rep=4/10: frame progress 40/100 (40.0%)
[2026-03-02 13:26:02] eps=3 rep=6/10: frame progress 40/100 (40.0%)
[2026-03-02 13:26:02] eps=3 rep=1/10: frame progress 40/100 (40.0%)
[2026-03-02 13:26:02] eps=3 rep=7/10: frame progress 40/100 (40.0%)
[2026-03-02 13:26:02] eps=6 rep=5/10: frame progress 40/100 (40.0%)
[2026-03-02 13:26:02] eps=6 rep=1/10: frame progress 40/100 (40.0%)
[2026-03-02 13:26:02] eps=6 rep=4/10: frame progress 40/100 (40.0%)
[2026-03-02 13:26:02] eps=6 rep=6/10: frame progress 40/100 (40.0%)
[2026-03-02 13:26:02] eps=6 rep=3/10: frame progress 40/100 (40.0%)
[2026-03-02 13:26:02] eps=6 rep=2/10: frame progress 40/100 (40.0%)
[2026-03-02 13:26:05] eps=3 rep=10/10: frame progress 50/100 (50.0%)
[2026-03-02 13:26:05] eps=3 rep=2/10: frame progress 50/100 (50.0%)
[2026-03-02 13:26:05] eps=3 rep=8/10: frame progress 50/100 (50.0%)
[2026-03-02 13:26:05] eps=3 rep=3/10: frame progress 50/100 (50.0%)
[2026-03-02 13:26:05] eps=3 rep=4/10: frame progress 50/100 (50.0%)
[2026-03-02 13:26:05] eps=3 rep=5/10: frame progress 50/100 (50.0%)
[2026-03-02 13:26:05] eps=3 rep=9/10: frame progress 50/100 (50.0%)
[2026-03-02 13:26:05] eps=3 rep=6/10: frame progress 50/100 (50.0%)
[2026-03-02 13:26:05] eps=3 rep=1/10: frame progress 50/100 (50.0%)
[2026-03-02 13:26:05] eps=3 rep=7/10: frame progress 50/100 (50.0%)
[2026-03-02 13:26:06] eps=6 rep=5/10: frame progress 50/100 (50.0%)
[2026-03-02 13:26:06] eps=6 rep=1/10: frame progress 50/100 (50.0%)
[2026-03-02 13:26:06] eps=6 rep=4/10: frame progress 50/100 (50.0%)
[2026-03-02 13:26:06] eps=6 rep=6/10: frame progress 50/100 (50.0%)
[2026-03-02 13:26:06] eps=6 rep=3/10: frame progress 50/100 (50.0%)
[2026-03-02 13:26:06] eps=6 rep=2/10: frame progress 50/100 (50.0%)
[2026-03-02 13:26:08] eps=3 rep=10/10: frame progress 60/100 (60.0%)
[2026-03-02 13:26:08] eps=3 rep=3/10: frame progress 60/100 (60.0%)
[2026-03-02 13:26:08] eps=3 rep=2/10: frame progress 60/100 (60.0%)
[2026-03-02 13:26:08] eps=3 rep=8/10: frame progress 60/100 (60.0%)
[2026-03-02 13:26:08] eps=3 rep=4/10: frame progress 60/100 (60.0%)
[2026-03-02 13:26:08] eps=3 rep=5/10: frame progress 60/100 (60.0%)
[2026-03-02 13:26:08] eps=3 rep=9/10: frame progress 60/100 (60.0%)
[2026-03-02 13:26:08] eps=3 rep=6/10: frame progress 60/100 (60.0%)
[2026-03-02 13:26:08] eps=3 rep=1/10: frame progress 60/100 (60.0%)
[2026-03-02 13:26:08] eps=3 rep=7/10: frame progress 60/100 (60.0%)
[2026-03-02 13:26:09] eps=6 rep=5/10: frame progress 60/100 (60.0%)
[2026-03-02 13:26:09] eps=6 rep=1/10: frame progress 60/100 (60.0%)
[2026-03-02 13:26:09] eps=6 rep=6/10: frame progress 60/100 (60.0%)
[2026-03-02 13:26:09] eps=6 rep=4/10: frame progress 60/100 (60.0%)
[2026-03-02 13:26:09] eps=6 rep=3/10: frame progress 60/100 (60.0%)
[2026-03-02 13:26:09] eps=6 rep=2/10: frame progress 60/100 (60.0%)
[2026-03-02 13:26:11] eps=3 rep=10/10: frame progress 70/100 (70.0%)
[2026-03-02 13:26:11] eps=3 rep=3/10: frame progress 70/100 (70.0%)
[2026-03-02 13:26:11] eps=3 rep=2/10: frame progress 70/100 (70.0%)
[2026-03-02 13:26:11] eps=3 rep=8/10: frame progress 70/100 (70.0%)
[2026-03-02 13:26:11] eps=3 rep=4/10: frame progress 70/100 (70.0%)
[2026-03-02 13:26:11] eps=3 rep=5/10: frame progress 70/100 (70.0%)
[2026-03-02 13:26:11] eps=3 rep=9/10: frame progress 70/100 (70.0%)
[2026-03-02 13:26:11] eps=3 rep=6/10: frame progress 70/100 (70.0%)
[2026-03-02 13:26:11] eps=3 rep=1/10: frame progress 70/100 (70.0%)
[2026-03-02 13:26:11] eps=3 rep=7/10: frame progress 70/100 (70.0%)
[2026-03-02 13:26:12] eps=6 rep=5/10: frame progress 70/100 (70.0%)
[2026-03-02 13:26:12] eps=6 rep=1/10: frame progress 70/100 (70.0%)
[2026-03-02 13:26:12] eps=6 rep=6/10: frame progress 70/100 (70.0%)
[2026-03-02 13:26:12] eps=6 rep=4/10: frame progress 70/100 (70.0%)
[2026-03-02 13:26:13] eps=6 rep=3/10: frame progress 70/100 (70.0%)
[2026-03-02 13:26:13] eps=6 rep=2/10: frame progress 70/100 (70.0%)
[2026-03-02 13:26:14] eps=3 rep=3/10: frame progress 80/100 (80.0%)
[2026-03-02 13:26:14] eps=3 rep=10/10: frame progress 80/100 (80.0%)
[2026-03-02 13:26:14] eps=3 rep=2/10: frame progress 80/100 (80.0%)
[2026-03-02 13:26:15] eps=3 rep=8/10: frame progress 80/100 (80.0%)
[2026-03-02 13:26:15] eps=3 rep=4/10: frame progress 80/100 (80.0%)
[2026-03-02 13:26:15] eps=3 rep=5/10: frame progress 80/100 (80.0%)
[2026-03-02 13:26:15] eps=3 rep=9/10: frame progress 80/100 (80.0%)
[2026-03-02 13:26:15] eps=3 rep=6/10: frame progress 80/100 (80.0%)
[2026-03-02 13:26:15] eps=3 rep=1/10: frame progress 80/100 (80.0%)
[2026-03-02 13:26:15] eps=3 rep=7/10: frame progress 80/100 (80.0%)
[2026-03-02 13:26:16] eps=6 rep=5/10: frame progress 80/100 (80.0%)
[2026-03-02 13:26:16] eps=6 rep=1/10: frame progress 80/100 (80.0%)
[2026-03-02 13:26:16] eps=6 rep=4/10: frame progress 80/100 (80.0%)
[2026-03-02 13:26:16] eps=6 rep=6/10: frame progress 80/100 (80.0%)
[2026-03-02 13:26:17] eps=6 rep=3/10: frame progress 80/100 (80.0%)
[2026-03-02 13:26:17] eps=6 rep=2/10: frame progress 80/100 (80.0%)
[2026-03-02 13:26:18] eps=3 rep=3/10: frame progress 90/100 (90.0%)
[2026-03-02 13:26:18] eps=3 rep=10/10: frame progress 90/100 (90.0%)
[2026-03-02 13:26:18] eps=3 rep=2/10: frame progress 90/100 (90.0%)
[2026-03-02 13:26:18] eps=3 rep=8/10: frame progress 90/100 (90.0%)
[2026-03-02 13:26:18] eps=3 rep=4/10: frame progress 90/100 (90.0%)
[2026-03-02 13:26:18] eps=3 rep=5/10: frame progress 90/100 (90.0%)
[2026-03-02 13:26:18] eps=3 rep=6/10: frame progress 90/100 (90.0%)
[2026-03-02 13:26:18] eps=3 rep=9/10: frame progress 90/100 (90.0%)
[2026-03-02 13:26:18] eps=3 rep=1/10: frame progress 90/100 (90.0%)
[2026-03-02 13:26:18] eps=3 rep=7/10: frame progress 90/100 (90.0%)
[2026-03-02 13:26:20] eps=6 rep=5/10: frame progress 90/100 (90.0%)
[2026-03-02 13:26:20] eps=6 rep=4/10: frame progress 90/100 (90.0%)
[2026-03-02 13:26:20] eps=6 rep=1/10: frame progress 90/100 (90.0%)
[2026-03-02 13:26:20] eps=6 rep=6/10: frame progress 90/100 (90.0%)
[2026-03-02 13:26:20] eps=6 rep=3/10: frame progress 90/100 (90.0%)
[2026-03-02 13:26:20] eps=6 rep=2/10: frame progress 90/100 (90.0%)
[2026-03-02 13:26:21] eps=3 rep=3/10: frame progress 100/100 (100.0%)
[2026-03-02 13:26:21] eps=3 rep=10/10: frame progress 100/100 (100.0%)
[2026-03-02 13:26:21] eps=3 rep=2/10: frame progress 100/100 (100.0%)
[2026-03-02 13:26:21] eps=3 rep=8/10: frame progress 100/100 (100.0%)
[2026-03-02 13:26:21] eps=3 rep=5/10: frame progress 100/100 (100.0%)
[2026-03-02 13:26:21] eps=3 rep=4/10: frame progress 100/100 (100.0%)
[2026-03-02 13:26:21] eps=3 rep=6/10: frame progress 100/100 (100.0%)
[2026-03-02 13:26:21] eps=3 rep=9/10: frame progress 100/100 (100.0%)
[2026-03-02 13:26:22] eps=3 rep=7/10: frame progress 100/100 (100.0%)
[2026-03-02 13:26:22] eps=3 rep=1/10: frame progress 100/100 (100.0%)
[2026-03-02 13:26:23] eps=6 rep=6/10: frame progress 100/100 (100.0%)
[2026-03-02 13:26:23] eps=6 rep=5/10: frame progress 100/100 (100.0%)
[2026-03-02 13:26:23] eps=6 rep=4/10: frame progress 100/100 (100.0%)
[2026-03-02 13:26:23] eps=6 rep=1/10: frame progress 100/100 (100.0%)
[2026-03-02 13:26:24] eps=6 rep=3/10: frame progress 100/100 (100.0%)
[2026-03-02 13:26:24] eps=6 rep=2/10: frame progress 100/100 (100.0%)
Traceback (most recent call last):
  File "/scratch/gpfs/WEBB/chertok/REACTIVELJ_PAPER/simulation_package/melt/analysis/analyze_trajectories.py", line 1604, in <module>
    main()
    ~~~~^^
  File "/scratch/gpfs/WEBB/chertok/REACTIVELJ_PAPER/simulation_package/melt/analysis/analyze_trajectories.py", line 1225, in main
    results = Parallel(n_jobs=n_jobs, backend="loky")(jobs)
  File "/home/mc7345/micromamba/envs/reactiveLJ_paper/lib/python3.14/site-packages/joblib/parallel.py", line 2072, in __call__
    return output if self.return_generator else list(output)
                                                ~~~~^^^^^^^^
  File "/home/mc7345/micromamba/envs/reactiveLJ_paper/lib/python3.14/site-packages/joblib/parallel.py", line 1682, in _get_outputs
    yield from self._retrieve()
  File "/home/mc7345/micromamba/envs/reactiveLJ_paper/lib/python3.14/site-packages/joblib/parallel.py", line 1784, in _retrieve
    self._raise_error_fast()
    ~~~~~~~~~~~~~~~~~~~~~~^^
  File "/home/mc7345/micromamba/envs/reactiveLJ_paper/lib/python3.14/site-packages/joblib/parallel.py", line 1859, in _raise_error_fast
    error_job.get_result(self.timeout)
    ~~~~~~~~~~~~~~~~~~~~^^^^^^^^^^^^^^
  File "/home/mc7345/micromamba/envs/reactiveLJ_paper/lib/python3.14/site-packages/joblib/parallel.py", line 758, in get_result
    return self._return_or_raise()
           ~~~~~~~~~~~~~~~~~~~~~^^
  File "/home/mc7345/micromamba/envs/reactiveLJ_paper/lib/python3.14/site-packages/joblib/parallel.py", line 773, in _return_or_raise
    raise self._result
joblib.externals.loky.process_executor.TerminatedWorkerError: A worker process managed by the executor was unexpectedly terminated. This could be caused by a segmentation fault while calling the function or by an excessive memory usage causing the Operating System to kill the worker.

The exit codes of the workers are {SIGKILL(-9)}
Detailed tracebacks of the workers should have been printed to stderr in the executor process if faulthandler was not disabled.
[2026-03-02T13:30:02.255] error: Detected 1 oom_kill event in StepId=2134174.batch. Some of the step tasks have been OOM Killed.
