[2026-03-02 15:47:07] Step 1/8: Purging modules
[2026-03-02 15:47:07] Step 2/8: Sourcing ~/.bashrc
[2026-03-02 15:47:08] Step 3/8: Loading anaconda module
[2026-03-02 15:47:08] Step 4/8: Activating conda environment
[2026-03-02 15:47:09] Step 5/8: Changing directory to /scratch/gpfs/WEBB/chertok/REACTIVELJ_PAPER/simulation_package/melt
[2026-03-02 15:47:09] Step 6/8: Ensuring logs directory exists
[2026-03-02 15:47:09] Step 7/8: Starting trajectory analysis
[2026-03-02 15:47:10] Scanning trajectories under /scratch/gpfs/WEBB/chertok/REACTIVELJ_PAPER/simulation_package/melt/data_generation/outputs
[2026-03-02 15:47:10] Discovered 59 trajectory/metadata pairs
[2026-03-02 15:47:10] Grouped runs into 6 epsilon values
[2026-03-02 15:47:10] Queueing epsilon group 1/6: eps=3, replicates=10
[2026-03-02 15:47:10] Queueing epsilon group 2/6: eps=6, replicates=10
[2026-03-02 15:47:10] Queueing epsilon group 3/6: eps=9, replicates=10
[2026-03-02 15:47:10] Queueing epsilon group 4/6: eps=12, replicates=9
[2026-03-02 15:47:10] Queueing epsilon group 5/6: eps=15, replicates=10
[2026-03-02 15:47:10] Queueing epsilon group 6/6: eps=18, replicates=10
[2026-03-02 15:47:10] Starting parallel analysis with 64 workers on 59 runs
[2026-03-02 15:47:11] eps=3 rep=1/10: start (eps_3/rep_004/trajectory.gsd)
[2026-03-02 15:47:11] eps=3 rep=2/10: start (eps_3/rep_003/trajectory.gsd)
[2026-03-02 15:47:11] eps=3 rep=3/10: start (eps_3/rep_007/trajectory.gsd)
[2026-03-02 15:47:11] eps=3 rep=5/10: start (eps_3/rep_005/trajectory.gsd)
[2026-03-02 15:47:11] eps=3 rep=4/10: start (eps_3/rep_006/trajectory.gsd)
[2026-03-02 15:47:11] eps=3 rep=6/10: start (eps_3/rep_010/trajectory.gsd)
[2026-03-02 15:47:11] eps=6 rep=3/10: start (eps_6/rep_007/trajectory.gsd)
[2026-03-02 15:47:11] eps=3 rep=7/10: start (eps_3/rep_009/trajectory.gsd)
[2026-03-02 15:47:11] eps=6 rep=6/10: start (eps_6/rep_010/trajectory.gsd)
[2026-03-02 15:47:11] eps=6 rep=4/10: start (eps_6/rep_006/trajectory.gsd)
[2026-03-02 15:47:11] eps=3 rep=9/10: start (eps_3/rep_002/trajectory.gsd)
[2026-03-02 15:47:11] eps=6 rep=5/10: start (eps_6/rep_005/trajectory.gsd)
[2026-03-02 15:47:11] eps=6 rep=1/10: start (eps_6/rep_004/trajectory.gsd)
[2026-03-02 15:47:11] eps=3 rep=8/10: start (eps_3/rep_008/trajectory.gsd)
[2026-03-02 15:47:11] eps=3 rep=10/10: start (eps_3/rep_001/trajectory.gsd)
[2026-03-02 15:47:11] eps=6 rep=7/10: start (eps_6/rep_009/trajectory.gsd)
[2026-03-02 15:47:11] eps=6 rep=10/10: start (eps_6/rep_001/trajectory.gsd)
[2026-03-02 15:47:11] eps=6 rep=2/10: start (eps_6/rep_003/trajectory.gsd)
[2026-03-02 15:47:11] eps=9 rep=1/10: start (eps_9/rep_004/trajectory.gsd)
[2026-03-02 15:47:11] eps=9 rep=4/10: start (eps_9/rep_006/trajectory.gsd)
[2026-03-02 15:47:11] eps=6 rep=8/10: start (eps_6/rep_008/trajectory.gsd)
[2026-03-02 15:47:11] eps=9 rep=8/10: start (eps_9/rep_008/trajectory.gsd)
[2026-03-02 15:47:11] eps=9 rep=2/10: start (eps_9/rep_003/trajectory.gsd)
[2026-03-02 15:47:11] eps=12 rep=1/9: start (eps_12/rep_004/trajectory.gsd)
[2026-03-02 15:47:11] eps=6 rep=9/10: start (eps_6/rep_002/trajectory.gsd)
[2026-03-02 15:47:11] eps=9 rep=10/10: start (eps_9/rep_001/trajectory.gsd)
[2026-03-02 15:47:11] eps=12 rep=3/9: start (eps_12/rep_007/trajectory.gsd)
[2026-03-02 15:47:11] eps=9 rep=3/10: start (eps_9/rep_007/trajectory.gsd)
[2026-03-02 15:47:11] eps=9 rep=5/10: start (eps_9/rep_005/trajectory.gsd)
[2026-03-02 15:47:11] eps=12 rep=9/9: start (eps_12/rep_001/trajectory.gsd)
[2026-03-02 15:47:11] eps=12 rep=7/9: start (eps_12/rep_009/trajectory.gsd)
[2026-03-02 15:47:11] eps=9 rep=6/10: start (eps_9/rep_010/trajectory.gsd)
[2026-03-02 15:47:11] eps=9 rep=7/10: start (eps_9/rep_009/trajectory.gsd)
[2026-03-02 15:47:11] eps=12 rep=4/9: start (eps_12/rep_006/trajectory.gsd)
[2026-03-02 15:47:11] eps=9 rep=9/10: start (eps_9/rep_002/trajectory.gsd)
[2026-03-02 15:47:11] eps=12 rep=2/9: start (eps_12/rep_003/trajectory.gsd)
[2026-03-02 15:47:11] eps=12 rep=8/9: start (eps_12/rep_002/trajectory.gsd)
[2026-03-02 15:47:11] eps=12 rep=6/9: start (eps_12/rep_010/trajectory.gsd)
[2026-03-02 15:47:11] eps=12 rep=5/9: start (eps_12/rep_005/trajectory.gsd)
[2026-03-02 15:47:11] eps=15 rep=1/10: start (eps_15/rep_004/trajectory.gsd)
[2026-03-02 15:47:11] eps=15 rep=4/10: start (eps_15/rep_006/trajectory.gsd)
[2026-03-02 15:47:11] eps=15 rep=3/10: start (eps_15/rep_007/trajectory.gsd)
[2026-03-02 15:47:11] eps=15 rep=7/10: start (eps_15/rep_009/trajectory.gsd)
[2026-03-02 15:47:11] eps=15 rep=2/10: start (eps_15/rep_003/trajectory.gsd)
[2026-03-02 15:47:11] eps=15 rep=8/10: start (eps_15/rep_008/trajectory.gsd)
[2026-03-02 15:47:11] eps=15 rep=5/10: start (eps_15/rep_005/trajectory.gsd)
[2026-03-02 15:47:11] eps=18 rep=4/10: start (eps_18/rep_006/trajectory.gsd)
[2026-03-02 15:47:11] eps=18 rep=1/10: start (eps_18/rep_004/trajectory.gsd)
[2026-03-02 15:47:11] eps=15 rep=9/10: start (eps_15/rep_002/trajectory.gsd)
[2026-03-02 15:47:11] eps=15 rep=6/10: start (eps_15/rep_010/trajectory.gsd)
[2026-03-02 15:47:11] eps=15 rep=10/10: start (eps_15/rep_001/trajectory.gsd)
[2026-03-02 15:47:11] eps=18 rep=2/10: start (eps_18/rep_003/trajectory.gsd)
[2026-03-02 15:47:11] eps=18 rep=3/10: start (eps_18/rep_007/trajectory.gsd)
[2026-03-02 15:47:11] eps=18 rep=5/10: start (eps_18/rep_005/trajectory.gsd)
[2026-03-02 15:47:11] eps=18 rep=8/10: start (eps_18/rep_008/trajectory.gsd)
[2026-03-02 15:47:11] eps=18 rep=9/10: start (eps_18/rep_002/trajectory.gsd)
[2026-03-02 15:47:11] eps=18 rep=7/10: start (eps_18/rep_009/trajectory.gsd)
[2026-03-02 15:47:11] eps=18 rep=6/10: start (eps_18/rep_010/trajectory.gsd)
[2026-03-02 15:47:11] eps=18 rep=10/10: start (eps_18/rep_001/trajectory.gsd)
[2026-03-02 15:47:14] eps=3 rep=2/10: frame progress 10/100 (10.0%)
[2026-03-02 15:47:14] eps=3 rep=4/10: frame progress 10/100 (10.0%)
[2026-03-02 15:47:14] eps=3 rep=1/10: frame progress 10/100 (10.0%)
[2026-03-02 15:47:14] eps=3 rep=7/10: frame progress 10/100 (10.0%)
[2026-03-02 15:47:14] eps=3 rep=6/10: frame progress 10/100 (10.0%)
[2026-03-02 15:47:14] eps=3 rep=5/10: frame progress 10/100 (10.0%)
[2026-03-02 15:47:14] eps=3 rep=3/10: frame progress 10/100 (10.0%)
[2026-03-02 15:47:14] eps=3 rep=9/10: frame progress 10/100 (10.0%)
[2026-03-02 15:47:14] eps=6 rep=5/10: frame progress 10/100 (10.0%)
[2026-03-02 15:47:14] eps=3 rep=8/10: frame progress 10/100 (10.0%)
[2026-03-02 15:47:14] eps=6 rep=2/10: frame progress 10/100 (10.0%)
[2026-03-02 15:47:14] eps=6 rep=1/10: frame progress 10/100 (10.0%)
[2026-03-02 15:47:14] eps=6 rep=8/10: frame progress 10/100 (10.0%)
[2026-03-02 15:47:14] eps=6 rep=7/10: frame progress 10/100 (10.0%)
[2026-03-02 15:47:14] eps=6 rep=3/10: frame progress 10/100 (10.0%)
[2026-03-02 15:47:14] eps=3 rep=10/10: frame progress 10/100 (10.0%)
[2026-03-02 15:47:14] eps=6 rep=10/10: frame progress 10/100 (10.0%)
[2026-03-02 15:47:14] eps=6 rep=9/10: frame progress 10/100 (10.0%)
[2026-03-02 15:47:14] eps=6 rep=6/10: frame progress 10/100 (10.0%)
[2026-03-02 15:47:14] eps=6 rep=4/10: frame progress 10/100 (10.0%)
[2026-03-02 15:47:14] eps=9 rep=2/10: frame progress 10/100 (10.0%)
[2026-03-02 15:47:14] eps=9 rep=1/10: frame progress 10/100 (10.0%)
[2026-03-02 15:47:14] eps=9 rep=4/10: frame progress 10/100 (10.0%)
[2026-03-02 15:47:14] eps=12 rep=1/9: frame progress 10/100 (10.0%)
[2026-03-02 15:47:14] eps=9 rep=6/10: frame progress 10/100 (10.0%)
[2026-03-02 15:47:14] eps=9 rep=7/10: frame progress 10/100 (10.0%)
[2026-03-02 15:47:14] eps=9 rep=8/10: frame progress 10/100 (10.0%)
[2026-03-02 15:47:14] eps=12 rep=9/9: frame progress 10/100 (10.0%)
[2026-03-02 15:47:14] eps=15 rep=8/10: frame progress 10/100 (10.0%)
[2026-03-02 15:47:14] eps=9 rep=3/10: frame progress 10/100 (10.0%)
[2026-03-02 15:47:14] eps=9 rep=9/10: frame progress 10/100 (10.0%)
[2026-03-02 15:47:14] eps=9 rep=5/10: frame progress 10/100 (10.0%)
[2026-03-02 15:47:14] eps=18 rep=2/10: frame progress 10/100 (10.0%)
[2026-03-02 15:47:14] eps=12 rep=5/9: frame progress 10/100 (10.0%)
[2026-03-02 15:47:14] eps=12 rep=2/9: frame progress 10/100 (10.0%)
[2026-03-02 15:47:14] eps=15 rep=2/10: frame progress 10/100 (10.0%)
[2026-03-02 15:47:14] eps=15 rep=4/10: frame progress 10/100 (10.0%)
[2026-03-02 15:47:14] eps=15 rep=9/10: frame progress 10/100 (10.0%)
[2026-03-02 15:47:14] eps=9 rep=10/10: frame progress 10/100 (10.0%)
[2026-03-02 15:47:14] eps=18 rep=4/10: frame progress 10/100 (10.0%)
[2026-03-02 15:47:14] eps=12 rep=8/9: frame progress 10/100 (10.0%)
[2026-03-02 15:47:14] eps=18 rep=10/10: frame progress 10/100 (10.0%)
[2026-03-02 15:47:14] eps=15 rep=3/10: frame progress 10/100 (10.0%)
[2026-03-02 15:47:14] eps=15 rep=5/10: frame progress 10/100 (10.0%)
[2026-03-02 15:47:14] eps=18 rep=9/10: frame progress 10/100 (10.0%)
[2026-03-02 15:47:14] eps=18 rep=3/10: frame progress 10/100 (10.0%)
[2026-03-02 15:47:14] eps=18 rep=1/10: frame progress 10/100 (10.0%)
[2026-03-02 15:47:14] eps=18 rep=7/10: frame progress 10/100 (10.0%)
[2026-03-02 15:47:14] eps=15 rep=7/10: frame progress 10/100 (10.0%)
[2026-03-02 15:47:14] eps=15 rep=10/10: frame progress 10/100 (10.0%)
[2026-03-02 15:47:14] eps=12 rep=4/9: frame progress 10/100 (10.0%)
[2026-03-02 15:47:14] eps=12 rep=6/9: frame progress 10/100 (10.0%)
[2026-03-02 15:47:14] eps=12 rep=7/9: frame progress 10/100 (10.0%)
[2026-03-02 15:47:14] eps=18 rep=8/10: frame progress 10/100 (10.0%)
[2026-03-02 15:47:14] eps=18 rep=5/10: frame progress 10/100 (10.0%)
[2026-03-02 15:47:14] eps=18 rep=6/10: frame progress 10/100 (10.0%)
[2026-03-02 15:47:14] eps=15 rep=1/10: frame progress 10/100 (10.0%)
[2026-03-02 15:47:14] eps=15 rep=6/10: frame progress 10/100 (10.0%)
[2026-03-02 15:47:14] eps=12 rep=3/9: frame progress 10/100 (10.0%)
[2026-03-02 15:47:17] eps=3 rep=8/10: frame progress 20/100 (20.0%)
[2026-03-02 15:47:17] eps=3 rep=1/10: frame progress 20/100 (20.0%)
[2026-03-02 15:47:17] eps=3 rep=9/10: frame progress 20/100 (20.0%)
[2026-03-02 15:47:17] eps=3 rep=7/10: frame progress 20/100 (20.0%)
[2026-03-02 15:47:17] eps=3 rep=6/10: frame progress 20/100 (20.0%)
[2026-03-02 15:47:17] eps=3 rep=2/10: frame progress 20/100 (20.0%)
[2026-03-02 15:47:17] eps=3 rep=3/10: frame progress 20/100 (20.0%)
[2026-03-02 15:47:17] eps=3 rep=4/10: frame progress 20/100 (20.0%)
[2026-03-02 15:47:17] eps=9 rep=5/10: frame progress 20/100 (20.0%)
[2026-03-02 15:47:17] eps=3 rep=5/10: frame progress 20/100 (20.0%)
[2026-03-02 15:47:17] eps=6 rep=6/10: frame progress 20/100 (20.0%)
[2026-03-02 15:47:17] eps=9 rep=7/10: frame progress 20/100 (20.0%)
[2026-03-02 15:47:17] eps=6 rep=3/10: frame progress 20/100 (20.0%)
[2026-03-02 15:47:17] eps=9 rep=10/10: frame progress 20/100 (20.0%)
[2026-03-02 15:47:17] eps=6 rep=8/10: frame progress 20/100 (20.0%)
[2026-03-02 15:47:17] eps=6 rep=1/10: frame progress 20/100 (20.0%)
[2026-03-02 15:47:17] eps=15 rep=3/10: frame progress 20/100 (20.0%)
[2026-03-02 15:47:17] eps=6 rep=10/10: frame progress 20/100 (20.0%)
[2026-03-02 15:47:17] eps=6 rep=7/10: frame progress 20/100 (20.0%)
[2026-03-02 15:47:17] eps=6 rep=2/10: frame progress 20/100 (20.0%)
[2026-03-02 15:47:18] eps=12 rep=7/9: frame progress 20/100 (20.0%)
[2026-03-02 15:47:18] eps=15 rep=10/10: frame progress 20/100 (20.0%)
[2026-03-02 15:47:18] eps=12 rep=5/9: frame progress 20/100 (20.0%)
[2026-03-02 15:47:18] eps=18 rep=2/10: frame progress 20/100 (20.0%)
[2026-03-02 15:47:18] eps=12 rep=8/9: frame progress 20/100 (20.0%)
[2026-03-02 15:47:18] eps=9 rep=1/10: frame progress 20/100 (20.0%)
[2026-03-02 15:47:18] eps=9 rep=6/10: frame progress 20/100 (20.0%)
[2026-03-02 15:47:18] eps=18 rep=9/10: frame progress 20/100 (20.0%)
[2026-03-02 15:47:18] eps=9 rep=3/10: frame progress 20/100 (20.0%)
[2026-03-02 15:47:18] eps=6 rep=5/10: frame progress 20/100 (20.0%)
[2026-03-02 15:47:18] eps=15 rep=2/10: frame progress 20/100 (20.0%)
[2026-03-02 15:47:18] eps=12 rep=2/9: frame progress 20/100 (20.0%)
[2026-03-02 15:47:18] eps=15 rep=4/10: frame progress 20/100 (20.0%)
[2026-03-02 15:47:18] eps=18 rep=7/10: frame progress 20/100 (20.0%)
[2026-03-02 15:47:18] eps=9 rep=9/10: frame progress 20/100 (20.0%)
[2026-03-02 15:47:18] eps=6 rep=4/10: frame progress 20/100 (20.0%)
[2026-03-02 15:47:18] eps=15 rep=1/10: frame progress 20/100 (20.0%)
[2026-03-02 15:47:18] eps=3 rep=10/10: frame progress 20/100 (20.0%)
[2026-03-02 15:47:18] eps=6 rep=9/10: frame progress 20/100 (20.0%)
[2026-03-02 15:47:18] eps=15 rep=8/10: frame progress 20/100 (20.0%)
[2026-03-02 15:47:18] eps=18 rep=4/10: frame progress 20/100 (20.0%)
[2026-03-02 15:47:18] eps=18 rep=1/10: frame progress 20/100 (20.0%)
[2026-03-02 15:47:18] eps=18 rep=8/10: frame progress 20/100 (20.0%)
[2026-03-02 15:47:18] eps=9 rep=4/10: frame progress 20/100 (20.0%)
[2026-03-02 15:47:18] eps=12 rep=9/9: frame progress 20/100 (20.0%)
[2026-03-02 15:47:18] eps=15 rep=5/10: frame progress 20/100 (20.0%)
[2026-03-02 15:47:18] eps=12 rep=4/9: frame progress 20/100 (20.0%)
[2026-03-02 15:47:18] eps=9 rep=8/10: frame progress 20/100 (20.0%)
[2026-03-02 15:47:18] eps=12 rep=1/9: frame progress 20/100 (20.0%)
[2026-03-02 15:47:18] eps=12 rep=6/9: frame progress 20/100 (20.0%)
[2026-03-02 15:47:18] eps=15 rep=9/10: frame progress 20/100 (20.0%)
[2026-03-02 15:47:18] eps=9 rep=2/10: frame progress 20/100 (20.0%)
[2026-03-02 15:47:18] eps=15 rep=7/10: frame progress 20/100 (20.0%)
[2026-03-02 15:47:18] eps=15 rep=6/10: frame progress 20/100 (20.0%)
[2026-03-02 15:47:18] eps=12 rep=3/9: frame progress 20/100 (20.0%)
[2026-03-02 15:47:18] eps=18 rep=6/10: frame progress 20/100 (20.0%)
[2026-03-02 15:47:18] eps=18 rep=3/10: frame progress 20/100 (20.0%)
[2026-03-02 15:47:18] eps=18 rep=5/10: frame progress 20/100 (20.0%)
[2026-03-02 15:47:18] eps=18 rep=10/10: frame progress 20/100 (20.0%)
[2026-03-02 15:47:20] eps=3 rep=8/10: frame progress 30/100 (30.0%)
[2026-03-02 15:47:20] eps=3 rep=1/10: frame progress 30/100 (30.0%)
[2026-03-02 15:47:20] eps=3 rep=7/10: frame progress 30/100 (30.0%)
[2026-03-02 15:47:20] eps=3 rep=9/10: frame progress 30/100 (30.0%)
[2026-03-02 15:47:20] eps=3 rep=6/10: frame progress 30/100 (30.0%)
[2026-03-02 15:47:20] eps=3 rep=2/10: frame progress 30/100 (30.0%)
[2026-03-02 15:47:20] eps=3 rep=4/10: frame progress 30/100 (30.0%)
[2026-03-02 15:47:20] eps=3 rep=3/10: frame progress 30/100 (30.0%)
[2026-03-02 15:47:20] eps=3 rep=5/10: frame progress 30/100 (30.0%)
[2026-03-02 15:47:20] eps=6 rep=1/10: frame progress 30/100 (30.0%)
[2026-03-02 15:47:20] eps=6 rep=3/10: frame progress 30/100 (30.0%)
[2026-03-02 15:47:20] eps=6 rep=8/10: frame progress 30/100 (30.0%)
[2026-03-02 15:47:20] eps=6 rep=7/10: frame progress 30/100 (30.0%)
[2026-03-02 15:47:20] eps=6 rep=10/10: frame progress 30/100 (30.0%)
[2026-03-02 15:47:20] eps=6 rep=2/10: frame progress 30/100 (30.0%)
[2026-03-02 15:47:20] eps=6 rep=6/10: frame progress 30/100 (30.0%)
[2026-03-02 15:47:20] eps=9 rep=5/10: frame progress 30/100 (30.0%)
[2026-03-02 15:47:20] eps=9 rep=7/10: frame progress 30/100 (30.0%)
[2026-03-02 15:47:20] eps=6 rep=5/10: frame progress 30/100 (30.0%)
[2026-03-02 15:47:20] eps=3 rep=10/10: frame progress 30/100 (30.0%)
[2026-03-02 15:47:20] eps=9 rep=10/10: frame progress 30/100 (30.0%)
[2026-03-02 15:47:21] eps=9 rep=1/10: frame progress 30/100 (30.0%)
[2026-03-02 15:47:21] eps=9 rep=6/10: frame progress 30/100 (30.0%)
[2026-03-02 15:47:21] eps=6 rep=9/10: frame progress 30/100 (30.0%)
[2026-03-02 15:47:21] eps=6 rep=4/10: frame progress 30/100 (30.0%)
[2026-03-02 15:47:21] eps=9 rep=3/10: frame progress 30/100 (30.0%)
[2026-03-02 15:47:21] eps=12 rep=5/9: frame progress 30/100 (30.0%)
[2026-03-02 15:47:21] eps=15 rep=3/10: frame progress 30/100 (30.0%)
[2026-03-02 15:47:21] eps=12 rep=7/9: frame progress 30/100 (30.0%)
[2026-03-02 15:47:21] eps=9 rep=9/10: frame progress 30/100 (30.0%)
[2026-03-02 15:47:21] eps=12 rep=8/9: frame progress 30/100 (30.0%)
[2026-03-02 15:47:21] eps=18 rep=2/10: frame progress 30/100 (30.0%)
[2026-03-02 15:47:21] eps=15 rep=10/10: frame progress 30/100 (30.0%)
[2026-03-02 15:47:21] eps=12 rep=2/9: frame progress 30/100 (30.0%)
[2026-03-02 15:47:21] eps=18 rep=9/10: frame progress 30/100 (30.0%)
[2026-03-02 15:47:21] eps=9 rep=4/10: frame progress 30/100 (30.0%)
[2026-03-02 15:47:21] eps=15 rep=2/10: frame progress 30/100 (30.0%)
[2026-03-02 15:47:21] eps=15 rep=4/10: frame progress 30/100 (30.0%)
[2026-03-02 15:47:21] eps=18 rep=7/10: frame progress 30/100 (30.0%)
[2026-03-02 15:47:21] eps=15 rep=8/10: frame progress 30/100 (30.0%)
[2026-03-02 15:47:21] eps=9 rep=8/10: frame progress 30/100 (30.0%)
[2026-03-02 15:47:21] eps=18 rep=4/10: frame progress 30/100 (30.0%)
[2026-03-02 15:47:21] eps=12 rep=9/9: frame progress 30/100 (30.0%)
[2026-03-02 15:47:21] eps=15 rep=1/10: frame progress 30/100 (30.0%)
[2026-03-02 15:47:21] eps=9 rep=2/10: frame progress 30/100 (30.0%)
[2026-03-02 15:47:21] eps=18 rep=1/10: frame progress 30/100 (30.0%)
[2026-03-02 15:47:21] eps=12 rep=4/9: frame progress 30/100 (30.0%)
[2026-03-02 15:47:21] eps=18 rep=8/10: frame progress 30/100 (30.0%)
[2026-03-02 15:47:21] eps=15 rep=5/10: frame progress 30/100 (30.0%)
[2026-03-02 15:47:21] eps=12 rep=1/9: frame progress 30/100 (30.0%)
[2026-03-02 15:47:21] eps=12 rep=6/9: frame progress 30/100 (30.0%)
[2026-03-02 15:47:21] eps=15 rep=9/10: frame progress 30/100 (30.0%)
[2026-03-02 15:47:21] eps=12 rep=3/9: frame progress 30/100 (30.0%)
[2026-03-02 15:47:21] eps=15 rep=7/10: frame progress 30/100 (30.0%)
[2026-03-02 15:47:21] eps=18 rep=3/10: frame progress 30/100 (30.0%)
[2026-03-02 15:47:21] eps=15 rep=6/10: frame progress 30/100 (30.0%)
[2026-03-02 15:47:21] eps=18 rep=6/10: frame progress 30/100 (30.0%)
[2026-03-02 15:47:21] eps=18 rep=5/10: frame progress 30/100 (30.0%)
[2026-03-02 15:47:21] eps=18 rep=10/10: frame progress 30/100 (30.0%)
[2026-03-02 15:47:23] eps=3 rep=1/10: frame progress 40/100 (40.0%)
[2026-03-02 15:47:23] eps=3 rep=8/10: frame progress 40/100 (40.0%)
[2026-03-02 15:47:23] eps=3 rep=7/10: frame progress 40/100 (40.0%)
[2026-03-02 15:47:23] eps=3 rep=9/10: frame progress 40/100 (40.0%)
[2026-03-02 15:47:23] eps=3 rep=2/10: frame progress 40/100 (40.0%)
[2026-03-02 15:47:23] eps=3 rep=6/10: frame progress 40/100 (40.0%)
[2026-03-02 15:47:23] eps=3 rep=4/10: frame progress 40/100 (40.0%)
[2026-03-02 15:47:23] eps=3 rep=5/10: frame progress 40/100 (40.0%)
[2026-03-02 15:47:23] eps=3 rep=3/10: frame progress 40/100 (40.0%)
[2026-03-02 15:47:23] eps=6 rep=7/10: frame progress 40/100 (40.0%)
[2026-03-02 15:47:23] eps=6 rep=10/10: frame progress 40/100 (40.0%)
[2026-03-02 15:47:23] eps=6 rep=8/10: frame progress 40/100 (40.0%)
[2026-03-02 15:47:23] eps=6 rep=1/10: frame progress 40/100 (40.0%)
[2026-03-02 15:47:23] eps=6 rep=2/10: frame progress 40/100 (40.0%)
[2026-03-02 15:47:23] eps=6 rep=3/10: frame progress 40/100 (40.0%)
[2026-03-02 15:47:23] eps=3 rep=10/10: frame progress 40/100 (40.0%)
[2026-03-02 15:47:23] eps=6 rep=6/10: frame progress 40/100 (40.0%)
[2026-03-02 15:47:23] eps=6 rep=5/10: frame progress 40/100 (40.0%)
[2026-03-02 15:47:23] eps=6 rep=9/10: frame progress 40/100 (40.0%)
[2026-03-02 15:47:23] eps=9 rep=7/10: frame progress 40/100 (40.0%)
[2026-03-02 15:47:24] eps=9 rep=5/10: frame progress 40/100 (40.0%)
[2026-03-02 15:47:24] eps=6 rep=4/10: frame progress 40/100 (40.0%)
[2026-03-02 15:47:24] eps=9 rep=10/10: frame progress 40/100 (40.0%)
[2026-03-02 15:47:24] eps=9 rep=6/10: frame progress 40/100 (40.0%)
[2026-03-02 15:47:24] eps=9 rep=1/10: frame progress 40/100 (40.0%)
[2026-03-02 15:47:24] eps=9 rep=3/10: frame progress 40/100 (40.0%)
[2026-03-02 15:47:24] eps=9 rep=9/10: frame progress 40/100 (40.0%)
[2026-03-02 15:47:24] eps=9 rep=4/10: frame progress 40/100 (40.0%)
[2026-03-02 15:47:24] eps=12 rep=5/9: frame progress 40/100 (40.0%)
[2026-03-02 15:47:24] eps=12 rep=7/9: frame progress 40/100 (40.0%)
[2026-03-02 15:47:24] eps=12 rep=8/9: frame progress 40/100 (40.0%)
[2026-03-02 15:47:24] eps=15 rep=3/10: frame progress 40/100 (40.0%)
[2026-03-02 15:47:24] eps=9 rep=8/10: frame progress 40/100 (40.0%)
[2026-03-02 15:47:24] eps=12 rep=2/9: frame progress 40/100 (40.0%)
[2026-03-02 15:47:24] eps=9 rep=2/10: frame progress 40/100 (40.0%)
[2026-03-02 15:47:24] eps=18 rep=2/10: frame progress 40/100 (40.0%)
[2026-03-02 15:47:24] eps=15 rep=10/10: frame progress 40/100 (40.0%)
[2026-03-02 15:47:24] eps=18 rep=9/10: frame progress 40/100 (40.0%)
[2026-03-02 15:47:24] eps=18 rep=7/10: frame progress 40/100 (40.0%)
[2026-03-02 15:47:24] eps=15 rep=8/10: frame progress 40/100 (40.0%)
[2026-03-02 15:47:24] eps=15 rep=4/10: frame progress 40/100 (40.0%)
[2026-03-02 15:47:24] eps=15 rep=2/10: frame progress 40/100 (40.0%)
[2026-03-02 15:47:24] eps=12 rep=9/9: frame progress 40/100 (40.0%)
[2026-03-02 15:47:24] eps=18 rep=4/10: frame progress 40/100 (40.0%)
[2026-03-02 15:47:24] eps=12 rep=4/9: frame progress 40/100 (40.0%)
[2026-03-02 15:47:24] eps=18 rep=1/10: frame progress 40/100 (40.0%)
[2026-03-02 15:47:24] eps=15 rep=1/10: frame progress 40/100 (40.0%)
[2026-03-02 15:47:24] eps=18 rep=8/10: frame progress 40/100 (40.0%)
[2026-03-02 15:47:24] eps=12 rep=1/9: frame progress 40/100 (40.0%)
[2026-03-02 15:47:24] eps=15 rep=5/10: frame progress 40/100 (40.0%)
[2026-03-02 15:47:24] eps=12 rep=6/9: frame progress 40/100 (40.0%)
[2026-03-02 15:47:24] eps=15 rep=9/10: frame progress 40/100 (40.0%)
[2026-03-02 15:47:24] eps=12 rep=3/9: frame progress 40/100 (40.0%)
[2026-03-02 15:47:24] eps=18 rep=3/10: frame progress 40/100 (40.0%)
[2026-03-02 15:47:24] eps=15 rep=7/10: frame progress 40/100 (40.0%)
[2026-03-02 15:47:24] eps=15 rep=6/10: frame progress 40/100 (40.0%)
[2026-03-02 15:47:24] eps=18 rep=5/10: frame progress 40/100 (40.0%)
[2026-03-02 15:47:24] eps=18 rep=6/10: frame progress 40/100 (40.0%)
[2026-03-02 15:47:25] eps=18 rep=10/10: frame progress 40/100 (40.0%)
[2026-03-02 15:47:25] eps=3 rep=1/10: frame progress 50/100 (50.0%)
[2026-03-02 15:47:25] eps=3 rep=8/10: frame progress 50/100 (50.0%)
[2026-03-02 15:47:25] eps=3 rep=7/10: frame progress 50/100 (50.0%)
[2026-03-02 15:47:26] eps=3 rep=9/10: frame progress 50/100 (50.0%)
[2026-03-02 15:47:26] eps=3 rep=2/10: frame progress 50/100 (50.0%)
[2026-03-02 15:47:26] eps=3 rep=6/10: frame progress 50/100 (50.0%)
[2026-03-02 15:47:26] eps=3 rep=4/10: frame progress 50/100 (50.0%)
[2026-03-02 15:47:26] eps=3 rep=5/10: frame progress 50/100 (50.0%)
[2026-03-02 15:47:26] eps=3 rep=3/10: frame progress 50/100 (50.0%)
[2026-03-02 15:47:26] eps=3 rep=10/10: frame progress 50/100 (50.0%)
[2026-03-02 15:47:26] eps=6 rep=7/10: frame progress 50/100 (50.0%)
[2026-03-02 15:47:26] eps=6 rep=2/10: frame progress 50/100 (50.0%)
[2026-03-02 15:47:26] eps=6 rep=1/10: frame progress 50/100 (50.0%)
[2026-03-02 15:47:26] eps=6 rep=10/10: frame progress 50/100 (50.0%)
[2026-03-02 15:47:26] eps=6 rep=8/10: frame progress 50/100 (50.0%)
[2026-03-02 15:47:26] eps=6 rep=3/10: frame progress 50/100 (50.0%)
[2026-03-02 15:47:26] eps=6 rep=5/10: frame progress 50/100 (50.0%)
[2026-03-02 15:47:26] eps=6 rep=6/10: frame progress 50/100 (50.0%)
[2026-03-02 15:47:26] eps=6 rep=9/10: frame progress 50/100 (50.0%)
[2026-03-02 15:47:26] eps=6 rep=4/10: frame progress 50/100 (50.0%)
[2026-03-02 15:47:27] eps=9 rep=7/10: frame progress 50/100 (50.0%)
[2026-03-02 15:47:27] eps=9 rep=5/10: frame progress 50/100 (50.0%)
[2026-03-02 15:47:27] eps=9 rep=10/10: frame progress 50/100 (50.0%)
[2026-03-02 15:47:27] eps=9 rep=1/10: frame progress 50/100 (50.0%)
[2026-03-02 15:47:27] eps=9 rep=6/10: frame progress 50/100 (50.0%)
[2026-03-02 15:47:27] eps=9 rep=3/10: frame progress 50/100 (50.0%)
[2026-03-02 15:47:27] eps=9 rep=9/10: frame progress 50/100 (50.0%)
[2026-03-02 15:47:27] eps=9 rep=4/10: frame progress 50/100 (50.0%)
[2026-03-02 15:47:27] eps=9 rep=8/10: frame progress 50/100 (50.0%)
[2026-03-02 15:47:27] eps=9 rep=2/10: frame progress 50/100 (50.0%)
[2026-03-02 15:47:27] eps=12 rep=5/9: frame progress 50/100 (50.0%)
[2026-03-02 15:47:27] eps=12 rep=7/9: frame progress 50/100 (50.0%)
[2026-03-02 15:47:27] eps=12 rep=8/9: frame progress 50/100 (50.0%)
[2026-03-02 15:47:27] eps=12 rep=2/9: frame progress 50/100 (50.0%)
[2026-03-02 15:47:27] eps=15 rep=3/10: frame progress 50/100 (50.0%)
[2026-03-02 15:47:27] eps=18 rep=2/10: frame progress 50/100 (50.0%)
[2026-03-02 15:47:27] eps=15 rep=10/10: frame progress 50/100 (50.0%)
[2026-03-02 15:47:27] eps=18 rep=9/10: frame progress 50/100 (50.0%)
[2026-03-02 15:47:27] eps=15 rep=8/10: frame progress 50/100 (50.0%)
[2026-03-02 15:47:27] eps=12 rep=9/9: frame progress 50/100 (50.0%)
[2026-03-02 15:47:27] eps=18 rep=7/10: frame progress 50/100 (50.0%)
[2026-03-02 15:47:27] eps=12 rep=4/9: frame progress 50/100 (50.0%)
[2026-03-02 15:47:28] eps=15 rep=4/10: frame progress 50/100 (50.0%)
[2026-03-02 15:47:28] eps=15 rep=2/10: frame progress 50/100 (50.0%)
[2026-03-02 15:47:28] eps=18 rep=4/10: frame progress 50/100 (50.0%)
[2026-03-02 15:47:28] eps=18 rep=1/10: frame progress 50/100 (50.0%)
[2026-03-02 15:47:28] eps=12 rep=1/9: frame progress 50/100 (50.0%)
[2026-03-02 15:47:28] eps=18 rep=8/10: frame progress 50/100 (50.0%)
[2026-03-02 15:47:28] eps=15 rep=1/10: frame progress 50/100 (50.0%)
[2026-03-02 15:47:28] eps=15 rep=5/10: frame progress 50/100 (50.0%)
[2026-03-02 15:47:28] eps=12 rep=6/9: frame progress 50/100 (50.0%)
[2026-03-02 15:47:28] eps=12 rep=3/9: frame progress 50/100 (50.0%)
[2026-03-02 15:47:28] eps=15 rep=9/10: frame progress 50/100 (50.0%)
[2026-03-02 15:47:28] eps=18 rep=3/10: frame progress 50/100 (50.0%)
[2026-03-02 15:47:28] eps=15 rep=7/10: frame progress 50/100 (50.0%)
[2026-03-02 15:47:28] eps=18 rep=5/10: frame progress 50/100 (50.0%)
[2026-03-02 15:47:28] eps=15 rep=6/10: frame progress 50/100 (50.0%)
[2026-03-02 15:47:28] eps=18 rep=6/10: frame progress 50/100 (50.0%)
[2026-03-02 15:47:28] eps=18 rep=10/10: frame progress 50/100 (50.0%)
[2026-03-02 15:47:28] eps=3 rep=1/10: frame progress 60/100 (60.0%)
[2026-03-02 15:47:28] eps=3 rep=7/10: frame progress 60/100 (60.0%)
[2026-03-02 15:47:28] eps=3 rep=8/10: frame progress 60/100 (60.0%)
[2026-03-02 15:47:28] eps=3 rep=9/10: frame progress 60/100 (60.0%)
[2026-03-02 15:47:29] eps=3 rep=2/10: frame progress 60/100 (60.0%)
[2026-03-02 15:47:29] eps=3 rep=6/10: frame progress 60/100 (60.0%)
[2026-03-02 15:47:29] eps=3 rep=4/10: frame progress 60/100 (60.0%)
[2026-03-02 15:47:29] eps=3 rep=5/10: frame progress 60/100 (60.0%)
[2026-03-02 15:47:29] eps=3 rep=3/10: frame progress 60/100 (60.0%)
[2026-03-02 15:47:29] eps=3 rep=10/10: frame progress 60/100 (60.0%)
[2026-03-02 15:47:29] eps=6 rep=7/10: frame progress 60/100 (60.0%)
[2026-03-02 15:47:29] eps=6 rep=2/10: frame progress 60/100 (60.0%)
[2026-03-02 15:47:29] eps=6 rep=1/10: frame progress 60/100 (60.0%)
[2026-03-02 15:47:29] eps=6 rep=10/10: frame progress 60/100 (60.0%)
[2026-03-02 15:47:29] eps=6 rep=8/10: frame progress 60/100 (60.0%)
[2026-03-02 15:47:29] eps=6 rep=3/10: frame progress 60/100 (60.0%)
[2026-03-02 15:47:29] eps=6 rep=5/10: frame progress 60/100 (60.0%)
[2026-03-02 15:47:29] eps=6 rep=6/10: frame progress 60/100 (60.0%)
[2026-03-02 15:47:29] eps=6 rep=9/10: frame progress 60/100 (60.0%)
[2026-03-02 15:47:30] eps=6 rep=4/10: frame progress 60/100 (60.0%)
[2026-03-02 15:47:30] eps=9 rep=7/10: frame progress 60/100 (60.0%)
[2026-03-02 15:47:30] eps=9 rep=5/10: frame progress 60/100 (60.0%)
[2026-03-02 15:47:30] eps=9 rep=6/10: frame progress 60/100 (60.0%)
[2026-03-02 15:47:30] eps=9 rep=1/10: frame progress 60/100 (60.0%)
[2026-03-02 15:47:30] eps=9 rep=10/10: frame progress 60/100 (60.0%)
[2026-03-02 15:47:30] eps=9 rep=3/10: frame progress 60/100 (60.0%)
[2026-03-02 15:47:30] eps=9 rep=4/10: frame progress 60/100 (60.0%)
[2026-03-02 15:47:30] eps=9 rep=9/10: frame progress 60/100 (60.0%)
[2026-03-02 15:47:30] eps=9 rep=2/10: frame progress 60/100 (60.0%)
[2026-03-02 15:47:30] eps=9 rep=8/10: frame progress 60/100 (60.0%)
[2026-03-02 15:47:31] eps=12 rep=5/9: frame progress 60/100 (60.0%)
[2026-03-02 15:47:31] eps=12 rep=2/9: frame progress 60/100 (60.0%)
[2026-03-02 15:47:31] eps=12 rep=8/9: frame progress 60/100 (60.0%)
[2026-03-02 15:47:31] eps=12 rep=7/9: frame progress 60/100 (60.0%)
[2026-03-02 15:47:31] eps=18 rep=2/10: frame progress 60/100 (60.0%)
[2026-03-02 15:47:31] eps=15 rep=3/10: frame progress 60/100 (60.0%)
[2026-03-02 15:47:31] eps=15 rep=10/10: frame progress 60/100 (60.0%)
[2026-03-02 15:47:31] eps=18 rep=9/10: frame progress 60/100 (60.0%)
[2026-03-02 15:47:31] eps=12 rep=9/9: frame progress 60/100 (60.0%)
[2026-03-02 15:47:31] eps=12 rep=4/9: frame progress 60/100 (60.0%)
[2026-03-02 15:47:31] eps=15 rep=8/10: frame progress 60/100 (60.0%)
[2026-03-02 15:47:31] eps=18 rep=7/10: frame progress 60/100 (60.0%)
[2026-03-02 15:47:31] eps=12 rep=1/9: frame progress 60/100 (60.0%)
[2026-03-02 15:47:31] eps=3 rep=1/10: frame progress 70/100 (70.0%)
[2026-03-02 15:47:31] eps=3 rep=7/10: frame progress 70/100 (70.0%)
[2026-03-02 15:47:31] eps=15 rep=4/10: frame progress 60/100 (60.0%)
[2026-03-02 15:47:31] eps=18 rep=4/10: frame progress 60/100 (60.0%)
[2026-03-02 15:47:31] eps=18 rep=1/10: frame progress 60/100 (60.0%)
[2026-03-02 15:47:31] eps=15 rep=2/10: frame progress 60/100 (60.0%)
[2026-03-02 15:47:31] eps=12 rep=6/9: frame progress 60/100 (60.0%)
[2026-03-02 15:47:31] eps=12 rep=3/9: frame progress 60/100 (60.0%)
[2026-03-02 15:47:31] eps=3 rep=8/10: frame progress 70/100 (70.0%)
[2026-03-02 15:47:31] eps=3 rep=9/10: frame progress 70/100 (70.0%)
[2026-03-02 15:47:31] eps=18 rep=8/10: frame progress 60/100 (60.0%)
[2026-03-02 15:47:31] eps=15 rep=5/10: frame progress 60/100 (60.0%)
[2026-03-02 15:47:31] eps=15 rep=1/10: frame progress 60/100 (60.0%)
[2026-03-02 15:47:31] eps=15 rep=9/10: frame progress 60/100 (60.0%)
[2026-03-02 15:47:31] eps=18 rep=3/10: frame progress 60/100 (60.0%)
[2026-03-02 15:47:31] eps=3 rep=2/10: frame progress 70/100 (70.0%)
[2026-03-02 15:47:31] eps=15 rep=7/10: frame progress 60/100 (60.0%)
[2026-03-02 15:47:31] eps=18 rep=5/10: frame progress 60/100 (60.0%)
[2026-03-02 15:47:31] eps=3 rep=4/10: frame progress 70/100 (70.0%)
[2026-03-02 15:47:31] eps=3 rep=6/10: frame progress 70/100 (70.0%)
[2026-03-02 15:47:31] eps=18 rep=6/10: frame progress 60/100 (60.0%)
[2026-03-02 15:47:31] eps=15 rep=6/10: frame progress 60/100 (60.0%)
[2026-03-02 15:47:31] eps=3 rep=5/10: frame progress 70/100 (70.0%)
[2026-03-02 15:47:32] eps=3 rep=3/10: frame progress 70/100 (70.0%)
[2026-03-02 15:47:32] eps=18 rep=10/10: frame progress 60/100 (60.0%)
[2026-03-02 15:47:32] eps=3 rep=10/10: frame progress 70/100 (70.0%)
[2026-03-02 15:47:32] eps=6 rep=7/10: frame progress 70/100 (70.0%)
[2026-03-02 15:47:32] eps=6 rep=2/10: frame progress 70/100 (70.0%)
[2026-03-02 15:47:32] eps=6 rep=1/10: frame progress 70/100 (70.0%)
[2026-03-02 15:47:32] eps=6 rep=10/10: frame progress 70/100 (70.0%)
[2026-03-02 15:47:32] eps=6 rep=8/10: frame progress 70/100 (70.0%)
[2026-03-02 15:47:32] eps=6 rep=3/10: frame progress 70/100 (70.0%)
[2026-03-02 15:47:32] eps=6 rep=5/10: frame progress 70/100 (70.0%)
[2026-03-02 15:47:32] eps=6 rep=6/10: frame progress 70/100 (70.0%)
[2026-03-02 15:47:32] eps=6 rep=9/10: frame progress 70/100 (70.0%)
[2026-03-02 15:47:33] eps=6 rep=4/10: frame progress 70/100 (70.0%)
[2026-03-02 15:47:33] eps=9 rep=7/10: frame progress 70/100 (70.0%)
[2026-03-02 15:47:33] eps=9 rep=5/10: frame progress 70/100 (70.0%)
[2026-03-02 15:47:33] eps=9 rep=6/10: frame progress 70/100 (70.0%)
[2026-03-02 15:47:33] eps=9 rep=1/10: frame progress 70/100 (70.0%)
[2026-03-02 15:47:33] eps=9 rep=10/10: frame progress 70/100 (70.0%)
[2026-03-02 15:47:33] eps=9 rep=3/10: frame progress 70/100 (70.0%)
[2026-03-02 15:47:33] eps=9 rep=4/10: frame progress 70/100 (70.0%)
[2026-03-02 15:47:33] eps=9 rep=9/10: frame progress 70/100 (70.0%)
[2026-03-02 15:47:33] eps=9 rep=2/10: frame progress 70/100 (70.0%)
[2026-03-02 15:47:33] eps=9 rep=8/10: frame progress 70/100 (70.0%)
[2026-03-02 15:47:34] eps=3 rep=7/10: frame progress 80/100 (80.0%)
[2026-03-02 15:47:34] eps=3 rep=1/10: frame progress 80/100 (80.0%)
[2026-03-02 15:47:34] eps=3 rep=9/10: frame progress 80/100 (80.0%)
[2026-03-02 15:47:34] eps=3 rep=8/10: frame progress 80/100 (80.0%)
[2026-03-02 15:47:34] eps=12 rep=5/9: frame progress 70/100 (70.0%)
[2026-03-02 15:47:34] eps=12 rep=2/9: frame progress 70/100 (70.0%)
[2026-03-02 15:47:34] eps=12 rep=8/9: frame progress 70/100 (70.0%)
[2026-03-02 15:47:34] eps=12 rep=7/9: frame progress 70/100 (70.0%)
[2026-03-02 15:47:34] eps=3 rep=2/10: frame progress 80/100 (80.0%)
[2026-03-02 15:47:34] eps=3 rep=4/10: frame progress 80/100 (80.0%)
[2026-03-02 15:47:34] eps=3 rep=6/10: frame progress 80/100 (80.0%)
[2026-03-02 15:47:34] eps=3 rep=5/10: frame progress 80/100 (80.0%)
[2026-03-02 15:47:34] eps=12 rep=4/9: frame progress 70/100 (70.0%)
[2026-03-02 15:47:34] eps=18 rep=2/10: frame progress 70/100 (70.0%)
[2026-03-02 15:47:34] eps=12 rep=9/9: frame progress 70/100 (70.0%)
[2026-03-02 15:47:35] eps=15 rep=3/10: frame progress 70/100 (70.0%)
[2026-03-02 15:47:35] eps=15 rep=10/10: frame progress 70/100 (70.0%)
[2026-03-02 15:47:35] eps=3 rep=10/10: frame progress 80/100 (80.0%)
[2026-03-02 15:47:35] eps=12 rep=1/9: frame progress 70/100 (70.0%)
[2026-03-02 15:47:35] eps=18 rep=9/10: frame progress 70/100 (70.0%)
[2026-03-02 15:47:35] eps=12 rep=6/9: frame progress 70/100 (70.0%)
[2026-03-02 15:47:35] eps=3 rep=3/10: frame progress 80/100 (80.0%)
[2026-03-02 15:47:35] eps=15 rep=8/10: frame progress 70/100 (70.0%)
[2026-03-02 15:47:35] eps=18 rep=7/10: frame progress 70/100 (70.0%)
[2026-03-02 15:47:35] eps=18 rep=1/10: frame progress 70/100 (70.0%)
[2026-03-02 15:47:35] eps=12 rep=3/9: frame progress 70/100 (70.0%)
[2026-03-02 15:47:35] eps=18 rep=4/10: frame progress 70/100 (70.0%)
[2026-03-02 15:47:35] eps=15 rep=2/10: frame progress 70/100 (70.0%)
[2026-03-02 15:47:35] eps=15 rep=4/10: frame progress 70/100 (70.0%)
[2026-03-02 15:47:35] eps=6 rep=7/10: frame progress 80/100 (80.0%)
[2026-03-02 15:47:35] eps=6 rep=2/10: frame progress 80/100 (80.0%)
[2026-03-02 15:47:35] eps=18 rep=3/10: frame progress 70/100 (70.0%)
[2026-03-02 15:47:35] eps=6 rep=10/10: frame progress 80/100 (80.0%)
[2026-03-02 15:47:35] eps=6 rep=1/10: frame progress 80/100 (80.0%)
[2026-03-02 15:47:35] eps=6 rep=5/10: frame progress 80/100 (80.0%)
[2026-03-02 15:47:35] eps=18 rep=5/10: frame progress 70/100 (70.0%)
[2026-03-02 15:47:35] eps=6 rep=9/10: frame progress 80/100 (80.0%)
[2026-03-02 15:47:35] eps=6 rep=8/10: frame progress 80/100 (80.0%)
[2026-03-02 15:47:35] eps=6 rep=6/10: frame progress 80/100 (80.0%)
[2026-03-02 15:47:35] eps=15 rep=5/10: frame progress 70/100 (70.0%)
[2026-03-02 15:47:35] eps=15 rep=1/10: frame progress 70/100 (70.0%)
[2026-03-02 15:47:35] eps=15 rep=9/10: frame progress 70/100 (70.0%)
[2026-03-02 15:47:35] eps=18 rep=8/10: frame progress 70/100 (70.0%)
[2026-03-02 15:47:35] eps=6 rep=3/10: frame progress 80/100 (80.0%)
[2026-03-02 15:47:36] eps=15 rep=7/10: frame progress 70/100 (70.0%)
[2026-03-02 15:47:36] eps=15 rep=6/10: frame progress 70/100 (70.0%)
[2026-03-02 15:47:36] eps=18 rep=6/10: frame progress 70/100 (70.0%)
[2026-03-02 15:47:36] eps=18 rep=10/10: frame progress 70/100 (70.0%)
[2026-03-02 15:47:36] eps=6 rep=4/10: frame progress 80/100 (80.0%)
[2026-03-02 15:47:36] eps=9 rep=7/10: frame progress 80/100 (80.0%)
[2026-03-02 15:47:36] eps=9 rep=6/10: frame progress 80/100 (80.0%)
[2026-03-02 15:47:36] eps=9 rep=5/10: frame progress 80/100 (80.0%)
[2026-03-02 15:47:36] eps=9 rep=10/10: frame progress 80/100 (80.0%)
[2026-03-02 15:47:36] eps=9 rep=1/10: frame progress 80/100 (80.0%)
[2026-03-02 15:47:36] eps=9 rep=4/10: frame progress 80/100 (80.0%)
[2026-03-02 15:47:37] eps=9 rep=2/10: frame progress 80/100 (80.0%)
[2026-03-02 15:47:37] eps=9 rep=3/10: frame progress 80/100 (80.0%)
[2026-03-02 15:47:37] eps=9 rep=8/10: frame progress 80/100 (80.0%)
[2026-03-02 15:47:37] eps=9 rep=9/10: frame progress 80/100 (80.0%)
[2026-03-02 15:47:37] eps=3 rep=1/10: frame progress 90/100 (90.0%)
[2026-03-02 15:47:37] eps=3 rep=7/10: frame progress 90/100 (90.0%)
[2026-03-02 15:47:37] eps=3 rep=2/10: frame progress 90/100 (90.0%)
[2026-03-02 15:47:37] eps=3 rep=9/10: frame progress 90/100 (90.0%)
[2026-03-02 15:47:37] eps=3 rep=8/10: frame progress 90/100 (90.0%)
[2026-03-02 15:47:37] eps=3 rep=4/10: frame progress 90/100 (90.0%)
[2026-03-02 15:47:37] eps=3 rep=6/10: frame progress 90/100 (90.0%)
[2026-03-02 15:47:37] eps=3 rep=5/10: frame progress 90/100 (90.0%)
[2026-03-02 15:47:37] eps=3 rep=10/10: frame progress 90/100 (90.0%)
[2026-03-02 15:47:38] eps=3 rep=3/10: frame progress 90/100 (90.0%)
[2026-03-02 15:47:38] eps=12 rep=2/9: frame progress 80/100 (80.0%)
[2026-03-02 15:47:38] eps=12 rep=8/9: frame progress 80/100 (80.0%)
[2026-03-02 15:47:38] eps=12 rep=7/9: frame progress 80/100 (80.0%)
[2026-03-02 15:47:38] eps=12 rep=5/9: frame progress 80/100 (80.0%)
[2026-03-02 15:47:38] eps=6 rep=7/10: frame progress 90/100 (90.0%)
[2026-03-02 15:47:38] eps=6 rep=2/10: frame progress 90/100 (90.0%)
[2026-03-02 15:47:38] eps=6 rep=10/10: frame progress 90/100 (90.0%)
[2026-03-02 15:47:38] eps=12 rep=4/9: frame progress 80/100 (80.0%)
[2026-03-02 15:47:38] eps=12 rep=9/9: frame progress 80/100 (80.0%)
[2026-03-02 15:47:38] eps=6 rep=1/10: frame progress 90/100 (90.0%)
[2026-03-02 15:47:38] eps=12 rep=1/9: frame progress 80/100 (80.0%)
[2026-03-02 15:47:38] eps=18 rep=2/10: frame progress 80/100 (80.0%)
[2026-03-02 15:47:38] eps=6 rep=5/10: frame progress 90/100 (90.0%)
[2026-03-02 15:47:38] eps=12 rep=6/9: frame progress 80/100 (80.0%)
[2026-03-02 15:47:38] eps=15 rep=3/10: frame progress 80/100 (80.0%)
[2026-03-02 15:47:38] eps=15 rep=10/10: frame progress 80/100 (80.0%)
[2026-03-02 15:47:38] eps=6 rep=9/10: frame progress 90/100 (90.0%)
[2026-03-02 15:47:38] eps=6 rep=8/10: frame progress 90/100 (90.0%)
[2026-03-02 15:47:38] eps=6 rep=6/10: frame progress 90/100 (90.0%)
[2026-03-02 15:47:38] eps=12 rep=3/9: frame progress 80/100 (80.0%)
[2026-03-02 15:47:38] eps=15 rep=8/10: frame progress 80/100 (80.0%)
[2026-03-02 15:47:38] eps=6 rep=3/10: frame progress 90/100 (90.0%)
[2026-03-02 15:47:38] eps=18 rep=7/10: frame progress 80/100 (80.0%)
[2026-03-02 15:47:39] eps=18 rep=1/10: frame progress 80/100 (80.0%)
[2026-03-02 15:47:39] eps=18 rep=4/10: frame progress 80/100 (80.0%)
[2026-03-02 15:47:39] eps=15 rep=2/10: frame progress 80/100 (80.0%)
[2026-03-02 15:47:39] eps=6 rep=4/10: frame progress 90/100 (90.0%)
[2026-03-02 15:47:39] eps=15 rep=4/10: frame progress 80/100 (80.0%)
[2026-03-02 15:47:39] eps=18 rep=3/10: frame progress 80/100 (80.0%)
[2026-03-02 15:47:39] eps=18 rep=9/10: frame progress 80/100 (80.0%)
[2026-03-02 15:47:39] eps=18 rep=5/10: frame progress 80/100 (80.0%)
[2026-03-02 15:47:39] eps=15 rep=5/10: frame progress 80/100 (80.0%)
[2026-03-02 15:47:39] eps=15 rep=9/10: frame progress 80/100 (80.0%)
[2026-03-02 15:47:39] eps=15 rep=1/10: frame progress 80/100 (80.0%)
[2026-03-02 15:47:39] eps=18 rep=8/10: frame progress 80/100 (80.0%)
[2026-03-02 15:47:39] eps=15 rep=7/10: frame progress 80/100 (80.0%)
[2026-03-02 15:47:39] eps=18 rep=10/10: frame progress 80/100 (80.0%)
[2026-03-02 15:47:39] eps=9 rep=7/10: frame progress 90/100 (90.0%)
[2026-03-02 15:47:39] eps=18 rep=6/10: frame progress 80/100 (80.0%)
[2026-03-02 15:47:39] eps=15 rep=6/10: frame progress 80/100 (80.0%)
[2026-03-02 15:47:40] eps=9 rep=6/10: frame progress 90/100 (90.0%)
[2026-03-02 15:47:40] eps=9 rep=5/10: frame progress 90/100 (90.0%)
[2026-03-02 15:47:40] eps=9 rep=10/10: frame progress 90/100 (90.0%)
[2026-03-02 15:47:40] eps=9 rep=4/10: frame progress 90/100 (90.0%)
[2026-03-02 15:47:40] eps=9 rep=1/10: frame progress 90/100 (90.0%)
[2026-03-02 15:47:40] eps=3 rep=1/10: frame progress 100/100 (100.0%)
[2026-03-02 15:47:40] eps=9 rep=2/10: frame progress 90/100 (90.0%)
[2026-03-02 15:47:40] eps=9 rep=8/10: frame progress 90/100 (90.0%)
[2026-03-02 15:47:40] eps=3 rep=7/10: frame progress 100/100 (100.0%)
[2026-03-02 15:47:40] eps=9 rep=9/10: frame progress 90/100 (90.0%)
[2026-03-02 15:47:40] eps=3 rep=2/10: frame progress 100/100 (100.0%)
[2026-03-02 15:47:40] eps=3 rep=9/10: frame progress 100/100 (100.0%)
[2026-03-02 15:47:40] eps=3 rep=4/10: frame progress 100/100 (100.0%)
[2026-03-02 15:47:40] eps=3 rep=8/10: frame progress 100/100 (100.0%)
[2026-03-02 15:47:40] eps=3 rep=6/10: frame progress 100/100 (100.0%)
[2026-03-02 15:47:40] eps=9 rep=3/10: frame progress 90/100 (90.0%)
[2026-03-02 15:47:40] eps=3 rep=5/10: frame progress 100/100 (100.0%)
[2026-03-02 15:47:40] eps=3 rep=10/10: frame progress 100/100 (100.0%)
[2026-03-02 15:47:40] eps=3 rep=3/10: frame progress 100/100 (100.0%)
[2026-03-02 15:47:41] eps=6 rep=7/10: frame progress 100/100 (100.0%)
[2026-03-02 15:47:41] eps=6 rep=2/10: frame progress 100/100 (100.0%)
[2026-03-02 15:47:41] eps=6 rep=10/10: frame progress 100/100 (100.0%)
[2026-03-02 15:47:41] eps=6 rep=1/10: frame progress 100/100 (100.0%)
[2026-03-02 15:47:41] eps=6 rep=5/10: frame progress 100/100 (100.0%)
[2026-03-02 15:47:41] eps=6 rep=9/10: frame progress 100/100 (100.0%)
[2026-03-02 15:47:41] eps=6 rep=8/10: frame progress 100/100 (100.0%)
[2026-03-02 15:47:41] eps=12 rep=2/9: frame progress 90/100 (90.0%)
[2026-03-02 15:47:41] eps=6 rep=6/10: frame progress 100/100 (100.0%)
[2026-03-02 15:47:42] eps=6 rep=3/10: frame progress 100/100 (100.0%)
[2026-03-02 15:47:42] eps=12 rep=5/9: frame progress 90/100 (90.0%)
[2026-03-02 15:47:42] eps=12 rep=7/9: frame progress 90/100 (90.0%)
[2026-03-02 15:47:42] eps=12 rep=8/9: frame progress 90/100 (90.0%)
[2026-03-02 15:47:42] eps=12 rep=4/9: frame progress 90/100 (90.0%)
[2026-03-02 15:47:42] eps=6 rep=4/10: frame progress 100/100 (100.0%)
[2026-03-02 15:47:42] eps=12 rep=9/9: frame progress 90/100 (90.0%)
[2026-03-02 15:47:42] eps=12 rep=1/9: frame progress 90/100 (90.0%)
[2026-03-02 15:47:42] eps=12 rep=6/9: frame progress 90/100 (90.0%)
[2026-03-02 15:47:42] eps=12 rep=3/9: frame progress 90/100 (90.0%)
[2026-03-02 15:47:42] eps=18 rep=2/10: frame progress 90/100 (90.0%)
[2026-03-02 15:47:42] eps=15 rep=3/10: frame progress 90/100 (90.0%)
[2026-03-02 15:47:42] eps=15 rep=10/10: frame progress 90/100 (90.0%)
[2026-03-02 15:47:42] eps=15 rep=8/10: frame progress 90/100 (90.0%)
[2026-03-02 15:47:42] eps=18 rep=7/10: frame progress 90/100 (90.0%)
[2026-03-02 15:47:43] eps=18 rep=1/10: frame progress 90/100 (90.0%)
[2026-03-02 15:47:43] eps=18 rep=4/10: frame progress 90/100 (90.0%)
[2026-03-02 15:47:43] eps=9 rep=7/10: frame progress 100/100 (100.0%)
[2026-03-02 15:47:43] eps=18 rep=3/10: frame progress 90/100 (90.0%)
[2026-03-02 15:47:43] eps=15 rep=2/10: frame progress 90/100 (90.0%)
[2026-03-02 15:47:43] eps=9 rep=6/10: frame progress 100/100 (100.0%)
[2026-03-02 15:47:43] eps=15 rep=4/10: frame progress 90/100 (90.0%)
[2026-03-02 15:47:43] eps=9 rep=5/10: frame progress 100/100 (100.0%)
[2026-03-02 15:47:43] eps=9 rep=1/10: frame progress 100/100 (100.0%)
[2026-03-02 15:47:43] eps=9 rep=10/10: frame progress 100/100 (100.0%)
[2026-03-02 15:47:43] eps=18 rep=5/10: frame progress 90/100 (90.0%)
[2026-03-02 15:47:43] eps=15 rep=5/10: frame progress 90/100 (90.0%)
[2026-03-02 15:47:43] eps=15 rep=9/10: frame progress 90/100 (90.0%)
[2026-03-02 15:47:43] eps=9 rep=4/10: frame progress 100/100 (100.0%)
[2026-03-02 15:47:43] eps=18 rep=8/10: frame progress 90/100 (90.0%)
[2026-03-02 15:47:43] eps=9 rep=2/10: frame progress 100/100 (100.0%)
[2026-03-02 15:47:43] eps=9 rep=8/10: frame progress 100/100 (100.0%)
[2026-03-02 15:47:43] eps=9 rep=9/10: frame progress 100/100 (100.0%)
[2026-03-02 15:47:43] eps=15 rep=7/10: frame progress 90/100 (90.0%)
[2026-03-02 15:47:43] eps=18 rep=10/10: frame progress 90/100 (90.0%)
[2026-03-02 15:47:43] eps=18 rep=9/10: frame progress 90/100 (90.0%)
[2026-03-02 15:47:43] eps=18 rep=6/10: frame progress 90/100 (90.0%)
[2026-03-02 15:47:43] eps=15 rep=1/10: frame progress 90/100 (90.0%)
[2026-03-02 15:47:44] eps=9 rep=3/10: frame progress 100/100 (100.0%)
[2026-03-02 15:47:44] eps=15 rep=6/10: frame progress 90/100 (90.0%)
[2026-03-02 15:47:45] eps=12 rep=2/9: frame progress 100/100 (100.0%)
[2026-03-02 15:47:45] eps=12 rep=7/9: frame progress 100/100 (100.0%)
[2026-03-02 15:47:46] eps=12 rep=5/9: frame progress 100/100 (100.0%)
[2026-03-02 15:47:46] eps=12 rep=4/9: frame progress 100/100 (100.0%)
[2026-03-02 15:47:46] eps=12 rep=9/9: frame progress 100/100 (100.0%)
[2026-03-02 15:47:46] eps=12 rep=8/9: frame progress 100/100 (100.0%)
[2026-03-02 15:47:46] eps=12 rep=1/9: frame progress 100/100 (100.0%)
[2026-03-02 15:47:46] eps=12 rep=6/9: frame progress 100/100 (100.0%)
[2026-03-02 15:47:46] eps=12 rep=3/9: frame progress 100/100 (100.0%)
[2026-03-02 15:47:46] eps=18 rep=2/10: frame progress 100/100 (100.0%)
[2026-03-02 15:47:46] eps=15 rep=8/10: frame progress 100/100 (100.0%)
[2026-03-02 15:47:47] eps=15 rep=3/10: frame progress 100/100 (100.0%)
[2026-03-02 15:47:47] eps=15 rep=10/10: frame progress 100/100 (100.0%)
[2026-03-02 15:47:47] eps=18 rep=4/10: frame progress 100/100 (100.0%)
[2026-03-02 15:47:47] eps=18 rep=7/10: frame progress 100/100 (100.0%)
[2026-03-02 15:47:47] eps=15 rep=4/10: frame progress 100/100 (100.0%)
[2026-03-02 15:47:47] eps=18 rep=3/10: frame progress 100/100 (100.0%)
[2026-03-02 15:47:47] eps=18 rep=5/10: frame progress 100/100 (100.0%)
[2026-03-02 15:47:47] eps=15 rep=9/10: frame progress 100/100 (100.0%)
[2026-03-02 15:47:47] eps=18 rep=1/10: frame progress 100/100 (100.0%)
[2026-03-02 15:47:47] eps=15 rep=5/10: frame progress 100/100 (100.0%)
[2026-03-02 15:47:47] eps=15 rep=2/10: frame progress 100/100 (100.0%)
[2026-03-02 15:47:47] eps=18 rep=10/10: frame progress 100/100 (100.0%)
[2026-03-02 15:47:47] eps=15 rep=7/10: frame progress 100/100 (100.0%)
[2026-03-02 15:47:47] eps=18 rep=8/10: frame progress 100/100 (100.0%)
[2026-03-02 15:47:47] eps=18 rep=9/10: frame progress 100/100 (100.0%)
[2026-03-02 15:47:47] eps=18 rep=6/10: frame progress 100/100 (100.0%)
[2026-03-02 15:47:48] eps=15 rep=1/10: frame progress 100/100 (100.0%)
[2026-03-02 15:47:48] eps=15 rep=6/10: frame progress 100/100 (100.0%)
Traceback (most recent call last):
  File "/scratch/gpfs/WEBB/chertok/REACTIVELJ_PAPER/simulation_package/melt/analysis/analyze_trajectories.py", line 1604, in <module>
    main()
    ~~~~^^
  File "/scratch/gpfs/WEBB/chertok/REACTIVELJ_PAPER/simulation_package/melt/analysis/analyze_trajectories.py", line 1225, in main
    results = Parallel(n_jobs=n_jobs, backend="loky")(jobs)
  File "/home/mc7345/micromamba/envs/reactiveLJ_paper/lib/python3.14/site-packages/joblib/parallel.py", line 2072, in __call__
    return output if self.return_generator else list(output)
                                                ~~~~^^^^^^^^
  File "/home/mc7345/micromamba/envs/reactiveLJ_paper/lib/python3.14/site-packages/joblib/parallel.py", line 1682, in _get_outputs
    yield from self._retrieve()
  File "/home/mc7345/micromamba/envs/reactiveLJ_paper/lib/python3.14/site-packages/joblib/parallel.py", line 1784, in _retrieve
    self._raise_error_fast()
    ~~~~~~~~~~~~~~~~~~~~~~^^
  File "/home/mc7345/micromamba/envs/reactiveLJ_paper/lib/python3.14/site-packages/joblib/parallel.py", line 1859, in _raise_error_fast
    error_job.get_result(self.timeout)
    ~~~~~~~~~~~~~~~~~~~~^^^^^^^^^^^^^^
  File "/home/mc7345/micromamba/envs/reactiveLJ_paper/lib/python3.14/site-packages/joblib/parallel.py", line 758, in get_result
    return self._return_or_raise()
           ~~~~~~~~~~~~~~~~~~~~~^^
  File "/home/mc7345/micromamba/envs/reactiveLJ_paper/lib/python3.14/site-packages/joblib/parallel.py", line 773, in _return_or_raise
    raise self._result
joblib.externals.loky.process_executor.TerminatedWorkerError: A worker process managed by the executor was unexpectedly terminated. This could be caused by a segmentation fault while calling the function or by an excessive memory usage causing the Operating System to kill the worker.

The exit codes of the workers are {SIGKILL(-9)}
Detailed tracebacks of the workers should have been printed to stderr in the executor process if faulthandler was not disabled.
[2026-03-02T16:00:10.094] error: Detected 1 oom_kill event in StepId=2135336.batch. Some of the step tasks have been OOM Killed.
