[2026-03-03 13:30:50] Step 1/8: Purging modules
[2026-03-03 13:30:50] Step 2/8: Sourcing ~/.bashrc
[2026-03-03 13:30:51] Step 3/8: Loading anaconda module
[2026-03-03 13:30:51] Step 4/8: Activating conda environment
[2026-03-03 13:30:52] Step 5/8: Changing directory to /scratch/gpfs/WEBB/chertok/REACTIVELJ_PAPER/simulation_package/melt
[2026-03-03 13:30:52] Step 6/8: Ensuring logs directory exists
[2026-03-03 13:30:52] Step 7/8: Starting trajectory analysis
[2026-03-03 13:30:53] Scanning trajectories under /scratch/gpfs/WEBB/chertok/REACTIVELJ_PAPER/simulation_package/melt/data_generation/outputs
[2026-03-03 13:30:54] Discovered 59 trajectory/metadata pairs
[2026-03-03 13:30:54] Grouped runs into 6 epsilon values
[2026-03-03 13:30:54] Queueing epsilon group 1/6: eps=3, replicates=10
[2026-03-03 13:30:54] Queueing epsilon group 2/6: eps=6, replicates=10
[2026-03-03 13:30:54] Queueing epsilon group 3/6: eps=9, replicates=10
[2026-03-03 13:30:54] Queueing epsilon group 4/6: eps=12, replicates=9
[2026-03-03 13:30:54] Queueing epsilon group 5/6: eps=15, replicates=10
[2026-03-03 13:30:54] Queueing epsilon group 6/6: eps=18, replicates=10
[2026-03-03 13:30:54] Starting parallel analysis with 64 workers on 59 runs
[2026-03-03 13:30:54] eps=3 rep=2/10: start (eps_3/rep_003/trajectory.gsd)
[2026-03-03 13:30:54] eps=3 rep=1/10: start (eps_3/rep_004/trajectory.gsd)
[2026-03-03 13:30:54] eps=3 rep=7/10: start (eps_3/rep_009/trajectory.gsd)
[2026-03-03 13:30:54] eps=3 rep=3/10: start (eps_3/rep_007/trajectory.gsd)
[2026-03-03 13:30:54] eps=3 rep=9/10: start (eps_3/rep_002/trajectory.gsd)
[2026-03-03 13:30:54] eps=3 rep=4/10: start (eps_3/rep_006/trajectory.gsd)
[2026-03-03 13:30:54] eps=3 rep=6/10: start (eps_3/rep_010/trajectory.gsd)
[2026-03-03 13:30:54] eps=3 rep=8/10: start (eps_3/rep_008/trajectory.gsd)
[2026-03-03 13:30:55] eps=3 rep=5/10: start (eps_3/rep_005/trajectory.gsd)
[2026-03-03 13:30:55] eps=3 rep=10/10: start (eps_3/rep_001/trajectory.gsd)
[2026-03-03 13:30:55] eps=6 rep=3/10: start (eps_6/rep_007/trajectory.gsd)
[2026-03-03 13:30:55] eps=6 rep=2/10: start (eps_6/rep_003/trajectory.gsd)
[2026-03-03 13:30:55] eps=6 rep=4/10: start (eps_6/rep_006/trajectory.gsd)
[2026-03-03 13:30:55] eps=6 rep=1/10: start (eps_6/rep_004/trajectory.gsd)
[2026-03-03 13:30:55] eps=6 rep=5/10: start (eps_6/rep_005/trajectory.gsd)
[2026-03-03 13:30:55] eps=6 rep=7/10: start (eps_6/rep_009/trajectory.gsd)
[2026-03-03 13:30:55] eps=6 rep=6/10: start (eps_6/rep_010/trajectory.gsd)
[2026-03-03 13:30:55] eps=6 rep=8/10: start (eps_6/rep_008/trajectory.gsd)
[2026-03-03 13:30:55] eps=6 rep=9/10: start (eps_6/rep_002/trajectory.gsd)
[2026-03-03 13:30:55] eps=9 rep=5/10: start (eps_9/rep_005/trajectory.gsd)
[2026-03-03 13:30:55] eps=6 rep=10/10: start (eps_6/rep_001/trajectory.gsd)
[2026-03-03 13:30:55] eps=9 rep=6/10: start (eps_9/rep_010/trajectory.gsd)
[2026-03-03 13:30:55] eps=9 rep=3/10: start (eps_9/rep_007/trajectory.gsd)
[2026-03-03 13:30:55] eps=9 rep=2/10: start (eps_9/rep_003/trajectory.gsd)
[2026-03-03 13:30:55] eps=9 rep=4/10: start (eps_9/rep_006/trajectory.gsd)
[2026-03-03 13:30:55] eps=9 rep=1/10: start (eps_9/rep_004/trajectory.gsd)
[2026-03-03 13:30:55] eps=9 rep=10/10: start (eps_9/rep_001/trajectory.gsd)
[2026-03-03 13:30:55] eps=9 rep=8/10: start (eps_9/rep_008/trajectory.gsd)
[2026-03-03 13:30:55] eps=9 rep=9/10: start (eps_9/rep_002/trajectory.gsd)
[2026-03-03 13:30:55] eps=12 rep=1/9: start (eps_12/rep_004/trajectory.gsd)
[2026-03-03 13:30:55] eps=9 rep=7/10: start (eps_9/rep_009/trajectory.gsd)
[2026-03-03 13:30:55] eps=12 rep=2/9: start (eps_12/rep_003/trajectory.gsd)
[2026-03-03 13:30:55] eps=12 rep=7/9: start (eps_12/rep_009/trajectory.gsd)
[2026-03-03 13:30:55] eps=12 rep=3/9: start (eps_12/rep_007/trajectory.gsd)
[2026-03-03 13:30:55] eps=12 rep=5/9: start (eps_12/rep_005/trajectory.gsd)
[2026-03-03 13:30:55] eps=15 rep=4/10: start (eps_15/rep_006/trajectory.gsd)
[2026-03-03 13:30:55] eps=12 rep=4/9: start (eps_12/rep_006/trajectory.gsd)
[2026-03-03 13:30:55] eps=12 rep=9/9: start (eps_12/rep_001/trajectory.gsd)
[2026-03-03 13:30:55] eps=12 rep=6/9: start (eps_12/rep_010/trajectory.gsd)
[2026-03-03 13:30:55] eps=15 rep=1/10: start (eps_15/rep_004/trajectory.gsd)
[2026-03-03 13:30:55] eps=15 rep=10/10: start (eps_15/rep_001/trajectory.gsd)
[2026-03-03 13:30:55] eps=12 rep=8/9: start (eps_12/rep_002/trajectory.gsd)
[2026-03-03 13:30:55] eps=15 rep=2/10: start (eps_15/rep_003/trajectory.gsd)
[2026-03-03 13:30:55] eps=15 rep=5/10: start (eps_15/rep_005/trajectory.gsd)
[2026-03-03 13:30:55] eps=15 rep=9/10: start (eps_15/rep_002/trajectory.gsd)
[2026-03-03 13:30:55] eps=15 rep=8/10: start (eps_15/rep_008/trajectory.gsd)
[2026-03-03 13:30:55] eps=15 rep=3/10: start (eps_15/rep_007/trajectory.gsd)
[2026-03-03 13:30:55] eps=15 rep=6/10: start (eps_15/rep_010/trajectory.gsd)
[2026-03-03 13:30:55] eps=15 rep=7/10: start (eps_15/rep_009/trajectory.gsd)
[2026-03-03 13:30:55] eps=18 rep=4/10: start (eps_18/rep_006/trajectory.gsd)
[2026-03-03 13:30:55] eps=18 rep=2/10: start (eps_18/rep_003/trajectory.gsd)
[2026-03-03 13:30:55] eps=18 rep=1/10: start (eps_18/rep_004/trajectory.gsd)
[2026-03-03 13:30:55] eps=18 rep=3/10: start (eps_18/rep_007/trajectory.gsd)
[2026-03-03 13:30:55] eps=18 rep=10/10: start (eps_18/rep_001/trajectory.gsd)
[2026-03-03 13:30:55] eps=18 rep=6/10: start (eps_18/rep_010/trajectory.gsd)
[2026-03-03 13:30:55] eps=18 rep=8/10: start (eps_18/rep_008/trajectory.gsd)
[2026-03-03 13:30:55] eps=18 rep=5/10: start (eps_18/rep_005/trajectory.gsd)
[2026-03-03 13:30:55] eps=18 rep=9/10: start (eps_18/rep_002/trajectory.gsd)
[2026-03-03 13:30:55] eps=18 rep=7/10: start (eps_18/rep_009/trajectory.gsd)
[2026-03-03 13:31:23] eps=3 rep=9/10: frame progress 100/1000 (10.0%)
[2026-03-03 13:31:23] eps=3 rep=1/10: frame progress 100/1000 (10.0%)
[2026-03-03 13:31:23] eps=3 rep=4/10: frame progress 100/1000 (10.0%)
[2026-03-03 13:31:23] eps=3 rep=3/10: frame progress 100/1000 (10.0%)
[2026-03-03 13:31:23] eps=3 rep=5/10: frame progress 100/1000 (10.0%)
[2026-03-03 13:31:23] eps=3 rep=10/10: frame progress 100/1000 (10.0%)
[2026-03-03 13:31:23] eps=3 rep=2/10: frame progress 100/1000 (10.0%)
[2026-03-03 13:31:23] eps=3 rep=8/10: frame progress 100/1000 (10.0%)
[2026-03-03 13:31:23] eps=3 rep=7/10: frame progress 100/1000 (10.0%)
[2026-03-03 13:31:24] eps=3 rep=6/10: frame progress 100/1000 (10.0%)
[2026-03-03 13:31:24] eps=6 rep=9/10: frame progress 100/1000 (10.0%)
[2026-03-03 13:31:24] eps=6 rep=3/10: frame progress 100/1000 (10.0%)
[2026-03-03 13:31:24] eps=6 rep=1/10: frame progress 100/1000 (10.0%)
[2026-03-03 13:31:24] eps=6 rep=8/10: frame progress 100/1000 (10.0%)
[2026-03-03 13:31:24] eps=6 rep=7/10: frame progress 100/1000 (10.0%)
[2026-03-03 13:31:24] eps=6 rep=6/10: frame progress 100/1000 (10.0%)
[2026-03-03 13:31:24] eps=6 rep=4/10: frame progress 100/1000 (10.0%)
[2026-03-03 13:31:24] eps=6 rep=2/10: frame progress 100/1000 (10.0%)
[2026-03-03 13:31:25] eps=6 rep=5/10: frame progress 100/1000 (10.0%)
[2026-03-03 13:31:25] eps=6 rep=10/10: frame progress 100/1000 (10.0%)
[2026-03-03 13:31:26] eps=9 rep=2/10: frame progress 100/1000 (10.0%)
[2026-03-03 13:31:26] eps=9 rep=7/10: frame progress 100/1000 (10.0%)
[2026-03-03 13:31:26] eps=9 rep=6/10: frame progress 100/1000 (10.0%)
[2026-03-03 13:31:26] eps=9 rep=10/10: frame progress 100/1000 (10.0%)
[2026-03-03 13:31:26] eps=9 rep=3/10: frame progress 100/1000 (10.0%)
[2026-03-03 13:31:26] eps=9 rep=9/10: frame progress 100/1000 (10.0%)
[2026-03-03 13:31:26] eps=9 rep=4/10: frame progress 100/1000 (10.0%)
[2026-03-03 13:31:26] eps=9 rep=8/10: frame progress 100/1000 (10.0%)
[2026-03-03 13:31:26] eps=9 rep=1/10: frame progress 100/1000 (10.0%)
[2026-03-03 13:31:28] eps=9 rep=5/10: frame progress 100/1000 (10.0%)
[2026-03-03 13:31:28] eps=12 rep=2/9: frame progress 100/1000 (10.0%)
[2026-03-03 13:31:28] eps=12 rep=3/9: frame progress 100/1000 (10.0%)
[2026-03-03 13:31:28] eps=12 rep=1/9: frame progress 100/1000 (10.0%)
[2026-03-03 13:31:29] eps=12 rep=8/9: frame progress 100/1000 (10.0%)
[2026-03-03 13:31:29] eps=12 rep=5/9: frame progress 100/1000 (10.0%)
[2026-03-03 13:31:29] eps=12 rep=4/9: frame progress 100/1000 (10.0%)
[2026-03-03 13:31:29] eps=12 rep=7/9: frame progress 100/1000 (10.0%)
[2026-03-03 13:31:29] eps=12 rep=9/9: frame progress 100/1000 (10.0%)
[2026-03-03 13:31:29] eps=18 rep=10/10: frame progress 100/1000 (10.0%)
[2026-03-03 13:31:29] eps=12 rep=6/9: frame progress 100/1000 (10.0%)
[2026-03-03 13:31:29] eps=18 rep=5/10: frame progress 100/1000 (10.0%)
[2026-03-03 13:31:29] eps=15 rep=6/10: frame progress 100/1000 (10.0%)
[2026-03-03 13:31:30] eps=18 rep=2/10: frame progress 100/1000 (10.0%)
[2026-03-03 13:31:30] eps=15 rep=7/10: frame progress 100/1000 (10.0%)
[2026-03-03 13:31:30] eps=15 rep=5/10: frame progress 100/1000 (10.0%)
[2026-03-03 13:31:30] eps=18 rep=9/10: frame progress 100/1000 (10.0%)
[2026-03-03 13:31:30] eps=18 rep=4/10: frame progress 100/1000 (10.0%)
[2026-03-03 13:31:30] eps=18 rep=6/10: frame progress 100/1000 (10.0%)
[2026-03-03 13:31:30] eps=15 rep=1/10: frame progress 100/1000 (10.0%)
[2026-03-03 13:31:30] eps=18 rep=7/10: frame progress 100/1000 (10.0%)
[2026-03-03 13:31:30] eps=15 rep=4/10: frame progress 100/1000 (10.0%)
[2026-03-03 13:31:30] eps=18 rep=3/10: frame progress 100/1000 (10.0%)
[2026-03-03 13:31:30] eps=18 rep=8/10: frame progress 100/1000 (10.0%)
[2026-03-03 13:31:30] eps=15 rep=3/10: frame progress 100/1000 (10.0%)
[2026-03-03 13:31:30] eps=15 rep=2/10: frame progress 100/1000 (10.0%)
[2026-03-03 13:31:30] eps=15 rep=8/10: frame progress 100/1000 (10.0%)
[2026-03-03 13:31:30] eps=15 rep=10/10: frame progress 100/1000 (10.0%)
[2026-03-03 13:31:30] eps=15 rep=9/10: frame progress 100/1000 (10.0%)
[2026-03-03 13:31:31] eps=18 rep=1/10: frame progress 100/1000 (10.0%)
[2026-03-03 13:31:52] eps=3 rep=9/10: frame progress 200/1000 (20.0%)
[2026-03-03 13:31:53] eps=3 rep=1/10: frame progress 200/1000 (20.0%)
[2026-03-03 13:31:53] eps=3 rep=3/10: frame progress 200/1000 (20.0%)
[2026-03-03 13:31:53] eps=3 rep=4/10: frame progress 200/1000 (20.0%)
[2026-03-03 13:31:53] eps=3 rep=8/10: frame progress 200/1000 (20.0%)
[2026-03-03 13:31:53] eps=3 rep=2/10: frame progress 200/1000 (20.0%)
[2026-03-03 13:31:53] eps=3 rep=7/10: frame progress 200/1000 (20.0%)
[2026-03-03 13:31:54] eps=3 rep=10/10: frame progress 200/1000 (20.0%)
[2026-03-03 13:31:54] eps=3 rep=5/10: frame progress 200/1000 (20.0%)
[2026-03-03 13:31:54] eps=3 rep=6/10: frame progress 200/1000 (20.0%)
[2026-03-03 13:31:56] eps=6 rep=3/10: frame progress 200/1000 (20.0%)
[2026-03-03 13:31:56] eps=6 rep=9/10: frame progress 200/1000 (20.0%)
[2026-03-03 13:31:56] eps=6 rep=1/10: frame progress 200/1000 (20.0%)
[2026-03-03 13:31:56] eps=6 rep=7/10: frame progress 200/1000 (20.0%)
[2026-03-03 13:31:56] eps=6 rep=8/10: frame progress 200/1000 (20.0%)
[2026-03-03 13:31:56] eps=6 rep=6/10: frame progress 200/1000 (20.0%)
[2026-03-03 13:31:56] eps=6 rep=4/10: frame progress 200/1000 (20.0%)
[2026-03-03 13:31:57] eps=6 rep=2/10: frame progress 200/1000 (20.0%)
[2026-03-03 13:31:57] eps=6 rep=5/10: frame progress 200/1000 (20.0%)
[2026-03-03 13:31:58] eps=6 rep=10/10: frame progress 200/1000 (20.0%)
[2026-03-03 13:32:01] eps=9 rep=7/10: frame progress 200/1000 (20.0%)
[2026-03-03 13:32:01] eps=9 rep=2/10: frame progress 200/1000 (20.0%)
[2026-03-03 13:32:01] eps=9 rep=10/10: frame progress 200/1000 (20.0%)
[2026-03-03 13:32:02] eps=9 rep=9/10: frame progress 200/1000 (20.0%)
[2026-03-03 13:32:02] eps=9 rep=3/10: frame progress 200/1000 (20.0%)
[2026-03-03 13:32:02] eps=9 rep=4/10: frame progress 200/1000 (20.0%)
[2026-03-03 13:32:02] eps=9 rep=8/10: frame progress 200/1000 (20.0%)
[2026-03-03 13:32:02] eps=9 rep=1/10: frame progress 200/1000 (20.0%)
[2026-03-03 13:32:03] eps=9 rep=6/10: frame progress 200/1000 (20.0%)
[2026-03-03 13:32:06] eps=9 rep=5/10: frame progress 200/1000 (20.0%)
[2026-03-03 13:32:11] eps=12 rep=2/9: frame progress 200/1000 (20.0%)
[2026-03-03 13:32:11] eps=12 rep=1/9: frame progress 200/1000 (20.0%)
[2026-03-03 13:32:11] eps=12 rep=3/9: frame progress 200/1000 (20.0%)
[2026-03-03 13:32:12] eps=12 rep=8/9: frame progress 200/1000 (20.0%)
[2026-03-03 13:32:12] eps=12 rep=5/9: frame progress 200/1000 (20.0%)
[2026-03-03 13:32:12] eps=12 rep=9/9: frame progress 200/1000 (20.0%)
[2026-03-03 13:32:12] eps=12 rep=4/9: frame progress 200/1000 (20.0%)
[2026-03-03 13:32:12] eps=12 rep=6/9: frame progress 200/1000 (20.0%)
[2026-03-03 13:32:12] eps=12 rep=7/9: frame progress 200/1000 (20.0%)
[2026-03-03 13:32:17] eps=18 rep=10/10: frame progress 200/1000 (20.0%)
[2026-03-03 13:32:17] eps=15 rep=6/10: frame progress 200/1000 (20.0%)
[2026-03-03 13:32:17] eps=18 rep=5/10: frame progress 200/1000 (20.0%)
[2026-03-03 13:32:17] eps=15 rep=7/10: frame progress 200/1000 (20.0%)
[2026-03-03 13:32:18] eps=18 rep=9/10: frame progress 200/1000 (20.0%)
[2026-03-03 13:32:18] eps=15 rep=5/10: frame progress 200/1000 (20.0%)
[2026-03-03 13:32:18] eps=15 rep=1/10: frame progress 200/1000 (20.0%)
[2026-03-03 13:32:19] eps=18 rep=2/10: frame progress 200/1000 (20.0%)
[2026-03-03 13:32:19] eps=15 rep=3/10: frame progress 200/1000 (20.0%)
[2026-03-03 13:32:19] eps=15 rep=2/10: frame progress 200/1000 (20.0%)
[2026-03-03 13:32:19] eps=15 rep=4/10: frame progress 200/1000 (20.0%)
[2026-03-03 13:32:19] eps=15 rep=8/10: frame progress 200/1000 (20.0%)
[2026-03-03 13:32:19] eps=18 rep=6/10: frame progress 200/1000 (20.0%)
[2026-03-03 13:32:19] eps=18 rep=4/10: frame progress 200/1000 (20.0%)
[2026-03-03 13:32:19] eps=18 rep=7/10: frame progress 200/1000 (20.0%)
[2026-03-03 13:32:19] eps=18 rep=8/10: frame progress 200/1000 (20.0%)
[2026-03-03 13:32:19] eps=18 rep=3/10: frame progress 200/1000 (20.0%)
[2026-03-03 13:32:19] eps=15 rep=10/10: frame progress 200/1000 (20.0%)
[2026-03-03 13:32:19] eps=15 rep=9/10: frame progress 200/1000 (20.0%)
[2026-03-03 13:32:22] eps=18 rep=1/10: frame progress 200/1000 (20.0%)
[2026-03-03 13:32:23] eps=3 rep=9/10: frame progress 300/1000 (30.0%)
[2026-03-03 13:32:24] eps=3 rep=1/10: frame progress 300/1000 (30.0%)
[2026-03-03 13:32:25] eps=3 rep=3/10: frame progress 300/1000 (30.0%)
[2026-03-03 13:32:25] eps=3 rep=4/10: frame progress 300/1000 (30.0%)
[2026-03-03 13:32:25] eps=3 rep=8/10: frame progress 300/1000 (30.0%)
[2026-03-03 13:32:25] eps=3 rep=2/10: frame progress 300/1000 (30.0%)
[2026-03-03 13:32:25] eps=3 rep=10/10: frame progress 300/1000 (30.0%)
[2026-03-03 13:32:25] eps=3 rep=7/10: frame progress 300/1000 (30.0%)
[2026-03-03 13:32:26] eps=3 rep=5/10: frame progress 300/1000 (30.0%)
[2026-03-03 13:32:27] eps=3 rep=6/10: frame progress 300/1000 (30.0%)
[2026-03-03 13:32:30] eps=6 rep=3/10: frame progress 300/1000 (30.0%)
[2026-03-03 13:32:30] eps=6 rep=9/10: frame progress 300/1000 (30.0%)
[2026-03-03 13:32:30] eps=6 rep=1/10: frame progress 300/1000 (30.0%)
[2026-03-03 13:32:31] eps=6 rep=7/10: frame progress 300/1000 (30.0%)
[2026-03-03 13:32:31] eps=6 rep=8/10: frame progress 300/1000 (30.0%)
[2026-03-03 13:32:31] eps=6 rep=4/10: frame progress 300/1000 (30.0%)
[2026-03-03 13:32:32] eps=6 rep=6/10: frame progress 300/1000 (30.0%)
[2026-03-03 13:32:32] eps=6 rep=2/10: frame progress 300/1000 (30.0%)
[2026-03-03 13:32:32] eps=6 rep=5/10: frame progress 300/1000 (30.0%)
[2026-03-03 13:32:33] eps=6 rep=10/10: frame progress 300/1000 (30.0%)
[2026-03-03 13:32:40] eps=9 rep=7/10: frame progress 300/1000 (30.0%)
[2026-03-03 13:32:40] eps=9 rep=2/10: frame progress 300/1000 (30.0%)
[2026-03-03 13:32:41] eps=9 rep=10/10: frame progress 300/1000 (30.0%)
[2026-03-03 13:32:42] eps=9 rep=3/10: frame progress 300/1000 (30.0%)
[2026-03-03 13:32:42] eps=9 rep=8/10: frame progress 300/1000 (30.0%)
[2026-03-03 13:32:42] eps=9 rep=9/10: frame progress 300/1000 (30.0%)
[2026-03-03 13:32:42] eps=9 rep=4/10: frame progress 300/1000 (30.0%)
[2026-03-03 13:32:42] eps=9 rep=1/10: frame progress 300/1000 (30.0%)
[2026-03-03 13:32:43] eps=9 rep=6/10: frame progress 300/1000 (30.0%)
[2026-03-03 13:32:49] eps=9 rep=5/10: frame progress 300/1000 (30.0%)
[2026-03-03 13:32:56] eps=3 rep=9/10: frame progress 400/1000 (40.0%)
[2026-03-03 13:32:57] eps=3 rep=1/10: frame progress 400/1000 (40.0%)
[2026-03-03 13:32:58] eps=3 rep=3/10: frame progress 400/1000 (40.0%)
[2026-03-03 13:32:58] eps=3 rep=8/10: frame progress 400/1000 (40.0%)
[2026-03-03 13:32:58] eps=3 rep=4/10: frame progress 400/1000 (40.0%)
[2026-03-03 13:32:59] eps=3 rep=10/10: frame progress 400/1000 (40.0%)
[2026-03-03 13:32:59] eps=3 rep=2/10: frame progress 400/1000 (40.0%)
[2026-03-03 13:32:59] eps=3 rep=5/10: frame progress 400/1000 (40.0%)
[2026-03-03 13:32:59] eps=12 rep=2/9: frame progress 300/1000 (30.0%)
[2026-03-03 13:32:59] eps=3 rep=7/10: frame progress 400/1000 (40.0%)
[2026-03-03 13:33:00] eps=12 rep=1/9: frame progress 300/1000 (30.0%)
[2026-03-03 13:33:00] eps=12 rep=3/9: frame progress 300/1000 (30.0%)
[2026-03-03 13:33:01] eps=3 rep=6/10: frame progress 400/1000 (40.0%)
[2026-03-03 13:33:01] eps=12 rep=8/9: frame progress 300/1000 (30.0%)
[2026-03-03 13:33:02] eps=12 rep=5/9: frame progress 300/1000 (30.0%)
[2026-03-03 13:33:02] eps=12 rep=9/9: frame progress 300/1000 (30.0%)
[2026-03-03 13:33:02] eps=12 rep=4/9: frame progress 300/1000 (30.0%)
[2026-03-03 13:33:02] eps=12 rep=7/9: frame progress 300/1000 (30.0%)
[2026-03-03 13:33:02] eps=12 rep=6/9: frame progress 300/1000 (30.0%)
[2026-03-03 13:33:07] eps=6 rep=9/10: frame progress 400/1000 (40.0%)
[2026-03-03 13:33:07] eps=6 rep=3/10: frame progress 400/1000 (40.0%)
[2026-03-03 13:33:08] eps=6 rep=1/10: frame progress 400/1000 (40.0%)
[2026-03-03 13:33:09] eps=6 rep=8/10: frame progress 400/1000 (40.0%)
[2026-03-03 13:33:09] eps=6 rep=7/10: frame progress 400/1000 (40.0%)
[2026-03-03 13:33:09] eps=6 rep=4/10: frame progress 400/1000 (40.0%)
[2026-03-03 13:33:09] eps=6 rep=6/10: frame progress 400/1000 (40.0%)
[2026-03-03 13:33:10] eps=6 rep=2/10: frame progress 400/1000 (40.0%)
[2026-03-03 13:33:10] eps=6 rep=5/10: frame progress 400/1000 (40.0%)
[2026-03-03 13:33:12] eps=6 rep=10/10: frame progress 400/1000 (40.0%)
[2026-03-03 13:33:17] eps=15 rep=6/10: frame progress 300/1000 (30.0%)
[2026-03-03 13:33:18] eps=15 rep=7/10: frame progress 300/1000 (30.0%)
[2026-03-03 13:33:18] eps=18 rep=10/10: frame progress 300/1000 (30.0%)
[2026-03-03 13:33:19] eps=18 rep=5/10: frame progress 300/1000 (30.0%)
[2026-03-03 13:33:19] eps=18 rep=9/10: frame progress 300/1000 (30.0%)
[2026-03-03 13:33:19] eps=15 rep=5/10: frame progress 300/1000 (30.0%)
[2026-03-03 13:33:20] eps=15 rep=1/10: frame progress 300/1000 (30.0%)
[2026-03-03 13:33:20] eps=15 rep=3/10: frame progress 300/1000 (30.0%)
[2026-03-03 13:33:20] eps=15 rep=2/10: frame progress 300/1000 (30.0%)
[2026-03-03 13:33:21] eps=15 rep=9/10: frame progress 300/1000 (30.0%)
[2026-03-03 13:33:21] eps=15 rep=8/10: frame progress 300/1000 (30.0%)
[2026-03-03 13:33:21] eps=15 rep=4/10: frame progress 300/1000 (30.0%)
[2026-03-03 13:33:21] eps=15 rep=10/10: frame progress 300/1000 (30.0%)
[2026-03-03 13:33:21] eps=18 rep=2/10: frame progress 300/1000 (30.0%)
[2026-03-03 13:33:22] eps=18 rep=3/10: frame progress 300/1000 (30.0%)
[2026-03-03 13:33:22] eps=18 rep=4/10: frame progress 300/1000 (30.0%)
[2026-03-03 13:33:22] eps=18 rep=8/10: frame progress 300/1000 (30.0%)
[2026-03-03 13:33:22] eps=18 rep=6/10: frame progress 300/1000 (30.0%)
[2026-03-03 13:33:22] eps=18 rep=7/10: frame progress 300/1000 (30.0%)
[2026-03-03 13:33:24] eps=9 rep=2/10: frame progress 400/1000 (40.0%)
[2026-03-03 13:33:24] eps=9 rep=7/10: frame progress 400/1000 (40.0%)
[2026-03-03 13:33:24] eps=18 rep=1/10: frame progress 300/1000 (30.0%)
[2026-03-03 13:33:24] eps=9 rep=10/10: frame progress 400/1000 (40.0%)
[2026-03-03 13:33:26] eps=9 rep=3/10: frame progress 400/1000 (40.0%)
[2026-03-03 13:33:26] eps=9 rep=8/10: frame progress 400/1000 (40.0%)
[2026-03-03 13:33:26] eps=9 rep=9/10: frame progress 400/1000 (40.0%)
[2026-03-03 13:33:26] eps=9 rep=4/10: frame progress 400/1000 (40.0%)
[2026-03-03 13:33:27] eps=9 rep=1/10: frame progress 400/1000 (40.0%)
[2026-03-03 13:33:28] eps=9 rep=6/10: frame progress 400/1000 (40.0%)
[2026-03-03 13:33:31] eps=3 rep=9/10: frame progress 500/1000 (50.0%)
[2026-03-03 13:33:32] eps=3 rep=1/10: frame progress 500/1000 (50.0%)
[2026-03-03 13:33:32] eps=3 rep=3/10: frame progress 500/1000 (50.0%)
[2026-03-03 13:33:33] eps=3 rep=8/10: frame progress 500/1000 (50.0%)
[2026-03-03 13:33:33] eps=3 rep=4/10: frame progress 500/1000 (50.0%)
[2026-03-03 13:33:33] eps=3 rep=10/10: frame progress 500/1000 (50.0%)
[2026-03-03 13:33:33] eps=3 rep=5/10: frame progress 500/1000 (50.0%)
[2026-03-03 13:33:34] eps=3 rep=2/10: frame progress 500/1000 (50.0%)
[2026-03-03 13:33:34] eps=3 rep=7/10: frame progress 500/1000 (50.0%)
[2026-03-03 13:33:35] eps=9 rep=5/10: frame progress 400/1000 (40.0%)
[2026-03-03 13:33:37] eps=3 rep=6/10: frame progress 500/1000 (50.0%)
[2026-03-03 13:33:47] eps=6 rep=3/10: frame progress 500/1000 (50.0%)
[2026-03-03 13:33:47] eps=6 rep=9/10: frame progress 500/1000 (50.0%)
[2026-03-03 13:33:47] eps=6 rep=1/10: frame progress 500/1000 (50.0%)
[2026-03-03 13:33:49] eps=6 rep=8/10: frame progress 500/1000 (50.0%)
[2026-03-03 13:33:50] eps=6 rep=7/10: frame progress 500/1000 (50.0%)
[2026-03-03 13:33:50] eps=6 rep=4/10: frame progress 500/1000 (50.0%)
[2026-03-03 13:33:50] eps=6 rep=6/10: frame progress 500/1000 (50.0%)
[2026-03-03 13:33:50] eps=6 rep=2/10: frame progress 500/1000 (50.0%)
[2026-03-03 13:33:51] eps=6 rep=5/10: frame progress 500/1000 (50.0%)
[2026-03-03 13:33:53] eps=12 rep=2/9: frame progress 400/1000 (40.0%)
[2026-03-03 13:33:53] eps=6 rep=10/10: frame progress 500/1000 (50.0%)
[2026-03-03 13:33:53] eps=12 rep=1/9: frame progress 400/1000 (40.0%)
[2026-03-03 13:33:53] eps=12 rep=3/9: frame progress 400/1000 (40.0%)
[2026-03-03 13:33:56] eps=12 rep=8/9: frame progress 400/1000 (40.0%)
[2026-03-03 13:33:56] eps=12 rep=5/9: frame progress 400/1000 (40.0%)
[2026-03-03 13:33:57] eps=12 rep=9/9: frame progress 400/1000 (40.0%)
[2026-03-03 13:33:57] eps=12 rep=4/9: frame progress 400/1000 (40.0%)
[2026-03-03 13:33:57] eps=12 rep=6/9: frame progress 400/1000 (40.0%)
[2026-03-03 13:33:57] eps=12 rep=7/9: frame progress 400/1000 (40.0%)
[2026-03-03 13:34:06] eps=3 rep=9/10: frame progress 600/1000 (60.0%)
[2026-03-03 13:34:08] eps=3 rep=1/10: frame progress 600/1000 (60.0%)
[2026-03-03 13:34:09] eps=3 rep=3/10: frame progress 600/1000 (60.0%)
[2026-03-03 13:34:09] eps=3 rep=8/10: frame progress 600/1000 (60.0%)
[2026-03-03 13:34:09] eps=3 rep=10/10: frame progress 600/1000 (60.0%)
[2026-03-03 13:34:10] eps=3 rep=5/10: frame progress 600/1000 (60.0%)
[2026-03-03 13:34:10] eps=3 rep=4/10: frame progress 600/1000 (60.0%)
[2026-03-03 13:34:10] eps=9 rep=2/10: frame progress 500/1000 (50.0%)
[2026-03-03 13:34:11] eps=9 rep=7/10: frame progress 500/1000 (50.0%)
[2026-03-03 13:34:11] eps=3 rep=2/10: frame progress 600/1000 (60.0%)
[2026-03-03 13:34:11] eps=3 rep=7/10: frame progress 600/1000 (60.0%)
[2026-03-03 13:34:12] eps=9 rep=10/10: frame progress 500/1000 (50.0%)
[2026-03-03 13:34:13] eps=9 rep=8/10: frame progress 500/1000 (50.0%)
[2026-03-03 13:34:14] eps=9 rep=3/10: frame progress 500/1000 (50.0%)
[2026-03-03 13:34:14] eps=3 rep=6/10: frame progress 600/1000 (60.0%)
[2026-03-03 13:34:14] eps=9 rep=4/10: frame progress 500/1000 (50.0%)
[2026-03-03 13:34:15] eps=9 rep=9/10: frame progress 500/1000 (50.0%)
[2026-03-03 13:34:15] eps=9 rep=1/10: frame progress 500/1000 (50.0%)
[2026-03-03 13:34:17] eps=9 rep=6/10: frame progress 500/1000 (50.0%)
[2026-03-03 13:34:25] eps=9 rep=5/10: frame progress 500/1000 (50.0%)
[2026-03-03 13:34:29] eps=6 rep=3/10: frame progress 600/1000 (60.0%)
[2026-03-03 13:34:29] eps=6 rep=1/10: frame progress 600/1000 (60.0%)
[2026-03-03 13:34:29] eps=6 rep=9/10: frame progress 600/1000 (60.0%)
[2026-03-03 13:34:30] eps=15 rep=6/10: frame progress 400/1000 (40.0%)
[2026-03-03 13:34:31] eps=15 rep=7/10: frame progress 400/1000 (40.0%)
[2026-03-03 13:34:32] eps=6 rep=8/10: frame progress 600/1000 (60.0%)
[2026-03-03 13:34:33] eps=6 rep=7/10: frame progress 600/1000 (60.0%)
[2026-03-03 13:34:33] eps=18 rep=10/10: frame progress 400/1000 (40.0%)
[2026-03-03 13:34:33] eps=6 rep=6/10: frame progress 600/1000 (60.0%)
[2026-03-03 13:34:33] eps=6 rep=4/10: frame progress 600/1000 (60.0%)
[2026-03-03 13:34:33] eps=6 rep=2/10: frame progress 600/1000 (60.0%)
[2026-03-03 13:34:33] eps=18 rep=5/10: frame progress 400/1000 (40.0%)
[2026-03-03 13:34:34] eps=15 rep=5/10: frame progress 400/1000 (40.0%)
[2026-03-03 13:34:34] eps=18 rep=9/10: frame progress 400/1000 (40.0%)
[2026-03-03 13:34:34] eps=6 rep=5/10: frame progress 600/1000 (60.0%)
[2026-03-03 13:34:35] eps=15 rep=3/10: frame progress 400/1000 (40.0%)
[2026-03-03 13:34:35] eps=15 rep=1/10: frame progress 400/1000 (40.0%)
[2026-03-03 13:34:35] eps=15 rep=2/10: frame progress 400/1000 (40.0%)
[2026-03-03 13:34:35] eps=15 rep=8/10: frame progress 400/1000 (40.0%)
[2026-03-03 13:34:36] eps=15 rep=9/10: frame progress 400/1000 (40.0%)
[2026-03-03 13:34:36] eps=15 rep=4/10: frame progress 400/1000 (40.0%)
[2026-03-03 13:34:36] eps=6 rep=10/10: frame progress 600/1000 (60.0%)
[2026-03-03 13:34:36] eps=15 rep=10/10: frame progress 400/1000 (40.0%)
[2026-03-03 13:34:38] eps=18 rep=2/10: frame progress 400/1000 (40.0%)
[2026-03-03 13:34:39] eps=18 rep=3/10: frame progress 400/1000 (40.0%)
[2026-03-03 13:34:39] eps=18 rep=8/10: frame progress 400/1000 (40.0%)
[2026-03-03 13:34:39] eps=18 rep=4/10: frame progress 400/1000 (40.0%)
[2026-03-03 13:34:39] eps=18 rep=6/10: frame progress 400/1000 (40.0%)
[2026-03-03 13:34:39] eps=18 rep=7/10: frame progress 400/1000 (40.0%)
[2026-03-03 13:34:40] eps=18 rep=1/10: frame progress 400/1000 (40.0%)
[2026-03-03 13:34:44] eps=3 rep=9/10: frame progress 700/1000 (70.0%)
[2026-03-03 13:34:46] eps=3 rep=1/10: frame progress 700/1000 (70.0%)
[2026-03-03 13:34:47] eps=3 rep=10/10: frame progress 700/1000 (70.0%)
[2026-03-03 13:34:47] eps=3 rep=8/10: frame progress 700/1000 (70.0%)
[2026-03-03 13:34:47] eps=3 rep=3/10: frame progress 700/1000 (70.0%)
[2026-03-03 13:34:47] eps=3 rep=5/10: frame progress 700/1000 (70.0%)
[2026-03-03 13:34:48] eps=3 rep=4/10: frame progress 700/1000 (70.0%)
[2026-03-03 13:34:49] eps=3 rep=2/10: frame progress 700/1000 (70.0%)
[2026-03-03 13:34:50] eps=3 rep=7/10: frame progress 700/1000 (70.0%)
[2026-03-03 13:34:50] eps=12 rep=2/9: frame progress 500/1000 (50.0%)
[2026-03-03 13:34:50] eps=12 rep=1/9: frame progress 500/1000 (50.0%)
[2026-03-03 13:34:51] eps=12 rep=3/9: frame progress 500/1000 (50.0%)
[2026-03-03 13:34:53] eps=3 rep=6/10: frame progress 700/1000 (70.0%)
[2026-03-03 13:34:55] eps=12 rep=8/9: frame progress 500/1000 (50.0%)
[2026-03-03 13:34:55] eps=12 rep=5/9: frame progress 500/1000 (50.0%)
[2026-03-03 13:34:55] eps=12 rep=9/9: frame progress 500/1000 (50.0%)
[2026-03-03 13:34:56] eps=12 rep=4/9: frame progress 500/1000 (50.0%)
[2026-03-03 13:34:56] eps=12 rep=6/9: frame progress 500/1000 (50.0%)
[2026-03-03 13:34:56] eps=12 rep=7/9: frame progress 500/1000 (50.0%)
[2026-03-03 13:35:02] eps=9 rep=2/10: frame progress 600/1000 (60.0%)
[2026-03-03 13:35:02] eps=9 rep=7/10: frame progress 600/1000 (60.0%)
[2026-03-03 13:35:03] eps=9 rep=10/10: frame progress 600/1000 (60.0%)
[2026-03-03 13:35:05] eps=9 rep=8/10: frame progress 600/1000 (60.0%)
[2026-03-03 13:35:06] eps=9 rep=3/10: frame progress 600/1000 (60.0%)
[2026-03-03 13:35:07] eps=9 rep=4/10: frame progress 600/1000 (60.0%)
[2026-03-03 13:35:07] eps=9 rep=9/10: frame progress 600/1000 (60.0%)
[2026-03-03 13:35:08] eps=9 rep=1/10: frame progress 600/1000 (60.0%)
[2026-03-03 13:35:09] eps=9 rep=6/10: frame progress 600/1000 (60.0%)
[2026-03-03 13:35:14] eps=6 rep=3/10: frame progress 700/1000 (70.0%)
[2026-03-03 13:35:14] eps=6 rep=1/10: frame progress 700/1000 (70.0%)
[2026-03-03 13:35:14] eps=6 rep=9/10: frame progress 700/1000 (70.0%)
[2026-03-03 13:35:18] eps=6 rep=7/10: frame progress 700/1000 (70.0%)
[2026-03-03 13:35:18] eps=6 rep=8/10: frame progress 700/1000 (70.0%)
[2026-03-03 13:35:18] eps=6 rep=4/10: frame progress 700/1000 (70.0%)
[2026-03-03 13:35:18] eps=6 rep=6/10: frame progress 700/1000 (70.0%)
[2026-03-03 13:35:19] eps=6 rep=2/10: frame progress 700/1000 (70.0%)
[2026-03-03 13:35:19] eps=9 rep=5/10: frame progress 600/1000 (60.0%)
[2026-03-03 13:35:20] eps=6 rep=5/10: frame progress 700/1000 (70.0%)
[2026-03-03 13:35:22] eps=6 rep=10/10: frame progress 700/1000 (70.0%)
[2026-03-03 13:35:23] eps=3 rep=9/10: frame progress 800/1000 (80.0%)
[2026-03-03 13:35:25] eps=3 rep=1/10: frame progress 800/1000 (80.0%)
[2026-03-03 13:35:26] eps=3 rep=10/10: frame progress 800/1000 (80.0%)
[2026-03-03 13:35:27] eps=3 rep=5/10: frame progress 800/1000 (80.0%)
[2026-03-03 13:35:27] eps=3 rep=8/10: frame progress 800/1000 (80.0%)
[2026-03-03 13:35:27] eps=3 rep=3/10: frame progress 800/1000 (80.0%)
[2026-03-03 13:35:28] eps=3 rep=4/10: frame progress 800/1000 (80.0%)
[2026-03-03 13:35:29] eps=3 rep=2/10: frame progress 800/1000 (80.0%)
[2026-03-03 13:35:30] eps=3 rep=7/10: frame progress 800/1000 (80.0%)
[2026-03-03 13:35:33] eps=3 rep=6/10: frame progress 800/1000 (80.0%)
[2026-03-03 13:35:51] eps=12 rep=2/9: frame progress 600/1000 (60.0%)
[2026-03-03 13:35:51] eps=12 rep=1/9: frame progress 600/1000 (60.0%)
[2026-03-03 13:35:52] eps=12 rep=3/9: frame progress 600/1000 (60.0%)
[2026-03-03 13:35:55] eps=15 rep=6/10: frame progress 500/1000 (50.0%)
[2026-03-03 13:35:56] eps=9 rep=7/10: frame progress 700/1000 (70.0%)
[2026-03-03 13:35:57] eps=15 rep=7/10: frame progress 500/1000 (50.0%)
[2026-03-03 13:35:57] eps=9 rep=2/10: frame progress 700/1000 (70.0%)
[2026-03-03 13:35:57] eps=12 rep=5/9: frame progress 600/1000 (60.0%)
[2026-03-03 13:35:58] eps=12 rep=8/9: frame progress 600/1000 (60.0%)
[2026-03-03 13:35:58] eps=12 rep=9/9: frame progress 600/1000 (60.0%)
[2026-03-03 13:35:59] eps=9 rep=10/10: frame progress 700/1000 (70.0%)
[2026-03-03 13:35:59] eps=12 rep=4/9: frame progress 600/1000 (60.0%)
[2026-03-03 13:35:59] eps=12 rep=6/9: frame progress 600/1000 (60.0%)
[2026-03-03 13:36:00] eps=12 rep=7/9: frame progress 600/1000 (60.0%)
[2026-03-03 13:36:00] eps=15 rep=5/10: frame progress 500/1000 (50.0%)
[2026-03-03 13:36:01] eps=9 rep=8/10: frame progress 700/1000 (70.0%)
[2026-03-03 13:36:01] eps=6 rep=3/10: frame progress 800/1000 (80.0%)
[2026-03-03 13:36:01] eps=18 rep=10/10: frame progress 500/1000 (50.0%)
[2026-03-03 13:36:01] eps=6 rep=9/10: frame progress 800/1000 (80.0%)
[2026-03-03 13:36:02] eps=18 rep=9/10: frame progress 500/1000 (50.0%)
[2026-03-03 13:36:02] eps=6 rep=1/10: frame progress 800/1000 (80.0%)
[2026-03-03 13:36:02] eps=18 rep=5/10: frame progress 500/1000 (50.0%)
[2026-03-03 13:36:02] eps=9 rep=3/10: frame progress 700/1000 (70.0%)
[2026-03-03 13:36:03] eps=15 rep=3/10: frame progress 500/1000 (50.0%)
[2026-03-03 13:36:03] eps=15 rep=1/10: frame progress 500/1000 (50.0%)
[2026-03-03 13:36:03] eps=15 rep=8/10: frame progress 500/1000 (50.0%)
[2026-03-03 13:36:03] eps=15 rep=2/10: frame progress 500/1000 (50.0%)
[2026-03-03 13:36:03] eps=9 rep=9/10: frame progress 700/1000 (70.0%)
[2026-03-03 13:36:03] eps=3 rep=9/10: frame progress 900/1000 (90.0%)
[2026-03-03 13:36:03] eps=15 rep=9/10: frame progress 500/1000 (50.0%)
[2026-03-03 13:36:04] eps=9 rep=4/10: frame progress 700/1000 (70.0%)
[2026-03-03 13:36:04] eps=15 rep=4/10: frame progress 500/1000 (50.0%)
[2026-03-03 13:36:05] eps=15 rep=10/10: frame progress 500/1000 (50.0%)
[2026-03-03 13:36:05] eps=9 rep=1/10: frame progress 700/1000 (70.0%)
[2026-03-03 13:36:06] eps=3 rep=1/10: frame progress 900/1000 (90.0%)
[2026-03-03 13:36:06] eps=9 rep=6/10: frame progress 700/1000 (70.0%)
[2026-03-03 13:36:06] eps=6 rep=8/10: frame progress 800/1000 (80.0%)
[2026-03-03 13:36:06] eps=6 rep=7/10: frame progress 800/1000 (80.0%)
[2026-03-03 13:36:06] eps=3 rep=10/10: frame progress 900/1000 (90.0%)
[2026-03-03 13:36:07] eps=6 rep=4/10: frame progress 800/1000 (80.0%)
[2026-03-03 13:36:07] eps=3 rep=5/10: frame progress 900/1000 (90.0%)
[2026-03-03 13:36:07] eps=6 rep=6/10: frame progress 800/1000 (80.0%)
[2026-03-03 13:36:07] eps=3 rep=3/10: frame progress 900/1000 (90.0%)
[2026-03-03 13:36:08] eps=3 rep=8/10: frame progress 900/1000 (90.0%)
[2026-03-03 13:36:08] eps=6 rep=2/10: frame progress 800/1000 (80.0%)
[2026-03-03 13:36:09] eps=18 rep=2/10: frame progress 500/1000 (50.0%)
[2026-03-03 13:36:09] eps=6 rep=5/10: frame progress 800/1000 (80.0%)
[2026-03-03 13:36:09] eps=3 rep=4/10: frame progress 900/1000 (90.0%)
[2026-03-03 13:36:09] eps=18 rep=3/10: frame progress 500/1000 (50.0%)
[2026-03-03 13:36:10] eps=18 rep=8/10: frame progress 500/1000 (50.0%)
[2026-03-03 13:36:10] eps=18 rep=4/10: frame progress 500/1000 (50.0%)
[2026-03-03 13:36:11] eps=18 rep=1/10: frame progress 500/1000 (50.0%)
[2026-03-03 13:36:11] eps=3 rep=7/10: frame progress 900/1000 (90.0%)
[2026-03-03 13:36:11] eps=18 rep=7/10: frame progress 500/1000 (50.0%)
[2026-03-03 13:36:11] eps=18 rep=6/10: frame progress 500/1000 (50.0%)
[2026-03-03 13:36:11] eps=3 rep=2/10: frame progress 900/1000 (90.0%)
[2026-03-03 13:36:11] eps=6 rep=10/10: frame progress 800/1000 (80.0%)
[2026-03-03 13:36:15] eps=3 rep=6/10: frame progress 900/1000 (90.0%)
[2026-03-03 13:36:18] eps=9 rep=5/10: frame progress 700/1000 (70.0%)
[2026-03-03 13:36:45] eps=3 rep=9/10: frame progress 1000/1000 (100.0%)
[2026-03-03 13:36:48] eps=3 rep=10/10: frame progress 1000/1000 (100.0%)
[2026-03-03 13:36:48] eps=3 rep=1/10: frame progress 1000/1000 (100.0%)
[2026-03-03 13:36:49] eps=3 rep=5/10: frame progress 1000/1000 (100.0%)
[2026-03-03 13:36:49] eps=3 rep=3/10: frame progress 1000/1000 (100.0%)
[2026-03-03 13:36:49] eps=3 rep=8/10: frame progress 1000/1000 (100.0%)
[2026-03-03 13:36:51] eps=6 rep=3/10: frame progress 900/1000 (90.0%)
[2026-03-03 13:36:51] eps=3 rep=4/10: frame progress 1000/1000 (100.0%)
[2026-03-03 13:36:51] eps=6 rep=1/10: frame progress 900/1000 (90.0%)
[2026-03-03 13:36:51] eps=6 rep=9/10: frame progress 900/1000 (90.0%)
[2026-03-03 13:36:53] eps=3 rep=7/10: frame progress 1000/1000 (100.0%)
[2026-03-03 13:36:54] eps=3 rep=2/10: frame progress 1000/1000 (100.0%)
[2026-03-03 13:36:55] eps=9 rep=7/10: frame progress 800/1000 (80.0%)
[2026-03-03 13:36:55] eps=12 rep=2/9: frame progress 700/1000 (70.0%)
[2026-03-03 13:36:56] eps=12 rep=1/9: frame progress 700/1000 (70.0%)
[2026-03-03 13:36:56] eps=9 rep=2/10: frame progress 800/1000 (80.0%)
[2026-03-03 13:36:57] eps=12 rep=3/9: frame progress 700/1000 (70.0%)
[2026-03-03 13:36:57] eps=6 rep=8/10: frame progress 900/1000 (90.0%)
[2026-03-03 13:36:57] eps=3 rep=9/10: done
[2026-03-03 13:36:57] eps=6 rep=7/10: frame progress 900/1000 (90.0%)
[2026-03-03 13:36:58] eps=6 rep=4/10: frame progress 900/1000 (90.0%)
[2026-03-03 13:36:58] eps=3 rep=6/10: frame progress 1000/1000 (100.0%)
[2026-03-03 13:36:58] eps=9 rep=10/10: frame progress 800/1000 (80.0%)
[2026-03-03 13:36:58] eps=6 rep=6/10: frame progress 900/1000 (90.0%)
[2026-03-03 13:36:59] eps=6 rep=2/10: frame progress 900/1000 (90.0%)
[2026-03-03 13:37:00] eps=6 rep=5/10: frame progress 900/1000 (90.0%)
[2026-03-03 13:37:01] eps=9 rep=8/10: frame progress 800/1000 (80.0%)
[2026-03-03 13:37:01] eps=3 rep=10/10: done
[2026-03-03 13:37:01] eps=3 rep=1/10: done
[2026-03-03 13:37:02] eps=3 rep=5/10: done
[2026-03-03 13:37:02] eps=3 rep=3/10: done
[2026-03-03 13:37:02] eps=3 rep=8/10: done
[2026-03-03 13:37:03] eps=6 rep=10/10: frame progress 900/1000 (90.0%)
[2026-03-03 13:37:03] eps=9 rep=3/10: frame progress 800/1000 (80.0%)
[2026-03-03 13:37:04] eps=12 rep=5/9: frame progress 700/1000 (70.0%)
[2026-03-03 13:37:04] eps=3 rep=4/10: done
[2026-03-03 13:37:04] eps=12 rep=8/9: frame progress 700/1000 (70.0%)
[2026-03-03 13:37:04] eps=9 rep=9/10: frame progress 800/1000 (80.0%)
[2026-03-03 13:37:04] eps=9 rep=4/10: frame progress 800/1000 (80.0%)
[2026-03-03 13:37:05] eps=12 rep=9/9: frame progress 700/1000 (70.0%)
[2026-03-03 13:37:05] eps=12 rep=4/9: frame progress 700/1000 (70.0%)
[2026-03-03 13:37:06] eps=3 rep=7/10: done
[2026-03-03 13:37:06] eps=3 rep=2/10: done
[2026-03-03 13:37:06] eps=9 rep=1/10: frame progress 800/1000 (80.0%)
[2026-03-03 13:37:07] eps=12 rep=7/9: frame progress 700/1000 (70.0%)
[2026-03-03 13:37:07] eps=12 rep=6/9: frame progress 700/1000 (70.0%)
[2026-03-03 13:37:07] eps=9 rep=6/10: frame progress 800/1000 (80.0%)
[2026-03-03 13:37:10] eps=3 rep=6/10: done
[2026-03-03 13:37:21] eps=9 rep=5/10: frame progress 800/1000 (80.0%)
[2026-03-03 13:37:31] eps=15 rep=6/10: frame progress 600/1000 (60.0%)
[2026-03-03 13:37:34] eps=15 rep=7/10: frame progress 600/1000 (60.0%)
[2026-03-03 13:37:39] eps=15 rep=5/10: frame progress 600/1000 (60.0%)
[2026-03-03 13:37:41] eps=15 rep=3/10: frame progress 600/1000 (60.0%)
[2026-03-03 13:37:41] eps=15 rep=1/10: frame progress 600/1000 (60.0%)
[2026-03-03 13:37:42] eps=18 rep=10/10: frame progress 600/1000 (60.0%)
[2026-03-03 13:37:42] eps=18 rep=9/10: frame progress 600/1000 (60.0%)
[2026-03-03 13:37:42] eps=15 rep=2/10: frame progress 600/1000 (60.0%)
[2026-03-03 13:37:42] eps=15 rep=8/10: frame progress 600/1000 (60.0%)
[2026-03-03 13:37:43] eps=15 rep=9/10: frame progress 600/1000 (60.0%)
[2026-03-03 13:37:43] eps=6 rep=3/10: frame progress 1000/1000 (100.0%)
[2026-03-03 13:37:43] eps=6 rep=1/10: frame progress 1000/1000 (100.0%)
[2026-03-03 13:37:44] eps=6 rep=9/10: frame progress 1000/1000 (100.0%)
[2026-03-03 13:37:44] eps=18 rep=5/10: frame progress 600/1000 (60.0%)
[2026-03-03 13:37:44] eps=15 rep=4/10: frame progress 600/1000 (60.0%)
[2026-03-03 13:37:45] eps=15 rep=10/10: frame progress 600/1000 (60.0%)
[2026-03-03 13:37:50] eps=6 rep=7/10: frame progress 1000/1000 (100.0%)
[2026-03-03 13:37:51] eps=6 rep=8/10: frame progress 1000/1000 (100.0%)
[2026-03-03 13:37:51] eps=6 rep=4/10: frame progress 1000/1000 (100.0%)
[2026-03-03 13:37:51] eps=6 rep=6/10: frame progress 1000/1000 (100.0%)
[2026-03-03 13:37:51] eps=18 rep=2/10: frame progress 600/1000 (60.0%)
[2026-03-03 13:37:52] eps=6 rep=2/10: frame progress 1000/1000 (100.0%)
[2026-03-03 13:37:53] eps=6 rep=5/10: frame progress 1000/1000 (100.0%)
[2026-03-03 13:37:54] eps=18 rep=8/10: frame progress 600/1000 (60.0%)
[2026-03-03 13:37:54] eps=18 rep=1/10: frame progress 600/1000 (60.0%)
[2026-03-03 13:37:54] eps=18 rep=3/10: frame progress 600/1000 (60.0%)
[2026-03-03 13:37:54] eps=18 rep=4/10: frame progress 600/1000 (60.0%)
[2026-03-03 13:37:55] eps=6 rep=3/10: done
[2026-03-03 13:37:55] eps=18 rep=7/10: frame progress 600/1000 (60.0%)
[2026-03-03 13:37:56] eps=6 rep=1/10: done
[2026-03-03 13:37:56] eps=6 rep=9/10: done
[2026-03-03 13:37:57] eps=18 rep=6/10: frame progress 600/1000 (60.0%)
[2026-03-03 13:37:57] eps=6 rep=10/10: frame progress 1000/1000 (100.0%)
[2026-03-03 13:37:58] eps=9 rep=7/10: frame progress 900/1000 (90.0%)
[2026-03-03 13:37:58] eps=9 rep=2/10: frame progress 900/1000 (90.0%)
[2026-03-03 13:38:01] eps=9 rep=10/10: frame progress 900/1000 (90.0%)
[2026-03-03 13:38:03] eps=12 rep=2/9: frame progress 800/1000 (80.0%)
[2026-03-03 13:38:03] eps=9 rep=8/10: frame progress 900/1000 (90.0%)
[2026-03-03 13:38:03] eps=6 rep=7/10: done
[2026-03-03 13:38:04] eps=6 rep=8/10: done
[2026-03-03 13:38:04] eps=12 rep=1/9: frame progress 800/1000 (80.0%)
[2026-03-03 13:38:04] eps=6 rep=6/10: done
[2026-03-03 13:38:04] eps=6 rep=4/10: done
[2026-03-03 13:38:05] eps=12 rep=3/9: frame progress 800/1000 (80.0%)
[2026-03-03 13:38:05] eps=6 rep=2/10: done
[2026-03-03 13:38:06] eps=6 rep=5/10: done
[2026-03-03 13:38:06] eps=9 rep=3/10: frame progress 900/1000 (90.0%)
[2026-03-03 13:38:08] eps=9 rep=4/10: frame progress 900/1000 (90.0%)
[2026-03-03 13:38:09] eps=9 rep=9/10: frame progress 900/1000 (90.0%)
[2026-03-03 13:38:10] eps=6 rep=10/10: done
[2026-03-03 13:38:10] eps=9 rep=1/10: frame progress 900/1000 (90.0%)
[2026-03-03 13:38:11] eps=9 rep=6/10: frame progress 900/1000 (90.0%)
[2026-03-03 13:38:13] eps=12 rep=5/9: frame progress 800/1000 (80.0%)
[2026-03-03 13:38:13] eps=12 rep=8/9: frame progress 800/1000 (80.0%)
[2026-03-03 13:38:14] eps=12 rep=9/9: frame progress 800/1000 (80.0%)
[2026-03-03 13:38:14] eps=12 rep=4/9: frame progress 800/1000 (80.0%)
[2026-03-03 13:38:16] eps=12 rep=7/9: frame progress 800/1000 (80.0%)
[2026-03-03 13:38:16] eps=12 rep=6/9: frame progress 800/1000 (80.0%)
[2026-03-03 13:38:27] eps=9 rep=5/10: frame progress 900/1000 (90.0%)
[2026-03-03 13:39:03] eps=9 rep=7/10: frame progress 1000/1000 (100.0%)
[2026-03-03 13:39:04] eps=9 rep=2/10: frame progress 1000/1000 (100.0%)
[2026-03-03 13:39:06] eps=9 rep=10/10: frame progress 1000/1000 (100.0%)
[2026-03-03 13:39:09] eps=9 rep=8/10: frame progress 1000/1000 (100.0%)
[2026-03-03 13:39:13] eps=9 rep=3/10: frame progress 1000/1000 (100.0%)
[2026-03-03 13:39:13] eps=12 rep=2/9: frame progress 900/1000 (90.0%)
[2026-03-03 13:39:14] eps=12 rep=1/9: frame progress 900/1000 (90.0%)
[2026-03-03 13:39:14] eps=9 rep=4/10: frame progress 1000/1000 (100.0%)
[2026-03-03 13:39:15] eps=12 rep=3/9: frame progress 900/1000 (90.0%)
[2026-03-03 13:39:15] eps=9 rep=9/10: frame progress 1000/1000 (100.0%)
[2026-03-03 13:39:16] eps=9 rep=7/10: done
[2026-03-03 13:39:16] eps=15 rep=6/10: frame progress 700/1000 (70.0%)
[2026-03-03 13:39:17] eps=9 rep=2/10: done
[2026-03-03 13:39:17] eps=9 rep=1/10: frame progress 1000/1000 (100.0%)
[2026-03-03 13:39:18] eps=9 rep=6/10: frame progress 1000/1000 (100.0%)
[2026-03-03 13:39:19] eps=9 rep=10/10: done
[2026-03-03 13:39:22] eps=9 rep=8/10: done
[2026-03-03 13:39:23] eps=15 rep=7/10: frame progress 700/1000 (70.0%)
[2026-03-03 13:39:25] eps=12 rep=5/9: frame progress 900/1000 (90.0%)
[2026-03-03 13:39:25] eps=12 rep=9/9: frame progress 900/1000 (90.0%)
[2026-03-03 13:39:26] eps=9 rep=3/10: done
[2026-03-03 13:39:26] eps=12 rep=4/9: frame progress 900/1000 (90.0%)
[2026-03-03 13:39:26] eps=12 rep=8/9: frame progress 900/1000 (90.0%)
[2026-03-03 13:39:26] eps=15 rep=5/10: frame progress 700/1000 (70.0%)
[2026-03-03 13:39:27] eps=9 rep=4/10: done
[2026-03-03 13:39:28] eps=9 rep=9/10: done
[2026-03-03 13:39:28] eps=15 rep=3/10: frame progress 700/1000 (70.0%)
[2026-03-03 13:39:28] eps=12 rep=7/9: frame progress 900/1000 (90.0%)
[2026-03-03 13:39:29] eps=15 rep=1/10: frame progress 700/1000 (70.0%)
[2026-03-03 13:39:29] eps=12 rep=6/9: frame progress 900/1000 (90.0%)
[2026-03-03 13:39:29] eps=15 rep=2/10: frame progress 700/1000 (70.0%)
[2026-03-03 13:39:30] eps=9 rep=1/10: done
[2026-03-03 13:39:30] eps=15 rep=8/10: frame progress 700/1000 (70.0%)
[2026-03-03 13:39:31] eps=15 rep=9/10: frame progress 700/1000 (70.0%)
[2026-03-03 13:39:31] eps=9 rep=6/10: done
[2026-03-03 13:39:31] eps=15 rep=4/10: frame progress 700/1000 (70.0%)
[2026-03-03 13:39:33] eps=18 rep=10/10: frame progress 700/1000 (70.0%)
[2026-03-03 13:39:33] eps=15 rep=10/10: frame progress 700/1000 (70.0%)
[2026-03-03 13:39:36] eps=18 rep=5/10: frame progress 700/1000 (70.0%)
[2026-03-03 13:39:36] eps=9 rep=5/10: frame progress 1000/1000 (100.0%)
[2026-03-03 13:39:39] eps=18 rep=9/10: frame progress 700/1000 (70.0%)
[2026-03-03 13:39:44] eps=18 rep=2/10: frame progress 700/1000 (70.0%)
[2026-03-03 13:39:46] eps=18 rep=1/10: frame progress 700/1000 (70.0%)
[2026-03-03 13:39:47] eps=18 rep=3/10: frame progress 700/1000 (70.0%)
[2026-03-03 13:39:47] eps=18 rep=8/10: frame progress 700/1000 (70.0%)
[2026-03-03 13:39:49] eps=9 rep=5/10: done
[2026-03-03 13:39:50] eps=18 rep=7/10: frame progress 700/1000 (70.0%)
[2026-03-03 13:39:50] eps=18 rep=6/10: frame progress 700/1000 (70.0%)
[2026-03-03 13:39:50] eps=18 rep=4/10: frame progress 700/1000 (70.0%)
[2026-03-03 13:40:27] eps=12 rep=1/9: frame progress 1000/1000 (100.0%)
[2026-03-03 13:40:28] eps=12 rep=3/9: frame progress 1000/1000 (100.0%)
[2026-03-03 13:40:31] eps=12 rep=2/9: frame progress 1000/1000 (100.0%)
[2026-03-03 13:40:40] eps=12 rep=1/9: done
[2026-03-03 13:40:40] eps=12 rep=5/9: frame progress 1000/1000 (100.0%)
[2026-03-03 13:40:41] eps=12 rep=9/9: frame progress 1000/1000 (100.0%)
[2026-03-03 13:40:41] eps=12 rep=4/9: frame progress 1000/1000 (100.0%)
[2026-03-03 13:40:41] eps=12 rep=3/9: done
[2026-03-03 13:40:43] eps=12 rep=7/9: frame progress 1000/1000 (100.0%)
[2026-03-03 13:40:43] eps=12 rep=8/9: frame progress 1000/1000 (100.0%)
[2026-03-03 13:40:44] eps=12 rep=2/9: done
[2026-03-03 13:40:44] eps=12 rep=6/9: frame progress 1000/1000 (100.0%)
[2026-03-03 13:40:53] eps=12 rep=5/9: done
[2026-03-03 13:40:54] eps=12 rep=9/9: done
[2026-03-03 13:40:54] eps=12 rep=4/9: done
[2026-03-03 13:40:55] eps=12 rep=7/9: done
[2026-03-03 13:40:56] eps=12 rep=8/9: done
[2026-03-03 13:40:57] eps=12 rep=6/9: done
[2026-03-03 13:41:15] eps=15 rep=6/10: frame progress 800/1000 (80.0%)
[2026-03-03 13:41:21] eps=15 rep=7/10: frame progress 800/1000 (80.0%)
[2026-03-03 13:41:22] eps=15 rep=5/10: frame progress 800/1000 (80.0%)
[2026-03-03 13:41:23] eps=15 rep=3/10: frame progress 800/1000 (80.0%)
[2026-03-03 13:41:25] eps=15 rep=2/10: frame progress 800/1000 (80.0%)
[2026-03-03 13:41:25] eps=15 rep=1/10: frame progress 800/1000 (80.0%)
[2026-03-03 13:41:27] eps=15 rep=8/10: frame progress 800/1000 (80.0%)
[2026-03-03 13:41:28] eps=15 rep=4/10: frame progress 800/1000 (80.0%)
[2026-03-03 13:41:30] eps=15 rep=10/10: frame progress 800/1000 (80.0%)
[2026-03-03 13:41:32] eps=15 rep=9/10: frame progress 800/1000 (80.0%)
[2026-03-03 13:41:38] eps=18 rep=10/10: frame progress 800/1000 (80.0%)
[2026-03-03 13:41:43] eps=18 rep=5/10: frame progress 800/1000 (80.0%)
[2026-03-03 13:41:43] eps=18 rep=9/10: frame progress 800/1000 (80.0%)
[2026-03-03 13:41:47] eps=18 rep=2/10: frame progress 800/1000 (80.0%)
[2026-03-03 13:41:50] eps=18 rep=1/10: frame progress 800/1000 (80.0%)
[2026-03-03 13:41:50] eps=18 rep=3/10: frame progress 800/1000 (80.0%)
[2026-03-03 13:41:52] eps=18 rep=8/10: frame progress 800/1000 (80.0%)
[2026-03-03 13:41:54] eps=18 rep=6/10: frame progress 800/1000 (80.0%)
[2026-03-03 13:41:54] eps=18 rep=4/10: frame progress 800/1000 (80.0%)
[2026-03-03 13:41:55] eps=18 rep=7/10: frame progress 800/1000 (80.0%)
[2026-03-03 13:43:21] eps=15 rep=6/10: frame progress 900/1000 (90.0%)
[2026-03-03 13:43:25] eps=15 rep=7/10: frame progress 900/1000 (90.0%)
[2026-03-03 13:43:26] eps=15 rep=5/10: frame progress 900/1000 (90.0%)
[2026-03-03 13:43:26] eps=15 rep=3/10: frame progress 900/1000 (90.0%)
[2026-03-03 13:43:30] eps=15 rep=2/10: frame progress 900/1000 (90.0%)
[2026-03-03 13:43:30] eps=15 rep=1/10: frame progress 900/1000 (90.0%)
[2026-03-03 13:43:34] eps=15 rep=8/10: frame progress 900/1000 (90.0%)
[2026-03-03 13:43:34] eps=15 rep=4/10: frame progress 900/1000 (90.0%)
[2026-03-03 13:43:35] eps=15 rep=10/10: frame progress 900/1000 (90.0%)
[2026-03-03 13:43:37] eps=15 rep=9/10: frame progress 900/1000 (90.0%)
[2026-03-03 13:43:57] eps=18 rep=10/10: frame progress 900/1000 (90.0%)
[2026-03-03 13:43:59] eps=18 rep=5/10: frame progress 900/1000 (90.0%)
[2026-03-03 13:44:00] eps=18 rep=9/10: frame progress 900/1000 (90.0%)
[2026-03-03 13:44:02] eps=18 rep=2/10: frame progress 900/1000 (90.0%)
[2026-03-03 13:44:05] eps=18 rep=3/10: frame progress 900/1000 (90.0%)
[2026-03-03 13:44:06] eps=18 rep=1/10: frame progress 900/1000 (90.0%)
[2026-03-03 13:44:06] eps=18 rep=8/10: frame progress 900/1000 (90.0%)
[2026-03-03 13:44:09] eps=18 rep=6/10: frame progress 900/1000 (90.0%)
[2026-03-03 13:44:09] eps=18 rep=4/10: frame progress 900/1000 (90.0%)
[2026-03-03 13:44:12] eps=18 rep=7/10: frame progress 900/1000 (90.0%)
[2026-03-03 13:45:35] eps=15 rep=6/10: frame progress 1000/1000 (100.0%)
[2026-03-03 13:45:37] eps=15 rep=3/10: frame progress 1000/1000 (100.0%)
[2026-03-03 13:45:38] eps=15 rep=5/10: frame progress 1000/1000 (100.0%)
[2026-03-03 13:45:39] eps=15 rep=7/10: frame progress 1000/1000 (100.0%)
[2026-03-03 13:45:43] eps=15 rep=1/10: frame progress 1000/1000 (100.0%)
[2026-03-03 13:45:44] eps=15 rep=2/10: frame progress 1000/1000 (100.0%)
[2026-03-03 13:45:47] eps=15 rep=8/10: frame progress 1000/1000 (100.0%)
[2026-03-03 13:45:48] eps=15 rep=6/10: done
[2026-03-03 13:45:48] eps=15 rep=4/10: frame progress 1000/1000 (100.0%)
[2026-03-03 13:45:49] eps=15 rep=9/10: frame progress 1000/1000 (100.0%)
[2026-03-03 13:45:49] eps=15 rep=10/10: frame progress 1000/1000 (100.0%)
[2026-03-03 13:45:50] eps=15 rep=3/10: done
[2026-03-03 13:45:50] eps=15 rep=5/10: done
[2026-03-03 13:45:52] eps=15 rep=7/10: done
[2026-03-03 13:45:55] eps=15 rep=1/10: done
[2026-03-03 13:45:56] eps=15 rep=2/10: done
[2026-03-03 13:46:00] eps=15 rep=8/10: done
[2026-03-03 13:46:01] eps=15 rep=4/10: done
[2026-03-03 13:46:02] eps=15 rep=9/10: done
[2026-03-03 13:46:02] eps=15 rep=10/10: done
[2026-03-03 13:46:26] eps=18 rep=10/10: frame progress 1000/1000 (100.0%)
[2026-03-03 13:46:27] eps=18 rep=5/10: frame progress 1000/1000 (100.0%)
[2026-03-03 13:46:30] eps=18 rep=9/10: frame progress 1000/1000 (100.0%)
[2026-03-03 13:46:31] eps=18 rep=2/10: frame progress 1000/1000 (100.0%)
[2026-03-03 13:46:32] eps=18 rep=3/10: frame progress 1000/1000 (100.0%)
[2026-03-03 13:46:33] eps=18 rep=1/10: frame progress 1000/1000 (100.0%)
[2026-03-03 13:46:34] eps=18 rep=8/10: frame progress 1000/1000 (100.0%)
[2026-03-03 13:46:36] eps=18 rep=6/10: frame progress 1000/1000 (100.0%)
[2026-03-03 13:46:38] eps=18 rep=4/10: frame progress 1000/1000 (100.0%)
[2026-03-03 13:46:39] eps=18 rep=10/10: done
[2026-03-03 13:46:40] eps=18 rep=5/10: done
[2026-03-03 13:46:40] eps=18 rep=7/10: frame progress 1000/1000 (100.0%)
[2026-03-03 13:46:43] eps=18 rep=9/10: done
[2026-03-03 13:46:43] eps=18 rep=2/10: done
[2026-03-03 13:46:45] eps=18 rep=3/10: done
[2026-03-03 13:46:46] eps=18 rep=1/10: done
[2026-03-03 13:46:46] eps=18 rep=8/10: done
[2026-03-03 13:46:48] eps=18 rep=6/10: done
[2026-03-03 13:46:50] eps=18 rep=4/10: done
[2026-03-03 13:46:53] eps=18 rep=7/10: done
[2026-03-03 13:46:53] Completed parallel analysis for 59 runs
[2026-03-03 13:46:53] Aggregating epsilon group 1/6: eps=3, replicates=10
[2026-03-03 13:46:53] Writing outputs for eps=3 to /scratch/gpfs/WEBB/chertok/REACTIVELJ_PAPER/simulation_package/melt/analysis/results/eps_3
[2026-03-03 13:46:54] Finished epsilon group eps=3
[2026-03-03 13:46:54] Aggregating epsilon group 2/6: eps=6, replicates=10
[2026-03-03 13:46:54] Writing outputs for eps=6 to /scratch/gpfs/WEBB/chertok/REACTIVELJ_PAPER/simulation_package/melt/analysis/results/eps_6
[2026-03-03 13:46:55] Finished epsilon group eps=6
[2026-03-03 13:46:55] Aggregating epsilon group 3/6: eps=9, replicates=10
[2026-03-03 13:46:55] Writing outputs for eps=9 to /scratch/gpfs/WEBB/chertok/REACTIVELJ_PAPER/simulation_package/melt/analysis/results/eps_9
[2026-03-03 13:46:57] Finished epsilon group eps=9
[2026-03-03 13:46:57] Aggregating epsilon group 4/6: eps=12, replicates=9
[2026-03-03 13:46:57] Writing outputs for eps=12 to /scratch/gpfs/WEBB/chertok/REACTIVELJ_PAPER/simulation_package/melt/analysis/results/eps_12
[2026-03-03 13:46:58] Finished epsilon group eps=12
[2026-03-03 13:46:58] Aggregating epsilon group 5/6: eps=15, replicates=10
[2026-03-03 13:46:58] Writing outputs for eps=15 to /scratch/gpfs/WEBB/chertok/REACTIVELJ_PAPER/simulation_package/melt/analysis/results/eps_15
[2026-03-03 13:47:00] Finished epsilon group eps=15
[2026-03-03 13:47:00] Aggregating epsilon group 6/6: eps=18, replicates=10
[2026-03-03 13:47:00] Writing outputs for eps=18 to /scratch/gpfs/WEBB/chertok/REACTIVELJ_PAPER/simulation_package/melt/analysis/results/eps_18
[2026-03-03 13:47:02] Finished epsilon group eps=18
[2026-03-03 13:47:02] Wrote /scratch/gpfs/WEBB/chertok/REACTIVELJ_PAPER/simulation_package/melt/analysis/results/summary.json
[2026-03-03 13:47:02] Wrote /scratch/gpfs/WEBB/chertok/REACTIVELJ_PAPER/simulation_package/melt/analysis/results/summary.csv
[2026-03-03 13:47:04] Analysis complete
[2026-03-03 13:47:05] Step 7/8 complete: Analysis finished in 973 seconds
[2026-03-03 13:47:05] Step 8/8: Job complete in 975 seconds total
