[2026-02-28 18:49:25] Step 1/8: Purging modules
[2026-02-28 18:49:25] Step 2/8: Sourcing ~/.bashrc
[2026-02-28 18:49:25] Step 3/8: Loading anaconda module
[2026-02-28 18:49:25] Step 4/8: Activating conda environment
[2026-02-28 18:49:26] Step 5/8: Changing directory to /scratch/gpfs/WEBB/chertok/REACTIVELJ_PAPER/simulation_package/melt
[2026-02-28 18:49:26] Step 6/8: Ensuring logs directory exists
[2026-02-28 18:49:26] Step 7/8: Starting trajectory analysis
[2026-02-28 18:49:27] Scanning trajectories under /scratch/gpfs/WEBB/chertok/REACTIVELJ_PAPER/simulation_package/melt/data_generation/outputs
[2026-02-28 18:49:27] Discovered 59 trajectory/metadata pairs
[2026-02-28 18:49:27] Grouped runs into 6 epsilon values
[2026-02-28 18:49:27] Queueing epsilon group 1/6: eps=3, replicates=10
[2026-02-28 18:49:27] Queueing epsilon group 2/6: eps=6, replicates=10
[2026-02-28 18:49:27] Queueing epsilon group 3/6: eps=9, replicates=10
[2026-02-28 18:49:27] Queueing epsilon group 4/6: eps=12, replicates=9
[2026-02-28 18:49:27] Queueing epsilon group 5/6: eps=15, replicates=10
[2026-02-28 18:49:27] Queueing epsilon group 6/6: eps=18, replicates=10
[2026-02-28 18:49:27] Starting parallel analysis with 16 workers on 59 runs
[2026-02-28 18:49:28] eps=3 rep=3/10: start (eps_3/rep_007/trajectory.gsd)
[2026-02-28 18:49:28] eps=3 rep=6/10: start (eps_3/rep_010/trajectory.gsd)
[2026-02-28 18:49:28] eps=3 rep=2/10: start (eps_3/rep_003/trajectory.gsd)
[2026-02-28 18:49:28] eps=3 rep=5/10: start (eps_3/rep_005/trajectory.gsd)
[2026-02-28 18:49:28] eps=3 rep=1/10: start (eps_3/rep_004/trajectory.gsd)
[2026-02-28 18:49:28] eps=6 rep=2/10: start (eps_6/rep_003/trajectory.gsd)
[2026-02-28 18:49:28] eps=6 rep=1/10: start (eps_6/rep_004/trajectory.gsd)
[2026-02-28 18:49:28] eps=3 rep=4/10: start (eps_3/rep_006/trajectory.gsd)
[2026-02-28 18:49:28] eps=3 rep=10/10: start (eps_3/rep_001/trajectory.gsd)
[2026-02-28 18:49:28] eps=3 rep=8/10: start (eps_3/rep_008/trajectory.gsd)
[2026-02-28 18:49:28] eps=3 rep=7/10: start (eps_3/rep_009/trajectory.gsd)
[2026-02-28 18:49:28] eps=3 rep=9/10: start (eps_3/rep_002/trajectory.gsd)
[2026-02-28 18:49:28] eps=6 rep=3/10: start (eps_6/rep_007/trajectory.gsd)
[2026-02-28 18:49:28] eps=6 rep=4/10: start (eps_6/rep_006/trajectory.gsd)
[2026-02-28 18:49:28] eps=6 rep=5/10: start (eps_6/rep_005/trajectory.gsd)
[2026-02-28 18:49:28] eps=6 rep=6/10: start (eps_6/rep_010/trajectory.gsd)
[2026-02-28 18:49:31] eps=3 rep=1/10: frame progress 10/100 (10.0%)
[2026-02-28 18:49:31] eps=3 rep=4/10: frame progress 10/100 (10.0%)
[2026-02-28 18:49:31] eps=3 rep=3/10: frame progress 10/100 (10.0%)
[2026-02-28 18:49:31] eps=3 rep=10/10: frame progress 10/100 (10.0%)
[2026-02-28 18:49:31] eps=3 rep=9/10: frame progress 10/100 (10.0%)
[2026-02-28 18:49:31] eps=3 rep=2/10: frame progress 10/100 (10.0%)
[2026-02-28 18:49:31] eps=3 rep=5/10: frame progress 10/100 (10.0%)
[2026-02-28 18:49:31] eps=3 rep=8/10: frame progress 10/100 (10.0%)
[2026-02-28 18:49:31] eps=3 rep=6/10: frame progress 10/100 (10.0%)
[2026-02-28 18:49:31] eps=3 rep=7/10: frame progress 10/100 (10.0%)
[2026-02-28 18:49:31] eps=6 rep=1/10: frame progress 10/100 (10.0%)
[2026-02-28 18:49:31] eps=6 rep=5/10: frame progress 10/100 (10.0%)
[2026-02-28 18:49:31] eps=6 rep=3/10: frame progress 10/100 (10.0%)
[2026-02-28 18:49:31] eps=6 rep=4/10: frame progress 10/100 (10.0%)
[2026-02-28 18:49:31] eps=6 rep=2/10: frame progress 10/100 (10.0%)
[2026-02-28 18:49:31] eps=6 rep=6/10: frame progress 10/100 (10.0%)
[2026-02-28 18:49:33] eps=3 rep=1/10: frame progress 20/100 (20.0%)
[2026-02-28 18:49:33] eps=3 rep=4/10: frame progress 20/100 (20.0%)
[2026-02-28 18:49:34] eps=3 rep=3/10: frame progress 20/100 (20.0%)
[2026-02-28 18:49:34] eps=3 rep=10/10: frame progress 20/100 (20.0%)
[2026-02-28 18:49:34] eps=3 rep=9/10: frame progress 20/100 (20.0%)
[2026-02-28 18:49:34] eps=3 rep=2/10: frame progress 20/100 (20.0%)
[2026-02-28 18:49:34] eps=3 rep=8/10: frame progress 20/100 (20.0%)
[2026-02-28 18:49:34] eps=3 rep=7/10: frame progress 20/100 (20.0%)
[2026-02-28 18:49:34] eps=3 rep=6/10: frame progress 20/100 (20.0%)
[2026-02-28 18:49:34] eps=3 rep=5/10: frame progress 20/100 (20.0%)
[2026-02-28 18:49:34] eps=6 rep=1/10: frame progress 20/100 (20.0%)
[2026-02-28 18:49:34] eps=6 rep=5/10: frame progress 20/100 (20.0%)
[2026-02-28 18:49:34] eps=6 rep=3/10: frame progress 20/100 (20.0%)
[2026-02-28 18:49:34] eps=6 rep=4/10: frame progress 20/100 (20.0%)
[2026-02-28 18:49:34] eps=6 rep=6/10: frame progress 20/100 (20.0%)
[2026-02-28 18:49:34] eps=6 rep=2/10: frame progress 20/100 (20.0%)
[2026-02-28 18:49:36] eps=3 rep=1/10: frame progress 30/100 (30.0%)
[2026-02-28 18:49:36] eps=3 rep=4/10: frame progress 30/100 (30.0%)
[2026-02-28 18:49:36] eps=3 rep=3/10: frame progress 30/100 (30.0%)
[2026-02-28 18:49:36] eps=3 rep=10/10: frame progress 30/100 (30.0%)
[2026-02-28 18:49:36] eps=3 rep=9/10: frame progress 30/100 (30.0%)
[2026-02-28 18:49:36] eps=3 rep=2/10: frame progress 30/100 (30.0%)
[2026-02-28 18:49:36] eps=3 rep=8/10: frame progress 30/100 (30.0%)
[2026-02-28 18:49:36] eps=3 rep=7/10: frame progress 30/100 (30.0%)
[2026-02-28 18:49:36] eps=3 rep=6/10: frame progress 30/100 (30.0%)
[2026-02-28 18:49:36] eps=3 rep=5/10: frame progress 30/100 (30.0%)
[2026-02-28 18:49:37] eps=6 rep=1/10: frame progress 30/100 (30.0%)
[2026-02-28 18:49:37] eps=6 rep=4/10: frame progress 30/100 (30.0%)
[2026-02-28 18:49:37] eps=6 rep=3/10: frame progress 30/100 (30.0%)
[2026-02-28 18:49:37] eps=6 rep=6/10: frame progress 30/100 (30.0%)
[2026-02-28 18:49:37] eps=6 rep=5/10: frame progress 30/100 (30.0%)
[2026-02-28 18:49:37] eps=6 rep=2/10: frame progress 30/100 (30.0%)
[2026-02-28 18:49:39] eps=3 rep=1/10: frame progress 40/100 (40.0%)
[2026-02-28 18:49:39] eps=3 rep=4/10: frame progress 40/100 (40.0%)
[2026-02-28 18:49:39] eps=3 rep=10/10: frame progress 40/100 (40.0%)
[2026-02-28 18:49:39] eps=3 rep=3/10: frame progress 40/100 (40.0%)
[2026-02-28 18:49:39] eps=3 rep=9/10: frame progress 40/100 (40.0%)
[2026-02-28 18:49:39] eps=3 rep=2/10: frame progress 40/100 (40.0%)
[2026-02-28 18:49:39] eps=3 rep=6/10: frame progress 40/100 (40.0%)
[2026-02-28 18:49:39] eps=3 rep=8/10: frame progress 40/100 (40.0%)
[2026-02-28 18:49:39] eps=3 rep=7/10: frame progress 40/100 (40.0%)
[2026-02-28 18:49:39] eps=3 rep=5/10: frame progress 40/100 (40.0%)
[2026-02-28 18:49:40] eps=6 rep=1/10: frame progress 40/100 (40.0%)
[2026-02-28 18:49:40] eps=6 rep=4/10: frame progress 40/100 (40.0%)
[2026-02-28 18:49:40] eps=6 rep=6/10: frame progress 40/100 (40.0%)
[2026-02-28 18:49:40] eps=6 rep=3/10: frame progress 40/100 (40.0%)
[2026-02-28 18:49:40] eps=6 rep=5/10: frame progress 40/100 (40.0%)
[2026-02-28 18:49:40] eps=6 rep=2/10: frame progress 40/100 (40.0%)
[2026-02-28 18:49:42] eps=3 rep=1/10: frame progress 50/100 (50.0%)
[2026-02-28 18:49:42] eps=3 rep=4/10: frame progress 50/100 (50.0%)
[2026-02-28 18:49:42] eps=3 rep=10/10: frame progress 50/100 (50.0%)
[2026-02-28 18:49:42] eps=3 rep=9/10: frame progress 50/100 (50.0%)
[2026-02-28 18:49:42] eps=3 rep=3/10: frame progress 50/100 (50.0%)
[2026-02-28 18:49:42] eps=3 rep=6/10: frame progress 50/100 (50.0%)
[2026-02-28 18:49:42] eps=3 rep=2/10: frame progress 50/100 (50.0%)
[2026-02-28 18:49:42] eps=3 rep=8/10: frame progress 50/100 (50.0%)
[2026-02-28 18:49:42] eps=3 rep=7/10: frame progress 50/100 (50.0%)
[2026-02-28 18:49:42] eps=3 rep=5/10: frame progress 50/100 (50.0%)
[2026-02-28 18:49:43] eps=6 rep=1/10: frame progress 50/100 (50.0%)
[2026-02-28 18:49:43] eps=6 rep=6/10: frame progress 50/100 (50.0%)
[2026-02-28 18:49:43] eps=6 rep=4/10: frame progress 50/100 (50.0%)
[2026-02-28 18:49:43] eps=6 rep=3/10: frame progress 50/100 (50.0%)
[2026-02-28 18:49:43] eps=6 rep=5/10: frame progress 50/100 (50.0%)
[2026-02-28 18:49:43] eps=6 rep=2/10: frame progress 50/100 (50.0%)
[2026-02-28 18:49:45] eps=3 rep=1/10: frame progress 60/100 (60.0%)
[2026-02-28 18:49:45] eps=3 rep=4/10: frame progress 60/100 (60.0%)
[2026-02-28 18:49:45] eps=3 rep=10/10: frame progress 60/100 (60.0%)
[2026-02-28 18:49:45] eps=3 rep=9/10: frame progress 60/100 (60.0%)
[2026-02-28 18:49:45] eps=3 rep=3/10: frame progress 60/100 (60.0%)
[2026-02-28 18:49:45] eps=3 rep=6/10: frame progress 60/100 (60.0%)
[2026-02-28 18:49:45] eps=3 rep=7/10: frame progress 60/100 (60.0%)
[2026-02-28 18:49:45] eps=3 rep=8/10: frame progress 60/100 (60.0%)
[2026-02-28 18:49:45] eps=3 rep=2/10: frame progress 60/100 (60.0%)
[2026-02-28 18:49:45] eps=3 rep=5/10: frame progress 60/100 (60.0%)
[2026-02-28 18:49:46] eps=6 rep=1/10: frame progress 60/100 (60.0%)
[2026-02-28 18:49:46] eps=6 rep=4/10: frame progress 60/100 (60.0%)
[2026-02-28 18:49:46] eps=6 rep=6/10: frame progress 60/100 (60.0%)
[2026-02-28 18:49:46] eps=6 rep=3/10: frame progress 60/100 (60.0%)
[2026-02-28 18:49:46] eps=6 rep=5/10: frame progress 60/100 (60.0%)
[2026-02-28 18:49:46] eps=6 rep=2/10: frame progress 60/100 (60.0%)
[2026-02-28 18:49:48] eps=3 rep=1/10: frame progress 70/100 (70.0%)
[2026-02-28 18:49:48] eps=3 rep=4/10: frame progress 70/100 (70.0%)
[2026-02-28 18:49:48] eps=3 rep=10/10: frame progress 70/100 (70.0%)
[2026-02-28 18:49:48] eps=3 rep=9/10: frame progress 70/100 (70.0%)
[2026-02-28 18:49:48] eps=3 rep=6/10: frame progress 70/100 (70.0%)
[2026-02-28 18:49:48] eps=3 rep=3/10: frame progress 70/100 (70.0%)
[2026-02-28 18:49:48] eps=3 rep=7/10: frame progress 70/100 (70.0%)
[2026-02-28 18:49:48] eps=3 rep=8/10: frame progress 70/100 (70.0%)
[2026-02-28 18:49:48] eps=3 rep=2/10: frame progress 70/100 (70.0%)
[2026-02-28 18:49:49] eps=3 rep=5/10: frame progress 70/100 (70.0%)
[2026-02-28 18:49:49] eps=6 rep=1/10: frame progress 70/100 (70.0%)
[2026-02-28 18:49:49] eps=6 rep=4/10: frame progress 70/100 (70.0%)
[2026-02-28 18:49:49] eps=6 rep=6/10: frame progress 70/100 (70.0%)
[2026-02-28 18:49:49] eps=6 rep=3/10: frame progress 70/100 (70.0%)
[2026-02-28 18:49:49] eps=6 rep=5/10: frame progress 70/100 (70.0%)
[2026-02-28 18:49:50] eps=6 rep=2/10: frame progress 70/100 (70.0%)
[2026-02-28 18:49:51] eps=3 rep=1/10: frame progress 80/100 (80.0%)
[2026-02-28 18:49:51] eps=3 rep=4/10: frame progress 80/100 (80.0%)
[2026-02-28 18:49:51] eps=3 rep=10/10: frame progress 80/100 (80.0%)
[2026-02-28 18:49:51] eps=3 rep=9/10: frame progress 80/100 (80.0%)
[2026-02-28 18:49:51] eps=3 rep=6/10: frame progress 80/100 (80.0%)
[2026-02-28 18:49:51] eps=3 rep=7/10: frame progress 80/100 (80.0%)
[2026-02-28 18:49:51] eps=3 rep=3/10: frame progress 80/100 (80.0%)
[2026-02-28 18:49:52] eps=3 rep=8/10: frame progress 80/100 (80.0%)
[2026-02-28 18:49:52] eps=3 rep=2/10: frame progress 80/100 (80.0%)
[2026-02-28 18:49:52] eps=3 rep=5/10: frame progress 80/100 (80.0%)
[2026-02-28 18:49:52] eps=6 rep=1/10: frame progress 80/100 (80.0%)
[2026-02-28 18:49:52] eps=6 rep=6/10: frame progress 80/100 (80.0%)
[2026-02-28 18:49:52] eps=6 rep=4/10: frame progress 80/100 (80.0%)
[2026-02-28 18:49:52] eps=6 rep=3/10: frame progress 80/100 (80.0%)
[2026-02-28 18:49:53] eps=6 rep=5/10: frame progress 80/100 (80.0%)
[2026-02-28 18:49:53] eps=6 rep=2/10: frame progress 80/100 (80.0%)
[2026-02-28 18:49:54] eps=3 rep=1/10: frame progress 90/100 (90.0%)
[2026-02-28 18:49:54] eps=3 rep=4/10: frame progress 90/100 (90.0%)
[2026-02-28 18:49:54] eps=3 rep=10/10: frame progress 90/100 (90.0%)
[2026-02-28 18:49:54] eps=3 rep=9/10: frame progress 90/100 (90.0%)
[2026-02-28 18:49:55] eps=3 rep=6/10: frame progress 90/100 (90.0%)
[2026-02-28 18:49:55] eps=3 rep=7/10: frame progress 90/100 (90.0%)
[2026-02-28 18:49:55] eps=3 rep=8/10: frame progress 90/100 (90.0%)
[2026-02-28 18:49:55] eps=3 rep=2/10: frame progress 90/100 (90.0%)
[2026-02-28 18:49:55] eps=3 rep=3/10: frame progress 90/100 (90.0%)
[2026-02-28 18:49:55] eps=3 rep=5/10: frame progress 90/100 (90.0%)
[2026-02-28 18:49:56] eps=6 rep=1/10: frame progress 90/100 (90.0%)
[2026-02-28 18:49:56] eps=6 rep=6/10: frame progress 90/100 (90.0%)
[2026-02-28 18:49:56] eps=6 rep=4/10: frame progress 90/100 (90.0%)
[2026-02-28 18:49:56] eps=6 rep=3/10: frame progress 90/100 (90.0%)
[2026-02-28 18:49:56] eps=6 rep=5/10: frame progress 90/100 (90.0%)
[2026-02-28 18:49:56] eps=6 rep=2/10: frame progress 90/100 (90.0%)
[2026-02-28 18:49:57] eps=3 rep=1/10: frame progress 100/100 (100.0%)
[2026-02-28 18:49:57] eps=3 rep=4/10: frame progress 100/100 (100.0%)
[2026-02-28 18:49:57] eps=3 rep=10/10: frame progress 100/100 (100.0%)
[2026-02-28 18:49:58] eps=3 rep=9/10: frame progress 100/100 (100.0%)
[2026-02-28 18:49:58] eps=3 rep=1/10: done
[2026-02-28 18:49:58] eps=6 rep=7/10: start (eps_6/rep_009/trajectory.gsd)
[2026-02-28 18:49:58] eps=3 rep=6/10: frame progress 100/100 (100.0%)
[2026-02-28 18:49:58] eps=3 rep=4/10: done
[2026-02-28 18:49:58] eps=3 rep=7/10: frame progress 100/100 (100.0%)
[2026-02-28 18:49:58] eps=6 rep=8/10: start (eps_6/rep_008/trajectory.gsd)
[2026-02-28 18:49:58] eps=3 rep=8/10: frame progress 100/100 (100.0%)
[2026-02-28 18:49:58] eps=3 rep=10/10: done
[2026-02-28 18:49:58] eps=3 rep=5/10: frame progress 100/100 (100.0%)
[2026-02-28 18:49:58] eps=3 rep=2/10: frame progress 100/100 (100.0%)
[2026-02-28 18:49:58] eps=3 rep=3/10: frame progress 100/100 (100.0%)
[2026-02-28 18:49:58] eps=3 rep=9/10: done
[2026-02-28 18:49:58] eps=6 rep=9/10: start (eps_6/rep_002/trajectory.gsd)
[2026-02-28 18:49:58] eps=6 rep=10/10: start (eps_6/rep_001/trajectory.gsd)
[2026-02-28 18:49:58] eps=3 rep=6/10: done
[2026-02-28 18:49:58] eps=9 rep=1/10: start (eps_9/rep_004/trajectory.gsd)
[2026-02-28 18:49:58] eps=3 rep=7/10: done
[2026-02-28 18:49:58] eps=9 rep=2/10: start (eps_9/rep_003/trajectory.gsd)
[2026-02-28 18:49:58] eps=3 rep=8/10: done
[2026-02-28 18:49:58] eps=3 rep=5/10: done
[2026-02-28 18:49:58] eps=9 rep=3/10: start (eps_9/rep_007/trajectory.gsd)
[2026-02-28 18:49:58] eps=3 rep=2/10: done
[2026-02-28 18:49:58] eps=3 rep=3/10: done
[2026-02-28 18:49:58] eps=9 rep=4/10: start (eps_9/rep_006/trajectory.gsd)
[2026-02-28 18:49:58] eps=9 rep=5/10: start (eps_9/rep_005/trajectory.gsd)
[2026-02-28 18:49:58] eps=9 rep=6/10: start (eps_9/rep_010/trajectory.gsd)
[2026-02-28 18:49:59] eps=6 rep=1/10: frame progress 100/100 (100.0%)
[2026-02-28 18:49:59] eps=6 rep=6/10: frame progress 100/100 (100.0%)
[2026-02-28 18:49:59] eps=6 rep=4/10: frame progress 100/100 (100.0%)
[2026-02-28 18:49:59] eps=6 rep=3/10: frame progress 100/100 (100.0%)
[2026-02-28 18:49:59] eps=6 rep=5/10: frame progress 100/100 (100.0%)
[2026-02-28 18:49:59] eps=6 rep=1/10: done
[2026-02-28 18:49:59] eps=9 rep=7/10: start (eps_9/rep_009/trajectory.gsd)
[2026-02-28 18:49:59] eps=6 rep=6/10: done
[2026-02-28 18:49:59] eps=9 rep=8/10: start (eps_9/rep_008/trajectory.gsd)
[2026-02-28 18:49:59] eps=6 rep=4/10: done
[2026-02-28 18:49:59] eps=9 rep=9/10: start (eps_9/rep_002/trajectory.gsd)
[2026-02-28 18:49:59] eps=6 rep=3/10: done
[2026-02-28 18:49:59] eps=9 rep=10/10: start (eps_9/rep_001/trajectory.gsd)
[2026-02-28 18:49:59] eps=6 rep=5/10: done
[2026-02-28 18:49:59] eps=12 rep=1/9: start (eps_12/rep_004/trajectory.gsd)
[2026-02-28 18:49:59] eps=6 rep=2/10: frame progress 100/100 (100.0%)
[2026-02-28 18:49:59] eps=6 rep=2/10: done
[2026-02-28 18:50:00] eps=12 rep=2/9: start (eps_12/rep_003/trajectory.gsd)
[2026-02-28 18:50:01] eps=6 rep=7/10: frame progress 10/100 (10.0%)
[2026-02-28 18:50:01] eps=6 rep=8/10: frame progress 10/100 (10.0%)
[2026-02-28 18:50:01] eps=6 rep=9/10: frame progress 10/100 (10.0%)
[2026-02-28 18:50:01] eps=6 rep=10/10: frame progress 10/100 (10.0%)
[2026-02-28 18:50:01] eps=9 rep=1/10: frame progress 10/100 (10.0%)
[2026-02-28 18:50:01] eps=9 rep=2/10: frame progress 10/100 (10.0%)
[2026-02-28 18:50:01] eps=9 rep=3/10: frame progress 10/100 (10.0%)
[2026-02-28 18:50:01] eps=9 rep=5/10: frame progress 10/100 (10.0%)
[2026-02-28 18:50:01] eps=9 rep=6/10: frame progress 10/100 (10.0%)
[2026-02-28 18:50:01] eps=9 rep=4/10: frame progress 10/100 (10.0%)
[2026-02-28 18:50:02] eps=9 rep=8/10: frame progress 10/100 (10.0%)
[2026-02-28 18:50:02] eps=9 rep=7/10: frame progress 10/100 (10.0%)
[2026-02-28 18:50:02] eps=9 rep=10/10: frame progress 10/100 (10.0%)
[2026-02-28 18:50:02] eps=9 rep=9/10: frame progress 10/100 (10.0%)
[2026-02-28 18:50:02] eps=12 rep=1/9: frame progress 10/100 (10.0%)
[2026-02-28 18:50:03] eps=12 rep=2/9: frame progress 10/100 (10.0%)
[2026-02-28 18:50:04] eps=6 rep=7/10: frame progress 20/100 (20.0%)
[2026-02-28 18:50:04] eps=6 rep=8/10: frame progress 20/100 (20.0%)
[2026-02-28 18:50:04] eps=6 rep=9/10: frame progress 20/100 (20.0%)
[2026-02-28 18:50:04] eps=6 rep=10/10: frame progress 20/100 (20.0%)
[2026-02-28 18:50:04] eps=9 rep=1/10: frame progress 20/100 (20.0%)
[2026-02-28 18:50:04] eps=9 rep=2/10: frame progress 20/100 (20.0%)
[2026-02-28 18:50:04] eps=9 rep=3/10: frame progress 20/100 (20.0%)
[2026-02-28 18:50:04] eps=9 rep=5/10: frame progress 20/100 (20.0%)
[2026-02-28 18:50:04] eps=9 rep=6/10: frame progress 20/100 (20.0%)
[2026-02-28 18:50:04] eps=9 rep=4/10: frame progress 20/100 (20.0%)
[2026-02-28 18:50:05] eps=9 rep=8/10: frame progress 20/100 (20.0%)
[2026-02-28 18:50:05] eps=9 rep=7/10: frame progress 20/100 (20.0%)
[2026-02-28 18:50:05] eps=9 rep=10/10: frame progress 20/100 (20.0%)
[2026-02-28 18:50:05] eps=9 rep=9/10: frame progress 20/100 (20.0%)
[2026-02-28 18:50:06] eps=12 rep=1/9: frame progress 20/100 (20.0%)
[2026-02-28 18:50:06] eps=12 rep=2/9: frame progress 20/100 (20.0%)
[2026-02-28 18:50:07] eps=6 rep=7/10: frame progress 30/100 (30.0%)
[2026-02-28 18:50:07] eps=6 rep=8/10: frame progress 30/100 (30.0%)
[2026-02-28 18:50:07] eps=6 rep=9/10: frame progress 30/100 (30.0%)
[2026-02-28 18:50:07] eps=6 rep=10/10: frame progress 30/100 (30.0%)
[2026-02-28 18:50:07] eps=9 rep=1/10: frame progress 30/100 (30.0%)
[2026-02-28 18:50:07] eps=9 rep=2/10: frame progress 30/100 (30.0%)
[2026-02-28 18:50:07] eps=9 rep=3/10: frame progress 30/100 (30.0%)
[2026-02-28 18:50:07] eps=9 rep=5/10: frame progress 30/100 (30.0%)
[2026-02-28 18:50:07] eps=9 rep=6/10: frame progress 30/100 (30.0%)
[2026-02-28 18:50:08] eps=9 rep=4/10: frame progress 30/100 (30.0%)
[2026-02-28 18:50:08] eps=9 rep=8/10: frame progress 30/100 (30.0%)
[2026-02-28 18:50:08] eps=9 rep=9/10: frame progress 30/100 (30.0%)
[2026-02-28 18:50:08] eps=9 rep=7/10: frame progress 30/100 (30.0%)
[2026-02-28 18:50:08] eps=9 rep=10/10: frame progress 30/100 (30.0%)
[2026-02-28 18:50:09] eps=12 rep=1/9: frame progress 30/100 (30.0%)
[2026-02-28 18:50:09] eps=12 rep=2/9: frame progress 30/100 (30.0%)
[2026-02-28 18:50:10] eps=6 rep=7/10: frame progress 40/100 (40.0%)
[2026-02-28 18:50:10] eps=6 rep=9/10: frame progress 40/100 (40.0%)
[2026-02-28 18:50:10] eps=6 rep=10/10: frame progress 40/100 (40.0%)
[2026-02-28 18:50:10] eps=6 rep=8/10: frame progress 40/100 (40.0%)
[2026-02-28 18:50:11] eps=9 rep=1/10: frame progress 40/100 (40.0%)
[2026-02-28 18:50:11] eps=9 rep=2/10: frame progress 40/100 (40.0%)
[2026-02-28 18:50:11] eps=9 rep=3/10: frame progress 40/100 (40.0%)
[2026-02-28 18:50:11] eps=9 rep=5/10: frame progress 40/100 (40.0%)
[2026-02-28 18:50:11] eps=9 rep=6/10: frame progress 40/100 (40.0%)
[2026-02-28 18:50:11] eps=9 rep=4/10: frame progress 40/100 (40.0%)
[2026-02-28 18:50:12] eps=9 rep=8/10: frame progress 40/100 (40.0%)
[2026-02-28 18:50:12] eps=9 rep=9/10: frame progress 40/100 (40.0%)
[2026-02-28 18:50:12] eps=9 rep=7/10: frame progress 40/100 (40.0%)
[2026-02-28 18:50:12] eps=9 rep=10/10: frame progress 40/100 (40.0%)
[2026-02-28 18:50:12] eps=12 rep=1/9: frame progress 40/100 (40.0%)
[2026-02-28 18:50:13] eps=6 rep=7/10: frame progress 50/100 (50.0%)
[2026-02-28 18:50:13] eps=12 rep=2/9: frame progress 40/100 (40.0%)
[2026-02-28 18:50:13] eps=6 rep=9/10: frame progress 50/100 (50.0%)
[2026-02-28 18:50:13] eps=6 rep=10/10: frame progress 50/100 (50.0%)
[2026-02-28 18:50:13] eps=6 rep=8/10: frame progress 50/100 (50.0%)
[2026-02-28 18:50:14] eps=9 rep=1/10: frame progress 50/100 (50.0%)
[2026-02-28 18:50:14] eps=9 rep=3/10: frame progress 50/100 (50.0%)
[2026-02-28 18:50:14] eps=9 rep=2/10: frame progress 50/100 (50.0%)
[2026-02-28 18:50:14] eps=9 rep=5/10: frame progress 50/100 (50.0%)
[2026-02-28 18:50:14] eps=9 rep=6/10: frame progress 50/100 (50.0%)
[2026-02-28 18:50:14] eps=9 rep=4/10: frame progress 50/100 (50.0%)
[2026-02-28 18:50:15] eps=9 rep=8/10: frame progress 50/100 (50.0%)
[2026-02-28 18:50:15] eps=9 rep=9/10: frame progress 50/100 (50.0%)
[2026-02-28 18:50:15] eps=9 rep=7/10: frame progress 50/100 (50.0%)
[2026-02-28 18:50:15] eps=9 rep=10/10: frame progress 50/100 (50.0%)
[2026-02-28 18:50:16] eps=12 rep=1/9: frame progress 50/100 (50.0%)
[2026-02-28 18:50:16] eps=6 rep=7/10: frame progress 60/100 (60.0%)
[2026-02-28 18:50:16] eps=6 rep=9/10: frame progress 60/100 (60.0%)
[2026-02-28 18:50:16] eps=6 rep=10/10: frame progress 60/100 (60.0%)
[2026-02-28 18:50:16] eps=6 rep=8/10: frame progress 60/100 (60.0%)
[2026-02-28 18:50:17] eps=12 rep=2/9: frame progress 50/100 (50.0%)
[2026-02-28 18:50:17] eps=9 rep=1/10: frame progress 60/100 (60.0%)
[2026-02-28 18:50:17] eps=9 rep=3/10: frame progress 60/100 (60.0%)
[2026-02-28 18:50:17] eps=9 rep=2/10: frame progress 60/100 (60.0%)
[2026-02-28 18:50:17] eps=9 rep=5/10: frame progress 60/100 (60.0%)
[2026-02-28 18:50:17] eps=9 rep=6/10: frame progress 60/100 (60.0%)
[2026-02-28 18:50:18] eps=9 rep=4/10: frame progress 60/100 (60.0%)
[2026-02-28 18:50:18] eps=9 rep=8/10: frame progress 60/100 (60.0%)
[2026-02-28 18:50:18] eps=9 rep=9/10: frame progress 60/100 (60.0%)
[2026-02-28 18:50:18] eps=9 rep=7/10: frame progress 60/100 (60.0%)
[2026-02-28 18:50:18] eps=9 rep=10/10: frame progress 60/100 (60.0%)
[2026-02-28 18:50:19] eps=6 rep=7/10: frame progress 70/100 (70.0%)
[2026-02-28 18:50:19] eps=6 rep=9/10: frame progress 70/100 (70.0%)
[2026-02-28 18:50:19] eps=12 rep=1/9: frame progress 60/100 (60.0%)
[2026-02-28 18:50:19] eps=6 rep=10/10: frame progress 70/100 (70.0%)
[2026-02-28 18:50:19] eps=6 rep=8/10: frame progress 70/100 (70.0%)
[2026-02-28 18:50:20] eps=12 rep=2/9: frame progress 60/100 (60.0%)
[2026-02-28 18:50:21] eps=9 rep=1/10: frame progress 70/100 (70.0%)
[2026-02-28 18:50:21] eps=9 rep=3/10: frame progress 70/100 (70.0%)
[2026-02-28 18:50:21] eps=9 rep=5/10: frame progress 70/100 (70.0%)
[2026-02-28 18:50:21] eps=9 rep=2/10: frame progress 70/100 (70.0%)
[2026-02-28 18:50:21] eps=9 rep=6/10: frame progress 70/100 (70.0%)
[2026-02-28 18:50:21] eps=9 rep=4/10: frame progress 70/100 (70.0%)
[2026-02-28 18:50:22] eps=9 rep=8/10: frame progress 70/100 (70.0%)
[2026-02-28 18:50:22] eps=9 rep=9/10: frame progress 70/100 (70.0%)
[2026-02-28 18:50:22] eps=9 rep=7/10: frame progress 70/100 (70.0%)
[2026-02-28 18:50:22] eps=9 rep=10/10: frame progress 70/100 (70.0%)
[2026-02-28 18:50:22] eps=6 rep=7/10: frame progress 80/100 (80.0%)
[2026-02-28 18:50:23] eps=6 rep=9/10: frame progress 80/100 (80.0%)
[2026-02-28 18:50:23] eps=6 rep=10/10: frame progress 80/100 (80.0%)
[2026-02-28 18:50:23] eps=6 rep=8/10: frame progress 80/100 (80.0%)
[2026-02-28 18:50:23] eps=12 rep=1/9: frame progress 70/100 (70.0%)
[2026-02-28 18:50:24] eps=12 rep=2/9: frame progress 70/100 (70.0%)
[2026-02-28 18:50:24] eps=9 rep=1/10: frame progress 80/100 (80.0%)
[2026-02-28 18:50:24] eps=9 rep=3/10: frame progress 80/100 (80.0%)
[2026-02-28 18:50:24] eps=9 rep=2/10: frame progress 80/100 (80.0%)
[2026-02-28 18:50:24] eps=9 rep=5/10: frame progress 80/100 (80.0%)
[2026-02-28 18:50:24] eps=9 rep=6/10: frame progress 80/100 (80.0%)
[2026-02-28 18:50:25] eps=9 rep=4/10: frame progress 80/100 (80.0%)
[2026-02-28 18:50:25] eps=9 rep=8/10: frame progress 80/100 (80.0%)
[2026-02-28 18:50:25] eps=9 rep=9/10: frame progress 80/100 (80.0%)
[2026-02-28 18:50:25] eps=9 rep=10/10: frame progress 80/100 (80.0%)
[2026-02-28 18:50:25] eps=9 rep=7/10: frame progress 80/100 (80.0%)
[2026-02-28 18:50:26] eps=6 rep=7/10: frame progress 90/100 (90.0%)
[2026-02-28 18:50:26] eps=6 rep=9/10: frame progress 90/100 (90.0%)
[2026-02-28 18:50:26] eps=6 rep=10/10: frame progress 90/100 (90.0%)
[2026-02-28 18:50:26] eps=6 rep=8/10: frame progress 90/100 (90.0%)
[2026-02-28 18:50:26] eps=12 rep=1/9: frame progress 80/100 (80.0%)
[2026-02-28 18:50:27] eps=12 rep=2/9: frame progress 80/100 (80.0%)
[2026-02-28 18:50:28] eps=9 rep=1/10: frame progress 90/100 (90.0%)
[2026-02-28 18:50:28] eps=9 rep=3/10: frame progress 90/100 (90.0%)
[2026-02-28 18:50:28] eps=9 rep=5/10: frame progress 90/100 (90.0%)
[2026-02-28 18:50:28] eps=9 rep=2/10: frame progress 90/100 (90.0%)
[2026-02-28 18:50:28] eps=9 rep=6/10: frame progress 90/100 (90.0%)
[2026-02-28 18:50:28] eps=9 rep=4/10: frame progress 90/100 (90.0%)
[2026-02-28 18:50:29] eps=9 rep=8/10: frame progress 90/100 (90.0%)
[2026-02-28 18:50:29] eps=9 rep=9/10: frame progress 90/100 (90.0%)
[2026-02-28 18:50:29] eps=9 rep=10/10: frame progress 90/100 (90.0%)
[2026-02-28 18:50:29] eps=9 rep=7/10: frame progress 90/100 (90.0%)
[2026-02-28 18:50:29] eps=6 rep=7/10: frame progress 100/100 (100.0%)
[2026-02-28 18:50:29] eps=6 rep=9/10: frame progress 100/100 (100.0%)
[2026-02-28 18:50:29] eps=6 rep=8/10: frame progress 100/100 (100.0%)
[2026-02-28 18:50:29] eps=6 rep=10/10: frame progress 100/100 (100.0%)
[2026-02-28 18:50:29] eps=6 rep=7/10: done
[2026-02-28 18:50:29] eps=12 rep=3/9: start (eps_12/rep_007/trajectory.gsd)
[2026-02-28 18:50:29] eps=6 rep=9/10: done
[2026-02-28 18:50:29] eps=12 rep=4/9: start (eps_12/rep_006/trajectory.gsd)
[2026-02-28 18:50:29] eps=6 rep=8/10: done
[2026-02-28 18:50:29] eps=12 rep=5/9: start (eps_12/rep_005/trajectory.gsd)
[2026-02-28 18:50:29] eps=6 rep=10/10: done
[2026-02-28 18:50:29] eps=12 rep=6/9: start (eps_12/rep_010/trajectory.gsd)
[2026-02-28 18:50:30] eps=12 rep=1/9: frame progress 90/100 (90.0%)
[2026-02-28 18:50:31] eps=9 rep=1/10: frame progress 100/100 (100.0%)
[2026-02-28 18:50:31] eps=9 rep=3/10: frame progress 100/100 (100.0%)
[2026-02-28 18:50:31] eps=12 rep=2/9: frame progress 90/100 (90.0%)
[2026-02-28 18:50:31] eps=9 rep=5/10: frame progress 100/100 (100.0%)
[2026-02-28 18:50:31] eps=9 rep=2/10: frame progress 100/100 (100.0%)
[2026-02-28 18:50:31] eps=9 rep=1/10: done
[2026-02-28 18:50:31] eps=9 rep=3/10: done
[2026-02-28 18:50:31] eps=12 rep=7/9: start (eps_12/rep_009/trajectory.gsd)
[2026-02-28 18:50:31] eps=12 rep=8/9: start (eps_12/rep_002/trajectory.gsd)
[2026-02-28 18:50:31] eps=9 rep=6/10: frame progress 100/100 (100.0%)
[2026-02-28 18:50:31] eps=9 rep=5/10: done
[2026-02-28 18:50:31] eps=12 rep=9/9: start (eps_12/rep_001/trajectory.gsd)
[2026-02-28 18:50:31] eps=9 rep=2/10: done
[2026-02-28 18:50:31] eps=15 rep=1/10: start (eps_15/rep_004/trajectory.gsd)
[2026-02-28 18:50:31] eps=9 rep=6/10: done
[2026-02-28 18:50:31] eps=15 rep=2/10: start (eps_15/rep_003/trajectory.gsd)
[2026-02-28 18:50:31] eps=9 rep=4/10: frame progress 100/100 (100.0%)
[2026-02-28 18:50:32] eps=9 rep=4/10: done
[2026-02-28 18:50:32] eps=15 rep=3/10: start (eps_15/rep_007/trajectory.gsd)
[2026-02-28 18:50:32] eps=9 rep=9/10: frame progress 100/100 (100.0%)
[2026-02-28 18:50:32] eps=9 rep=8/10: frame progress 100/100 (100.0%)
[2026-02-28 18:50:32] eps=9 rep=10/10: frame progress 100/100 (100.0%)
[2026-02-28 18:50:32] eps=9 rep=7/10: frame progress 100/100 (100.0%)
[2026-02-28 18:50:32] eps=9 rep=9/10: done
[2026-02-28 18:50:32] eps=15 rep=4/10: start (eps_15/rep_006/trajectory.gsd)
[2026-02-28 18:50:32] eps=12 rep=3/9: frame progress 10/100 (10.0%)
[2026-02-28 18:50:32] eps=12 rep=4/9: frame progress 10/100 (10.0%)
[2026-02-28 18:50:32] eps=9 rep=8/10: done
[2026-02-28 18:50:32] eps=15 rep=5/10: start (eps_15/rep_005/trajectory.gsd)
[2026-02-28 18:50:32] eps=12 rep=6/9: frame progress 10/100 (10.0%)
[2026-02-28 18:50:32] eps=9 rep=10/10: done
[2026-02-28 18:50:32] eps=9 rep=7/10: done
[2026-02-28 18:50:32] eps=15 rep=6/10: start (eps_15/rep_010/trajectory.gsd)
[2026-02-28 18:50:32] eps=15 rep=7/10: start (eps_15/rep_009/trajectory.gsd)
[2026-02-28 18:50:32] eps=12 rep=5/9: frame progress 10/100 (10.0%)
[2026-02-28 18:50:34] eps=12 rep=1/9: frame progress 100/100 (100.0%)
[2026-02-28 18:50:34] eps=12 rep=1/9: done
[2026-02-28 18:50:34] eps=15 rep=8/10: start (eps_15/rep_008/trajectory.gsd)
[2026-02-28 18:50:34] eps=12 rep=7/9: frame progress 10/100 (10.0%)
[2026-02-28 18:50:34] eps=12 rep=8/9: frame progress 10/100 (10.0%)
[2026-02-28 18:50:34] eps=12 rep=9/9: frame progress 10/100 (10.0%)
[2026-02-28 18:50:34] eps=15 rep=1/10: frame progress 10/100 (10.0%)
[2026-02-28 18:50:34] eps=12 rep=2/9: frame progress 100/100 (100.0%)
[2026-02-28 18:50:35] eps=15 rep=2/10: frame progress 10/100 (10.0%)
[2026-02-28 18:50:35] eps=12 rep=2/9: done
[2026-02-28 18:50:35] eps=15 rep=9/10: start (eps_15/rep_002/trajectory.gsd)
[2026-02-28 18:50:35] eps=15 rep=3/10: frame progress 10/100 (10.0%)
[2026-02-28 18:50:35] eps=15 rep=4/10: frame progress 10/100 (10.0%)
[2026-02-28 18:50:35] eps=12 rep=3/9: frame progress 20/100 (20.0%)
[2026-02-28 18:50:35] eps=12 rep=4/9: frame progress 20/100 (20.0%)
[2026-02-28 18:50:35] eps=15 rep=5/10: frame progress 10/100 (10.0%)
[2026-02-28 18:50:35] eps=12 rep=6/9: frame progress 20/100 (20.0%)
[2026-02-28 18:50:36] eps=12 rep=5/9: frame progress 20/100 (20.0%)
[2026-02-28 18:50:36] eps=15 rep=6/10: frame progress 10/100 (10.0%)
[2026-02-28 18:50:36] eps=15 rep=7/10: frame progress 10/100 (10.0%)
[2026-02-28 18:50:37] eps=15 rep=8/10: frame progress 10/100 (10.0%)
[2026-02-28 18:50:37] eps=12 rep=7/9: frame progress 20/100 (20.0%)
[2026-02-28 18:50:37] eps=12 rep=8/9: frame progress 20/100 (20.0%)
[2026-02-28 18:50:38] eps=12 rep=9/9: frame progress 20/100 (20.0%)
[2026-02-28 18:50:38] eps=15 rep=1/10: frame progress 20/100 (20.0%)
[2026-02-28 18:50:38] eps=15 rep=2/10: frame progress 20/100 (20.0%)
[2026-02-28 18:50:38] eps=15 rep=9/10: frame progress 10/100 (10.0%)
[2026-02-28 18:50:38] eps=15 rep=3/10: frame progress 20/100 (20.0%)
[2026-02-28 18:50:39] eps=15 rep=4/10: frame progress 20/100 (20.0%)
[2026-02-28 18:50:39] eps=15 rep=5/10: frame progress 20/100 (20.0%)
[2026-02-28 18:50:39] eps=12 rep=3/9: frame progress 30/100 (30.0%)
[2026-02-28 18:50:39] eps=12 rep=4/9: frame progress 30/100 (30.0%)
[2026-02-28 18:50:39] eps=15 rep=6/10: frame progress 20/100 (20.0%)
[2026-02-28 18:50:39] eps=12 rep=6/9: frame progress 30/100 (30.0%)
[2026-02-28 18:50:39] eps=15 rep=7/10: frame progress 20/100 (20.0%)
[2026-02-28 18:50:39] eps=12 rep=5/9: frame progress 30/100 (30.0%)
[2026-02-28 18:50:40] eps=15 rep=8/10: frame progress 20/100 (20.0%)
[2026-02-28 18:50:41] eps=12 rep=7/9: frame progress 30/100 (30.0%)
[2026-02-28 18:50:41] eps=12 rep=8/9: frame progress 30/100 (30.0%)
[2026-02-28 18:50:41] eps=12 rep=9/9: frame progress 30/100 (30.0%)
[2026-02-28 18:50:41] eps=15 rep=1/10: frame progress 30/100 (30.0%)
[2026-02-28 18:50:41] eps=15 rep=2/10: frame progress 30/100 (30.0%)
[2026-02-28 18:50:41] eps=15 rep=9/10: frame progress 20/100 (20.0%)
[2026-02-28 18:50:42] eps=15 rep=3/10: frame progress 30/100 (30.0%)
[2026-02-28 18:50:42] eps=15 rep=4/10: frame progress 30/100 (30.0%)
[2026-02-28 18:50:42] eps=15 rep=5/10: frame progress 30/100 (30.0%)
[2026-02-28 18:50:42] eps=15 rep=6/10: frame progress 30/100 (30.0%)
[2026-02-28 18:50:42] eps=15 rep=7/10: frame progress 30/100 (30.0%)
[2026-02-28 18:50:42] eps=12 rep=4/9: frame progress 40/100 (40.0%)
[2026-02-28 18:50:42] eps=12 rep=3/9: frame progress 40/100 (40.0%)
[2026-02-28 18:50:42] eps=12 rep=6/9: frame progress 40/100 (40.0%)
[2026-02-28 18:50:42] eps=12 rep=5/9: frame progress 40/100 (40.0%)
[2026-02-28 18:50:44] eps=15 rep=8/10: frame progress 30/100 (30.0%)
[2026-02-28 18:50:44] eps=12 rep=7/9: frame progress 40/100 (40.0%)
[2026-02-28 18:50:44] eps=12 rep=8/9: frame progress 40/100 (40.0%)
[2026-02-28 18:50:44] eps=12 rep=9/9: frame progress 40/100 (40.0%)
[2026-02-28 18:50:45] eps=15 rep=1/10: frame progress 40/100 (40.0%)
[2026-02-28 18:50:45] eps=15 rep=2/10: frame progress 40/100 (40.0%)
[2026-02-28 18:50:45] eps=15 rep=9/10: frame progress 30/100 (30.0%)
[2026-02-28 18:50:45] eps=15 rep=3/10: frame progress 40/100 (40.0%)
[2026-02-28 18:50:45] eps=15 rep=4/10: frame progress 40/100 (40.0%)
[2026-02-28 18:50:46] eps=15 rep=5/10: frame progress 40/100 (40.0%)
[2026-02-28 18:50:46] eps=15 rep=6/10: frame progress 40/100 (40.0%)
[2026-02-28 18:50:46] eps=15 rep=7/10: frame progress 40/100 (40.0%)
[2026-02-28 18:50:46] eps=12 rep=4/9: frame progress 50/100 (50.0%)
[2026-02-28 18:50:46] eps=12 rep=6/9: frame progress 50/100 (50.0%)
[2026-02-28 18:50:46] eps=12 rep=3/9: frame progress 50/100 (50.0%)
[2026-02-28 18:50:46] eps=12 rep=5/9: frame progress 50/100 (50.0%)
[2026-02-28 18:50:47] eps=15 rep=8/10: frame progress 40/100 (40.0%)
[2026-02-28 18:50:48] eps=12 rep=7/9: frame progress 50/100 (50.0%)
[2026-02-28 18:50:48] eps=12 rep=8/9: frame progress 50/100 (50.0%)
[2026-02-28 18:50:48] eps=12 rep=9/9: frame progress 50/100 (50.0%)
[2026-02-28 18:50:48] eps=15 rep=1/10: frame progress 50/100 (50.0%)
[2026-02-28 18:50:48] eps=15 rep=2/10: frame progress 50/100 (50.0%)
[2026-02-28 18:50:48] eps=15 rep=9/10: frame progress 40/100 (40.0%)
[2026-02-28 18:50:49] eps=15 rep=3/10: frame progress 50/100 (50.0%)
[2026-02-28 18:50:49] eps=15 rep=4/10: frame progress 50/100 (50.0%)
[2026-02-28 18:50:49] eps=15 rep=5/10: frame progress 50/100 (50.0%)
[2026-02-28 18:50:49] eps=15 rep=6/10: frame progress 50/100 (50.0%)
[2026-02-28 18:50:49] eps=15 rep=7/10: frame progress 50/100 (50.0%)
[2026-02-28 18:50:49] eps=12 rep=4/9: frame progress 60/100 (60.0%)
[2026-02-28 18:50:49] eps=12 rep=6/9: frame progress 60/100 (60.0%)
[2026-02-28 18:50:49] eps=12 rep=3/9: frame progress 60/100 (60.0%)
[2026-02-28 18:50:49] eps=12 rep=5/9: frame progress 60/100 (60.0%)
[2026-02-28 18:50:51] eps=15 rep=8/10: frame progress 50/100 (50.0%)
[2026-02-28 18:50:51] eps=12 rep=7/9: frame progress 60/100 (60.0%)
[2026-02-28 18:50:51] eps=12 rep=8/9: frame progress 60/100 (60.0%)
[2026-02-28 18:50:51] eps=12 rep=9/9: frame progress 60/100 (60.0%)
[2026-02-28 18:50:52] eps=15 rep=1/10: frame progress 60/100 (60.0%)
[2026-02-28 18:50:52] eps=15 rep=9/10: frame progress 50/100 (50.0%)
[2026-02-28 18:50:52] eps=15 rep=2/10: frame progress 60/100 (60.0%)
[2026-02-28 18:50:52] eps=15 rep=3/10: frame progress 60/100 (60.0%)
[2026-02-28 18:50:52] eps=15 rep=4/10: frame progress 60/100 (60.0%)
[2026-02-28 18:50:53] eps=15 rep=5/10: frame progress 60/100 (60.0%)
[2026-02-28 18:50:53] eps=15 rep=6/10: frame progress 60/100 (60.0%)
[2026-02-28 18:50:53] eps=12 rep=4/9: frame progress 70/100 (70.0%)
[2026-02-28 18:50:53] eps=12 rep=6/9: frame progress 70/100 (70.0%)
[2026-02-28 18:50:53] eps=12 rep=5/9: frame progress 70/100 (70.0%)
[2026-02-28 18:50:53] eps=15 rep=7/10: frame progress 60/100 (60.0%)
[2026-02-28 18:50:53] eps=12 rep=3/9: frame progress 70/100 (70.0%)
[2026-02-28 18:50:54] eps=15 rep=8/10: frame progress 60/100 (60.0%)
[2026-02-28 18:50:55] eps=12 rep=7/9: frame progress 70/100 (70.0%)
[2026-02-28 18:50:55] eps=12 rep=8/9: frame progress 70/100 (70.0%)
[2026-02-28 18:50:55] eps=12 rep=9/9: frame progress 70/100 (70.0%)
[2026-02-28 18:50:55] eps=15 rep=1/10: frame progress 70/100 (70.0%)
[2026-02-28 18:50:55] eps=15 rep=2/10: frame progress 70/100 (70.0%)
[2026-02-28 18:50:55] eps=15 rep=9/10: frame progress 60/100 (60.0%)
[2026-02-28 18:50:56] eps=15 rep=3/10: frame progress 70/100 (70.0%)
[2026-02-28 18:50:56] eps=15 rep=4/10: frame progress 70/100 (70.0%)
[2026-02-28 18:50:56] eps=15 rep=6/10: frame progress 70/100 (70.0%)
[2026-02-28 18:50:56] eps=15 rep=5/10: frame progress 70/100 (70.0%)
[2026-02-28 18:50:56] eps=12 rep=4/9: frame progress 80/100 (80.0%)
[2026-02-28 18:50:56] eps=12 rep=6/9: frame progress 80/100 (80.0%)
[2026-02-28 18:50:56] eps=12 rep=5/9: frame progress 80/100 (80.0%)
[2026-02-28 18:50:56] eps=12 rep=3/9: frame progress 80/100 (80.0%)
[2026-02-28 18:50:56] eps=15 rep=7/10: frame progress 70/100 (70.0%)
[2026-02-28 18:50:58] eps=15 rep=8/10: frame progress 70/100 (70.0%)
[2026-02-28 18:50:58] eps=12 rep=8/9: frame progress 80/100 (80.0%)
[2026-02-28 18:50:58] eps=12 rep=7/9: frame progress 80/100 (80.0%)
[2026-02-28 18:50:58] eps=12 rep=9/9: frame progress 80/100 (80.0%)
[2026-02-28 18:50:59] eps=15 rep=1/10: frame progress 80/100 (80.0%)
[2026-02-28 18:50:59] eps=15 rep=2/10: frame progress 80/100 (80.0%)
[2026-02-28 18:50:59] eps=15 rep=9/10: frame progress 70/100 (70.0%)
[2026-02-28 18:51:00] eps=15 rep=3/10: frame progress 80/100 (80.0%)
[2026-02-28 18:51:00] eps=15 rep=4/10: frame progress 80/100 (80.0%)
[2026-02-28 18:51:00] eps=12 rep=4/9: frame progress 90/100 (90.0%)
[2026-02-28 18:51:00] eps=15 rep=6/10: frame progress 80/100 (80.0%)
[2026-02-28 18:51:00] eps=12 rep=6/9: frame progress 90/100 (90.0%)
[2026-02-28 18:51:00] eps=15 rep=5/10: frame progress 80/100 (80.0%)
[2026-02-28 18:51:00] eps=12 rep=5/9: frame progress 90/100 (90.0%)
[2026-02-28 18:51:00] eps=12 rep=3/9: frame progress 90/100 (90.0%)
[2026-02-28 18:51:00] eps=15 rep=7/10: frame progress 80/100 (80.0%)
[2026-02-28 18:51:02] eps=15 rep=8/10: frame progress 80/100 (80.0%)
[2026-02-28 18:51:02] eps=12 rep=8/9: frame progress 90/100 (90.0%)
[2026-02-28 18:51:02] eps=12 rep=7/9: frame progress 90/100 (90.0%)
[2026-02-28 18:51:02] eps=12 rep=9/9: frame progress 90/100 (90.0%)
[2026-02-28 18:51:02] eps=15 rep=1/10: frame progress 90/100 (90.0%)
[2026-02-28 18:51:03] eps=15 rep=2/10: frame progress 90/100 (90.0%)
[2026-02-28 18:51:03] eps=15 rep=9/10: frame progress 80/100 (80.0%)
[2026-02-28 18:51:03] eps=15 rep=3/10: frame progress 90/100 (90.0%)
[2026-02-28 18:51:03] eps=15 rep=4/10: frame progress 90/100 (90.0%)
[2026-02-28 18:51:03] eps=12 rep=4/9: frame progress 100/100 (100.0%)
[2026-02-28 18:51:03] eps=12 rep=6/9: frame progress 100/100 (100.0%)
[2026-02-28 18:51:03] eps=12 rep=5/9: frame progress 100/100 (100.0%)
[2026-02-28 18:51:03] eps=12 rep=3/9: frame progress 100/100 (100.0%)
[2026-02-28 18:51:03] eps=15 rep=6/10: frame progress 90/100 (90.0%)
[2026-02-28 18:51:04] eps=15 rep=5/10: frame progress 90/100 (90.0%)
[2026-02-28 18:51:04] eps=15 rep=7/10: frame progress 90/100 (90.0%)
[2026-02-28 18:51:04] eps=12 rep=4/9: done
[2026-02-28 18:51:04] eps=15 rep=10/10: start (eps_15/rep_001/trajectory.gsd)
[2026-02-28 18:51:04] eps=12 rep=6/9: done
[2026-02-28 18:51:04] eps=12 rep=5/9: done
[2026-02-28 18:51:04] eps=18 rep=1/10: start (eps_18/rep_004/trajectory.gsd)
[2026-02-28 18:51:04] eps=12 rep=3/9: done
[2026-02-28 18:51:04] eps=18 rep=2/10: start (eps_18/rep_003/trajectory.gsd)
[2026-02-28 18:51:04] eps=18 rep=3/10: start (eps_18/rep_007/trajectory.gsd)
[2026-02-28 18:51:05] eps=12 rep=8/9: frame progress 100/100 (100.0%)
[2026-02-28 18:51:05] eps=12 rep=7/9: frame progress 100/100 (100.0%)
[2026-02-28 18:51:05] eps=15 rep=8/10: frame progress 90/100 (90.0%)
[2026-02-28 18:51:06] eps=12 rep=9/9: frame progress 100/100 (100.0%)
[2026-02-28 18:51:06] eps=12 rep=8/9: done
[2026-02-28 18:51:06] eps=18 rep=4/10: start (eps_18/rep_006/trajectory.gsd)
[2026-02-28 18:51:06] eps=12 rep=7/9: done
[2026-02-28 18:51:06] eps=18 rep=5/10: start (eps_18/rep_005/trajectory.gsd)
[2026-02-28 18:51:06] eps=12 rep=9/9: done
[2026-02-28 18:51:06] eps=18 rep=6/10: start (eps_18/rep_010/trajectory.gsd)
[2026-02-28 18:51:06] eps=15 rep=1/10: frame progress 100/100 (100.0%)
[2026-02-28 18:51:06] eps=15 rep=1/10: done
[2026-02-28 18:51:06] eps=18 rep=7/10: start (eps_18/rep_009/trajectory.gsd)
[2026-02-28 18:51:06] eps=15 rep=2/10: frame progress 100/100 (100.0%)
[2026-02-28 18:51:06] eps=15 rep=9/10: frame progress 90/100 (90.0%)
[2026-02-28 18:51:07] eps=15 rep=2/10: done
[2026-02-28 18:51:07] eps=18 rep=8/10: start (eps_18/rep_008/trajectory.gsd)
[2026-02-28 18:51:07] eps=15 rep=10/10: frame progress 10/100 (10.0%)
[2026-02-28 18:51:07] eps=15 rep=4/10: frame progress 100/100 (100.0%)
[2026-02-28 18:51:07] eps=15 rep=3/10: frame progress 100/100 (100.0%)
[2026-02-28 18:51:07] eps=18 rep=3/10: frame progress 10/100 (10.0%)
[2026-02-28 18:51:07] eps=18 rep=1/10: frame progress 10/100 (10.0%)
[2026-02-28 18:51:07] eps=18 rep=2/10: frame progress 10/100 (10.0%)
[2026-02-28 18:51:07] eps=15 rep=4/10: done
[2026-02-28 18:51:07] eps=15 rep=3/10: done
[2026-02-28 18:51:07] eps=18 rep=9/10: start (eps_18/rep_002/trajectory.gsd)
[2026-02-28 18:51:07] eps=18 rep=10/10: start (eps_18/rep_001/trajectory.gsd)
[2026-02-28 18:51:07] eps=15 rep=6/10: frame progress 100/100 (100.0%)
[2026-02-28 18:51:07] eps=15 rep=7/10: frame progress 100/100 (100.0%)
[2026-02-28 18:51:07] eps=15 rep=5/10: frame progress 100/100 (100.0%)
[2026-02-28 18:51:07] eps=15 rep=6/10: done
[2026-02-28 18:51:07] eps=15 rep=7/10: done
[2026-02-28 18:51:07] eps=15 rep=5/10: done
[2026-02-28 18:51:09] eps=18 rep=4/10: frame progress 10/100 (10.0%)
[2026-02-28 18:51:09] eps=18 rep=5/10: frame progress 10/100 (10.0%)
[2026-02-28 18:51:09] eps=15 rep=8/10: frame progress 100/100 (100.0%)
[2026-02-28 18:51:09] eps=18 rep=6/10: frame progress 10/100 (10.0%)
[2026-02-28 18:51:09] eps=15 rep=8/10: done
[2026-02-28 18:51:09] eps=18 rep=7/10: frame progress 10/100 (10.0%)
[2026-02-28 18:51:10] eps=18 rep=8/10: frame progress 10/100 (10.0%)
[2026-02-28 18:51:10] eps=15 rep=10/10: frame progress 20/100 (20.0%)
[2026-02-28 18:51:10] eps=18 rep=3/10: frame progress 20/100 (20.0%)
[2026-02-28 18:51:10] eps=18 rep=2/10: frame progress 20/100 (20.0%)
[2026-02-28 18:51:10] eps=18 rep=1/10: frame progress 20/100 (20.0%)
[2026-02-28 18:51:10] eps=15 rep=9/10: frame progress 100/100 (100.0%)
[2026-02-28 18:51:10] eps=18 rep=9/10: frame progress 10/100 (10.0%)
[2026-02-28 18:51:10] eps=15 rep=9/10: done
[2026-02-28 18:51:10] eps=18 rep=10/10: frame progress 10/100 (10.0%)
[2026-02-28 18:51:12] eps=18 rep=4/10: frame progress 20/100 (20.0%)
[2026-02-28 18:51:12] eps=18 rep=5/10: frame progress 20/100 (20.0%)
[2026-02-28 18:51:12] eps=18 rep=6/10: frame progress 20/100 (20.0%)
[2026-02-28 18:51:13] eps=18 rep=7/10: frame progress 20/100 (20.0%)
[2026-02-28 18:51:13] eps=18 rep=8/10: frame progress 20/100 (20.0%)
[2026-02-28 18:51:13] eps=15 rep=10/10: frame progress 30/100 (30.0%)
[2026-02-28 18:51:13] eps=18 rep=9/10: frame progress 20/100 (20.0%)
[2026-02-28 18:51:13] eps=18 rep=3/10: frame progress 30/100 (30.0%)
[2026-02-28 18:51:13] eps=18 rep=2/10: frame progress 30/100 (30.0%)
[2026-02-28 18:51:13] eps=18 rep=1/10: frame progress 30/100 (30.0%)
[2026-02-28 18:51:13] eps=18 rep=10/10: frame progress 20/100 (20.0%)
[2026-02-28 18:51:15] eps=18 rep=4/10: frame progress 30/100 (30.0%)
[2026-02-28 18:51:15] eps=18 rep=5/10: frame progress 30/100 (30.0%)
[2026-02-28 18:51:15] eps=18 rep=6/10: frame progress 30/100 (30.0%)
[2026-02-28 18:51:16] eps=18 rep=7/10: frame progress 30/100 (30.0%)
[2026-02-28 18:51:16] eps=18 rep=8/10: frame progress 30/100 (30.0%)
[2026-02-28 18:51:16] eps=15 rep=10/10: frame progress 40/100 (40.0%)
[2026-02-28 18:51:16] eps=18 rep=9/10: frame progress 30/100 (30.0%)
[2026-02-28 18:51:17] eps=18 rep=2/10: frame progress 40/100 (40.0%)
[2026-02-28 18:51:17] eps=18 rep=3/10: frame progress 40/100 (40.0%)
[2026-02-28 18:51:17] eps=18 rep=1/10: frame progress 40/100 (40.0%)
[2026-02-28 18:51:17] eps=18 rep=10/10: frame progress 30/100 (30.0%)
[2026-02-28 18:51:18] eps=18 rep=4/10: frame progress 40/100 (40.0%)
[2026-02-28 18:51:18] eps=18 rep=5/10: frame progress 40/100 (40.0%)
[2026-02-28 18:51:19] eps=18 rep=6/10: frame progress 40/100 (40.0%)
[2026-02-28 18:51:19] eps=18 rep=7/10: frame progress 40/100 (40.0%)
[2026-02-28 18:51:19] eps=18 rep=8/10: frame progress 40/100 (40.0%)
[2026-02-28 18:51:20] eps=18 rep=9/10: frame progress 40/100 (40.0%)
[2026-02-28 18:51:20] eps=15 rep=10/10: frame progress 50/100 (50.0%)
[2026-02-28 18:51:20] eps=18 rep=3/10: frame progress 50/100 (50.0%)
[2026-02-28 18:51:20] eps=18 rep=2/10: frame progress 50/100 (50.0%)
[2026-02-28 18:51:20] eps=18 rep=10/10: frame progress 40/100 (40.0%)
[2026-02-28 18:51:20] eps=18 rep=1/10: frame progress 50/100 (50.0%)
[2026-02-28 18:51:22] eps=18 rep=4/10: frame progress 50/100 (50.0%)
[2026-02-28 18:51:22] eps=18 rep=5/10: frame progress 50/100 (50.0%)
[2026-02-28 18:51:22] eps=18 rep=6/10: frame progress 50/100 (50.0%)
[2026-02-28 18:51:22] eps=18 rep=7/10: frame progress 50/100 (50.0%)
[2026-02-28 18:51:23] eps=18 rep=8/10: frame progress 50/100 (50.0%)
[2026-02-28 18:51:23] eps=18 rep=9/10: frame progress 50/100 (50.0%)
[2026-02-28 18:51:23] eps=15 rep=10/10: frame progress 60/100 (60.0%)
[2026-02-28 18:51:23] eps=18 rep=3/10: frame progress 60/100 (60.0%)
[2026-02-28 18:51:23] eps=18 rep=1/10: frame progress 60/100 (60.0%)
[2026-02-28 18:51:23] eps=18 rep=2/10: frame progress 60/100 (60.0%)
[2026-02-28 18:51:23] eps=18 rep=10/10: frame progress 50/100 (50.0%)
[2026-02-28 18:51:25] eps=18 rep=4/10: frame progress 60/100 (60.0%)
[2026-02-28 18:51:25] eps=18 rep=5/10: frame progress 60/100 (60.0%)
[2026-02-28 18:51:25] eps=18 rep=6/10: frame progress 60/100 (60.0%)
[2026-02-28 18:51:26] eps=18 rep=7/10: frame progress 60/100 (60.0%)
[2026-02-28 18:51:26] eps=18 rep=8/10: frame progress 60/100 (60.0%)
[2026-02-28 18:51:26] eps=18 rep=9/10: frame progress 60/100 (60.0%)
[2026-02-28 18:51:27] eps=15 rep=10/10: frame progress 70/100 (70.0%)
[2026-02-28 18:51:27] eps=18 rep=1/10: frame progress 70/100 (70.0%)
[2026-02-28 18:51:27] eps=18 rep=3/10: frame progress 70/100 (70.0%)
[2026-02-28 18:51:27] eps=18 rep=10/10: frame progress 60/100 (60.0%)
[2026-02-28 18:51:27] eps=18 rep=2/10: frame progress 70/100 (70.0%)
[2026-02-28 18:51:28] eps=18 rep=4/10: frame progress 70/100 (70.0%)
[2026-02-28 18:51:29] eps=18 rep=5/10: frame progress 70/100 (70.0%)
[2026-02-28 18:51:29] eps=18 rep=6/10: frame progress 70/100 (70.0%)
[2026-02-28 18:51:29] eps=18 rep=7/10: frame progress 70/100 (70.0%)
[2026-02-28 18:51:29] eps=18 rep=8/10: frame progress 70/100 (70.0%)
[2026-02-28 18:51:30] eps=18 rep=9/10: frame progress 70/100 (70.0%)
[2026-02-28 18:51:30] eps=15 rep=10/10: frame progress 80/100 (80.0%)
[2026-02-28 18:51:30] eps=18 rep=1/10: frame progress 80/100 (80.0%)
[2026-02-28 18:51:30] eps=18 rep=3/10: frame progress 80/100 (80.0%)
[2026-02-28 18:51:30] eps=18 rep=2/10: frame progress 80/100 (80.0%)
[2026-02-28 18:51:30] eps=18 rep=10/10: frame progress 70/100 (70.0%)
[2026-02-28 18:51:32] eps=18 rep=4/10: frame progress 80/100 (80.0%)
[2026-02-28 18:51:32] eps=18 rep=5/10: frame progress 80/100 (80.0%)
[2026-02-28 18:51:32] eps=18 rep=6/10: frame progress 80/100 (80.0%)
[2026-02-28 18:51:33] eps=18 rep=7/10: frame progress 80/100 (80.0%)
[2026-02-28 18:51:33] eps=18 rep=8/10: frame progress 80/100 (80.0%)
[2026-02-28 18:51:33] eps=18 rep=9/10: frame progress 80/100 (80.0%)
[2026-02-28 18:51:33] eps=15 rep=10/10: frame progress 90/100 (90.0%)
[2026-02-28 18:51:33] eps=18 rep=1/10: frame progress 90/100 (90.0%)
[2026-02-28 18:51:33] eps=18 rep=3/10: frame progress 90/100 (90.0%)
[2026-02-28 18:51:33] eps=18 rep=2/10: frame progress 90/100 (90.0%)
[2026-02-28 18:51:33] eps=18 rep=10/10: frame progress 80/100 (80.0%)
[2026-02-28 18:51:35] eps=18 rep=4/10: frame progress 90/100 (90.0%)
[2026-02-28 18:51:35] eps=18 rep=5/10: frame progress 90/100 (90.0%)
[2026-02-28 18:51:36] eps=18 rep=6/10: frame progress 90/100 (90.0%)
[2026-02-28 18:51:36] eps=18 rep=7/10: frame progress 90/100 (90.0%)
[2026-02-28 18:51:36] eps=18 rep=8/10: frame progress 90/100 (90.0%)
[2026-02-28 18:51:37] eps=18 rep=9/10: frame progress 90/100 (90.0%)
[2026-02-28 18:51:37] eps=15 rep=10/10: frame progress 100/100 (100.0%)
[2026-02-28 18:51:37] eps=18 rep=1/10: frame progress 100/100 (100.0%)
[2026-02-28 18:51:37] eps=18 rep=3/10: frame progress 100/100 (100.0%)
[2026-02-28 18:51:37] eps=18 rep=2/10: frame progress 100/100 (100.0%)
[2026-02-28 18:51:37] eps=18 rep=10/10: frame progress 90/100 (90.0%)
[2026-02-28 18:51:37] eps=15 rep=10/10: done
[2026-02-28 18:51:37] eps=18 rep=1/10: done
[2026-02-28 18:51:37] eps=18 rep=3/10: done
[2026-02-28 18:51:37] eps=18 rep=2/10: done
[2026-02-28 18:51:39] eps=18 rep=4/10: frame progress 100/100 (100.0%)
[2026-02-28 18:51:39] eps=18 rep=4/10: done
[2026-02-28 18:51:39] eps=18 rep=5/10: frame progress 100/100 (100.0%)
[2026-02-28 18:51:39] eps=18 rep=6/10: frame progress 100/100 (100.0%)
[2026-02-28 18:51:39] eps=18 rep=5/10: done
[2026-02-28 18:51:39] eps=18 rep=6/10: done
[2026-02-28 18:51:39] eps=18 rep=7/10: frame progress 100/100 (100.0%)
[2026-02-28 18:51:39] eps=18 rep=7/10: done
[2026-02-28 18:51:40] eps=18 rep=8/10: frame progress 100/100 (100.0%)
[2026-02-28 18:51:40] eps=18 rep=8/10: done
[2026-02-28 18:51:40] eps=18 rep=9/10: frame progress 100/100 (100.0%)
[2026-02-28 18:51:40] eps=18 rep=9/10: done
[2026-02-28 18:51:40] eps=18 rep=10/10: frame progress 100/100 (100.0%)
[2026-02-28 18:51:40] eps=18 rep=10/10: done
[2026-02-28 18:51:40] Completed parallel analysis for 59 runs
[2026-02-28 18:51:40] Aggregating epsilon group 1/6: eps=3, replicates=10
[2026-02-28 18:51:40] Writing outputs for eps=3 to /scratch/gpfs/WEBB/chertok/REACTIVELJ_PAPER/simulation_package/melt/analysis/results/eps_3
[2026-02-28 18:51:41] Finished epsilon group eps=3
[2026-02-28 18:51:41] Aggregating epsilon group 2/6: eps=6, replicates=10
[2026-02-28 18:51:41] Writing outputs for eps=6 to /scratch/gpfs/WEBB/chertok/REACTIVELJ_PAPER/simulation_package/melt/analysis/results/eps_6
[2026-02-28 18:51:41] Finished epsilon group eps=6
[2026-02-28 18:51:41] Aggregating epsilon group 3/6: eps=9, replicates=10
[2026-02-28 18:51:41] Writing outputs for eps=9 to /scratch/gpfs/WEBB/chertok/REACTIVELJ_PAPER/simulation_package/melt/analysis/results/eps_9
[2026-02-28 18:51:41] Finished epsilon group eps=9
[2026-02-28 18:51:41] Aggregating epsilon group 4/6: eps=12, replicates=9
[2026-02-28 18:51:41] Writing outputs for eps=12 to /scratch/gpfs/WEBB/chertok/REACTIVELJ_PAPER/simulation_package/melt/analysis/results/eps_12
[2026-02-28 18:51:41] Finished epsilon group eps=12
[2026-02-28 18:51:41] Aggregating epsilon group 5/6: eps=15, replicates=10
[2026-02-28 18:51:41] Writing outputs for eps=15 to /scratch/gpfs/WEBB/chertok/REACTIVELJ_PAPER/simulation_package/melt/analysis/results/eps_15
[2026-02-28 18:51:42] Finished epsilon group eps=15
[2026-02-28 18:51:42] Aggregating epsilon group 6/6: eps=18, replicates=10
[2026-02-28 18:51:42] Writing outputs for eps=18 to /scratch/gpfs/WEBB/chertok/REACTIVELJ_PAPER/simulation_package/melt/analysis/results/eps_18
[2026-02-28 18:51:42] Finished epsilon group eps=18
[2026-02-28 18:51:42] Wrote /scratch/gpfs/WEBB/chertok/REACTIVELJ_PAPER/simulation_package/melt/analysis/results/summary.json
[2026-02-28 18:51:42] Wrote /scratch/gpfs/WEBB/chertok/REACTIVELJ_PAPER/simulation_package/melt/analysis/results/summary.csv
[2026-02-28 18:51:44] Analysis complete
[2026-02-28 18:51:45] Step 7/8 complete: Analysis finished in 139 seconds
[2026-02-28 18:51:45] Step 8/8: Job complete in 140 seconds total
