[2026-03-02 18:47:38] Step 1/8: Purging modules
[2026-03-02 18:47:38] Step 2/8: Sourcing ~/.bashrc
[2026-03-02 18:47:38] Step 3/8: Loading anaconda module
[2026-03-02 18:47:39] Step 4/8: Activating conda environment
[2026-03-02 18:47:39] Step 5/8: Changing directory to /scratch/gpfs/WEBB/chertok/REACTIVELJ_PAPER/simulation_package/melt
[2026-03-02 18:47:39] Step 6/8: Ensuring logs directory exists
[2026-03-02 18:47:39] Step 7/8: Starting trajectory analysis
[2026-03-02 18:47:40] Scanning trajectories under /scratch/gpfs/WEBB/chertok/REACTIVELJ_PAPER/simulation_package/melt/data_generation/outputs
[2026-03-02 18:47:40] Discovered 59 trajectory/metadata pairs
[2026-03-02 18:47:40] Grouped runs into 6 epsilon values
[2026-03-02 18:47:40] Queueing epsilon group 1/6: eps=3, replicates=10
[2026-03-02 18:47:40] Queueing epsilon group 2/6: eps=6, replicates=10
[2026-03-02 18:47:40] Queueing epsilon group 3/6: eps=9, replicates=10
[2026-03-02 18:47:40] Queueing epsilon group 4/6: eps=12, replicates=9
[2026-03-02 18:47:40] Queueing epsilon group 5/6: eps=15, replicates=10
[2026-03-02 18:47:40] Queueing epsilon group 6/6: eps=18, replicates=10
[2026-03-02 18:47:40] Starting parallel analysis with 64 workers on 59 runs
[2026-03-02 18:47:41] eps=3 rep=1/10: start (eps_3/rep_004/trajectory.gsd)
[2026-03-02 18:47:41] eps=3 rep=2/10: start (eps_3/rep_003/trajectory.gsd)
[2026-03-02 18:47:41] eps=3 rep=4/10: start (eps_3/rep_006/trajectory.gsd)
[2026-03-02 18:47:41] eps=3 rep=5/10: start (eps_3/rep_005/trajectory.gsd)
[2026-03-02 18:47:41] eps=3 rep=3/10: start (eps_3/rep_007/trajectory.gsd)
[2026-03-02 18:47:41] eps=3 rep=6/10: start (eps_3/rep_010/trajectory.gsd)
[2026-03-02 18:47:41] eps=3 rep=7/10: start (eps_3/rep_009/trajectory.gsd)
[2026-03-02 18:47:41] eps=6 rep=1/10: start (eps_6/rep_004/trajectory.gsd)
[2026-03-02 18:47:41] eps=3 rep=8/10: start (eps_3/rep_008/trajectory.gsd)
[2026-03-02 18:47:41] eps=6 rep=3/10: start (eps_6/rep_007/trajectory.gsd)
[2026-03-02 18:47:41] eps=3 rep=10/10: start (eps_3/rep_001/trajectory.gsd)
[2026-03-02 18:47:41] eps=3 rep=9/10: start (eps_3/rep_002/trajectory.gsd)
[2026-03-02 18:47:41] eps=6 rep=7/10: start (eps_6/rep_009/trajectory.gsd)
[2026-03-02 18:47:41] eps=6 rep=4/10: start (eps_6/rep_006/trajectory.gsd)
[2026-03-02 18:47:41] eps=6 rep=5/10: start (eps_6/rep_005/trajectory.gsd)
[2026-03-02 18:47:41] eps=6 rep=2/10: start (eps_6/rep_003/trajectory.gsd)
[2026-03-02 18:47:41] eps=9 rep=3/10: start (eps_9/rep_007/trajectory.gsd)
[2026-03-02 18:47:41] eps=6 rep=6/10: start (eps_6/rep_010/trajectory.gsd)
[2026-03-02 18:47:41] eps=6 rep=9/10: start (eps_6/rep_002/trajectory.gsd)
[2026-03-02 18:47:41] eps=6 rep=10/10: start (eps_6/rep_001/trajectory.gsd)
[2026-03-02 18:47:41] eps=9 rep=1/10: start (eps_9/rep_004/trajectory.gsd)
[2026-03-02 18:47:41] eps=9 rep=4/10: start (eps_9/rep_006/trajectory.gsd)
[2026-03-02 18:47:41] eps=9 rep=2/10: start (eps_9/rep_003/trajectory.gsd)
[2026-03-02 18:47:41] eps=9 rep=6/10: start (eps_9/rep_010/trajectory.gsd)
[2026-03-02 18:47:41] eps=6 rep=8/10: start (eps_6/rep_008/trajectory.gsd)
[2026-03-02 18:47:41] eps=12 rep=1/9: start (eps_12/rep_004/trajectory.gsd)
[2026-03-02 18:47:41] eps=9 rep=5/10: start (eps_9/rep_005/trajectory.gsd)
[2026-03-02 18:47:41] eps=9 rep=10/10: start (eps_9/rep_001/trajectory.gsd)
[2026-03-02 18:47:41] eps=9 rep=8/10: start (eps_9/rep_008/trajectory.gsd)
[2026-03-02 18:47:41] eps=9 rep=9/10: start (eps_9/rep_002/trajectory.gsd)
[2026-03-02 18:47:41] eps=12 rep=2/9: start (eps_12/rep_003/trajectory.gsd)
[2026-03-02 18:47:41] eps=12 rep=4/9: start (eps_12/rep_006/trajectory.gsd)
[2026-03-02 18:47:41] eps=15 rep=2/10: start (eps_15/rep_003/trajectory.gsd)
[2026-03-02 18:47:41] eps=12 rep=5/9: start (eps_12/rep_005/trajectory.gsd)
[2026-03-02 18:47:41] eps=12 rep=8/9: start (eps_12/rep_002/trajectory.gsd)
[2026-03-02 18:47:41] eps=15 rep=6/10: start (eps_15/rep_010/trajectory.gsd)
[2026-03-02 18:47:41] eps=12 rep=7/9: start (eps_12/rep_009/trajectory.gsd)
[2026-03-02 18:47:41] eps=15 rep=9/10: start (eps_15/rep_002/trajectory.gsd)
[2026-03-02 18:47:41] eps=18 rep=2/10: start (eps_18/rep_003/trajectory.gsd)
[2026-03-02 18:47:41] eps=12 rep=3/9: start (eps_12/rep_007/trajectory.gsd)
[2026-03-02 18:47:41] eps=15 rep=3/10: start (eps_15/rep_007/trajectory.gsd)
[2026-03-02 18:47:41] eps=12 rep=6/9: start (eps_12/rep_010/trajectory.gsd)
[2026-03-02 18:47:41] eps=15 rep=7/10: start (eps_15/rep_009/trajectory.gsd)
[2026-03-02 18:47:41] eps=9 rep=7/10: start (eps_9/rep_009/trajectory.gsd)
[2026-03-02 18:47:41] eps=12 rep=9/9: start (eps_12/rep_001/trajectory.gsd)
[2026-03-02 18:47:41] eps=15 rep=1/10: start (eps_15/rep_004/trajectory.gsd)
[2026-03-02 18:47:41] eps=18 rep=6/10: start (eps_18/rep_010/trajectory.gsd)
[2026-03-02 18:47:41] eps=15 rep=8/10: start (eps_15/rep_008/trajectory.gsd)
[2026-03-02 18:47:41] eps=15 rep=4/10: start (eps_15/rep_006/trajectory.gsd)
[2026-03-02 18:47:41] eps=18 rep=3/10: start (eps_18/rep_007/trajectory.gsd)
[2026-03-02 18:47:41] eps=18 rep=1/10: start (eps_18/rep_004/trajectory.gsd)
[2026-03-02 18:47:41] eps=15 rep=10/10: start (eps_15/rep_001/trajectory.gsd)
[2026-03-02 18:47:41] eps=18 rep=5/10: start (eps_18/rep_005/trajectory.gsd)
[2026-03-02 18:47:41] eps=15 rep=5/10: start (eps_15/rep_005/trajectory.gsd)
[2026-03-02 18:47:41] eps=18 rep=10/10: start (eps_18/rep_001/trajectory.gsd)
[2026-03-02 18:47:41] eps=18 rep=8/10: start (eps_18/rep_008/trajectory.gsd)
[2026-03-02 18:47:41] eps=18 rep=4/10: start (eps_18/rep_006/trajectory.gsd)
[2026-03-02 18:47:41] eps=18 rep=7/10: start (eps_18/rep_009/trajectory.gsd)
[2026-03-02 18:47:41] eps=18 rep=9/10: start (eps_18/rep_002/trajectory.gsd)
[2026-03-02 18:47:44] eps=3 rep=6/10: frame progress 10/100 (10.0%)
[2026-03-02 18:47:44] eps=3 rep=5/10: frame progress 10/100 (10.0%)
[2026-03-02 18:47:44] eps=3 rep=3/10: frame progress 10/100 (10.0%)
[2026-03-02 18:47:44] eps=3 rep=10/10: frame progress 10/100 (10.0%)
[2026-03-02 18:47:44] eps=3 rep=4/10: frame progress 10/100 (10.0%)
[2026-03-02 18:47:44] eps=3 rep=1/10: frame progress 10/100 (10.0%)
[2026-03-02 18:47:44] eps=3 rep=2/10: frame progress 10/100 (10.0%)
[2026-03-02 18:47:44] eps=3 rep=7/10: frame progress 10/100 (10.0%)
[2026-03-02 18:47:44] eps=6 rep=4/10: frame progress 10/100 (10.0%)
[2026-03-02 18:47:44] eps=6 rep=6/10: frame progress 10/100 (10.0%)
[2026-03-02 18:47:44] eps=3 rep=8/10: frame progress 10/100 (10.0%)
[2026-03-02 18:47:44] eps=6 rep=7/10: frame progress 10/100 (10.0%)
[2026-03-02 18:47:44] eps=6 rep=2/10: frame progress 10/100 (10.0%)
[2026-03-02 18:47:44] eps=6 rep=5/10: frame progress 10/100 (10.0%)
[2026-03-02 18:47:44] eps=6 rep=3/10: frame progress 10/100 (10.0%)
[2026-03-02 18:47:44] eps=6 rep=8/10: frame progress 10/100 (10.0%)
[2026-03-02 18:47:44] eps=6 rep=10/10: frame progress 10/100 (10.0%)
[2026-03-02 18:47:44] eps=6 rep=9/10: frame progress 10/100 (10.0%)
[2026-03-02 18:47:44] eps=6 rep=1/10: frame progress 10/100 (10.0%)
[2026-03-02 18:47:44] eps=9 rep=3/10: frame progress 10/100 (10.0%)
[2026-03-02 18:47:45] eps=9 rep=9/10: frame progress 10/100 (10.0%)
[2026-03-02 18:47:45] eps=9 rep=2/10: frame progress 10/100 (10.0%)
[2026-03-02 18:47:45] eps=9 rep=1/10: frame progress 10/100 (10.0%)
[2026-03-02 18:47:45] eps=9 rep=6/10: frame progress 10/100 (10.0%)
[2026-03-02 18:47:45] eps=9 rep=8/10: frame progress 10/100 (10.0%)
[2026-03-02 18:47:45] eps=12 rep=4/9: frame progress 10/100 (10.0%)
[2026-03-02 18:47:45] eps=12 rep=8/9: frame progress 10/100 (10.0%)
[2026-03-02 18:47:45] eps=12 rep=1/9: frame progress 10/100 (10.0%)
[2026-03-02 18:47:45] eps=3 rep=9/10: frame progress 10/100 (10.0%)
[2026-03-02 18:47:45] eps=12 rep=2/9: frame progress 10/100 (10.0%)
[2026-03-02 18:47:45] eps=15 rep=2/10: frame progress 10/100 (10.0%)
[2026-03-02 18:47:45] eps=12 rep=5/9: frame progress 10/100 (10.0%)
[2026-03-02 18:47:45] eps=12 rep=7/9: frame progress 10/100 (10.0%)
[2026-03-02 18:47:45] eps=15 rep=3/10: frame progress 10/100 (10.0%)
[2026-03-02 18:47:45] eps=18 rep=2/10: frame progress 10/100 (10.0%)
[2026-03-02 18:47:45] eps=12 rep=6/9: frame progress 10/100 (10.0%)
[2026-03-02 18:47:45] eps=9 rep=7/10: frame progress 10/100 (10.0%)
[2026-03-02 18:47:45] eps=15 rep=1/10: frame progress 10/100 (10.0%)
[2026-03-02 18:47:45] eps=18 rep=4/10: frame progress 10/100 (10.0%)
[2026-03-02 18:47:45] eps=18 rep=6/10: frame progress 10/100 (10.0%)
[2026-03-02 18:47:45] eps=18 rep=3/10: frame progress 10/100 (10.0%)
[2026-03-02 18:47:45] eps=18 rep=5/10: frame progress 10/100 (10.0%)
[2026-03-02 18:47:45] eps=18 rep=10/10: frame progress 10/100 (10.0%)
[2026-03-02 18:47:45] eps=12 rep=9/9: frame progress 10/100 (10.0%)
[2026-03-02 18:47:45] eps=18 rep=7/10: frame progress 10/100 (10.0%)
[2026-03-02 18:47:45] eps=15 rep=7/10: frame progress 10/100 (10.0%)
[2026-03-02 18:47:45] eps=15 rep=6/10: frame progress 10/100 (10.0%)
[2026-03-02 18:47:45] eps=18 rep=9/10: frame progress 10/100 (10.0%)
[2026-03-02 18:47:45] eps=15 rep=10/10: frame progress 10/100 (10.0%)
[2026-03-02 18:47:45] eps=15 rep=4/10: frame progress 10/100 (10.0%)
[2026-03-02 18:47:45] eps=18 rep=8/10: frame progress 10/100 (10.0%)
[2026-03-02 18:47:45] eps=15 rep=8/10: frame progress 10/100 (10.0%)
[2026-03-02 18:47:45] eps=9 rep=4/10: frame progress 10/100 (10.0%)
[2026-03-02 18:47:45] eps=9 rep=5/10: frame progress 10/100 (10.0%)
[2026-03-02 18:47:45] eps=15 rep=9/10: frame progress 10/100 (10.0%)
[2026-03-02 18:47:45] eps=15 rep=5/10: frame progress 10/100 (10.0%)
[2026-03-02 18:47:45] eps=12 rep=3/9: frame progress 10/100 (10.0%)
[2026-03-02 18:47:45] eps=9 rep=10/10: frame progress 10/100 (10.0%)
[2026-03-02 18:47:45] eps=18 rep=1/10: frame progress 10/100 (10.0%)
[2026-03-02 18:47:47] eps=3 rep=6/10: frame progress 20/100 (20.0%)
[2026-03-02 18:47:47] eps=3 rep=5/10: frame progress 20/100 (20.0%)
[2026-03-02 18:47:47] eps=3 rep=3/10: frame progress 20/100 (20.0%)
[2026-03-02 18:47:47] eps=3 rep=10/10: frame progress 20/100 (20.0%)
[2026-03-02 18:47:47] eps=3 rep=4/10: frame progress 20/100 (20.0%)
[2026-03-02 18:47:47] eps=3 rep=1/10: frame progress 20/100 (20.0%)
[2026-03-02 18:47:47] eps=3 rep=8/10: frame progress 20/100 (20.0%)
[2026-03-02 18:47:47] eps=6 rep=6/10: frame progress 20/100 (20.0%)
[2026-03-02 18:47:47] eps=6 rep=4/10: frame progress 20/100 (20.0%)
[2026-03-02 18:47:47] eps=3 rep=2/10: frame progress 20/100 (20.0%)
[2026-03-02 18:47:47] eps=6 rep=5/10: frame progress 20/100 (20.0%)
[2026-03-02 18:47:47] eps=3 rep=7/10: frame progress 20/100 (20.0%)
[2026-03-02 18:47:47] eps=6 rep=2/10: frame progress 20/100 (20.0%)
[2026-03-02 18:47:48] eps=6 rep=8/10: frame progress 20/100 (20.0%)
[2026-03-02 18:47:48] eps=6 rep=10/10: frame progress 20/100 (20.0%)
[2026-03-02 18:47:48] eps=6 rep=3/10: frame progress 20/100 (20.0%)
[2026-03-02 18:47:48] eps=6 rep=9/10: frame progress 20/100 (20.0%)
[2026-03-02 18:47:48] eps=6 rep=1/10: frame progress 20/100 (20.0%)
[2026-03-02 18:47:48] eps=6 rep=7/10: frame progress 20/100 (20.0%)
[2026-03-02 18:47:48] eps=9 rep=3/10: frame progress 20/100 (20.0%)
[2026-03-02 18:47:48] eps=9 rep=2/10: frame progress 20/100 (20.0%)
[2026-03-02 18:47:48] eps=9 rep=9/10: frame progress 20/100 (20.0%)
[2026-03-02 18:47:48] eps=3 rep=9/10: frame progress 20/100 (20.0%)
[2026-03-02 18:47:48] eps=9 rep=1/10: frame progress 20/100 (20.0%)
[2026-03-02 18:47:48] eps=9 rep=8/10: frame progress 20/100 (20.0%)
[2026-03-02 18:47:48] eps=9 rep=6/10: frame progress 20/100 (20.0%)
[2026-03-02 18:47:48] eps=12 rep=4/9: frame progress 20/100 (20.0%)
[2026-03-02 18:47:48] eps=9 rep=7/10: frame progress 20/100 (20.0%)
[2026-03-02 18:47:48] eps=12 rep=8/9: frame progress 20/100 (20.0%)
[2026-03-02 18:47:48] eps=12 rep=1/9: frame progress 20/100 (20.0%)
[2026-03-02 18:47:48] eps=12 rep=2/9: frame progress 20/100 (20.0%)
[2026-03-02 18:47:48] eps=18 rep=3/10: frame progress 20/100 (20.0%)
[2026-03-02 18:47:48] eps=12 rep=6/9: frame progress 20/100 (20.0%)
[2026-03-02 18:47:48] eps=12 rep=5/9: frame progress 20/100 (20.0%)
[2026-03-02 18:47:48] eps=15 rep=3/10: frame progress 20/100 (20.0%)
[2026-03-02 18:47:48] eps=18 rep=4/10: frame progress 20/100 (20.0%)
[2026-03-02 18:47:48] eps=9 rep=4/10: frame progress 20/100 (20.0%)
[2026-03-02 18:47:48] eps=18 rep=6/10: frame progress 20/100 (20.0%)
[2026-03-02 18:47:48] eps=15 rep=2/10: frame progress 20/100 (20.0%)
[2026-03-02 18:47:48] eps=18 rep=2/10: frame progress 20/100 (20.0%)
[2026-03-02 18:47:48] eps=12 rep=7/9: frame progress 20/100 (20.0%)
[2026-03-02 18:47:48] eps=15 rep=6/10: frame progress 20/100 (20.0%)
[2026-03-02 18:47:48] eps=12 rep=9/9: frame progress 20/100 (20.0%)
[2026-03-02 18:47:48] eps=18 rep=5/10: frame progress 20/100 (20.0%)
[2026-03-02 18:47:48] eps=18 rep=10/10: frame progress 20/100 (20.0%)
[2026-03-02 18:47:48] eps=15 rep=7/10: frame progress 20/100 (20.0%)
[2026-03-02 18:47:48] eps=18 rep=7/10: frame progress 20/100 (20.0%)
[2026-03-02 18:47:48] eps=18 rep=9/10: frame progress 20/100 (20.0%)
[2026-03-02 18:47:48] eps=15 rep=10/10: frame progress 20/100 (20.0%)
[2026-03-02 18:47:48] eps=15 rep=9/10: frame progress 20/100 (20.0%)
[2026-03-02 18:47:48] eps=15 rep=1/10: frame progress 20/100 (20.0%)
[2026-03-02 18:47:48] eps=15 rep=4/10: frame progress 20/100 (20.0%)
[2026-03-02 18:47:48] eps=18 rep=8/10: frame progress 20/100 (20.0%)
[2026-03-02 18:47:48] eps=9 rep=5/10: frame progress 20/100 (20.0%)
[2026-03-02 18:47:48] eps=15 rep=8/10: frame progress 20/100 (20.0%)
[2026-03-02 18:47:48] eps=15 rep=5/10: frame progress 20/100 (20.0%)
[2026-03-02 18:47:48] eps=18 rep=1/10: frame progress 20/100 (20.0%)
[2026-03-02 18:47:48] eps=12 rep=3/9: frame progress 20/100 (20.0%)
[2026-03-02 18:47:48] eps=9 rep=10/10: frame progress 20/100 (20.0%)
[2026-03-02 18:47:50] eps=3 rep=5/10: frame progress 30/100 (30.0%)
[2026-03-02 18:47:50] eps=3 rep=6/10: frame progress 30/100 (30.0%)
[2026-03-02 18:47:50] eps=3 rep=3/10: frame progress 30/100 (30.0%)
[2026-03-02 18:47:50] eps=3 rep=10/10: frame progress 30/100 (30.0%)
[2026-03-02 18:47:50] eps=3 rep=4/10: frame progress 30/100 (30.0%)
[2026-03-02 18:47:50] eps=3 rep=1/10: frame progress 30/100 (30.0%)
[2026-03-02 18:47:50] eps=3 rep=8/10: frame progress 30/100 (30.0%)
[2026-03-02 18:47:50] eps=3 rep=2/10: frame progress 30/100 (30.0%)
[2026-03-02 18:47:50] eps=3 rep=7/10: frame progress 30/100 (30.0%)
[2026-03-02 18:47:50] eps=6 rep=6/10: frame progress 30/100 (30.0%)
[2026-03-02 18:47:51] eps=6 rep=5/10: frame progress 30/100 (30.0%)
[2026-03-02 18:47:51] eps=6 rep=4/10: frame progress 30/100 (30.0%)
[2026-03-02 18:47:51] eps=6 rep=8/10: frame progress 30/100 (30.0%)
[2026-03-02 18:47:51] eps=6 rep=2/10: frame progress 30/100 (30.0%)
[2026-03-02 18:47:51] eps=6 rep=10/10: frame progress 30/100 (30.0%)
[2026-03-02 18:47:51] eps=6 rep=3/10: frame progress 30/100 (30.0%)
[2026-03-02 18:47:51] eps=6 rep=9/10: frame progress 30/100 (30.0%)
[2026-03-02 18:47:51] eps=6 rep=1/10: frame progress 30/100 (30.0%)
[2026-03-02 18:47:51] eps=3 rep=9/10: frame progress 30/100 (30.0%)
[2026-03-02 18:47:51] eps=6 rep=7/10: frame progress 30/100 (30.0%)
[2026-03-02 18:47:51] eps=9 rep=2/10: frame progress 30/100 (30.0%)
[2026-03-02 18:47:51] eps=9 rep=9/10: frame progress 30/100 (30.0%)
[2026-03-02 18:47:51] eps=9 rep=8/10: frame progress 30/100 (30.0%)
[2026-03-02 18:47:51] eps=9 rep=1/10: frame progress 30/100 (30.0%)
[2026-03-02 18:47:51] eps=9 rep=6/10: frame progress 30/100 (30.0%)
[2026-03-02 18:47:51] eps=9 rep=3/10: frame progress 30/100 (30.0%)
[2026-03-02 18:47:51] eps=9 rep=7/10: frame progress 30/100 (30.0%)
[2026-03-02 18:47:51] eps=12 rep=4/9: frame progress 30/100 (30.0%)
[2026-03-02 18:47:51] eps=12 rep=8/9: frame progress 30/100 (30.0%)
[2026-03-02 18:47:51] eps=9 rep=4/10: frame progress 30/100 (30.0%)
[2026-03-02 18:47:51] eps=12 rep=1/9: frame progress 30/100 (30.0%)
[2026-03-02 18:47:51] eps=12 rep=2/9: frame progress 30/100 (30.0%)
[2026-03-02 18:47:51] eps=18 rep=3/10: frame progress 30/100 (30.0%)
[2026-03-02 18:47:51] eps=12 rep=5/9: frame progress 30/100 (30.0%)
[2026-03-02 18:47:51] eps=12 rep=7/9: frame progress 30/100 (30.0%)
[2026-03-02 18:47:51] eps=12 rep=6/9: frame progress 30/100 (30.0%)
[2026-03-02 18:47:51] eps=18 rep=4/10: frame progress 30/100 (30.0%)
[2026-03-02 18:47:51] eps=12 rep=9/9: frame progress 30/100 (30.0%)
[2026-03-02 18:47:51] eps=15 rep=6/10: frame progress 30/100 (30.0%)
[2026-03-02 18:47:51] eps=18 rep=6/10: frame progress 30/100 (30.0%)
[2026-03-02 18:47:51] eps=18 rep=2/10: frame progress 30/100 (30.0%)
[2026-03-02 18:47:51] eps=15 rep=3/10: frame progress 30/100 (30.0%)
[2026-03-02 18:47:51] eps=15 rep=7/10: frame progress 30/100 (30.0%)
[2026-03-02 18:47:51] eps=18 rep=9/10: frame progress 30/100 (30.0%)
[2026-03-02 18:47:51] eps=15 rep=2/10: frame progress 30/100 (30.0%)
[2026-03-02 18:47:51] eps=15 rep=10/10: frame progress 30/100 (30.0%)
[2026-03-02 18:47:51] eps=18 rep=10/10: frame progress 30/100 (30.0%)
[2026-03-02 18:47:51] eps=18 rep=7/10: frame progress 30/100 (30.0%)
[2026-03-02 18:47:51] eps=18 rep=5/10: frame progress 30/100 (30.0%)
[2026-03-02 18:47:51] eps=15 rep=4/10: frame progress 30/100 (30.0%)
[2026-03-02 18:47:51] eps=15 rep=9/10: frame progress 30/100 (30.0%)
[2026-03-02 18:47:51] eps=18 rep=8/10: frame progress 30/100 (30.0%)
[2026-03-02 18:47:51] eps=9 rep=10/10: frame progress 30/100 (30.0%)
[2026-03-02 18:47:51] eps=9 rep=5/10: frame progress 30/100 (30.0%)
[2026-03-02 18:47:51] eps=12 rep=3/9: frame progress 30/100 (30.0%)
[2026-03-02 18:47:52] eps=15 rep=1/10: frame progress 30/100 (30.0%)
[2026-03-02 18:47:52] eps=18 rep=1/10: frame progress 30/100 (30.0%)
[2026-03-02 18:47:52] eps=15 rep=5/10: frame progress 30/100 (30.0%)
[2026-03-02 18:47:52] eps=15 rep=8/10: frame progress 30/100 (30.0%)
[2026-03-02 18:47:53] eps=3 rep=5/10: frame progress 40/100 (40.0%)
[2026-03-02 18:47:53] eps=3 rep=6/10: frame progress 40/100 (40.0%)
[2026-03-02 18:47:53] eps=3 rep=3/10: frame progress 40/100 (40.0%)
[2026-03-02 18:47:53] eps=3 rep=10/10: frame progress 40/100 (40.0%)
[2026-03-02 18:47:53] eps=3 rep=4/10: frame progress 40/100 (40.0%)
[2026-03-02 18:47:53] eps=3 rep=8/10: frame progress 40/100 (40.0%)
[2026-03-02 18:47:53] eps=3 rep=1/10: frame progress 40/100 (40.0%)
[2026-03-02 18:47:53] eps=3 rep=2/10: frame progress 40/100 (40.0%)
[2026-03-02 18:47:53] eps=3 rep=7/10: frame progress 40/100 (40.0%)
[2026-03-02 18:47:54] eps=6 rep=6/10: frame progress 40/100 (40.0%)
[2026-03-02 18:47:54] eps=6 rep=4/10: frame progress 40/100 (40.0%)
[2026-03-02 18:47:54] eps=6 rep=5/10: frame progress 40/100 (40.0%)
[2026-03-02 18:47:54] eps=6 rep=8/10: frame progress 40/100 (40.0%)
[2026-03-02 18:47:54] eps=6 rep=2/10: frame progress 40/100 (40.0%)
[2026-03-02 18:47:54] eps=6 rep=10/10: frame progress 40/100 (40.0%)
[2026-03-02 18:47:54] eps=3 rep=9/10: frame progress 40/100 (40.0%)
[2026-03-02 18:47:54] eps=6 rep=3/10: frame progress 40/100 (40.0%)
[2026-03-02 18:47:54] eps=6 rep=9/10: frame progress 40/100 (40.0%)
[2026-03-02 18:47:54] eps=6 rep=1/10: frame progress 40/100 (40.0%)
[2026-03-02 18:47:54] eps=6 rep=7/10: frame progress 40/100 (40.0%)
[2026-03-02 18:47:54] eps=9 rep=2/10: frame progress 40/100 (40.0%)
[2026-03-02 18:47:54] eps=9 rep=9/10: frame progress 40/100 (40.0%)
[2026-03-02 18:47:54] eps=9 rep=8/10: frame progress 40/100 (40.0%)
[2026-03-02 18:47:54] eps=9 rep=1/10: frame progress 40/100 (40.0%)
[2026-03-02 18:47:54] eps=9 rep=6/10: frame progress 40/100 (40.0%)
[2026-03-02 18:47:54] eps=9 rep=7/10: frame progress 40/100 (40.0%)
[2026-03-02 18:47:55] eps=9 rep=4/10: frame progress 40/100 (40.0%)
[2026-03-02 18:47:55] eps=9 rep=3/10: frame progress 40/100 (40.0%)
[2026-03-02 18:47:55] eps=12 rep=4/9: frame progress 40/100 (40.0%)
[2026-03-02 18:47:55] eps=12 rep=1/9: frame progress 40/100 (40.0%)
[2026-03-02 18:47:55] eps=12 rep=8/9: frame progress 40/100 (40.0%)
[2026-03-02 18:47:55] eps=12 rep=2/9: frame progress 40/100 (40.0%)
[2026-03-02 18:47:55] eps=12 rep=7/9: frame progress 40/100 (40.0%)
[2026-03-02 18:47:55] eps=9 rep=10/10: frame progress 40/100 (40.0%)
[2026-03-02 18:47:55] eps=18 rep=3/10: frame progress 40/100 (40.0%)
[2026-03-02 18:47:55] eps=12 rep=6/9: frame progress 40/100 (40.0%)
[2026-03-02 18:47:55] eps=12 rep=5/9: frame progress 40/100 (40.0%)
[2026-03-02 18:47:55] eps=12 rep=9/9: frame progress 40/100 (40.0%)
[2026-03-02 18:47:55] eps=18 rep=4/10: frame progress 40/100 (40.0%)
[2026-03-02 18:47:55] eps=18 rep=6/10: frame progress 40/100 (40.0%)
[2026-03-02 18:47:55] eps=9 rep=5/10: frame progress 40/100 (40.0%)
[2026-03-02 18:47:55] eps=18 rep=2/10: frame progress 40/100 (40.0%)
[2026-03-02 18:47:55] eps=15 rep=3/10: frame progress 40/100 (40.0%)
[2026-03-02 18:47:55] eps=18 rep=10/10: frame progress 40/100 (40.0%)
[2026-03-02 18:47:55] eps=18 rep=9/10: frame progress 40/100 (40.0%)
[2026-03-02 18:47:55] eps=15 rep=6/10: frame progress 40/100 (40.0%)
[2026-03-02 18:47:55] eps=18 rep=7/10: frame progress 40/100 (40.0%)
[2026-03-02 18:47:55] eps=18 rep=5/10: frame progress 40/100 (40.0%)
[2026-03-02 18:47:55] eps=15 rep=9/10: frame progress 40/100 (40.0%)
[2026-03-02 18:47:55] eps=15 rep=2/10: frame progress 40/100 (40.0%)
[2026-03-02 18:47:55] eps=15 rep=7/10: frame progress 40/100 (40.0%)
[2026-03-02 18:47:55] eps=15 rep=10/10: frame progress 40/100 (40.0%)
[2026-03-02 18:47:55] eps=15 rep=4/10: frame progress 40/100 (40.0%)
[2026-03-02 18:47:55] eps=18 rep=8/10: frame progress 40/100 (40.0%)
[2026-03-02 18:47:55] eps=12 rep=3/9: frame progress 40/100 (40.0%)
[2026-03-02 18:47:55] eps=18 rep=1/10: frame progress 40/100 (40.0%)
[2026-03-02 18:47:55] eps=15 rep=5/10: frame progress 40/100 (40.0%)
[2026-03-02 18:47:55] eps=15 rep=1/10: frame progress 40/100 (40.0%)
[2026-03-02 18:47:55] eps=15 rep=8/10: frame progress 40/100 (40.0%)
[2026-03-02 18:47:56] eps=3 rep=5/10: frame progress 50/100 (50.0%)
[2026-03-02 18:47:56] eps=3 rep=6/10: frame progress 50/100 (50.0%)
[2026-03-02 18:47:56] eps=3 rep=3/10: frame progress 50/100 (50.0%)
[2026-03-02 18:47:56] eps=3 rep=4/10: frame progress 50/100 (50.0%)
[2026-03-02 18:47:56] eps=3 rep=10/10: frame progress 50/100 (50.0%)
[2026-03-02 18:47:56] eps=3 rep=8/10: frame progress 50/100 (50.0%)
[2026-03-02 18:47:56] eps=3 rep=2/10: frame progress 50/100 (50.0%)
[2026-03-02 18:47:56] eps=3 rep=1/10: frame progress 50/100 (50.0%)
[2026-03-02 18:47:57] eps=3 rep=7/10: frame progress 50/100 (50.0%)
[2026-03-02 18:47:57] eps=6 rep=6/10: frame progress 50/100 (50.0%)
[2026-03-02 18:47:57] eps=6 rep=5/10: frame progress 50/100 (50.0%)
[2026-03-02 18:47:57] eps=6 rep=4/10: frame progress 50/100 (50.0%)
[2026-03-02 18:47:57] eps=3 rep=9/10: frame progress 50/100 (50.0%)
[2026-03-02 18:47:57] eps=6 rep=8/10: frame progress 50/100 (50.0%)
[2026-03-02 18:47:57] eps=6 rep=2/10: frame progress 50/100 (50.0%)
[2026-03-02 18:47:57] eps=6 rep=10/10: frame progress 50/100 (50.0%)
[2026-03-02 18:47:57] eps=6 rep=3/10: frame progress 50/100 (50.0%)
[2026-03-02 18:47:57] eps=6 rep=9/10: frame progress 50/100 (50.0%)
[2026-03-02 18:47:57] eps=6 rep=1/10: frame progress 50/100 (50.0%)
[2026-03-02 18:47:57] eps=6 rep=7/10: frame progress 50/100 (50.0%)
[2026-03-02 18:47:58] eps=9 rep=2/10: frame progress 50/100 (50.0%)
[2026-03-02 18:47:58] eps=9 rep=9/10: frame progress 50/100 (50.0%)
[2026-03-02 18:47:58] eps=9 rep=8/10: frame progress 50/100 (50.0%)
[2026-03-02 18:47:58] eps=9 rep=1/10: frame progress 50/100 (50.0%)
[2026-03-02 18:47:58] eps=9 rep=6/10: frame progress 50/100 (50.0%)
[2026-03-02 18:47:58] eps=9 rep=7/10: frame progress 50/100 (50.0%)
[2026-03-02 18:47:58] eps=9 rep=4/10: frame progress 50/100 (50.0%)
[2026-03-02 18:47:58] eps=9 rep=3/10: frame progress 50/100 (50.0%)
[2026-03-02 18:47:58] eps=9 rep=10/10: frame progress 50/100 (50.0%)
[2026-03-02 18:47:58] eps=12 rep=4/9: frame progress 50/100 (50.0%)
[2026-03-02 18:47:58] eps=9 rep=5/10: frame progress 50/100 (50.0%)
[2026-03-02 18:47:58] eps=12 rep=1/9: frame progress 50/100 (50.0%)
[2026-03-02 18:47:58] eps=12 rep=8/9: frame progress 50/100 (50.0%)
[2026-03-02 18:47:58] eps=12 rep=7/9: frame progress 50/100 (50.0%)
[2026-03-02 18:47:58] eps=12 rep=2/9: frame progress 50/100 (50.0%)
[2026-03-02 18:47:58] eps=12 rep=5/9: frame progress 50/100 (50.0%)
[2026-03-02 18:47:58] eps=12 rep=6/9: frame progress 50/100 (50.0%)
[2026-03-02 18:47:58] eps=18 rep=3/10: frame progress 50/100 (50.0%)
[2026-03-02 18:47:58] eps=12 rep=9/9: frame progress 50/100 (50.0%)
[2026-03-02 18:47:58] eps=18 rep=4/10: frame progress 50/100 (50.0%)
[2026-03-02 18:47:58] eps=18 rep=6/10: frame progress 50/100 (50.0%)
[2026-03-02 18:47:59] eps=18 rep=2/10: frame progress 50/100 (50.0%)
[2026-03-02 18:47:59] eps=18 rep=10/10: frame progress 50/100 (50.0%)
[2026-03-02 18:47:59] eps=15 rep=6/10: frame progress 50/100 (50.0%)
[2026-03-02 18:47:59] eps=18 rep=5/10: frame progress 50/100 (50.0%)
[2026-03-02 18:47:59] eps=18 rep=9/10: frame progress 50/100 (50.0%)
[2026-03-02 18:47:59] eps=15 rep=3/10: frame progress 50/100 (50.0%)
[2026-03-02 18:47:59] eps=18 rep=7/10: frame progress 50/100 (50.0%)
[2026-03-02 18:47:59] eps=15 rep=9/10: frame progress 50/100 (50.0%)
[2026-03-02 18:47:59] eps=12 rep=3/9: frame progress 50/100 (50.0%)
[2026-03-02 18:47:59] eps=15 rep=4/10: frame progress 50/100 (50.0%)
[2026-03-02 18:47:59] eps=15 rep=7/10: frame progress 50/100 (50.0%)
[2026-03-02 18:47:59] eps=15 rep=10/10: frame progress 50/100 (50.0%)
[2026-03-02 18:47:59] eps=15 rep=2/10: frame progress 50/100 (50.0%)
[2026-03-02 18:47:59] eps=18 rep=8/10: frame progress 50/100 (50.0%)
[2026-03-02 18:47:59] eps=18 rep=1/10: frame progress 50/100 (50.0%)
[2026-03-02 18:47:59] eps=15 rep=5/10: frame progress 50/100 (50.0%)
[2026-03-02 18:47:59] eps=15 rep=8/10: frame progress 50/100 (50.0%)
[2026-03-02 18:47:59] eps=15 rep=1/10: frame progress 50/100 (50.0%)
[2026-03-02 18:47:59] eps=3 rep=5/10: frame progress 60/100 (60.0%)
[2026-03-02 18:47:59] eps=3 rep=6/10: frame progress 60/100 (60.0%)
[2026-03-02 18:47:59] eps=3 rep=3/10: frame progress 60/100 (60.0%)
[2026-03-02 18:47:59] eps=3 rep=4/10: frame progress 60/100 (60.0%)
[2026-03-02 18:47:59] eps=3 rep=8/10: frame progress 60/100 (60.0%)
[2026-03-02 18:47:59] eps=3 rep=2/10: frame progress 60/100 (60.0%)
[2026-03-02 18:48:00] eps=3 rep=1/10: frame progress 60/100 (60.0%)
[2026-03-02 18:48:00] eps=3 rep=7/10: frame progress 60/100 (60.0%)
[2026-03-02 18:48:00] eps=3 rep=10/10: frame progress 60/100 (60.0%)
[2026-03-02 18:48:00] eps=3 rep=9/10: frame progress 60/100 (60.0%)
[2026-03-02 18:48:00] eps=6 rep=6/10: frame progress 60/100 (60.0%)
[2026-03-02 18:48:00] eps=6 rep=5/10: frame progress 60/100 (60.0%)
[2026-03-02 18:48:00] eps=6 rep=4/10: frame progress 60/100 (60.0%)
[2026-03-02 18:48:00] eps=6 rep=2/10: frame progress 60/100 (60.0%)
[2026-03-02 18:48:00] eps=6 rep=8/10: frame progress 60/100 (60.0%)
[2026-03-02 18:48:00] eps=6 rep=10/10: frame progress 60/100 (60.0%)
[2026-03-02 18:48:00] eps=6 rep=9/10: frame progress 60/100 (60.0%)
[2026-03-02 18:48:00] eps=6 rep=3/10: frame progress 60/100 (60.0%)
[2026-03-02 18:48:00] eps=6 rep=1/10: frame progress 60/100 (60.0%)
[2026-03-02 18:48:00] eps=6 rep=7/10: frame progress 60/100 (60.0%)
[2026-03-02 18:48:01] eps=9 rep=2/10: frame progress 60/100 (60.0%)
[2026-03-02 18:48:01] eps=9 rep=9/10: frame progress 60/100 (60.0%)
[2026-03-02 18:48:01] eps=9 rep=8/10: frame progress 60/100 (60.0%)
[2026-03-02 18:48:01] eps=9 rep=1/10: frame progress 60/100 (60.0%)
[2026-03-02 18:48:01] eps=9 rep=7/10: frame progress 60/100 (60.0%)
[2026-03-02 18:48:01] eps=9 rep=6/10: frame progress 60/100 (60.0%)
[2026-03-02 18:48:01] eps=9 rep=4/10: frame progress 60/100 (60.0%)
[2026-03-02 18:48:02] eps=9 rep=3/10: frame progress 60/100 (60.0%)
[2026-03-02 18:48:02] eps=9 rep=10/10: frame progress 60/100 (60.0%)
[2026-03-02 18:48:02] eps=9 rep=5/10: frame progress 60/100 (60.0%)
[2026-03-02 18:48:02] eps=12 rep=4/9: frame progress 60/100 (60.0%)
[2026-03-02 18:48:02] eps=12 rep=1/9: frame progress 60/100 (60.0%)
[2026-03-02 18:48:02] eps=12 rep=7/9: frame progress 60/100 (60.0%)
[2026-03-02 18:48:02] eps=12 rep=8/9: frame progress 60/100 (60.0%)
[2026-03-02 18:48:02] eps=12 rep=5/9: frame progress 60/100 (60.0%)
[2026-03-02 18:48:02] eps=12 rep=2/9: frame progress 60/100 (60.0%)
[2026-03-02 18:48:02] eps=12 rep=6/9: frame progress 60/100 (60.0%)
[2026-03-02 18:48:02] eps=12 rep=9/9: frame progress 60/100 (60.0%)
[2026-03-02 18:48:02] eps=18 rep=3/10: frame progress 60/100 (60.0%)
[2026-03-02 18:48:02] eps=18 rep=4/10: frame progress 60/100 (60.0%)
[2026-03-02 18:48:02] eps=18 rep=6/10: frame progress 60/100 (60.0%)
[2026-03-02 18:48:02] eps=3 rep=5/10: frame progress 70/100 (70.0%)
[2026-03-02 18:48:02] eps=3 rep=6/10: frame progress 70/100 (70.0%)
[2026-03-02 18:48:02] eps=12 rep=3/9: frame progress 60/100 (60.0%)
[2026-03-02 18:48:02] eps=3 rep=3/10: frame progress 70/100 (70.0%)
[2026-03-02 18:48:02] eps=18 rep=2/10: frame progress 60/100 (60.0%)
[2026-03-02 18:48:02] eps=18 rep=5/10: frame progress 60/100 (60.0%)
[2026-03-02 18:48:02] eps=18 rep=10/10: frame progress 60/100 (60.0%)
[2026-03-02 18:48:02] eps=15 rep=6/10: frame progress 60/100 (60.0%)
[2026-03-02 18:48:02] eps=18 rep=9/10: frame progress 60/100 (60.0%)
[2026-03-02 18:48:02] eps=3 rep=4/10: frame progress 70/100 (70.0%)
[2026-03-02 18:48:02] eps=18 rep=7/10: frame progress 60/100 (60.0%)
[2026-03-02 18:48:02] eps=3 rep=8/10: frame progress 70/100 (70.0%)
[2026-03-02 18:48:02] eps=15 rep=3/10: frame progress 60/100 (60.0%)
[2026-03-02 18:48:02] eps=15 rep=4/10: frame progress 60/100 (60.0%)
[2026-03-02 18:48:02] eps=15 rep=7/10: frame progress 60/100 (60.0%)
[2026-03-02 18:48:03] eps=15 rep=10/10: frame progress 60/100 (60.0%)
[2026-03-02 18:48:03] eps=15 rep=9/10: frame progress 60/100 (60.0%)
[2026-03-02 18:48:03] eps=3 rep=2/10: frame progress 70/100 (70.0%)
[2026-03-02 18:48:03] eps=15 rep=2/10: frame progress 60/100 (60.0%)
[2026-03-02 18:48:03] eps=18 rep=8/10: frame progress 60/100 (60.0%)
[2026-03-02 18:48:03] eps=3 rep=1/10: frame progress 70/100 (70.0%)
[2026-03-02 18:48:03] eps=3 rep=7/10: frame progress 70/100 (70.0%)
[2026-03-02 18:48:03] eps=3 rep=10/10: frame progress 70/100 (70.0%)
[2026-03-02 18:48:03] eps=3 rep=9/10: frame progress 70/100 (70.0%)
[2026-03-02 18:48:03] eps=18 rep=1/10: frame progress 60/100 (60.0%)
[2026-03-02 18:48:03] eps=15 rep=5/10: frame progress 60/100 (60.0%)
[2026-03-02 18:48:03] eps=15 rep=8/10: frame progress 60/100 (60.0%)
[2026-03-02 18:48:03] eps=6 rep=6/10: frame progress 70/100 (70.0%)
[2026-03-02 18:48:03] eps=6 rep=5/10: frame progress 70/100 (70.0%)
[2026-03-02 18:48:03] eps=6 rep=4/10: frame progress 70/100 (70.0%)
[2026-03-02 18:48:03] eps=15 rep=1/10: frame progress 60/100 (60.0%)
[2026-03-02 18:48:03] eps=6 rep=8/10: frame progress 70/100 (70.0%)
[2026-03-02 18:48:03] eps=6 rep=2/10: frame progress 70/100 (70.0%)
[2026-03-02 18:48:03] eps=6 rep=10/10: frame progress 70/100 (70.0%)
[2026-03-02 18:48:03] eps=6 rep=3/10: frame progress 70/100 (70.0%)
[2026-03-02 18:48:03] eps=6 rep=9/10: frame progress 70/100 (70.0%)
[2026-03-02 18:48:03] eps=6 rep=1/10: frame progress 70/100 (70.0%)
[2026-03-02 18:48:04] eps=6 rep=7/10: frame progress 70/100 (70.0%)
[2026-03-02 18:48:04] eps=9 rep=2/10: frame progress 70/100 (70.0%)
[2026-03-02 18:48:04] eps=9 rep=9/10: frame progress 70/100 (70.0%)
[2026-03-02 18:48:04] eps=9 rep=8/10: frame progress 70/100 (70.0%)
[2026-03-02 18:48:04] eps=9 rep=1/10: frame progress 70/100 (70.0%)
[2026-03-02 18:48:05] eps=9 rep=7/10: frame progress 70/100 (70.0%)
[2026-03-02 18:48:05] eps=9 rep=6/10: frame progress 70/100 (70.0%)
[2026-03-02 18:48:05] eps=9 rep=4/10: frame progress 70/100 (70.0%)
[2026-03-02 18:48:05] eps=9 rep=10/10: frame progress 70/100 (70.0%)
[2026-03-02 18:48:05] eps=9 rep=3/10: frame progress 70/100 (70.0%)
[2026-03-02 18:48:05] eps=9 rep=5/10: frame progress 70/100 (70.0%)
[2026-03-02 18:48:05] eps=3 rep=5/10: frame progress 80/100 (80.0%)
[2026-03-02 18:48:05] eps=3 rep=6/10: frame progress 80/100 (80.0%)
[2026-03-02 18:48:05] eps=3 rep=3/10: frame progress 80/100 (80.0%)
[2026-03-02 18:48:06] eps=3 rep=4/10: frame progress 80/100 (80.0%)
[2026-03-02 18:48:06] eps=3 rep=8/10: frame progress 80/100 (80.0%)
[2026-03-02 18:48:06] eps=3 rep=2/10: frame progress 80/100 (80.0%)
[2026-03-02 18:48:06] eps=3 rep=7/10: frame progress 80/100 (80.0%)
[2026-03-02 18:48:06] eps=3 rep=1/10: frame progress 80/100 (80.0%)
[2026-03-02 18:48:06] eps=12 rep=4/9: frame progress 70/100 (70.0%)
[2026-03-02 18:48:06] eps=12 rep=1/9: frame progress 70/100 (70.0%)
[2026-03-02 18:48:06] eps=12 rep=7/9: frame progress 70/100 (70.0%)
[2026-03-02 18:48:06] eps=12 rep=2/9: frame progress 70/100 (70.0%)
[2026-03-02 18:48:06] eps=12 rep=5/9: frame progress 70/100 (70.0%)
[2026-03-02 18:48:06] eps=12 rep=6/9: frame progress 70/100 (70.0%)
[2026-03-02 18:48:06] eps=12 rep=8/9: frame progress 70/100 (70.0%)
[2026-03-02 18:48:06] eps=12 rep=9/9: frame progress 70/100 (70.0%)
[2026-03-02 18:48:06] eps=3 rep=10/10: frame progress 80/100 (80.0%)
[2026-03-02 18:48:06] eps=3 rep=9/10: frame progress 80/100 (80.0%)
[2026-03-02 18:48:06] eps=18 rep=3/10: frame progress 70/100 (70.0%)
[2026-03-02 18:48:06] eps=12 rep=3/9: frame progress 70/100 (70.0%)
[2026-03-02 18:48:06] eps=6 rep=6/10: frame progress 80/100 (80.0%)
[2026-03-02 18:48:06] eps=18 rep=4/10: frame progress 70/100 (70.0%)
[2026-03-02 18:48:06] eps=6 rep=5/10: frame progress 80/100 (80.0%)
[2026-03-02 18:48:06] eps=18 rep=6/10: frame progress 70/100 (70.0%)
[2026-03-02 18:48:06] eps=6 rep=4/10: frame progress 80/100 (80.0%)
[2026-03-02 18:48:06] eps=6 rep=8/10: frame progress 80/100 (80.0%)
[2026-03-02 18:48:06] eps=6 rep=2/10: frame progress 80/100 (80.0%)
[2026-03-02 18:48:06] eps=18 rep=10/10: frame progress 70/100 (70.0%)
[2026-03-02 18:48:06] eps=18 rep=2/10: frame progress 70/100 (70.0%)
[2026-03-02 18:48:06] eps=18 rep=5/10: frame progress 70/100 (70.0%)
[2026-03-02 18:48:06] eps=6 rep=10/10: frame progress 80/100 (80.0%)
[2026-03-02 18:48:06] eps=18 rep=9/10: frame progress 70/100 (70.0%)
[2026-03-02 18:48:06] eps=18 rep=7/10: frame progress 70/100 (70.0%)
[2026-03-02 18:48:06] eps=15 rep=6/10: frame progress 70/100 (70.0%)
[2026-03-02 18:48:06] eps=6 rep=3/10: frame progress 80/100 (80.0%)
[2026-03-02 18:48:06] eps=6 rep=9/10: frame progress 80/100 (80.0%)
[2026-03-02 18:48:06] eps=15 rep=3/10: frame progress 70/100 (70.0%)
[2026-03-02 18:48:07] eps=15 rep=9/10: frame progress 70/100 (70.0%)
[2026-03-02 18:48:07] eps=15 rep=7/10: frame progress 70/100 (70.0%)
[2026-03-02 18:48:07] eps=15 rep=10/10: frame progress 70/100 (70.0%)
[2026-03-02 18:48:07] eps=15 rep=4/10: frame progress 70/100 (70.0%)
[2026-03-02 18:48:07] eps=15 rep=2/10: frame progress 70/100 (70.0%)
[2026-03-02 18:48:07] eps=18 rep=8/10: frame progress 70/100 (70.0%)
[2026-03-02 18:48:07] eps=6 rep=1/10: frame progress 80/100 (80.0%)
[2026-03-02 18:48:07] eps=6 rep=7/10: frame progress 80/100 (80.0%)
[2026-03-02 18:48:07] eps=15 rep=8/10: frame progress 70/100 (70.0%)
[2026-03-02 18:48:07] eps=18 rep=1/10: frame progress 70/100 (70.0%)
[2026-03-02 18:48:07] eps=15 rep=5/10: frame progress 70/100 (70.0%)
[2026-03-02 18:48:07] eps=15 rep=1/10: frame progress 70/100 (70.0%)
[2026-03-02 18:48:08] eps=9 rep=2/10: frame progress 80/100 (80.0%)
[2026-03-02 18:48:08] eps=9 rep=9/10: frame progress 80/100 (80.0%)
[2026-03-02 18:48:08] eps=9 rep=8/10: frame progress 80/100 (80.0%)
[2026-03-02 18:48:08] eps=9 rep=1/10: frame progress 80/100 (80.0%)
[2026-03-02 18:48:08] eps=9 rep=7/10: frame progress 80/100 (80.0%)
[2026-03-02 18:48:08] eps=9 rep=6/10: frame progress 80/100 (80.0%)
[2026-03-02 18:48:08] eps=3 rep=5/10: frame progress 90/100 (90.0%)
[2026-03-02 18:48:08] eps=9 rep=4/10: frame progress 80/100 (80.0%)
[2026-03-02 18:48:08] eps=3 rep=6/10: frame progress 90/100 (90.0%)
[2026-03-02 18:48:09] eps=3 rep=3/10: frame progress 90/100 (90.0%)
[2026-03-02 18:48:09] eps=3 rep=8/10: frame progress 90/100 (90.0%)
[2026-03-02 18:48:09] eps=3 rep=4/10: frame progress 90/100 (90.0%)
[2026-03-02 18:48:09] eps=3 rep=2/10: frame progress 90/100 (90.0%)
[2026-03-02 18:48:09] eps=9 rep=10/10: frame progress 80/100 (80.0%)
[2026-03-02 18:48:09] eps=9 rep=5/10: frame progress 80/100 (80.0%)
[2026-03-02 18:48:09] eps=9 rep=3/10: frame progress 80/100 (80.0%)
[2026-03-02 18:48:09] eps=3 rep=7/10: frame progress 90/100 (90.0%)
[2026-03-02 18:48:09] eps=3 rep=1/10: frame progress 90/100 (90.0%)
[2026-03-02 18:48:09] eps=3 rep=10/10: frame progress 90/100 (90.0%)
[2026-03-02 18:48:09] eps=3 rep=9/10: frame progress 90/100 (90.0%)
[2026-03-02 18:48:09] eps=6 rep=5/10: frame progress 90/100 (90.0%)
[2026-03-02 18:48:09] eps=6 rep=6/10: frame progress 90/100 (90.0%)
[2026-03-02 18:48:09] eps=6 rep=4/10: frame progress 90/100 (90.0%)
[2026-03-02 18:48:10] eps=6 rep=8/10: frame progress 90/100 (90.0%)
[2026-03-02 18:48:10] eps=6 rep=2/10: frame progress 90/100 (90.0%)
[2026-03-02 18:48:10] eps=12 rep=4/9: frame progress 80/100 (80.0%)
[2026-03-02 18:48:10] eps=6 rep=10/10: frame progress 90/100 (90.0%)
[2026-03-02 18:48:10] eps=6 rep=3/10: frame progress 90/100 (90.0%)
[2026-03-02 18:48:10] eps=12 rep=1/9: frame progress 80/100 (80.0%)
[2026-03-02 18:48:10] eps=6 rep=9/10: frame progress 90/100 (90.0%)
[2026-03-02 18:48:10] eps=12 rep=7/9: frame progress 80/100 (80.0%)
[2026-03-02 18:48:10] eps=12 rep=2/9: frame progress 80/100 (80.0%)
[2026-03-02 18:48:10] eps=12 rep=5/9: frame progress 80/100 (80.0%)
[2026-03-02 18:48:10] eps=12 rep=9/9: frame progress 80/100 (80.0%)
[2026-03-02 18:48:10] eps=12 rep=6/9: frame progress 80/100 (80.0%)
[2026-03-02 18:48:10] eps=12 rep=8/9: frame progress 80/100 (80.0%)
[2026-03-02 18:48:10] eps=6 rep=7/10: frame progress 90/100 (90.0%)
[2026-03-02 18:48:10] eps=6 rep=1/10: frame progress 90/100 (90.0%)
[2026-03-02 18:48:10] eps=12 rep=3/9: frame progress 80/100 (80.0%)
[2026-03-02 18:48:10] eps=18 rep=3/10: frame progress 80/100 (80.0%)
[2026-03-02 18:48:10] eps=18 rep=4/10: frame progress 80/100 (80.0%)
[2026-03-02 18:48:10] eps=18 rep=10/10: frame progress 80/100 (80.0%)
[2026-03-02 18:48:11] eps=18 rep=2/10: frame progress 80/100 (80.0%)
[2026-03-02 18:48:11] eps=18 rep=5/10: frame progress 80/100 (80.0%)
[2026-03-02 18:48:11] eps=15 rep=6/10: frame progress 80/100 (80.0%)
[2026-03-02 18:48:11] eps=18 rep=9/10: frame progress 80/100 (80.0%)
[2026-03-02 18:48:11] eps=15 rep=9/10: frame progress 80/100 (80.0%)
[2026-03-02 18:48:11] eps=18 rep=7/10: frame progress 80/100 (80.0%)
[2026-03-02 18:48:11] eps=15 rep=3/10: frame progress 80/100 (80.0%)
[2026-03-02 18:48:11] eps=15 rep=7/10: frame progress 80/100 (80.0%)
[2026-03-02 18:48:11] eps=15 rep=10/10: frame progress 80/100 (80.0%)
[2026-03-02 18:48:11] eps=15 rep=4/10: frame progress 80/100 (80.0%)
[2026-03-02 18:48:11] eps=15 rep=2/10: frame progress 80/100 (80.0%)
[2026-03-02 18:48:11] eps=18 rep=8/10: frame progress 80/100 (80.0%)
[2026-03-02 18:48:11] eps=18 rep=6/10: frame progress 80/100 (80.0%)
[2026-03-02 18:48:11] eps=15 rep=8/10: frame progress 80/100 (80.0%)
[2026-03-02 18:48:11] eps=15 rep=5/10: frame progress 80/100 (80.0%)
[2026-03-02 18:48:11] eps=18 rep=1/10: frame progress 80/100 (80.0%)
[2026-03-02 18:48:11] eps=9 rep=2/10: frame progress 90/100 (90.0%)
[2026-03-02 18:48:11] eps=9 rep=9/10: frame progress 90/100 (90.0%)
[2026-03-02 18:48:11] eps=15 rep=1/10: frame progress 80/100 (80.0%)
[2026-03-02 18:48:11] eps=9 rep=8/10: frame progress 90/100 (90.0%)
[2026-03-02 18:48:12] eps=3 rep=5/10: frame progress 100/100 (100.0%)
[2026-03-02 18:48:12] eps=9 rep=7/10: frame progress 90/100 (90.0%)
[2026-03-02 18:48:12] eps=9 rep=1/10: frame progress 90/100 (90.0%)
[2026-03-02 18:48:12] eps=3 rep=6/10: frame progress 100/100 (100.0%)
[2026-03-02 18:48:12] eps=9 rep=6/10: frame progress 90/100 (90.0%)
[2026-03-02 18:48:12] eps=3 rep=3/10: frame progress 100/100 (100.0%)
[2026-03-02 18:48:12] eps=3 rep=8/10: frame progress 100/100 (100.0%)
[2026-03-02 18:48:12] eps=3 rep=4/10: frame progress 100/100 (100.0%)
[2026-03-02 18:48:12] eps=3 rep=2/10: frame progress 100/100 (100.0%)
[2026-03-02 18:48:12] eps=3 rep=7/10: frame progress 100/100 (100.0%)
[2026-03-02 18:48:12] eps=3 rep=1/10: frame progress 100/100 (100.0%)
[2026-03-02 18:48:12] eps=9 rep=4/10: frame progress 90/100 (90.0%)
[2026-03-02 18:48:12] eps=9 rep=10/10: frame progress 90/100 (90.0%)
[2026-03-02 18:48:12] eps=3 rep=9/10: frame progress 100/100 (100.0%)
[2026-03-02 18:48:12] eps=3 rep=10/10: frame progress 100/100 (100.0%)
[2026-03-02 18:48:12] eps=9 rep=5/10: frame progress 90/100 (90.0%)
[2026-03-02 18:48:12] eps=9 rep=3/10: frame progress 90/100 (90.0%)
[2026-03-02 18:48:13] eps=6 rep=6/10: frame progress 100/100 (100.0%)
[2026-03-02 18:48:13] eps=6 rep=5/10: frame progress 100/100 (100.0%)
[2026-03-02 18:48:13] eps=6 rep=4/10: frame progress 100/100 (100.0%)
[2026-03-02 18:48:13] eps=6 rep=8/10: frame progress 100/100 (100.0%)
[2026-03-02 18:48:13] eps=6 rep=2/10: frame progress 100/100 (100.0%)
[2026-03-02 18:48:13] eps=6 rep=10/10: frame progress 100/100 (100.0%)
[2026-03-02 18:48:13] eps=6 rep=3/10: frame progress 100/100 (100.0%)
[2026-03-02 18:48:13] eps=6 rep=9/10: frame progress 100/100 (100.0%)
[2026-03-02 18:48:13] eps=6 rep=7/10: frame progress 100/100 (100.0%)
[2026-03-02 18:48:13] eps=6 rep=1/10: frame progress 100/100 (100.0%)
[2026-03-02 18:48:14] eps=12 rep=4/9: frame progress 90/100 (90.0%)
[2026-03-02 18:48:14] eps=12 rep=1/9: frame progress 90/100 (90.0%)
[2026-03-02 18:48:14] eps=12 rep=7/9: frame progress 90/100 (90.0%)
[2026-03-02 18:48:14] eps=12 rep=5/9: frame progress 90/100 (90.0%)
[2026-03-02 18:48:14] eps=12 rep=2/9: frame progress 90/100 (90.0%)
[2026-03-02 18:48:14] eps=12 rep=6/9: frame progress 90/100 (90.0%)
[2026-03-02 18:48:14] eps=12 rep=9/9: frame progress 90/100 (90.0%)
[2026-03-02 18:48:14] eps=12 rep=8/9: frame progress 90/100 (90.0%)
[2026-03-02 18:48:14] eps=12 rep=3/9: frame progress 90/100 (90.0%)
[2026-03-02 18:48:14] eps=18 rep=3/10: frame progress 90/100 (90.0%)
[2026-03-02 18:48:15] eps=18 rep=4/10: frame progress 90/100 (90.0%)
[2026-03-02 18:48:15] eps=18 rep=10/10: frame progress 90/100 (90.0%)
[2026-03-02 18:48:15] eps=18 rep=2/10: frame progress 90/100 (90.0%)
[2026-03-02 18:48:15] eps=18 rep=5/10: frame progress 90/100 (90.0%)
[2026-03-02 18:48:15] eps=15 rep=6/10: frame progress 90/100 (90.0%)
[2026-03-02 18:48:15] eps=18 rep=7/10: frame progress 90/100 (90.0%)
[2026-03-02 18:48:15] eps=18 rep=9/10: frame progress 90/100 (90.0%)
[2026-03-02 18:48:15] eps=15 rep=9/10: frame progress 90/100 (90.0%)
[2026-03-02 18:48:15] eps=9 rep=2/10: frame progress 100/100 (100.0%)
[2026-03-02 18:48:15] eps=15 rep=10/10: frame progress 90/100 (90.0%)
[2026-03-02 18:48:15] eps=9 rep=9/10: frame progress 100/100 (100.0%)
[2026-03-02 18:48:15] eps=15 rep=4/10: frame progress 90/100 (90.0%)
[2026-03-02 18:48:15] eps=15 rep=3/10: frame progress 90/100 (90.0%)
[2026-03-02 18:48:15] eps=15 rep=7/10: frame progress 90/100 (90.0%)
[2026-03-02 18:48:15] eps=15 rep=2/10: frame progress 90/100 (90.0%)
[2026-03-02 18:48:15] eps=18 rep=8/10: frame progress 90/100 (90.0%)
[2026-03-02 18:48:15] eps=9 rep=8/10: frame progress 100/100 (100.0%)
[2026-03-02 18:48:15] eps=9 rep=7/10: frame progress 100/100 (100.0%)
[2026-03-02 18:48:15] eps=9 rep=1/10: frame progress 100/100 (100.0%)
[2026-03-02 18:48:15] eps=9 rep=6/10: frame progress 100/100 (100.0%)
[2026-03-02 18:48:15] eps=18 rep=6/10: frame progress 90/100 (90.0%)
[2026-03-02 18:48:15] eps=15 rep=8/10: frame progress 90/100 (90.0%)
[2026-03-02 18:48:15] eps=15 rep=5/10: frame progress 90/100 (90.0%)
[2026-03-02 18:48:16] eps=18 rep=1/10: frame progress 90/100 (90.0%)
[2026-03-02 18:48:16] eps=15 rep=1/10: frame progress 90/100 (90.0%)
[2026-03-02 18:48:16] eps=9 rep=3/10: frame progress 100/100 (100.0%)
[2026-03-02 18:48:16] eps=9 rep=4/10: frame progress 100/100 (100.0%)
[2026-03-02 18:48:16] eps=9 rep=5/10: frame progress 100/100 (100.0%)
[2026-03-02 18:48:16] eps=9 rep=10/10: frame progress 100/100 (100.0%)
[2026-03-02 18:48:17] eps=12 rep=4/9: frame progress 100/100 (100.0%)
[2026-03-02 18:48:18] eps=12 rep=1/9: frame progress 100/100 (100.0%)
[2026-03-02 18:48:18] eps=12 rep=7/9: frame progress 100/100 (100.0%)
[2026-03-02 18:48:18] eps=12 rep=2/9: frame progress 100/100 (100.0%)
[2026-03-02 18:48:18] eps=12 rep=5/9: frame progress 100/100 (100.0%)
[2026-03-02 18:48:18] eps=12 rep=6/9: frame progress 100/100 (100.0%)
[2026-03-02 18:48:18] eps=12 rep=9/9: frame progress 100/100 (100.0%)
[2026-03-02 18:48:18] eps=12 rep=8/9: frame progress 100/100 (100.0%)
[2026-03-02 18:48:18] eps=12 rep=3/9: frame progress 100/100 (100.0%)
[2026-03-02 18:48:19] eps=18 rep=3/10: frame progress 100/100 (100.0%)
[2026-03-02 18:48:19] eps=18 rep=4/10: frame progress 100/100 (100.0%)
[2026-03-02 18:48:19] eps=18 rep=10/10: frame progress 100/100 (100.0%)
[2026-03-02 18:48:19] eps=18 rep=2/10: frame progress 100/100 (100.0%)
[2026-03-02 18:48:19] eps=18 rep=5/10: frame progress 100/100 (100.0%)
[2026-03-02 18:48:19] eps=18 rep=7/10: frame progress 100/100 (100.0%)
[2026-03-02 18:48:19] eps=15 rep=9/10: frame progress 100/100 (100.0%)
[2026-03-02 18:48:19] eps=15 rep=6/10: frame progress 100/100 (100.0%)
[2026-03-02 18:48:19] eps=18 rep=9/10: frame progress 100/100 (100.0%)
[2026-03-02 18:48:19] eps=15 rep=3/10: frame progress 100/100 (100.0%)
[2026-03-02 18:48:19] eps=15 rep=10/10: frame progress 100/100 (100.0%)
[2026-03-02 18:48:19] eps=15 rep=4/10: frame progress 100/100 (100.0%)
[2026-03-02 18:48:19] eps=15 rep=7/10: frame progress 100/100 (100.0%)
[2026-03-02 18:48:19] eps=15 rep=2/10: frame progress 100/100 (100.0%)
[2026-03-02 18:48:19] eps=18 rep=8/10: frame progress 100/100 (100.0%)
[2026-03-02 18:48:19] eps=18 rep=6/10: frame progress 100/100 (100.0%)
[2026-03-02 18:48:20] eps=15 rep=8/10: frame progress 100/100 (100.0%)
[2026-03-02 18:48:20] eps=15 rep=5/10: frame progress 100/100 (100.0%)
[2026-03-02 18:48:20] eps=15 rep=1/10: frame progress 100/100 (100.0%)
[2026-03-02 18:48:20] eps=18 rep=1/10: frame progress 100/100 (100.0%)
[2026-03-02 19:06:25] eps=3 rep=6/10: done
[2026-03-02 19:06:28] eps=3 rep=2/10: done
[2026-03-02 19:06:30] eps=3 rep=3/10: done
[2026-03-02 19:06:32] eps=3 rep=4/10: done
[2026-03-02 19:06:33] eps=3 rep=8/10: done
[2026-03-02 19:06:34] eps=3 rep=5/10: done
[2026-03-02 19:06:36] eps=3 rep=10/10: done
[2026-03-02 19:06:36] eps=3 rep=7/10: done
[2026-03-02 19:06:38] eps=3 rep=1/10: done
[2026-03-02 19:06:39] eps=6 rep=8/10: done
[2026-03-02 19:06:40] eps=9 rep=1/10: done
[2026-03-02 19:06:40] eps=6 rep=1/10: done
[2026-03-02 19:06:40] eps=15 rep=3/10: done
[2026-03-02 19:06:40] eps=3 rep=9/10: done
[2026-03-02 19:06:40] eps=6 rep=7/10: done
[2026-03-02 19:06:41] eps=6 rep=6/10: done
[2026-03-02 19:06:41] eps=6 rep=10/10: done
[2026-03-02 19:06:42] eps=9 rep=7/10: done
[2026-03-02 19:06:43] eps=6 rep=3/10: done
[2026-03-02 19:06:43] eps=12 rep=7/9: done
[2026-03-02 19:06:43] eps=6 rep=5/10: done
[2026-03-02 19:06:43] eps=6 rep=4/10: done
[2026-03-02 19:06:43] eps=9 rep=2/10: done
[2026-03-02 19:06:43] eps=6 rep=2/10: done
[2026-03-02 19:06:44] eps=12 rep=1/9: done
[2026-03-02 19:06:44] eps=9 rep=3/10: done
[2026-03-02 19:06:45] eps=12 rep=8/9: done
[2026-03-02 19:06:45] eps=12 rep=5/9: done
[2026-03-02 19:06:46] eps=15 rep=10/10: done
[2026-03-02 19:06:46] eps=15 rep=8/10: done
[2026-03-02 19:06:46] eps=9 rep=9/10: done
[2026-03-02 19:06:46] eps=12 rep=4/9: done
[2026-03-02 19:06:46] eps=15 rep=9/10: done
[2026-03-02 19:06:46] eps=18 rep=8/10: done
[2026-03-02 19:06:46] eps=15 rep=6/10: done
[2026-03-02 19:06:46] eps=15 rep=2/10: done
[2026-03-02 19:06:46] eps=12 rep=3/9: done
[2026-03-02 19:06:47] eps=9 rep=6/10: done
[2026-03-02 19:06:47] eps=9 rep=10/10: done
[2026-03-02 19:06:47] eps=6 rep=9/10: done
[2026-03-02 19:06:47] eps=15 rep=4/10: done
[2026-03-02 19:06:47] eps=18 rep=2/10: done
[2026-03-02 19:06:47] eps=18 rep=9/10: done
[2026-03-02 19:06:47] eps=15 rep=7/10: done
[2026-03-02 19:06:47] eps=12 rep=2/9: done
[2026-03-02 19:06:47] eps=9 rep=4/10: done
[2026-03-02 19:06:47] eps=9 rep=8/10: done
[2026-03-02 19:06:47] eps=18 rep=7/10: done
[2026-03-02 19:06:47] eps=18 rep=4/10: done
[2026-03-02 19:06:47] eps=18 rep=3/10: done
[2026-03-02 19:06:47] eps=9 rep=5/10: done
[2026-03-02 19:06:47] eps=12 rep=6/9: done
[2026-03-02 19:06:47] eps=15 rep=5/10: done
[2026-03-02 19:06:47] eps=12 rep=9/9: done
[2026-03-02 19:06:48] eps=18 rep=5/10: done
[2026-03-02 19:06:48] eps=18 rep=10/10: done
[2026-03-02 19:06:48] eps=15 rep=1/10: done
[2026-03-02 19:06:48] eps=18 rep=6/10: done
[2026-03-02 19:06:48] eps=18 rep=1/10: done
[2026-03-02 19:06:48] Completed parallel analysis for 59 runs
[2026-03-02 19:06:48] Aggregating epsilon group 1/6: eps=3, replicates=10
[2026-03-02 19:06:48] Writing outputs for eps=3 to /scratch/gpfs/WEBB/chertok/REACTIVELJ_PAPER/simulation_package/melt/analysis/results/eps_3
[2026-03-02 19:06:50] Finished epsilon group eps=3
[2026-03-02 19:06:50] Aggregating epsilon group 2/6: eps=6, replicates=10
[2026-03-02 19:06:50] Writing outputs for eps=6 to /scratch/gpfs/WEBB/chertok/REACTIVELJ_PAPER/simulation_package/melt/analysis/results/eps_6
[2026-03-02 19:06:51] Finished epsilon group eps=6
[2026-03-02 19:06:51] Aggregating epsilon group 3/6: eps=9, replicates=10
[2026-03-02 19:06:52] Writing outputs for eps=9 to /scratch/gpfs/WEBB/chertok/REACTIVELJ_PAPER/simulation_package/melt/analysis/results/eps_9
[2026-03-02 19:06:54] Finished epsilon group eps=9
[2026-03-02 19:06:54] Aggregating epsilon group 4/6: eps=12, replicates=9
[2026-03-02 19:06:54] Writing outputs for eps=12 to /scratch/gpfs/WEBB/chertok/REACTIVELJ_PAPER/simulation_package/melt/analysis/results/eps_12
[2026-03-02 19:06:57] Finished epsilon group eps=12
[2026-03-02 19:06:57] Aggregating epsilon group 5/6: eps=15, replicates=10
[2026-03-02 19:06:57] Writing outputs for eps=15 to /scratch/gpfs/WEBB/chertok/REACTIVELJ_PAPER/simulation_package/melt/analysis/results/eps_15
[2026-03-02 19:06:59] Finished epsilon group eps=15
[2026-03-02 19:06:59] Aggregating epsilon group 6/6: eps=18, replicates=10
[2026-03-02 19:06:59] Writing outputs for eps=18 to /scratch/gpfs/WEBB/chertok/REACTIVELJ_PAPER/simulation_package/melt/analysis/results/eps_18
[2026-03-02 19:07:02] Finished epsilon group eps=18
[2026-03-02 19:07:02] Wrote /scratch/gpfs/WEBB/chertok/REACTIVELJ_PAPER/simulation_package/melt/analysis/results/summary.json
[2026-03-02 19:07:02] Wrote /scratch/gpfs/WEBB/chertok/REACTIVELJ_PAPER/simulation_package/melt/analysis/results/summary.csv
[2026-03-02 19:10:23] Analysis complete
[2026-03-02 19:10:24] Step 7/8 complete: Analysis finished in 1365 seconds
[2026-03-02 19:10:24] Step 8/8: Job complete in 1366 seconds total
