[2026-03-03 17:08:38] Step 1/8: Purging modules
[2026-03-03 17:08:38] Step 2/8: Sourcing ~/.bashrc
[2026-03-03 17:08:39] Step 3/8: Loading anaconda module
[2026-03-03 17:08:39] Step 4/8: Activating conda environment
[2026-03-03 17:08:40] Step 5/8: Changing directory to /scratch/gpfs/WEBB/chertok/REACTIVELJ_PAPER/simulation_package/melt
[2026-03-03 17:08:40] Step 6/8: Ensuring logs directory exists
[2026-03-03 17:08:40] Step 7/8: Starting trajectory analysis
[2026-03-03 17:08:41] Scanning trajectories under /scratch/gpfs/WEBB/chertok/REACTIVELJ_PAPER/simulation_package/melt/data_generation/outputs
[2026-03-03 17:08:41] Discovered 59 trajectory/metadata pairs
[2026-03-03 17:08:41] Grouped runs into 6 epsilon values
[2026-03-03 17:08:41] Queueing epsilon group 1/6: eps=3, replicates=10
[2026-03-03 17:08:41] Queueing epsilon group 2/6: eps=6, replicates=10
[2026-03-03 17:08:41] Queueing epsilon group 3/6: eps=9, replicates=10
[2026-03-03 17:08:41] Queueing epsilon group 4/6: eps=12, replicates=9
[2026-03-03 17:08:41] Queueing epsilon group 5/6: eps=15, replicates=10
[2026-03-03 17:08:41] Queueing epsilon group 6/6: eps=18, replicates=10
[2026-03-03 17:08:41] Starting parallel analysis with 64 workers on 59 runs
[2026-03-03 17:08:42] eps=3 rep=3/10: start (eps_3/rep_007/trajectory.gsd)
[2026-03-03 17:08:42] eps=3 rep=6/10: start (eps_3/rep_010/trajectory.gsd)
[2026-03-03 17:08:42] eps=3 rep=4/10: start (eps_3/rep_006/trajectory.gsd)
[2026-03-03 17:08:42] eps=3 rep=7/10: start (eps_3/rep_009/trajectory.gsd)
[2026-03-03 17:08:42] eps=3 rep=1/10: start (eps_3/rep_004/trajectory.gsd)
[2026-03-03 17:08:42] eps=3 rep=8/10: start (eps_3/rep_008/trajectory.gsd)
[2026-03-03 17:08:42] eps=3 rep=9/10: start (eps_3/rep_002/trajectory.gsd)
[2026-03-03 17:08:42] eps=3 rep=10/10: start (eps_3/rep_001/trajectory.gsd)
[2026-03-03 17:08:42] eps=3 rep=2/10: start (eps_3/rep_003/trajectory.gsd)
[2026-03-03 17:08:42] eps=3 rep=5/10: start (eps_3/rep_005/trajectory.gsd)
[2026-03-03 17:08:42] eps=6 rep=1/10: start (eps_6/rep_004/trajectory.gsd)
[2026-03-03 17:08:42] eps=6 rep=2/10: start (eps_6/rep_003/trajectory.gsd)
[2026-03-03 17:08:42] eps=6 rep=3/10: start (eps_6/rep_007/trajectory.gsd)
[2026-03-03 17:08:42] eps=6 rep=5/10: start (eps_6/rep_005/trajectory.gsd)
[2026-03-03 17:08:42] eps=6 rep=9/10: start (eps_6/rep_002/trajectory.gsd)
[2026-03-03 17:08:42] eps=6 rep=8/10: start (eps_6/rep_008/trajectory.gsd)
[2026-03-03 17:08:42] eps=6 rep=6/10: start (eps_6/rep_010/trajectory.gsd)
[2026-03-03 17:08:42] eps=6 rep=7/10: start (eps_6/rep_009/trajectory.gsd)
[2026-03-03 17:08:42] eps=6 rep=4/10: start (eps_6/rep_006/trajectory.gsd)
[2026-03-03 17:08:42] eps=9 rep=1/10: start (eps_9/rep_004/trajectory.gsd)
[2026-03-03 17:08:42] eps=6 rep=10/10: start (eps_6/rep_001/trajectory.gsd)
[2026-03-03 17:08:42] eps=9 rep=3/10: start (eps_9/rep_007/trajectory.gsd)
[2026-03-03 17:08:42] eps=9 rep=4/10: start (eps_9/rep_006/trajectory.gsd)
[2026-03-03 17:08:42] eps=12 rep=2/9: start (eps_12/rep_003/trajectory.gsd)
[2026-03-03 17:08:42] eps=9 rep=2/10: start (eps_9/rep_003/trajectory.gsd)
[2026-03-03 17:08:42] eps=12 rep=3/9: start (eps_12/rep_007/trajectory.gsd)
[2026-03-03 17:08:42] eps=9 rep=9/10: start (eps_9/rep_002/trajectory.gsd)
[2026-03-03 17:08:42] eps=12 rep=5/9: start (eps_12/rep_005/trajectory.gsd)
[2026-03-03 17:08:42] eps=9 rep=7/10: start (eps_9/rep_009/trajectory.gsd)
[2026-03-03 17:08:42] eps=9 rep=8/10: start (eps_9/rep_008/trajectory.gsd)
[2026-03-03 17:08:42] eps=9 rep=5/10: start (eps_9/rep_005/trajectory.gsd)
[2026-03-03 17:08:42] eps=9 rep=6/10: start (eps_9/rep_010/trajectory.gsd)
[2026-03-03 17:08:42] eps=12 rep=1/9: start (eps_12/rep_004/trajectory.gsd)
[2026-03-03 17:08:42] eps=9 rep=10/10: start (eps_9/rep_001/trajectory.gsd)
[2026-03-03 17:08:42] eps=15 rep=3/10: start (eps_15/rep_007/trajectory.gsd)
[2026-03-03 17:08:42] eps=12 rep=6/9: start (eps_12/rep_010/trajectory.gsd)
[2026-03-03 17:08:42] eps=12 rep=8/9: start (eps_12/rep_002/trajectory.gsd)
[2026-03-03 17:08:42] eps=15 rep=4/10: start (eps_15/rep_006/trajectory.gsd)
[2026-03-03 17:08:42] eps=12 rep=9/9: start (eps_12/rep_001/trajectory.gsd)
[2026-03-03 17:08:42] eps=12 rep=7/9: start (eps_12/rep_009/trajectory.gsd)
[2026-03-03 17:08:42] eps=12 rep=4/9: start (eps_12/rep_006/trajectory.gsd)
[2026-03-03 17:08:42] eps=15 rep=1/10: start (eps_15/rep_004/trajectory.gsd)
[2026-03-03 17:08:42] eps=15 rep=10/10: start (eps_15/rep_001/trajectory.gsd)
[2026-03-03 17:08:42] eps=15 rep=8/10: start (eps_15/rep_008/trajectory.gsd)
[2026-03-03 17:08:42] eps=18 rep=1/10: start (eps_18/rep_004/trajectory.gsd)
[2026-03-03 17:08:42] eps=15 rep=5/10: start (eps_15/rep_005/trajectory.gsd)
[2026-03-03 17:08:42] eps=18 rep=7/10: start (eps_18/rep_009/trajectory.gsd)
[2026-03-03 17:08:42] eps=18 rep=5/10: start (eps_18/rep_005/trajectory.gsd)
[2026-03-03 17:08:42] eps=18 rep=4/10: start (eps_18/rep_006/trajectory.gsd)
[2026-03-03 17:08:42] eps=18 rep=2/10: start (eps_18/rep_003/trajectory.gsd)
[2026-03-03 17:08:42] eps=18 rep=10/10: start (eps_18/rep_001/trajectory.gsd)
[2026-03-03 17:08:42] eps=18 rep=6/10: start (eps_18/rep_010/trajectory.gsd)
[2026-03-03 17:08:42] eps=15 rep=6/10: start (eps_15/rep_010/trajectory.gsd)
[2026-03-03 17:08:42] eps=15 rep=9/10: start (eps_15/rep_002/trajectory.gsd)
[2026-03-03 17:08:42] eps=18 rep=3/10: start (eps_18/rep_007/trajectory.gsd)
[2026-03-03 17:08:42] eps=15 rep=7/10: start (eps_15/rep_009/trajectory.gsd)
[2026-03-03 17:08:42] eps=15 rep=2/10: start (eps_15/rep_003/trajectory.gsd)
[2026-03-03 17:08:42] eps=18 rep=9/10: start (eps_18/rep_002/trajectory.gsd)
[2026-03-03 17:08:42] eps=18 rep=8/10: start (eps_18/rep_008/trajectory.gsd)
[2026-03-03 17:09:10] eps=3 rep=6/10: frame progress 100/1000 (10.0%)
[2026-03-03 17:09:10] eps=3 rep=9/10: frame progress 100/1000 (10.0%)
[2026-03-03 17:09:11] eps=6 rep=5/10: frame progress 100/1000 (10.0%)
[2026-03-03 17:09:11] eps=6 rep=4/10: frame progress 100/1000 (10.0%)
[2026-03-03 17:09:12] eps=3 rep=8/10: frame progress 100/1000 (10.0%)
[2026-03-03 17:09:12] eps=3 rep=3/10: frame progress 100/1000 (10.0%)
[2026-03-03 17:09:12] eps=3 rep=5/10: frame progress 100/1000 (10.0%)
[2026-03-03 17:09:12] eps=3 rep=1/10: frame progress 100/1000 (10.0%)
[2026-03-03 17:09:12] eps=3 rep=4/10: frame progress 100/1000 (10.0%)
[2026-03-03 17:09:12] eps=3 rep=2/10: frame progress 100/1000 (10.0%)
[2026-03-03 17:09:12] eps=3 rep=7/10: frame progress 100/1000 (10.0%)
[2026-03-03 17:09:12] eps=3 rep=10/10: frame progress 100/1000 (10.0%)
[2026-03-03 17:09:13] eps=9 rep=9/10: frame progress 100/1000 (10.0%)
[2026-03-03 17:09:13] eps=9 rep=7/10: frame progress 100/1000 (10.0%)
[2026-03-03 17:09:13] eps=6 rep=6/10: frame progress 100/1000 (10.0%)
[2026-03-03 17:09:13] eps=6 rep=7/10: frame progress 100/1000 (10.0%)
[2026-03-03 17:09:13] eps=6 rep=8/10: frame progress 100/1000 (10.0%)
[2026-03-03 17:09:13] eps=6 rep=10/10: frame progress 100/1000 (10.0%)
[2026-03-03 17:09:13] eps=6 rep=1/10: frame progress 100/1000 (10.0%)
[2026-03-03 17:09:13] eps=6 rep=9/10: frame progress 100/1000 (10.0%)
[2026-03-03 17:09:14] eps=6 rep=2/10: frame progress 100/1000 (10.0%)
[2026-03-03 17:09:14] eps=6 rep=3/10: frame progress 100/1000 (10.0%)
[2026-03-03 17:09:15] eps=9 rep=10/10: frame progress 100/1000 (10.0%)
[2026-03-03 17:09:15] eps=9 rep=1/10: frame progress 100/1000 (10.0%)
[2026-03-03 17:09:15] eps=9 rep=6/10: frame progress 100/1000 (10.0%)
[2026-03-03 17:09:15] eps=9 rep=8/10: frame progress 100/1000 (10.0%)
[2026-03-03 17:09:15] eps=9 rep=4/10: frame progress 100/1000 (10.0%)
[2026-03-03 17:09:16] eps=9 rep=3/10: frame progress 100/1000 (10.0%)
[2026-03-03 17:09:16] eps=9 rep=5/10: frame progress 100/1000 (10.0%)
[2026-03-03 17:09:16] eps=15 rep=8/10: frame progress 100/1000 (10.0%)
[2026-03-03 17:09:18] eps=12 rep=2/9: frame progress 100/1000 (10.0%)
[2026-03-03 17:09:18] eps=12 rep=5/9: frame progress 100/1000 (10.0%)
[2026-03-03 17:09:18] eps=12 rep=9/9: frame progress 100/1000 (10.0%)
[2026-03-03 17:09:18] eps=12 rep=8/9: frame progress 100/1000 (10.0%)
[2026-03-03 17:09:18] eps=12 rep=3/9: frame progress 100/1000 (10.0%)
[2026-03-03 17:09:18] eps=12 rep=1/9: frame progress 100/1000 (10.0%)
[2026-03-03 17:09:18] eps=12 rep=4/9: frame progress 100/1000 (10.0%)
[2026-03-03 17:09:18] eps=12 rep=7/9: frame progress 100/1000 (10.0%)
[2026-03-03 17:09:19] eps=9 rep=2/10: frame progress 100/1000 (10.0%)
[2026-03-03 17:09:19] eps=12 rep=6/9: frame progress 100/1000 (10.0%)
[2026-03-03 17:09:19] eps=15 rep=9/10: frame progress 100/1000 (10.0%)
[2026-03-03 17:09:19] eps=15 rep=2/10: frame progress 100/1000 (10.0%)
[2026-03-03 17:09:19] eps=18 rep=3/10: frame progress 100/1000 (10.0%)
[2026-03-03 17:09:19] eps=15 rep=10/10: frame progress 100/1000 (10.0%)
[2026-03-03 17:09:19] eps=18 rep=5/10: frame progress 100/1000 (10.0%)
[2026-03-03 17:09:19] eps=18 rep=6/10: frame progress 100/1000 (10.0%)
[2026-03-03 17:09:19] eps=18 rep=1/10: frame progress 100/1000 (10.0%)
[2026-03-03 17:09:19] eps=18 rep=2/10: frame progress 100/1000 (10.0%)
[2026-03-03 17:09:20] eps=18 rep=9/10: frame progress 100/1000 (10.0%)
[2026-03-03 17:09:20] eps=15 rep=6/10: frame progress 100/1000 (10.0%)
[2026-03-03 17:09:20] eps=18 rep=8/10: frame progress 100/1000 (10.0%)
[2026-03-03 17:09:20] eps=15 rep=7/10: frame progress 100/1000 (10.0%)
[2026-03-03 17:09:20] eps=15 rep=1/10: frame progress 100/1000 (10.0%)
[2026-03-03 17:09:20] eps=15 rep=4/10: frame progress 100/1000 (10.0%)
[2026-03-03 17:09:20] eps=15 rep=5/10: frame progress 100/1000 (10.0%)
[2026-03-03 17:09:20] eps=18 rep=4/10: frame progress 100/1000 (10.0%)
[2026-03-03 17:09:20] eps=18 rep=7/10: frame progress 100/1000 (10.0%)
[2026-03-03 17:09:20] eps=15 rep=3/10: frame progress 100/1000 (10.0%)
[2026-03-03 17:09:21] eps=18 rep=10/10: frame progress 100/1000 (10.0%)
[2026-03-03 17:09:39] eps=3 rep=9/10: frame progress 200/1000 (20.0%)
[2026-03-03 17:09:39] eps=3 rep=6/10: frame progress 200/1000 (20.0%)
[2026-03-03 17:09:42] eps=6 rep=5/10: frame progress 200/1000 (20.0%)
[2026-03-03 17:09:43] eps=6 rep=4/10: frame progress 200/1000 (20.0%)
[2026-03-03 17:09:43] eps=3 rep=8/10: frame progress 200/1000 (20.0%)
[2026-03-03 17:09:44] eps=3 rep=3/10: frame progress 200/1000 (20.0%)
[2026-03-03 17:09:44] eps=3 rep=5/10: frame progress 200/1000 (20.0%)
[2026-03-03 17:09:44] eps=3 rep=1/10: frame progress 200/1000 (20.0%)
[2026-03-03 17:09:44] eps=3 rep=4/10: frame progress 200/1000 (20.0%)
[2026-03-03 17:09:44] eps=3 rep=2/10: frame progress 200/1000 (20.0%)
[2026-03-03 17:09:44] eps=3 rep=7/10: frame progress 200/1000 (20.0%)
[2026-03-03 17:09:44] eps=3 rep=10/10: frame progress 200/1000 (20.0%)
[2026-03-03 17:09:47] eps=6 rep=7/10: frame progress 200/1000 (20.0%)
[2026-03-03 17:09:47] eps=6 rep=6/10: frame progress 200/1000 (20.0%)
[2026-03-03 17:09:47] eps=9 rep=9/10: frame progress 200/1000 (20.0%)
[2026-03-03 17:09:47] eps=6 rep=10/10: frame progress 200/1000 (20.0%)
[2026-03-03 17:09:47] eps=6 rep=9/10: frame progress 200/1000 (20.0%)
[2026-03-03 17:09:47] eps=6 rep=8/10: frame progress 200/1000 (20.0%)
[2026-03-03 17:09:48] eps=6 rep=1/10: frame progress 200/1000 (20.0%)
[2026-03-03 17:09:48] eps=9 rep=7/10: frame progress 200/1000 (20.0%)
[2026-03-03 17:09:48] eps=6 rep=3/10: frame progress 200/1000 (20.0%)
[2026-03-03 17:09:48] eps=6 rep=2/10: frame progress 200/1000 (20.0%)
[2026-03-03 17:09:53] eps=9 rep=10/10: frame progress 200/1000 (20.0%)
[2026-03-03 17:09:53] eps=9 rep=6/10: frame progress 200/1000 (20.0%)
[2026-03-03 17:09:53] eps=9 rep=1/10: frame progress 200/1000 (20.0%)
[2026-03-03 17:09:53] eps=9 rep=4/10: frame progress 200/1000 (20.0%)
[2026-03-03 17:09:53] eps=9 rep=8/10: frame progress 200/1000 (20.0%)
[2026-03-03 17:09:54] eps=9 rep=3/10: frame progress 200/1000 (20.0%)
[2026-03-03 17:09:54] eps=9 rep=5/10: frame progress 200/1000 (20.0%)
[2026-03-03 17:10:00] eps=9 rep=2/10: frame progress 200/1000 (20.0%)
[2026-03-03 17:10:04] eps=12 rep=2/9: frame progress 200/1000 (20.0%)
[2026-03-03 17:10:04] eps=12 rep=9/9: frame progress 200/1000 (20.0%)
[2026-03-03 17:10:04] eps=15 rep=8/10: frame progress 200/1000 (20.0%)
[2026-03-03 17:10:04] eps=12 rep=8/9: frame progress 200/1000 (20.0%)
[2026-03-03 17:10:04] eps=12 rep=3/9: frame progress 200/1000 (20.0%)
[2026-03-03 17:10:04] eps=12 rep=5/9: frame progress 200/1000 (20.0%)
[2026-03-03 17:10:04] eps=12 rep=1/9: frame progress 200/1000 (20.0%)
[2026-03-03 17:10:04] eps=12 rep=7/9: frame progress 200/1000 (20.0%)
[2026-03-03 17:10:04] eps=12 rep=4/9: frame progress 200/1000 (20.0%)
[2026-03-03 17:10:06] eps=12 rep=6/9: frame progress 200/1000 (20.0%)
[2026-03-03 17:10:09] eps=15 rep=3/10: frame progress 200/1000 (20.0%)
[2026-03-03 17:10:09] eps=3 rep=9/10: frame progress 300/1000 (30.0%)
[2026-03-03 17:10:09] eps=3 rep=6/10: frame progress 300/1000 (30.0%)
[2026-03-03 17:10:11] eps=15 rep=2/10: frame progress 200/1000 (20.0%)
[2026-03-03 17:10:11] eps=15 rep=9/10: frame progress 200/1000 (20.0%)
[2026-03-03 17:10:11] eps=15 rep=10/10: frame progress 200/1000 (20.0%)
[2026-03-03 17:10:11] eps=18 rep=3/10: frame progress 200/1000 (20.0%)
[2026-03-03 17:10:11] eps=15 rep=6/10: frame progress 200/1000 (20.0%)
[2026-03-03 17:10:11] eps=18 rep=5/10: frame progress 200/1000 (20.0%)
[2026-03-03 17:10:11] eps=15 rep=5/10: frame progress 200/1000 (20.0%)
[2026-03-03 17:10:11] eps=15 rep=7/10: frame progress 200/1000 (20.0%)
[2026-03-03 17:10:11] eps=15 rep=1/10: frame progress 200/1000 (20.0%)
[2026-03-03 17:10:11] eps=18 rep=2/10: frame progress 200/1000 (20.0%)
[2026-03-03 17:10:11] eps=18 rep=6/10: frame progress 200/1000 (20.0%)
[2026-03-03 17:10:11] eps=18 rep=8/10: frame progress 200/1000 (20.0%)
[2026-03-03 17:10:11] eps=18 rep=9/10: frame progress 200/1000 (20.0%)
[2026-03-03 17:10:11] eps=18 rep=1/10: frame progress 200/1000 (20.0%)
[2026-03-03 17:10:11] eps=15 rep=4/10: frame progress 200/1000 (20.0%)
[2026-03-03 17:10:12] eps=18 rep=7/10: frame progress 200/1000 (20.0%)
[2026-03-03 17:10:12] eps=18 rep=4/10: frame progress 200/1000 (20.0%)
[2026-03-03 17:10:14] eps=18 rep=10/10: frame progress 200/1000 (20.0%)
[2026-03-03 17:10:16] eps=6 rep=5/10: frame progress 300/1000 (30.0%)
[2026-03-03 17:10:16] eps=3 rep=8/10: frame progress 300/1000 (30.0%)
[2026-03-03 17:10:17] eps=6 rep=4/10: frame progress 300/1000 (30.0%)
[2026-03-03 17:10:17] eps=3 rep=3/10: frame progress 300/1000 (30.0%)
[2026-03-03 17:10:17] eps=3 rep=5/10: frame progress 300/1000 (30.0%)
[2026-03-03 17:10:17] eps=3 rep=1/10: frame progress 300/1000 (30.0%)
[2026-03-03 17:10:17] eps=3 rep=2/10: frame progress 300/1000 (30.0%)
[2026-03-03 17:10:17] eps=3 rep=4/10: frame progress 300/1000 (30.0%)
[2026-03-03 17:10:17] eps=3 rep=7/10: frame progress 300/1000 (30.0%)
[2026-03-03 17:10:18] eps=3 rep=10/10: frame progress 300/1000 (30.0%)
[2026-03-03 17:10:24] eps=6 rep=7/10: frame progress 300/1000 (30.0%)
[2026-03-03 17:10:24] eps=6 rep=6/10: frame progress 300/1000 (30.0%)
[2026-03-03 17:10:24] eps=6 rep=9/10: frame progress 300/1000 (30.0%)
[2026-03-03 17:10:24] eps=6 rep=10/10: frame progress 300/1000 (30.0%)
[2026-03-03 17:10:24] eps=6 rep=1/10: frame progress 300/1000 (30.0%)
[2026-03-03 17:10:24] eps=6 rep=8/10: frame progress 300/1000 (30.0%)
[2026-03-03 17:10:25] eps=6 rep=3/10: frame progress 300/1000 (30.0%)
[2026-03-03 17:10:25] eps=6 rep=2/10: frame progress 300/1000 (30.0%)
[2026-03-03 17:10:26] eps=9 rep=7/10: frame progress 300/1000 (30.0%)
[2026-03-03 17:10:26] eps=9 rep=9/10: frame progress 300/1000 (30.0%)
[2026-03-03 17:10:35] eps=9 rep=10/10: frame progress 300/1000 (30.0%)
[2026-03-03 17:10:35] eps=9 rep=1/10: frame progress 300/1000 (30.0%)
[2026-03-03 17:10:35] eps=9 rep=6/10: frame progress 300/1000 (30.0%)
[2026-03-03 17:10:35] eps=9 rep=8/10: frame progress 300/1000 (30.0%)
[2026-03-03 17:10:36] eps=9 rep=3/10: frame progress 300/1000 (30.0%)
[2026-03-03 17:10:36] eps=9 rep=4/10: frame progress 300/1000 (30.0%)
[2026-03-03 17:10:36] eps=9 rep=5/10: frame progress 300/1000 (30.0%)
[2026-03-03 17:10:42] eps=3 rep=9/10: frame progress 400/1000 (40.0%)
[2026-03-03 17:10:42] eps=3 rep=6/10: frame progress 400/1000 (40.0%)
[2026-03-03 17:10:46] eps=9 rep=2/10: frame progress 300/1000 (30.0%)
[2026-03-03 17:10:51] eps=3 rep=8/10: frame progress 400/1000 (40.0%)
[2026-03-03 17:10:52] eps=3 rep=3/10: frame progress 400/1000 (40.0%)
[2026-03-03 17:10:52] eps=3 rep=4/10: frame progress 400/1000 (40.0%)
[2026-03-03 17:10:52] eps=3 rep=5/10: frame progress 400/1000 (40.0%)
[2026-03-03 17:10:52] eps=3 rep=1/10: frame progress 400/1000 (40.0%)
[2026-03-03 17:10:52] eps=3 rep=7/10: frame progress 400/1000 (40.0%)
[2026-03-03 17:10:52] eps=3 rep=2/10: frame progress 400/1000 (40.0%)
[2026-03-03 17:10:53] eps=3 rep=10/10: frame progress 400/1000 (40.0%)
[2026-03-03 17:10:53] eps=6 rep=5/10: frame progress 400/1000 (40.0%)
[2026-03-03 17:10:54] eps=6 rep=4/10: frame progress 400/1000 (40.0%)
[2026-03-03 17:10:56] eps=12 rep=2/9: frame progress 300/1000 (30.0%)
[2026-03-03 17:10:56] eps=12 rep=9/9: frame progress 300/1000 (30.0%)
[2026-03-03 17:10:56] eps=12 rep=8/9: frame progress 300/1000 (30.0%)
[2026-03-03 17:10:56] eps=12 rep=3/9: frame progress 300/1000 (30.0%)
[2026-03-03 17:10:56] eps=12 rep=5/9: frame progress 300/1000 (30.0%)
[2026-03-03 17:10:56] eps=12 rep=7/9: frame progress 300/1000 (30.0%)
[2026-03-03 17:10:56] eps=12 rep=1/9: frame progress 300/1000 (30.0%)
[2026-03-03 17:10:57] eps=12 rep=4/9: frame progress 300/1000 (30.0%)
[2026-03-03 17:10:59] eps=12 rep=6/9: frame progress 300/1000 (30.0%)
[2026-03-03 17:11:03] eps=6 rep=6/10: frame progress 400/1000 (40.0%)
[2026-03-03 17:11:03] eps=6 rep=7/10: frame progress 400/1000 (40.0%)
[2026-03-03 17:11:04] eps=6 rep=9/10: frame progress 400/1000 (40.0%)
[2026-03-03 17:11:04] eps=6 rep=10/10: frame progress 400/1000 (40.0%)
[2026-03-03 17:11:04] eps=6 rep=1/10: frame progress 400/1000 (40.0%)
[2026-03-03 17:11:04] eps=6 rep=8/10: frame progress 400/1000 (40.0%)
[2026-03-03 17:11:05] eps=6 rep=2/10: frame progress 400/1000 (40.0%)
[2026-03-03 17:11:05] eps=6 rep=3/10: frame progress 400/1000 (40.0%)
[2026-03-03 17:11:07] eps=15 rep=8/10: frame progress 300/1000 (30.0%)
[2026-03-03 17:11:08] eps=15 rep=3/10: frame progress 300/1000 (30.0%)
[2026-03-03 17:11:09] eps=9 rep=7/10: frame progress 400/1000 (40.0%)
[2026-03-03 17:11:13] eps=9 rep=9/10: frame progress 400/1000 (40.0%)
[2026-03-03 17:11:15] eps=15 rep=2/10: frame progress 300/1000 (30.0%)
[2026-03-03 17:11:15] eps=3 rep=9/10: frame progress 500/1000 (50.0%)
[2026-03-03 17:11:16] eps=15 rep=9/10: frame progress 300/1000 (30.0%)
[2026-03-03 17:11:16] eps=15 rep=10/10: frame progress 300/1000 (30.0%)
[2026-03-03 17:11:16] eps=15 rep=6/10: frame progress 300/1000 (30.0%)
[2026-03-03 17:11:16] eps=3 rep=6/10: frame progress 500/1000 (50.0%)
[2026-03-03 17:11:16] eps=15 rep=7/10: frame progress 300/1000 (30.0%)
[2026-03-03 17:11:17] eps=15 rep=1/10: frame progress 300/1000 (30.0%)
[2026-03-03 17:11:17] eps=15 rep=5/10: frame progress 300/1000 (30.0%)
[2026-03-03 17:11:17] eps=18 rep=3/10: frame progress 300/1000 (30.0%)
[2026-03-03 17:11:17] eps=15 rep=4/10: frame progress 300/1000 (30.0%)
[2026-03-03 17:11:17] eps=18 rep=2/10: frame progress 300/1000 (30.0%)
[2026-03-03 17:11:18] eps=18 rep=5/10: frame progress 300/1000 (30.0%)
[2026-03-03 17:11:18] eps=18 rep=9/10: frame progress 300/1000 (30.0%)
[2026-03-03 17:11:18] eps=18 rep=6/10: frame progress 300/1000 (30.0%)
[2026-03-03 17:11:18] eps=18 rep=8/10: frame progress 300/1000 (30.0%)
[2026-03-03 17:11:18] eps=18 rep=1/10: frame progress 300/1000 (30.0%)
[2026-03-03 17:11:19] eps=18 rep=4/10: frame progress 300/1000 (30.0%)
[2026-03-03 17:11:19] eps=18 rep=7/10: frame progress 300/1000 (30.0%)
[2026-03-03 17:11:21] eps=9 rep=10/10: frame progress 400/1000 (40.0%)
[2026-03-03 17:11:21] eps=9 rep=1/10: frame progress 400/1000 (40.0%)
[2026-03-03 17:11:21] eps=18 rep=10/10: frame progress 300/1000 (30.0%)
[2026-03-03 17:11:22] eps=9 rep=8/10: frame progress 400/1000 (40.0%)
[2026-03-03 17:11:22] eps=9 rep=6/10: frame progress 400/1000 (40.0%)
[2026-03-03 17:11:22] eps=9 rep=3/10: frame progress 400/1000 (40.0%)
[2026-03-03 17:11:22] eps=9 rep=4/10: frame progress 400/1000 (40.0%)
[2026-03-03 17:11:22] eps=9 rep=5/10: frame progress 400/1000 (40.0%)
[2026-03-03 17:11:28] eps=3 rep=8/10: frame progress 500/1000 (50.0%)
[2026-03-03 17:11:28] eps=3 rep=3/10: frame progress 500/1000 (50.0%)
[2026-03-03 17:11:28] eps=3 rep=4/10: frame progress 500/1000 (50.0%)
[2026-03-03 17:11:28] eps=3 rep=1/10: frame progress 500/1000 (50.0%)
[2026-03-03 17:11:28] eps=3 rep=5/10: frame progress 500/1000 (50.0%)
[2026-03-03 17:11:29] eps=3 rep=7/10: frame progress 500/1000 (50.0%)
[2026-03-03 17:11:29] eps=3 rep=2/10: frame progress 500/1000 (50.0%)
[2026-03-03 17:11:29] eps=3 rep=10/10: frame progress 500/1000 (50.0%)
[2026-03-03 17:11:32] eps=6 rep=5/10: frame progress 500/1000 (50.0%)
[2026-03-03 17:11:33] eps=6 rep=4/10: frame progress 500/1000 (50.0%)
[2026-03-03 17:11:36] eps=9 rep=2/10: frame progress 400/1000 (40.0%)
[2026-03-03 17:11:42] eps=6 rep=6/10: frame progress 500/1000 (50.0%)
[2026-03-03 17:11:46] eps=6 rep=7/10: frame progress 500/1000 (50.0%)
[2026-03-03 17:11:46] eps=6 rep=9/10: frame progress 500/1000 (50.0%)
[2026-03-03 17:11:46] eps=6 rep=10/10: frame progress 500/1000 (50.0%)
[2026-03-03 17:11:46] eps=6 rep=1/10: frame progress 500/1000 (50.0%)
[2026-03-03 17:11:46] eps=6 rep=8/10: frame progress 500/1000 (50.0%)
[2026-03-03 17:11:47] eps=6 rep=2/10: frame progress 500/1000 (50.0%)
[2026-03-03 17:11:48] eps=6 rep=3/10: frame progress 500/1000 (50.0%)
[2026-03-03 17:11:51] eps=3 rep=9/10: frame progress 600/1000 (60.0%)
[2026-03-03 17:11:52] eps=3 rep=6/10: frame progress 600/1000 (60.0%)
[2026-03-03 17:11:53] eps=12 rep=2/9: frame progress 400/1000 (40.0%)
[2026-03-03 17:11:53] eps=12 rep=9/9: frame progress 400/1000 (40.0%)
[2026-03-03 17:11:53] eps=12 rep=3/9: frame progress 400/1000 (40.0%)
[2026-03-03 17:11:53] eps=12 rep=8/9: frame progress 400/1000 (40.0%)
[2026-03-03 17:11:54] eps=12 rep=5/9: frame progress 400/1000 (40.0%)
[2026-03-03 17:11:54] eps=12 rep=1/9: frame progress 400/1000 (40.0%)
[2026-03-03 17:11:54] eps=12 rep=7/9: frame progress 400/1000 (40.0%)
[2026-03-03 17:11:54] eps=12 rep=4/9: frame progress 400/1000 (40.0%)
[2026-03-03 17:11:56] eps=9 rep=7/10: frame progress 500/1000 (50.0%)
[2026-03-03 17:11:56] eps=12 rep=6/9: frame progress 400/1000 (40.0%)
[2026-03-03 17:12:04] eps=9 rep=9/10: frame progress 500/1000 (50.0%)
[2026-03-03 17:12:06] eps=3 rep=8/10: frame progress 600/1000 (60.0%)
[2026-03-03 17:12:06] eps=3 rep=1/10: frame progress 600/1000 (60.0%)
[2026-03-03 17:12:06] eps=3 rep=3/10: frame progress 600/1000 (60.0%)
[2026-03-03 17:12:06] eps=3 rep=4/10: frame progress 600/1000 (60.0%)
[2026-03-03 17:12:06] eps=3 rep=5/10: frame progress 600/1000 (60.0%)
[2026-03-03 17:12:07] eps=3 rep=7/10: frame progress 600/1000 (60.0%)
[2026-03-03 17:12:07] eps=3 rep=2/10: frame progress 600/1000 (60.0%)
[2026-03-03 17:12:07] eps=3 rep=10/10: frame progress 600/1000 (60.0%)
[2026-03-03 17:12:11] eps=9 rep=10/10: frame progress 500/1000 (50.0%)
[2026-03-03 17:12:12] eps=9 rep=1/10: frame progress 500/1000 (50.0%)
[2026-03-03 17:12:12] eps=9 rep=8/10: frame progress 500/1000 (50.0%)
[2026-03-03 17:12:12] eps=9 rep=3/10: frame progress 500/1000 (50.0%)
[2026-03-03 17:12:12] eps=9 rep=6/10: frame progress 500/1000 (50.0%)
[2026-03-03 17:12:12] eps=9 rep=4/10: frame progress 500/1000 (50.0%)
[2026-03-03 17:12:13] eps=9 rep=5/10: frame progress 500/1000 (50.0%)
[2026-03-03 17:12:14] eps=6 rep=5/10: frame progress 600/1000 (60.0%)
[2026-03-03 17:12:14] eps=6 rep=4/10: frame progress 600/1000 (60.0%)
[2026-03-03 17:12:19] eps=15 rep=3/10: frame progress 400/1000 (40.0%)
[2026-03-03 17:12:24] eps=6 rep=6/10: frame progress 600/1000 (60.0%)
[2026-03-03 17:12:26] eps=15 rep=8/10: frame progress 400/1000 (40.0%)
[2026-03-03 17:12:28] eps=3 rep=9/10: frame progress 700/1000 (70.0%)
[2026-03-03 17:12:28] eps=15 rep=5/10: frame progress 400/1000 (40.0%)
[2026-03-03 17:12:29] eps=3 rep=6/10: frame progress 700/1000 (70.0%)
[2026-03-03 17:12:29] eps=9 rep=2/10: frame progress 500/1000 (50.0%)
[2026-03-03 17:12:30] eps=6 rep=7/10: frame progress 600/1000 (60.0%)
[2026-03-03 17:12:31] eps=6 rep=10/10: frame progress 600/1000 (60.0%)
[2026-03-03 17:12:31] eps=6 rep=9/10: frame progress 600/1000 (60.0%)
[2026-03-03 17:12:31] eps=6 rep=1/10: frame progress 600/1000 (60.0%)
[2026-03-03 17:12:31] eps=6 rep=8/10: frame progress 600/1000 (60.0%)
[2026-03-03 17:12:32] eps=6 rep=2/10: frame progress 600/1000 (60.0%)
[2026-03-03 17:12:33] eps=6 rep=3/10: frame progress 600/1000 (60.0%)
[2026-03-03 17:12:34] eps=15 rep=2/10: frame progress 400/1000 (40.0%)
[2026-03-03 17:12:34] eps=15 rep=9/10: frame progress 400/1000 (40.0%)
[2026-03-03 17:12:35] eps=15 rep=10/10: frame progress 400/1000 (40.0%)
[2026-03-03 17:12:35] eps=15 rep=6/10: frame progress 400/1000 (40.0%)
[2026-03-03 17:12:36] eps=15 rep=7/10: frame progress 400/1000 (40.0%)
[2026-03-03 17:12:36] eps=15 rep=1/10: frame progress 400/1000 (40.0%)
[2026-03-03 17:12:37] eps=15 rep=4/10: frame progress 400/1000 (40.0%)
[2026-03-03 17:12:38] eps=18 rep=3/10: frame progress 400/1000 (40.0%)
[2026-03-03 17:12:38] eps=18 rep=2/10: frame progress 400/1000 (40.0%)
[2026-03-03 17:12:39] eps=18 rep=9/10: frame progress 400/1000 (40.0%)
[2026-03-03 17:12:39] eps=18 rep=5/10: frame progress 400/1000 (40.0%)
[2026-03-03 17:12:39] eps=18 rep=6/10: frame progress 400/1000 (40.0%)
[2026-03-03 17:12:39] eps=18 rep=1/10: frame progress 400/1000 (40.0%)
[2026-03-03 17:12:41] eps=18 rep=8/10: frame progress 400/1000 (40.0%)
[2026-03-03 17:12:41] eps=18 rep=4/10: frame progress 400/1000 (40.0%)
[2026-03-03 17:12:42] eps=18 rep=7/10: frame progress 400/1000 (40.0%)
[2026-03-03 17:12:44] eps=18 rep=10/10: frame progress 400/1000 (40.0%)
[2026-03-03 17:12:45] eps=3 rep=8/10: frame progress 700/1000 (70.0%)
[2026-03-03 17:12:45] eps=3 rep=1/10: frame progress 700/1000 (70.0%)
[2026-03-03 17:12:46] eps=3 rep=3/10: frame progress 700/1000 (70.0%)
[2026-03-03 17:12:46] eps=3 rep=4/10: frame progress 700/1000 (70.0%)
[2026-03-03 17:12:46] eps=3 rep=5/10: frame progress 700/1000 (70.0%)
[2026-03-03 17:12:47] eps=3 rep=7/10: frame progress 700/1000 (70.0%)
[2026-03-03 17:12:47] eps=3 rep=2/10: frame progress 700/1000 (70.0%)
[2026-03-03 17:12:47] eps=3 rep=10/10: frame progress 700/1000 (70.0%)
[2026-03-03 17:12:51] eps=9 rep=7/10: frame progress 600/1000 (60.0%)
[2026-03-03 17:12:55] eps=12 rep=2/9: frame progress 500/1000 (50.0%)
[2026-03-03 17:12:55] eps=12 rep=9/9: frame progress 500/1000 (50.0%)
[2026-03-03 17:12:55] eps=12 rep=3/9: frame progress 500/1000 (50.0%)
[2026-03-03 17:12:55] eps=12 rep=8/9: frame progress 500/1000 (50.0%)
[2026-03-03 17:12:56] eps=12 rep=5/9: frame progress 500/1000 (50.0%)
[2026-03-03 17:12:56] eps=12 rep=1/9: frame progress 500/1000 (50.0%)
[2026-03-03 17:12:56] eps=12 rep=7/9: frame progress 500/1000 (50.0%)
[2026-03-03 17:12:56] eps=12 rep=4/9: frame progress 500/1000 (50.0%)
[2026-03-03 17:12:57] eps=6 rep=5/10: frame progress 700/1000 (70.0%)
[2026-03-03 17:12:58] eps=6 rep=4/10: frame progress 700/1000 (70.0%)
[2026-03-03 17:12:59] eps=12 rep=6/9: frame progress 500/1000 (50.0%)
[2026-03-03 17:12:59] eps=9 rep=9/10: frame progress 600/1000 (60.0%)
[2026-03-03 17:13:06] eps=9 rep=10/10: frame progress 600/1000 (60.0%)
[2026-03-03 17:13:06] eps=3 rep=9/10: frame progress 800/1000 (80.0%)
[2026-03-03 17:13:06] eps=9 rep=6/10: frame progress 600/1000 (60.0%)
[2026-03-03 17:13:07] eps=9 rep=1/10: frame progress 600/1000 (60.0%)
[2026-03-03 17:13:07] eps=9 rep=8/10: frame progress 600/1000 (60.0%)
[2026-03-03 17:13:07] eps=9 rep=3/10: frame progress 600/1000 (60.0%)
[2026-03-03 17:13:07] eps=9 rep=4/10: frame progress 600/1000 (60.0%)
[2026-03-03 17:13:07] eps=9 rep=5/10: frame progress 600/1000 (60.0%)
[2026-03-03 17:13:08] eps=3 rep=6/10: frame progress 800/1000 (80.0%)
[2026-03-03 17:13:08] eps=6 rep=6/10: frame progress 700/1000 (70.0%)
[2026-03-03 17:13:17] eps=6 rep=7/10: frame progress 700/1000 (70.0%)
[2026-03-03 17:13:18] eps=6 rep=10/10: frame progress 700/1000 (70.0%)
[2026-03-03 17:13:19] eps=6 rep=9/10: frame progress 700/1000 (70.0%)
[2026-03-03 17:13:19] eps=6 rep=1/10: frame progress 700/1000 (70.0%)
[2026-03-03 17:13:19] eps=6 rep=8/10: frame progress 700/1000 (70.0%)
[2026-03-03 17:13:20] eps=6 rep=2/10: frame progress 700/1000 (70.0%)
[2026-03-03 17:13:21] eps=6 rep=3/10: frame progress 700/1000 (70.0%)
[2026-03-03 17:13:26] eps=3 rep=8/10: frame progress 800/1000 (80.0%)
[2026-03-03 17:13:27] eps=3 rep=1/10: frame progress 800/1000 (80.0%)
[2026-03-03 17:13:27] eps=3 rep=3/10: frame progress 800/1000 (80.0%)
[2026-03-03 17:13:27] eps=3 rep=4/10: frame progress 800/1000 (80.0%)
[2026-03-03 17:13:27] eps=3 rep=5/10: frame progress 800/1000 (80.0%)
[2026-03-03 17:13:27] eps=9 rep=2/10: frame progress 600/1000 (60.0%)
[2026-03-03 17:13:28] eps=3 rep=7/10: frame progress 800/1000 (80.0%)
[2026-03-03 17:13:28] eps=3 rep=10/10: frame progress 800/1000 (80.0%)
[2026-03-03 17:13:28] eps=3 rep=2/10: frame progress 800/1000 (80.0%)
[2026-03-03 17:13:42] eps=15 rep=3/10: frame progress 500/1000 (50.0%)
[2026-03-03 17:13:44] eps=6 rep=4/10: frame progress 800/1000 (80.0%)
[2026-03-03 17:13:45] eps=6 rep=5/10: frame progress 800/1000 (80.0%)
[2026-03-03 17:13:46] eps=3 rep=9/10: frame progress 900/1000 (90.0%)
[2026-03-03 17:13:48] eps=3 rep=6/10: frame progress 900/1000 (90.0%)
[2026-03-03 17:13:50] eps=9 rep=7/10: frame progress 700/1000 (70.0%)
[2026-03-03 17:13:51] eps=15 rep=5/10: frame progress 500/1000 (50.0%)
[2026-03-03 17:13:55] eps=6 rep=6/10: frame progress 800/1000 (80.0%)
[2026-03-03 17:13:58] eps=9 rep=9/10: frame progress 700/1000 (70.0%)
[2026-03-03 17:13:59] eps=15 rep=8/10: frame progress 500/1000 (50.0%)
[2026-03-03 17:14:00] eps=12 rep=2/9: frame progress 600/1000 (60.0%)
[2026-03-03 17:14:01] eps=12 rep=9/9: frame progress 600/1000 (60.0%)
[2026-03-03 17:14:01] eps=12 rep=3/9: frame progress 600/1000 (60.0%)
[2026-03-03 17:14:01] eps=12 rep=5/9: frame progress 600/1000 (60.0%)
[2026-03-03 17:14:01] eps=12 rep=1/9: frame progress 600/1000 (60.0%)
[2026-03-03 17:14:02] eps=12 rep=8/9: frame progress 600/1000 (60.0%)
[2026-03-03 17:14:02] eps=12 rep=7/9: frame progress 600/1000 (60.0%)
[2026-03-03 17:14:02] eps=12 rep=4/9: frame progress 600/1000 (60.0%)
[2026-03-03 17:14:05] eps=9 rep=10/10: frame progress 700/1000 (70.0%)
[2026-03-03 17:14:05] eps=9 rep=6/10: frame progress 700/1000 (70.0%)
[2026-03-03 17:14:06] eps=12 rep=6/9: frame progress 600/1000 (60.0%)
[2026-03-03 17:14:06] eps=9 rep=3/10: frame progress 700/1000 (70.0%)
[2026-03-03 17:14:06] eps=15 rep=2/10: frame progress 500/1000 (50.0%)
[2026-03-03 17:14:06] eps=9 rep=8/10: frame progress 700/1000 (70.0%)
[2026-03-03 17:14:06] eps=9 rep=5/10: frame progress 700/1000 (70.0%)
[2026-03-03 17:14:06] eps=9 rep=1/10: frame progress 700/1000 (70.0%)
[2026-03-03 17:14:07] eps=9 rep=4/10: frame progress 700/1000 (70.0%)
[2026-03-03 17:14:07] eps=15 rep=9/10: frame progress 500/1000 (50.0%)
[2026-03-03 17:14:08] eps=6 rep=7/10: frame progress 800/1000 (80.0%)
[2026-03-03 17:14:08] eps=18 rep=8/10: frame progress 500/1000 (50.0%)
[2026-03-03 17:14:08] eps=15 rep=10/10: frame progress 500/1000 (50.0%)
[2026-03-03 17:14:09] eps=3 rep=3/10: frame progress 900/1000 (90.0%)
[2026-03-03 17:14:09] eps=15 rep=6/10: frame progress 500/1000 (50.0%)
[2026-03-03 17:14:09] eps=6 rep=9/10: frame progress 800/1000 (80.0%)
[2026-03-03 17:14:09] eps=3 rep=8/10: frame progress 900/1000 (90.0%)
[2026-03-03 17:14:09] eps=6 rep=10/10: frame progress 800/1000 (80.0%)
[2026-03-03 17:14:09] eps=3 rep=1/10: frame progress 900/1000 (90.0%)
[2026-03-03 17:14:09] eps=3 rep=5/10: frame progress 900/1000 (90.0%)
[2026-03-03 17:14:09] eps=3 rep=4/10: frame progress 900/1000 (90.0%)
[2026-03-03 17:14:09] eps=15 rep=7/10: frame progress 500/1000 (50.0%)
[2026-03-03 17:14:09] eps=6 rep=8/10: frame progress 800/1000 (80.0%)
[2026-03-03 17:14:10] eps=15 rep=1/10: frame progress 500/1000 (50.0%)
[2026-03-03 17:14:10] eps=6 rep=1/10: frame progress 800/1000 (80.0%)
[2026-03-03 17:14:10] eps=3 rep=7/10: frame progress 900/1000 (90.0%)
[2026-03-03 17:14:11] eps=6 rep=2/10: frame progress 800/1000 (80.0%)
[2026-03-03 17:14:11] eps=3 rep=10/10: frame progress 900/1000 (90.0%)
[2026-03-03 17:14:11] eps=3 rep=2/10: frame progress 900/1000 (90.0%)
[2026-03-03 17:14:11] eps=15 rep=4/10: frame progress 500/1000 (50.0%)
[2026-03-03 17:14:12] eps=6 rep=3/10: frame progress 800/1000 (80.0%)
[2026-03-03 17:14:14] eps=18 rep=3/10: frame progress 500/1000 (50.0%)
[2026-03-03 17:14:15] eps=18 rep=9/10: frame progress 500/1000 (50.0%)
[2026-03-03 17:14:15] eps=18 rep=1/10: frame progress 500/1000 (50.0%)
[2026-03-03 17:14:15] eps=18 rep=2/10: frame progress 500/1000 (50.0%)
[2026-03-03 17:14:16] eps=18 rep=5/10: frame progress 500/1000 (50.0%)
[2026-03-03 17:14:16] eps=18 rep=6/10: frame progress 500/1000 (50.0%)
[2026-03-03 17:14:18] eps=18 rep=4/10: frame progress 500/1000 (50.0%)
[2026-03-03 17:14:19] eps=18 rep=7/10: frame progress 500/1000 (50.0%)
[2026-03-03 17:14:23] eps=18 rep=10/10: frame progress 500/1000 (50.0%)
[2026-03-03 17:14:27] eps=3 rep=9/10: frame progress 1000/1000 (100.0%)
[2026-03-03 17:14:28] eps=3 rep=6/10: frame progress 1000/1000 (100.0%)
[2026-03-03 17:14:30] eps=9 rep=2/10: frame progress 700/1000 (70.0%)
[2026-03-03 17:14:33] eps=6 rep=4/10: frame progress 900/1000 (90.0%)
[2026-03-03 17:14:33] eps=6 rep=5/10: frame progress 900/1000 (90.0%)
[2026-03-03 17:14:39] eps=3 rep=9/10: done
[2026-03-03 17:14:41] eps=3 rep=6/10: done
[2026-03-03 17:14:44] eps=6 rep=6/10: frame progress 900/1000 (90.0%)
[2026-03-03 17:14:52] eps=3 rep=3/10: frame progress 1000/1000 (100.0%)
[2026-03-03 17:14:52] eps=3 rep=8/10: frame progress 1000/1000 (100.0%)
[2026-03-03 17:14:53] eps=3 rep=4/10: frame progress 1000/1000 (100.0%)
[2026-03-03 17:14:53] eps=3 rep=1/10: frame progress 1000/1000 (100.0%)
[2026-03-03 17:14:53] eps=3 rep=5/10: frame progress 1000/1000 (100.0%)
[2026-03-03 17:14:53] eps=3 rep=7/10: frame progress 1000/1000 (100.0%)
[2026-03-03 17:14:54] eps=9 rep=7/10: frame progress 800/1000 (80.0%)
[2026-03-03 17:14:54] eps=3 rep=10/10: frame progress 1000/1000 (100.0%)
[2026-03-03 17:14:55] eps=3 rep=2/10: frame progress 1000/1000 (100.0%)
[2026-03-03 17:15:01] eps=6 rep=7/10: frame progress 900/1000 (90.0%)
[2026-03-03 17:15:02] eps=9 rep=9/10: frame progress 800/1000 (80.0%)
[2026-03-03 17:15:02] eps=6 rep=9/10: frame progress 900/1000 (90.0%)
[2026-03-03 17:15:02] eps=6 rep=10/10: frame progress 900/1000 (90.0%)
[2026-03-03 17:15:03] eps=6 rep=8/10: frame progress 900/1000 (90.0%)
[2026-03-03 17:15:03] eps=6 rep=1/10: frame progress 900/1000 (90.0%)
[2026-03-03 17:15:04] eps=6 rep=2/10: frame progress 900/1000 (90.0%)
[2026-03-03 17:15:05] eps=6 rep=3/10: frame progress 900/1000 (90.0%)
[2026-03-03 17:15:05] eps=3 rep=3/10: done
[2026-03-03 17:15:06] eps=3 rep=8/10: done
[2026-03-03 17:15:06] eps=3 rep=4/10: done
[2026-03-03 17:15:06] eps=3 rep=5/10: done
[2026-03-03 17:15:06] eps=3 rep=1/10: done
[2026-03-03 17:15:06] eps=3 rep=7/10: done
[2026-03-03 17:15:07] eps=3 rep=10/10: done
[2026-03-03 17:15:08] eps=3 rep=2/10: done
[2026-03-03 17:15:09] eps=9 rep=10/10: frame progress 800/1000 (80.0%)
[2026-03-03 17:15:09] eps=9 rep=6/10: frame progress 800/1000 (80.0%)
[2026-03-03 17:15:09] eps=9 rep=3/10: frame progress 800/1000 (80.0%)
[2026-03-03 17:15:09] eps=9 rep=8/10: frame progress 800/1000 (80.0%)
[2026-03-03 17:15:10] eps=9 rep=5/10: frame progress 800/1000 (80.0%)
[2026-03-03 17:15:10] eps=12 rep=2/9: frame progress 700/1000 (70.0%)
[2026-03-03 17:15:10] eps=9 rep=1/10: frame progress 800/1000 (80.0%)
[2026-03-03 17:15:10] eps=12 rep=9/9: frame progress 700/1000 (70.0%)
[2026-03-03 17:15:10] eps=9 rep=4/10: frame progress 800/1000 (80.0%)
[2026-03-03 17:15:10] eps=12 rep=3/9: frame progress 700/1000 (70.0%)
[2026-03-03 17:15:11] eps=12 rep=5/9: frame progress 700/1000 (70.0%)
[2026-03-03 17:15:11] eps=12 rep=1/9: frame progress 700/1000 (70.0%)
[2026-03-03 17:15:11] eps=12 rep=8/9: frame progress 700/1000 (70.0%)
[2026-03-03 17:15:12] eps=12 rep=4/9: frame progress 700/1000 (70.0%)
[2026-03-03 17:15:12] eps=12 rep=7/9: frame progress 700/1000 (70.0%)
[2026-03-03 17:15:15] eps=15 rep=3/10: frame progress 600/1000 (60.0%)
[2026-03-03 17:15:16] eps=12 rep=6/9: frame progress 700/1000 (70.0%)
[2026-03-03 17:15:25] eps=6 rep=4/10: frame progress 1000/1000 (100.0%)
[2026-03-03 17:15:25] eps=6 rep=5/10: frame progress 1000/1000 (100.0%)
[2026-03-03 17:15:25] eps=15 rep=5/10: frame progress 600/1000 (60.0%)
[2026-03-03 17:15:35] eps=6 rep=6/10: frame progress 1000/1000 (100.0%)
[2026-03-03 17:15:36] eps=9 rep=2/10: frame progress 800/1000 (80.0%)
[2026-03-03 17:15:37] eps=6 rep=4/10: done
[2026-03-03 17:15:38] eps=6 rep=5/10: done
[2026-03-03 17:15:43] eps=15 rep=8/10: frame progress 600/1000 (60.0%)
[2026-03-03 17:15:47] eps=6 rep=6/10: done
[2026-03-03 17:15:47] eps=18 rep=8/10: frame progress 600/1000 (60.0%)
[2026-03-03 17:15:49] eps=15 rep=2/10: frame progress 600/1000 (60.0%)
[2026-03-03 17:15:51] eps=15 rep=9/10: frame progress 600/1000 (60.0%)
[2026-03-03 17:15:53] eps=15 rep=6/10: frame progress 600/1000 (60.0%)
[2026-03-03 17:15:53] eps=15 rep=10/10: frame progress 600/1000 (60.0%)
[2026-03-03 17:15:53] eps=15 rep=1/10: frame progress 600/1000 (60.0%)
[2026-03-03 17:15:54] eps=15 rep=7/10: frame progress 600/1000 (60.0%)
[2026-03-03 17:15:54] eps=6 rep=7/10: frame progress 1000/1000 (100.0%)
[2026-03-03 17:15:55] eps=15 rep=4/10: frame progress 600/1000 (60.0%)
[2026-03-03 17:15:56] eps=6 rep=9/10: frame progress 1000/1000 (100.0%)
[2026-03-03 17:15:57] eps=6 rep=10/10: frame progress 1000/1000 (100.0%)
[2026-03-03 17:15:57] eps=6 rep=1/10: frame progress 1000/1000 (100.0%)
[2026-03-03 17:15:57] eps=6 rep=8/10: frame progress 1000/1000 (100.0%)
[2026-03-03 17:15:58] eps=6 rep=2/10: frame progress 1000/1000 (100.0%)
[2026-03-03 17:15:59] eps=6 rep=3/10: frame progress 1000/1000 (100.0%)
[2026-03-03 17:16:00] eps=9 rep=7/10: frame progress 900/1000 (90.0%)
[2026-03-03 17:16:02] eps=18 rep=9/10: frame progress 600/1000 (60.0%)
[2026-03-03 17:16:02] eps=18 rep=3/10: frame progress 600/1000 (60.0%)
[2026-03-03 17:16:04] eps=18 rep=2/10: frame progress 600/1000 (60.0%)
[2026-03-03 17:16:04] eps=18 rep=5/10: frame progress 600/1000 (60.0%)
[2026-03-03 17:16:04] eps=18 rep=6/10: frame progress 600/1000 (60.0%)
[2026-03-03 17:16:06] eps=18 rep=4/10: frame progress 600/1000 (60.0%)
[2026-03-03 17:16:07] eps=18 rep=1/10: frame progress 600/1000 (60.0%)
[2026-03-03 17:16:07] eps=6 rep=7/10: done
[2026-03-03 17:16:07] eps=9 rep=9/10: frame progress 900/1000 (90.0%)
[2026-03-03 17:16:08] eps=18 rep=7/10: frame progress 600/1000 (60.0%)
[2026-03-03 17:16:09] eps=6 rep=9/10: done
[2026-03-03 17:16:10] eps=6 rep=10/10: done
[2026-03-03 17:16:10] eps=6 rep=1/10: done
[2026-03-03 17:16:10] eps=6 rep=8/10: done
[2026-03-03 17:16:11] eps=6 rep=2/10: done
[2026-03-03 17:16:12] eps=18 rep=10/10: frame progress 600/1000 (60.0%)
[2026-03-03 17:16:12] eps=6 rep=3/10: done
[2026-03-03 17:16:13] eps=9 rep=10/10: frame progress 900/1000 (90.0%)
[2026-03-03 17:16:13] eps=9 rep=6/10: frame progress 900/1000 (90.0%)
[2026-03-03 17:16:14] eps=9 rep=3/10: frame progress 900/1000 (90.0%)
[2026-03-03 17:16:14] eps=9 rep=1/10: frame progress 900/1000 (90.0%)
[2026-03-03 17:16:14] eps=9 rep=4/10: frame progress 900/1000 (90.0%)
[2026-03-03 17:16:15] eps=9 rep=8/10: frame progress 900/1000 (90.0%)
[2026-03-03 17:16:15] eps=9 rep=5/10: frame progress 900/1000 (90.0%)
[2026-03-03 17:16:20] eps=12 rep=2/9: frame progress 800/1000 (80.0%)
[2026-03-03 17:16:20] eps=12 rep=9/9: frame progress 800/1000 (80.0%)
[2026-03-03 17:16:20] eps=12 rep=3/9: frame progress 800/1000 (80.0%)
[2026-03-03 17:16:21] eps=12 rep=5/9: frame progress 800/1000 (80.0%)
[2026-03-03 17:16:22] eps=12 rep=4/9: frame progress 800/1000 (80.0%)
[2026-03-03 17:16:22] eps=12 rep=1/9: frame progress 800/1000 (80.0%)
[2026-03-03 17:16:22] eps=12 rep=8/9: frame progress 800/1000 (80.0%)
[2026-03-03 17:16:22] eps=12 rep=7/9: frame progress 800/1000 (80.0%)
[2026-03-03 17:16:27] eps=12 rep=6/9: frame progress 800/1000 (80.0%)
[2026-03-03 17:16:43] eps=9 rep=2/10: frame progress 900/1000 (90.0%)
[2026-03-03 17:16:58] eps=15 rep=3/10: frame progress 700/1000 (70.0%)
[2026-03-03 17:17:08] eps=9 rep=7/10: frame progress 1000/1000 (100.0%)
[2026-03-03 17:17:10] eps=15 rep=5/10: frame progress 700/1000 (70.0%)
[2026-03-03 17:17:15] eps=9 rep=9/10: frame progress 1000/1000 (100.0%)
[2026-03-03 17:17:20] eps=9 rep=10/10: frame progress 1000/1000 (100.0%)
[2026-03-03 17:17:20] eps=9 rep=8/10: frame progress 1000/1000 (100.0%)
[2026-03-03 17:17:20] eps=9 rep=6/10: frame progress 1000/1000 (100.0%)
[2026-03-03 17:17:21] eps=9 rep=3/10: frame progress 1000/1000 (100.0%)
[2026-03-03 17:17:21] eps=9 rep=7/10: done
[2026-03-03 17:17:22] eps=9 rep=4/10: frame progress 1000/1000 (100.0%)
[2026-03-03 17:17:22] eps=9 rep=1/10: frame progress 1000/1000 (100.0%)
[2026-03-03 17:17:23] eps=9 rep=5/10: frame progress 1000/1000 (100.0%)
[2026-03-03 17:17:27] eps=9 rep=9/10: done
[2026-03-03 17:17:32] eps=12 rep=2/9: frame progress 900/1000 (90.0%)
[2026-03-03 17:17:32] eps=12 rep=3/9: frame progress 900/1000 (90.0%)
[2026-03-03 17:17:32] eps=12 rep=9/9: frame progress 900/1000 (90.0%)
[2026-03-03 17:17:33] eps=9 rep=10/10: done
[2026-03-03 17:17:33] eps=9 rep=8/10: done
[2026-03-03 17:17:33] eps=15 rep=8/10: frame progress 700/1000 (70.0%)
[2026-03-03 17:17:33] eps=9 rep=6/10: done
[2026-03-03 17:17:34] eps=9 rep=3/10: done
[2026-03-03 17:17:34] eps=12 rep=8/9: frame progress 900/1000 (90.0%)
[2026-03-03 17:17:34] eps=12 rep=4/9: frame progress 900/1000 (90.0%)
[2026-03-03 17:17:34] eps=12 rep=5/9: frame progress 900/1000 (90.0%)
[2026-03-03 17:17:35] eps=9 rep=4/10: done
[2026-03-03 17:17:35] eps=9 rep=1/10: done
[2026-03-03 17:17:35] eps=12 rep=7/9: frame progress 900/1000 (90.0%)
[2026-03-03 17:17:35] eps=12 rep=1/9: frame progress 900/1000 (90.0%)
[2026-03-03 17:17:36] eps=9 rep=5/10: done
[2026-03-03 17:17:37] eps=15 rep=2/10: frame progress 700/1000 (70.0%)
[2026-03-03 17:17:38] eps=18 rep=8/10: frame progress 700/1000 (70.0%)
[2026-03-03 17:17:40] eps=15 rep=9/10: frame progress 700/1000 (70.0%)
[2026-03-03 17:17:41] eps=12 rep=6/9: frame progress 900/1000 (90.0%)
[2026-03-03 17:17:42] eps=15 rep=6/10: frame progress 700/1000 (70.0%)
[2026-03-03 17:17:42] eps=15 rep=1/10: frame progress 700/1000 (70.0%)
[2026-03-03 17:17:42] eps=15 rep=10/10: frame progress 700/1000 (70.0%)
[2026-03-03 17:17:44] eps=15 rep=7/10: frame progress 700/1000 (70.0%)
[2026-03-03 17:17:44] eps=15 rep=4/10: frame progress 700/1000 (70.0%)
[2026-03-03 17:17:54] eps=9 rep=2/10: frame progress 1000/1000 (100.0%)
[2026-03-03 17:17:57] eps=18 rep=3/10: frame progress 700/1000 (70.0%)
[2026-03-03 17:17:57] eps=18 rep=9/10: frame progress 700/1000 (70.0%)
[2026-03-03 17:17:57] eps=18 rep=2/10: frame progress 700/1000 (70.0%)
[2026-03-03 17:17:59] eps=18 rep=6/10: frame progress 700/1000 (70.0%)
[2026-03-03 17:17:59] eps=18 rep=5/10: frame progress 700/1000 (70.0%)
[2026-03-03 17:18:01] eps=18 rep=4/10: frame progress 700/1000 (70.0%)
[2026-03-03 17:18:03] eps=18 rep=7/10: frame progress 700/1000 (70.0%)
[2026-03-03 17:18:06] eps=9 rep=2/10: done
[2026-03-03 17:18:07] eps=18 rep=10/10: frame progress 700/1000 (70.0%)
[2026-03-03 17:18:09] eps=18 rep=1/10: frame progress 700/1000 (70.0%)
[2026-03-03 17:18:47] eps=12 rep=3/9: frame progress 1000/1000 (100.0%)
[2026-03-03 17:18:47] eps=12 rep=9/9: frame progress 1000/1000 (100.0%)
[2026-03-03 17:18:47] eps=12 rep=2/9: frame progress 1000/1000 (100.0%)
[2026-03-03 17:18:49] eps=12 rep=8/9: frame progress 1000/1000 (100.0%)
[2026-03-03 17:18:49] eps=12 rep=4/9: frame progress 1000/1000 (100.0%)
[2026-03-03 17:18:49] eps=12 rep=5/9: frame progress 1000/1000 (100.0%)
[2026-03-03 17:18:50] eps=12 rep=7/9: frame progress 1000/1000 (100.0%)
[2026-03-03 17:18:51] eps=15 rep=3/10: frame progress 800/1000 (80.0%)
[2026-03-03 17:18:53] eps=12 rep=1/9: frame progress 1000/1000 (100.0%)
[2026-03-03 17:18:56] eps=12 rep=6/9: frame progress 1000/1000 (100.0%)
[2026-03-03 17:19:00] eps=12 rep=3/9: done
[2026-03-03 17:19:00] eps=12 rep=9/9: done
[2026-03-03 17:19:00] eps=12 rep=2/9: done
[2026-03-03 17:19:02] eps=12 rep=8/9: done
[2026-03-03 17:19:02] eps=12 rep=4/9: done
[2026-03-03 17:19:02] eps=12 rep=5/9: done
[2026-03-03 17:19:02] eps=12 rep=7/9: done
[2026-03-03 17:19:04] eps=15 rep=5/10: frame progress 800/1000 (80.0%)
[2026-03-03 17:19:06] eps=12 rep=1/9: done
[2026-03-03 17:19:08] eps=12 rep=6/9: done
[2026-03-03 17:19:31] eps=15 rep=8/10: frame progress 800/1000 (80.0%)
[2026-03-03 17:19:31] eps=15 rep=2/10: frame progress 800/1000 (80.0%)
[2026-03-03 17:19:36] eps=15 rep=9/10: frame progress 800/1000 (80.0%)
[2026-03-03 17:19:38] eps=15 rep=6/10: frame progress 800/1000 (80.0%)
[2026-03-03 17:19:38] eps=15 rep=10/10: frame progress 800/1000 (80.0%)
[2026-03-03 17:19:39] eps=15 rep=1/10: frame progress 800/1000 (80.0%)
[2026-03-03 17:19:40] eps=15 rep=7/10: frame progress 800/1000 (80.0%)
[2026-03-03 17:19:41] eps=18 rep=8/10: frame progress 800/1000 (80.0%)
[2026-03-03 17:19:41] eps=15 rep=4/10: frame progress 800/1000 (80.0%)
[2026-03-03 17:19:59] eps=18 rep=3/10: frame progress 800/1000 (80.0%)
[2026-03-03 17:20:01] eps=18 rep=2/10: frame progress 800/1000 (80.0%)
[2026-03-03 17:20:01] eps=18 rep=9/10: frame progress 800/1000 (80.0%)
[2026-03-03 17:20:03] eps=18 rep=6/10: frame progress 800/1000 (80.0%)
[2026-03-03 17:20:04] eps=18 rep=5/10: frame progress 800/1000 (80.0%)
[2026-03-03 17:20:05] eps=18 rep=4/10: frame progress 800/1000 (80.0%)
[2026-03-03 17:20:08] eps=18 rep=7/10: frame progress 800/1000 (80.0%)
[2026-03-03 17:20:12] eps=18 rep=10/10: frame progress 800/1000 (80.0%)
[2026-03-03 17:20:13] eps=18 rep=1/10: frame progress 800/1000 (80.0%)
[2026-03-03 17:20:55] eps=15 rep=3/10: frame progress 900/1000 (90.0%)
[2026-03-03 17:21:11] eps=15 rep=5/10: frame progress 900/1000 (90.0%)
[2026-03-03 17:21:35] eps=15 rep=2/10: frame progress 900/1000 (90.0%)
[2026-03-03 17:21:37] eps=15 rep=8/10: frame progress 900/1000 (90.0%)
[2026-03-03 17:21:39] eps=15 rep=9/10: frame progress 900/1000 (90.0%)
[2026-03-03 17:21:43] eps=15 rep=10/10: frame progress 900/1000 (90.0%)
[2026-03-03 17:21:44] eps=15 rep=6/10: frame progress 900/1000 (90.0%)
[2026-03-03 17:21:44] eps=15 rep=1/10: frame progress 900/1000 (90.0%)
[2026-03-03 17:21:45] eps=15 rep=7/10: frame progress 900/1000 (90.0%)
[2026-03-03 17:21:47] eps=15 rep=4/10: frame progress 900/1000 (90.0%)
[2026-03-03 17:22:00] eps=18 rep=8/10: frame progress 900/1000 (90.0%)
[2026-03-03 17:22:13] eps=18 rep=3/10: frame progress 900/1000 (90.0%)
[2026-03-03 17:22:16] eps=18 rep=2/10: frame progress 900/1000 (90.0%)
[2026-03-03 17:22:17] eps=18 rep=9/10: frame progress 900/1000 (90.0%)
[2026-03-03 17:22:18] eps=18 rep=6/10: frame progress 900/1000 (90.0%)
[2026-03-03 17:22:20] eps=18 rep=5/10: frame progress 900/1000 (90.0%)
[2026-03-03 17:22:20] eps=18 rep=4/10: frame progress 900/1000 (90.0%)
[2026-03-03 17:22:24] eps=18 rep=7/10: frame progress 900/1000 (90.0%)
[2026-03-03 17:22:29] eps=18 rep=10/10: frame progress 900/1000 (90.0%)
[2026-03-03 17:22:35] eps=18 rep=1/10: frame progress 900/1000 (90.0%)
[2026-03-03 17:23:07] eps=15 rep=3/10: frame progress 1000/1000 (100.0%)
[2026-03-03 17:23:19] eps=15 rep=3/10: done
[2026-03-03 17:23:24] eps=15 rep=5/10: frame progress 1000/1000 (100.0%)
[2026-03-03 17:23:36] eps=15 rep=5/10: done
[2026-03-03 17:23:48] eps=15 rep=2/10: frame progress 1000/1000 (100.0%)
[2026-03-03 17:23:50] eps=15 rep=8/10: frame progress 1000/1000 (100.0%)
[2026-03-03 17:23:51] eps=15 rep=9/10: frame progress 1000/1000 (100.0%)
[2026-03-03 17:23:55] eps=15 rep=10/10: frame progress 1000/1000 (100.0%)
[2026-03-03 17:23:57] eps=15 rep=6/10: frame progress 1000/1000 (100.0%)
[2026-03-03 17:23:57] eps=15 rep=1/10: frame progress 1000/1000 (100.0%)
[2026-03-03 17:23:58] eps=15 rep=7/10: frame progress 1000/1000 (100.0%)
[2026-03-03 17:24:00] eps=15 rep=2/10: done
[2026-03-03 17:24:01] eps=15 rep=4/10: frame progress 1000/1000 (100.0%)
[2026-03-03 17:24:03] eps=15 rep=8/10: done
[2026-03-03 17:24:04] eps=15 rep=9/10: done
[2026-03-03 17:24:08] eps=15 rep=10/10: done
[2026-03-03 17:24:09] eps=15 rep=6/10: done
[2026-03-03 17:24:09] eps=15 rep=1/10: done
[2026-03-03 17:24:11] eps=15 rep=7/10: done
[2026-03-03 17:24:14] eps=15 rep=4/10: done
[2026-03-03 17:24:30] eps=18 rep=8/10: frame progress 1000/1000 (100.0%)
[2026-03-03 17:24:40] eps=18 rep=3/10: frame progress 1000/1000 (100.0%)
[2026-03-03 17:24:43] eps=18 rep=8/10: done
[2026-03-03 17:24:44] eps=18 rep=2/10: frame progress 1000/1000 (100.0%)
[2026-03-03 17:24:45] eps=18 rep=6/10: frame progress 1000/1000 (100.0%)
[2026-03-03 17:24:46] eps=18 rep=9/10: frame progress 1000/1000 (100.0%)
[2026-03-03 17:24:49] eps=18 rep=5/10: frame progress 1000/1000 (100.0%)
[2026-03-03 17:24:49] eps=18 rep=4/10: frame progress 1000/1000 (100.0%)
[2026-03-03 17:24:52] eps=18 rep=3/10: done
[2026-03-03 17:24:52] eps=18 rep=7/10: frame progress 1000/1000 (100.0%)
[2026-03-03 17:24:57] eps=18 rep=2/10: done
[2026-03-03 17:24:58] eps=18 rep=6/10: done
[2026-03-03 17:24:58] eps=18 rep=9/10: done
[2026-03-03 17:25:00] eps=18 rep=10/10: frame progress 1000/1000 (100.0%)
[2026-03-03 17:25:01] eps=18 rep=5/10: done
[2026-03-03 17:25:02] eps=18 rep=4/10: done
[2026-03-03 17:25:02] eps=18 rep=1/10: frame progress 1000/1000 (100.0%)
[2026-03-03 17:25:05] eps=18 rep=7/10: done
[2026-03-03 17:25:12] eps=18 rep=10/10: done
[2026-03-03 17:25:15] eps=18 rep=1/10: done
[2026-03-03 17:25:15] Completed parallel analysis for 59 runs
[2026-03-03 17:25:15] Aggregating epsilon group 1/6: eps=3, replicates=10
[2026-03-03 17:25:15] Writing outputs for eps=3 to /scratch/gpfs/WEBB/chertok/REACTIVELJ_PAPER/simulation_package/melt/analysis/results/eps_3
[2026-03-03 17:25:16] Finished epsilon group eps=3
[2026-03-03 17:25:16] Aggregating epsilon group 2/6: eps=6, replicates=10
[2026-03-03 17:25:16] Writing outputs for eps=6 to /scratch/gpfs/WEBB/chertok/REACTIVELJ_PAPER/simulation_package/melt/analysis/results/eps_6
[2026-03-03 17:25:17] Finished epsilon group eps=6
[2026-03-03 17:25:17] Aggregating epsilon group 3/6: eps=9, replicates=10
[2026-03-03 17:25:17] Writing outputs for eps=9 to /scratch/gpfs/WEBB/chertok/REACTIVELJ_PAPER/simulation_package/melt/analysis/results/eps_9
[2026-03-03 17:25:19] Finished epsilon group eps=9
[2026-03-03 17:25:19] Aggregating epsilon group 4/6: eps=12, replicates=9
[2026-03-03 17:25:19] Writing outputs for eps=12 to /scratch/gpfs/WEBB/chertok/REACTIVELJ_PAPER/simulation_package/melt/analysis/results/eps_12
[2026-03-03 17:25:20] Finished epsilon group eps=12
[2026-03-03 17:25:20] Aggregating epsilon group 5/6: eps=15, replicates=10
[2026-03-03 17:25:21] Writing outputs for eps=15 to /scratch/gpfs/WEBB/chertok/REACTIVELJ_PAPER/simulation_package/melt/analysis/results/eps_15
[2026-03-03 17:25:22] Finished epsilon group eps=15
[2026-03-03 17:25:22] Aggregating epsilon group 6/6: eps=18, replicates=10
[2026-03-03 17:25:22] Writing outputs for eps=18 to /scratch/gpfs/WEBB/chertok/REACTIVELJ_PAPER/simulation_package/melt/analysis/results/eps_18
[2026-03-03 17:25:24] Finished epsilon group eps=18
[2026-03-03 17:25:24] Wrote /scratch/gpfs/WEBB/chertok/REACTIVELJ_PAPER/simulation_package/melt/analysis/results/summary.json
[2026-03-03 17:25:24] Wrote /scratch/gpfs/WEBB/chertok/REACTIVELJ_PAPER/simulation_package/melt/analysis/results/summary.csv
[2026-03-03 17:25:26] Analysis complete
[2026-03-03 17:25:27] Step 7/8 complete: Analysis finished in 1007 seconds
[2026-03-03 17:25:27] Step 8/8: Job complete in 1009 seconds total
