[2026-03-21 23:02:28] Step 1/8: Purging modules
[2026-03-21 23:02:28] Step 2/8: Sourcing ~/.bashrc
[2026-03-21 23:02:30] Step 3/8: Loading anaconda module
[2026-03-21 23:02:30] Step 4/8: Activating conda environment
[2026-03-21 23:02:31] Step 5/8: Changing directory to /scratch/gpfs/WEBB/chertok/REACTIVELJ_PAPER/simulation_package/melt
[2026-03-21 23:02:31] Step 6/8: Ensuring logs directory exists
[2026-03-21 23:02:31] Step 7/8: Starting trajectory analysis
[2026-03-21 23:02:40] Scanning trajectories under /scratch/gpfs/WEBB/chertok/REACTIVELJ_PAPER/simulation_package/melt/data_generation/outputs
[2026-03-21 23:02:40] Discovered 49 trajectory/metadata pairs
[2026-03-21 23:02:40] Grouped runs into 5 epsilon values
[2026-03-21 23:02:40] Queueing epsilon group 1/5: eps=0, replicates=10
[2026-03-21 23:02:40] Queueing epsilon group 2/5: eps=6, replicates=10
[2026-03-21 23:02:40] Queueing epsilon group 3/5: eps=12, replicates=9
[2026-03-21 23:02:40] Queueing epsilon group 4/5: eps=15, replicates=10
[2026-03-21 23:02:40] Queueing epsilon group 5/5: eps=18, replicates=10
[2026-03-21 23:02:40] Starting parallel analysis with 64 workers on 49 runs
[2026-03-21 23:02:41] eps=6 rep=3/10: start (eps_6/rep_007/trajectory.gsd)
[2026-03-21 23:02:41] eps=6 rep=8/10: start (eps_6/rep_008/trajectory.gsd)
[2026-03-21 23:02:41] eps=0 rep=5/10: start (eps_0/rep_005/trajectory.gsd)
[2026-03-21 23:02:41] eps=12 rep=2/9: start (eps_12/rep_003/trajectory.gsd)
[2026-03-21 23:02:41] eps=6 rep=7/10: start (eps_6/rep_009/trajectory.gsd)
[2026-03-21 23:02:41] eps=0 rep=6/10: start (eps_0/rep_010/trajectory.gsd)
[2026-03-21 23:02:41] eps=12 rep=3/9: start (eps_12/rep_007/trajectory.gsd)
[2026-03-21 23:02:41] eps=12 rep=4/9: start (eps_12/rep_006/trajectory.gsd)
[2026-03-21 23:02:41] eps=15 rep=6/10: start (eps_15/rep_010/trajectory.gsd)
[2026-03-21 23:02:41] eps=6 rep=9/10: start (eps_6/rep_002/trajectory.gsd)
[2026-03-21 23:02:41] eps=12 rep=1/9: start (eps_12/rep_004/trajectory.gsd)
[2026-03-21 23:02:41] eps=0 rep=9/10: start (eps_0/rep_002/trajectory.gsd)
[2026-03-21 23:02:41] eps=15 rep=2/10: start (eps_15/rep_003/trajectory.gsd)
[2026-03-21 23:02:41] eps=6 rep=6/10: start (eps_6/rep_010/trajectory.gsd)
[2026-03-21 23:02:41] eps=0 rep=10/10: start (eps_0/rep_001/trajectory.gsd)
[2026-03-21 23:02:41] eps=15 rep=4/10: start (eps_15/rep_006/trajectory.gsd)
[2026-03-21 23:02:41] eps=12 rep=5/9: start (eps_12/rep_005/trajectory.gsd)
[2026-03-21 23:02:41] eps=12 rep=7/9: start (eps_12/rep_009/trajectory.gsd)
[2026-03-21 23:02:41] eps=15 rep=5/10: start (eps_15/rep_005/trajectory.gsd)
[2026-03-21 23:02:41] eps=6 rep=4/10: start (eps_6/rep_006/trajectory.gsd)
[2026-03-21 23:02:41] eps=6 rep=10/10: start (eps_6/rep_001/trajectory.gsd)
[2026-03-21 23:02:41] eps=15 rep=7/10: start (eps_15/rep_009/trajectory.gsd)
[2026-03-21 23:02:41] eps=0 rep=1/10: start (eps_0/rep_004/trajectory.gsd)
[2026-03-21 23:02:41] eps=15 rep=3/10: start (eps_15/rep_007/trajectory.gsd)
[2026-03-21 23:02:41] eps=0 rep=8/10: start (eps_0/rep_008/trajectory.gsd)
[2026-03-21 23:02:41] eps=12 rep=8/9: start (eps_12/rep_002/trajectory.gsd)
[2026-03-21 23:02:41] eps=12 rep=9/9: start (eps_12/rep_001/trajectory.gsd)
[2026-03-21 23:02:41] eps=0 rep=7/10: start (eps_0/rep_009/trajectory.gsd)
[2026-03-21 23:02:41] eps=6 rep=5/10: start (eps_6/rep_005/trajectory.gsd)
[2026-03-21 23:02:41] eps=12 rep=6/9: start (eps_12/rep_010/trajectory.gsd)
[2026-03-21 23:02:41] eps=6 rep=1/10: start (eps_6/rep_004/trajectory.gsd)
[2026-03-21 23:02:41] eps=18 rep=1/10: start (eps_18/rep_004/trajectory.gsd)
[2026-03-21 23:02:41] eps=6 rep=2/10: start (eps_6/rep_003/trajectory.gsd)
[2026-03-21 23:02:41] eps=18 rep=2/10: start (eps_18/rep_003/trajectory.gsd)
[2026-03-21 23:02:41] eps=15 rep=9/10: start (eps_15/rep_002/trajectory.gsd)
[2026-03-21 23:02:41] eps=18 rep=3/10: start (eps_18/rep_007/trajectory.gsd)
[2026-03-21 23:02:41] eps=0 rep=3/10: start (eps_0/rep_007/trajectory.gsd)
[2026-03-21 23:02:41] eps=15 rep=1/10: start (eps_15/rep_004/trajectory.gsd)
[2026-03-21 23:02:41] eps=0 rep=4/10: start (eps_0/rep_006/trajectory.gsd)
[2026-03-21 23:02:41] eps=0 rep=2/10: start (eps_0/rep_003/trajectory.gsd)
[2026-03-21 23:02:41] eps=15 rep=10/10: start (eps_15/rep_001/trajectory.gsd)
[2026-03-21 23:02:41] eps=15 rep=8/10: start (eps_15/rep_008/trajectory.gsd)
[2026-03-21 23:02:41] eps=18 rep=6/10: start (eps_18/rep_010/trajectory.gsd)
[2026-03-21 23:02:41] eps=18 rep=5/10: start (eps_18/rep_005/trajectory.gsd)
[2026-03-21 23:02:41] eps=18 rep=8/10: start (eps_18/rep_008/trajectory.gsd)
[2026-03-21 23:02:41] eps=18 rep=10/10: start (eps_18/rep_001/trajectory.gsd)
[2026-03-21 23:02:41] eps=18 rep=7/10: start (eps_18/rep_009/trajectory.gsd)
[2026-03-21 23:02:41] eps=18 rep=4/10: start (eps_18/rep_006/trajectory.gsd)
[2026-03-21 23:02:41] eps=18 rep=9/10: start (eps_18/rep_002/trajectory.gsd)
[2026-03-21 23:06:16] eps=6 rep=8/10: frame progress 624/6248 (10.0%)
[2026-03-21 23:06:17] eps=6 rep=9/10: frame progress 628/6288 (10.0%)
[2026-03-21 23:06:20] eps=6 rep=3/10: frame progress 633/6333 (10.0%)
[2026-03-21 23:06:21] eps=6 rep=7/10: frame progress 635/6351 (10.0%)
[2026-03-21 23:06:22] eps=6 rep=4/10: frame progress 634/6342 (10.0%)
[2026-03-21 23:06:26] eps=6 rep=5/10: frame progress 627/6272 (10.0%)
[2026-03-21 23:06:26] eps=6 rep=10/10: frame progress 629/6296 (10.0%)
[2026-03-21 23:06:27] eps=6 rep=1/10: frame progress 632/6324 (10.0%)
[2026-03-21 23:06:28] eps=6 rep=6/10: frame progress 631/6318 (10.0%)
[2026-03-21 23:06:36] eps=6 rep=2/10: frame progress 636/6360 (10.0%)
[2026-03-21 23:07:46] eps=12 rep=2/9: frame progress 634/6344 (10.0%)
[2026-03-21 23:07:48] eps=12 rep=1/9: frame progress 634/6349 (10.0%)
[2026-03-21 23:07:48] eps=12 rep=7/9: frame progress 637/6378 (10.0%)
[2026-03-21 23:07:49] eps=12 rep=4/9: frame progress 638/6384 (10.0%)
[2026-03-21 23:07:57] eps=12 rep=3/9: frame progress 628/6286 (10.0%)
[2026-03-21 23:08:00] eps=12 rep=9/9: frame progress 635/6352 (10.0%)
[2026-03-21 23:08:01] eps=12 rep=8/9: frame progress 631/6312 (10.0%)
[2026-03-21 23:08:02] eps=12 rep=5/9: frame progress 636/6361 (10.0%)
[2026-03-21 23:08:03] eps=12 rep=6/9: frame progress 636/6362 (10.0%)
[2026-03-21 23:08:56] eps=0 rep=6/10: frame progress 1148/11489 (10.0%)
[2026-03-21 23:08:56] eps=0 rep=10/10: frame progress 1148/11485 (10.0%)
[2026-03-21 23:09:05] eps=0 rep=7/10: frame progress 1160/11603 (10.0%)
[2026-03-21 23:09:08] eps=0 rep=5/10: frame progress 1170/11702 (10.0%)
[2026-03-21 23:09:08] eps=0 rep=8/10: frame progress 1154/11543 (10.0%)
[2026-03-21 23:09:10] eps=0 rep=1/10: frame progress 1158/11588 (10.0%)
[2026-03-21 23:09:11] eps=0 rep=3/10: frame progress 1157/11572 (10.0%)
[2026-03-21 23:09:13] eps=0 rep=9/10: frame progress 1164/11640 (10.0%)
[2026-03-21 23:09:17] eps=0 rep=2/10: frame progress 1174/11744 (10.0%)
[2026-03-21 23:09:18] eps=0 rep=4/10: frame progress 1171/11710 (10.0%)
[2026-03-21 23:09:35] eps=15 rep=4/10: frame progress 632/6326 (10.0%)
[2026-03-21 23:09:35] eps=15 rep=5/10: frame progress 632/6326 (10.0%)
[2026-03-21 23:09:41] eps=18 rep=6/10: frame progress 628/6287 (10.0%)
[2026-03-21 23:09:42] eps=15 rep=2/10: frame progress 637/6374 (10.0%)
[2026-03-21 23:09:43] eps=18 rep=4/10: frame progress 628/6285 (10.0%)
[2026-03-21 23:09:44] eps=15 rep=6/10: frame progress 636/6369 (10.0%)
[2026-03-21 23:09:46] eps=18 rep=5/10: frame progress 631/6319 (10.0%)
[2026-03-21 23:09:47] eps=18 rep=3/10: frame progress 629/6291 (10.0%)
[2026-03-21 23:09:48] eps=18 rep=10/10: frame progress 632/6320 (10.0%)
[2026-03-21 23:09:57] eps=18 rep=8/10: frame progress 641/6413 (10.0%)
[2026-03-21 23:09:57] eps=15 rep=8/10: frame progress 633/6337 (10.0%)
[2026-03-21 23:09:59] eps=15 rep=3/10: frame progress 634/6343 (10.0%)
[2026-03-21 23:10:02] eps=15 rep=7/10: frame progress 636/6365 (10.0%)
[2026-03-21 23:10:02] eps=15 rep=1/10: frame progress 637/6377 (10.0%)
[2026-03-21 23:10:02] eps=15 rep=9/10: frame progress 638/6380 (10.0%)
[2026-03-21 23:10:03] eps=15 rep=10/10: frame progress 637/6373 (10.0%)
[2026-03-21 23:10:09] eps=18 rep=1/10: frame progress 630/6305 (10.0%)
[2026-03-21 23:10:09] eps=18 rep=2/10: frame progress 631/6317 (10.0%)
[2026-03-21 23:10:11] eps=18 rep=9/10: frame progress 631/6313 (10.0%)
[2026-03-21 23:10:13] eps=18 rep=7/10: frame progress 633/6336 (10.0%)
[2026-03-21 23:11:31] eps=6 rep=8/10: frame progress 1248/6248 (20.0%)
[2026-03-21 23:11:33] eps=6 rep=9/10: frame progress 1256/6288 (20.0%)
[2026-03-21 23:11:41] eps=6 rep=3/10: frame progress 1266/6333 (20.0%)
[2026-03-21 23:11:45] eps=6 rep=4/10: frame progress 1268/6342 (20.0%)
[2026-03-21 23:11:46] eps=6 rep=7/10: frame progress 1270/6351 (20.0%)
[2026-03-21 23:12:00] eps=6 rep=5/10: frame progress 1254/6272 (20.0%)
[2026-03-21 23:12:02] eps=6 rep=1/10: frame progress 1264/6324 (20.0%)
[2026-03-21 23:12:02] eps=6 rep=10/10: frame progress 1258/6296 (20.0%)
[2026-03-21 23:12:05] eps=6 rep=6/10: frame progress 1262/6318 (20.0%)
[2026-03-21 23:12:18] eps=6 rep=2/10: frame progress 1272/6360 (20.0%)
[2026-03-21 23:15:28] eps=12 rep=2/9: frame progress 1268/6344 (20.0%)
[2026-03-21 23:15:33] eps=12 rep=1/9: frame progress 1268/6349 (20.0%)
[2026-03-21 23:15:35] eps=12 rep=7/9: frame progress 1274/6378 (20.0%)
[2026-03-21 23:15:38] eps=12 rep=4/9: frame progress 1276/6384 (20.0%)
[2026-03-21 23:15:58] eps=12 rep=3/9: frame progress 1256/6286 (20.0%)
[2026-03-21 23:16:03] eps=12 rep=8/9: frame progress 1262/6312 (20.0%)
[2026-03-21 23:16:07] eps=12 rep=9/9: frame progress 1270/6352 (20.0%)
[2026-03-21 23:16:10] eps=12 rep=6/9: frame progress 1272/6362 (20.0%)
[2026-03-21 23:16:12] eps=12 rep=5/9: frame progress 1272/6361 (20.0%)
[2026-03-21 23:17:46] eps=0 rep=6/10: frame progress 2296/11489 (20.0%)
[2026-03-21 23:17:46] eps=0 rep=10/10: frame progress 2296/11485 (20.0%)
[2026-03-21 23:18:07] eps=0 rep=7/10: frame progress 2320/11603 (20.0%)
[2026-03-21 23:18:09] eps=0 rep=3/10: frame progress 2314/11572 (20.0%)
[2026-03-21 23:18:14] eps=0 rep=8/10: frame progress 2308/11543 (20.0%)
[2026-03-21 23:18:15] eps=0 rep=5/10: frame progress 2340/11702 (20.0%)
[2026-03-21 23:18:19] eps=0 rep=1/10: frame progress 2316/11588 (20.0%)
[2026-03-21 23:18:27] eps=0 rep=9/10: frame progress 2328/11640 (20.0%)
[2026-03-21 23:18:30] eps=6 rep=8/10: frame progress 1872/6248 (30.0%)
[2026-03-21 23:18:35] eps=6 rep=9/10: frame progress 1884/6288 (30.0%)
[2026-03-21 23:18:37] eps=0 rep=4/10: frame progress 2342/11710 (20.0%)
[2026-03-21 23:18:39] eps=0 rep=2/10: frame progress 2348/11744 (20.0%)
[2026-03-21 23:18:50] eps=6 rep=3/10: frame progress 1899/6333 (30.0%)
[2026-03-21 23:18:56] eps=6 rep=4/10: frame progress 1902/6342 (30.0%)
[2026-03-21 23:19:00] eps=6 rep=7/10: frame progress 1905/6351 (30.0%)
[2026-03-21 23:19:20] eps=6 rep=5/10: frame progress 1881/6272 (30.0%)
[2026-03-21 23:19:23] eps=6 rep=10/10: frame progress 1887/6296 (30.0%)
[2026-03-21 23:19:26] eps=6 rep=1/10: frame progress 1896/6324 (30.0%)
[2026-03-21 23:19:27] eps=6 rep=6/10: frame progress 1893/6318 (30.0%)
[2026-03-21 23:19:46] eps=6 rep=2/10: frame progress 1908/6360 (30.0%)
[2026-03-21 23:23:52] eps=15 rep=4/10: frame progress 1264/6326 (20.0%)
[2026-03-21 23:23:53] eps=15 rep=5/10: frame progress 1264/6326 (20.0%)
[2026-03-21 23:24:08] eps=15 rep=2/10: frame progress 1274/6374 (20.0%)
[2026-03-21 23:24:18] eps=15 rep=6/10: frame progress 1272/6369 (20.0%)
[2026-03-21 23:24:52] eps=15 rep=8/10: frame progress 1266/6337 (20.0%)
[2026-03-21 23:24:57] eps=15 rep=7/10: frame progress 1272/6365 (20.0%)
[2026-03-21 23:25:01] eps=15 rep=3/10: frame progress 1268/6343 (20.0%)
[2026-03-21 23:25:09] eps=15 rep=10/10: frame progress 1274/6373 (20.0%)
[2026-03-21 23:25:09] eps=15 rep=9/10: frame progress 1276/6380 (20.0%)
[2026-03-21 23:25:10] eps=15 rep=1/10: frame progress 1274/6377 (20.0%)
[2026-03-21 23:25:36] eps=18 rep=6/10: frame progress 1256/6287 (20.0%)
[2026-03-21 23:25:43] eps=18 rep=4/10: frame progress 1256/6285 (20.0%)
[2026-03-21 23:25:47] eps=12 rep=2/9: frame progress 1902/6344 (30.0%)
[2026-03-21 23:25:50] eps=18 rep=3/10: frame progress 1258/6291 (20.0%)
[2026-03-21 23:25:52] eps=12 rep=1/9: frame progress 1902/6349 (30.0%)
[2026-03-21 23:25:54] eps=12 rep=7/9: frame progress 1911/6378 (30.0%)
[2026-03-21 23:25:56] eps=18 rep=5/10: frame progress 1262/6319 (20.0%)
[2026-03-21 23:26:02] eps=18 rep=10/10: frame progress 1264/6320 (20.0%)
[2026-03-21 23:26:04] eps=12 rep=4/9: frame progress 1914/6384 (30.0%)
[2026-03-21 23:26:27] eps=12 rep=3/9: frame progress 1884/6286 (30.0%)
[2026-03-21 23:26:34] eps=18 rep=8/10: frame progress 1282/6413 (20.0%)
[2026-03-21 23:26:38] eps=12 rep=8/9: frame progress 1893/6312 (30.0%)
[2026-03-21 23:26:50] eps=12 rep=9/9: frame progress 1905/6352 (30.0%)
[2026-03-21 23:26:50] eps=18 rep=1/10: frame progress 1260/6305 (20.0%)
[2026-03-21 23:26:52] eps=12 rep=6/9: frame progress 1908/6362 (30.0%)
[2026-03-21 23:26:56] eps=12 rep=5/9: frame progress 1908/6361 (30.0%)
[2026-03-21 23:27:00] eps=18 rep=2/10: frame progress 1262/6317 (20.0%)
[2026-03-21 23:27:02] eps=18 rep=9/10: frame progress 1262/6313 (20.0%)
[2026-03-21 23:27:07] eps=18 rep=7/10: frame progress 1266/6336 (20.0%)
[2026-03-21 23:27:15] eps=6 rep=8/10: frame progress 2496/6248 (39.9%)
[2026-03-21 23:27:27] eps=6 rep=9/10: frame progress 2512/6288 (39.9%)
[2026-03-21 23:27:48] eps=6 rep=3/10: frame progress 2532/6333 (40.0%)
[2026-03-21 23:27:53] eps=6 rep=4/10: frame progress 2536/6342 (40.0%)
[2026-03-21 23:28:03] eps=6 rep=7/10: frame progress 2540/6351 (40.0%)
[2026-03-21 23:28:29] eps=6 rep=5/10: frame progress 2508/6272 (40.0%)
[2026-03-21 23:28:34] eps=6 rep=10/10: frame progress 2516/6296 (40.0%)
[2026-03-21 23:28:38] eps=6 rep=6/10: frame progress 2524/6318 (39.9%)
[2026-03-21 23:28:41] eps=6 rep=1/10: frame progress 2528/6324 (40.0%)
[2026-03-21 23:29:06] eps=6 rep=2/10: frame progress 2544/6360 (40.0%)
[2026-03-21 23:29:15] eps=0 rep=6/10: frame progress 3444/11489 (30.0%)
[2026-03-21 23:29:17] eps=0 rep=10/10: frame progress 3444/11485 (30.0%)
[2026-03-21 23:29:50] eps=0 rep=3/10: frame progress 3471/11572 (30.0%)
[2026-03-21 23:29:51] eps=0 rep=7/10: frame progress 3480/11603 (30.0%)
[2026-03-21 23:30:04] eps=0 rep=8/10: frame progress 3462/11543 (30.0%)
[2026-03-21 23:30:09] eps=0 rep=5/10: frame progress 3510/11702 (30.0%)
[2026-03-21 23:30:14] eps=0 rep=1/10: frame progress 3474/11588 (30.0%)
[2026-03-21 23:30:28] eps=0 rep=9/10: frame progress 3492/11640 (30.0%)
[2026-03-21 23:30:46] eps=0 rep=4/10: frame progress 3513/11710 (30.0%)
[2026-03-21 23:30:49] eps=0 rep=2/10: frame progress 3522/11744 (30.0%)
[2026-03-21 23:37:45] eps=6 rep=8/10: frame progress 3120/6248 (49.9%)
[2026-03-21 23:38:05] eps=6 rep=9/10: frame progress 3140/6288 (49.9%)
[2026-03-21 23:38:33] eps=6 rep=4/10: frame progress 3170/6342 (50.0%)
[2026-03-21 23:38:36] eps=12 rep=2/9: frame progress 2536/6344 (40.0%)
[2026-03-21 23:38:38] eps=6 rep=3/10: frame progress 3165/6333 (50.0%)
[2026-03-21 23:38:48] eps=12 rep=1/9: frame progress 2536/6349 (39.9%)
[2026-03-21 23:38:49] eps=12 rep=7/9: frame progress 2548/6378 (39.9%)
[2026-03-21 23:38:55] eps=6 rep=7/10: frame progress 3175/6351 (50.0%)
[2026-03-21 23:39:04] eps=12 rep=4/9: frame progress 2552/6384 (40.0%)
[2026-03-21 23:39:27] eps=6 rep=5/10: frame progress 3135/6272 (50.0%)
[2026-03-21 23:39:42] eps=12 rep=3/9: frame progress 2512/6286 (40.0%)
[2026-03-21 23:39:43] eps=6 rep=10/10: frame progress 3145/6296 (50.0%)
[2026-03-21 23:39:49] eps=6 rep=6/10: frame progress 3155/6318 (49.9%)
[2026-03-21 23:39:50] eps=6 rep=1/10: frame progress 3160/6324 (50.0%)
[2026-03-21 23:39:54] eps=12 rep=8/9: frame progress 2524/6312 (40.0%)
[2026-03-21 23:40:12] eps=12 rep=9/9: frame progress 2540/6352 (40.0%)
[2026-03-21 23:40:19] eps=6 rep=2/10: frame progress 3180/6360 (50.0%)
[2026-03-21 23:40:25] eps=12 rep=5/9: frame progress 2544/6361 (40.0%)
[2026-03-21 23:40:26] eps=12 rep=6/9: frame progress 2544/6362 (40.0%)
[2026-03-21 23:43:14] eps=0 rep=6/10: frame progress 4592/11489 (40.0%)
[2026-03-21 23:43:19] eps=0 rep=10/10: frame progress 4592/11485 (40.0%)
[2026-03-21 23:44:02] eps=0 rep=3/10: frame progress 4628/11572 (40.0%)
[2026-03-21 23:44:11] eps=0 rep=7/10: frame progress 4640/11603 (40.0%)
[2026-03-21 23:44:23] eps=15 rep=4/10: frame progress 1896/6326 (30.0%)
[2026-03-21 23:44:27] eps=15 rep=5/10: frame progress 1896/6326 (30.0%)
[2026-03-21 23:44:32] eps=0 rep=8/10: frame progress 4616/11543 (40.0%)
[2026-03-21 23:44:40] eps=0 rep=5/10: frame progress 4680/11702 (40.0%)
[2026-03-21 23:44:45] eps=0 rep=1/10: frame progress 4632/11588 (40.0%)
[2026-03-21 23:45:04] eps=15 rep=2/10: frame progress 1911/6374 (30.0%)
[2026-03-21 23:45:08] eps=15 rep=6/10: frame progress 1908/6369 (30.0%)
[2026-03-21 23:45:11] eps=0 rep=9/10: frame progress 4656/11640 (40.0%)
[2026-03-21 23:45:40] eps=0 rep=2/10: frame progress 4696/11744 (40.0%)
[2026-03-21 23:45:40] eps=0 rep=4/10: frame progress 4684/11710 (40.0%)
[2026-03-21 23:46:17] eps=15 rep=8/10: frame progress 1899/6337 (30.0%)
[2026-03-21 23:46:27] eps=15 rep=3/10: frame progress 1902/6343 (30.0%)
[2026-03-21 23:46:32] eps=15 rep=7/10: frame progress 1908/6365 (30.0%)
[2026-03-21 23:46:49] eps=15 rep=10/10: frame progress 1911/6373 (30.0%)
[2026-03-21 23:46:53] eps=15 rep=1/10: frame progress 1911/6377 (30.0%)
[2026-03-21 23:47:05] eps=15 rep=9/10: frame progress 1914/6380 (30.0%)
[2026-03-21 23:49:43] eps=6 rep=8/10: frame progress 3744/6248 (59.9%)
[2026-03-21 23:50:06] eps=6 rep=9/10: frame progress 3768/6288 (59.9%)
[2026-03-21 23:50:33] eps=6 rep=4/10: frame progress 3804/6342 (60.0%)
[2026-03-21 23:50:53] eps=6 rep=3/10: frame progress 3798/6333 (60.0%)
[2026-03-21 23:50:57] eps=18 rep=6/10: frame progress 1884/6287 (30.0%)
[2026-03-21 23:51:03] eps=6 rep=7/10: frame progress 3810/6351 (60.0%)
[2026-03-21 23:51:07] eps=18 rep=4/10: frame progress 1884/6285 (30.0%)
[2026-03-21 23:51:11] eps=18 rep=3/10: frame progress 1887/6291 (30.0%)
[2026-03-21T23:51:28.538] error: *** JOB 2312058 ON tiger-i05g12 CANCELLED AT 2026-03-21T23:51:28 DUE to SIGNAL Terminated ***
