[2026-03-01 16:55:21] Step 1/8: Purging modules
[2026-03-01 16:55:21] Step 2/8: Sourcing ~/.bashrc
[2026-03-01 16:55:22] Step 3/8: Loading anaconda module
[2026-03-01 16:55:22] Step 4/8: Activating conda environment
[2026-03-01 16:55:23] Step 5/8: Changing directory to /scratch/gpfs/WEBB/chertok/REACTIVELJ_PAPER/simulation_package/melt
[2026-03-01 16:55:23] Step 6/8: Ensuring logs directory exists
[2026-03-01 16:55:23] Step 7/8: Starting trajectory analysis
[2026-03-01 16:55:25] Scanning trajectories under /scratch/gpfs/WEBB/chertok/REACTIVELJ_PAPER/simulation_package/melt/data_generation/outputs
[2026-03-01 16:55:25] Discovered 59 trajectory/metadata pairs
[2026-03-01 16:55:25] Grouped runs into 6 epsilon values
[2026-03-01 16:55:25] Queueing epsilon group 1/6: eps=3, replicates=10
[2026-03-01 16:55:25] Queueing epsilon group 2/6: eps=6, replicates=10
[2026-03-01 16:55:25] Queueing epsilon group 3/6: eps=9, replicates=10
[2026-03-01 16:55:25] Queueing epsilon group 4/6: eps=12, replicates=9
[2026-03-01 16:55:25] Queueing epsilon group 5/6: eps=15, replicates=10
[2026-03-01 16:55:25] Queueing epsilon group 6/6: eps=18, replicates=10
[2026-03-01 16:55:25] Starting parallel analysis with 16 workers on 59 runs
[2026-03-01 16:55:25] eps=3 rep=1/10: start (eps_3/rep_004/trajectory.gsd)
[2026-03-01 16:55:25] eps=3 rep=2/10: start (eps_3/rep_003/trajectory.gsd)
[2026-03-01 16:55:25] eps=3 rep=6/10: start (eps_3/rep_010/trajectory.gsd)
[2026-03-01 16:55:25] eps=3 rep=3/10: start (eps_3/rep_007/trajectory.gsd)
[2026-03-01 16:55:25] eps=3 rep=4/10: start (eps_3/rep_006/trajectory.gsd)
[2026-03-01 16:55:25] eps=3 rep=5/10: start (eps_3/rep_005/trajectory.gsd)
[2026-03-01 16:55:25] eps=3 rep=8/10: start (eps_3/rep_008/trajectory.gsd)
[2026-03-01 16:55:25] eps=3 rep=7/10: start (eps_3/rep_009/trajectory.gsd)
[2026-03-01 16:55:25] eps=3 rep=10/10: start (eps_3/rep_001/trajectory.gsd)
[2026-03-01 16:55:25] eps=6 rep=3/10: start (eps_6/rep_007/trajectory.gsd)
[2026-03-01 16:55:25] eps=3 rep=9/10: start (eps_3/rep_002/trajectory.gsd)
[2026-03-01 16:55:25] eps=6 rep=2/10: start (eps_6/rep_003/trajectory.gsd)
[2026-03-01 16:55:25] eps=6 rep=1/10: start (eps_6/rep_004/trajectory.gsd)
[2026-03-01 16:55:25] eps=6 rep=4/10: start (eps_6/rep_006/trajectory.gsd)
[2026-03-01 16:55:25] eps=6 rep=5/10: start (eps_6/rep_005/trajectory.gsd)
[2026-03-01 16:55:25] eps=6 rep=6/10: start (eps_6/rep_010/trajectory.gsd)
[2026-03-01 16:55:28] eps=3 rep=2/10: frame progress 10/100 (10.0%)
[2026-03-01 16:55:28] eps=3 rep=3/10: frame progress 10/100 (10.0%)
[2026-03-01 16:55:28] eps=6 rep=1/10: frame progress 10/100 (10.0%)
[2026-03-01 16:55:28] eps=3 rep=7/10: frame progress 10/100 (10.0%)
[2026-03-01 16:55:28] eps=3 rep=1/10: frame progress 10/100 (10.0%)
[2026-03-01 16:55:28] eps=3 rep=9/10: frame progress 10/100 (10.0%)
[2026-03-01 16:55:28] eps=3 rep=8/10: frame progress 10/100 (10.0%)
[2026-03-01 16:55:28] eps=6 rep=6/10: frame progress 10/100 (10.0%)
[2026-03-01 16:55:28] eps=6 rep=2/10: frame progress 10/100 (10.0%)
[2026-03-01 16:55:28] eps=3 rep=10/10: frame progress 10/100 (10.0%)
[2026-03-01 16:55:28] eps=3 rep=4/10: frame progress 10/100 (10.0%)
[2026-03-01 16:55:28] eps=3 rep=6/10: frame progress 10/100 (10.0%)
[2026-03-01 16:55:28] eps=3 rep=5/10: frame progress 10/100 (10.0%)
[2026-03-01 16:55:28] eps=6 rep=3/10: frame progress 10/100 (10.0%)
[2026-03-01 16:55:28] eps=6 rep=5/10: frame progress 10/100 (10.0%)
[2026-03-01 16:55:29] eps=6 rep=4/10: frame progress 10/100 (10.0%)
[2026-03-01 16:55:31] eps=3 rep=3/10: frame progress 20/100 (20.0%)
[2026-03-01 16:55:31] eps=3 rep=2/10: frame progress 20/100 (20.0%)
[2026-03-01 16:55:31] eps=3 rep=7/10: frame progress 20/100 (20.0%)
[2026-03-01 16:55:31] eps=3 rep=1/10: frame progress 20/100 (20.0%)
[2026-03-01 16:55:31] eps=3 rep=8/10: frame progress 20/100 (20.0%)
[2026-03-01 16:55:31] eps=3 rep=10/10: frame progress 20/100 (20.0%)
[2026-03-01 16:55:31] eps=3 rep=6/10: frame progress 20/100 (20.0%)
[2026-03-01 16:55:31] eps=3 rep=5/10: frame progress 20/100 (20.0%)
[2026-03-01 16:55:31] eps=3 rep=4/10: frame progress 20/100 (20.0%)
[2026-03-01 16:55:31] eps=6 rep=1/10: frame progress 20/100 (20.0%)
[2026-03-01 16:55:31] eps=3 rep=9/10: frame progress 20/100 (20.0%)
[2026-03-01 16:55:31] eps=6 rep=2/10: frame progress 20/100 (20.0%)
[2026-03-01 16:55:31] eps=6 rep=6/10: frame progress 20/100 (20.0%)
[2026-03-01 16:55:31] eps=6 rep=3/10: frame progress 20/100 (20.0%)
[2026-03-01 16:55:31] eps=6 rep=5/10: frame progress 20/100 (20.0%)
[2026-03-01 16:55:31] eps=6 rep=4/10: frame progress 20/100 (20.0%)
[2026-03-01 16:55:34] eps=3 rep=7/10: frame progress 30/100 (30.0%)
[2026-03-01 16:55:34] eps=3 rep=3/10: frame progress 30/100 (30.0%)
[2026-03-01 16:55:34] eps=3 rep=1/10: frame progress 30/100 (30.0%)
[2026-03-01 16:55:34] eps=3 rep=2/10: frame progress 30/100 (30.0%)
[2026-03-01 16:55:34] eps=3 rep=5/10: frame progress 30/100 (30.0%)
[2026-03-01 16:55:34] eps=3 rep=10/10: frame progress 30/100 (30.0%)
[2026-03-01 16:55:34] eps=3 rep=4/10: frame progress 30/100 (30.0%)
[2026-03-01 16:55:34] eps=3 rep=6/10: frame progress 30/100 (30.0%)
[2026-03-01 16:55:34] eps=3 rep=8/10: frame progress 30/100 (30.0%)
[2026-03-01 16:55:34] eps=6 rep=1/10: frame progress 30/100 (30.0%)
[2026-03-01 16:55:34] eps=3 rep=9/10: frame progress 30/100 (30.0%)
[2026-03-01 16:55:34] eps=6 rep=2/10: frame progress 30/100 (30.0%)
[2026-03-01 16:55:34] eps=6 rep=6/10: frame progress 30/100 (30.0%)
[2026-03-01 16:55:34] eps=6 rep=3/10: frame progress 30/100 (30.0%)
[2026-03-01 16:55:34] eps=6 rep=5/10: frame progress 30/100 (30.0%)
[2026-03-01 16:55:34] eps=6 rep=4/10: frame progress 30/100 (30.0%)
[2026-03-01 16:55:37] eps=3 rep=7/10: frame progress 40/100 (40.0%)
[2026-03-01 16:55:37] eps=3 rep=1/10: frame progress 40/100 (40.0%)
[2026-03-01 16:55:37] eps=3 rep=3/10: frame progress 40/100 (40.0%)
[2026-03-01 16:55:37] eps=3 rep=5/10: frame progress 40/100 (40.0%)
[2026-03-01 16:55:37] eps=3 rep=2/10: frame progress 40/100 (40.0%)
[2026-03-01 16:55:37] eps=3 rep=6/10: frame progress 40/100 (40.0%)
[2026-03-01 16:55:37] eps=3 rep=10/10: frame progress 40/100 (40.0%)
[2026-03-01 16:55:37] eps=3 rep=4/10: frame progress 40/100 (40.0%)
[2026-03-01 16:55:37] eps=3 rep=8/10: frame progress 40/100 (40.0%)
[2026-03-01 16:55:37] eps=3 rep=9/10: frame progress 40/100 (40.0%)
[2026-03-01 16:55:37] eps=6 rep=1/10: frame progress 40/100 (40.0%)
[2026-03-01 16:55:37] eps=6 rep=2/10: frame progress 40/100 (40.0%)
[2026-03-01 16:55:37] eps=6 rep=3/10: frame progress 40/100 (40.0%)
[2026-03-01 16:55:37] eps=6 rep=6/10: frame progress 40/100 (40.0%)
[2026-03-01 16:55:37] eps=6 rep=5/10: frame progress 40/100 (40.0%)
[2026-03-01 16:55:37] eps=6 rep=4/10: frame progress 40/100 (40.0%)
[2026-03-01 16:55:39] eps=3 rep=7/10: frame progress 50/100 (50.0%)
[2026-03-01 16:55:39] eps=3 rep=1/10: frame progress 50/100 (50.0%)
[2026-03-01 16:55:39] eps=3 rep=3/10: frame progress 50/100 (50.0%)
[2026-03-01 16:55:39] eps=3 rep=5/10: frame progress 50/100 (50.0%)
[2026-03-01 16:55:40] eps=3 rep=6/10: frame progress 50/100 (50.0%)
[2026-03-01 16:55:40] eps=3 rep=10/10: frame progress 50/100 (50.0%)
[2026-03-01 16:55:40] eps=3 rep=4/10: frame progress 50/100 (50.0%)
[2026-03-01 16:55:40] eps=3 rep=2/10: frame progress 50/100 (50.0%)
[2026-03-01 16:55:40] eps=3 rep=8/10: frame progress 50/100 (50.0%)
[2026-03-01 16:55:40] eps=3 rep=9/10: frame progress 50/100 (50.0%)
[2026-03-01 16:55:40] eps=6 rep=1/10: frame progress 50/100 (50.0%)
[2026-03-01 16:55:40] eps=6 rep=2/10: frame progress 50/100 (50.0%)
[2026-03-01 16:55:40] eps=6 rep=3/10: frame progress 50/100 (50.0%)
[2026-03-01 16:55:40] eps=6 rep=6/10: frame progress 50/100 (50.0%)
[2026-03-01 16:55:40] eps=6 rep=5/10: frame progress 50/100 (50.0%)
[2026-03-01 16:55:40] eps=6 rep=4/10: frame progress 50/100 (50.0%)
[2026-03-01 16:55:42] eps=3 rep=7/10: frame progress 60/100 (60.0%)
[2026-03-01 16:55:42] eps=3 rep=1/10: frame progress 60/100 (60.0%)
[2026-03-01 16:55:42] eps=3 rep=5/10: frame progress 60/100 (60.0%)
[2026-03-01 16:55:42] eps=3 rep=3/10: frame progress 60/100 (60.0%)
[2026-03-01 16:55:42] eps=3 rep=6/10: frame progress 60/100 (60.0%)
[2026-03-01 16:55:42] eps=3 rep=4/10: frame progress 60/100 (60.0%)
[2026-03-01 16:55:42] eps=3 rep=10/10: frame progress 60/100 (60.0%)
[2026-03-01 16:55:42] eps=3 rep=2/10: frame progress 60/100 (60.0%)
[2026-03-01 16:55:42] eps=3 rep=8/10: frame progress 60/100 (60.0%)
[2026-03-01 16:55:43] eps=3 rep=9/10: frame progress 60/100 (60.0%)
[2026-03-01 16:55:43] eps=6 rep=1/10: frame progress 60/100 (60.0%)
[2026-03-01 16:55:43] eps=6 rep=2/10: frame progress 60/100 (60.0%)
[2026-03-01 16:55:43] eps=6 rep=3/10: frame progress 60/100 (60.0%)
[2026-03-01 16:55:43] eps=6 rep=6/10: frame progress 60/100 (60.0%)
[2026-03-01 16:55:43] eps=6 rep=5/10: frame progress 60/100 (60.0%)
[2026-03-01 16:55:43] eps=6 rep=4/10: frame progress 60/100 (60.0%)
[2026-03-01 16:55:45] eps=3 rep=7/10: frame progress 70/100 (70.0%)
[2026-03-01 16:55:45] eps=3 rep=1/10: frame progress 70/100 (70.0%)
[2026-03-01 16:55:45] eps=3 rep=5/10: frame progress 70/100 (70.0%)
[2026-03-01 16:55:45] eps=3 rep=3/10: frame progress 70/100 (70.0%)
[2026-03-01 16:55:45] eps=3 rep=6/10: frame progress 70/100 (70.0%)
[2026-03-01 16:55:45] eps=3 rep=4/10: frame progress 70/100 (70.0%)
[2026-03-01 16:55:45] eps=3 rep=10/10: frame progress 70/100 (70.0%)
[2026-03-01 16:55:45] eps=3 rep=2/10: frame progress 70/100 (70.0%)
[2026-03-01 16:55:45] eps=3 rep=8/10: frame progress 70/100 (70.0%)
[2026-03-01 16:55:46] eps=3 rep=9/10: frame progress 70/100 (70.0%)
[2026-03-01 16:55:46] eps=6 rep=1/10: frame progress 70/100 (70.0%)
[2026-03-01 16:55:46] eps=6 rep=2/10: frame progress 70/100 (70.0%)
[2026-03-01 16:55:46] eps=6 rep=3/10: frame progress 70/100 (70.0%)
[2026-03-01 16:55:46] eps=6 rep=5/10: frame progress 70/100 (70.0%)
[2026-03-01 16:55:46] eps=6 rep=6/10: frame progress 70/100 (70.0%)
[2026-03-01 16:55:46] eps=6 rep=4/10: frame progress 70/100 (70.0%)
[2026-03-01 16:55:48] eps=3 rep=7/10: frame progress 80/100 (80.0%)
[2026-03-01 16:55:48] eps=3 rep=5/10: frame progress 80/100 (80.0%)
[2026-03-01 16:55:48] eps=3 rep=1/10: frame progress 80/100 (80.0%)
[2026-03-01 16:55:48] eps=3 rep=6/10: frame progress 80/100 (80.0%)
[2026-03-01 16:55:48] eps=3 rep=3/10: frame progress 80/100 (80.0%)
[2026-03-01 16:55:48] eps=3 rep=4/10: frame progress 80/100 (80.0%)
[2026-03-01 16:55:48] eps=3 rep=10/10: frame progress 80/100 (80.0%)
[2026-03-01 16:55:48] eps=3 rep=2/10: frame progress 80/100 (80.0%)
[2026-03-01 16:55:48] eps=3 rep=8/10: frame progress 80/100 (80.0%)
[2026-03-01 16:55:49] eps=3 rep=9/10: frame progress 80/100 (80.0%)
[2026-03-01 16:55:49] eps=6 rep=1/10: frame progress 80/100 (80.0%)
[2026-03-01 16:55:49] eps=6 rep=2/10: frame progress 80/100 (80.0%)
[2026-03-01 16:55:49] eps=6 rep=3/10: frame progress 80/100 (80.0%)
[2026-03-01 16:55:49] eps=6 rep=5/10: frame progress 80/100 (80.0%)
[2026-03-01 16:55:49] eps=6 rep=6/10: frame progress 80/100 (80.0%)
[2026-03-01 16:55:49] eps=6 rep=4/10: frame progress 80/100 (80.0%)
[2026-03-01 16:55:51] eps=3 rep=7/10: frame progress 90/100 (90.0%)
[2026-03-01 16:55:51] eps=3 rep=5/10: frame progress 90/100 (90.0%)
[2026-03-01 16:55:51] eps=3 rep=1/10: frame progress 90/100 (90.0%)
[2026-03-01 16:55:51] eps=3 rep=6/10: frame progress 90/100 (90.0%)
[2026-03-01 16:55:51] eps=3 rep=3/10: frame progress 90/100 (90.0%)
[2026-03-01 16:55:51] eps=3 rep=4/10: frame progress 90/100 (90.0%)
[2026-03-01 16:55:51] eps=3 rep=10/10: frame progress 90/100 (90.0%)
[2026-03-01 16:55:51] eps=3 rep=2/10: frame progress 90/100 (90.0%)
[2026-03-01 16:55:51] eps=3 rep=8/10: frame progress 90/100 (90.0%)
[2026-03-01 16:55:52] eps=3 rep=9/10: frame progress 90/100 (90.0%)
[2026-03-01 16:55:52] eps=6 rep=1/10: frame progress 90/100 (90.0%)
[2026-03-01 16:55:52] eps=6 rep=2/10: frame progress 90/100 (90.0%)
[2026-03-01 16:55:52] eps=6 rep=3/10: frame progress 90/100 (90.0%)
[2026-03-01 16:55:52] eps=6 rep=5/10: frame progress 90/100 (90.0%)
[2026-03-01 16:55:52] eps=6 rep=6/10: frame progress 90/100 (90.0%)
[2026-03-01 16:55:53] eps=6 rep=4/10: frame progress 90/100 (90.0%)
[2026-03-01 16:55:54] eps=3 rep=7/10: frame progress 100/100 (100.0%)
[2026-03-01 16:55:54] eps=3 rep=5/10: frame progress 100/100 (100.0%)
[2026-03-01 16:55:54] eps=3 rep=1/10: frame progress 100/100 (100.0%)
[2026-03-01 16:55:54] eps=3 rep=6/10: frame progress 100/100 (100.0%)
[2026-03-01 16:55:54] eps=3 rep=3/10: frame progress 100/100 (100.0%)
[2026-03-01 16:55:54] eps=3 rep=4/10: frame progress 100/100 (100.0%)
[2026-03-01 16:55:54] eps=3 rep=10/10: frame progress 100/100 (100.0%)
[2026-03-01 16:55:54] eps=3 rep=2/10: frame progress 100/100 (100.0%)
[2026-03-01 16:55:54] eps=3 rep=8/10: frame progress 100/100 (100.0%)
[2026-03-01 16:55:54] eps=3 rep=7/10: done
[2026-03-01 16:55:54] eps=6 rep=7/10: start (eps_6/rep_009/trajectory.gsd)
[2026-03-01 16:55:54] eps=3 rep=5/10: done
[2026-03-01 16:55:54] eps=6 rep=8/10: start (eps_6/rep_008/trajectory.gsd)
[2026-03-01 16:55:54] eps=3 rep=1/10: done
[2026-03-01 16:55:55] eps=6 rep=9/10: start (eps_6/rep_002/trajectory.gsd)
[2026-03-01 16:55:55] eps=3 rep=6/10: done
[2026-03-01 16:55:55] eps=6 rep=10/10: start (eps_6/rep_001/trajectory.gsd)
[2026-03-01 16:55:55] eps=3 rep=3/10: done
[2026-03-01 16:55:55] eps=9 rep=1/10: start (eps_9/rep_004/trajectory.gsd)
[2026-03-01 16:55:55] eps=3 rep=4/10: done
[2026-03-01 16:55:55] eps=3 rep=9/10: frame progress 100/100 (100.0%)
[2026-03-01 16:55:55] eps=9 rep=2/10: start (eps_9/rep_003/trajectory.gsd)
[2026-03-01 16:55:55] eps=3 rep=10/10: done
[2026-03-01 16:55:55] eps=9 rep=3/10: start (eps_9/rep_007/trajectory.gsd)
[2026-03-01 16:55:55] eps=3 rep=2/10: done
[2026-03-01 16:55:55] eps=9 rep=4/10: start (eps_9/rep_006/trajectory.gsd)
[2026-03-01 16:55:55] eps=6 rep=2/10: frame progress 100/100 (100.0%)
[2026-03-01 16:55:55] eps=3 rep=8/10: done
[2026-03-01 16:55:55] eps=6 rep=1/10: frame progress 100/100 (100.0%)
[2026-03-01 16:55:55] eps=9 rep=5/10: start (eps_9/rep_005/trajectory.gsd)
[2026-03-01 16:55:55] eps=6 rep=3/10: frame progress 100/100 (100.0%)
[2026-03-01 16:55:55] eps=6 rep=5/10: frame progress 100/100 (100.0%)
[2026-03-01 16:55:55] eps=6 rep=6/10: frame progress 100/100 (100.0%)
[2026-03-01 16:55:55] eps=3 rep=9/10: done
[2026-03-01 16:55:55] eps=9 rep=6/10: start (eps_9/rep_010/trajectory.gsd)
[2026-03-01 16:55:55] eps=6 rep=2/10: done
[2026-03-01 16:55:55] eps=6 rep=1/10: done
[2026-03-01 16:55:55] eps=9 rep=7/10: start (eps_9/rep_009/trajectory.gsd)
[2026-03-01 16:55:55] eps=9 rep=8/10: start (eps_9/rep_008/trajectory.gsd)
[2026-03-01 16:55:56] eps=6 rep=3/10: done
[2026-03-01 16:55:56] eps=9 rep=9/10: start (eps_9/rep_002/trajectory.gsd)
[2026-03-01 16:55:56] eps=6 rep=5/10: done
[2026-03-01 16:55:56] eps=6 rep=4/10: frame progress 100/100 (100.0%)
[2026-03-01 16:55:56] eps=9 rep=10/10: start (eps_9/rep_001/trajectory.gsd)
[2026-03-01 16:55:56] eps=6 rep=6/10: done
[2026-03-01 16:55:56] eps=12 rep=1/9: start (eps_12/rep_004/trajectory.gsd)
[2026-03-01 16:55:56] eps=6 rep=4/10: done
[2026-03-01 16:55:56] eps=12 rep=2/9: start (eps_12/rep_003/trajectory.gsd)
[2026-03-01 16:55:58] eps=6 rep=7/10: frame progress 10/100 (10.0%)
[2026-03-01 16:55:58] eps=6 rep=8/10: frame progress 10/100 (10.0%)
[2026-03-01 16:55:58] eps=6 rep=10/10: frame progress 10/100 (10.0%)
[2026-03-01 16:55:58] eps=6 rep=9/10: frame progress 10/100 (10.0%)
[2026-03-01 16:55:58] eps=9 rep=1/10: frame progress 10/100 (10.0%)
[2026-03-01 16:55:58] eps=9 rep=3/10: frame progress 10/100 (10.0%)
[2026-03-01 16:55:58] eps=9 rep=2/10: frame progress 10/100 (10.0%)
[2026-03-01 16:55:58] eps=9 rep=4/10: frame progress 10/100 (10.0%)
[2026-03-01 16:55:58] eps=9 rep=5/10: frame progress 10/100 (10.0%)
[2026-03-01 16:55:59] eps=9 rep=7/10: frame progress 10/100 (10.0%)
[2026-03-01 16:55:59] eps=9 rep=6/10: frame progress 10/100 (10.0%)
[2026-03-01 16:55:59] eps=9 rep=8/10: frame progress 10/100 (10.0%)
[2026-03-01 16:55:59] eps=12 rep=1/9: frame progress 10/100 (10.0%)
[2026-03-01 16:55:59] eps=9 rep=10/10: frame progress 10/100 (10.0%)
[2026-03-01 16:55:59] eps=9 rep=9/10: frame progress 10/100 (10.0%)
[2026-03-01 16:55:59] eps=12 rep=2/9: frame progress 10/100 (10.0%)
[2026-03-01 16:56:00] eps=6 rep=7/10: frame progress 20/100 (20.0%)
[2026-03-01 16:56:00] eps=6 rep=8/10: frame progress 20/100 (20.0%)
[2026-03-01 16:56:01] eps=6 rep=10/10: frame progress 20/100 (20.0%)
[2026-03-01 16:56:01] eps=6 rep=9/10: frame progress 20/100 (20.0%)
[2026-03-01 16:56:01] eps=9 rep=3/10: frame progress 20/100 (20.0%)
[2026-03-01 16:56:01] eps=9 rep=1/10: frame progress 20/100 (20.0%)
[2026-03-01 16:56:01] eps=9 rep=2/10: frame progress 20/100 (20.0%)
[2026-03-01 16:56:01] eps=9 rep=4/10: frame progress 20/100 (20.0%)
[2026-03-01 16:56:01] eps=9 rep=5/10: frame progress 20/100 (20.0%)
[2026-03-01 16:56:02] eps=9 rep=7/10: frame progress 20/100 (20.0%)
[2026-03-01 16:56:02] eps=9 rep=8/10: frame progress 20/100 (20.0%)
[2026-03-01 16:56:02] eps=9 rep=6/10: frame progress 20/100 (20.0%)
[2026-03-01 16:56:02] eps=9 rep=10/10: frame progress 20/100 (20.0%)
[2026-03-01 16:56:02] eps=9 rep=9/10: frame progress 20/100 (20.0%)
[2026-03-01 16:56:02] eps=12 rep=1/9: frame progress 20/100 (20.0%)
[2026-03-01 16:56:03] eps=12 rep=2/9: frame progress 20/100 (20.0%)
[2026-03-01 16:56:03] eps=6 rep=7/10: frame progress 30/100 (30.0%)
[2026-03-01 16:56:03] eps=6 rep=8/10: frame progress 30/100 (30.0%)
[2026-03-01 16:56:03] eps=6 rep=10/10: frame progress 30/100 (30.0%)
[2026-03-01 16:56:03] eps=6 rep=9/10: frame progress 30/100 (30.0%)
[2026-03-01 16:56:04] eps=9 rep=3/10: frame progress 30/100 (30.0%)
[2026-03-01 16:56:04] eps=9 rep=1/10: frame progress 30/100 (30.0%)
[2026-03-01 16:56:04] eps=9 rep=2/10: frame progress 30/100 (30.0%)
[2026-03-01 16:56:04] eps=9 rep=4/10: frame progress 30/100 (30.0%)
[2026-03-01 16:56:04] eps=9 rep=5/10: frame progress 30/100 (30.0%)
[2026-03-01 16:56:05] eps=9 rep=7/10: frame progress 30/100 (30.0%)
[2026-03-01 16:56:05] eps=9 rep=8/10: frame progress 30/100 (30.0%)
[2026-03-01 16:56:05] eps=9 rep=6/10: frame progress 30/100 (30.0%)
[2026-03-01 16:56:05] eps=9 rep=9/10: frame progress 30/100 (30.0%)
[2026-03-01 16:56:05] eps=9 rep=10/10: frame progress 30/100 (30.0%)
[2026-03-01 16:56:05] eps=12 rep=1/9: frame progress 30/100 (30.0%)
[2026-03-01 16:56:06] eps=12 rep=2/9: frame progress 30/100 (30.0%)
[2026-03-01 16:56:06] eps=6 rep=7/10: frame progress 40/100 (40.0%)
[2026-03-01 16:56:06] eps=6 rep=8/10: frame progress 40/100 (40.0%)
[2026-03-01 16:56:06] eps=6 rep=10/10: frame progress 40/100 (40.0%)
[2026-03-01 16:56:06] eps=6 rep=9/10: frame progress 40/100 (40.0%)
[2026-03-01 16:56:07] eps=9 rep=3/10: frame progress 40/100 (40.0%)
[2026-03-01 16:56:07] eps=9 rep=1/10: frame progress 40/100 (40.0%)
[2026-03-01 16:56:07] eps=9 rep=2/10: frame progress 40/100 (40.0%)
[2026-03-01 16:56:07] eps=9 rep=4/10: frame progress 40/100 (40.0%)
[2026-03-01 16:56:07] eps=9 rep=5/10: frame progress 40/100 (40.0%)
[2026-03-01 16:56:08] eps=9 rep=7/10: frame progress 40/100 (40.0%)
[2026-03-01 16:56:08] eps=9 rep=8/10: frame progress 40/100 (40.0%)
[2026-03-01 16:56:08] eps=9 rep=6/10: frame progress 40/100 (40.0%)
[2026-03-01 16:56:08] eps=9 rep=9/10: frame progress 40/100 (40.0%)
[2026-03-01 16:56:08] eps=9 rep=10/10: frame progress 40/100 (40.0%)
[2026-03-01 16:56:08] eps=12 rep=1/9: frame progress 40/100 (40.0%)
[2026-03-01 16:56:09] eps=12 rep=2/9: frame progress 40/100 (40.0%)
[2026-03-01 16:56:09] eps=6 rep=7/10: frame progress 50/100 (50.0%)
[2026-03-01 16:56:09] eps=6 rep=8/10: frame progress 50/100 (50.0%)
[2026-03-01 16:56:09] eps=6 rep=10/10: frame progress 50/100 (50.0%)
[2026-03-01 16:56:09] eps=6 rep=9/10: frame progress 50/100 (50.0%)
[2026-03-01 16:56:10] eps=9 rep=3/10: frame progress 50/100 (50.0%)
[2026-03-01 16:56:10] eps=9 rep=1/10: frame progress 50/100 (50.0%)
[2026-03-01 16:56:10] eps=9 rep=2/10: frame progress 50/100 (50.0%)
[2026-03-01 16:56:10] eps=9 rep=4/10: frame progress 50/100 (50.0%)
[2026-03-01 16:56:10] eps=9 rep=5/10: frame progress 50/100 (50.0%)
[2026-03-01 16:56:11] eps=9 rep=7/10: frame progress 50/100 (50.0%)
[2026-03-01 16:56:11] eps=9 rep=8/10: frame progress 50/100 (50.0%)
[2026-03-01 16:56:11] eps=9 rep=6/10: frame progress 50/100 (50.0%)
[2026-03-01 16:56:11] eps=9 rep=9/10: frame progress 50/100 (50.0%)
[2026-03-01 16:56:11] eps=9 rep=10/10: frame progress 50/100 (50.0%)
[2026-03-01 16:56:12] eps=12 rep=1/9: frame progress 50/100 (50.0%)
[2026-03-01 16:56:12] eps=6 rep=7/10: frame progress 60/100 (60.0%)
[2026-03-01 16:56:12] eps=6 rep=8/10: frame progress 60/100 (60.0%)
[2026-03-01 16:56:12] eps=6 rep=10/10: frame progress 60/100 (60.0%)
[2026-03-01 16:56:12] eps=12 rep=2/9: frame progress 50/100 (50.0%)
[2026-03-01 16:56:12] eps=6 rep=9/10: frame progress 60/100 (60.0%)
[2026-03-01 16:56:13] eps=9 rep=3/10: frame progress 60/100 (60.0%)
[2026-03-01 16:56:13] eps=9 rep=2/10: frame progress 60/100 (60.0%)
[2026-03-01 16:56:13] eps=9 rep=1/10: frame progress 60/100 (60.0%)
[2026-03-01 16:56:14] eps=9 rep=4/10: frame progress 60/100 (60.0%)
[2026-03-01 16:56:14] eps=9 rep=5/10: frame progress 60/100 (60.0%)
[2026-03-01 16:56:14] eps=9 rep=7/10: frame progress 60/100 (60.0%)
[2026-03-01 16:56:14] eps=9 rep=8/10: frame progress 60/100 (60.0%)
[2026-03-01 16:56:14] eps=9 rep=9/10: frame progress 60/100 (60.0%)
[2026-03-01 16:56:14] eps=9 rep=10/10: frame progress 60/100 (60.0%)
[2026-03-01 16:56:14] eps=9 rep=6/10: frame progress 60/100 (60.0%)
[2026-03-01 16:56:15] eps=12 rep=1/9: frame progress 60/100 (60.0%)
[2026-03-01 16:56:15] eps=6 rep=7/10: frame progress 70/100 (70.0%)
[2026-03-01 16:56:15] eps=6 rep=8/10: frame progress 70/100 (70.0%)
[2026-03-01 16:56:15] eps=6 rep=10/10: frame progress 70/100 (70.0%)
[2026-03-01 16:56:15] eps=6 rep=9/10: frame progress 70/100 (70.0%)
[2026-03-01 16:56:16] eps=12 rep=2/9: frame progress 60/100 (60.0%)
[2026-03-01 16:56:16] eps=9 rep=3/10: frame progress 70/100 (70.0%)
[2026-03-01 16:56:16] eps=9 rep=2/10: frame progress 70/100 (70.0%)
[2026-03-01 16:56:16] eps=9 rep=1/10: frame progress 70/100 (70.0%)
[2026-03-01 16:56:17] eps=9 rep=4/10: frame progress 70/100 (70.0%)
[2026-03-01 16:56:17] eps=9 rep=5/10: frame progress 70/100 (70.0%)
[2026-03-01 16:56:17] eps=9 rep=7/10: frame progress 70/100 (70.0%)
[2026-03-01 16:56:17] eps=9 rep=8/10: frame progress 70/100 (70.0%)
[2026-03-01 16:56:17] eps=9 rep=9/10: frame progress 70/100 (70.0%)
[2026-03-01 16:56:17] eps=9 rep=10/10: frame progress 70/100 (70.0%)
[2026-03-01 16:56:18] eps=9 rep=6/10: frame progress 70/100 (70.0%)
[2026-03-01 16:56:18] eps=6 rep=7/10: frame progress 80/100 (80.0%)
[2026-03-01 16:56:18] eps=12 rep=1/9: frame progress 70/100 (70.0%)
[2026-03-01 16:56:18] eps=6 rep=8/10: frame progress 80/100 (80.0%)
[2026-03-01 16:56:18] eps=6 rep=10/10: frame progress 80/100 (80.0%)
[2026-03-01 16:56:18] eps=6 rep=9/10: frame progress 80/100 (80.0%)
[2026-03-01 16:56:19] eps=12 rep=2/9: frame progress 70/100 (70.0%)
[2026-03-01 16:56:20] eps=9 rep=2/10: frame progress 80/100 (80.0%)
[2026-03-01 16:56:20] eps=9 rep=3/10: frame progress 80/100 (80.0%)
[2026-03-01 16:56:20] eps=9 rep=1/10: frame progress 80/100 (80.0%)
[2026-03-01 16:56:20] eps=9 rep=4/10: frame progress 80/100 (80.0%)
[2026-03-01 16:56:20] eps=9 rep=5/10: frame progress 80/100 (80.0%)
[2026-03-01 16:56:20] eps=9 rep=7/10: frame progress 80/100 (80.0%)
[2026-03-01 16:56:20] eps=9 rep=8/10: frame progress 80/100 (80.0%)
[2026-03-01 16:56:21] eps=9 rep=9/10: frame progress 80/100 (80.0%)
[2026-03-01 16:56:21] eps=9 rep=10/10: frame progress 80/100 (80.0%)
[2026-03-01 16:56:21] eps=9 rep=6/10: frame progress 80/100 (80.0%)
[2026-03-01 16:56:21] eps=6 rep=7/10: frame progress 90/100 (90.0%)
[2026-03-01 16:56:21] eps=6 rep=8/10: frame progress 90/100 (90.0%)
[2026-03-01 16:56:21] eps=6 rep=10/10: frame progress 90/100 (90.0%)
[2026-03-01 16:56:21] eps=6 rep=9/10: frame progress 90/100 (90.0%)
[2026-03-01 16:56:22] eps=12 rep=1/9: frame progress 80/100 (80.0%)
[2026-03-01 16:56:22] eps=12 rep=2/9: frame progress 80/100 (80.0%)
[2026-03-01 16:56:23] eps=9 rep=2/10: frame progress 90/100 (90.0%)
[2026-03-01 16:56:23] eps=9 rep=3/10: frame progress 90/100 (90.0%)
[2026-03-01 16:56:23] eps=9 rep=1/10: frame progress 90/100 (90.0%)
[2026-03-01 16:56:23] eps=9 rep=4/10: frame progress 90/100 (90.0%)
[2026-03-01 16:56:23] eps=9 rep=5/10: frame progress 90/100 (90.0%)
[2026-03-01 16:56:23] eps=9 rep=7/10: frame progress 90/100 (90.0%)
[2026-03-01 16:56:24] eps=9 rep=8/10: frame progress 90/100 (90.0%)
[2026-03-01 16:56:24] eps=9 rep=9/10: frame progress 90/100 (90.0%)
[2026-03-01 16:56:24] eps=9 rep=10/10: frame progress 90/100 (90.0%)
[2026-03-01 16:56:24] eps=9 rep=6/10: frame progress 90/100 (90.0%)
[2026-03-01 16:56:24] eps=6 rep=7/10: frame progress 100/100 (100.0%)
[2026-03-01 16:56:24] eps=6 rep=8/10: frame progress 100/100 (100.0%)
[2026-03-01 16:56:24] eps=6 rep=10/10: frame progress 100/100 (100.0%)
[2026-03-01 16:56:24] eps=6 rep=9/10: frame progress 100/100 (100.0%)
[2026-03-01 16:56:25] eps=6 rep=7/10: done
[2026-03-01 16:56:25] eps=12 rep=3/9: start (eps_12/rep_007/trajectory.gsd)
[2026-03-01 16:56:25] eps=6 rep=8/10: done
[2026-03-01 16:56:25] eps=6 rep=10/10: done
[2026-03-01 16:56:25] eps=12 rep=4/9: start (eps_12/rep_006/trajectory.gsd)
[2026-03-01 16:56:25] eps=12 rep=5/9: start (eps_12/rep_005/trajectory.gsd)
[2026-03-01 16:56:25] eps=12 rep=1/9: frame progress 90/100 (90.0%)
[2026-03-01 16:56:25] eps=6 rep=9/10: done
[2026-03-01 16:56:25] eps=12 rep=6/9: start (eps_12/rep_010/trajectory.gsd)
[2026-03-01 16:56:26] eps=12 rep=2/9: frame progress 90/100 (90.0%)
[2026-03-01 16:56:26] eps=9 rep=2/10: frame progress 100/100 (100.0%)
[2026-03-01 16:56:26] eps=9 rep=3/10: frame progress 100/100 (100.0%)
[2026-03-01 16:56:26] eps=9 rep=1/10: frame progress 100/100 (100.0%)
[2026-03-01 16:56:26] eps=9 rep=4/10: frame progress 100/100 (100.0%)
[2026-03-01 16:56:26] eps=9 rep=5/10: frame progress 100/100 (100.0%)
[2026-03-01 16:56:27] eps=9 rep=7/10: frame progress 100/100 (100.0%)
[2026-03-01 16:56:27] eps=9 rep=2/10: done
[2026-03-01 16:56:27] eps=12 rep=7/9: start (eps_12/rep_009/trajectory.gsd)
[2026-03-01 16:56:27] eps=9 rep=3/10: done
[2026-03-01 16:56:27] eps=9 rep=8/10: frame progress 100/100 (100.0%)
[2026-03-01 16:56:27] eps=12 rep=8/9: start (eps_12/rep_002/trajectory.gsd)
[2026-03-01 16:56:27] eps=9 rep=1/10: done
[2026-03-01 16:56:27] eps=12 rep=9/9: start (eps_12/rep_001/trajectory.gsd)
[2026-03-01 16:56:27] eps=9 rep=9/10: frame progress 100/100 (100.0%)
[2026-03-01 16:56:27] eps=9 rep=4/10: done
[2026-03-01 16:56:27] eps=15 rep=1/10: start (eps_15/rep_004/trajectory.gsd)
[2026-03-01 16:56:27] eps=9 rep=5/10: done
[2026-03-01 16:56:27] eps=9 rep=10/10: frame progress 100/100 (100.0%)
[2026-03-01 16:56:27] eps=15 rep=2/10: start (eps_15/rep_003/trajectory.gsd)
[2026-03-01 16:56:27] eps=9 rep=7/10: done
[2026-03-01 16:56:27] eps=15 rep=3/10: start (eps_15/rep_007/trajectory.gsd)
[2026-03-01 16:56:27] eps=9 rep=6/10: frame progress 100/100 (100.0%)
[2026-03-01 16:56:27] eps=9 rep=8/10: done
[2026-03-01 16:56:27] eps=15 rep=4/10: start (eps_15/rep_006/trajectory.gsd)
[2026-03-01 16:56:28] eps=9 rep=9/10: done
[2026-03-01 16:56:28] eps=15 rep=5/10: start (eps_15/rep_005/trajectory.gsd)
[2026-03-01 16:56:28] eps=9 rep=10/10: done
[2026-03-01 16:56:28] eps=15 rep=6/10: start (eps_15/rep_010/trajectory.gsd)
[2026-03-01 16:56:28] eps=9 rep=6/10: done
[2026-03-01 16:56:28] eps=15 rep=7/10: start (eps_15/rep_009/trajectory.gsd)
[2026-03-01 16:56:28] eps=12 rep=4/9: frame progress 10/100 (10.0%)
[2026-03-01 16:56:28] eps=12 rep=5/9: frame progress 10/100 (10.0%)
[2026-03-01 16:56:28] eps=12 rep=3/9: frame progress 10/100 (10.0%)
[2026-03-01 16:56:28] eps=12 rep=1/9: frame progress 100/100 (100.0%)
[2026-03-01 16:56:28] eps=12 rep=6/9: frame progress 10/100 (10.0%)
[2026-03-01 16:56:29] eps=12 rep=1/9: done
[2026-03-01 16:56:29] eps=15 rep=8/10: start (eps_15/rep_008/trajectory.gsd)
[2026-03-01 16:56:29] eps=12 rep=2/9: frame progress 100/100 (100.0%)
[2026-03-01 16:56:30] eps=12 rep=2/9: done
[2026-03-01 16:56:30] eps=15 rep=9/10: start (eps_15/rep_002/trajectory.gsd)
[2026-03-01 16:56:30] eps=12 rep=7/9: frame progress 10/100 (10.0%)
[2026-03-01 16:56:30] eps=12 rep=8/9: frame progress 10/100 (10.0%)
[2026-03-01 16:56:30] eps=15 rep=1/10: frame progress 10/100 (10.0%)
[2026-03-01 16:56:30] eps=12 rep=9/9: frame progress 10/100 (10.0%)
[2026-03-01 16:56:30] eps=15 rep=2/10: frame progress 10/100 (10.0%)
[2026-03-01 16:56:31] eps=15 rep=4/10: frame progress 10/100 (10.0%)
[2026-03-01 16:56:31] eps=15 rep=3/10: frame progress 10/100 (10.0%)
[2026-03-01 16:56:31] eps=15 rep=6/10: frame progress 10/100 (10.0%)
[2026-03-01 16:56:31] eps=15 rep=5/10: frame progress 10/100 (10.0%)
[2026-03-01 16:56:31] eps=12 rep=4/9: frame progress 20/100 (20.0%)
[2026-03-01 16:56:31] eps=12 rep=5/9: frame progress 20/100 (20.0%)
[2026-03-01 16:56:31] eps=12 rep=3/9: frame progress 20/100 (20.0%)
[2026-03-01 16:56:31] eps=12 rep=6/9: frame progress 20/100 (20.0%)
[2026-03-01 16:56:31] eps=15 rep=7/10: frame progress 10/100 (10.0%)
[2026-03-01 16:56:32] eps=15 rep=8/10: frame progress 10/100 (10.0%)
[2026-03-01 16:56:33] eps=12 rep=7/9: frame progress 20/100 (20.0%)
[2026-03-01 16:56:33] eps=12 rep=8/9: frame progress 20/100 (20.0%)
[2026-03-01 16:56:33] eps=15 rep=9/10: frame progress 10/100 (10.0%)
[2026-03-01 16:56:33] eps=12 rep=9/9: frame progress 20/100 (20.0%)
[2026-03-01 16:56:33] eps=15 rep=1/10: frame progress 20/100 (20.0%)
[2026-03-01 16:56:33] eps=15 rep=2/10: frame progress 20/100 (20.0%)
[2026-03-01 16:56:34] eps=15 rep=4/10: frame progress 20/100 (20.0%)
[2026-03-01 16:56:34] eps=15 rep=3/10: frame progress 20/100 (20.0%)
[2026-03-01 16:56:34] eps=15 rep=6/10: frame progress 20/100 (20.0%)
[2026-03-01 16:56:34] eps=15 rep=5/10: frame progress 20/100 (20.0%)
[2026-03-01 16:56:34] eps=12 rep=4/9: frame progress 30/100 (30.0%)
[2026-03-01 16:56:34] eps=12 rep=5/9: frame progress 30/100 (30.0%)
[2026-03-01 16:56:34] eps=12 rep=3/9: frame progress 30/100 (30.0%)
[2026-03-01 16:56:34] eps=12 rep=6/9: frame progress 30/100 (30.0%)
[2026-03-01 16:56:34] eps=15 rep=7/10: frame progress 20/100 (20.0%)
[2026-03-01 16:56:35] eps=15 rep=8/10: frame progress 20/100 (20.0%)
[2026-03-01 16:56:36] eps=12 rep=7/9: frame progress 30/100 (30.0%)
[2026-03-01 16:56:36] eps=12 rep=8/9: frame progress 30/100 (30.0%)
[2026-03-01 16:56:36] eps=15 rep=9/10: frame progress 20/100 (20.0%)
[2026-03-01 16:56:36] eps=12 rep=9/9: frame progress 30/100 (30.0%)
[2026-03-01 16:56:36] eps=15 rep=1/10: frame progress 30/100 (30.0%)
[2026-03-01 16:56:37] eps=15 rep=2/10: frame progress 30/100 (30.0%)
[2026-03-01 16:56:37] eps=15 rep=4/10: frame progress 30/100 (30.0%)
[2026-03-01 16:56:37] eps=15 rep=3/10: frame progress 30/100 (30.0%)
[2026-03-01 16:56:37] eps=15 rep=6/10: frame progress 30/100 (30.0%)
[2026-03-01 16:56:37] eps=15 rep=5/10: frame progress 30/100 (30.0%)
[2026-03-01 16:56:37] eps=12 rep=4/9: frame progress 40/100 (40.0%)
[2026-03-01 16:56:37] eps=12 rep=5/9: frame progress 40/100 (40.0%)
[2026-03-01 16:56:37] eps=12 rep=3/9: frame progress 40/100 (40.0%)
[2026-03-01 16:56:38] eps=12 rep=6/9: frame progress 40/100 (40.0%)
[2026-03-01 16:56:38] eps=15 rep=7/10: frame progress 30/100 (30.0%)
[2026-03-01 16:56:38] eps=15 rep=8/10: frame progress 30/100 (30.0%)
[2026-03-01 16:56:39] eps=12 rep=7/9: frame progress 40/100 (40.0%)
[2026-03-01 16:56:39] eps=12 rep=8/9: frame progress 40/100 (40.0%)
[2026-03-01 16:56:39] eps=15 rep=9/10: frame progress 30/100 (30.0%)
[2026-03-01 16:56:40] eps=12 rep=9/9: frame progress 40/100 (40.0%)
[2026-03-01 16:56:40] eps=15 rep=1/10: frame progress 40/100 (40.0%)
[2026-03-01 16:56:40] eps=15 rep=2/10: frame progress 40/100 (40.0%)
[2026-03-01 16:56:40] eps=15 rep=4/10: frame progress 40/100 (40.0%)
[2026-03-01 16:56:40] eps=15 rep=3/10: frame progress 40/100 (40.0%)
[2026-03-01 16:56:40] eps=15 rep=6/10: frame progress 40/100 (40.0%)
[2026-03-01 16:56:40] eps=15 rep=5/10: frame progress 40/100 (40.0%)
[2026-03-01 16:56:40] eps=12 rep=4/9: frame progress 50/100 (50.0%)
[2026-03-01 16:56:41] eps=12 rep=5/9: frame progress 50/100 (50.0%)
[2026-03-01 16:56:41] eps=12 rep=3/9: frame progress 50/100 (50.0%)
[2026-03-01 16:56:41] eps=12 rep=6/9: frame progress 50/100 (50.0%)
[2026-03-01 16:56:41] eps=15 rep=7/10: frame progress 40/100 (40.0%)
[2026-03-01 16:56:42] eps=15 rep=8/10: frame progress 40/100 (40.0%)
[2026-03-01 16:56:43] eps=12 rep=7/9: frame progress 50/100 (50.0%)
[2026-03-01 16:56:43] eps=12 rep=8/9: frame progress 50/100 (50.0%)
[2026-03-01 16:56:43] eps=15 rep=9/10: frame progress 40/100 (40.0%)
[2026-03-01 16:56:43] eps=12 rep=9/9: frame progress 50/100 (50.0%)
[2026-03-01 16:56:43] eps=15 rep=1/10: frame progress 50/100 (50.0%)
[2026-03-01 16:56:43] eps=15 rep=2/10: frame progress 50/100 (50.0%)
[2026-03-01 16:56:43] eps=15 rep=4/10: frame progress 50/100 (50.0%)
[2026-03-01 16:56:43] eps=15 rep=3/10: frame progress 50/100 (50.0%)
[2026-03-01 16:56:44] eps=15 rep=6/10: frame progress 50/100 (50.0%)
[2026-03-01 16:56:44] eps=15 rep=5/10: frame progress 50/100 (50.0%)
[2026-03-01 16:56:44] eps=12 rep=4/9: frame progress 60/100 (60.0%)
[2026-03-01 16:56:44] eps=12 rep=5/9: frame progress 60/100 (60.0%)
[2026-03-01 16:56:44] eps=12 rep=3/9: frame progress 60/100 (60.0%)
[2026-03-01 16:56:44] eps=12 rep=6/9: frame progress 60/100 (60.0%)
[2026-03-01 16:56:44] eps=15 rep=7/10: frame progress 50/100 (50.0%)
[2026-03-01 16:56:45] eps=15 rep=8/10: frame progress 50/100 (50.0%)
[2026-03-01 16:56:46] eps=12 rep=7/9: frame progress 60/100 (60.0%)
[2026-03-01 16:56:46] eps=12 rep=8/9: frame progress 60/100 (60.0%)
[2026-03-01 16:56:46] eps=15 rep=9/10: frame progress 50/100 (50.0%)
[2026-03-01 16:56:46] eps=12 rep=9/9: frame progress 60/100 (60.0%)
[2026-03-01 16:56:46] eps=15 rep=1/10: frame progress 60/100 (60.0%)
[2026-03-01 16:56:46] eps=15 rep=2/10: frame progress 60/100 (60.0%)
[2026-03-01 16:56:47] eps=15 rep=4/10: frame progress 60/100 (60.0%)
[2026-03-01 16:56:47] eps=15 rep=3/10: frame progress 60/100 (60.0%)
[2026-03-01 16:56:47] eps=15 rep=5/10: frame progress 60/100 (60.0%)
[2026-03-01 16:56:47] eps=15 rep=6/10: frame progress 60/100 (60.0%)
[2026-03-01 16:56:47] eps=12 rep=4/9: frame progress 70/100 (70.0%)
[2026-03-01 16:56:47] eps=12 rep=5/9: frame progress 70/100 (70.0%)
[2026-03-01 16:56:47] eps=12 rep=3/9: frame progress 70/100 (70.0%)
[2026-03-01 16:56:47] eps=12 rep=6/9: frame progress 70/100 (70.0%)
[2026-03-01 16:56:48] eps=15 rep=7/10: frame progress 60/100 (60.0%)
[2026-03-01 16:56:48] eps=15 rep=8/10: frame progress 60/100 (60.0%)
[2026-03-01 16:56:49] eps=12 rep=7/9: frame progress 70/100 (70.0%)
[2026-03-01 16:56:49] eps=12 rep=8/9: frame progress 70/100 (70.0%)
[2026-03-01 16:56:49] eps=15 rep=9/10: frame progress 60/100 (60.0%)
[2026-03-01 16:56:50] eps=12 rep=9/9: frame progress 70/100 (70.0%)
[2026-03-01 16:56:50] eps=15 rep=2/10: frame progress 70/100 (70.0%)
[2026-03-01 16:56:50] eps=15 rep=1/10: frame progress 70/100 (70.0%)
[2026-03-01 16:56:50] eps=15 rep=4/10: frame progress 70/100 (70.0%)
[2026-03-01 16:56:50] eps=15 rep=3/10: frame progress 70/100 (70.0%)
[2026-03-01 16:56:50] eps=15 rep=5/10: frame progress 70/100 (70.0%)
[2026-03-01 16:56:50] eps=15 rep=6/10: frame progress 70/100 (70.0%)
[2026-03-01 16:56:50] eps=12 rep=4/9: frame progress 80/100 (80.0%)
[2026-03-01 16:56:50] eps=12 rep=5/9: frame progress 80/100 (80.0%)
[2026-03-01 16:56:51] eps=12 rep=3/9: frame progress 80/100 (80.0%)
[2026-03-01 16:56:51] eps=12 rep=6/9: frame progress 80/100 (80.0%)
[2026-03-01 16:56:51] eps=15 rep=7/10: frame progress 70/100 (70.0%)
[2026-03-01 16:56:52] eps=15 rep=8/10: frame progress 70/100 (70.0%)
[2026-03-01 16:56:52] eps=12 rep=7/9: frame progress 80/100 (80.0%)
[2026-03-01 16:56:52] eps=12 rep=8/9: frame progress 80/100 (80.0%)
[2026-03-01 16:56:53] eps=15 rep=9/10: frame progress 70/100 (70.0%)
[2026-03-01 16:56:53] eps=12 rep=9/9: frame progress 80/100 (80.0%)
[2026-03-01 16:56:53] eps=15 rep=2/10: frame progress 80/100 (80.0%)
[2026-03-01 16:56:53] eps=15 rep=1/10: frame progress 80/100 (80.0%)
[2026-03-01 16:56:53] eps=15 rep=4/10: frame progress 80/100 (80.0%)
[2026-03-01 16:56:53] eps=15 rep=3/10: frame progress 80/100 (80.0%)
[2026-03-01 16:56:54] eps=12 rep=4/9: frame progress 90/100 (90.0%)
[2026-03-01 16:56:54] eps=15 rep=6/10: frame progress 80/100 (80.0%)
[2026-03-01 16:56:54] eps=15 rep=5/10: frame progress 80/100 (80.0%)
[2026-03-01 16:56:54] eps=12 rep=5/9: frame progress 90/100 (90.0%)
[2026-03-01 16:56:54] eps=12 rep=3/9: frame progress 90/100 (90.0%)
[2026-03-01 16:56:54] eps=12 rep=6/9: frame progress 90/100 (90.0%)
[2026-03-01 16:56:54] eps=15 rep=7/10: frame progress 80/100 (80.0%)
[2026-03-01 16:56:55] eps=15 rep=8/10: frame progress 80/100 (80.0%)
[2026-03-01 16:56:56] eps=12 rep=7/9: frame progress 90/100 (90.0%)
[2026-03-01 16:56:56] eps=12 rep=8/9: frame progress 90/100 (90.0%)
[2026-03-01 16:56:56] eps=15 rep=9/10: frame progress 80/100 (80.0%)
[2026-03-01 16:56:56] eps=12 rep=9/9: frame progress 90/100 (90.0%)
[2026-03-01 16:56:56] eps=15 rep=2/10: frame progress 90/100 (90.0%)
[2026-03-01 16:56:56] eps=15 rep=1/10: frame progress 90/100 (90.0%)
[2026-03-01 16:56:57] eps=15 rep=4/10: frame progress 90/100 (90.0%)
[2026-03-01 16:56:57] eps=15 rep=3/10: frame progress 90/100 (90.0%)
[2026-03-01 16:56:57] eps=12 rep=4/9: frame progress 100/100 (100.0%)
[2026-03-01 16:56:57] eps=12 rep=5/9: frame progress 100/100 (100.0%)
[2026-03-01 16:56:57] eps=15 rep=6/10: frame progress 90/100 (90.0%)
[2026-03-01 16:56:57] eps=15 rep=5/10: frame progress 90/100 (90.0%)
[2026-03-01 16:56:57] eps=12 rep=3/9: frame progress 100/100 (100.0%)
[2026-03-01 16:56:57] eps=12 rep=6/9: frame progress 100/100 (100.0%)
[2026-03-01 16:56:58] eps=12 rep=4/9: done
[2026-03-01 16:56:58] eps=15 rep=10/10: start (eps_15/rep_001/trajectory.gsd)
[2026-03-01 16:56:58] eps=12 rep=5/9: done
[2026-03-01 16:56:58] eps=18 rep=1/10: start (eps_18/rep_004/trajectory.gsd)
[2026-03-01 16:56:58] eps=12 rep=3/9: done
[2026-03-01 16:56:58] eps=18 rep=2/10: start (eps_18/rep_003/trajectory.gsd)
[2026-03-01 16:56:58] eps=15 rep=7/10: frame progress 90/100 (90.0%)
[2026-03-01 16:56:58] eps=12 rep=6/9: done
[2026-03-01 16:56:58] eps=18 rep=3/10: start (eps_18/rep_007/trajectory.gsd)
[2026-03-01 16:56:58] eps=15 rep=8/10: frame progress 90/100 (90.0%)
[2026-03-01 16:56:59] eps=12 rep=7/9: frame progress 100/100 (100.0%)
[2026-03-01 16:56:59] eps=12 rep=8/9: frame progress 100/100 (100.0%)
[2026-03-01 16:57:00] eps=15 rep=9/10: frame progress 90/100 (90.0%)
[2026-03-01 16:57:00] eps=12 rep=7/9: done
[2026-03-01 16:57:00] eps=12 rep=9/9: frame progress 100/100 (100.0%)
[2026-03-01 16:57:00] eps=18 rep=4/10: start (eps_18/rep_006/trajectory.gsd)
[2026-03-01 16:57:00] eps=12 rep=8/9: done
[2026-03-01 16:57:00] eps=18 rep=5/10: start (eps_18/rep_005/trajectory.gsd)
[2026-03-01 16:57:00] eps=15 rep=2/10: frame progress 100/100 (100.0%)
[2026-03-01 16:57:00] eps=15 rep=1/10: frame progress 100/100 (100.0%)
[2026-03-01 16:57:00] eps=15 rep=4/10: frame progress 100/100 (100.0%)
[2026-03-01 16:57:00] eps=15 rep=3/10: frame progress 100/100 (100.0%)
[2026-03-01 16:57:00] eps=12 rep=9/9: done
[2026-03-01 16:57:00] eps=18 rep=6/10: start (eps_18/rep_010/trajectory.gsd)
[2026-03-01 16:57:00] eps=15 rep=6/10: frame progress 100/100 (100.0%)
[2026-03-01 16:57:00] eps=15 rep=5/10: frame progress 100/100 (100.0%)
[2026-03-01 16:57:00] eps=15 rep=2/10: done
[2026-03-01 16:57:00] eps=18 rep=7/10: start (eps_18/rep_009/trajectory.gsd)
[2026-03-01 16:57:00] eps=15 rep=1/10: done
[2026-03-01 16:57:00] eps=18 rep=8/10: start (eps_18/rep_008/trajectory.gsd)
[2026-03-01 16:57:01] eps=15 rep=4/10: done
[2026-03-01 16:57:01] eps=18 rep=9/10: start (eps_18/rep_002/trajectory.gsd)
[2026-03-01 16:57:01] eps=15 rep=3/10: done
[2026-03-01 16:57:01] eps=18 rep=10/10: start (eps_18/rep_001/trajectory.gsd)
[2026-03-01 16:57:01] eps=15 rep=10/10: frame progress 10/100 (10.0%)
[2026-03-01 16:57:01] eps=18 rep=1/10: frame progress 10/100 (10.0%)
[2026-03-01 16:57:01] eps=18 rep=2/10: frame progress 10/100 (10.0%)
[2026-03-01 16:57:01] eps=15 rep=6/10: done
[2026-03-01 16:57:01] eps=15 rep=5/10: done
[2026-03-01 16:57:01] eps=18 rep=3/10: frame progress 10/100 (10.0%)
[2026-03-01 16:57:01] eps=15 rep=7/10: frame progress 100/100 (100.0%)
[2026-03-01 16:57:02] eps=15 rep=8/10: frame progress 100/100 (100.0%)
[2026-03-01 16:57:02] eps=15 rep=7/10: done
[2026-03-01 16:57:02] eps=15 rep=8/10: done
[2026-03-01 16:57:03] eps=18 rep=4/10: frame progress 10/100 (10.0%)
[2026-03-01 16:57:03] eps=15 rep=9/10: frame progress 100/100 (100.0%)
[2026-03-01 16:57:03] eps=18 rep=5/10: frame progress 10/100 (10.0%)
[2026-03-01 16:57:03] eps=18 rep=6/10: frame progress 10/100 (10.0%)
[2026-03-01 16:57:04] eps=15 rep=9/10: done
[2026-03-01 16:57:04] eps=18 rep=7/10: frame progress 10/100 (10.0%)
[2026-03-01 16:57:04] eps=18 rep=8/10: frame progress 10/100 (10.0%)
[2026-03-01 16:57:04] eps=15 rep=10/10: frame progress 20/100 (20.0%)
[2026-03-01 16:57:04] eps=18 rep=1/10: frame progress 20/100 (20.0%)
[2026-03-01 16:57:04] eps=18 rep=9/10: frame progress 10/100 (10.0%)
[2026-03-01 16:57:04] eps=18 rep=2/10: frame progress 20/100 (20.0%)
[2026-03-01 16:57:04] eps=18 rep=10/10: frame progress 10/100 (10.0%)
[2026-03-01 16:57:04] eps=18 rep=3/10: frame progress 20/100 (20.0%)
[2026-03-01 16:57:06] eps=18 rep=4/10: frame progress 20/100 (20.0%)
[2026-03-01 16:57:06] eps=18 rep=5/10: frame progress 20/100 (20.0%)
[2026-03-01 16:57:06] eps=18 rep=6/10: frame progress 20/100 (20.0%)
[2026-03-01 16:57:07] eps=18 rep=7/10: frame progress 20/100 (20.0%)
[2026-03-01 16:57:07] eps=18 rep=8/10: frame progress 20/100 (20.0%)
[2026-03-01 16:57:07] eps=15 rep=10/10: frame progress 30/100 (30.0%)
[2026-03-01 16:57:07] eps=18 rep=9/10: frame progress 20/100 (20.0%)
[2026-03-01 16:57:07] eps=18 rep=10/10: frame progress 20/100 (20.0%)
[2026-03-01 16:57:07] eps=18 rep=1/10: frame progress 30/100 (30.0%)
[2026-03-01 16:57:07] eps=18 rep=2/10: frame progress 30/100 (30.0%)
[2026-03-01 16:57:07] eps=18 rep=3/10: frame progress 30/100 (30.0%)
[2026-03-01 16:57:09] eps=18 rep=4/10: frame progress 30/100 (30.0%)
[2026-03-01 16:57:09] eps=18 rep=5/10: frame progress 30/100 (30.0%)
[2026-03-01 16:57:10] eps=18 rep=6/10: frame progress 30/100 (30.0%)
[2026-03-01 16:57:10] eps=18 rep=7/10: frame progress 30/100 (30.0%)
[2026-03-01 16:57:10] eps=18 rep=8/10: frame progress 30/100 (30.0%)
[2026-03-01 16:57:10] eps=18 rep=9/10: frame progress 30/100 (30.0%)
[2026-03-01 16:57:10] eps=15 rep=10/10: frame progress 40/100 (40.0%)
[2026-03-01 16:57:10] eps=18 rep=10/10: frame progress 30/100 (30.0%)
[2026-03-01 16:57:10] eps=18 rep=1/10: frame progress 40/100 (40.0%)
[2026-03-01 16:57:10] eps=18 rep=2/10: frame progress 40/100 (40.0%)
[2026-03-01 16:57:11] eps=18 rep=3/10: frame progress 40/100 (40.0%)
[2026-03-01 16:57:12] eps=18 rep=4/10: frame progress 40/100 (40.0%)
[2026-03-01 16:57:12] eps=18 rep=5/10: frame progress 40/100 (40.0%)
[2026-03-01 16:57:13] eps=18 rep=6/10: frame progress 40/100 (40.0%)
[2026-03-01 16:57:13] eps=18 rep=7/10: frame progress 40/100 (40.0%)
[2026-03-01 16:57:13] eps=18 rep=8/10: frame progress 40/100 (40.0%)
[2026-03-01 16:57:13] eps=18 rep=9/10: frame progress 40/100 (40.0%)
[2026-03-01 16:57:13] eps=15 rep=10/10: frame progress 50/100 (50.0%)
[2026-03-01 16:57:13] eps=18 rep=10/10: frame progress 40/100 (40.0%)
[2026-03-01 16:57:13] eps=18 rep=1/10: frame progress 50/100 (50.0%)
[2026-03-01 16:57:13] eps=18 rep=2/10: frame progress 50/100 (50.0%)
[2026-03-01 16:57:14] eps=18 rep=3/10: frame progress 50/100 (50.0%)
[2026-03-01 16:57:15] eps=18 rep=4/10: frame progress 50/100 (50.0%)
[2026-03-01 16:57:16] eps=18 rep=5/10: frame progress 50/100 (50.0%)
[2026-03-01 16:57:16] eps=18 rep=6/10: frame progress 50/100 (50.0%)
[2026-03-01 16:57:16] eps=18 rep=7/10: frame progress 50/100 (50.0%)
[2026-03-01 16:57:16] eps=18 rep=8/10: frame progress 50/100 (50.0%)
[2026-03-01 16:57:16] eps=18 rep=9/10: frame progress 50/100 (50.0%)
[2026-03-01 16:57:16] eps=18 rep=10/10: frame progress 50/100 (50.0%)
[2026-03-01 16:57:16] eps=15 rep=10/10: frame progress 60/100 (60.0%)
[2026-03-01 16:57:17] eps=18 rep=1/10: frame progress 60/100 (60.0%)
[2026-03-01 16:57:17] eps=18 rep=2/10: frame progress 60/100 (60.0%)
[2026-03-01 16:57:17] eps=18 rep=3/10: frame progress 60/100 (60.0%)
[2026-03-01 16:57:19] eps=18 rep=4/10: frame progress 60/100 (60.0%)
[2026-03-01 16:57:19] eps=18 rep=5/10: frame progress 60/100 (60.0%)
[2026-03-01 16:57:19] eps=18 rep=6/10: frame progress 60/100 (60.0%)
[2026-03-01 16:57:20] eps=18 rep=7/10: frame progress 60/100 (60.0%)
[2026-03-01 16:57:20] eps=18 rep=9/10: frame progress 60/100 (60.0%)
[2026-03-01 16:57:20] eps=18 rep=8/10: frame progress 60/100 (60.0%)
[2026-03-01 16:57:20] eps=18 rep=10/10: frame progress 60/100 (60.0%)
[2026-03-01 16:57:20] eps=15 rep=10/10: frame progress 70/100 (70.0%)
[2026-03-01 16:57:20] eps=18 rep=1/10: frame progress 70/100 (70.0%)
[2026-03-01 16:57:20] eps=18 rep=2/10: frame progress 70/100 (70.0%)
[2026-03-01 16:57:20] eps=18 rep=3/10: frame progress 70/100 (70.0%)
[2026-03-01 16:57:22] eps=18 rep=4/10: frame progress 70/100 (70.0%)
[2026-03-01 16:57:22] eps=18 rep=5/10: frame progress 70/100 (70.0%)
[2026-03-01 16:57:23] eps=18 rep=6/10: frame progress 70/100 (70.0%)
[2026-03-01 16:57:23] eps=18 rep=7/10: frame progress 70/100 (70.0%)
[2026-03-01 16:57:23] eps=18 rep=9/10: frame progress 70/100 (70.0%)
[2026-03-01 16:57:23] eps=18 rep=8/10: frame progress 70/100 (70.0%)
[2026-03-01 16:57:23] eps=18 rep=10/10: frame progress 70/100 (70.0%)
[2026-03-01 16:57:23] eps=15 rep=10/10: frame progress 80/100 (80.0%)
[2026-03-01 16:57:23] eps=18 rep=1/10: frame progress 80/100 (80.0%)
[2026-03-01 16:57:23] eps=18 rep=2/10: frame progress 80/100 (80.0%)
[2026-03-01 16:57:24] eps=18 rep=3/10: frame progress 80/100 (80.0%)
[2026-03-01 16:57:25] eps=18 rep=4/10: frame progress 80/100 (80.0%)
[2026-03-01 16:57:26] eps=18 rep=5/10: frame progress 80/100 (80.0%)
[2026-03-01 16:57:26] eps=18 rep=6/10: frame progress 80/100 (80.0%)
[2026-03-01 16:57:26] eps=18 rep=7/10: frame progress 80/100 (80.0%)
[2026-03-01 16:57:26] eps=18 rep=9/10: frame progress 80/100 (80.0%)
[2026-03-01 16:57:26] eps=18 rep=10/10: frame progress 80/100 (80.0%)
[2026-03-01 16:57:26] eps=15 rep=10/10: frame progress 90/100 (90.0%)
[2026-03-01 16:57:26] eps=18 rep=8/10: frame progress 80/100 (80.0%)
[2026-03-01 16:57:27] eps=18 rep=1/10: frame progress 90/100 (90.0%)
[2026-03-01 16:57:27] eps=18 rep=2/10: frame progress 90/100 (90.0%)
[2026-03-01 16:57:27] eps=18 rep=3/10: frame progress 90/100 (90.0%)
[2026-03-01 16:57:29] eps=18 rep=4/10: frame progress 90/100 (90.0%)
[2026-03-01 16:57:29] eps=18 rep=5/10: frame progress 90/100 (90.0%)
[2026-03-01 16:57:29] eps=18 rep=6/10: frame progress 90/100 (90.0%)
[2026-03-01 16:57:29] eps=18 rep=7/10: frame progress 90/100 (90.0%)
[2026-03-01 16:57:30] eps=18 rep=9/10: frame progress 90/100 (90.0%)
[2026-03-01 16:57:30] eps=18 rep=10/10: frame progress 90/100 (90.0%)
[2026-03-01 16:57:30] eps=15 rep=10/10: frame progress 100/100 (100.0%)
[2026-03-01 16:57:30] eps=18 rep=8/10: frame progress 90/100 (90.0%)
[2026-03-01 16:57:30] eps=18 rep=1/10: frame progress 100/100 (100.0%)
[2026-03-01 16:57:30] eps=18 rep=2/10: frame progress 100/100 (100.0%)
[2026-03-01 16:57:30] eps=18 rep=3/10: frame progress 100/100 (100.0%)
[2026-03-01 16:57:30] eps=15 rep=10/10: done
[2026-03-01 16:57:30] eps=18 rep=1/10: done
[2026-03-01 16:57:31] eps=18 rep=2/10: done
[2026-03-01 16:57:31] eps=18 rep=3/10: done
[2026-03-01 16:57:32] eps=18 rep=4/10: frame progress 100/100 (100.0%)
[2026-03-01 16:57:32] eps=18 rep=5/10: frame progress 100/100 (100.0%)
[2026-03-01 16:57:33] eps=18 rep=6/10: frame progress 100/100 (100.0%)
[2026-03-01 16:57:33] eps=18 rep=4/10: done
[2026-03-01 16:57:33] eps=18 rep=7/10: frame progress 100/100 (100.0%)
[2026-03-01 16:57:33] eps=18 rep=5/10: done
[2026-03-01 16:57:33] eps=18 rep=9/10: frame progress 100/100 (100.0%)
[2026-03-01 16:57:33] eps=18 rep=10/10: frame progress 100/100 (100.0%)
[2026-03-01 16:57:33] eps=18 rep=8/10: frame progress 100/100 (100.0%)
[2026-03-01 16:57:33] eps=18 rep=6/10: done
[2026-03-01 16:57:33] eps=18 rep=7/10: done
[2026-03-01 16:57:34] eps=18 rep=9/10: done
[2026-03-01 16:57:34] eps=18 rep=10/10: done
[2026-03-01 16:57:34] eps=18 rep=8/10: done
[2026-03-01 16:57:34] Completed parallel analysis for 59 runs
[2026-03-01 16:57:34] Aggregating epsilon group 1/6: eps=3, replicates=10
[2026-03-01 16:57:34] Writing outputs for eps=3 to /scratch/gpfs/WEBB/chertok/REACTIVELJ_PAPER/simulation_package/melt/analysis/results/eps_3
[2026-03-01 16:57:34] Finished epsilon group eps=3
[2026-03-01 16:57:34] Aggregating epsilon group 2/6: eps=6, replicates=10
[2026-03-01 16:57:34] Writing outputs for eps=6 to /scratch/gpfs/WEBB/chertok/REACTIVELJ_PAPER/simulation_package/melt/analysis/results/eps_6
[2026-03-01 16:57:34] Finished epsilon group eps=6
[2026-03-01 16:57:34] Aggregating epsilon group 3/6: eps=9, replicates=10
[2026-03-01 16:57:34] Writing outputs for eps=9 to /scratch/gpfs/WEBB/chertok/REACTIVELJ_PAPER/simulation_package/melt/analysis/results/eps_9
[2026-03-01 16:57:35] Finished epsilon group eps=9
[2026-03-01 16:57:35] Aggregating epsilon group 4/6: eps=12, replicates=9
[2026-03-01 16:57:35] Writing outputs for eps=12 to /scratch/gpfs/WEBB/chertok/REACTIVELJ_PAPER/simulation_package/melt/analysis/results/eps_12
[2026-03-01 16:57:35] Finished epsilon group eps=12
[2026-03-01 16:57:35] Aggregating epsilon group 5/6: eps=15, replicates=10
[2026-03-01 16:57:35] Writing outputs for eps=15 to /scratch/gpfs/WEBB/chertok/REACTIVELJ_PAPER/simulation_package/melt/analysis/results/eps_15
[2026-03-01 16:57:35] Finished epsilon group eps=15
[2026-03-01 16:57:35] Aggregating epsilon group 6/6: eps=18, replicates=10
[2026-03-01 16:57:35] Writing outputs for eps=18 to /scratch/gpfs/WEBB/chertok/REACTIVELJ_PAPER/simulation_package/melt/analysis/results/eps_18
[2026-03-01 16:57:35] Finished epsilon group eps=18
[2026-03-01 16:57:35] Wrote /scratch/gpfs/WEBB/chertok/REACTIVELJ_PAPER/simulation_package/melt/analysis/results/summary.json
[2026-03-01 16:57:35] Wrote /scratch/gpfs/WEBB/chertok/REACTIVELJ_PAPER/simulation_package/melt/analysis/results/summary.csv
[2026-03-01 16:57:38] Analysis complete
[2026-03-01 16:57:38] Step 7/8 complete: Analysis finished in 135 seconds
[2026-03-01 16:57:38] Step 8/8: Job complete in 137 seconds total
