[2026-03-03 10:51:29] Step 1/8: Purging modules
[2026-03-03 10:51:29] Step 2/8: Sourcing ~/.bashrc
[2026-03-03 10:51:30] Step 3/8: Loading anaconda module
[2026-03-03 10:51:30] Step 4/8: Activating conda environment
[2026-03-03 10:51:31] Step 5/8: Changing directory to /scratch/gpfs/WEBB/chertok/REACTIVELJ_PAPER/simulation_package/melt
[2026-03-03 10:51:31] Step 6/8: Ensuring logs directory exists
[2026-03-03 10:51:31] Step 7/8: Starting trajectory analysis
[2026-03-03 10:51:33] Scanning trajectories under /scratch/gpfs/WEBB/chertok/REACTIVELJ_PAPER/simulation_package/melt/data_generation/outputs
[2026-03-03 10:51:33] Discovered 59 trajectory/metadata pairs
[2026-03-03 10:51:33] Grouped runs into 6 epsilon values
[2026-03-03 10:51:33] Queueing epsilon group 1/6: eps=3, replicates=10
[2026-03-03 10:51:33] Queueing epsilon group 2/6: eps=6, replicates=10
[2026-03-03 10:51:33] Queueing epsilon group 3/6: eps=9, replicates=10
[2026-03-03 10:51:33] Queueing epsilon group 4/6: eps=12, replicates=9
[2026-03-03 10:51:33] Queueing epsilon group 5/6: eps=15, replicates=10
[2026-03-03 10:51:33] Queueing epsilon group 6/6: eps=18, replicates=10
[2026-03-03 10:51:33] Starting parallel analysis with 64 workers on 59 runs
[2026-03-03 10:51:34] eps=3 rep=1/10: start (eps_3/rep_004/trajectory.gsd)
[2026-03-03 10:51:34] eps=3 rep=3/10: start (eps_3/rep_007/trajectory.gsd)
[2026-03-03 10:51:34] eps=3 rep=8/10: start (eps_3/rep_008/trajectory.gsd)
[2026-03-03 10:51:34] eps=3 rep=2/10: start (eps_3/rep_003/trajectory.gsd)
[2026-03-03 10:51:34] eps=3 rep=4/10: start (eps_3/rep_006/trajectory.gsd)
[2026-03-03 10:51:34] eps=3 rep=7/10: start (eps_3/rep_009/trajectory.gsd)
[2026-03-03 10:51:34] eps=3 rep=5/10: start (eps_3/rep_005/trajectory.gsd)
[2026-03-03 10:51:34] eps=6 rep=2/10: start (eps_6/rep_003/trajectory.gsd)
[2026-03-03 10:51:34] eps=3 rep=6/10: start (eps_3/rep_010/trajectory.gsd)
[2026-03-03 10:51:34] eps=6 rep=1/10: start (eps_6/rep_004/trajectory.gsd)
[2026-03-03 10:51:34] eps=6 rep=3/10: start (eps_6/rep_007/trajectory.gsd)
[2026-03-03 10:51:34] eps=6 rep=4/10: start (eps_6/rep_006/trajectory.gsd)
[2026-03-03 10:51:34] eps=3 rep=10/10: start (eps_3/rep_001/trajectory.gsd)
[2026-03-03 10:51:34] eps=3 rep=9/10: start (eps_3/rep_002/trajectory.gsd)
[2026-03-03 10:51:34] eps=6 rep=7/10: start (eps_6/rep_009/trajectory.gsd)
[2026-03-03 10:51:34] eps=6 rep=9/10: start (eps_6/rep_002/trajectory.gsd)
[2026-03-03 10:51:34] eps=6 rep=6/10: start (eps_6/rep_010/trajectory.gsd)
[2026-03-03 10:51:34] eps=6 rep=10/10: start (eps_6/rep_001/trajectory.gsd)
[2026-03-03 10:51:34] eps=9 rep=2/10: start (eps_9/rep_003/trajectory.gsd)
[2026-03-03 10:51:34] eps=9 rep=1/10: start (eps_9/rep_004/trajectory.gsd)
[2026-03-03 10:51:34] eps=9 rep=6/10: start (eps_9/rep_010/trajectory.gsd)
[2026-03-03 10:51:34] eps=6 rep=5/10: start (eps_6/rep_005/trajectory.gsd)
[2026-03-03 10:51:34] eps=9 rep=8/10: start (eps_9/rep_008/trajectory.gsd)
[2026-03-03 10:51:34] eps=6 rep=8/10: start (eps_6/rep_008/trajectory.gsd)
[2026-03-03 10:51:34] eps=9 rep=7/10: start (eps_9/rep_009/trajectory.gsd)
[2026-03-03 10:51:34] eps=9 rep=5/10: start (eps_9/rep_005/trajectory.gsd)
[2026-03-03 10:51:34] eps=12 rep=4/9: start (eps_12/rep_006/trajectory.gsd)
[2026-03-03 10:51:34] eps=9 rep=9/10: start (eps_9/rep_002/trajectory.gsd)
[2026-03-03 10:51:34] eps=12 rep=1/9: start (eps_12/rep_004/trajectory.gsd)
[2026-03-03 10:51:34] eps=12 rep=6/9: start (eps_12/rep_010/trajectory.gsd)
[2026-03-03 10:51:34] eps=12 rep=5/9: start (eps_12/rep_005/trajectory.gsd)
[2026-03-03 10:51:34] eps=9 rep=10/10: start (eps_9/rep_001/trajectory.gsd)
[2026-03-03 10:51:34] eps=12 rep=7/9: start (eps_12/rep_009/trajectory.gsd)
[2026-03-03 10:51:34] eps=12 rep=8/9: start (eps_12/rep_002/trajectory.gsd)
[2026-03-03 10:51:34] eps=15 rep=2/10: start (eps_15/rep_003/trajectory.gsd)
[2026-03-03 10:51:34] eps=12 rep=2/9: start (eps_12/rep_003/trajectory.gsd)
[2026-03-03 10:51:34] eps=9 rep=3/10: start (eps_9/rep_007/trajectory.gsd)
[2026-03-03 10:51:34] eps=9 rep=4/10: start (eps_9/rep_006/trajectory.gsd)
[2026-03-03 10:51:34] eps=15 rep=7/10: start (eps_15/rep_009/trajectory.gsd)
[2026-03-03 10:51:34] eps=12 rep=3/9: start (eps_12/rep_007/trajectory.gsd)
[2026-03-03 10:51:34] eps=15 rep=6/10: start (eps_15/rep_010/trajectory.gsd)
[2026-03-03 10:51:34] eps=15 rep=3/10: start (eps_15/rep_007/trajectory.gsd)
[2026-03-03 10:51:34] eps=15 rep=10/10: start (eps_15/rep_001/trajectory.gsd)
[2026-03-03 10:51:34] eps=12 rep=9/9: start (eps_12/rep_001/trajectory.gsd)
[2026-03-03 10:51:34] eps=15 rep=1/10: start (eps_15/rep_004/trajectory.gsd)
[2026-03-03 10:51:34] eps=15 rep=8/10: start (eps_15/rep_008/trajectory.gsd)
[2026-03-03 10:51:34] eps=18 rep=1/10: start (eps_18/rep_004/trajectory.gsd)
[2026-03-03 10:51:34] eps=15 rep=4/10: start (eps_15/rep_006/trajectory.gsd)
[2026-03-03 10:51:34] eps=18 rep=4/10: start (eps_18/rep_006/trajectory.gsd)
[2026-03-03 10:51:34] eps=15 rep=9/10: start (eps_15/rep_002/trajectory.gsd)
[2026-03-03 10:51:34] eps=15 rep=5/10: start (eps_15/rep_005/trajectory.gsd)
[2026-03-03 10:51:34] eps=18 rep=3/10: start (eps_18/rep_007/trajectory.gsd)
[2026-03-03 10:51:34] eps=18 rep=5/10: start (eps_18/rep_005/trajectory.gsd)
[2026-03-03 10:51:34] eps=18 rep=8/10: start (eps_18/rep_008/trajectory.gsd)
[2026-03-03 10:51:34] eps=18 rep=6/10: start (eps_18/rep_010/trajectory.gsd)
[2026-03-03 10:51:34] eps=18 rep=2/10: start (eps_18/rep_003/trajectory.gsd)
[2026-03-03 10:51:34] eps=18 rep=9/10: start (eps_18/rep_002/trajectory.gsd)
[2026-03-03 10:51:34] eps=18 rep=7/10: start (eps_18/rep_009/trajectory.gsd)
[2026-03-03 10:51:34] eps=18 rep=10/10: start (eps_18/rep_001/trajectory.gsd)
[2026-03-03 10:52:02] eps=3 rep=9/10: frame progress 100/1000 (10.0%)
[2026-03-03 10:52:02] eps=3 rep=6/10: frame progress 100/1000 (10.0%)
[2026-03-03 10:52:02] eps=3 rep=8/10: frame progress 100/1000 (10.0%)
[2026-03-03 10:52:02] eps=3 rep=1/10: frame progress 100/1000 (10.0%)
[2026-03-03 10:52:02] eps=3 rep=10/10: frame progress 100/1000 (10.0%)
[2026-03-03 10:52:02] eps=3 rep=2/10: frame progress 100/1000 (10.0%)
[2026-03-03 10:52:02] eps=3 rep=4/10: frame progress 100/1000 (10.0%)
[2026-03-03 10:52:02] eps=3 rep=7/10: frame progress 100/1000 (10.0%)
[2026-03-03 10:52:03] eps=3 rep=3/10: frame progress 100/1000 (10.0%)
[2026-03-03 10:52:03] eps=6 rep=1/10: frame progress 100/1000 (10.0%)
[2026-03-03 10:52:04] eps=6 rep=7/10: frame progress 100/1000 (10.0%)
[2026-03-03 10:52:04] eps=6 rep=10/10: frame progress 100/1000 (10.0%)
[2026-03-03 10:52:04] eps=6 rep=5/10: frame progress 100/1000 (10.0%)
[2026-03-03 10:52:04] eps=6 rep=4/10: frame progress 100/1000 (10.0%)
[2026-03-03 10:52:04] eps=6 rep=3/10: frame progress 100/1000 (10.0%)
[2026-03-03 10:52:04] eps=6 rep=8/10: frame progress 100/1000 (10.0%)
[2026-03-03 10:52:04] eps=6 rep=6/10: frame progress 100/1000 (10.0%)
[2026-03-03 10:52:04] eps=6 rep=9/10: frame progress 100/1000 (10.0%)
[2026-03-03 10:52:04] eps=6 rep=2/10: frame progress 100/1000 (10.0%)
[2026-03-03 10:52:04] eps=3 rep=5/10: frame progress 100/1000 (10.0%)
[2026-03-03 10:52:05] eps=9 rep=3/10: frame progress 100/1000 (10.0%)
[2026-03-03 10:52:06] eps=9 rep=7/10: frame progress 100/1000 (10.0%)
[2026-03-03 10:52:06] eps=9 rep=10/10: frame progress 100/1000 (10.0%)
[2026-03-03 10:52:06] eps=9 rep=2/10: frame progress 100/1000 (10.0%)
[2026-03-03 10:52:06] eps=9 rep=8/10: frame progress 100/1000 (10.0%)
[2026-03-03 10:52:06] eps=9 rep=5/10: frame progress 100/1000 (10.0%)
[2026-03-03 10:52:06] eps=9 rep=1/10: frame progress 100/1000 (10.0%)
[2026-03-03 10:52:06] eps=9 rep=4/10: frame progress 100/1000 (10.0%)
[2026-03-03 10:52:06] eps=9 rep=9/10: frame progress 100/1000 (10.0%)
[2026-03-03 10:52:06] eps=9 rep=6/10: frame progress 100/1000 (10.0%)
[2026-03-03 10:52:07] eps=12 rep=6/9: frame progress 100/1000 (10.0%)
[2026-03-03 10:52:08] eps=12 rep=5/9: frame progress 100/1000 (10.0%)
[2026-03-03 10:52:08] eps=12 rep=3/9: frame progress 100/1000 (10.0%)
[2026-03-03 10:52:08] eps=12 rep=1/9: frame progress 100/1000 (10.0%)
[2026-03-03 10:52:08] eps=12 rep=8/9: frame progress 100/1000 (10.0%)
[2026-03-03 10:52:08] eps=15 rep=5/10: frame progress 100/1000 (10.0%)
[2026-03-03 10:52:09] eps=12 rep=2/9: frame progress 100/1000 (10.0%)
[2026-03-03 10:52:09] eps=12 rep=4/9: frame progress 100/1000 (10.0%)
[2026-03-03 10:52:09] eps=12 rep=7/9: frame progress 100/1000 (10.0%)
[2026-03-03 10:52:09] eps=15 rep=4/10: frame progress 100/1000 (10.0%)
[2026-03-03 10:52:09] eps=15 rep=9/10: frame progress 100/1000 (10.0%)
[2026-03-03 10:52:09] eps=12 rep=9/9: frame progress 100/1000 (10.0%)
[2026-03-03 10:52:09] eps=18 rep=7/10: frame progress 100/1000 (10.0%)
[2026-03-03 10:52:09] eps=15 rep=3/10: frame progress 100/1000 (10.0%)
[2026-03-03 10:52:09] eps=18 rep=2/10: frame progress 100/1000 (10.0%)
[2026-03-03 10:52:09] eps=18 rep=1/10: frame progress 100/1000 (10.0%)
[2026-03-03 10:52:10] eps=18 rep=4/10: frame progress 100/1000 (10.0%)
[2026-03-03 10:52:10] eps=18 rep=5/10: frame progress 100/1000 (10.0%)
[2026-03-03 10:52:10] eps=18 rep=6/10: frame progress 100/1000 (10.0%)
[2026-03-03 10:52:10] eps=15 rep=6/10: frame progress 100/1000 (10.0%)
[2026-03-03 10:52:10] eps=15 rep=2/10: frame progress 100/1000 (10.0%)
[2026-03-03 10:52:10] eps=15 rep=7/10: frame progress 100/1000 (10.0%)
[2026-03-03 10:52:10] eps=15 rep=8/10: frame progress 100/1000 (10.0%)
[2026-03-03 10:52:10] eps=15 rep=10/10: frame progress 100/1000 (10.0%)
[2026-03-03 10:52:10] eps=15 rep=1/10: frame progress 100/1000 (10.0%)
[2026-03-03 10:52:10] eps=18 rep=9/10: frame progress 100/1000 (10.0%)
[2026-03-03 10:52:10] eps=18 rep=10/10: frame progress 100/1000 (10.0%)
[2026-03-03 10:52:10] eps=18 rep=3/10: frame progress 100/1000 (10.0%)
[2026-03-03 10:52:10] eps=18 rep=8/10: frame progress 100/1000 (10.0%)
[2026-03-03 10:52:31] eps=3 rep=9/10: frame progress 200/1000 (20.0%)
[2026-03-03 10:52:31] eps=3 rep=1/10: frame progress 200/1000 (20.0%)
[2026-03-03 10:52:32] eps=3 rep=6/10: frame progress 200/1000 (20.0%)
[2026-03-03 10:52:32] eps=3 rep=8/10: frame progress 200/1000 (20.0%)
[2026-03-03 10:52:32] eps=3 rep=10/10: frame progress 200/1000 (20.0%)
[2026-03-03 10:52:32] eps=3 rep=2/10: frame progress 200/1000 (20.0%)
[2026-03-03 10:52:32] eps=3 rep=4/10: frame progress 200/1000 (20.0%)
[2026-03-03 10:52:32] eps=3 rep=7/10: frame progress 200/1000 (20.0%)
[2026-03-03 10:52:33] eps=3 rep=3/10: frame progress 200/1000 (20.0%)
[2026-03-03 10:52:36] eps=6 rep=1/10: frame progress 200/1000 (20.0%)
[2026-03-03 10:52:36] eps=6 rep=7/10: frame progress 200/1000 (20.0%)
[2026-03-03 10:52:36] eps=6 rep=5/10: frame progress 200/1000 (20.0%)
[2026-03-03 10:52:36] eps=6 rep=10/10: frame progress 200/1000 (20.0%)
[2026-03-03 10:52:36] eps=6 rep=4/10: frame progress 200/1000 (20.0%)
[2026-03-03 10:52:36] eps=6 rep=3/10: frame progress 200/1000 (20.0%)
[2026-03-03 10:52:36] eps=6 rep=8/10: frame progress 200/1000 (20.0%)
[2026-03-03 10:52:36] eps=6 rep=6/10: frame progress 200/1000 (20.0%)
[2026-03-03 10:52:36] eps=6 rep=9/10: frame progress 200/1000 (20.0%)
[2026-03-03 10:52:36] eps=3 rep=5/10: frame progress 200/1000 (20.0%)
[2026-03-03 10:52:36] eps=6 rep=2/10: frame progress 200/1000 (20.0%)
[2026-03-03 10:52:40] eps=9 rep=3/10: frame progress 200/1000 (20.0%)
[2026-03-03 10:52:41] eps=9 rep=9/10: frame progress 200/1000 (20.0%)
[2026-03-03 10:52:41] eps=9 rep=7/10: frame progress 200/1000 (20.0%)
[2026-03-03 10:52:41] eps=9 rep=2/10: frame progress 200/1000 (20.0%)
[2026-03-03 10:52:42] eps=9 rep=8/10: frame progress 200/1000 (20.0%)
[2026-03-03 10:52:42] eps=9 rep=5/10: frame progress 200/1000 (20.0%)
[2026-03-03 10:52:42] eps=9 rep=4/10: frame progress 200/1000 (20.0%)
[2026-03-03 10:52:42] eps=9 rep=10/10: frame progress 200/1000 (20.0%)
[2026-03-03 10:52:42] eps=9 rep=1/10: frame progress 200/1000 (20.0%)
[2026-03-03 10:52:43] eps=9 rep=6/10: frame progress 200/1000 (20.0%)
[2026-03-03 10:52:49] eps=12 rep=6/9: frame progress 200/1000 (20.0%)
[2026-03-03 10:52:52] eps=12 rep=5/9: frame progress 200/1000 (20.0%)
[2026-03-03 10:52:52] eps=12 rep=3/9: frame progress 200/1000 (20.0%)
[2026-03-03 10:52:52] eps=12 rep=1/9: frame progress 200/1000 (20.0%)
[2026-03-03 10:52:52] eps=12 rep=8/9: frame progress 200/1000 (20.0%)
[2026-03-03 10:52:52] eps=12 rep=2/9: frame progress 200/1000 (20.0%)
[2026-03-03 10:52:52] eps=12 rep=4/9: frame progress 200/1000 (20.0%)
[2026-03-03 10:52:53] eps=12 rep=7/9: frame progress 200/1000 (20.0%)
[2026-03-03 10:52:54] eps=12 rep=9/9: frame progress 200/1000 (20.0%)
[2026-03-03 10:52:55] eps=15 rep=5/10: frame progress 200/1000 (20.0%)
[2026-03-03 10:52:56] eps=15 rep=4/10: frame progress 200/1000 (20.0%)
[2026-03-03 10:52:58] eps=15 rep=3/10: frame progress 200/1000 (20.0%)
[2026-03-03 10:52:58] eps=15 rep=9/10: frame progress 200/1000 (20.0%)
[2026-03-03 10:52:59] eps=18 rep=7/10: frame progress 200/1000 (20.0%)
[2026-03-03 10:52:59] eps=15 rep=6/10: frame progress 200/1000 (20.0%)
[2026-03-03 10:52:59] eps=15 rep=7/10: frame progress 200/1000 (20.0%)
[2026-03-03 10:52:59] eps=18 rep=5/10: frame progress 200/1000 (20.0%)
[2026-03-03 10:52:59] eps=15 rep=10/10: frame progress 200/1000 (20.0%)
[2026-03-03 10:52:59] eps=15 rep=2/10: frame progress 200/1000 (20.0%)
[2026-03-03 10:52:59] eps=18 rep=2/10: frame progress 200/1000 (20.0%)
[2026-03-03 10:52:59] eps=15 rep=8/10: frame progress 200/1000 (20.0%)
[2026-03-03 10:52:59] eps=18 rep=1/10: frame progress 200/1000 (20.0%)
[2026-03-03 10:52:59] eps=18 rep=4/10: frame progress 200/1000 (20.0%)
[2026-03-03 10:52:59] eps=18 rep=6/10: frame progress 200/1000 (20.0%)
[2026-03-03 10:52:59] eps=15 rep=1/10: frame progress 200/1000 (20.0%)
[2026-03-03 10:53:00] eps=18 rep=9/10: frame progress 200/1000 (20.0%)
[2026-03-03 10:53:00] eps=18 rep=10/10: frame progress 200/1000 (20.0%)
[2026-03-03 10:53:01] eps=18 rep=8/10: frame progress 200/1000 (20.0%)
[2026-03-03 10:53:01] eps=18 rep=3/10: frame progress 200/1000 (20.0%)
[2026-03-03 10:53:01] eps=3 rep=9/10: frame progress 300/1000 (30.0%)
[2026-03-03 10:53:02] eps=3 rep=1/10: frame progress 300/1000 (30.0%)
[2026-03-03 10:53:03] eps=3 rep=6/10: frame progress 300/1000 (30.0%)
[2026-03-03 10:53:03] eps=3 rep=8/10: frame progress 300/1000 (30.0%)
[2026-03-03 10:53:04] eps=3 rep=10/10: frame progress 300/1000 (30.0%)
[2026-03-03 10:53:04] eps=3 rep=2/10: frame progress 300/1000 (30.0%)
[2026-03-03 10:53:04] eps=3 rep=4/10: frame progress 300/1000 (30.0%)
[2026-03-03 10:53:04] eps=3 rep=7/10: frame progress 300/1000 (30.0%)
[2026-03-03 10:53:05] eps=3 rep=3/10: frame progress 300/1000 (30.0%)
[2026-03-03 10:53:10] eps=3 rep=5/10: frame progress 300/1000 (30.0%)
[2026-03-03 10:53:11] eps=6 rep=1/10: frame progress 300/1000 (30.0%)
[2026-03-03 10:53:11] eps=6 rep=7/10: frame progress 300/1000 (30.0%)
[2026-03-03 10:53:11] eps=6 rep=5/10: frame progress 300/1000 (30.0%)
[2026-03-03 10:53:11] eps=6 rep=10/10: frame progress 300/1000 (30.0%)
[2026-03-03 10:53:11] eps=6 rep=4/10: frame progress 300/1000 (30.0%)
[2026-03-03 10:53:11] eps=6 rep=3/10: frame progress 300/1000 (30.0%)
[2026-03-03 10:53:11] eps=6 rep=8/10: frame progress 300/1000 (30.0%)
[2026-03-03 10:53:11] eps=6 rep=9/10: frame progress 300/1000 (30.0%)
[2026-03-03 10:53:11] eps=6 rep=6/10: frame progress 300/1000 (30.0%)
[2026-03-03 10:53:12] eps=6 rep=2/10: frame progress 300/1000 (30.0%)
[2026-03-03 10:53:19] eps=9 rep=3/10: frame progress 300/1000 (30.0%)
[2026-03-03 10:53:20] eps=9 rep=9/10: frame progress 300/1000 (30.0%)
[2026-03-03 10:53:22] eps=9 rep=7/10: frame progress 300/1000 (30.0%)
[2026-03-03 10:53:22] eps=9 rep=4/10: frame progress 300/1000 (30.0%)
[2026-03-03 10:53:22] eps=9 rep=2/10: frame progress 300/1000 (30.0%)
[2026-03-03 10:53:22] eps=9 rep=8/10: frame progress 300/1000 (30.0%)
[2026-03-03 10:53:22] eps=9 rep=1/10: frame progress 300/1000 (30.0%)
[2026-03-03 10:53:22] eps=9 rep=10/10: frame progress 300/1000 (30.0%)
[2026-03-03 10:53:22] eps=9 rep=5/10: frame progress 300/1000 (30.0%)
[2026-03-03 10:53:24] eps=9 rep=6/10: frame progress 300/1000 (30.0%)
[2026-03-03 10:53:33] eps=3 rep=9/10: frame progress 400/1000 (40.0%)
[2026-03-03 10:53:34] eps=3 rep=1/10: frame progress 400/1000 (40.0%)
[2026-03-03 10:53:36] eps=3 rep=6/10: frame progress 400/1000 (40.0%)
[2026-03-03 10:53:36] eps=3 rep=8/10: frame progress 400/1000 (40.0%)
[2026-03-03 10:53:37] eps=3 rep=10/10: frame progress 400/1000 (40.0%)
[2026-03-03 10:53:37] eps=3 rep=2/10: frame progress 400/1000 (40.0%)
[2026-03-03 10:53:37] eps=12 rep=6/9: frame progress 300/1000 (30.0%)
[2026-03-03 10:53:37] eps=3 rep=4/10: frame progress 400/1000 (40.0%)
[2026-03-03 10:53:37] eps=3 rep=7/10: frame progress 400/1000 (40.0%)
[2026-03-03 10:53:38] eps=3 rep=3/10: frame progress 400/1000 (40.0%)
[2026-03-03 10:53:42] eps=12 rep=5/9: frame progress 300/1000 (30.0%)
[2026-03-03 10:53:42] eps=12 rep=3/9: frame progress 300/1000 (30.0%)
[2026-03-03 10:53:42] eps=12 rep=1/9: frame progress 300/1000 (30.0%)
[2026-03-03 10:53:43] eps=12 rep=8/9: frame progress 300/1000 (30.0%)
[2026-03-03 10:53:43] eps=12 rep=2/9: frame progress 300/1000 (30.0%)
[2026-03-03 10:53:43] eps=12 rep=4/9: frame progress 300/1000 (30.0%)
[2026-03-03 10:53:44] eps=12 rep=7/9: frame progress 300/1000 (30.0%)
[2026-03-03 10:53:44] eps=12 rep=9/9: frame progress 300/1000 (30.0%)
[2026-03-03 10:53:45] eps=3 rep=5/10: frame progress 400/1000 (40.0%)
[2026-03-03 10:53:49] eps=6 rep=1/10: frame progress 400/1000 (40.0%)
[2026-03-03 10:53:49] eps=6 rep=7/10: frame progress 400/1000 (40.0%)
[2026-03-03 10:53:49] eps=6 rep=10/10: frame progress 400/1000 (40.0%)
[2026-03-03 10:53:49] eps=6 rep=9/10: frame progress 400/1000 (40.0%)
[2026-03-03 10:53:49] eps=6 rep=5/10: frame progress 400/1000 (40.0%)
[2026-03-03 10:53:49] eps=6 rep=4/10: frame progress 400/1000 (40.0%)
[2026-03-03 10:53:49] eps=6 rep=8/10: frame progress 400/1000 (40.0%)
[2026-03-03 10:53:49] eps=6 rep=6/10: frame progress 400/1000 (40.0%)
[2026-03-03 10:53:50] eps=6 rep=3/10: frame progress 400/1000 (40.0%)
[2026-03-03 10:53:50] eps=6 rep=2/10: frame progress 400/1000 (40.0%)
[2026-03-03 10:53:55] eps=15 rep=5/10: frame progress 300/1000 (30.0%)
[2026-03-03 10:53:56] eps=15 rep=4/10: frame progress 300/1000 (30.0%)
[2026-03-03 10:54:00] eps=15 rep=3/10: frame progress 300/1000 (30.0%)
[2026-03-03 10:54:01] eps=15 rep=9/10: frame progress 300/1000 (30.0%)
[2026-03-03 10:54:01] eps=15 rep=7/10: frame progress 300/1000 (30.0%)
[2026-03-03 10:54:01] eps=15 rep=6/10: frame progress 300/1000 (30.0%)
[2026-03-03 10:54:02] eps=15 rep=10/10: frame progress 300/1000 (30.0%)
[2026-03-03 10:54:02] eps=15 rep=2/10: frame progress 300/1000 (30.0%)
[2026-03-03 10:54:02] eps=9 rep=3/10: frame progress 400/1000 (40.0%)
[2026-03-03 10:54:02] eps=15 rep=8/10: frame progress 300/1000 (30.0%)
[2026-03-03 10:54:03] eps=18 rep=5/10: frame progress 300/1000 (30.0%)
[2026-03-03 10:54:03] eps=18 rep=7/10: frame progress 300/1000 (30.0%)
[2026-03-03 10:54:03] eps=9 rep=9/10: frame progress 400/1000 (40.0%)
[2026-03-03 10:54:03] eps=15 rep=1/10: frame progress 300/1000 (30.0%)
[2026-03-03 10:54:03] eps=18 rep=2/10: frame progress 300/1000 (30.0%)
[2026-03-03 10:54:03] eps=18 rep=1/10: frame progress 300/1000 (30.0%)
[2026-03-03 10:54:03] eps=18 rep=4/10: frame progress 300/1000 (30.0%)
[2026-03-03 10:54:04] eps=18 rep=6/10: frame progress 300/1000 (30.0%)
[2026-03-03 10:54:05] eps=18 rep=9/10: frame progress 300/1000 (30.0%)
[2026-03-03 10:54:05] eps=9 rep=4/10: frame progress 400/1000 (40.0%)
[2026-03-03 10:54:06] eps=18 rep=10/10: frame progress 300/1000 (30.0%)
[2026-03-03 10:54:06] eps=18 rep=8/10: frame progress 300/1000 (30.0%)
[2026-03-03 10:54:06] eps=18 rep=3/10: frame progress 300/1000 (30.0%)
[2026-03-03 10:54:06] eps=9 rep=5/10: frame progress 400/1000 (40.0%)
[2026-03-03 10:54:06] eps=9 rep=2/10: frame progress 400/1000 (40.0%)
[2026-03-03 10:54:07] eps=3 rep=9/10: frame progress 500/1000 (50.0%)
[2026-03-03 10:54:07] eps=9 rep=7/10: frame progress 400/1000 (40.0%)
[2026-03-03 10:54:07] eps=9 rep=1/10: frame progress 400/1000 (40.0%)
[2026-03-03 10:54:07] eps=9 rep=10/10: frame progress 400/1000 (40.0%)
[2026-03-03 10:54:07] eps=9 rep=8/10: frame progress 400/1000 (40.0%)
[2026-03-03 10:54:08] eps=3 rep=1/10: frame progress 500/1000 (50.0%)
[2026-03-03 10:54:10] eps=9 rep=6/10: frame progress 400/1000 (40.0%)
[2026-03-03 10:54:11] eps=3 rep=6/10: frame progress 500/1000 (50.0%)
[2026-03-03 10:54:11] eps=3 rep=8/10: frame progress 500/1000 (50.0%)
[2026-03-03 10:54:11] eps=3 rep=10/10: frame progress 500/1000 (50.0%)
[2026-03-03 10:54:12] eps=3 rep=2/10: frame progress 500/1000 (50.0%)
[2026-03-03 10:54:12] eps=3 rep=4/10: frame progress 500/1000 (50.0%)
[2026-03-03 10:54:13] eps=3 rep=7/10: frame progress 500/1000 (50.0%)
[2026-03-03 10:54:13] eps=3 rep=3/10: frame progress 500/1000 (50.0%)
[2026-03-03 10:54:22] eps=3 rep=5/10: frame progress 500/1000 (50.0%)
[2026-03-03 10:54:29] eps=6 rep=1/10: frame progress 500/1000 (50.0%)
[2026-03-03 10:54:29] eps=6 rep=7/10: frame progress 500/1000 (50.0%)
[2026-03-03 10:54:30] eps=6 rep=10/10: frame progress 500/1000 (50.0%)
[2026-03-03 10:54:30] eps=12 rep=6/9: frame progress 400/1000 (40.0%)
[2026-03-03 10:54:30] eps=6 rep=5/10: frame progress 500/1000 (50.0%)
[2026-03-03 10:54:30] eps=6 rep=4/10: frame progress 500/1000 (50.0%)
[2026-03-03 10:54:30] eps=6 rep=9/10: frame progress 500/1000 (50.0%)
[2026-03-03 10:54:30] eps=6 rep=8/10: frame progress 500/1000 (50.0%)
[2026-03-03 10:54:30] eps=6 rep=6/10: frame progress 500/1000 (50.0%)
[2026-03-03 10:54:30] eps=6 rep=3/10: frame progress 500/1000 (50.0%)
[2026-03-03 10:54:31] eps=6 rep=2/10: frame progress 500/1000 (50.0%)
[2026-03-03 10:54:37] eps=12 rep=5/9: frame progress 400/1000 (40.0%)
[2026-03-03 10:54:38] eps=12 rep=1/9: frame progress 400/1000 (40.0%)
[2026-03-03 10:54:38] eps=12 rep=3/9: frame progress 400/1000 (40.0%)
[2026-03-03 10:54:38] eps=12 rep=8/9: frame progress 400/1000 (40.0%)
[2026-03-03 10:54:39] eps=12 rep=2/9: frame progress 400/1000 (40.0%)
[2026-03-03 10:54:39] eps=12 rep=4/9: frame progress 400/1000 (40.0%)
[2026-03-03 10:54:40] eps=12 rep=7/9: frame progress 400/1000 (40.0%)
[2026-03-03 10:54:40] eps=12 rep=9/9: frame progress 400/1000 (40.0%)
[2026-03-03 10:54:42] eps=3 rep=9/10: frame progress 600/1000 (60.0%)
[2026-03-03 10:54:43] eps=3 rep=1/10: frame progress 600/1000 (60.0%)
[2026-03-03 10:54:47] eps=3 rep=6/10: frame progress 600/1000 (60.0%)
[2026-03-03 10:54:47] eps=3 rep=8/10: frame progress 600/1000 (60.0%)
[2026-03-03 10:54:48] eps=3 rep=10/10: frame progress 600/1000 (60.0%)
[2026-03-03 10:54:48] eps=3 rep=2/10: frame progress 600/1000 (60.0%)
[2026-03-03 10:54:48] eps=9 rep=3/10: frame progress 500/1000 (50.0%)
[2026-03-03 10:54:49] eps=3 rep=4/10: frame progress 600/1000 (60.0%)
[2026-03-03 10:54:49] eps=9 rep=9/10: frame progress 500/1000 (50.0%)
[2026-03-03 10:54:49] eps=3 rep=7/10: frame progress 600/1000 (60.0%)
[2026-03-03 10:54:50] eps=3 rep=3/10: frame progress 600/1000 (60.0%)
[2026-03-03 10:54:53] eps=9 rep=4/10: frame progress 500/1000 (50.0%)
[2026-03-03 10:54:55] eps=9 rep=2/10: frame progress 500/1000 (50.0%)
[2026-03-03 10:54:55] eps=9 rep=5/10: frame progress 500/1000 (50.0%)
[2026-03-03 10:54:55] eps=9 rep=7/10: frame progress 500/1000 (50.0%)
[2026-03-03 10:54:55] eps=9 rep=8/10: frame progress 500/1000 (50.0%)
[2026-03-03 10:54:56] eps=9 rep=1/10: frame progress 500/1000 (50.0%)
[2026-03-03 10:54:56] eps=9 rep=10/10: frame progress 500/1000 (50.0%)
[2026-03-03 10:54:59] eps=9 rep=6/10: frame progress 500/1000 (50.0%)
[2026-03-03 10:55:01] eps=3 rep=5/10: frame progress 600/1000 (60.0%)
[2026-03-03 10:55:07] eps=15 rep=5/10: frame progress 400/1000 (40.0%)
[2026-03-03 10:55:08] eps=15 rep=4/10: frame progress 400/1000 (40.0%)
[2026-03-03 10:55:12] eps=6 rep=7/10: frame progress 600/1000 (60.0%)
[2026-03-03 10:55:12] eps=6 rep=1/10: frame progress 600/1000 (60.0%)
[2026-03-03 10:55:13] eps=6 rep=10/10: frame progress 600/1000 (60.0%)
[2026-03-03 10:55:13] eps=6 rep=5/10: frame progress 600/1000 (60.0%)
[2026-03-03 10:55:13] eps=6 rep=4/10: frame progress 600/1000 (60.0%)
[2026-03-03 10:55:13] eps=6 rep=6/10: frame progress 600/1000 (60.0%)
[2026-03-03 10:55:13] eps=6 rep=8/10: frame progress 600/1000 (60.0%)
[2026-03-03 10:55:14] eps=6 rep=3/10: frame progress 600/1000 (60.0%)
[2026-03-03 10:55:14] eps=6 rep=9/10: frame progress 600/1000 (60.0%)
[2026-03-03 10:55:14] eps=6 rep=2/10: frame progress 600/1000 (60.0%)
[2026-03-03 10:55:16] eps=15 rep=3/10: frame progress 400/1000 (40.0%)
[2026-03-03 10:55:17] eps=15 rep=9/10: frame progress 400/1000 (40.0%)
[2026-03-03 10:55:18] eps=3 rep=9/10: frame progress 700/1000 (70.0%)
[2026-03-03 10:55:18] eps=15 rep=6/10: frame progress 400/1000 (40.0%)
[2026-03-03 10:55:18] eps=15 rep=7/10: frame progress 400/1000 (40.0%)
[2026-03-03 10:55:18] eps=15 rep=10/10: frame progress 400/1000 (40.0%)
[2026-03-03 10:55:18] eps=15 rep=8/10: frame progress 400/1000 (40.0%)
[2026-03-03 10:55:19] eps=15 rep=2/10: frame progress 400/1000 (40.0%)
[2026-03-03 10:55:20] eps=3 rep=1/10: frame progress 700/1000 (70.0%)
[2026-03-03 10:55:20] eps=15 rep=1/10: frame progress 400/1000 (40.0%)
[2026-03-03 10:55:21] eps=18 rep=5/10: frame progress 400/1000 (40.0%)
[2026-03-03 10:55:22] eps=18 rep=7/10: frame progress 400/1000 (40.0%)
[2026-03-03 10:55:22] eps=18 rep=2/10: frame progress 400/1000 (40.0%)
[2026-03-03 10:55:22] eps=18 rep=1/10: frame progress 400/1000 (40.0%)
[2026-03-03 10:55:23] eps=18 rep=4/10: frame progress 400/1000 (40.0%)
[2026-03-03 10:55:23] eps=18 rep=6/10: frame progress 400/1000 (40.0%)
[2026-03-03 10:55:25] eps=3 rep=6/10: frame progress 700/1000 (70.0%)
[2026-03-03 10:55:25] eps=18 rep=9/10: frame progress 400/1000 (40.0%)
[2026-03-03 10:55:25] eps=3 rep=8/10: frame progress 700/1000 (70.0%)
[2026-03-03 10:55:25] eps=3 rep=10/10: frame progress 700/1000 (70.0%)
[2026-03-03 10:55:26] eps=18 rep=8/10: frame progress 400/1000 (40.0%)
[2026-03-03 10:55:26] eps=3 rep=2/10: frame progress 700/1000 (70.0%)
[2026-03-03 10:55:26] eps=18 rep=10/10: frame progress 400/1000 (40.0%)
[2026-03-03 10:55:26] eps=18 rep=3/10: frame progress 400/1000 (40.0%)
[2026-03-03 10:55:26] eps=12 rep=6/9: frame progress 500/1000 (50.0%)
[2026-03-03 10:55:27] eps=3 rep=4/10: frame progress 700/1000 (70.0%)
[2026-03-03 10:55:27] eps=3 rep=7/10: frame progress 700/1000 (70.0%)
[2026-03-03 10:55:28] eps=3 rep=3/10: frame progress 700/1000 (70.0%)
[2026-03-03 10:55:37] eps=12 rep=5/9: frame progress 500/1000 (50.0%)
[2026-03-03 10:55:37] eps=12 rep=1/9: frame progress 500/1000 (50.0%)
[2026-03-03 10:55:38] eps=12 rep=3/9: frame progress 500/1000 (50.0%)
[2026-03-03 10:55:39] eps=12 rep=4/9: frame progress 500/1000 (50.0%)
[2026-03-03 10:55:39] eps=12 rep=8/9: frame progress 500/1000 (50.0%)
[2026-03-03 10:55:39] eps=12 rep=2/9: frame progress 500/1000 (50.0%)
[2026-03-03 10:55:39] eps=9 rep=3/10: frame progress 600/1000 (60.0%)
[2026-03-03 10:55:39] eps=9 rep=9/10: frame progress 600/1000 (60.0%)
[2026-03-03 10:55:41] eps=12 rep=9/9: frame progress 500/1000 (50.0%)
[2026-03-03 10:55:41] eps=3 rep=5/10: frame progress 700/1000 (70.0%)
[2026-03-03 10:55:41] eps=12 rep=7/9: frame progress 500/1000 (50.0%)
[2026-03-03 10:55:44] eps=9 rep=4/10: frame progress 600/1000 (60.0%)
[2026-03-03 10:55:48] eps=9 rep=2/10: frame progress 600/1000 (60.0%)
[2026-03-03 10:55:48] eps=9 rep=5/10: frame progress 600/1000 (60.0%)
[2026-03-03 10:55:48] eps=9 rep=8/10: frame progress 600/1000 (60.0%)
[2026-03-03 10:55:48] eps=9 rep=7/10: frame progress 600/1000 (60.0%)
[2026-03-03 10:55:49] eps=9 rep=1/10: frame progress 600/1000 (60.0%)
[2026-03-03 10:55:49] eps=9 rep=10/10: frame progress 600/1000 (60.0%)
[2026-03-03 10:55:52] eps=9 rep=6/10: frame progress 600/1000 (60.0%)
[2026-03-03 10:55:56] eps=3 rep=9/10: frame progress 800/1000 (80.0%)
[2026-03-03 10:55:58] eps=3 rep=1/10: frame progress 800/1000 (80.0%)
[2026-03-03 10:55:58] eps=6 rep=7/10: frame progress 700/1000 (70.0%)
[2026-03-03 10:55:58] eps=6 rep=10/10: frame progress 700/1000 (70.0%)
[2026-03-03 10:55:58] eps=6 rep=1/10: frame progress 700/1000 (70.0%)
[2026-03-03 10:55:59] eps=6 rep=5/10: frame progress 700/1000 (70.0%)
[2026-03-03 10:55:59] eps=6 rep=4/10: frame progress 700/1000 (70.0%)
[2026-03-03 10:55:59] eps=6 rep=6/10: frame progress 700/1000 (70.0%)
[2026-03-03 10:56:00] eps=6 rep=8/10: frame progress 700/1000 (70.0%)
[2026-03-03 10:56:00] eps=6 rep=3/10: frame progress 700/1000 (70.0%)
[2026-03-03 10:56:00] eps=6 rep=9/10: frame progress 700/1000 (70.0%)
[2026-03-03 10:56:00] eps=6 rep=2/10: frame progress 700/1000 (70.0%)
[2026-03-03 10:56:04] eps=3 rep=6/10: frame progress 800/1000 (80.0%)
[2026-03-03 10:56:04] eps=3 rep=10/10: frame progress 800/1000 (80.0%)
[2026-03-03 10:56:05] eps=3 rep=8/10: frame progress 800/1000 (80.0%)
[2026-03-03 10:56:06] eps=3 rep=2/10: frame progress 800/1000 (80.0%)
[2026-03-03 10:56:06] eps=3 rep=4/10: frame progress 800/1000 (80.0%)
[2026-03-03 10:56:07] eps=3 rep=7/10: frame progress 800/1000 (80.0%)
[2026-03-03 10:56:08] eps=3 rep=3/10: frame progress 800/1000 (80.0%)
[2026-03-03 10:56:23] eps=3 rep=5/10: frame progress 800/1000 (80.0%)
[2026-03-03 10:56:27] eps=12 rep=6/9: frame progress 600/1000 (60.0%)
[2026-03-03 10:56:31] eps=15 rep=5/10: frame progress 500/1000 (50.0%)
[2026-03-03 10:56:33] eps=15 rep=4/10: frame progress 500/1000 (50.0%)
[2026-03-03 10:56:33] eps=9 rep=9/10: frame progress 700/1000 (70.0%)
[2026-03-03 10:56:34] eps=9 rep=3/10: frame progress 700/1000 (70.0%)
[2026-03-03 10:56:35] eps=3 rep=9/10: frame progress 900/1000 (90.0%)
[2026-03-03 10:56:37] eps=3 rep=1/10: frame progress 900/1000 (90.0%)
[2026-03-03 10:56:40] eps=9 rep=4/10: frame progress 700/1000 (70.0%)
[2026-03-03 10:56:41] eps=12 rep=5/9: frame progress 600/1000 (60.0%)
[2026-03-03 10:56:41] eps=12 rep=1/9: frame progress 600/1000 (60.0%)
[2026-03-03 10:56:43] eps=12 rep=3/9: frame progress 600/1000 (60.0%)
[2026-03-03 10:56:44] eps=12 rep=2/9: frame progress 600/1000 (60.0%)
[2026-03-03 10:56:44] eps=12 rep=4/9: frame progress 600/1000 (60.0%)
[2026-03-03 10:56:44] eps=12 rep=8/9: frame progress 600/1000 (60.0%)
[2026-03-03 10:56:45] eps=3 rep=6/10: frame progress 900/1000 (90.0%)
[2026-03-03 10:56:45] eps=12 rep=9/9: frame progress 600/1000 (60.0%)
[2026-03-03 10:56:45] eps=3 rep=10/10: frame progress 900/1000 (90.0%)
[2026-03-03 10:56:45] eps=9 rep=7/10: frame progress 700/1000 (70.0%)
[2026-03-03 10:56:45] eps=9 rep=5/10: frame progress 700/1000 (70.0%)
[2026-03-03 10:56:46] eps=9 rep=2/10: frame progress 700/1000 (70.0%)
[2026-03-03 10:56:46] eps=3 rep=8/10: frame progress 900/1000 (90.0%)
[2026-03-03 10:56:46] eps=15 rep=3/10: frame progress 500/1000 (50.0%)
[2026-03-03 10:56:46] eps=9 rep=8/10: frame progress 700/1000 (70.0%)
[2026-03-03 10:56:46] eps=12 rep=7/9: frame progress 600/1000 (60.0%)
[2026-03-03 10:56:46] eps=3 rep=2/10: frame progress 900/1000 (90.0%)
[2026-03-03 10:56:47] eps=6 rep=7/10: frame progress 800/1000 (80.0%)
[2026-03-03 10:56:47] eps=9 rep=10/10: frame progress 700/1000 (70.0%)
[2026-03-03 10:56:47] eps=3 rep=4/10: frame progress 900/1000 (90.0%)
[2026-03-03 10:56:47] eps=9 rep=1/10: frame progress 700/1000 (70.0%)
[2026-03-03 10:56:48] eps=6 rep=10/10: frame progress 800/1000 (80.0%)
[2026-03-03 10:56:48] eps=3 rep=7/10: frame progress 900/1000 (90.0%)
[2026-03-03 10:56:48] eps=6 rep=1/10: frame progress 800/1000 (80.0%)
[2026-03-03 10:56:48] eps=15 rep=9/10: frame progress 500/1000 (50.0%)
[2026-03-03 10:56:48] eps=6 rep=4/10: frame progress 800/1000 (80.0%)
[2026-03-03 10:56:48] eps=6 rep=5/10: frame progress 800/1000 (80.0%)
[2026-03-03 10:56:48] eps=3 rep=3/10: frame progress 900/1000 (90.0%)
[2026-03-03 10:56:48] eps=15 rep=8/10: frame progress 500/1000 (50.0%)
[2026-03-03 10:56:49] eps=6 rep=8/10: frame progress 800/1000 (80.0%)
[2026-03-03 10:56:49] eps=6 rep=6/10: frame progress 800/1000 (80.0%)
[2026-03-03 10:56:49] eps=6 rep=3/10: frame progress 800/1000 (80.0%)
[2026-03-03 10:56:49] eps=15 rep=7/10: frame progress 500/1000 (50.0%)
[2026-03-03 10:56:49] eps=6 rep=9/10: frame progress 800/1000 (80.0%)
[2026-03-03 10:56:49] eps=15 rep=10/10: frame progress 500/1000 (50.0%)
[2026-03-03 10:56:49] eps=15 rep=6/10: frame progress 500/1000 (50.0%)
[2026-03-03 10:56:49] eps=15 rep=2/10: frame progress 500/1000 (50.0%)
[2026-03-03 10:56:50] eps=6 rep=2/10: frame progress 800/1000 (80.0%)
[2026-03-03 10:56:50] eps=9 rep=6/10: frame progress 700/1000 (70.0%)
[2026-03-03 10:56:52] eps=15 rep=1/10: frame progress 500/1000 (50.0%)
[2026-03-03 10:56:54] eps=18 rep=5/10: frame progress 500/1000 (50.0%)
[2026-03-03 10:56:55] eps=18 rep=7/10: frame progress 500/1000 (50.0%)
[2026-03-03 10:56:56] eps=18 rep=1/10: frame progress 500/1000 (50.0%)
[2026-03-03 10:56:56] eps=18 rep=2/10: frame progress 500/1000 (50.0%)
[2026-03-03 10:56:57] eps=18 rep=4/10: frame progress 500/1000 (50.0%)
[2026-03-03 10:56:57] eps=18 rep=6/10: frame progress 500/1000 (50.0%)
[2026-03-03 10:56:59] eps=18 rep=9/10: frame progress 500/1000 (50.0%)
[2026-03-03 10:57:01] eps=18 rep=8/10: frame progress 500/1000 (50.0%)
[2026-03-03 10:57:01] eps=18 rep=3/10: frame progress 500/1000 (50.0%)
[2026-03-03 10:57:02] eps=18 rep=10/10: frame progress 500/1000 (50.0%)
[2026-03-03 10:57:06] eps=3 rep=5/10: frame progress 900/1000 (90.0%)
[2026-03-03 10:57:16] eps=3 rep=9/10: frame progress 1000/1000 (100.0%)
[2026-03-03 10:57:18] eps=3 rep=1/10: frame progress 1000/1000 (100.0%)
[2026-03-03 10:57:27] eps=3 rep=6/10: frame progress 1000/1000 (100.0%)
[2026-03-03 10:57:27] eps=3 rep=10/10: frame progress 1000/1000 (100.0%)
[2026-03-03 10:57:28] eps=3 rep=8/10: frame progress 1000/1000 (100.0%)
[2026-03-03 10:57:28] eps=3 rep=9/10: done
[2026-03-03 10:57:28] eps=3 rep=2/10: frame progress 1000/1000 (100.0%)
[2026-03-03 10:57:30] eps=3 rep=4/10: frame progress 1000/1000 (100.0%)
[2026-03-03 10:57:30] eps=3 rep=7/10: frame progress 1000/1000 (100.0%)
[2026-03-03 10:57:30] eps=3 rep=3/10: frame progress 1000/1000 (100.0%)
[2026-03-03 10:57:30] eps=3 rep=1/10: done
[2026-03-03 10:57:31] eps=12 rep=6/9: frame progress 700/1000 (70.0%)
[2026-03-03 10:57:32] eps=9 rep=9/10: frame progress 800/1000 (80.0%)
[2026-03-03 10:57:33] eps=9 rep=3/10: frame progress 800/1000 (80.0%)
[2026-03-03 10:57:39] eps=6 rep=1/10: frame progress 900/1000 (90.0%)
[2026-03-03 10:57:39] eps=6 rep=7/10: frame progress 900/1000 (90.0%)
[2026-03-03 10:57:39] eps=6 rep=10/10: frame progress 900/1000 (90.0%)
[2026-03-03 10:57:40] eps=6 rep=5/10: frame progress 900/1000 (90.0%)
[2026-03-03 10:57:40] eps=9 rep=4/10: frame progress 800/1000 (80.0%)
[2026-03-03 10:57:40] eps=6 rep=4/10: frame progress 900/1000 (90.0%)
[2026-03-03 10:57:40] eps=3 rep=6/10: done
[2026-03-03 10:57:40] eps=3 rep=10/10: done
[2026-03-03 10:57:40] eps=6 rep=6/10: frame progress 900/1000 (90.0%)
[2026-03-03 10:57:40] eps=6 rep=8/10: frame progress 900/1000 (90.0%)
[2026-03-03 10:57:41] eps=3 rep=8/10: done
[2026-03-03 10:57:41] eps=6 rep=3/10: frame progress 900/1000 (90.0%)
[2026-03-03 10:57:41] eps=6 rep=9/10: frame progress 900/1000 (90.0%)
[2026-03-03 10:57:41] eps=6 rep=2/10: frame progress 900/1000 (90.0%)
[2026-03-03 10:57:42] eps=3 rep=2/10: done
[2026-03-03 10:57:43] eps=3 rep=4/10: done
[2026-03-03 10:57:43] eps=3 rep=7/10: done
[2026-03-03 10:57:43] eps=3 rep=3/10: done
[2026-03-03 10:57:47] eps=9 rep=5/10: frame progress 800/1000 (80.0%)
[2026-03-03 10:57:47] eps=9 rep=7/10: frame progress 800/1000 (80.0%)
[2026-03-03 10:57:47] eps=9 rep=2/10: frame progress 800/1000 (80.0%)
[2026-03-03 10:57:48] eps=9 rep=8/10: frame progress 800/1000 (80.0%)
[2026-03-03 10:57:49] eps=12 rep=1/9: frame progress 700/1000 (70.0%)
[2026-03-03 10:57:49] eps=12 rep=5/9: frame progress 700/1000 (70.0%)
[2026-03-03 10:57:49] eps=9 rep=1/10: frame progress 800/1000 (80.0%)
[2026-03-03 10:57:50] eps=9 rep=10/10: frame progress 800/1000 (80.0%)
[2026-03-03 10:57:50] eps=3 rep=5/10: frame progress 1000/1000 (100.0%)
[2026-03-03 10:57:51] eps=12 rep=3/9: frame progress 700/1000 (70.0%)
[2026-03-03 10:57:52] eps=12 rep=2/9: frame progress 700/1000 (70.0%)
[2026-03-03 10:57:52] eps=12 rep=4/9: frame progress 700/1000 (70.0%)
[2026-03-03 10:57:53] eps=12 rep=8/9: frame progress 700/1000 (70.0%)
[2026-03-03 10:57:53] eps=12 rep=9/9: frame progress 700/1000 (70.0%)
[2026-03-03 10:57:53] eps=9 rep=6/10: frame progress 800/1000 (80.0%)
[2026-03-03 10:57:55] eps=12 rep=7/9: frame progress 700/1000 (70.0%)
[2026-03-03 10:58:03] eps=3 rep=5/10: done
[2026-03-03 10:58:07] eps=15 rep=5/10: frame progress 600/1000 (60.0%)
[2026-03-03 10:58:09] eps=15 rep=4/10: frame progress 600/1000 (60.0%)
[2026-03-03 10:58:25] eps=15 rep=3/10: frame progress 600/1000 (60.0%)
[2026-03-03 10:58:30] eps=15 rep=9/10: frame progress 600/1000 (60.0%)
[2026-03-03 10:58:30] eps=15 rep=6/10: frame progress 600/1000 (60.0%)
[2026-03-03 10:58:31] eps=15 rep=7/10: frame progress 600/1000 (60.0%)
[2026-03-03 10:58:31] eps=15 rep=2/10: frame progress 600/1000 (60.0%)
[2026-03-03 10:58:31] eps=15 rep=10/10: frame progress 600/1000 (60.0%)
[2026-03-03 10:58:32] eps=6 rep=7/10: frame progress 1000/1000 (100.0%)
[2026-03-03 10:58:32] eps=6 rep=1/10: frame progress 1000/1000 (100.0%)
[2026-03-03 10:58:33] eps=6 rep=10/10: frame progress 1000/1000 (100.0%)
[2026-03-03 10:58:33] eps=6 rep=5/10: frame progress 1000/1000 (100.0%)
[2026-03-03 10:58:33] eps=15 rep=8/10: frame progress 600/1000 (60.0%)
[2026-03-03 10:58:33] eps=6 rep=4/10: frame progress 1000/1000 (100.0%)
[2026-03-03 10:58:33] eps=6 rep=6/10: frame progress 1000/1000 (100.0%)
[2026-03-03 10:58:34] eps=15 rep=1/10: frame progress 600/1000 (60.0%)
[2026-03-03 10:58:34] eps=6 rep=3/10: frame progress 1000/1000 (100.0%)
[2026-03-03 10:58:35] eps=6 rep=9/10: frame progress 1000/1000 (100.0%)
[2026-03-03 10:58:35] eps=6 rep=8/10: frame progress 1000/1000 (100.0%)
[2026-03-03 10:58:35] eps=9 rep=9/10: frame progress 900/1000 (90.0%)
[2026-03-03 10:58:35] eps=6 rep=2/10: frame progress 1000/1000 (100.0%)
[2026-03-03 10:58:36] eps=9 rep=3/10: frame progress 900/1000 (90.0%)
[2026-03-03 10:58:40] eps=12 rep=6/9: frame progress 800/1000 (80.0%)
[2026-03-03 10:58:40] eps=18 rep=5/10: frame progress 600/1000 (60.0%)
[2026-03-03 10:58:42] eps=18 rep=7/10: frame progress 600/1000 (60.0%)
[2026-03-03 10:58:42] eps=18 rep=2/10: frame progress 600/1000 (60.0%)
[2026-03-03 10:58:42] eps=18 rep=1/10: frame progress 600/1000 (60.0%)
[2026-03-03 10:58:43] eps=18 rep=4/10: frame progress 600/1000 (60.0%)
[2026-03-03 10:58:43] eps=9 rep=4/10: frame progress 900/1000 (90.0%)
[2026-03-03 10:58:46] eps=6 rep=7/10: done
[2026-03-03 10:58:47] eps=6 rep=1/10: done
Traceback (most recent call last):
  File "/scratch/gpfs/WEBB/chertok/REACTIVELJ_PAPER/simulation_package/melt/analysis/analyze_trajectories.py", line 1618, in <module>
    main()
    ~~~~^^
  File "/scratch/gpfs/WEBB/chertok/REACTIVELJ_PAPER/simulation_package/melt/analysis/analyze_trajectories.py", line 1243, in main
    results = Parallel(n_jobs=n_jobs, backend="loky")(jobs)
  File "/home/mc7345/micromamba/envs/reactiveLJ_paper/lib/python3.14/site-packages/joblib/parallel.py", line 2072, in __call__
    return output if self.return_generator else list(output)
                                                ~~~~^^^^^^^^
  File "/home/mc7345/micromamba/envs/reactiveLJ_paper/lib/python3.14/site-packages/joblib/parallel.py", line 1682, in _get_outputs
    yield from self._retrieve()
  File "/home/mc7345/micromamba/envs/reactiveLJ_paper/lib/python3.14/site-packages/joblib/parallel.py", line 1784, in _retrieve
    self._raise_error_fast()
    ~~~~~~~~~~~~~~~~~~~~~~^^
  File "/home/mc7345/micromamba/envs/reactiveLJ_paper/lib/python3.14/site-packages/joblib/parallel.py", line 1859, in _raise_error_fast
    error_job.get_result(self.timeout)
    ~~~~~~~~~~~~~~~~~~~~^^^^^^^^^^^^^^
  File "/home/mc7345/micromamba/envs/reactiveLJ_paper/lib/python3.14/site-packages/joblib/parallel.py", line 758, in get_result
    return self._return_or_raise()
           ~~~~~~~~~~~~~~~~~~~~~^^
  File "/home/mc7345/micromamba/envs/reactiveLJ_paper/lib/python3.14/site-packages/joblib/parallel.py", line 773, in _return_or_raise
    raise self._result
joblib.externals.loky.process_executor.TerminatedWorkerError: A worker process managed by the executor was unexpectedly terminated. This could be caused by a segmentation fault while calling the function or by an excessive memory usage causing the Operating System to kill the worker.

The exit codes of the workers are {SIGKILL(-9)}
Detailed tracebacks of the workers should have been printed to stderr in the executor process if faulthandler was not disabled.
[2026-03-03T10:58:48.947] error: Detected 1 oom_kill event in StepId=2143697.batch. Some of the step tasks have been OOM Killed.
