[2026-03-04 12:21:40] Step 1/8: Purging modules
[2026-03-04 12:21:40] Step 2/8: Sourcing ~/.bashrc
[2026-03-04 12:21:41] Step 3/8: Loading anaconda module
[2026-03-04 12:21:41] Step 4/8: Activating conda environment
[2026-03-04 12:21:42] Step 5/8: Changing directory to /scratch/gpfs/WEBB/chertok/REACTIVELJ_PAPER/simulation_package/melt
[2026-03-04 12:21:42] Step 6/8: Ensuring logs directory exists
[2026-03-04 12:21:42] Step 7/8: Starting trajectory analysis
[2026-03-04 12:21:43] Scanning trajectories under /scratch/gpfs/WEBB/chertok/REACTIVELJ_PAPER/simulation_package/melt/data_generation/outputs
[2026-03-04 12:21:43] Discovered 59 trajectory/metadata pairs
[2026-03-04 12:21:43] Grouped runs into 6 epsilon values
[2026-03-04 12:21:43] Queueing epsilon group 1/6: eps=3, replicates=10
[2026-03-04 12:21:43] Queueing epsilon group 2/6: eps=6, replicates=10
[2026-03-04 12:21:43] Queueing epsilon group 3/6: eps=9, replicates=10
[2026-03-04 12:21:43] Queueing epsilon group 4/6: eps=12, replicates=9
[2026-03-04 12:21:43] Queueing epsilon group 5/6: eps=15, replicates=10
[2026-03-04 12:21:43] Queueing epsilon group 6/6: eps=18, replicates=10
[2026-03-04 12:21:43] Starting parallel analysis with 64 workers on 59 runs
[2026-03-04 12:21:44] eps=3 rep=1/10: start (eps_3/rep_004/trajectory.gsd)
[2026-03-04 12:21:44] eps=3 rep=3/10: start (eps_3/rep_007/trajectory.gsd)
[2026-03-04 12:21:44] eps=3 rep=8/10: start (eps_3/rep_008/trajectory.gsd)
[2026-03-04 12:21:44] eps=3 rep=2/10: start (eps_3/rep_003/trajectory.gsd)
[2026-03-04 12:21:44] eps=3 rep=10/10: start (eps_3/rep_001/trajectory.gsd)
[2026-03-04 12:21:44] eps=3 rep=4/10: start (eps_3/rep_006/trajectory.gsd)
[2026-03-04 12:21:44] eps=3 rep=6/10: start (eps_3/rep_010/trajectory.gsd)
[2026-03-04 12:21:44] eps=3 rep=5/10: start (eps_3/rep_005/trajectory.gsd)
[2026-03-04 12:21:44] eps=6 rep=4/10: start (eps_6/rep_006/trajectory.gsd)
[2026-03-04 12:21:44] eps=3 rep=7/10: start (eps_3/rep_009/trajectory.gsd)
[2026-03-04 12:21:44] eps=6 rep=5/10: start (eps_6/rep_005/trajectory.gsd)
[2026-03-04 12:21:44] eps=6 rep=1/10: start (eps_6/rep_004/trajectory.gsd)
[2026-03-04 12:21:44] eps=6 rep=3/10: start (eps_6/rep_007/trajectory.gsd)
[2026-03-04 12:21:44] eps=3 rep=9/10: start (eps_3/rep_002/trajectory.gsd)
[2026-03-04 12:21:44] eps=6 rep=9/10: start (eps_6/rep_002/trajectory.gsd)
[2026-03-04 12:21:44] eps=6 rep=2/10: start (eps_6/rep_003/trajectory.gsd)
[2026-03-04 12:21:44] eps=6 rep=7/10: start (eps_6/rep_009/trajectory.gsd)
[2026-03-04 12:21:44] eps=6 rep=6/10: start (eps_6/rep_010/trajectory.gsd)
[2026-03-04 12:21:44] eps=9 rep=1/10: start (eps_9/rep_004/trajectory.gsd)
[2026-03-04 12:21:44] eps=6 rep=8/10: start (eps_6/rep_008/trajectory.gsd)
[2026-03-04 12:21:44] eps=12 rep=6/9: start (eps_12/rep_010/trajectory.gsd)
[2026-03-04 12:21:44] eps=9 rep=7/10: start (eps_9/rep_009/trajectory.gsd)
[2026-03-04 12:21:44] eps=6 rep=10/10: start (eps_6/rep_001/trajectory.gsd)
[2026-03-04 12:21:44] eps=9 rep=6/10: start (eps_9/rep_010/trajectory.gsd)
[2026-03-04 12:21:44] eps=9 rep=4/10: start (eps_9/rep_006/trajectory.gsd)
[2026-03-04 12:21:44] eps=12 rep=1/9: start (eps_12/rep_004/trajectory.gsd)
[2026-03-04 12:21:44] eps=9 rep=2/10: start (eps_9/rep_003/trajectory.gsd)
[2026-03-04 12:21:44] eps=9 rep=3/10: start (eps_9/rep_007/trajectory.gsd)
[2026-03-04 12:21:44] eps=12 rep=7/9: start (eps_12/rep_009/trajectory.gsd)
[2026-03-04 12:21:44] eps=15 rep=3/10: start (eps_15/rep_007/trajectory.gsd)
[2026-03-04 12:21:44] eps=12 rep=4/9: start (eps_12/rep_006/trajectory.gsd)
[2026-03-04 12:21:44] eps=9 rep=8/10: start (eps_9/rep_008/trajectory.gsd)
[2026-03-04 12:21:44] eps=9 rep=9/10: start (eps_9/rep_002/trajectory.gsd)
[2026-03-04 12:21:44] eps=9 rep=5/10: start (eps_9/rep_005/trajectory.gsd)
[2026-03-04 12:21:44] eps=15 rep=6/10: start (eps_15/rep_010/trajectory.gsd)
[2026-03-04 12:21:44] eps=9 rep=10/10: start (eps_9/rep_001/trajectory.gsd)
[2026-03-04 12:21:44] eps=12 rep=3/9: start (eps_12/rep_007/trajectory.gsd)
[2026-03-04 12:21:44] eps=15 rep=8/10: start (eps_15/rep_008/trajectory.gsd)
[2026-03-04 12:21:44] eps=12 rep=9/9: start (eps_12/rep_001/trajectory.gsd)
[2026-03-04 12:21:44] eps=12 rep=5/9: start (eps_12/rep_005/trajectory.gsd)
[2026-03-04 12:21:44] eps=15 rep=1/10: start (eps_15/rep_004/trajectory.gsd)
[2026-03-04 12:21:44] eps=12 rep=2/9: start (eps_12/rep_003/trajectory.gsd)
[2026-03-04 12:21:44] eps=15 rep=5/10: start (eps_15/rep_005/trajectory.gsd)
[2026-03-04 12:21:44] eps=12 rep=8/9: start (eps_12/rep_002/trajectory.gsd)
[2026-03-04 12:21:44] eps=15 rep=4/10: start (eps_15/rep_006/trajectory.gsd)
[2026-03-04 12:21:44] eps=15 rep=2/10: start (eps_15/rep_003/trajectory.gsd)
[2026-03-04 12:21:44] eps=15 rep=9/10: start (eps_15/rep_002/trajectory.gsd)
[2026-03-04 12:21:44] eps=18 rep=3/10: start (eps_18/rep_007/trajectory.gsd)
[2026-03-04 12:21:44] eps=18 rep=5/10: start (eps_18/rep_005/trajectory.gsd)
[2026-03-04 12:21:44] eps=15 rep=7/10: start (eps_15/rep_009/trajectory.gsd)
[2026-03-04 12:21:44] eps=18 rep=2/10: start (eps_18/rep_003/trajectory.gsd)
[2026-03-04 12:21:44] eps=18 rep=4/10: start (eps_18/rep_006/trajectory.gsd)
[2026-03-04 12:21:44] eps=18 rep=1/10: start (eps_18/rep_004/trajectory.gsd)
[2026-03-04 12:21:44] eps=18 rep=7/10: start (eps_18/rep_009/trajectory.gsd)
[2026-03-04 12:21:44] eps=15 rep=10/10: start (eps_15/rep_001/trajectory.gsd)
[2026-03-04 12:21:44] eps=18 rep=6/10: start (eps_18/rep_010/trajectory.gsd)
[2026-03-04 12:21:44] eps=18 rep=9/10: start (eps_18/rep_002/trajectory.gsd)
[2026-03-04 12:21:44] eps=18 rep=10/10: start (eps_18/rep_001/trajectory.gsd)
[2026-03-04 12:21:44] eps=18 rep=8/10: start (eps_18/rep_008/trajectory.gsd)
[2026-03-04 12:22:12] eps=3 rep=10/10: frame progress 100/1000 (10.0%)
[2026-03-04 12:22:12] eps=3 rep=4/10: frame progress 100/1000 (10.0%)
[2026-03-04 12:22:12] eps=3 rep=9/10: frame progress 100/1000 (10.0%)
[2026-03-04 12:22:12] eps=3 rep=6/10: frame progress 100/1000 (10.0%)
[2026-03-04 12:22:12] eps=3 rep=8/10: frame progress 100/1000 (10.0%)
[2026-03-04 12:22:12] eps=3 rep=2/10: frame progress 100/1000 (10.0%)
[2026-03-04 12:22:12] eps=3 rep=5/10: frame progress 100/1000 (10.0%)
[2026-03-04 12:22:12] eps=3 rep=1/10: frame progress 100/1000 (10.0%)
[2026-03-04 12:22:12] eps=3 rep=7/10: frame progress 100/1000 (10.0%)
[2026-03-04 12:22:12] eps=3 rep=3/10: frame progress 100/1000 (10.0%)
[2026-03-04 12:22:13] eps=6 rep=1/10: frame progress 100/1000 (10.0%)
[2026-03-04 12:22:13] eps=6 rep=7/10: frame progress 100/1000 (10.0%)
[2026-03-04 12:22:13] eps=6 rep=2/10: frame progress 100/1000 (10.0%)
[2026-03-04 12:22:13] eps=6 rep=4/10: frame progress 100/1000 (10.0%)
[2026-03-04 12:22:13] eps=6 rep=5/10: frame progress 100/1000 (10.0%)
[2026-03-04 12:22:13] eps=6 rep=9/10: frame progress 100/1000 (10.0%)
[2026-03-04 12:22:13] eps=6 rep=3/10: frame progress 100/1000 (10.0%)
[2026-03-04 12:22:13] eps=6 rep=8/10: frame progress 100/1000 (10.0%)
[2026-03-04 12:22:13] eps=6 rep=6/10: frame progress 100/1000 (10.0%)
[2026-03-04 12:22:13] eps=6 rep=10/10: frame progress 100/1000 (10.0%)
[2026-03-04 12:22:15] eps=9 rep=1/10: frame progress 100/1000 (10.0%)
[2026-03-04 12:22:15] eps=9 rep=10/10: frame progress 100/1000 (10.0%)
[2026-03-04 12:22:15] eps=9 rep=8/10: frame progress 100/1000 (10.0%)
[2026-03-04 12:22:15] eps=9 rep=9/10: frame progress 100/1000 (10.0%)
[2026-03-04 12:22:15] eps=9 rep=5/10: frame progress 100/1000 (10.0%)
[2026-03-04 12:22:15] eps=9 rep=6/10: frame progress 100/1000 (10.0%)
[2026-03-04 12:22:15] eps=9 rep=4/10: frame progress 100/1000 (10.0%)
[2026-03-04 12:22:15] eps=9 rep=3/10: frame progress 100/1000 (10.0%)
[2026-03-04 12:22:15] eps=9 rep=7/10: frame progress 100/1000 (10.0%)
[2026-03-04 12:22:16] eps=9 rep=2/10: frame progress 100/1000 (10.0%)
[2026-03-04 12:22:17] eps=12 rep=1/9: frame progress 100/1000 (10.0%)
[2026-03-04 12:22:17] eps=12 rep=4/9: frame progress 100/1000 (10.0%)
[2026-03-04 12:22:17] eps=12 rep=7/9: frame progress 100/1000 (10.0%)
[2026-03-04 12:22:18] eps=12 rep=2/9: frame progress 100/1000 (10.0%)
[2026-03-04 12:22:18] eps=12 rep=8/9: frame progress 100/1000 (10.0%)
[2026-03-04 12:22:18] eps=12 rep=6/9: frame progress 100/1000 (10.0%)
[2026-03-04 12:22:18] eps=12 rep=3/9: frame progress 100/1000 (10.0%)
[2026-03-04 12:22:18] eps=12 rep=9/9: frame progress 100/1000 (10.0%)
[2026-03-04 12:22:18] eps=12 rep=5/9: frame progress 100/1000 (10.0%)
[2026-03-04 12:22:18] eps=18 rep=7/10: frame progress 100/1000 (10.0%)
[2026-03-04 12:22:19] eps=15 rep=10/10: frame progress 100/1000 (10.0%)
[2026-03-04 12:22:19] eps=18 rep=10/10: frame progress 100/1000 (10.0%)
[2026-03-04 12:22:19] eps=18 rep=6/10: frame progress 100/1000 (10.0%)
[2026-03-04 12:22:19] eps=15 rep=6/10: frame progress 100/1000 (10.0%)
[2026-03-04 12:22:19] eps=18 rep=4/10: frame progress 100/1000 (10.0%)
[2026-03-04 12:22:19] eps=18 rep=2/10: frame progress 100/1000 (10.0%)
[2026-03-04 12:22:19] eps=18 rep=8/10: frame progress 100/1000 (10.0%)
[2026-03-04 12:22:19] eps=18 rep=1/10: frame progress 100/1000 (10.0%)
[2026-03-04 12:22:19] eps=18 rep=3/10: frame progress 100/1000 (10.0%)
[2026-03-04 12:22:19] eps=15 rep=9/10: frame progress 100/1000 (10.0%)
[2026-03-04 12:22:19] eps=15 rep=4/10: frame progress 100/1000 (10.0%)
[2026-03-04 12:22:19] eps=15 rep=5/10: frame progress 100/1000 (10.0%)
[2026-03-04 12:22:19] eps=18 rep=5/10: frame progress 100/1000 (10.0%)
[2026-03-04 12:22:19] eps=15 rep=2/10: frame progress 100/1000 (10.0%)
[2026-03-04 12:22:19] eps=15 rep=8/10: frame progress 100/1000 (10.0%)
[2026-03-04 12:22:19] eps=15 rep=1/10: frame progress 100/1000 (10.0%)
[2026-03-04 12:22:19] eps=15 rep=3/10: frame progress 100/1000 (10.0%)
[2026-03-04 12:22:19] eps=18 rep=9/10: frame progress 100/1000 (10.0%)
[2026-03-04 12:22:20] eps=15 rep=7/10: frame progress 100/1000 (10.0%)
[2026-03-04 12:22:41] eps=3 rep=9/10: frame progress 200/1000 (20.0%)
[2026-03-04 12:22:42] eps=3 rep=6/10: frame progress 200/1000 (20.0%)
[2026-03-04 12:22:42] eps=3 rep=10/10: frame progress 200/1000 (20.0%)
[2026-03-04 12:22:42] eps=3 rep=4/10: frame progress 200/1000 (20.0%)
[2026-03-04 12:22:42] eps=3 rep=8/10: frame progress 200/1000 (20.0%)
[2026-03-04 12:22:42] eps=3 rep=2/10: frame progress 200/1000 (20.0%)
[2026-03-04 12:22:42] eps=3 rep=5/10: frame progress 200/1000 (20.0%)
[2026-03-04 12:22:42] eps=3 rep=1/10: frame progress 200/1000 (20.0%)
[2026-03-04 12:22:42] eps=3 rep=7/10: frame progress 200/1000 (20.0%)
[2026-03-04 12:22:42] eps=3 rep=3/10: frame progress 200/1000 (20.0%)
[2026-03-04 12:22:45] eps=6 rep=1/10: frame progress 200/1000 (20.0%)
[2026-03-04 12:22:45] eps=6 rep=7/10: frame progress 200/1000 (20.0%)
[2026-03-04 12:22:45] eps=6 rep=4/10: frame progress 200/1000 (20.0%)
[2026-03-04 12:22:45] eps=6 rep=2/10: frame progress 200/1000 (20.0%)
[2026-03-04 12:22:45] eps=6 rep=5/10: frame progress 200/1000 (20.0%)
[2026-03-04 12:22:45] eps=6 rep=3/10: frame progress 200/1000 (20.0%)
[2026-03-04 12:22:45] eps=6 rep=8/10: frame progress 200/1000 (20.0%)
[2026-03-04 12:22:45] eps=6 rep=9/10: frame progress 200/1000 (20.0%)
[2026-03-04 12:22:45] eps=6 rep=10/10: frame progress 200/1000 (20.0%)
[2026-03-04 12:22:46] eps=6 rep=6/10: frame progress 200/1000 (20.0%)
[2026-03-04 12:22:50] eps=9 rep=1/10: frame progress 200/1000 (20.0%)
[2026-03-04 12:22:50] eps=9 rep=9/10: frame progress 200/1000 (20.0%)
[2026-03-04 12:22:50] eps=9 rep=8/10: frame progress 200/1000 (20.0%)
[2026-03-04 12:22:50] eps=9 rep=10/10: frame progress 200/1000 (20.0%)
[2026-03-04 12:22:50] eps=9 rep=4/10: frame progress 200/1000 (20.0%)
[2026-03-04 12:22:50] eps=9 rep=5/10: frame progress 200/1000 (20.0%)
[2026-03-04 12:22:51] eps=9 rep=6/10: frame progress 200/1000 (20.0%)
[2026-03-04 12:22:51] eps=9 rep=3/10: frame progress 200/1000 (20.0%)
[2026-03-04 12:22:51] eps=9 rep=7/10: frame progress 200/1000 (20.0%)
[2026-03-04 12:22:52] eps=9 rep=2/10: frame progress 200/1000 (20.0%)
[2026-03-04 12:23:00] eps=12 rep=1/9: frame progress 200/1000 (20.0%)
[2026-03-04 12:23:00] eps=12 rep=6/9: frame progress 200/1000 (20.0%)
[2026-03-04 12:23:00] eps=12 rep=2/9: frame progress 200/1000 (20.0%)
[2026-03-04 12:23:00] eps=12 rep=7/9: frame progress 200/1000 (20.0%)
[2026-03-04 12:23:00] eps=12 rep=4/9: frame progress 200/1000 (20.0%)
[2026-03-04 12:23:00] eps=12 rep=9/9: frame progress 200/1000 (20.0%)
[2026-03-04 12:23:00] eps=12 rep=8/9: frame progress 200/1000 (20.0%)
[2026-03-04 12:23:00] eps=12 rep=3/9: frame progress 200/1000 (20.0%)
[2026-03-04 12:23:00] eps=12 rep=5/9: frame progress 200/1000 (20.0%)
[2026-03-04 12:23:06] eps=15 rep=10/10: frame progress 200/1000 (20.0%)
[2026-03-04 12:23:06] eps=18 rep=7/10: frame progress 200/1000 (20.0%)
[2026-03-04 12:23:06] eps=15 rep=5/10: frame progress 200/1000 (20.0%)
[2026-03-04 12:23:06] eps=15 rep=6/10: frame progress 200/1000 (20.0%)
[2026-03-04 12:23:06] eps=15 rep=2/10: frame progress 200/1000 (20.0%)
[2026-03-04 12:23:06] eps=15 rep=1/10: frame progress 200/1000 (20.0%)
[2026-03-04 12:23:06] eps=18 rep=10/10: frame progress 200/1000 (20.0%)
[2026-03-04 12:23:06] eps=15 rep=4/10: frame progress 200/1000 (20.0%)
[2026-03-04 12:23:06] eps=18 rep=6/10: frame progress 200/1000 (20.0%)
[2026-03-04 12:23:07] eps=15 rep=9/10: frame progress 200/1000 (20.0%)
[2026-03-04 12:23:07] eps=18 rep=5/10: frame progress 200/1000 (20.0%)
[2026-03-04 12:23:07] eps=18 rep=3/10: frame progress 200/1000 (20.0%)
[2026-03-04 12:23:07] eps=18 rep=8/10: frame progress 200/1000 (20.0%)
[2026-03-04 12:23:07] eps=18 rep=4/10: frame progress 200/1000 (20.0%)
[2026-03-04 12:23:07] eps=18 rep=2/10: frame progress 200/1000 (20.0%)
[2026-03-04 12:23:07] eps=15 rep=8/10: frame progress 200/1000 (20.0%)
[2026-03-04 12:23:07] eps=18 rep=1/10: frame progress 200/1000 (20.0%)
[2026-03-04 12:23:07] eps=15 rep=3/10: frame progress 200/1000 (20.0%)
[2026-03-04 12:23:07] eps=15 rep=7/10: frame progress 200/1000 (20.0%)
[2026-03-04 12:23:08] eps=18 rep=9/10: frame progress 200/1000 (20.0%)
[2026-03-04 12:23:12] eps=3 rep=9/10: frame progress 300/1000 (30.0%)
[2026-03-04 12:23:13] eps=3 rep=6/10: frame progress 300/1000 (30.0%)
[2026-03-04 12:23:13] eps=3 rep=8/10: frame progress 300/1000 (30.0%)
[2026-03-04 12:23:13] eps=3 rep=10/10: frame progress 300/1000 (30.0%)
[2026-03-04 12:23:13] eps=3 rep=4/10: frame progress 300/1000 (30.0%)
[2026-03-04 12:23:13] eps=3 rep=2/10: frame progress 300/1000 (30.0%)
[2026-03-04 12:23:13] eps=3 rep=1/10: frame progress 300/1000 (30.0%)
[2026-03-04 12:23:13] eps=3 rep=5/10: frame progress 300/1000 (30.0%)
[2026-03-04 12:23:13] eps=3 rep=7/10: frame progress 300/1000 (30.0%)
[2026-03-04 12:23:14] eps=3 rep=3/10: frame progress 300/1000 (30.0%)
[2026-03-04 12:23:19] eps=6 rep=1/10: frame progress 300/1000 (30.0%)
[2026-03-04 12:23:20] eps=6 rep=7/10: frame progress 300/1000 (30.0%)
[2026-03-04 12:23:20] eps=6 rep=4/10: frame progress 300/1000 (30.0%)
[2026-03-04 12:23:20] eps=6 rep=9/10: frame progress 300/1000 (30.0%)
[2026-03-04 12:23:20] eps=6 rep=3/10: frame progress 300/1000 (30.0%)
[2026-03-04 12:23:20] eps=6 rep=2/10: frame progress 300/1000 (30.0%)
[2026-03-04 12:23:20] eps=6 rep=5/10: frame progress 300/1000 (30.0%)
[2026-03-04 12:23:20] eps=6 rep=8/10: frame progress 300/1000 (30.0%)
[2026-03-04 12:23:20] eps=6 rep=10/10: frame progress 300/1000 (30.0%)
[2026-03-04 12:23:21] eps=6 rep=6/10: frame progress 300/1000 (30.0%)
[2026-03-04 12:23:29] eps=9 rep=8/10: frame progress 300/1000 (30.0%)
[2026-03-04 12:23:30] eps=9 rep=1/10: frame progress 300/1000 (30.0%)
[2026-03-04 12:23:30] eps=9 rep=10/10: frame progress 300/1000 (30.0%)
[2026-03-04 12:23:30] eps=9 rep=9/10: frame progress 300/1000 (30.0%)
[2026-03-04 12:23:30] eps=9 rep=5/10: frame progress 300/1000 (30.0%)
[2026-03-04 12:23:30] eps=9 rep=3/10: frame progress 300/1000 (30.0%)
[2026-03-04 12:23:30] eps=9 rep=4/10: frame progress 300/1000 (30.0%)
[2026-03-04 12:23:30] eps=9 rep=6/10: frame progress 300/1000 (30.0%)
[2026-03-04 12:23:30] eps=9 rep=7/10: frame progress 300/1000 (30.0%)
[2026-03-04 12:23:32] eps=9 rep=2/10: frame progress 300/1000 (30.0%)
[2026-03-04 12:23:45] eps=3 rep=9/10: frame progress 400/1000 (40.0%)
[2026-03-04 12:23:46] eps=3 rep=6/10: frame progress 400/1000 (40.0%)
[2026-03-04 12:23:46] eps=3 rep=8/10: frame progress 400/1000 (40.0%)
[2026-03-04 12:23:46] eps=3 rep=4/10: frame progress 400/1000 (40.0%)
[2026-03-04 12:23:46] eps=3 rep=10/10: frame progress 400/1000 (40.0%)
[2026-03-04 12:23:46] eps=3 rep=2/10: frame progress 400/1000 (40.0%)
[2026-03-04 12:23:46] eps=3 rep=1/10: frame progress 400/1000 (40.0%)
[2026-03-04 12:23:46] eps=3 rep=5/10: frame progress 400/1000 (40.0%)
[2026-03-04 12:23:46] eps=3 rep=7/10: frame progress 400/1000 (40.0%)
[2026-03-04 12:23:47] eps=3 rep=3/10: frame progress 400/1000 (40.0%)
[2026-03-04 12:23:48] eps=12 rep=2/9: frame progress 300/1000 (30.0%)
[2026-03-04 12:23:48] eps=12 rep=6/9: frame progress 300/1000 (30.0%)
[2026-03-04 12:23:48] eps=12 rep=1/9: frame progress 300/1000 (30.0%)
[2026-03-04 12:23:48] eps=12 rep=7/9: frame progress 300/1000 (30.0%)
[2026-03-04 12:23:49] eps=12 rep=4/9: frame progress 300/1000 (30.0%)
[2026-03-04 12:23:49] eps=12 rep=9/9: frame progress 300/1000 (30.0%)
[2026-03-04 12:23:49] eps=12 rep=3/9: frame progress 300/1000 (30.0%)
[2026-03-04 12:23:49] eps=12 rep=8/9: frame progress 300/1000 (30.0%)
[2026-03-04 12:23:49] eps=12 rep=5/9: frame progress 300/1000 (30.0%)
[2026-03-04 12:23:56] eps=6 rep=1/10: frame progress 400/1000 (40.0%)
[2026-03-04 12:23:57] eps=6 rep=4/10: frame progress 400/1000 (40.0%)
[2026-03-04 12:23:57] eps=6 rep=7/10: frame progress 400/1000 (40.0%)
[2026-03-04 12:23:57] eps=6 rep=9/10: frame progress 400/1000 (40.0%)
[2026-03-04 12:23:57] eps=6 rep=10/10: frame progress 400/1000 (40.0%)
[2026-03-04 12:23:57] eps=6 rep=2/10: frame progress 400/1000 (40.0%)
[2026-03-04 12:23:57] eps=6 rep=3/10: frame progress 400/1000 (40.0%)
[2026-03-04 12:23:57] eps=6 rep=8/10: frame progress 400/1000 (40.0%)
[2026-03-04 12:23:58] eps=6 rep=5/10: frame progress 400/1000 (40.0%)
[2026-03-04 12:23:58] eps=6 rep=6/10: frame progress 400/1000 (40.0%)
[2026-03-04 12:24:06] eps=15 rep=10/10: frame progress 300/1000 (30.0%)
[2026-03-04 12:24:06] eps=15 rep=6/10: frame progress 300/1000 (30.0%)
[2026-03-04 12:24:06] eps=15 rep=2/10: frame progress 300/1000 (30.0%)
[2026-03-04 12:24:06] eps=15 rep=5/10: frame progress 300/1000 (30.0%)
[2026-03-04 12:24:06] eps=15 rep=1/10: frame progress 300/1000 (30.0%)
[2026-03-04 12:24:07] eps=15 rep=4/10: frame progress 300/1000 (30.0%)
[2026-03-04 12:24:07] eps=15 rep=9/10: frame progress 300/1000 (30.0%)
[2026-03-04 12:24:07] eps=18 rep=7/10: frame progress 300/1000 (30.0%)
[2026-03-04 12:24:07] eps=15 rep=8/10: frame progress 300/1000 (30.0%)
[2026-03-04 12:24:08] eps=15 rep=7/10: frame progress 300/1000 (30.0%)
[2026-03-04 12:24:08] eps=18 rep=10/10: frame progress 300/1000 (30.0%)
[2026-03-04 12:24:08] eps=15 rep=3/10: frame progress 300/1000 (30.0%)
[2026-03-04 12:24:08] eps=18 rep=6/10: frame progress 300/1000 (30.0%)
[2026-03-04 12:24:08] eps=18 rep=3/10: frame progress 300/1000 (30.0%)
[2026-03-04 12:24:08] eps=18 rep=5/10: frame progress 300/1000 (30.0%)
[2026-03-04 12:24:08] eps=18 rep=2/10: frame progress 300/1000 (30.0%)
[2026-03-04 12:24:08] eps=18 rep=4/10: frame progress 300/1000 (30.0%)
[2026-03-04 12:24:08] eps=18 rep=8/10: frame progress 300/1000 (30.0%)
[2026-03-04 12:24:09] eps=18 rep=1/10: frame progress 300/1000 (30.0%)
[2026-03-04 12:24:11] eps=18 rep=9/10: frame progress 300/1000 (30.0%)
[2026-03-04 12:24:13] eps=9 rep=1/10: frame progress 400/1000 (40.0%)
[2026-03-04 12:24:13] eps=9 rep=8/10: frame progress 400/1000 (40.0%)
[2026-03-04 12:24:13] eps=9 rep=9/10: frame progress 400/1000 (40.0%)
[2026-03-04 12:24:13] eps=9 rep=10/10: frame progress 400/1000 (40.0%)
[2026-03-04 12:24:13] eps=9 rep=5/10: frame progress 400/1000 (40.0%)
[2026-03-04 12:24:13] eps=9 rep=3/10: frame progress 400/1000 (40.0%)
[2026-03-04 12:24:13] eps=9 rep=4/10: frame progress 400/1000 (40.0%)
[2026-03-04 12:24:14] eps=9 rep=6/10: frame progress 400/1000 (40.0%)
[2026-03-04 12:24:14] eps=9 rep=7/10: frame progress 400/1000 (40.0%)
[2026-03-04 12:24:15] eps=9 rep=2/10: frame progress 400/1000 (40.0%)
[2026-03-04 12:24:20] eps=3 rep=9/10: frame progress 500/1000 (50.0%)
[2026-03-04 12:24:20] eps=3 rep=6/10: frame progress 500/1000 (50.0%)
[2026-03-04 12:24:21] eps=3 rep=8/10: frame progress 500/1000 (50.0%)
[2026-03-04 12:24:21] eps=3 rep=4/10: frame progress 500/1000 (50.0%)
[2026-03-04 12:24:21] eps=3 rep=2/10: frame progress 500/1000 (50.0%)
[2026-03-04 12:24:21] eps=3 rep=10/10: frame progress 500/1000 (50.0%)
[2026-03-04 12:24:21] eps=3 rep=1/10: frame progress 500/1000 (50.0%)
[2026-03-04 12:24:21] eps=3 rep=5/10: frame progress 500/1000 (50.0%)
[2026-03-04 12:24:21] eps=3 rep=7/10: frame progress 500/1000 (50.0%)
[2026-03-04 12:24:22] eps=3 rep=3/10: frame progress 500/1000 (50.0%)
[2026-03-04 12:24:36] eps=6 rep=1/10: frame progress 500/1000 (50.0%)
[2026-03-04 12:24:37] eps=6 rep=4/10: frame progress 500/1000 (50.0%)
[2026-03-04 12:24:37] eps=6 rep=7/10: frame progress 500/1000 (50.0%)
[2026-03-04 12:24:37] eps=6 rep=10/10: frame progress 500/1000 (50.0%)
[2026-03-04 12:24:37] eps=6 rep=2/10: frame progress 500/1000 (50.0%)
[2026-03-04 12:24:37] eps=6 rep=9/10: frame progress 500/1000 (50.0%)
[2026-03-04 12:24:37] eps=6 rep=5/10: frame progress 500/1000 (50.0%)
[2026-03-04 12:24:37] eps=6 rep=8/10: frame progress 500/1000 (50.0%)
[2026-03-04 12:24:37] eps=6 rep=3/10: frame progress 500/1000 (50.0%)
[2026-03-04 12:24:38] eps=6 rep=6/10: frame progress 500/1000 (50.0%)
[2026-03-04 12:24:41] eps=12 rep=1/9: frame progress 400/1000 (40.0%)
[2026-03-04 12:24:41] eps=12 rep=6/9: frame progress 400/1000 (40.0%)
[2026-03-04 12:24:42] eps=12 rep=7/9: frame progress 400/1000 (40.0%)
[2026-03-04 12:24:42] eps=12 rep=2/9: frame progress 400/1000 (40.0%)
[2026-03-04 12:24:42] eps=12 rep=4/9: frame progress 400/1000 (40.0%)
[2026-03-04 12:24:42] eps=12 rep=9/9: frame progress 400/1000 (40.0%)
[2026-03-04 12:24:42] eps=12 rep=3/9: frame progress 400/1000 (40.0%)
[2026-03-04 12:24:43] eps=12 rep=5/9: frame progress 400/1000 (40.0%)
[2026-03-04 12:24:43] eps=12 rep=8/9: frame progress 400/1000 (40.0%)
[2026-03-04 12:24:56] eps=3 rep=9/10: frame progress 600/1000 (60.0%)
[2026-03-04 12:24:56] eps=3 rep=6/10: frame progress 600/1000 (60.0%)
[2026-03-04 12:24:57] eps=3 rep=8/10: frame progress 600/1000 (60.0%)
[2026-03-04 12:24:57] eps=3 rep=10/10: frame progress 600/1000 (60.0%)
[2026-03-04 12:24:57] eps=3 rep=2/10: frame progress 600/1000 (60.0%)
[2026-03-04 12:24:57] eps=3 rep=4/10: frame progress 600/1000 (60.0%)
[2026-03-04 12:24:57] eps=3 rep=1/10: frame progress 600/1000 (60.0%)
[2026-03-04 12:24:57] eps=3 rep=5/10: frame progress 600/1000 (60.0%)
[2026-03-04 12:24:58] eps=3 rep=7/10: frame progress 600/1000 (60.0%)
[2026-03-04 12:24:58] eps=3 rep=3/10: frame progress 600/1000 (60.0%)
[2026-03-04 12:25:00] eps=9 rep=8/10: frame progress 500/1000 (50.0%)
[2026-03-04 12:25:00] eps=9 rep=1/10: frame progress 500/1000 (50.0%)
[2026-03-04 12:25:00] eps=9 rep=9/10: frame progress 500/1000 (50.0%)
[2026-03-04 12:25:00] eps=9 rep=10/10: frame progress 500/1000 (50.0%)
[2026-03-04 12:25:00] eps=9 rep=3/10: frame progress 500/1000 (50.0%)
[2026-03-04 12:25:01] eps=9 rep=5/10: frame progress 500/1000 (50.0%)
[2026-03-04 12:25:01] eps=9 rep=4/10: frame progress 500/1000 (50.0%)
[2026-03-04 12:25:02] eps=9 rep=6/10: frame progress 500/1000 (50.0%)
[2026-03-04 12:25:02] eps=9 rep=7/10: frame progress 500/1000 (50.0%)
[2026-03-04 12:25:03] eps=9 rep=2/10: frame progress 500/1000 (50.0%)
[2026-03-04 12:25:18] eps=15 rep=10/10: frame progress 400/1000 (40.0%)
[2026-03-04 12:25:18] eps=6 rep=1/10: frame progress 600/1000 (60.0%)
[2026-03-04 12:25:19] eps=15 rep=2/10: frame progress 400/1000 (40.0%)
[2026-03-04 12:25:19] eps=6 rep=4/10: frame progress 600/1000 (60.0%)
[2026-03-04 12:25:19] eps=6 rep=7/10: frame progress 600/1000 (60.0%)
[2026-03-04 12:25:19] eps=15 rep=5/10: frame progress 400/1000 (40.0%)
[2026-03-04 12:25:19] eps=15 rep=6/10: frame progress 400/1000 (40.0%)
[2026-03-04 12:25:19] eps=15 rep=1/10: frame progress 400/1000 (40.0%)
[2026-03-04 12:25:19] eps=6 rep=9/10: frame progress 600/1000 (60.0%)
[2026-03-04 12:25:20] eps=6 rep=2/10: frame progress 600/1000 (60.0%)
[2026-03-04 12:25:20] eps=6 rep=10/10: frame progress 600/1000 (60.0%)
[2026-03-04 12:25:20] eps=6 rep=5/10: frame progress 600/1000 (60.0%)
[2026-03-04 12:25:20] eps=15 rep=4/10: frame progress 400/1000 (40.0%)
[2026-03-04 12:25:20] eps=15 rep=9/10: frame progress 400/1000 (40.0%)
[2026-03-04 12:25:20] eps=6 rep=8/10: frame progress 600/1000 (60.0%)
[2026-03-04 12:25:20] eps=6 rep=3/10: frame progress 600/1000 (60.0%)
[2026-03-04 12:25:20] eps=15 rep=8/10: frame progress 400/1000 (40.0%)
[2026-03-04 12:25:21] eps=15 rep=3/10: frame progress 400/1000 (40.0%)
[2026-03-04 12:25:21] eps=15 rep=7/10: frame progress 400/1000 (40.0%)
[2026-03-04 12:25:21] eps=6 rep=6/10: frame progress 600/1000 (60.0%)
[2026-03-04 12:25:21] eps=18 rep=7/10: frame progress 400/1000 (40.0%)
[2026-03-04 12:25:23] eps=18 rep=10/10: frame progress 400/1000 (40.0%)
[2026-03-04 12:25:23] eps=18 rep=6/10: frame progress 400/1000 (40.0%)
[2026-03-04 12:25:23] eps=18 rep=3/10: frame progress 400/1000 (40.0%)
[2026-03-04 12:25:23] eps=18 rep=5/10: frame progress 400/1000 (40.0%)
[2026-03-04 12:25:23] eps=18 rep=2/10: frame progress 400/1000 (40.0%)
[2026-03-04 12:25:23] eps=18 rep=8/10: frame progress 400/1000 (40.0%)
[2026-03-04 12:25:23] eps=18 rep=4/10: frame progress 400/1000 (40.0%)
[2026-03-04 12:25:24] eps=18 rep=1/10: frame progress 400/1000 (40.0%)
[2026-03-04 12:25:27] eps=18 rep=9/10: frame progress 400/1000 (40.0%)
[2026-03-04 12:25:33] eps=3 rep=9/10: frame progress 700/1000 (70.0%)
[2026-03-04 12:25:34] eps=3 rep=6/10: frame progress 700/1000 (70.0%)
[2026-03-04 12:25:34] eps=3 rep=10/10: frame progress 700/1000 (70.0%)
[2026-03-04 12:25:34] eps=3 rep=8/10: frame progress 700/1000 (70.0%)
[2026-03-04 12:25:34] eps=3 rep=2/10: frame progress 700/1000 (70.0%)
[2026-03-04 12:25:35] eps=3 rep=1/10: frame progress 700/1000 (70.0%)
[2026-03-04 12:25:35] eps=3 rep=4/10: frame progress 700/1000 (70.0%)
[2026-03-04 12:25:35] eps=3 rep=5/10: frame progress 700/1000 (70.0%)
[2026-03-04 12:25:35] eps=3 rep=7/10: frame progress 700/1000 (70.0%)
[2026-03-04 12:25:36] eps=3 rep=3/10: frame progress 700/1000 (70.0%)
[2026-03-04 12:25:38] eps=12 rep=1/9: frame progress 500/1000 (50.0%)
[2026-03-04 12:25:39] eps=12 rep=6/9: frame progress 500/1000 (50.0%)
[2026-03-04 12:25:39] eps=12 rep=2/9: frame progress 500/1000 (50.0%)
[2026-03-04 12:25:39] eps=12 rep=7/9: frame progress 500/1000 (50.0%)
[2026-03-04 12:25:39] eps=12 rep=4/9: frame progress 500/1000 (50.0%)
[2026-03-04 12:25:40] eps=12 rep=9/9: frame progress 500/1000 (50.0%)
[2026-03-04 12:25:40] eps=12 rep=3/9: frame progress 500/1000 (50.0%)
[2026-03-04 12:25:40] eps=12 rep=5/9: frame progress 500/1000 (50.0%)
[2026-03-04 12:25:41] eps=12 rep=8/9: frame progress 500/1000 (50.0%)
[2026-03-04 12:25:51] eps=9 rep=8/10: frame progress 600/1000 (60.0%)
[2026-03-04 12:25:51] eps=9 rep=1/10: frame progress 600/1000 (60.0%)
[2026-03-04 12:25:51] eps=9 rep=10/10: frame progress 600/1000 (60.0%)
[2026-03-04 12:25:52] eps=9 rep=9/10: frame progress 600/1000 (60.0%)
[2026-03-04 12:25:52] eps=9 rep=4/10: frame progress 600/1000 (60.0%)
[2026-03-04 12:25:52] eps=9 rep=5/10: frame progress 600/1000 (60.0%)
[2026-03-04 12:25:52] eps=9 rep=3/10: frame progress 600/1000 (60.0%)
[2026-03-04 12:25:53] eps=9 rep=6/10: frame progress 600/1000 (60.0%)
[2026-03-04 12:25:53] eps=9 rep=7/10: frame progress 600/1000 (60.0%)
[2026-03-04 12:25:54] eps=9 rep=2/10: frame progress 600/1000 (60.0%)
[2026-03-04 12:26:03] eps=6 rep=1/10: frame progress 700/1000 (70.0%)
[2026-03-04 12:26:04] eps=6 rep=7/10: frame progress 700/1000 (70.0%)
[2026-03-04 12:26:04] eps=6 rep=4/10: frame progress 700/1000 (70.0%)
[2026-03-04 12:26:04] eps=6 rep=5/10: frame progress 700/1000 (70.0%)
[2026-03-04 12:26:04] eps=6 rep=10/10: frame progress 700/1000 (70.0%)
[2026-03-04 12:26:05] eps=6 rep=9/10: frame progress 700/1000 (70.0%)
[2026-03-04 12:26:05] eps=6 rep=2/10: frame progress 700/1000 (70.0%)
[2026-03-04 12:26:05] eps=6 rep=8/10: frame progress 700/1000 (70.0%)
[2026-03-04 12:26:05] eps=6 rep=3/10: frame progress 700/1000 (70.0%)
[2026-03-04 12:26:06] eps=6 rep=6/10: frame progress 700/1000 (70.0%)
[2026-03-04 12:26:12] eps=3 rep=9/10: frame progress 800/1000 (80.0%)
[2026-03-04 12:26:13] eps=3 rep=6/10: frame progress 800/1000 (80.0%)
[2026-03-04 12:26:13] eps=3 rep=8/10: frame progress 800/1000 (80.0%)
[2026-03-04 12:26:13] eps=3 rep=10/10: frame progress 800/1000 (80.0%)
[2026-03-04 12:26:14] eps=3 rep=2/10: frame progress 800/1000 (80.0%)
[2026-03-04 12:26:14] eps=3 rep=4/10: frame progress 800/1000 (80.0%)
[2026-03-04 12:26:14] eps=3 rep=1/10: frame progress 800/1000 (80.0%)
[2026-03-04 12:26:15] eps=3 rep=7/10: frame progress 800/1000 (80.0%)
[2026-03-04 12:26:15] eps=3 rep=5/10: frame progress 800/1000 (80.0%)
[2026-03-04 12:26:16] eps=3 rep=3/10: frame progress 800/1000 (80.0%)
[2026-03-04 12:26:39] eps=12 rep=1/9: frame progress 600/1000 (60.0%)
[2026-03-04 12:26:40] eps=12 rep=6/9: frame progress 600/1000 (60.0%)
[2026-03-04 12:26:41] eps=12 rep=2/9: frame progress 600/1000 (60.0%)
[2026-03-04 12:26:41] eps=12 rep=7/9: frame progress 600/1000 (60.0%)
[2026-03-04 12:26:41] eps=12 rep=9/9: frame progress 600/1000 (60.0%)
[2026-03-04 12:26:41] eps=12 rep=4/9: frame progress 600/1000 (60.0%)
[2026-03-04 12:26:41] eps=12 rep=3/9: frame progress 600/1000 (60.0%)
[2026-03-04 12:26:42] eps=12 rep=5/9: frame progress 600/1000 (60.0%)
[2026-03-04 12:26:43] eps=12 rep=8/9: frame progress 600/1000 (60.0%)
[2026-03-04 12:26:43] eps=15 rep=10/10: frame progress 500/1000 (50.0%)
[2026-03-04 12:26:44] eps=15 rep=5/10: frame progress 500/1000 (50.0%)
[2026-03-04 12:26:44] eps=15 rep=6/10: frame progress 500/1000 (50.0%)
[2026-03-04 12:26:44] eps=15 rep=2/10: frame progress 500/1000 (50.0%)
[2026-03-04 12:26:45] eps=15 rep=1/10: frame progress 500/1000 (50.0%)
[2026-03-04 12:26:45] eps=15 rep=9/10: frame progress 500/1000 (50.0%)
[2026-03-04 12:26:46] eps=15 rep=8/10: frame progress 500/1000 (50.0%)
[2026-03-04 12:26:46] eps=15 rep=4/10: frame progress 500/1000 (50.0%)
[2026-03-04 12:26:46] eps=15 rep=3/10: frame progress 500/1000 (50.0%)
[2026-03-04 12:26:46] eps=9 rep=9/10: frame progress 700/1000 (70.0%)
[2026-03-04 12:26:46] eps=9 rep=8/10: frame progress 700/1000 (70.0%)
[2026-03-04 12:26:47] eps=15 rep=7/10: frame progress 500/1000 (50.0%)
[2026-03-04 12:26:47] eps=9 rep=10/10: frame progress 700/1000 (70.0%)
[2026-03-04 12:26:47] eps=9 rep=5/10: frame progress 700/1000 (70.0%)
[2026-03-04 12:26:47] eps=9 rep=1/10: frame progress 700/1000 (70.0%)
[2026-03-04 12:26:47] eps=9 rep=3/10: frame progress 700/1000 (70.0%)
[2026-03-04 12:26:47] eps=9 rep=4/10: frame progress 700/1000 (70.0%)
[2026-03-04 12:26:48] eps=9 rep=6/10: frame progress 700/1000 (70.0%)
[2026-03-04 12:26:49] eps=9 rep=7/10: frame progress 700/1000 (70.0%)
[2026-03-04 12:26:49] eps=18 rep=7/10: frame progress 500/1000 (50.0%)
[2026-03-04 12:26:50] eps=9 rep=2/10: frame progress 700/1000 (70.0%)
[2026-03-04 12:26:51] eps=6 rep=1/10: frame progress 800/1000 (80.0%)
[2026-03-04 12:26:51] eps=18 rep=3/10: frame progress 500/1000 (50.0%)
[2026-03-04 12:26:51] eps=18 rep=5/10: frame progress 500/1000 (50.0%)
[2026-03-04 12:26:51] eps=6 rep=7/10: frame progress 800/1000 (80.0%)
[2026-03-04 12:26:51] eps=6 rep=4/10: frame progress 800/1000 (80.0%)
[2026-03-04 12:26:51] eps=18 rep=6/10: frame progress 500/1000 (50.0%)
[2026-03-04 12:26:52] eps=18 rep=10/10: frame progress 500/1000 (50.0%)
[2026-03-04 12:26:52] eps=18 rep=8/10: frame progress 500/1000 (50.0%)
[2026-03-04 12:26:52] eps=6 rep=5/10: frame progress 800/1000 (80.0%)
[2026-03-04 12:26:52] eps=18 rep=4/10: frame progress 500/1000 (50.0%)
[2026-03-04 12:26:52] eps=6 rep=9/10: frame progress 800/1000 (80.0%)
[2026-03-04 12:26:52] eps=18 rep=2/10: frame progress 500/1000 (50.0%)
[2026-03-04 12:26:52] eps=6 rep=10/10: frame progress 800/1000 (80.0%)
[2026-03-04 12:26:52] eps=6 rep=8/10: frame progress 800/1000 (80.0%)
[2026-03-04 12:26:52] eps=18 rep=1/10: frame progress 500/1000 (50.0%)
[2026-03-04 12:26:52] eps=6 rep=2/10: frame progress 800/1000 (80.0%)
[2026-03-04 12:26:53] eps=3 rep=9/10: frame progress 900/1000 (90.0%)
[2026-03-04 12:26:53] eps=6 rep=3/10: frame progress 800/1000 (80.0%)
[2026-03-04 12:26:53] eps=3 rep=8/10: frame progress 900/1000 (90.0%)
[2026-03-04 12:26:53] eps=3 rep=6/10: frame progress 900/1000 (90.0%)
[2026-03-04 12:26:54] eps=3 rep=10/10: frame progress 900/1000 (90.0%)
[2026-03-04 12:26:54] eps=6 rep=6/10: frame progress 800/1000 (80.0%)
[2026-03-04 12:26:54] eps=3 rep=2/10: frame progress 900/1000 (90.0%)
[2026-03-04 12:26:55] eps=3 rep=1/10: frame progress 900/1000 (90.0%)
[2026-03-04 12:26:55] eps=3 rep=4/10: frame progress 900/1000 (90.0%)
[2026-03-04 12:26:55] eps=3 rep=7/10: frame progress 900/1000 (90.0%)
[2026-03-04 12:26:55] eps=3 rep=5/10: frame progress 900/1000 (90.0%)
[2026-03-04 12:26:56] eps=3 rep=3/10: frame progress 900/1000 (90.0%)
[2026-03-04 12:26:56] eps=18 rep=9/10: frame progress 500/1000 (50.0%)
[2026-03-04 12:27:34] eps=3 rep=9/10: frame progress 1000/1000 (100.0%)
[2026-03-04 12:27:35] eps=3 rep=10/10: frame progress 1000/1000 (100.0%)
[2026-03-04 12:27:35] eps=3 rep=6/10: frame progress 1000/1000 (100.0%)
[2026-03-04 12:27:35] eps=3 rep=8/10: frame progress 1000/1000 (100.0%)
[2026-03-04 12:27:36] eps=3 rep=2/10: frame progress 1000/1000 (100.0%)
[2026-03-04 12:27:37] eps=3 rep=7/10: frame progress 1000/1000 (100.0%)
[2026-03-04 12:27:37] eps=3 rep=4/10: frame progress 1000/1000 (100.0%)
[2026-03-04 12:27:37] eps=3 rep=1/10: frame progress 1000/1000 (100.0%)
[2026-03-04 12:27:37] eps=3 rep=5/10: frame progress 1000/1000 (100.0%)
[2026-03-04 12:27:38] eps=3 rep=3/10: frame progress 1000/1000 (100.0%)
[2026-03-04 12:27:40] eps=6 rep=1/10: frame progress 900/1000 (90.0%)
[2026-03-04 12:27:41] eps=6 rep=4/10: frame progress 900/1000 (90.0%)
[2026-03-04 12:27:41] eps=6 rep=7/10: frame progress 900/1000 (90.0%)
[2026-03-04 12:27:42] eps=6 rep=5/10: frame progress 900/1000 (90.0%)
[2026-03-04 12:27:42] eps=6 rep=9/10: frame progress 900/1000 (90.0%)
[2026-03-04 12:27:42] eps=6 rep=8/10: frame progress 900/1000 (90.0%)
[2026-03-04 12:27:42] eps=6 rep=10/10: frame progress 900/1000 (90.0%)
[2026-03-04 12:27:43] eps=6 rep=2/10: frame progress 900/1000 (90.0%)
[2026-03-04 12:27:43] eps=6 rep=3/10: frame progress 900/1000 (90.0%)
[2026-03-04 12:27:44] eps=12 rep=1/9: frame progress 700/1000 (70.0%)
[2026-03-04 12:27:44] eps=6 rep=6/10: frame progress 900/1000 (90.0%)
[2026-03-04 12:27:45] eps=12 rep=2/9: frame progress 700/1000 (70.0%)
[2026-03-04 12:27:45] eps=12 rep=6/9: frame progress 700/1000 (70.0%)
[2026-03-04 12:27:46] eps=9 rep=8/10: frame progress 800/1000 (80.0%)
[2026-03-04 12:27:46] eps=12 rep=4/9: frame progress 700/1000 (70.0%)
[2026-03-04 12:27:46] eps=12 rep=7/9: frame progress 700/1000 (70.0%)
[2026-03-04 12:27:46] eps=12 rep=9/9: frame progress 700/1000 (70.0%)
[2026-03-04 12:27:46] eps=9 rep=9/10: frame progress 800/1000 (80.0%)
[2026-03-04 12:27:46] eps=12 rep=3/9: frame progress 700/1000 (70.0%)
[2026-03-04 12:27:46] eps=9 rep=1/10: frame progress 800/1000 (80.0%)
[2026-03-04 12:27:46] eps=9 rep=10/10: frame progress 800/1000 (80.0%)
[2026-03-04 12:27:46] eps=9 rep=5/10: frame progress 800/1000 (80.0%)
[2026-03-04 12:27:47] eps=9 rep=4/10: frame progress 800/1000 (80.0%)
[2026-03-04 12:27:47] eps=9 rep=3/10: frame progress 800/1000 (80.0%)
[2026-03-04 12:27:47] eps=12 rep=5/9: frame progress 700/1000 (70.0%)
[2026-03-04 12:27:47] eps=3 rep=9/10: done
[2026-03-04 12:27:48] eps=9 rep=6/10: frame progress 800/1000 (80.0%)
[2026-03-04 12:27:48] eps=3 rep=10/10: done
[2026-03-04 12:27:49] eps=3 rep=6/10: done
[2026-03-04 12:27:49] eps=3 rep=8/10: done
[2026-03-04 12:27:49] eps=9 rep=7/10: frame progress 800/1000 (80.0%)
[2026-03-04 12:27:49] eps=12 rep=8/9: frame progress 700/1000 (70.0%)
[2026-03-04 12:27:49] eps=3 rep=2/10: done
[2026-03-04 12:27:50] eps=3 rep=4/10: done
[2026-03-04 12:27:50] eps=9 rep=2/10: frame progress 800/1000 (80.0%)
[2026-03-04 12:27:50] eps=3 rep=1/10: done
[2026-03-04 12:27:50] eps=3 rep=7/10: done
[2026-03-04 12:27:51] eps=3 rep=5/10: done
[2026-03-04 12:27:51] eps=3 rep=3/10: done
[2026-03-04 12:28:20] eps=15 rep=6/10: frame progress 600/1000 (60.0%)
[2026-03-04 12:28:20] eps=15 rep=10/10: frame progress 600/1000 (60.0%)
[2026-03-04 12:28:21] eps=15 rep=5/10: frame progress 600/1000 (60.0%)
[2026-03-04 12:28:21] eps=15 rep=2/10: frame progress 600/1000 (60.0%)
[2026-03-04 12:28:22] eps=15 rep=1/10: frame progress 600/1000 (60.0%)
[2026-03-04 12:28:23] eps=15 rep=3/10: frame progress 600/1000 (60.0%)
[2026-03-04 12:28:23] eps=15 rep=9/10: frame progress 600/1000 (60.0%)
[2026-03-04 12:28:23] eps=15 rep=4/10: frame progress 600/1000 (60.0%)
[2026-03-04 12:28:23] eps=15 rep=8/10: frame progress 600/1000 (60.0%)
[2026-03-04 12:28:24] eps=15 rep=7/10: frame progress 600/1000 (60.0%)
[2026-03-04 12:28:31] eps=18 rep=7/10: frame progress 600/1000 (60.0%)
[2026-03-04 12:28:33] eps=6 rep=1/10: frame progress 1000/1000 (100.0%)
[2026-03-04 12:28:33] eps=18 rep=5/10: frame progress 600/1000 (60.0%)
[2026-03-04 12:28:33] eps=18 rep=10/10: frame progress 600/1000 (60.0%)
[2026-03-04 12:28:33] eps=18 rep=6/10: frame progress 600/1000 (60.0%)
[2026-03-04 12:28:33] eps=18 rep=2/10: frame progress 600/1000 (60.0%)
[2026-03-04 12:28:33] eps=18 rep=4/10: frame progress 600/1000 (60.0%)
[2026-03-04 12:28:34] eps=6 rep=7/10: frame progress 1000/1000 (100.0%)
[2026-03-04 12:28:34] eps=6 rep=4/10: frame progress 1000/1000 (100.0%)
[2026-03-04 12:28:34] eps=18 rep=8/10: frame progress 600/1000 (60.0%)
[2026-03-04 12:28:34] eps=18 rep=1/10: frame progress 600/1000 (60.0%)
[2026-03-04 12:28:35] eps=6 rep=5/10: frame progress 1000/1000 (100.0%)
[2026-03-04 12:28:35] eps=6 rep=9/10: frame progress 1000/1000 (100.0%)
[2026-03-04 12:28:35] eps=6 rep=8/10: frame progress 1000/1000 (100.0%)
[2026-03-04 12:28:35] eps=6 rep=2/10: frame progress 1000/1000 (100.0%)
[2026-03-04 12:28:36] eps=6 rep=10/10: frame progress 1000/1000 (100.0%)
[2026-03-04 12:28:36] eps=6 rep=3/10: frame progress 1000/1000 (100.0%)
[2026-03-04 12:28:37] eps=6 rep=6/10: frame progress 1000/1000 (100.0%)
[2026-03-04 12:28:39] eps=18 rep=9/10: frame progress 600/1000 (60.0%)
[2026-03-04 12:28:40] eps=18 rep=3/10: frame progress 600/1000 (60.0%)
[2026-03-04 12:28:46] eps=6 rep=1/10: done
[2026-03-04 12:28:47] eps=6 rep=7/10: done
[2026-03-04 12:28:47] eps=6 rep=4/10: done
[2026-03-04 12:28:48] eps=6 rep=5/10: done
[2026-03-04 12:28:48] eps=6 rep=8/10: done
[2026-03-04 12:28:48] eps=9 rep=8/10: frame progress 900/1000 (90.0%)
[2026-03-04 12:28:48] eps=6 rep=9/10: done
[2026-03-04 12:28:49] eps=9 rep=1/10: frame progress 900/1000 (90.0%)
[2026-03-04 12:28:49] eps=9 rep=4/10: frame progress 900/1000 (90.0%)
[2026-03-04 12:28:49] eps=6 rep=2/10: done
[2026-03-04 12:28:49] eps=6 rep=10/10: done
[2026-03-04 12:28:49] eps=6 rep=3/10: done
[2026-03-04 12:28:49] eps=9 rep=10/10: frame progress 900/1000 (90.0%)
[2026-03-04 12:28:49] eps=9 rep=3/10: frame progress 900/1000 (90.0%)
[2026-03-04 12:28:49] eps=9 rep=9/10: frame progress 900/1000 (90.0%)
[2026-03-04 12:28:50] eps=9 rep=5/10: frame progress 900/1000 (90.0%)
[2026-03-04 12:28:50] eps=6 rep=6/10: done
[2026-03-04 12:28:51] eps=9 rep=6/10: frame progress 900/1000 (90.0%)
[2026-03-04 12:28:52] eps=9 rep=7/10: frame progress 900/1000 (90.0%)
[2026-03-04 12:28:52] eps=12 rep=1/9: frame progress 800/1000 (80.0%)
[2026-03-04 12:28:53] eps=12 rep=2/9: frame progress 800/1000 (80.0%)
[2026-03-04 12:28:53] eps=12 rep=4/9: frame progress 800/1000 (80.0%)
[2026-03-04 12:28:53] eps=9 rep=2/10: frame progress 900/1000 (90.0%)
[2026-03-04 12:28:54] eps=12 rep=6/9: frame progress 800/1000 (80.0%)
[2026-03-04 12:28:54] eps=12 rep=7/9: frame progress 800/1000 (80.0%)
[2026-03-04 12:28:54] eps=12 rep=9/9: frame progress 800/1000 (80.0%)
[2026-03-04 12:28:54] eps=12 rep=3/9: frame progress 800/1000 (80.0%)
[2026-03-04 12:28:55] eps=12 rep=5/9: frame progress 800/1000 (80.0%)
[2026-03-04 12:28:57] eps=12 rep=8/9: frame progress 800/1000 (80.0%)
[2026-03-04 12:29:53] eps=9 rep=8/10: frame progress 1000/1000 (100.0%)
[2026-03-04 12:29:55] eps=9 rep=1/10: frame progress 1000/1000 (100.0%)
[2026-03-04 12:29:55] eps=9 rep=9/10: frame progress 1000/1000 (100.0%)
[2026-03-04 12:29:55] eps=9 rep=10/10: frame progress 1000/1000 (100.0%)
[2026-03-04 12:29:55] eps=9 rep=3/10: frame progress 1000/1000 (100.0%)
[2026-03-04 12:29:55] eps=9 rep=4/10: frame progress 1000/1000 (100.0%)
[2026-03-04 12:29:56] eps=9 rep=5/10: frame progress 1000/1000 (100.0%)
[2026-03-04 12:29:58] eps=9 rep=6/10: frame progress 1000/1000 (100.0%)
[2026-03-04 12:29:58] eps=9 rep=7/10: frame progress 1000/1000 (100.0%)
[2026-03-04 12:30:00] eps=9 rep=2/10: frame progress 1000/1000 (100.0%)
[2026-03-04 12:30:03] eps=12 rep=2/9: frame progress 900/1000 (90.0%)
[2026-03-04 12:30:03] eps=12 rep=1/9: frame progress 900/1000 (90.0%)
[2026-03-04 12:30:04] eps=12 rep=4/9: frame progress 900/1000 (90.0%)
[2026-03-04 12:30:04] eps=12 rep=7/9: frame progress 900/1000 (90.0%)
[2026-03-04 12:30:05] eps=12 rep=3/9: frame progress 900/1000 (90.0%)
[2026-03-04 12:30:05] eps=12 rep=9/9: frame progress 900/1000 (90.0%)
[2026-03-04 12:30:05] eps=12 rep=6/9: frame progress 900/1000 (90.0%)
[2026-03-04 12:30:06] eps=15 rep=10/10: frame progress 700/1000 (70.0%)
[2026-03-04 12:30:07] eps=9 rep=8/10: done
[2026-03-04 12:30:07] eps=15 rep=6/10: frame progress 700/1000 (70.0%)
[2026-03-04 12:30:07] eps=12 rep=5/9: frame progress 900/1000 (90.0%)
[2026-03-04 12:30:08] eps=9 rep=1/10: done
[2026-03-04 12:30:08] eps=15 rep=2/10: frame progress 700/1000 (70.0%)
[2026-03-04 12:30:08] eps=9 rep=9/10: done
[2026-03-04 12:30:08] eps=15 rep=5/10: frame progress 700/1000 (70.0%)
[2026-03-04 12:30:08] eps=9 rep=10/10: done
[2026-03-04 12:30:08] eps=15 rep=1/10: frame progress 700/1000 (70.0%)
[2026-03-04 12:30:08] eps=12 rep=8/9: frame progress 900/1000 (90.0%)
[2026-03-04 12:30:08] eps=9 rep=3/10: done
[2026-03-04 12:30:09] eps=9 rep=4/10: done
[2026-03-04 12:30:09] eps=9 rep=5/10: done
[2026-03-04 12:30:09] eps=15 rep=3/10: frame progress 700/1000 (70.0%)
[2026-03-04 12:30:09] eps=15 rep=9/10: frame progress 700/1000 (70.0%)
[2026-03-04 12:30:10] eps=15 rep=4/10: frame progress 700/1000 (70.0%)
[2026-03-04 12:30:11] eps=9 rep=6/10: done
[2026-03-04 12:30:11] eps=15 rep=7/10: frame progress 700/1000 (70.0%)
[2026-03-04 12:30:11] eps=15 rep=8/10: frame progress 700/1000 (70.0%)
[2026-03-04 12:30:11] eps=9 rep=7/10: done
[2026-03-04 12:30:13] eps=9 rep=2/10: done
[2026-03-04 12:30:23] eps=18 rep=7/10: frame progress 700/1000 (70.0%)
[2026-03-04 12:30:25] eps=18 rep=4/10: frame progress 700/1000 (70.0%)
[2026-03-04 12:30:26] eps=18 rep=5/10: frame progress 700/1000 (70.0%)
[2026-03-04 12:30:26] eps=18 rep=10/10: frame progress 700/1000 (70.0%)
[2026-03-04 12:30:26] eps=18 rep=6/10: frame progress 700/1000 (70.0%)
[2026-03-04 12:30:26] eps=18 rep=2/10: frame progress 700/1000 (70.0%)
[2026-03-04 12:30:26] eps=18 rep=1/10: frame progress 700/1000 (70.0%)
[2026-03-04 12:30:28] eps=18 rep=8/10: frame progress 700/1000 (70.0%)
[2026-03-04 12:30:33] eps=18 rep=9/10: frame progress 700/1000 (70.0%)
[2026-03-04 12:30:39] eps=18 rep=3/10: frame progress 700/1000 (70.0%)
[2026-03-04 12:31:17] eps=12 rep=1/9: frame progress 1000/1000 (100.0%)
[2026-03-04 12:31:17] eps=12 rep=4/9: frame progress 1000/1000 (100.0%)
[2026-03-04 12:31:18] eps=12 rep=2/9: frame progress 1000/1000 (100.0%)
[2026-03-04 12:31:18] eps=12 rep=7/9: frame progress 1000/1000 (100.0%)
[2026-03-04 12:31:19] eps=12 rep=6/9: frame progress 1000/1000 (100.0%)
[2026-03-04 12:31:19] eps=12 rep=3/9: frame progress 1000/1000 (100.0%)
[2026-03-04 12:31:20] eps=12 rep=9/9: frame progress 1000/1000 (100.0%)
[2026-03-04 12:31:22] eps=12 rep=5/9: frame progress 1000/1000 (100.0%)
[2026-03-04 12:31:22] eps=12 rep=8/9: frame progress 1000/1000 (100.0%)
[2026-03-04 12:31:30] eps=12 rep=1/9: done
[2026-03-04 12:31:30] eps=12 rep=4/9: done
[2026-03-04 12:31:31] eps=12 rep=7/9: done
[2026-03-04 12:31:31] eps=12 rep=2/9: done
[2026-03-04 12:31:32] eps=12 rep=6/9: done
[2026-03-04 12:31:33] eps=12 rep=3/9: done
[2026-03-04 12:31:33] eps=12 rep=9/9: done
[2026-03-04 12:31:35] eps=12 rep=5/9: done
[2026-03-04 12:31:35] eps=12 rep=8/9: done
[2026-03-04 12:32:00] eps=15 rep=10/10: frame progress 800/1000 (80.0%)
[2026-03-04 12:32:02] eps=15 rep=2/10: frame progress 800/1000 (80.0%)
[2026-03-04 12:32:02] eps=15 rep=6/10: frame progress 800/1000 (80.0%)
[2026-03-04 12:32:03] eps=15 rep=5/10: frame progress 800/1000 (80.0%)
[2026-03-04 12:32:04] eps=15 rep=1/10: frame progress 800/1000 (80.0%)
[2026-03-04 12:32:04] eps=15 rep=3/10: frame progress 800/1000 (80.0%)
[2026-03-04 12:32:05] eps=15 rep=9/10: frame progress 800/1000 (80.0%)
[2026-03-04 12:32:05] eps=15 rep=4/10: frame progress 800/1000 (80.0%)
[2026-03-04 12:32:06] eps=15 rep=7/10: frame progress 800/1000 (80.0%)
[2026-03-04 12:32:08] eps=15 rep=8/10: frame progress 800/1000 (80.0%)
[2026-03-04 12:32:26] eps=18 rep=7/10: frame progress 800/1000 (80.0%)
[2026-03-04 12:32:27] eps=18 rep=4/10: frame progress 800/1000 (80.0%)
[2026-03-04 12:32:29] eps=18 rep=1/10: frame progress 800/1000 (80.0%)
[2026-03-04 12:32:29] eps=18 rep=10/10: frame progress 800/1000 (80.0%)
[2026-03-04 12:32:29] eps=18 rep=6/10: frame progress 800/1000 (80.0%)
[2026-03-04 12:32:29] eps=18 rep=5/10: frame progress 800/1000 (80.0%)
[2026-03-04 12:32:31] eps=18 rep=8/10: frame progress 800/1000 (80.0%)
[2026-03-04 12:32:33] eps=18 rep=2/10: frame progress 800/1000 (80.0%)
[2026-03-04 12:32:38] eps=18 rep=9/10: frame progress 800/1000 (80.0%)
[2026-03-04 12:32:40] eps=18 rep=3/10: frame progress 800/1000 (80.0%)
[2026-03-04 12:34:01] eps=15 rep=10/10: frame progress 900/1000 (90.0%)
[2026-03-04 12:34:06] eps=15 rep=2/10: frame progress 900/1000 (90.0%)
[2026-03-04 12:34:06] eps=15 rep=3/10: frame progress 900/1000 (90.0%)
[2026-03-04 12:34:07] eps=15 rep=6/10: frame progress 900/1000 (90.0%)
[2026-03-04 12:34:07] eps=15 rep=5/10: frame progress 900/1000 (90.0%)
[2026-03-04 12:34:07] eps=15 rep=1/10: frame progress 900/1000 (90.0%)
[2026-03-04 12:34:07] eps=15 rep=9/10: frame progress 900/1000 (90.0%)
[2026-03-04 12:34:08] eps=15 rep=7/10: frame progress 900/1000 (90.0%)
[2026-03-04 12:34:10] eps=15 rep=4/10: frame progress 900/1000 (90.0%)
[2026-03-04 12:34:13] eps=15 rep=8/10: frame progress 900/1000 (90.0%)
[2026-03-04 12:34:41] eps=18 rep=7/10: frame progress 900/1000 (90.0%)
[2026-03-04 12:34:41] eps=18 rep=4/10: frame progress 900/1000 (90.0%)
[2026-03-04 12:34:44] eps=18 rep=6/10: frame progress 900/1000 (90.0%)
[2026-03-04 12:34:44] eps=18 rep=1/10: frame progress 900/1000 (90.0%)
[2026-03-04 12:34:45] eps=18 rep=5/10: frame progress 900/1000 (90.0%)
[2026-03-04 12:34:45] eps=18 rep=10/10: frame progress 900/1000 (90.0%)
[2026-03-04 12:34:46] eps=18 rep=8/10: frame progress 900/1000 (90.0%)
[2026-03-04 12:34:47] eps=18 rep=2/10: frame progress 900/1000 (90.0%)
[2026-03-04 12:34:53] eps=18 rep=3/10: frame progress 900/1000 (90.0%)
[2026-03-04 12:34:55] eps=18 rep=9/10: frame progress 900/1000 (90.0%)
[2026-03-04 12:36:11] eps=15 rep=10/10: frame progress 1000/1000 (100.0%)
[2026-03-04 12:36:17] eps=15 rep=3/10: frame progress 1000/1000 (100.0%)
[2026-03-04 12:36:18] eps=15 rep=9/10: frame progress 1000/1000 (100.0%)
[2026-03-04 12:36:18] eps=15 rep=1/10: frame progress 1000/1000 (100.0%)
[2026-03-04 12:36:18] eps=15 rep=2/10: frame progress 1000/1000 (100.0%)
[2026-03-04 12:36:18] eps=15 rep=5/10: frame progress 1000/1000 (100.0%)
[2026-03-04 12:36:19] eps=15 rep=6/10: frame progress 1000/1000 (100.0%)
[2026-03-04 12:36:19] eps=15 rep=7/10: frame progress 1000/1000 (100.0%)
[2026-03-04 12:36:23] eps=15 rep=4/10: frame progress 1000/1000 (100.0%)
[2026-03-04 12:36:24] eps=15 rep=10/10: done
[2026-03-04 12:36:27] eps=15 rep=8/10: frame progress 1000/1000 (100.0%)
[2026-03-04 12:36:30] eps=15 rep=3/10: done
[2026-03-04 12:36:31] eps=15 rep=9/10: done
[2026-03-04 12:36:31] eps=15 rep=1/10: done
[2026-03-04 12:36:31] eps=15 rep=2/10: done
[2026-03-04 12:36:31] eps=15 rep=5/10: done
[2026-03-04 12:36:32] eps=15 rep=6/10: done
[2026-03-04 12:36:33] eps=15 rep=7/10: done
[2026-03-04 12:36:36] eps=15 rep=4/10: done
[2026-03-04 12:36:39] eps=15 rep=8/10: done
[2026-03-04 12:37:06] eps=18 rep=7/10: frame progress 1000/1000 (100.0%)
[2026-03-04 12:37:08] eps=18 rep=4/10: frame progress 1000/1000 (100.0%)
[2026-03-04 12:37:11] eps=18 rep=6/10: frame progress 1000/1000 (100.0%)
[2026-03-04 12:37:11] eps=18 rep=1/10: frame progress 1000/1000 (100.0%)
[2026-03-04 12:37:13] eps=18 rep=8/10: frame progress 1000/1000 (100.0%)
[2026-03-04 12:37:14] eps=18 rep=10/10: frame progress 1000/1000 (100.0%)
[2026-03-04 12:37:14] eps=18 rep=2/10: frame progress 1000/1000 (100.0%)
[2026-03-04 12:37:15] eps=18 rep=5/10: frame progress 1000/1000 (100.0%)
[2026-03-04 12:37:19] eps=18 rep=3/10: frame progress 1000/1000 (100.0%)
[2026-03-04 12:37:19] eps=18 rep=7/10: done
[2026-03-04 12:37:20] eps=18 rep=4/10: done
[2026-03-04 12:37:23] eps=18 rep=6/10: done
[2026-03-04 12:37:24] eps=18 rep=1/10: done
[2026-03-04 12:37:26] eps=18 rep=9/10: frame progress 1000/1000 (100.0%)
[2026-03-04 12:37:26] eps=18 rep=8/10: done
[2026-03-04 12:37:26] eps=18 rep=10/10: done
[2026-03-04 12:37:27] eps=18 rep=2/10: done
[2026-03-04 12:37:28] eps=18 rep=5/10: done
[2026-03-04 12:37:31] eps=18 rep=3/10: done
[2026-03-04 12:37:38] eps=18 rep=9/10: done
[2026-03-04 12:37:38] Completed parallel analysis for 59 runs
[2026-03-04 12:37:38] Aggregating epsilon group 1/6: eps=3, replicates=10
[2026-03-04 12:37:38] Writing outputs for eps=3 to /scratch/gpfs/WEBB/chertok/REACTIVELJ_PAPER/simulation_package/melt/analysis/results/eps_3
[2026-03-04 12:37:39] Finished epsilon group eps=3
[2026-03-04 12:37:39] Aggregating epsilon group 2/6: eps=6, replicates=10
[2026-03-04 12:37:39] Writing outputs for eps=6 to /scratch/gpfs/WEBB/chertok/REACTIVELJ_PAPER/simulation_package/melt/analysis/results/eps_6
[2026-03-04 12:37:40] Finished epsilon group eps=6
[2026-03-04 12:37:40] Aggregating epsilon group 3/6: eps=9, replicates=10
[2026-03-04 12:37:40] Writing outputs for eps=9 to /scratch/gpfs/WEBB/chertok/REACTIVELJ_PAPER/simulation_package/melt/analysis/results/eps_9
[2026-03-04 12:37:42] Finished epsilon group eps=9
[2026-03-04 12:37:42] Aggregating epsilon group 4/6: eps=12, replicates=9
[2026-03-04 12:37:42] Writing outputs for eps=12 to /scratch/gpfs/WEBB/chertok/REACTIVELJ_PAPER/simulation_package/melt/analysis/results/eps_12
[2026-03-04 12:37:44] Finished epsilon group eps=12
[2026-03-04 12:37:44] Aggregating epsilon group 5/6: eps=15, replicates=10
[2026-03-04 12:37:44] Writing outputs for eps=15 to /scratch/gpfs/WEBB/chertok/REACTIVELJ_PAPER/simulation_package/melt/analysis/results/eps_15
[2026-03-04 12:37:46] Finished epsilon group eps=15
[2026-03-04 12:37:46] Aggregating epsilon group 6/6: eps=18, replicates=10
[2026-03-04 12:37:46] Writing outputs for eps=18 to /scratch/gpfs/WEBB/chertok/REACTIVELJ_PAPER/simulation_package/melt/analysis/results/eps_18
[2026-03-04 12:37:47] Finished epsilon group eps=18
[2026-03-04 12:37:47] Wrote /scratch/gpfs/WEBB/chertok/REACTIVELJ_PAPER/simulation_package/melt/analysis/results/summary.json
[2026-03-04 12:37:47] Wrote /scratch/gpfs/WEBB/chertok/REACTIVELJ_PAPER/simulation_package/melt/analysis/results/summary.csv
[2026-03-04 12:37:50] Analysis complete
[2026-03-04 12:37:50] Step 7/8 complete: Analysis finished in 968 seconds
[2026-03-04 12:37:50] Step 8/8: Job complete in 970 seconds total
