[2026-03-02 15:30:03] Step 1/8: Purging modules
[2026-03-02 15:30:03] Step 2/8: Sourcing ~/.bashrc
[2026-03-02 15:30:04] Step 3/8: Loading anaconda module
[2026-03-02 15:30:04] Step 4/8: Activating conda environment
[2026-03-02 15:30:05] Step 5/8: Changing directory to /scratch/gpfs/WEBB/chertok/REACTIVELJ_PAPER/simulation_package/melt
[2026-03-02 15:30:05] Step 6/8: Ensuring logs directory exists
[2026-03-02 15:30:05] Step 7/8: Starting trajectory analysis
[2026-03-02 15:30:09] Scanning trajectories under /scratch/gpfs/WEBB/chertok/REACTIVELJ_PAPER/simulation_package/melt/data_generation/outputs
[2026-03-02 15:30:09] Discovered 59 trajectory/metadata pairs
[2026-03-02 15:30:09] Grouped runs into 6 epsilon values
[2026-03-02 15:30:09] Queueing epsilon group 1/6: eps=3, replicates=10
[2026-03-02 15:30:09] Queueing epsilon group 2/6: eps=6, replicates=10
[2026-03-02 15:30:09] Queueing epsilon group 3/6: eps=9, replicates=10
[2026-03-02 15:30:09] Queueing epsilon group 4/6: eps=12, replicates=9
[2026-03-02 15:30:09] Queueing epsilon group 5/6: eps=15, replicates=10
[2026-03-02 15:30:09] Queueing epsilon group 6/6: eps=18, replicates=10
[2026-03-02 15:30:09] Starting parallel analysis with 16 workers on 59 runs
[2026-03-02 15:30:10] eps=3 rep=2/10: start (eps_3/rep_003/trajectory.gsd)
[2026-03-02 15:30:10] eps=3 rep=1/10: start (eps_3/rep_004/trajectory.gsd)
[2026-03-02 15:30:10] eps=3 rep=5/10: start (eps_3/rep_005/trajectory.gsd)
[2026-03-02 15:30:10] eps=3 rep=4/10: start (eps_3/rep_006/trajectory.gsd)
[2026-03-02 15:30:10] eps=3 rep=3/10: start (eps_3/rep_007/trajectory.gsd)
[2026-03-02 15:30:10] eps=3 rep=7/10: start (eps_3/rep_009/trajectory.gsd)
[2026-03-02 15:30:10] eps=6 rep=1/10: start (eps_6/rep_004/trajectory.gsd)
[2026-03-02 15:30:10] eps=3 rep=6/10: start (eps_3/rep_010/trajectory.gsd)
[2026-03-02 15:30:10] eps=3 rep=8/10: start (eps_3/rep_008/trajectory.gsd)
[2026-03-02 15:30:10] eps=3 rep=9/10: start (eps_3/rep_002/trajectory.gsd)
[2026-03-02 15:30:10] eps=3 rep=10/10: start (eps_3/rep_001/trajectory.gsd)
[2026-03-02 15:30:10] eps=6 rep=2/10: start (eps_6/rep_003/trajectory.gsd)
[2026-03-02 15:30:10] eps=6 rep=5/10: start (eps_6/rep_005/trajectory.gsd)
[2026-03-02 15:30:10] eps=6 rep=3/10: start (eps_6/rep_007/trajectory.gsd)
[2026-03-02 15:30:10] eps=6 rep=4/10: start (eps_6/rep_006/trajectory.gsd)
[2026-03-02 15:30:10] eps=6 rep=6/10: start (eps_6/rep_010/trajectory.gsd)
[2026-03-02 15:30:13] eps=3 rep=5/10: frame progress 10/100 (10.0%)
[2026-03-02 15:30:13] eps=3 rep=6/10: frame progress 10/100 (10.0%)
[2026-03-02 15:30:13] eps=3 rep=2/10: frame progress 10/100 (10.0%)
[2026-03-02 15:30:13] eps=3 rep=4/10: frame progress 10/100 (10.0%)
[2026-03-02 15:30:13] eps=3 rep=3/10: frame progress 10/100 (10.0%)
[2026-03-02 15:30:13] eps=3 rep=9/10: frame progress 10/100 (10.0%)
[2026-03-02 15:30:13] eps=3 rep=10/10: frame progress 10/100 (10.0%)
[2026-03-02 15:30:13] eps=3 rep=7/10: frame progress 10/100 (10.0%)
[2026-03-02 15:30:13] eps=3 rep=1/10: frame progress 10/100 (10.0%)
[2026-03-02 15:30:13] eps=3 rep=8/10: frame progress 10/100 (10.0%)
[2026-03-02 15:30:13] eps=6 rep=4/10: frame progress 10/100 (10.0%)
[2026-03-02 15:30:13] eps=6 rep=5/10: frame progress 10/100 (10.0%)
[2026-03-02 15:30:13] eps=6 rep=2/10: frame progress 10/100 (10.0%)
[2026-03-02 15:30:13] eps=6 rep=3/10: frame progress 10/100 (10.0%)
[2026-03-02 15:30:13] eps=6 rep=1/10: frame progress 10/100 (10.0%)
[2026-03-02 15:30:13] eps=6 rep=6/10: frame progress 10/100 (10.0%)
[2026-03-02 15:30:15] eps=3 rep=5/10: frame progress 20/100 (20.0%)
[2026-03-02 15:30:15] eps=3 rep=6/10: frame progress 20/100 (20.0%)
[2026-03-02 15:30:15] eps=3 rep=3/10: frame progress 20/100 (20.0%)
[2026-03-02 15:30:15] eps=3 rep=4/10: frame progress 20/100 (20.0%)
[2026-03-02 15:30:15] eps=3 rep=2/10: frame progress 20/100 (20.0%)
[2026-03-02 15:30:15] eps=3 rep=7/10: frame progress 20/100 (20.0%)
[2026-03-02 15:30:15] eps=3 rep=1/10: frame progress 20/100 (20.0%)
[2026-03-02 15:30:15] eps=3 rep=10/10: frame progress 20/100 (20.0%)
[2026-03-02 15:30:15] eps=3 rep=9/10: frame progress 20/100 (20.0%)
[2026-03-02 15:30:15] eps=3 rep=8/10: frame progress 20/100 (20.0%)
[2026-03-02 15:30:16] eps=6 rep=4/10: frame progress 20/100 (20.0%)
[2026-03-02 15:30:16] eps=6 rep=5/10: frame progress 20/100 (20.0%)
[2026-03-02 15:30:16] eps=6 rep=2/10: frame progress 20/100 (20.0%)
[2026-03-02 15:30:16] eps=6 rep=1/10: frame progress 20/100 (20.0%)
[2026-03-02 15:30:16] eps=6 rep=3/10: frame progress 20/100 (20.0%)
[2026-03-02 15:30:16] eps=6 rep=6/10: frame progress 20/100 (20.0%)
[2026-03-02 15:30:18] eps=3 rep=5/10: frame progress 30/100 (30.0%)
[2026-03-02 15:30:18] eps=3 rep=6/10: frame progress 30/100 (30.0%)
[2026-03-02 15:30:18] eps=3 rep=3/10: frame progress 30/100 (30.0%)
[2026-03-02 15:30:18] eps=3 rep=4/10: frame progress 30/100 (30.0%)
[2026-03-02 15:30:18] eps=3 rep=7/10: frame progress 30/100 (30.0%)
[2026-03-02 15:30:18] eps=3 rep=2/10: frame progress 30/100 (30.0%)
[2026-03-02 15:30:18] eps=3 rep=10/10: frame progress 30/100 (30.0%)
[2026-03-02 15:30:18] eps=3 rep=1/10: frame progress 30/100 (30.0%)
[2026-03-02 15:30:18] eps=3 rep=9/10: frame progress 30/100 (30.0%)
[2026-03-02 15:30:18] eps=3 rep=8/10: frame progress 30/100 (30.0%)
[2026-03-02 15:30:19] eps=6 rep=5/10: frame progress 30/100 (30.0%)
[2026-03-02 15:30:19] eps=6 rep=4/10: frame progress 30/100 (30.0%)
[2026-03-02 15:30:19] eps=6 rep=2/10: frame progress 30/100 (30.0%)
[2026-03-02 15:30:19] eps=6 rep=3/10: frame progress 30/100 (30.0%)
[2026-03-02 15:30:19] eps=6 rep=1/10: frame progress 30/100 (30.0%)
[2026-03-02 15:30:19] eps=6 rep=6/10: frame progress 30/100 (30.0%)
[2026-03-02 15:30:21] eps=3 rep=5/10: frame progress 40/100 (40.0%)
[2026-03-02 15:30:21] eps=3 rep=6/10: frame progress 40/100 (40.0%)
[2026-03-02 15:30:21] eps=3 rep=3/10: frame progress 40/100 (40.0%)
[2026-03-02 15:30:21] eps=3 rep=4/10: frame progress 40/100 (40.0%)
[2026-03-02 15:30:21] eps=3 rep=2/10: frame progress 40/100 (40.0%)
[2026-03-02 15:30:21] eps=3 rep=1/10: frame progress 40/100 (40.0%)
[2026-03-02 15:30:21] eps=3 rep=7/10: frame progress 40/100 (40.0%)
[2026-03-02 15:30:21] eps=3 rep=9/10: frame progress 40/100 (40.0%)
[2026-03-02 15:30:21] eps=3 rep=10/10: frame progress 40/100 (40.0%)
[2026-03-02 15:30:21] eps=3 rep=8/10: frame progress 40/100 (40.0%)
[2026-03-02 15:30:22] eps=6 rep=5/10: frame progress 40/100 (40.0%)
[2026-03-02 15:30:22] eps=6 rep=4/10: frame progress 40/100 (40.0%)
[2026-03-02 15:30:22] eps=6 rep=2/10: frame progress 40/100 (40.0%)
[2026-03-02 15:30:22] eps=6 rep=3/10: frame progress 40/100 (40.0%)
[2026-03-02 15:30:22] eps=6 rep=1/10: frame progress 40/100 (40.0%)
[2026-03-02 15:30:22] eps=6 rep=6/10: frame progress 40/100 (40.0%)
[2026-03-02 15:30:24] eps=3 rep=5/10: frame progress 50/100 (50.0%)
[2026-03-02 15:30:24] eps=3 rep=6/10: frame progress 50/100 (50.0%)
[2026-03-02 15:30:24] eps=3 rep=3/10: frame progress 50/100 (50.0%)
[2026-03-02 15:30:24] eps=3 rep=4/10: frame progress 50/100 (50.0%)
[2026-03-02 15:30:24] eps=3 rep=2/10: frame progress 50/100 (50.0%)
[2026-03-02 15:30:24] eps=3 rep=7/10: frame progress 50/100 (50.0%)
[2026-03-02 15:30:24] eps=3 rep=1/10: frame progress 50/100 (50.0%)
[2026-03-02 15:30:24] eps=3 rep=10/10: frame progress 50/100 (50.0%)
[2026-03-02 15:30:24] eps=3 rep=9/10: frame progress 50/100 (50.0%)
[2026-03-02 15:30:24] eps=3 rep=8/10: frame progress 50/100 (50.0%)
[2026-03-02 15:30:25] eps=6 rep=5/10: frame progress 50/100 (50.0%)
[2026-03-02 15:30:25] eps=6 rep=4/10: frame progress 50/100 (50.0%)
[2026-03-02 15:30:25] eps=6 rep=2/10: frame progress 50/100 (50.0%)
[2026-03-02 15:30:25] eps=6 rep=1/10: frame progress 50/100 (50.0%)
[2026-03-02 15:30:25] eps=6 rep=3/10: frame progress 50/100 (50.0%)
[2026-03-02 15:30:25] eps=6 rep=6/10: frame progress 50/100 (50.0%)
[2026-03-02 15:30:27] eps=3 rep=5/10: frame progress 60/100 (60.0%)
[2026-03-02 15:30:27] eps=3 rep=6/10: frame progress 60/100 (60.0%)
[2026-03-02 15:30:27] eps=3 rep=3/10: frame progress 60/100 (60.0%)
[2026-03-02 15:30:27] eps=3 rep=4/10: frame progress 60/100 (60.0%)
[2026-03-02 15:30:27] eps=3 rep=7/10: frame progress 60/100 (60.0%)
[2026-03-02 15:30:27] eps=3 rep=2/10: frame progress 60/100 (60.0%)
[2026-03-02 15:30:27] eps=3 rep=10/10: frame progress 60/100 (60.0%)
[2026-03-02 15:30:27] eps=3 rep=1/10: frame progress 60/100 (60.0%)
[2026-03-02 15:30:27] eps=3 rep=8/10: frame progress 60/100 (60.0%)
[2026-03-02 15:30:27] eps=3 rep=9/10: frame progress 60/100 (60.0%)
[2026-03-02 15:30:28] eps=6 rep=5/10: frame progress 60/100 (60.0%)
[2026-03-02 15:30:28] eps=6 rep=2/10: frame progress 60/100 (60.0%)
[2026-03-02 15:30:28] eps=6 rep=4/10: frame progress 60/100 (60.0%)
[2026-03-02 15:30:28] eps=6 rep=1/10: frame progress 60/100 (60.0%)
[2026-03-02 15:30:28] eps=6 rep=3/10: frame progress 60/100 (60.0%)
[2026-03-02 15:30:29] eps=6 rep=6/10: frame progress 60/100 (60.0%)
[2026-03-02 15:30:30] eps=3 rep=5/10: frame progress 70/100 (70.0%)
[2026-03-02 15:30:30] eps=3 rep=6/10: frame progress 70/100 (70.0%)
[2026-03-02 15:30:30] eps=3 rep=3/10: frame progress 70/100 (70.0%)
[2026-03-02 15:30:30] eps=3 rep=4/10: frame progress 70/100 (70.0%)
[2026-03-02 15:30:30] eps=3 rep=2/10: frame progress 70/100 (70.0%)
[2026-03-02 15:30:30] eps=3 rep=10/10: frame progress 70/100 (70.0%)
[2026-03-02 15:30:30] eps=3 rep=7/10: frame progress 70/100 (70.0%)
[2026-03-02 15:30:30] eps=3 rep=1/10: frame progress 70/100 (70.0%)
[2026-03-02 15:30:30] eps=3 rep=8/10: frame progress 70/100 (70.0%)
[2026-03-02 15:30:30] eps=3 rep=9/10: frame progress 70/100 (70.0%)
[2026-03-02 15:30:31] eps=6 rep=5/10: frame progress 70/100 (70.0%)
[2026-03-02 15:30:31] eps=6 rep=4/10: frame progress 70/100 (70.0%)
[2026-03-02 15:30:31] eps=6 rep=2/10: frame progress 70/100 (70.0%)
[2026-03-02 15:30:31] eps=6 rep=1/10: frame progress 70/100 (70.0%)
[2026-03-02 15:30:31] eps=6 rep=3/10: frame progress 70/100 (70.0%)
[2026-03-02 15:30:32] eps=6 rep=6/10: frame progress 70/100 (70.0%)
[2026-03-02 15:30:33] eps=3 rep=5/10: frame progress 80/100 (80.0%)
[2026-03-02 15:30:33] eps=3 rep=6/10: frame progress 80/100 (80.0%)
[2026-03-02 15:30:33] eps=3 rep=3/10: frame progress 80/100 (80.0%)
[2026-03-02 15:30:33] eps=3 rep=4/10: frame progress 80/100 (80.0%)
[2026-03-02 15:30:33] eps=3 rep=2/10: frame progress 80/100 (80.0%)
[2026-03-02 15:30:33] eps=3 rep=7/10: frame progress 80/100 (80.0%)
[2026-03-02 15:30:33] eps=3 rep=10/10: frame progress 80/100 (80.0%)
[2026-03-02 15:30:33] eps=3 rep=1/10: frame progress 80/100 (80.0%)
[2026-03-02 15:30:33] eps=3 rep=8/10: frame progress 80/100 (80.0%)
[2026-03-02 15:30:33] eps=3 rep=9/10: frame progress 80/100 (80.0%)
[2026-03-02 15:30:34] eps=6 rep=5/10: frame progress 80/100 (80.0%)
[2026-03-02 15:30:34] eps=6 rep=4/10: frame progress 80/100 (80.0%)
[2026-03-02 15:30:34] eps=6 rep=2/10: frame progress 80/100 (80.0%)
[2026-03-02 15:30:34] eps=6 rep=1/10: frame progress 80/100 (80.0%)
[2026-03-02 15:30:34] eps=6 rep=3/10: frame progress 80/100 (80.0%)
[2026-03-02 15:30:35] eps=6 rep=6/10: frame progress 80/100 (80.0%)
[2026-03-02 15:30:36] eps=3 rep=5/10: frame progress 90/100 (90.0%)
[2026-03-02 15:30:36] eps=3 rep=6/10: frame progress 90/100 (90.0%)
[2026-03-02 15:30:36] eps=3 rep=3/10: frame progress 90/100 (90.0%)
[2026-03-02 15:30:36] eps=3 rep=4/10: frame progress 90/100 (90.0%)
[2026-03-02 15:30:36] eps=3 rep=2/10: frame progress 90/100 (90.0%)
[2026-03-02 15:30:36] eps=3 rep=7/10: frame progress 90/100 (90.0%)
[2026-03-02 15:30:36] eps=3 rep=10/10: frame progress 90/100 (90.0%)
[2026-03-02 15:30:36] eps=3 rep=1/10: frame progress 90/100 (90.0%)
[2026-03-02 15:30:36] eps=3 rep=9/10: frame progress 90/100 (90.0%)
[2026-03-02 15:30:36] eps=3 rep=8/10: frame progress 90/100 (90.0%)
[2026-03-02 15:30:37] eps=6 rep=5/10: frame progress 90/100 (90.0%)
[2026-03-02 15:30:37] eps=6 rep=4/10: frame progress 90/100 (90.0%)
[2026-03-02 15:30:38] eps=6 rep=2/10: frame progress 90/100 (90.0%)
[2026-03-02 15:30:38] eps=6 rep=1/10: frame progress 90/100 (90.0%)
[2026-03-02 15:30:38] eps=6 rep=3/10: frame progress 90/100 (90.0%)
[2026-03-02 15:30:38] eps=6 rep=6/10: frame progress 90/100 (90.0%)
[2026-03-02 15:30:39] eps=3 rep=5/10: frame progress 100/100 (100.0%)
[2026-03-02 15:30:39] eps=3 rep=6/10: frame progress 100/100 (100.0%)
[2026-03-02 15:30:39] eps=3 rep=3/10: frame progress 100/100 (100.0%)
[2026-03-02 15:30:39] eps=3 rep=4/10: frame progress 100/100 (100.0%)
[2026-03-02 15:30:39] eps=3 rep=7/10: frame progress 100/100 (100.0%)
[2026-03-02 15:30:39] eps=3 rep=2/10: frame progress 100/100 (100.0%)
[2026-03-02 15:30:39] eps=3 rep=10/10: frame progress 100/100 (100.0%)
[2026-03-02 15:30:39] eps=3 rep=1/10: frame progress 100/100 (100.0%)
[2026-03-02 15:30:39] eps=3 rep=8/10: frame progress 100/100 (100.0%)
[2026-03-02 15:30:39] eps=3 rep=9/10: frame progress 100/100 (100.0%)
[2026-03-02 15:30:41] eps=6 rep=5/10: frame progress 100/100 (100.0%)
[2026-03-02 15:30:41] eps=6 rep=4/10: frame progress 100/100 (100.0%)
[2026-03-02 15:30:41] eps=6 rep=2/10: frame progress 100/100 (100.0%)
[2026-03-02 15:30:41] eps=6 rep=1/10: frame progress 100/100 (100.0%)
[2026-03-02 15:30:41] eps=6 rep=3/10: frame progress 100/100 (100.0%)
[2026-03-02 15:30:42] eps=6 rep=6/10: frame progress 100/100 (100.0%)
[2026-03-02T15:46:31.501] error: *** JOB 2135224 ON tiger-i05g4 CANCELLED AT 2026-03-02T15:46:31 DUE to SIGNAL Terminated ***
