[2026-02-28 18:24:03] Step 1/8: Purging modules
[2026-02-28 18:24:03] Step 2/8: Sourcing ~/.bashrc
[2026-02-28 18:24:04] Step 3/8: Loading anaconda module
[2026-02-28 18:24:04] Step 4/8: Activating conda environment
[2026-02-28 18:24:05] Step 5/8: Changing directory to /scratch/gpfs/WEBB/chertok/REACTIVELJ_PAPER/simulation_package/melt
[2026-02-28 18:24:05] Step 6/8: Ensuring logs directory exists
[2026-02-28 18:24:05] Step 7/8: Starting trajectory analysis
[2026-02-28 18:24:06] Scanning trajectories under /scratch/gpfs/WEBB/chertok/REACTIVELJ_PAPER/simulation_package/melt/data_generation/outputs
[2026-02-28 18:24:06] Discovered 59 trajectory/metadata pairs
[2026-02-28 18:24:06] Grouped runs into 6 epsilon values
[2026-02-28 18:24:06] Queueing epsilon group 1/6: eps=3, replicates=10
[2026-02-28 18:24:06] Queueing epsilon group 2/6: eps=6, replicates=10
[2026-02-28 18:24:06] Queueing epsilon group 3/6: eps=9, replicates=10
[2026-02-28 18:24:06] Queueing epsilon group 4/6: eps=12, replicates=9
[2026-02-28 18:24:06] Queueing epsilon group 5/6: eps=15, replicates=10
[2026-02-28 18:24:06] Queueing epsilon group 6/6: eps=18, replicates=10
[2026-02-28 18:24:06] Starting parallel analysis with 16 workers on 59 runs
[2026-02-28 18:24:07] eps=3 rep=2/10: start (eps_3/rep_003/trajectory.gsd)
[2026-02-28 18:24:07] eps=3 rep=3/10: start (eps_3/rep_007/trajectory.gsd)
[2026-02-28 18:24:07] eps=3 rep=5/10: start (eps_3/rep_005/trajectory.gsd)
[2026-02-28 18:24:07] eps=3 rep=9/10: start (eps_3/rep_002/trajectory.gsd)
[2026-02-28 18:24:07] eps=3 rep=4/10: start (eps_3/rep_006/trajectory.gsd)
[2026-02-28 18:24:07] eps=3 rep=1/10: start (eps_3/rep_004/trajectory.gsd)
[2026-02-28 18:24:07] eps=3 rep=6/10: start (eps_3/rep_010/trajectory.gsd)
[2026-02-28 18:24:07] eps=3 rep=7/10: start (eps_3/rep_009/trajectory.gsd)
[2026-02-28 18:24:07] eps=3 rep=8/10: start (eps_3/rep_008/trajectory.gsd)
[2026-02-28 18:24:07] eps=6 rep=1/10: start (eps_6/rep_004/trajectory.gsd)
[2026-02-28 18:24:07] eps=3 rep=10/10: start (eps_3/rep_001/trajectory.gsd)
[2026-02-28 18:24:07] eps=6 rep=4/10: start (eps_6/rep_006/trajectory.gsd)
[2026-02-28 18:24:07] eps=6 rep=5/10: start (eps_6/rep_005/trajectory.gsd)
[2026-02-28 18:24:07] eps=6 rep=2/10: start (eps_6/rep_003/trajectory.gsd)
[2026-02-28 18:24:07] eps=6 rep=3/10: start (eps_6/rep_007/trajectory.gsd)
[2026-02-28 18:24:07] eps=6 rep=6/10: start (eps_6/rep_010/trajectory.gsd)
[2026-02-28 18:24:10] eps=3 rep=1/10: frame progress 10/100 (10.0%)
[2026-02-28 18:24:10] eps=3 rep=2/10: frame progress 10/100 (10.0%)
[2026-02-28 18:24:10] eps=3 rep=10/10: frame progress 10/100 (10.0%)
[2026-02-28 18:24:10] eps=3 rep=9/10: frame progress 10/100 (10.0%)
[2026-02-28 18:24:10] eps=3 rep=3/10: frame progress 10/100 (10.0%)
[2026-02-28 18:24:10] eps=3 rep=8/10: frame progress 10/100 (10.0%)
[2026-02-28 18:24:10] eps=3 rep=5/10: frame progress 10/100 (10.0%)
[2026-02-28 18:24:10] eps=3 rep=6/10: frame progress 10/100 (10.0%)
[2026-02-28 18:24:10] eps=6 rep=3/10: frame progress 10/100 (10.0%)
[2026-02-28 18:24:10] eps=6 rep=6/10: frame progress 10/100 (10.0%)
[2026-02-28 18:24:10] eps=3 rep=7/10: frame progress 10/100 (10.0%)
[2026-02-28 18:24:10] eps=6 rep=4/10: frame progress 10/100 (10.0%)
[2026-02-28 18:24:10] eps=6 rep=1/10: frame progress 10/100 (10.0%)
[2026-02-28 18:24:10] eps=6 rep=5/10: frame progress 10/100 (10.0%)
[2026-02-28 18:24:10] eps=3 rep=4/10: frame progress 10/100 (10.0%)
[2026-02-28 18:24:10] eps=6 rep=2/10: frame progress 10/100 (10.0%)
[2026-02-28 18:24:13] eps=3 rep=1/10: frame progress 20/100 (20.0%)
[2026-02-28 18:24:13] eps=3 rep=10/10: frame progress 20/100 (20.0%)
[2026-02-28 18:24:13] eps=3 rep=2/10: frame progress 20/100 (20.0%)
[2026-02-28 18:24:13] eps=3 rep=9/10: frame progress 20/100 (20.0%)
[2026-02-28 18:24:13] eps=3 rep=3/10: frame progress 20/100 (20.0%)
[2026-02-28 18:24:13] eps=3 rep=8/10: frame progress 20/100 (20.0%)
[2026-02-28 18:24:13] eps=3 rep=5/10: frame progress 20/100 (20.0%)
[2026-02-28 18:24:13] eps=3 rep=6/10: frame progress 20/100 (20.0%)
[2026-02-28 18:24:13] eps=3 rep=7/10: frame progress 20/100 (20.0%)
[2026-02-28 18:24:13] eps=6 rep=6/10: frame progress 20/100 (20.0%)
[2026-02-28 18:24:13] eps=6 rep=1/10: frame progress 20/100 (20.0%)
[2026-02-28 18:24:13] eps=6 rep=4/10: frame progress 20/100 (20.0%)
[2026-02-28 18:24:13] eps=6 rep=3/10: frame progress 20/100 (20.0%)
[2026-02-28 18:24:13] eps=3 rep=4/10: frame progress 20/100 (20.0%)
[2026-02-28 18:24:13] eps=6 rep=5/10: frame progress 20/100 (20.0%)
[2026-02-28 18:24:14] eps=6 rep=2/10: frame progress 20/100 (20.0%)
[2026-02-28 18:24:16] eps=3 rep=1/10: frame progress 30/100 (30.0%)
[2026-02-28 18:24:16] eps=3 rep=10/10: frame progress 30/100 (30.0%)
[2026-02-28 18:24:16] eps=3 rep=2/10: frame progress 30/100 (30.0%)
[2026-02-28 18:24:16] eps=3 rep=9/10: frame progress 30/100 (30.0%)
[2026-02-28 18:24:16] eps=3 rep=8/10: frame progress 30/100 (30.0%)
[2026-02-28 18:24:16] eps=3 rep=3/10: frame progress 30/100 (30.0%)
[2026-02-28 18:24:16] eps=3 rep=5/10: frame progress 30/100 (30.0%)
[2026-02-28 18:24:16] eps=3 rep=6/10: frame progress 30/100 (30.0%)
[2026-02-28 18:24:16] eps=3 rep=7/10: frame progress 30/100 (30.0%)
[2026-02-28 18:24:17] eps=3 rep=4/10: frame progress 30/100 (30.0%)
[2026-02-28 18:24:17] eps=6 rep=1/10: frame progress 30/100 (30.0%)
[2026-02-28 18:24:17] eps=6 rep=3/10: frame progress 30/100 (30.0%)
[2026-02-28 18:24:17] eps=6 rep=4/10: frame progress 30/100 (30.0%)
[2026-02-28 18:24:17] eps=6 rep=6/10: frame progress 30/100 (30.0%)
[2026-02-28 18:24:17] eps=6 rep=5/10: frame progress 30/100 (30.0%)
[2026-02-28 18:24:17] eps=6 rep=2/10: frame progress 30/100 (30.0%)
[2026-02-28 18:24:19] eps=3 rep=1/10: frame progress 40/100 (40.0%)
[2026-02-28 18:24:19] eps=3 rep=10/10: frame progress 40/100 (40.0%)
[2026-02-28 18:24:19] eps=3 rep=9/10: frame progress 40/100 (40.0%)
[2026-02-28 18:24:19] eps=3 rep=8/10: frame progress 40/100 (40.0%)
[2026-02-28 18:24:19] eps=3 rep=2/10: frame progress 40/100 (40.0%)
[2026-02-28 18:24:19] eps=3 rep=3/10: frame progress 40/100 (40.0%)
[2026-02-28 18:24:19] eps=3 rep=5/10: frame progress 40/100 (40.0%)
[2026-02-28 18:24:19] eps=3 rep=7/10: frame progress 40/100 (40.0%)
[2026-02-28 18:24:19] eps=3 rep=6/10: frame progress 40/100 (40.0%)
[2026-02-28 18:24:20] eps=3 rep=4/10: frame progress 40/100 (40.0%)
[2026-02-28 18:24:20] eps=6 rep=1/10: frame progress 40/100 (40.0%)
[2026-02-28 18:24:20] eps=6 rep=3/10: frame progress 40/100 (40.0%)
[2026-02-28 18:24:20] eps=6 rep=6/10: frame progress 40/100 (40.0%)
[2026-02-28 18:24:20] eps=6 rep=5/10: frame progress 40/100 (40.0%)
[2026-02-28 18:24:20] eps=6 rep=4/10: frame progress 40/100 (40.0%)
[2026-02-28 18:24:20] eps=6 rep=2/10: frame progress 40/100 (40.0%)
[2026-02-28 18:24:22] eps=3 rep=1/10: frame progress 50/100 (50.0%)
[2026-02-28 18:24:22] eps=3 rep=10/10: frame progress 50/100 (50.0%)
[2026-02-28 18:24:22] eps=3 rep=9/10: frame progress 50/100 (50.0%)
[2026-02-28 18:24:22] eps=3 rep=8/10: frame progress 50/100 (50.0%)
[2026-02-28 18:24:22] eps=3 rep=2/10: frame progress 50/100 (50.0%)
[2026-02-28 18:24:22] eps=3 rep=3/10: frame progress 50/100 (50.0%)
[2026-02-28 18:24:22] eps=3 rep=7/10: frame progress 50/100 (50.0%)
[2026-02-28 18:24:23] eps=3 rep=5/10: frame progress 50/100 (50.0%)
[2026-02-28 18:24:23] eps=3 rep=6/10: frame progress 50/100 (50.0%)
[2026-02-28 18:24:23] eps=3 rep=4/10: frame progress 50/100 (50.0%)
[2026-02-28 18:24:23] eps=6 rep=1/10: frame progress 50/100 (50.0%)
[2026-02-28 18:24:23] eps=6 rep=5/10: frame progress 50/100 (50.0%)
[2026-02-28 18:24:23] eps=6 rep=6/10: frame progress 50/100 (50.0%)
[2026-02-28 18:24:23] eps=6 rep=3/10: frame progress 50/100 (50.0%)
[2026-02-28 18:24:23] eps=6 rep=4/10: frame progress 50/100 (50.0%)
[2026-02-28 18:24:23] eps=6 rep=2/10: frame progress 50/100 (50.0%)
[2026-02-28 18:24:25] eps=3 rep=1/10: frame progress 60/100 (60.0%)
[2026-02-28 18:24:25] eps=3 rep=10/10: frame progress 60/100 (60.0%)
[2026-02-28 18:24:26] eps=3 rep=9/10: frame progress 60/100 (60.0%)
[2026-02-28 18:24:26] eps=3 rep=2/10: frame progress 60/100 (60.0%)
[2026-02-28 18:24:26] eps=3 rep=8/10: frame progress 60/100 (60.0%)
[2026-02-28 18:24:26] eps=3 rep=7/10: frame progress 60/100 (60.0%)
[2026-02-28 18:24:26] eps=3 rep=3/10: frame progress 60/100 (60.0%)
[2026-02-28 18:24:26] eps=3 rep=5/10: frame progress 60/100 (60.0%)
[2026-02-28 18:24:26] eps=3 rep=6/10: frame progress 60/100 (60.0%)
[2026-02-28 18:24:26] eps=3 rep=4/10: frame progress 60/100 (60.0%)
[2026-02-28 18:24:26] eps=6 rep=1/10: frame progress 60/100 (60.0%)
[2026-02-28 18:24:26] eps=6 rep=5/10: frame progress 60/100 (60.0%)
[2026-02-28 18:24:26] eps=6 rep=4/10: frame progress 60/100 (60.0%)
[2026-02-28 18:24:26] eps=6 rep=2/10: frame progress 60/100 (60.0%)
[2026-02-28 18:24:26] eps=6 rep=3/10: frame progress 60/100 (60.0%)
[2026-02-28 18:24:26] eps=6 rep=6/10: frame progress 60/100 (60.0%)
[2026-02-28 18:24:29] eps=3 rep=1/10: frame progress 70/100 (70.0%)
[2026-02-28 18:24:29] eps=3 rep=10/10: frame progress 70/100 (70.0%)
[2026-02-28 18:24:29] eps=3 rep=9/10: frame progress 70/100 (70.0%)
[2026-02-28 18:24:29] eps=3 rep=2/10: frame progress 70/100 (70.0%)
[2026-02-28 18:24:29] eps=3 rep=8/10: frame progress 70/100 (70.0%)
[2026-02-28 18:24:29] eps=3 rep=7/10: frame progress 70/100 (70.0%)
[2026-02-28 18:24:29] eps=3 rep=5/10: frame progress 70/100 (70.0%)
[2026-02-28 18:24:29] eps=3 rep=3/10: frame progress 70/100 (70.0%)
[2026-02-28 18:24:29] eps=3 rep=6/10: frame progress 70/100 (70.0%)
[2026-02-28 18:24:29] eps=3 rep=4/10: frame progress 70/100 (70.0%)
[2026-02-28 18:24:30] eps=6 rep=1/10: frame progress 70/100 (70.0%)
[2026-02-28 18:24:30] eps=6 rep=5/10: frame progress 70/100 (70.0%)
[2026-02-28 18:24:30] eps=6 rep=4/10: frame progress 70/100 (70.0%)
[2026-02-28 18:24:30] eps=6 rep=2/10: frame progress 70/100 (70.0%)
[2026-02-28 18:24:30] eps=6 rep=6/10: frame progress 70/100 (70.0%)
[2026-02-28 18:24:30] eps=6 rep=3/10: frame progress 70/100 (70.0%)
[2026-02-28 18:24:32] eps=3 rep=1/10: frame progress 80/100 (80.0%)
[2026-02-28 18:24:32] eps=3 rep=10/10: frame progress 80/100 (80.0%)
[2026-02-28 18:24:32] eps=3 rep=9/10: frame progress 80/100 (80.0%)
[2026-02-28 18:24:32] eps=3 rep=2/10: frame progress 80/100 (80.0%)
[2026-02-28 18:24:32] eps=3 rep=8/10: frame progress 80/100 (80.0%)
[2026-02-28 18:24:32] eps=3 rep=5/10: frame progress 80/100 (80.0%)
[2026-02-28 18:24:32] eps=3 rep=7/10: frame progress 80/100 (80.0%)
[2026-02-28 18:24:32] eps=3 rep=3/10: frame progress 80/100 (80.0%)
[2026-02-28 18:24:32] eps=3 rep=6/10: frame progress 80/100 (80.0%)
[2026-02-28 18:24:32] eps=3 rep=4/10: frame progress 80/100 (80.0%)
[2026-02-28 18:24:33] eps=6 rep=1/10: frame progress 80/100 (80.0%)
[2026-02-28 18:24:33] eps=6 rep=5/10: frame progress 80/100 (80.0%)
[2026-02-28 18:24:33] eps=6 rep=4/10: frame progress 80/100 (80.0%)
[2026-02-28 18:24:33] eps=6 rep=2/10: frame progress 80/100 (80.0%)
[2026-02-28 18:24:33] eps=6 rep=6/10: frame progress 80/100 (80.0%)
[2026-02-28 18:24:33] eps=6 rep=3/10: frame progress 80/100 (80.0%)
[2026-02-28 18:24:35] eps=3 rep=1/10: frame progress 90/100 (90.0%)
[2026-02-28 18:24:35] eps=3 rep=9/10: frame progress 90/100 (90.0%)
[2026-02-28 18:24:35] eps=3 rep=10/10: frame progress 90/100 (90.0%)
[2026-02-28 18:24:35] eps=3 rep=2/10: frame progress 90/100 (90.0%)
[2026-02-28 18:24:35] eps=3 rep=5/10: frame progress 90/100 (90.0%)
[2026-02-28 18:24:35] eps=3 rep=7/10: frame progress 90/100 (90.0%)
[2026-02-28 18:24:35] eps=3 rep=8/10: frame progress 90/100 (90.0%)
[2026-02-28 18:24:35] eps=3 rep=6/10: frame progress 90/100 (90.0%)
[2026-02-28 18:24:35] eps=3 rep=3/10: frame progress 90/100 (90.0%)
[2026-02-28 18:24:36] eps=3 rep=4/10: frame progress 90/100 (90.0%)
[2026-02-28 18:24:36] eps=6 rep=1/10: frame progress 90/100 (90.0%)
[2026-02-28 18:24:36] eps=6 rep=5/10: frame progress 90/100 (90.0%)
[2026-02-28 18:24:36] eps=6 rep=4/10: frame progress 90/100 (90.0%)
[2026-02-28 18:24:36] eps=6 rep=2/10: frame progress 90/100 (90.0%)
[2026-02-28 18:24:36] eps=6 rep=6/10: frame progress 90/100 (90.0%)
[2026-02-28 18:24:36] eps=6 rep=3/10: frame progress 90/100 (90.0%)
[2026-02-28 18:24:38] eps=3 rep=1/10: frame progress 100/100 (100.0%)
[2026-02-28 18:24:38] eps=3 rep=9/10: frame progress 100/100 (100.0%)
[2026-02-28 18:24:38] eps=3 rep=1/10: done
[2026-02-28 18:24:38] eps=6 rep=7/10: start (eps_6/rep_009/trajectory.gsd)
[2026-02-28 18:24:38] eps=3 rep=10/10: frame progress 100/100 (100.0%)
[2026-02-28 18:24:38] eps=3 rep=2/10: frame progress 100/100 (100.0%)
[2026-02-28 18:24:38] eps=3 rep=9/10: done
[2026-02-28 18:24:38] eps=6 rep=8/10: start (eps_6/rep_008/trajectory.gsd)
[2026-02-28 18:24:38] eps=3 rep=5/10: frame progress 100/100 (100.0%)
[2026-02-28 18:24:38] eps=3 rep=10/10: done
[2026-02-28 18:24:38] eps=3 rep=7/10: frame progress 100/100 (100.0%)
[2026-02-28 18:24:38] eps=6 rep=9/10: start (eps_6/rep_002/trajectory.gsd)
[2026-02-28 18:24:39] eps=3 rep=8/10: frame progress 100/100 (100.0%)
[2026-02-28 18:24:39] eps=3 rep=6/10: frame progress 100/100 (100.0%)
[2026-02-28 18:24:39] eps=3 rep=3/10: frame progress 100/100 (100.0%)
[2026-02-28 18:24:39] eps=3 rep=2/10: done
[2026-02-28 18:24:39] eps=6 rep=10/10: start (eps_6/rep_001/trajectory.gsd)
[2026-02-28 18:24:39] eps=3 rep=5/10: done
[2026-02-28 18:24:39] eps=9 rep=1/10: start (eps_9/rep_004/trajectory.gsd)
[2026-02-28 18:24:39] eps=3 rep=7/10: done
[2026-02-28 18:24:39] eps=9 rep=2/10: start (eps_9/rep_003/trajectory.gsd)
[2026-02-28 18:24:39] eps=3 rep=8/10: done
[2026-02-28 18:24:39] eps=9 rep=3/10: start (eps_9/rep_007/trajectory.gsd)
[2026-02-28 18:24:39] eps=3 rep=6/10: done
[2026-02-28 18:24:39] eps=3 rep=3/10: done
[2026-02-28 18:24:39] eps=9 rep=4/10: start (eps_9/rep_006/trajectory.gsd)
[2026-02-28 18:24:39] eps=9 rep=5/10: start (eps_9/rep_005/trajectory.gsd)
[2026-02-28 18:24:39] eps=3 rep=4/10: frame progress 100/100 (100.0%)
[2026-02-28 18:24:39] eps=3 rep=4/10: done
[2026-02-28 18:24:39] eps=9 rep=6/10: start (eps_9/rep_010/trajectory.gsd)
[2026-02-28 18:24:40] eps=6 rep=1/10: frame progress 100/100 (100.0%)
[2026-02-28 18:24:40] eps=6 rep=5/10: frame progress 100/100 (100.0%)
[2026-02-28 18:24:40] eps=6 rep=4/10: frame progress 100/100 (100.0%)
[2026-02-28 18:24:40] eps=6 rep=2/10: frame progress 100/100 (100.0%)
[2026-02-28 18:24:40] eps=6 rep=6/10: frame progress 100/100 (100.0%)
[2026-02-28 18:24:40] eps=6 rep=3/10: frame progress 100/100 (100.0%)
[2026-02-28 18:24:40] eps=6 rep=1/10: done
[2026-02-28 18:24:40] eps=9 rep=7/10: start (eps_9/rep_009/trajectory.gsd)
[2026-02-28 18:24:40] eps=6 rep=5/10: done
[2026-02-28 18:24:40] eps=9 rep=8/10: start (eps_9/rep_008/trajectory.gsd)
[2026-02-28 18:24:40] eps=6 rep=2/10: done
[2026-02-28 18:24:40] eps=6 rep=4/10: done
[2026-02-28 18:24:40] eps=9 rep=9/10: start (eps_9/rep_002/trajectory.gsd)
[2026-02-28 18:24:40] eps=9 rep=10/10: start (eps_9/rep_001/trajectory.gsd)
[2026-02-28 18:24:40] eps=6 rep=6/10: done
[2026-02-28 18:24:40] eps=6 rep=3/10: done
[2026-02-28 18:24:40] eps=12 rep=1/9: start (eps_12/rep_004/trajectory.gsd)
[2026-02-28 18:24:40] eps=12 rep=2/9: start (eps_12/rep_003/trajectory.gsd)
[2026-02-28 18:24:42] eps=6 rep=7/10: frame progress 10/100 (10.0%)
[2026-02-28 18:24:42] eps=6 rep=8/10: frame progress 10/100 (10.0%)
[2026-02-28 18:24:42] eps=6 rep=9/10: frame progress 10/100 (10.0%)
[2026-02-28 18:24:42] eps=6 rep=10/10: frame progress 10/100 (10.0%)
[2026-02-28 18:24:42] eps=9 rep=2/10: frame progress 10/100 (10.0%)
[2026-02-28 18:24:42] eps=9 rep=1/10: frame progress 10/100 (10.0%)
[2026-02-28 18:24:42] eps=9 rep=3/10: frame progress 10/100 (10.0%)
[2026-02-28 18:24:42] eps=9 rep=5/10: frame progress 10/100 (10.0%)
[2026-02-28 18:24:42] eps=9 rep=4/10: frame progress 10/100 (10.0%)
[2026-02-28 18:24:43] eps=9 rep=6/10: frame progress 10/100 (10.0%)
[2026-02-28 18:24:43] eps=9 rep=8/10: frame progress 10/100 (10.0%)
[2026-02-28 18:24:43] eps=9 rep=7/10: frame progress 10/100 (10.0%)
[2026-02-28 18:24:43] eps=9 rep=10/10: frame progress 10/100 (10.0%)
[2026-02-28 18:24:43] eps=9 rep=9/10: frame progress 10/100 (10.0%)
[2026-02-28 18:24:43] eps=12 rep=2/9: frame progress 10/100 (10.0%)
[2026-02-28 18:24:43] eps=12 rep=1/9: frame progress 10/100 (10.0%)
[2026-02-28 18:24:45] eps=6 rep=7/10: frame progress 20/100 (20.0%)
[2026-02-28 18:24:45] eps=6 rep=8/10: frame progress 20/100 (20.0%)
[2026-02-28 18:24:45] eps=6 rep=9/10: frame progress 20/100 (20.0%)
[2026-02-28 18:24:45] eps=6 rep=10/10: frame progress 20/100 (20.0%)
[2026-02-28 18:24:45] eps=9 rep=2/10: frame progress 20/100 (20.0%)
[2026-02-28 18:24:45] eps=9 rep=1/10: frame progress 20/100 (20.0%)
[2026-02-28 18:24:45] eps=9 rep=3/10: frame progress 20/100 (20.0%)
[2026-02-28 18:24:45] eps=9 rep=5/10: frame progress 20/100 (20.0%)
[2026-02-28 18:24:45] eps=9 rep=4/10: frame progress 20/100 (20.0%)
[2026-02-28 18:24:46] eps=9 rep=6/10: frame progress 20/100 (20.0%)
[2026-02-28 18:24:46] eps=9 rep=7/10: frame progress 20/100 (20.0%)
[2026-02-28 18:24:46] eps=9 rep=8/10: frame progress 20/100 (20.0%)
[2026-02-28 18:24:46] eps=9 rep=10/10: frame progress 20/100 (20.0%)
[2026-02-28 18:24:47] eps=9 rep=9/10: frame progress 20/100 (20.0%)
[2026-02-28 18:24:47] eps=12 rep=2/9: frame progress 20/100 (20.0%)
[2026-02-28 18:24:47] eps=12 rep=1/9: frame progress 20/100 (20.0%)
[2026-02-28 18:24:48] eps=6 rep=7/10: frame progress 30/100 (30.0%)
[2026-02-28 18:24:48] eps=6 rep=8/10: frame progress 30/100 (30.0%)
[2026-02-28 18:24:48] eps=6 rep=9/10: frame progress 30/100 (30.0%)
[2026-02-28 18:24:48] eps=6 rep=10/10: frame progress 30/100 (30.0%)
[2026-02-28 18:24:49] eps=9 rep=2/10: frame progress 30/100 (30.0%)
[2026-02-28 18:24:49] eps=9 rep=5/10: frame progress 30/100 (30.0%)
[2026-02-28 18:24:49] eps=9 rep=1/10: frame progress 30/100 (30.0%)
[2026-02-28 18:24:49] eps=9 rep=3/10: frame progress 30/100 (30.0%)
[2026-02-28 18:24:49] eps=9 rep=4/10: frame progress 30/100 (30.0%)
[2026-02-28 18:24:49] eps=9 rep=6/10: frame progress 30/100 (30.0%)
[2026-02-28 18:24:50] eps=9 rep=8/10: frame progress 30/100 (30.0%)
[2026-02-28 18:24:50] eps=9 rep=7/10: frame progress 30/100 (30.0%)
[2026-02-28 18:24:50] eps=9 rep=10/10: frame progress 30/100 (30.0%)
[2026-02-28 18:24:50] eps=9 rep=9/10: frame progress 30/100 (30.0%)
[2026-02-28 18:24:50] eps=12 rep=1/9: frame progress 30/100 (30.0%)
[2026-02-28 18:24:50] eps=12 rep=2/9: frame progress 30/100 (30.0%)
[2026-02-28 18:24:51] eps=6 rep=7/10: frame progress 40/100 (40.0%)
[2026-02-28 18:24:51] eps=6 rep=8/10: frame progress 40/100 (40.0%)
[2026-02-28 18:24:51] eps=6 rep=9/10: frame progress 40/100 (40.0%)
[2026-02-28 18:24:51] eps=6 rep=10/10: frame progress 40/100 (40.0%)
[2026-02-28 18:24:52] eps=9 rep=2/10: frame progress 40/100 (40.0%)
[2026-02-28 18:24:52] eps=9 rep=3/10: frame progress 40/100 (40.0%)
[2026-02-28 18:24:52] eps=9 rep=5/10: frame progress 40/100 (40.0%)
[2026-02-28 18:24:52] eps=9 rep=1/10: frame progress 40/100 (40.0%)
[2026-02-28 18:24:52] eps=9 rep=4/10: frame progress 40/100 (40.0%)
[2026-02-28 18:24:53] eps=9 rep=6/10: frame progress 40/100 (40.0%)
[2026-02-28 18:24:53] eps=9 rep=8/10: frame progress 40/100 (40.0%)
[2026-02-28 18:24:53] eps=9 rep=7/10: frame progress 40/100 (40.0%)
[2026-02-28 18:24:53] eps=9 rep=10/10: frame progress 40/100 (40.0%)
[2026-02-28 18:24:53] eps=9 rep=9/10: frame progress 40/100 (40.0%)
[2026-02-28 18:24:54] eps=12 rep=1/9: frame progress 40/100 (40.0%)
[2026-02-28 18:24:54] eps=12 rep=2/9: frame progress 40/100 (40.0%)
[2026-02-28 18:24:54] eps=6 rep=7/10: frame progress 50/100 (50.0%)
[2026-02-28 18:24:54] eps=6 rep=8/10: frame progress 50/100 (50.0%)
[2026-02-28 18:24:55] eps=6 rep=9/10: frame progress 50/100 (50.0%)
[2026-02-28 18:24:55] eps=6 rep=10/10: frame progress 50/100 (50.0%)
[2026-02-28 18:24:56] eps=9 rep=2/10: frame progress 50/100 (50.0%)
[2026-02-28 18:24:56] eps=9 rep=3/10: frame progress 50/100 (50.0%)
[2026-02-28 18:24:56] eps=9 rep=5/10: frame progress 50/100 (50.0%)
[2026-02-28 18:24:56] eps=9 rep=4/10: frame progress 50/100 (50.0%)
[2026-02-28 18:24:56] eps=9 rep=1/10: frame progress 50/100 (50.0%)
[2026-02-28 18:24:56] eps=9 rep=6/10: frame progress 50/100 (50.0%)
[2026-02-28 18:24:57] eps=9 rep=8/10: frame progress 50/100 (50.0%)
[2026-02-28 18:24:57] eps=9 rep=7/10: frame progress 50/100 (50.0%)
[2026-02-28 18:24:57] eps=9 rep=10/10: frame progress 50/100 (50.0%)
[2026-02-28 18:24:57] eps=9 rep=9/10: frame progress 50/100 (50.0%)
[2026-02-28 18:24:57] eps=12 rep=1/9: frame progress 50/100 (50.0%)
[2026-02-28 18:24:58] eps=12 rep=2/9: frame progress 50/100 (50.0%)
[2026-02-28 18:24:58] eps=6 rep=7/10: frame progress 60/100 (60.0%)
[2026-02-28 18:24:58] eps=6 rep=8/10: frame progress 60/100 (60.0%)
[2026-02-28 18:24:58] eps=6 rep=9/10: frame progress 60/100 (60.0%)
[2026-02-28 18:24:58] eps=6 rep=10/10: frame progress 60/100 (60.0%)
[2026-02-28 18:24:59] eps=9 rep=2/10: frame progress 60/100 (60.0%)
[2026-02-28 18:24:59] eps=9 rep=3/10: frame progress 60/100 (60.0%)
[2026-02-28 18:24:59] eps=9 rep=4/10: frame progress 60/100 (60.0%)
[2026-02-28 18:24:59] eps=9 rep=5/10: frame progress 60/100 (60.0%)
[2026-02-28 18:24:59] eps=9 rep=1/10: frame progress 60/100 (60.0%)
[2026-02-28 18:25:00] eps=9 rep=6/10: frame progress 60/100 (60.0%)
[2026-02-28 18:25:00] eps=9 rep=7/10: frame progress 60/100 (60.0%)
[2026-02-28 18:25:00] eps=9 rep=8/10: frame progress 60/100 (60.0%)
[2026-02-28 18:25:00] eps=9 rep=10/10: frame progress 60/100 (60.0%)
[2026-02-28 18:25:00] eps=9 rep=9/10: frame progress 60/100 (60.0%)
[2026-02-28 18:25:01] eps=6 rep=7/10: frame progress 70/100 (70.0%)
[2026-02-28 18:25:01] eps=6 rep=8/10: frame progress 70/100 (70.0%)
[2026-02-28 18:25:01] eps=12 rep=1/9: frame progress 60/100 (60.0%)
[2026-02-28 18:25:01] eps=12 rep=2/9: frame progress 60/100 (60.0%)
[2026-02-28 18:25:01] eps=6 rep=10/10: frame progress 70/100 (70.0%)
[2026-02-28 18:25:01] eps=6 rep=9/10: frame progress 70/100 (70.0%)
[2026-02-28 18:25:03] eps=9 rep=2/10: frame progress 70/100 (70.0%)
[2026-02-28 18:25:03] eps=9 rep=3/10: frame progress 70/100 (70.0%)
[2026-02-28 18:25:03] eps=9 rep=4/10: frame progress 70/100 (70.0%)
[2026-02-28 18:25:03] eps=9 rep=5/10: frame progress 70/100 (70.0%)
[2026-02-28 18:25:03] eps=9 rep=1/10: frame progress 70/100 (70.0%)
[2026-02-28 18:25:03] eps=9 rep=6/10: frame progress 70/100 (70.0%)
[2026-02-28 18:25:04] eps=9 rep=7/10: frame progress 70/100 (70.0%)
[2026-02-28 18:25:04] eps=9 rep=8/10: frame progress 70/100 (70.0%)
[2026-02-28 18:25:04] eps=9 rep=10/10: frame progress 70/100 (70.0%)
[2026-02-28 18:25:04] eps=9 rep=9/10: frame progress 70/100 (70.0%)
[2026-02-28 18:25:04] eps=6 rep=7/10: frame progress 80/100 (80.0%)
[2026-02-28 18:25:04] eps=6 rep=8/10: frame progress 80/100 (80.0%)
[2026-02-28 18:25:04] eps=6 rep=10/10: frame progress 80/100 (80.0%)
[2026-02-28 18:25:05] eps=6 rep=9/10: frame progress 80/100 (80.0%)
[2026-02-28 18:25:05] eps=12 rep=1/9: frame progress 70/100 (70.0%)
[2026-02-28 18:25:05] eps=12 rep=2/9: frame progress 70/100 (70.0%)
[2026-02-28 18:25:06] eps=9 rep=2/10: frame progress 80/100 (80.0%)
[2026-02-28 18:25:06] eps=9 rep=3/10: frame progress 80/100 (80.0%)
[2026-02-28 18:25:06] eps=9 rep=4/10: frame progress 80/100 (80.0%)
[2026-02-28 18:25:06] eps=9 rep=5/10: frame progress 80/100 (80.0%)
[2026-02-28 18:25:07] eps=9 rep=1/10: frame progress 80/100 (80.0%)
[2026-02-28 18:25:07] eps=9 rep=6/10: frame progress 80/100 (80.0%)
[2026-02-28 18:25:07] eps=9 rep=7/10: frame progress 80/100 (80.0%)
[2026-02-28 18:25:07] eps=9 rep=8/10: frame progress 80/100 (80.0%)
[2026-02-28 18:25:07] eps=9 rep=9/10: frame progress 80/100 (80.0%)
[2026-02-28 18:25:08] eps=9 rep=10/10: frame progress 80/100 (80.0%)
[2026-02-28 18:25:08] eps=6 rep=7/10: frame progress 90/100 (90.0%)
[2026-02-28 18:25:08] eps=6 rep=8/10: frame progress 90/100 (90.0%)
[2026-02-28 18:25:08] eps=6 rep=10/10: frame progress 90/100 (90.0%)
[2026-02-28 18:25:08] eps=6 rep=9/10: frame progress 90/100 (90.0%)
[2026-02-28 18:25:08] eps=12 rep=1/9: frame progress 80/100 (80.0%)
[2026-02-28 18:25:09] eps=12 rep=2/9: frame progress 80/100 (80.0%)
[2026-02-28 18:25:10] eps=9 rep=2/10: frame progress 90/100 (90.0%)
[2026-02-28 18:25:10] eps=9 rep=3/10: frame progress 90/100 (90.0%)
[2026-02-28 18:25:10] eps=9 rep=4/10: frame progress 90/100 (90.0%)
[2026-02-28 18:25:10] eps=9 rep=5/10: frame progress 90/100 (90.0%)
[2026-02-28 18:25:10] eps=9 rep=1/10: frame progress 90/100 (90.0%)
[2026-02-28 18:25:10] eps=9 rep=6/10: frame progress 90/100 (90.0%)
[2026-02-28 18:25:11] eps=9 rep=7/10: frame progress 90/100 (90.0%)
[2026-02-28 18:25:11] eps=6 rep=7/10: frame progress 100/100 (100.0%)
[2026-02-28 18:25:11] eps=6 rep=8/10: frame progress 100/100 (100.0%)
[2026-02-28 18:25:11] eps=9 rep=8/10: frame progress 90/100 (90.0%)
[2026-02-28 18:25:11] eps=9 rep=9/10: frame progress 90/100 (90.0%)
[2026-02-28 18:25:11] eps=6 rep=10/10: frame progress 100/100 (100.0%)
[2026-02-28 18:25:11] eps=6 rep=7/10: done
[2026-02-28 18:25:11] eps=9 rep=10/10: frame progress 90/100 (90.0%)
[2026-02-28 18:25:11] eps=12 rep=3/9: start (eps_12/rep_007/trajectory.gsd)
[2026-02-28 18:25:11] eps=6 rep=8/10: done
[2026-02-28 18:25:11] eps=6 rep=9/10: frame progress 100/100 (100.0%)
[2026-02-28 18:25:11] eps=12 rep=4/9: start (eps_12/rep_006/trajectory.gsd)
[2026-02-28 18:25:11] eps=6 rep=10/10: done
[2026-02-28 18:25:11] eps=12 rep=5/9: start (eps_12/rep_005/trajectory.gsd)
[2026-02-28 18:25:11] eps=6 rep=9/10: done
[2026-02-28 18:25:11] eps=12 rep=6/9: start (eps_12/rep_010/trajectory.gsd)
[2026-02-28 18:25:12] eps=12 rep=1/9: frame progress 90/100 (90.0%)
[2026-02-28 18:25:12] eps=12 rep=2/9: frame progress 90/100 (90.0%)
[2026-02-28 18:25:13] eps=9 rep=2/10: frame progress 100/100 (100.0%)
[2026-02-28 18:25:13] eps=9 rep=3/10: frame progress 100/100 (100.0%)
[2026-02-28 18:25:13] eps=9 rep=4/10: frame progress 100/100 (100.0%)
[2026-02-28 18:25:14] eps=9 rep=2/10: done
[2026-02-28 18:25:14] eps=12 rep=7/9: start (eps_12/rep_009/trajectory.gsd)
[2026-02-28 18:25:14] eps=9 rep=5/10: frame progress 100/100 (100.0%)
[2026-02-28 18:25:14] eps=9 rep=3/10: done
[2026-02-28 18:25:14] eps=12 rep=8/9: start (eps_12/rep_002/trajectory.gsd)
[2026-02-28 18:25:14] eps=9 rep=4/10: done
[2026-02-28 18:25:14] eps=12 rep=9/9: start (eps_12/rep_001/trajectory.gsd)
[2026-02-28 18:25:14] eps=9 rep=1/10: frame progress 100/100 (100.0%)
[2026-02-28 18:25:14] eps=9 rep=5/10: done
[2026-02-28 18:25:14] eps=15 rep=1/10: start (eps_15/rep_004/trajectory.gsd)
[2026-02-28 18:25:14] eps=9 rep=6/10: frame progress 100/100 (100.0%)
[2026-02-28 18:25:14] eps=9 rep=1/10: done
[2026-02-28 18:25:14] eps=15 rep=2/10: start (eps_15/rep_003/trajectory.gsd)
[2026-02-28 18:25:14] eps=9 rep=6/10: done
[2026-02-28 18:25:14] eps=15 rep=3/10: start (eps_15/rep_007/trajectory.gsd)
[2026-02-28 18:25:14] eps=9 rep=7/10: frame progress 100/100 (100.0%)
[2026-02-28 18:25:14] eps=9 rep=8/10: frame progress 100/100 (100.0%)
[2026-02-28 18:25:14] eps=12 rep=3/9: frame progress 10/100 (10.0%)
[2026-02-28 18:25:14] eps=12 rep=4/9: frame progress 10/100 (10.0%)
[2026-02-28 18:25:15] eps=9 rep=7/10: done
[2026-02-28 18:25:15] eps=15 rep=4/10: start (eps_15/rep_006/trajectory.gsd)
[2026-02-28 18:25:15] eps=9 rep=9/10: frame progress 100/100 (100.0%)
[2026-02-28 18:25:15] eps=9 rep=10/10: frame progress 100/100 (100.0%)
[2026-02-28 18:25:15] eps=9 rep=8/10: done
[2026-02-28 18:25:15] eps=15 rep=5/10: start (eps_15/rep_005/trajectory.gsd)
[2026-02-28 18:25:15] eps=12 rep=5/9: frame progress 10/100 (10.0%)
[2026-02-28 18:25:15] eps=12 rep=6/9: frame progress 10/100 (10.0%)
[2026-02-28 18:25:15] eps=9 rep=9/10: done
[2026-02-28 18:25:15] eps=15 rep=6/10: start (eps_15/rep_010/trajectory.gsd)
[2026-02-28 18:25:15] eps=9 rep=10/10: done
[2026-02-28 18:25:15] eps=15 rep=7/10: start (eps_15/rep_009/trajectory.gsd)
[2026-02-28 18:25:16] eps=12 rep=1/9: frame progress 100/100 (100.0%)
[2026-02-28 18:25:16] eps=12 rep=1/9: done
[2026-02-28 18:25:16] eps=15 rep=8/10: start (eps_15/rep_008/trajectory.gsd)
[2026-02-28 18:25:16] eps=12 rep=2/9: frame progress 100/100 (100.0%)
[2026-02-28 18:25:16] eps=12 rep=2/9: done
[2026-02-28 18:25:16] eps=15 rep=9/10: start (eps_15/rep_002/trajectory.gsd)
[2026-02-28 18:25:17] eps=12 rep=7/9: frame progress 10/100 (10.0%)
[2026-02-28 18:25:17] eps=12 rep=8/9: frame progress 10/100 (10.0%)
[2026-02-28 18:25:17] eps=12 rep=9/9: frame progress 10/100 (10.0%)
[2026-02-28 18:25:17] eps=15 rep=1/10: frame progress 10/100 (10.0%)
[2026-02-28 18:25:17] eps=15 rep=2/10: frame progress 10/100 (10.0%)
[2026-02-28 18:25:18] eps=15 rep=3/10: frame progress 10/100 (10.0%)
[2026-02-28 18:25:18] eps=12 rep=3/9: frame progress 20/100 (20.0%)
[2026-02-28 18:25:18] eps=12 rep=4/9: frame progress 20/100 (20.0%)
[2026-02-28 18:25:18] eps=15 rep=4/10: frame progress 10/100 (10.0%)
[2026-02-28 18:25:18] eps=15 rep=5/10: frame progress 10/100 (10.0%)
[2026-02-28 18:25:18] eps=12 rep=6/9: frame progress 20/100 (20.0%)
[2026-02-28 18:25:18] eps=12 rep=5/9: frame progress 20/100 (20.0%)
[2026-02-28 18:25:18] eps=15 rep=6/10: frame progress 10/100 (10.0%)
[2026-02-28 18:25:18] eps=15 rep=7/10: frame progress 10/100 (10.0%)
[2026-02-28 18:25:19] eps=15 rep=8/10: frame progress 10/100 (10.0%)
[2026-02-28 18:25:20] eps=15 rep=9/10: frame progress 10/100 (10.0%)
[2026-02-28 18:25:20] eps=12 rep=7/9: frame progress 20/100 (20.0%)
[2026-02-28 18:25:20] eps=12 rep=8/9: frame progress 20/100 (20.0%)
[2026-02-28 18:25:21] eps=12 rep=9/9: frame progress 20/100 (20.0%)
[2026-02-28 18:25:21] eps=15 rep=1/10: frame progress 20/100 (20.0%)
[2026-02-28 18:25:21] eps=15 rep=2/10: frame progress 20/100 (20.0%)
[2026-02-28 18:25:21] eps=15 rep=3/10: frame progress 20/100 (20.0%)
[2026-02-28 18:25:21] eps=15 rep=4/10: frame progress 20/100 (20.0%)
[2026-02-28 18:25:21] eps=12 rep=4/9: frame progress 30/100 (30.0%)
[2026-02-28 18:25:21] eps=12 rep=3/9: frame progress 30/100 (30.0%)
[2026-02-28 18:25:21] eps=15 rep=5/10: frame progress 20/100 (20.0%)
[2026-02-28 18:25:22] eps=12 rep=6/9: frame progress 30/100 (30.0%)
[2026-02-28 18:25:22] eps=12 rep=5/9: frame progress 30/100 (30.0%)
[2026-02-28 18:25:22] eps=15 rep=6/10: frame progress 20/100 (20.0%)
[2026-02-28 18:25:22] eps=15 rep=7/10: frame progress 20/100 (20.0%)
[2026-02-28 18:25:23] eps=15 rep=8/10: frame progress 20/100 (20.0%)
[2026-02-28 18:25:23] eps=15 rep=9/10: frame progress 20/100 (20.0%)
[2026-02-28 18:25:24] eps=12 rep=7/9: frame progress 30/100 (30.0%)
[2026-02-28 18:25:24] eps=12 rep=8/9: frame progress 30/100 (30.0%)
[2026-02-28 18:25:24] eps=12 rep=9/9: frame progress 30/100 (30.0%)
[2026-02-28 18:25:24] eps=15 rep=1/10: frame progress 30/100 (30.0%)
[2026-02-28 18:25:24] eps=15 rep=2/10: frame progress 30/100 (30.0%)
[2026-02-28 18:25:25] eps=15 rep=3/10: frame progress 30/100 (30.0%)
[2026-02-28 18:25:25] eps=15 rep=4/10: frame progress 30/100 (30.0%)
[2026-02-28 18:25:25] eps=15 rep=5/10: frame progress 30/100 (30.0%)
[2026-02-28 18:25:25] eps=12 rep=4/9: frame progress 40/100 (40.0%)
[2026-02-28 18:25:25] eps=12 rep=3/9: frame progress 40/100 (40.0%)
[2026-02-28 18:25:25] eps=15 rep=7/10: frame progress 30/100 (30.0%)
[2026-02-28 18:25:25] eps=15 rep=6/10: frame progress 30/100 (30.0%)
[2026-02-28 18:25:25] eps=12 rep=6/9: frame progress 40/100 (40.0%)
[2026-02-28 18:25:25] eps=12 rep=5/9: frame progress 40/100 (40.0%)
[2026-02-28 18:25:26] eps=15 rep=8/10: frame progress 30/100 (30.0%)
[2026-02-28 18:25:27] eps=15 rep=9/10: frame progress 30/100 (30.0%)
[2026-02-28 18:25:27] eps=12 rep=7/9: frame progress 40/100 (40.0%)
[2026-02-28 18:25:28] eps=12 rep=8/9: frame progress 40/100 (40.0%)
[2026-02-28 18:25:28] eps=12 rep=9/9: frame progress 40/100 (40.0%)
[2026-02-28 18:25:28] eps=15 rep=1/10: frame progress 40/100 (40.0%)
[2026-02-28 18:25:28] eps=15 rep=2/10: frame progress 40/100 (40.0%)
[2026-02-28 18:25:28] eps=15 rep=3/10: frame progress 40/100 (40.0%)
[2026-02-28 18:25:28] eps=15 rep=4/10: frame progress 40/100 (40.0%)
[2026-02-28 18:25:28] eps=15 rep=5/10: frame progress 40/100 (40.0%)
[2026-02-28 18:25:29] eps=12 rep=4/9: frame progress 50/100 (50.0%)
[2026-02-28 18:25:29] eps=12 rep=3/9: frame progress 50/100 (50.0%)
[2026-02-28 18:25:29] eps=12 rep=6/9: frame progress 50/100 (50.0%)
[2026-02-28 18:25:29] eps=15 rep=6/10: frame progress 40/100 (40.0%)
[2026-02-28 18:25:29] eps=15 rep=7/10: frame progress 40/100 (40.0%)
[2026-02-28 18:25:29] eps=12 rep=5/9: frame progress 50/100 (50.0%)
[2026-02-28 18:25:30] eps=15 rep=8/10: frame progress 40/100 (40.0%)
[2026-02-28 18:25:30] eps=15 rep=9/10: frame progress 40/100 (40.0%)
[2026-02-28 18:25:31] eps=12 rep=7/9: frame progress 50/100 (50.0%)
[2026-02-28 18:25:31] eps=12 rep=8/9: frame progress 50/100 (50.0%)
[2026-02-28 18:25:31] eps=12 rep=9/9: frame progress 50/100 (50.0%)
[2026-02-28 18:25:32] eps=15 rep=1/10: frame progress 50/100 (50.0%)
[2026-02-28 18:25:32] eps=15 rep=2/10: frame progress 50/100 (50.0%)
[2026-02-28 18:25:32] eps=15 rep=3/10: frame progress 50/100 (50.0%)
[2026-02-28 18:25:32] eps=15 rep=4/10: frame progress 50/100 (50.0%)
[2026-02-28 18:25:32] eps=15 rep=5/10: frame progress 50/100 (50.0%)
[2026-02-28 18:25:32] eps=12 rep=4/9: frame progress 60/100 (60.0%)
[2026-02-28 18:25:32] eps=12 rep=3/9: frame progress 60/100 (60.0%)
[2026-02-28 18:25:32] eps=12 rep=6/9: frame progress 60/100 (60.0%)
[2026-02-28 18:25:32] eps=15 rep=7/10: frame progress 50/100 (50.0%)
[2026-02-28 18:25:32] eps=15 rep=6/10: frame progress 50/100 (50.0%)
[2026-02-28 18:25:32] eps=12 rep=5/9: frame progress 60/100 (60.0%)
[2026-02-28 18:25:34] eps=15 rep=8/10: frame progress 50/100 (50.0%)
[2026-02-28 18:25:34] eps=15 rep=9/10: frame progress 50/100 (50.0%)
[2026-02-28 18:25:35] eps=12 rep=7/9: frame progress 60/100 (60.0%)
[2026-02-28 18:25:35] eps=12 rep=8/9: frame progress 60/100 (60.0%)
[2026-02-28 18:25:35] eps=12 rep=9/9: frame progress 60/100 (60.0%)
[2026-02-28 18:25:35] eps=15 rep=1/10: frame progress 60/100 (60.0%)
[2026-02-28 18:25:35] eps=15 rep=2/10: frame progress 60/100 (60.0%)
[2026-02-28 18:25:36] eps=15 rep=4/10: frame progress 60/100 (60.0%)
[2026-02-28 18:25:36] eps=15 rep=3/10: frame progress 60/100 (60.0%)
[2026-02-28 18:25:36] eps=15 rep=5/10: frame progress 60/100 (60.0%)
[2026-02-28 18:25:36] eps=12 rep=4/9: frame progress 70/100 (70.0%)
[2026-02-28 18:25:36] eps=12 rep=3/9: frame progress 70/100 (70.0%)
[2026-02-28 18:25:36] eps=12 rep=6/9: frame progress 70/100 (70.0%)
[2026-02-28 18:25:36] eps=12 rep=5/9: frame progress 70/100 (70.0%)
[2026-02-28 18:25:36] eps=15 rep=7/10: frame progress 60/100 (60.0%)
[2026-02-28 18:25:36] eps=15 rep=6/10: frame progress 60/100 (60.0%)
[2026-02-28 18:25:37] eps=15 rep=8/10: frame progress 60/100 (60.0%)
[2026-02-28 18:25:38] eps=15 rep=9/10: frame progress 60/100 (60.0%)
[2026-02-28 18:25:38] eps=12 rep=7/9: frame progress 70/100 (70.0%)
[2026-02-28 18:25:38] eps=12 rep=8/9: frame progress 70/100 (70.0%)
[2026-02-28 18:25:39] eps=12 rep=9/9: frame progress 70/100 (70.0%)
[2026-02-28 18:25:39] eps=15 rep=1/10: frame progress 70/100 (70.0%)
[2026-02-28 18:25:39] eps=15 rep=2/10: frame progress 70/100 (70.0%)
[2026-02-28 18:25:39] eps=15 rep=4/10: frame progress 70/100 (70.0%)
[2026-02-28 18:25:39] eps=15 rep=3/10: frame progress 70/100 (70.0%)
[2026-02-28 18:25:39] eps=12 rep=4/9: frame progress 80/100 (80.0%)
[2026-02-28 18:25:39] eps=15 rep=5/10: frame progress 70/100 (70.0%)
[2026-02-28 18:25:40] eps=12 rep=6/9: frame progress 80/100 (80.0%)
[2026-02-28 18:25:40] eps=12 rep=3/9: frame progress 80/100 (80.0%)
[2026-02-28 18:25:40] eps=12 rep=5/9: frame progress 80/100 (80.0%)
[2026-02-28 18:25:40] eps=15 rep=6/10: frame progress 70/100 (70.0%)
[2026-02-28 18:25:40] eps=15 rep=7/10: frame progress 70/100 (70.0%)
[2026-02-28 18:25:41] eps=15 rep=8/10: frame progress 70/100 (70.0%)
[2026-02-28 18:25:41] eps=15 rep=9/10: frame progress 70/100 (70.0%)
[2026-02-28 18:25:42] eps=12 rep=7/9: frame progress 80/100 (80.0%)
[2026-02-28 18:25:42] eps=12 rep=8/9: frame progress 80/100 (80.0%)
[2026-02-28 18:25:42] eps=12 rep=9/9: frame progress 80/100 (80.0%)
[2026-02-28 18:25:43] eps=15 rep=1/10: frame progress 80/100 (80.0%)
[2026-02-28 18:25:43] eps=15 rep=2/10: frame progress 80/100 (80.0%)
[2026-02-28 18:25:43] eps=15 rep=4/10: frame progress 80/100 (80.0%)
[2026-02-28 18:25:43] eps=12 rep=4/9: frame progress 90/100 (90.0%)
[2026-02-28 18:25:43] eps=15 rep=5/10: frame progress 80/100 (80.0%)
[2026-02-28 18:25:43] eps=15 rep=3/10: frame progress 80/100 (80.0%)
[2026-02-28 18:25:43] eps=12 rep=6/9: frame progress 90/100 (90.0%)
[2026-02-28 18:25:43] eps=12 rep=3/9: frame progress 90/100 (90.0%)
[2026-02-28 18:25:43] eps=12 rep=5/9: frame progress 90/100 (90.0%)
[2026-02-28 18:25:44] eps=15 rep=6/10: frame progress 80/100 (80.0%)
[2026-02-28 18:25:44] eps=15 rep=7/10: frame progress 80/100 (80.0%)
[2026-02-28 18:25:45] eps=15 rep=8/10: frame progress 80/100 (80.0%)
[2026-02-28 18:25:45] eps=15 rep=9/10: frame progress 80/100 (80.0%)
[2026-02-28 18:25:46] eps=12 rep=7/9: frame progress 90/100 (90.0%)
[2026-02-28 18:25:46] eps=12 rep=8/9: frame progress 90/100 (90.0%)
[2026-02-28 18:25:46] eps=12 rep=9/9: frame progress 90/100 (90.0%)
[2026-02-28 18:25:47] eps=15 rep=1/10: frame progress 90/100 (90.0%)
[2026-02-28 18:25:47] eps=15 rep=2/10: frame progress 90/100 (90.0%)
[2026-02-28 18:25:47] eps=12 rep=4/9: frame progress 100/100 (100.0%)
[2026-02-28 18:25:47] eps=15 rep=4/10: frame progress 90/100 (90.0%)
[2026-02-28 18:25:47] eps=15 rep=5/10: frame progress 90/100 (90.0%)
[2026-02-28 18:25:47] eps=12 rep=6/9: frame progress 100/100 (100.0%)
[2026-02-28 18:25:47] eps=15 rep=3/10: frame progress 90/100 (90.0%)
[2026-02-28 18:25:47] eps=12 rep=4/9: done
[2026-02-28 18:25:47] eps=15 rep=10/10: start (eps_15/rep_001/trajectory.gsd)
[2026-02-28 18:25:47] eps=12 rep=3/9: frame progress 100/100 (100.0%)
[2026-02-28 18:25:47] eps=12 rep=5/9: frame progress 100/100 (100.0%)
[2026-02-28 18:25:47] eps=12 rep=6/9: done
[2026-02-28 18:25:47] eps=18 rep=1/10: start (eps_18/rep_004/trajectory.gsd)
[2026-02-28 18:25:47] eps=12 rep=3/9: done
[2026-02-28 18:25:47] eps=12 rep=5/9: done
[2026-02-28 18:25:47] eps=18 rep=2/10: start (eps_18/rep_003/trajectory.gsd)
[2026-02-28 18:25:47] eps=18 rep=3/10: start (eps_18/rep_007/trajectory.gsd)
[2026-02-28 18:25:47] eps=15 rep=6/10: frame progress 90/100 (90.0%)
[2026-02-28 18:25:47] eps=15 rep=7/10: frame progress 90/100 (90.0%)
[2026-02-28 18:25:48] eps=15 rep=8/10: frame progress 90/100 (90.0%)
[2026-02-28 18:25:49] eps=15 rep=9/10: frame progress 90/100 (90.0%)
[2026-02-28 18:25:49] eps=12 rep=7/9: frame progress 100/100 (100.0%)
[2026-02-28 18:25:50] eps=12 rep=8/9: frame progress 100/100 (100.0%)
[2026-02-28 18:25:50] eps=12 rep=9/9: frame progress 100/100 (100.0%)
[2026-02-28 18:25:50] eps=12 rep=7/9: done
[2026-02-28 18:25:50] eps=18 rep=4/10: start (eps_18/rep_006/trajectory.gsd)
[2026-02-28 18:25:50] eps=12 rep=8/9: done
[2026-02-28 18:25:50] eps=12 rep=9/9: done
[2026-02-28 18:25:50] eps=18 rep=5/10: start (eps_18/rep_005/trajectory.gsd)
[2026-02-28 18:25:50] eps=18 rep=6/10: start (eps_18/rep_010/trajectory.gsd)
[2026-02-28 18:25:50] eps=15 rep=10/10: frame progress 10/100 (10.0%)
[2026-02-28 18:25:50] eps=15 rep=2/10: frame progress 100/100 (100.0%)
[2026-02-28 18:25:50] eps=15 rep=1/10: frame progress 100/100 (100.0%)
[2026-02-28 18:25:51] eps=15 rep=4/10: frame progress 100/100 (100.0%)
[2026-02-28 18:25:51] eps=18 rep=1/10: frame progress 10/100 (10.0%)
[2026-02-28 18:25:51] eps=15 rep=2/10: done
[2026-02-28 18:25:51] eps=15 rep=1/10: done
[2026-02-28 18:25:51] eps=18 rep=7/10: start (eps_18/rep_009/trajectory.gsd)
[2026-02-28 18:25:51] eps=18 rep=8/10: start (eps_18/rep_008/trajectory.gsd)
[2026-02-28 18:25:51] eps=18 rep=2/10: frame progress 10/100 (10.0%)
[2026-02-28 18:25:51] eps=18 rep=3/10: frame progress 10/100 (10.0%)
[2026-02-28 18:25:51] eps=15 rep=4/10: done
[2026-02-28 18:25:51] eps=18 rep=9/10: start (eps_18/rep_002/trajectory.gsd)
[2026-02-28 18:25:51] eps=15 rep=3/10: frame progress 100/100 (100.0%)
[2026-02-28 18:25:51] eps=15 rep=5/10: frame progress 100/100 (100.0%)
[2026-02-28 18:25:51] eps=15 rep=3/10: done
[2026-02-28 18:25:51] eps=15 rep=5/10: done
[2026-02-28 18:25:51] eps=18 rep=10/10: start (eps_18/rep_001/trajectory.gsd)
[2026-02-28 18:25:51] eps=15 rep=6/10: frame progress 100/100 (100.0%)
[2026-02-28 18:25:51] eps=15 rep=7/10: frame progress 100/100 (100.0%)
[2026-02-28 18:25:51] eps=15 rep=6/10: done
[2026-02-28 18:25:51] eps=15 rep=7/10: done
[2026-02-28 18:25:52] eps=15 rep=8/10: frame progress 100/100 (100.0%)
[2026-02-28 18:25:52] eps=15 rep=8/10: done
[2026-02-28 18:25:53] eps=15 rep=9/10: frame progress 100/100 (100.0%)
[2026-02-28 18:25:53] eps=15 rep=9/10: done
[2026-02-28 18:25:53] eps=18 rep=4/10: frame progress 10/100 (10.0%)
[2026-02-28 18:25:53] eps=18 rep=6/10: frame progress 10/100 (10.0%)
[2026-02-28 18:25:53] eps=18 rep=5/10: frame progress 10/100 (10.0%)
[2026-02-28 18:25:54] eps=15 rep=10/10: frame progress 20/100 (20.0%)
[2026-02-28 18:25:54] eps=18 rep=1/10: frame progress 20/100 (20.0%)
[2026-02-28 18:25:54] eps=18 rep=2/10: frame progress 20/100 (20.0%)
[2026-02-28 18:25:54] eps=18 rep=3/10: frame progress 20/100 (20.0%)
[2026-02-28 18:25:54] eps=18 rep=7/10: frame progress 10/100 (10.0%)
[2026-02-28 18:25:54] eps=18 rep=9/10: frame progress 10/100 (10.0%)
[2026-02-28 18:25:54] eps=18 rep=8/10: frame progress 10/100 (10.0%)
[2026-02-28 18:25:54] eps=18 rep=10/10: frame progress 10/100 (10.0%)
[2026-02-28 18:25:56] eps=18 rep=4/10: frame progress 20/100 (20.0%)
[2026-02-28 18:25:56] eps=18 rep=6/10: frame progress 20/100 (20.0%)
[2026-02-28 18:25:56] eps=18 rep=5/10: frame progress 20/100 (20.0%)
[2026-02-28 18:25:57] eps=15 rep=10/10: frame progress 30/100 (30.0%)
[2026-02-28 18:25:57] eps=18 rep=1/10: frame progress 30/100 (30.0%)
[2026-02-28 18:25:57] eps=18 rep=9/10: frame progress 20/100 (20.0%)
[2026-02-28 18:25:57] eps=18 rep=7/10: frame progress 20/100 (20.0%)
[2026-02-28 18:25:57] eps=18 rep=2/10: frame progress 30/100 (30.0%)
[2026-02-28 18:25:57] eps=18 rep=8/10: frame progress 20/100 (20.0%)
[2026-02-28 18:25:57] eps=18 rep=3/10: frame progress 30/100 (30.0%)
[2026-02-28 18:25:58] eps=18 rep=10/10: frame progress 20/100 (20.0%)
[2026-02-28 18:26:00] eps=18 rep=4/10: frame progress 30/100 (30.0%)
[2026-02-28 18:26:00] eps=18 rep=6/10: frame progress 30/100 (30.0%)
[2026-02-28 18:26:00] eps=18 rep=5/10: frame progress 30/100 (30.0%)
[2026-02-28 18:26:00] eps=15 rep=10/10: frame progress 40/100 (40.0%)
[2026-02-28 18:26:01] eps=18 rep=9/10: frame progress 30/100 (30.0%)
[2026-02-28 18:26:01] eps=18 rep=7/10: frame progress 30/100 (30.0%)
[2026-02-28 18:26:01] eps=18 rep=1/10: frame progress 40/100 (40.0%)
[2026-02-28 18:26:01] eps=18 rep=2/10: frame progress 40/100 (40.0%)
[2026-02-28 18:26:01] eps=18 rep=8/10: frame progress 30/100 (30.0%)
[2026-02-28 18:26:01] eps=18 rep=3/10: frame progress 40/100 (40.0%)
[2026-02-28 18:26:01] eps=18 rep=10/10: frame progress 30/100 (30.0%)
[2026-02-28 18:26:03] eps=18 rep=4/10: frame progress 40/100 (40.0%)
[2026-02-28 18:26:03] eps=18 rep=6/10: frame progress 40/100 (40.0%)
[2026-02-28 18:26:03] eps=18 rep=5/10: frame progress 40/100 (40.0%)
[2026-02-28 18:26:04] eps=15 rep=10/10: frame progress 50/100 (50.0%)
[2026-02-28 18:26:04] eps=18 rep=9/10: frame progress 40/100 (40.0%)
[2026-02-28 18:26:04] eps=18 rep=1/10: frame progress 50/100 (50.0%)
[2026-02-28 18:26:04] eps=18 rep=7/10: frame progress 40/100 (40.0%)
[2026-02-28 18:26:04] eps=18 rep=2/10: frame progress 50/100 (50.0%)
[2026-02-28 18:26:04] eps=18 rep=8/10: frame progress 40/100 (40.0%)
[2026-02-28 18:26:04] eps=18 rep=3/10: frame progress 50/100 (50.0%)
[2026-02-28 18:26:04] eps=18 rep=10/10: frame progress 40/100 (40.0%)
[2026-02-28 18:26:07] eps=18 rep=4/10: frame progress 50/100 (50.0%)
[2026-02-28 18:26:07] eps=18 rep=6/10: frame progress 50/100 (50.0%)
[2026-02-28 18:26:07] eps=18 rep=5/10: frame progress 50/100 (50.0%)
[2026-02-28 18:26:07] eps=15 rep=10/10: frame progress 60/100 (60.0%)
[2026-02-28 18:26:07] eps=18 rep=9/10: frame progress 50/100 (50.0%)
[2026-02-28 18:26:07] eps=18 rep=1/10: frame progress 60/100 (60.0%)
[2026-02-28 18:26:08] eps=18 rep=7/10: frame progress 50/100 (50.0%)
[2026-02-28 18:26:08] eps=18 rep=2/10: frame progress 60/100 (60.0%)
[2026-02-28 18:26:08] eps=18 rep=8/10: frame progress 50/100 (50.0%)
[2026-02-28 18:26:08] eps=18 rep=3/10: frame progress 60/100 (60.0%)
[2026-02-28 18:26:08] eps=18 rep=10/10: frame progress 50/100 (50.0%)
[2026-02-28 18:26:10] eps=18 rep=4/10: frame progress 60/100 (60.0%)
[2026-02-28 18:26:10] eps=18 rep=6/10: frame progress 60/100 (60.0%)
[2026-02-28 18:26:10] eps=18 rep=5/10: frame progress 60/100 (60.0%)
[2026-02-28 18:26:11] eps=18 rep=9/10: frame progress 60/100 (60.0%)
[2026-02-28 18:26:11] eps=15 rep=10/10: frame progress 70/100 (70.0%)
[2026-02-28 18:26:11] eps=18 rep=1/10: frame progress 70/100 (70.0%)
[2026-02-28 18:26:11] eps=18 rep=7/10: frame progress 60/100 (60.0%)
[2026-02-28 18:26:11] eps=18 rep=2/10: frame progress 70/100 (70.0%)
[2026-02-28 18:26:11] eps=18 rep=8/10: frame progress 60/100 (60.0%)
[2026-02-28 18:26:11] eps=18 rep=3/10: frame progress 70/100 (70.0%)
[2026-02-28 18:26:12] eps=18 rep=10/10: frame progress 60/100 (60.0%)
[2026-02-28 18:26:14] eps=18 rep=4/10: frame progress 70/100 (70.0%)
[2026-02-28 18:26:14] eps=18 rep=6/10: frame progress 70/100 (70.0%)
[2026-02-28 18:26:14] eps=18 rep=5/10: frame progress 70/100 (70.0%)
[2026-02-28 18:26:14] eps=18 rep=9/10: frame progress 70/100 (70.0%)
[2026-02-28 18:26:15] eps=15 rep=10/10: frame progress 80/100 (80.0%)
[2026-02-28 18:26:15] eps=18 rep=1/10: frame progress 80/100 (80.0%)
[2026-02-28 18:26:15] eps=18 rep=2/10: frame progress 80/100 (80.0%)
[2026-02-28 18:26:15] eps=18 rep=7/10: frame progress 70/100 (70.0%)
[2026-02-28 18:26:15] eps=18 rep=8/10: frame progress 70/100 (70.0%)
[2026-02-28 18:26:15] eps=18 rep=3/10: frame progress 80/100 (80.0%)
[2026-02-28 18:26:15] eps=18 rep=10/10: frame progress 70/100 (70.0%)
[2026-02-28 18:26:17] eps=18 rep=4/10: frame progress 80/100 (80.0%)
[2026-02-28 18:26:17] eps=18 rep=6/10: frame progress 80/100 (80.0%)
[2026-02-28 18:26:17] eps=18 rep=5/10: frame progress 80/100 (80.0%)
[2026-02-28 18:26:18] eps=18 rep=9/10: frame progress 80/100 (80.0%)
[2026-02-28 18:26:18] eps=18 rep=1/10: frame progress 90/100 (90.0%)
[2026-02-28 18:26:18] eps=15 rep=10/10: frame progress 90/100 (90.0%)
[2026-02-28 18:26:18] eps=18 rep=2/10: frame progress 90/100 (90.0%)
[2026-02-28 18:26:18] eps=18 rep=7/10: frame progress 80/100 (80.0%)
[2026-02-28 18:26:18] eps=18 rep=8/10: frame progress 80/100 (80.0%)
[2026-02-28 18:26:19] eps=18 rep=3/10: frame progress 90/100 (90.0%)
[2026-02-28 18:26:19] eps=18 rep=10/10: frame progress 80/100 (80.0%)
[2026-02-28 18:26:21] eps=18 rep=4/10: frame progress 90/100 (90.0%)
[2026-02-28 18:26:21] eps=18 rep=6/10: frame progress 90/100 (90.0%)
[2026-02-28 18:26:21] eps=18 rep=5/10: frame progress 90/100 (90.0%)
[2026-02-28 18:26:22] eps=18 rep=9/10: frame progress 90/100 (90.0%)
[2026-02-28 18:26:22] eps=18 rep=1/10: frame progress 100/100 (100.0%)
[2026-02-28 18:26:22] eps=15 rep=10/10: frame progress 100/100 (100.0%)
[2026-02-28 18:26:22] eps=18 rep=2/10: frame progress 100/100 (100.0%)
[2026-02-28 18:26:22] eps=18 rep=1/10: done
[2026-02-28 18:26:22] eps=15 rep=10/10: done
[2026-02-28 18:26:22] eps=18 rep=7/10: frame progress 90/100 (90.0%)
[2026-02-28 18:26:22] eps=18 rep=2/10: done
[2026-02-28 18:26:22] eps=18 rep=8/10: frame progress 90/100 (90.0%)
[2026-02-28 18:26:22] eps=18 rep=3/10: frame progress 100/100 (100.0%)
[2026-02-28 18:26:22] eps=18 rep=3/10: done
[2026-02-28 18:26:22] eps=18 rep=10/10: frame progress 90/100 (90.0%)
[2026-02-28 18:26:24] eps=18 rep=4/10: frame progress 100/100 (100.0%)
[2026-02-28 18:26:24] eps=18 rep=6/10: frame progress 100/100 (100.0%)
[2026-02-28 18:26:24] eps=18 rep=5/10: frame progress 100/100 (100.0%)
[2026-02-28 18:26:24] eps=18 rep=4/10: done
[2026-02-28 18:26:24] eps=18 rep=6/10: done
[2026-02-28 18:26:25] eps=18 rep=5/10: done
[2026-02-28 18:26:25] eps=18 rep=9/10: frame progress 100/100 (100.0%)
[2026-02-28 18:26:25] eps=18 rep=9/10: done
[2026-02-28 18:26:25] eps=18 rep=7/10: frame progress 100/100 (100.0%)
[2026-02-28 18:26:25] eps=18 rep=8/10: frame progress 100/100 (100.0%)
[2026-02-28 18:26:26] eps=18 rep=7/10: done
[2026-02-28 18:26:26] eps=18 rep=8/10: done
[2026-02-28 18:26:26] eps=18 rep=10/10: frame progress 100/100 (100.0%)
[2026-02-28 18:26:26] eps=18 rep=10/10: done
[2026-02-28 18:26:26] Completed parallel analysis for 59 runs
[2026-02-28 18:26:26] Aggregating epsilon group 1/6: eps=3, replicates=10
[2026-02-28 18:26:26] Writing outputs for eps=3 to /scratch/gpfs/WEBB/chertok/REACTIVELJ_PAPER/simulation_package/melt/analysis/results/eps_3
[2026-02-28 18:26:26] Finished epsilon group eps=3
[2026-02-28 18:26:26] Aggregating epsilon group 2/6: eps=6, replicates=10
[2026-02-28 18:26:26] Writing outputs for eps=6 to /scratch/gpfs/WEBB/chertok/REACTIVELJ_PAPER/simulation_package/melt/analysis/results/eps_6
[2026-02-28 18:26:27] Finished epsilon group eps=6
[2026-02-28 18:26:27] Aggregating epsilon group 3/6: eps=9, replicates=10
[2026-02-28 18:26:27] Writing outputs for eps=9 to /scratch/gpfs/WEBB/chertok/REACTIVELJ_PAPER/simulation_package/melt/analysis/results/eps_9
[2026-02-28 18:26:27] Finished epsilon group eps=9
[2026-02-28 18:26:27] Aggregating epsilon group 4/6: eps=12, replicates=9
[2026-02-28 18:26:27] Writing outputs for eps=12 to /scratch/gpfs/WEBB/chertok/REACTIVELJ_PAPER/simulation_package/melt/analysis/results/eps_12
[2026-02-28 18:26:27] Finished epsilon group eps=12
[2026-02-28 18:26:27] Aggregating epsilon group 5/6: eps=15, replicates=10
[2026-02-28 18:26:27] Writing outputs for eps=15 to /scratch/gpfs/WEBB/chertok/REACTIVELJ_PAPER/simulation_package/melt/analysis/results/eps_15
[2026-02-28 18:26:28] Finished epsilon group eps=15
[2026-02-28 18:26:28] Aggregating epsilon group 6/6: eps=18, replicates=10
[2026-02-28 18:26:28] Writing outputs for eps=18 to /scratch/gpfs/WEBB/chertok/REACTIVELJ_PAPER/simulation_package/melt/analysis/results/eps_18
[2026-02-28 18:26:28] Finished epsilon group eps=18
[2026-02-28 18:26:28] Wrote /scratch/gpfs/WEBB/chertok/REACTIVELJ_PAPER/simulation_package/melt/analysis/results/summary.json
[2026-02-28 18:26:28] Wrote /scratch/gpfs/WEBB/chertok/REACTIVELJ_PAPER/simulation_package/melt/analysis/results/summary.csv
[2026-02-28 18:26:30] Analysis complete
[2026-02-28 18:26:30] Step 7/8 complete: Analysis finished in 145 seconds
[2026-02-28 18:26:31] Step 8/8: Job complete in 147 seconds total
