[2026-03-21 23:54:16] Step 1/8: Purging modules
[2026-03-21 23:54:16] Step 2/8: Sourcing ~/.bashrc
[2026-03-21 23:54:17] Step 3/8: Loading anaconda module
[2026-03-21 23:54:17] Step 4/8: Activating conda environment
[2026-03-21 23:54:17] Step 5/8: Changing directory to /scratch/gpfs/WEBB/chertok/REACTIVELJ_PAPER/simulation_package/melt
[2026-03-21 23:54:17] Step 6/8: Ensuring logs directory exists
[2026-03-21 23:54:17] Step 7/8: Starting trajectory analysis
[2026-03-21 23:54:18] Scanning trajectories under /scratch/gpfs/WEBB/chertok/REACTIVELJ_PAPER/simulation_package/melt/data_generation/outputs
[2026-03-21 23:54:18] Discovered 69 trajectory/metadata pairs
[2026-03-21 23:54:18] Grouped runs into 7 epsilon values
[2026-03-21 23:54:18] Queueing epsilon group 1/7: eps=0, replicates=10
[2026-03-21 23:54:18] Queueing epsilon group 2/7: eps=3, replicates=10
[2026-03-21 23:54:18] Queueing epsilon group 3/7: eps=6, replicates=10
[2026-03-21 23:54:18] Queueing epsilon group 4/7: eps=9, replicates=10
[2026-03-21 23:54:18] Queueing epsilon group 5/7: eps=12, replicates=9
[2026-03-21 23:54:18] Queueing epsilon group 6/7: eps=15, replicates=10
[2026-03-21 23:54:18] Queueing epsilon group 7/7: eps=18, replicates=10
[2026-03-21 23:54:18] Starting parallel analysis with 64 workers on 69 runs
[2026-03-21 23:54:19] eps=0 rep=7/10: start (eps_0/rep_009/trajectory.gsd)
[2026-03-21 23:54:19] eps=0 rep=5/10: start (eps_0/rep_005/trajectory.gsd)
[2026-03-21 23:54:19] eps=0 rep=4/10: start (eps_0/rep_006/trajectory.gsd)
[2026-03-21 23:54:19] eps=0 rep=2/10: start (eps_0/rep_003/trajectory.gsd)
[2026-03-21 23:54:19] eps=0 rep=1/10: start (eps_0/rep_004/trajectory.gsd)
[2026-03-21 23:54:19] eps=0 rep=6/10: start (eps_0/rep_010/trajectory.gsd)
[2026-03-21 23:54:19] eps=0 rep=3/10: start (eps_0/rep_007/trajectory.gsd)
[2026-03-21 23:54:19] eps=3 rep=1/10: start (eps_3/rep_004/trajectory.gsd)
[2026-03-21 23:54:19] eps=0 rep=8/10: start (eps_0/rep_008/trajectory.gsd)
[2026-03-21 23:54:19] eps=0 rep=10/10: start (eps_0/rep_001/trajectory.gsd)
[2026-03-21 23:54:19] eps=0 rep=9/10: start (eps_0/rep_002/trajectory.gsd)
[2026-03-21 23:54:19] eps=3 rep=3/10: start (eps_3/rep_007/trajectory.gsd)
[2026-03-21 23:54:19] eps=3 rep=2/10: start (eps_3/rep_003/trajectory.gsd)
[2026-03-21 23:54:19] eps=3 rep=7/10: start (eps_3/rep_009/trajectory.gsd)
[2026-03-21 23:54:19] eps=3 rep=8/10: start (eps_3/rep_008/trajectory.gsd)
[2026-03-21 23:54:19] eps=3 rep=6/10: start (eps_3/rep_010/trajectory.gsd)
[2026-03-21 23:54:19] eps=3 rep=5/10: start (eps_3/rep_005/trajectory.gsd)
[2026-03-21 23:54:19] eps=6 rep=1/10: start (eps_6/rep_004/trajectory.gsd)
[2026-03-21 23:54:19] eps=3 rep=4/10: start (eps_3/rep_006/trajectory.gsd)
[2026-03-21 23:54:19] eps=6 rep=4/10: start (eps_6/rep_006/trajectory.gsd)
[2026-03-21 23:54:19] eps=6 rep=3/10: start (eps_6/rep_007/trajectory.gsd)
[2026-03-21 23:54:19] eps=3 rep=10/10: start (eps_3/rep_001/trajectory.gsd)
[2026-03-21 23:54:19] eps=6 rep=5/10: start (eps_6/rep_005/trajectory.gsd)
[2026-03-21 23:54:19] eps=3 rep=9/10: start (eps_3/rep_002/trajectory.gsd)
[2026-03-21 23:54:19] eps=6 rep=6/10: start (eps_6/rep_010/trajectory.gsd)
[2026-03-21 23:54:19] eps=6 rep=2/10: start (eps_6/rep_003/trajectory.gsd)
[2026-03-21 23:54:19] eps=6 rep=8/10: start (eps_6/rep_008/trajectory.gsd)
[2026-03-21 23:54:19] eps=6 rep=7/10: start (eps_6/rep_009/trajectory.gsd)
[2026-03-21 23:54:19] eps=9 rep=2/10: start (eps_9/rep_003/trajectory.gsd)
[2026-03-21 23:54:19] eps=9 rep=3/10: start (eps_9/rep_007/trajectory.gsd)
[2026-03-21 23:54:19] eps=6 rep=9/10: start (eps_6/rep_002/trajectory.gsd)
[2026-03-21 23:54:19] eps=9 rep=1/10: start (eps_9/rep_004/trajectory.gsd)
[2026-03-21 23:54:19] eps=9 rep=4/10: start (eps_9/rep_006/trajectory.gsd)
[2026-03-21 23:54:19] eps=9 rep=5/10: start (eps_9/rep_005/trajectory.gsd)
[2026-03-21 23:54:19] eps=6 rep=10/10: start (eps_6/rep_001/trajectory.gsd)
[2026-03-21 23:54:19] eps=9 rep=9/10: start (eps_9/rep_002/trajectory.gsd)
[2026-03-21 23:54:19] eps=9 rep=8/10: start (eps_9/rep_008/trajectory.gsd)
[2026-03-21 23:54:19] eps=9 rep=7/10: start (eps_9/rep_009/trajectory.gsd)
[2026-03-21 23:54:19] eps=9 rep=6/10: start (eps_9/rep_010/trajectory.gsd)
[2026-03-21 23:54:19] eps=12 rep=2/9: start (eps_12/rep_003/trajectory.gsd)
[2026-03-21 23:54:19] eps=12 rep=4/9: start (eps_12/rep_006/trajectory.gsd)
[2026-03-21 23:54:19] eps=9 rep=10/10: start (eps_9/rep_001/trajectory.gsd)
[2026-03-21 23:54:19] eps=12 rep=5/9: start (eps_12/rep_005/trajectory.gsd)
[2026-03-21 23:54:19] eps=12 rep=3/9: start (eps_12/rep_007/trajectory.gsd)
[2026-03-21 23:54:19] eps=12 rep=1/9: start (eps_12/rep_004/trajectory.gsd)
[2026-03-21 23:54:19] eps=12 rep=6/9: start (eps_12/rep_010/trajectory.gsd)
[2026-03-21 23:54:19] eps=12 rep=8/9: start (eps_12/rep_002/trajectory.gsd)
[2026-03-21 23:54:19] eps=15 rep=2/10: start (eps_15/rep_003/trajectory.gsd)
[2026-03-21 23:54:19] eps=12 rep=9/9: start (eps_12/rep_001/trajectory.gsd)
[2026-03-21 23:54:19] eps=15 rep=4/10: start (eps_15/rep_006/trajectory.gsd)
[2026-03-21 23:54:19] eps=15 rep=3/10: start (eps_15/rep_007/trajectory.gsd)
[2026-03-21 23:54:19] eps=12 rep=7/9: start (eps_12/rep_009/trajectory.gsd)
[2026-03-21 23:54:19] eps=15 rep=5/10: start (eps_15/rep_005/trajectory.gsd)
[2026-03-21 23:54:19] eps=15 rep=1/10: start (eps_15/rep_004/trajectory.gsd)
[2026-03-21 23:54:19] eps=15 rep=7/10: start (eps_15/rep_009/trajectory.gsd)
[2026-03-21 23:54:19] eps=15 rep=6/10: start (eps_15/rep_010/trajectory.gsd)
[2026-03-21 23:54:19] eps=15 rep=9/10: start (eps_15/rep_002/trajectory.gsd)
[2026-03-21 23:54:19] eps=15 rep=10/10: start (eps_15/rep_001/trajectory.gsd)
[2026-03-21 23:54:19] eps=18 rep=3/10: start (eps_18/rep_007/trajectory.gsd)
[2026-03-21 23:54:19] eps=18 rep=1/10: start (eps_18/rep_004/trajectory.gsd)
[2026-03-21 23:54:19] eps=15 rep=8/10: start (eps_15/rep_008/trajectory.gsd)
[2026-03-21 23:54:19] eps=18 rep=2/10: start (eps_18/rep_003/trajectory.gsd)
[2026-03-21 23:54:19] eps=18 rep=4/10: start (eps_18/rep_006/trajectory.gsd)
[2026-03-21 23:54:19] eps=18 rep=5/10: start (eps_18/rep_005/trajectory.gsd)
[2026-03-21 23:54:48] eps=0 rep=3/10: frame progress 100/1000 (10.0%)
[2026-03-21 23:54:48] eps=0 rep=9/10: frame progress 100/1000 (10.0%)
[2026-03-21 23:54:48] eps=3 rep=8/10: frame progress 100/1000 (10.0%)
[2026-03-21 23:54:48] eps=0 rep=8/10: frame progress 100/1000 (10.0%)
[2026-03-21 23:54:48] eps=3 rep=9/10: frame progress 100/1000 (10.0%)
[2026-03-21 23:54:48] eps=0 rep=10/10: frame progress 100/1000 (10.0%)
[2026-03-21 23:54:48] eps=3 rep=10/10: frame progress 100/1000 (10.0%)
[2026-03-21 23:54:48] eps=0 rep=5/10: frame progress 100/1000 (10.0%)
[2026-03-21 23:54:48] eps=0 rep=4/10: frame progress 100/1000 (10.0%)
[2026-03-21 23:54:48] eps=0 rep=7/10: frame progress 100/1000 (10.0%)
[2026-03-21 23:54:49] eps=0 rep=1/10: frame progress 100/1000 (10.0%)
[2026-03-21 23:54:49] eps=0 rep=2/10: frame progress 100/1000 (10.0%)
[2026-03-21 23:54:49] eps=3 rep=4/10: frame progress 100/1000 (10.0%)
[2026-03-21 23:54:49] eps=3 rep=6/10: frame progress 100/1000 (10.0%)
[2026-03-21 23:54:49] eps=0 rep=6/10: frame progress 100/1000 (10.0%)
[2026-03-21 23:54:49] eps=3 rep=3/10: frame progress 100/1000 (10.0%)
[2026-03-21 23:54:49] eps=3 rep=5/10: frame progress 100/1000 (10.0%)
[2026-03-21 23:54:49] eps=3 rep=1/10: frame progress 100/1000 (10.0%)
[2026-03-21 23:54:49] eps=3 rep=2/10: frame progress 100/1000 (10.0%)
[2026-03-21 23:54:50] eps=3 rep=7/10: frame progress 100/1000 (10.0%)
[2026-03-21 23:54:50] eps=6 rep=9/10: frame progress 100/1000 (10.0%)
[2026-03-21 23:54:50] eps=6 rep=3/10: frame progress 100/1000 (10.0%)
[2026-03-21 23:54:50] eps=6 rep=1/10: frame progress 100/1000 (10.0%)
[2026-03-21 23:54:50] eps=6 rep=5/10: frame progress 100/1000 (10.0%)
[2026-03-21 23:54:50] eps=6 rep=6/10: frame progress 100/1000 (10.0%)
[2026-03-21 23:54:50] eps=6 rep=8/10: frame progress 100/1000 (10.0%)
[2026-03-21 23:54:50] eps=6 rep=7/10: frame progress 100/1000 (10.0%)
[2026-03-21 23:54:50] eps=6 rep=4/10: frame progress 100/1000 (10.0%)
[2026-03-21 23:54:50] eps=6 rep=10/10: frame progress 100/1000 (10.0%)
[2026-03-21 23:54:51] eps=6 rep=2/10: frame progress 100/1000 (10.0%)
[2026-03-21 23:54:52] eps=9 rep=9/10: frame progress 100/1000 (10.0%)
[2026-03-21 23:54:52] eps=9 rep=10/10: frame progress 100/1000 (10.0%)
[2026-03-21 23:54:52] eps=9 rep=7/10: frame progress 100/1000 (10.0%)
[2026-03-21 23:54:52] eps=9 rep=1/10: frame progress 100/1000 (10.0%)
[2026-03-21 23:54:52] eps=9 rep=8/10: frame progress 100/1000 (10.0%)
[2026-03-21 23:54:52] eps=9 rep=2/10: frame progress 100/1000 (10.0%)
[2026-03-21 23:54:53] eps=9 rep=5/10: frame progress 100/1000 (10.0%)
[2026-03-21 23:54:53] eps=9 rep=6/10: frame progress 100/1000 (10.0%)
[2026-03-21 23:54:53] eps=9 rep=3/10: frame progress 100/1000 (10.0%)
[2026-03-21 23:54:53] eps=9 rep=4/10: frame progress 100/1000 (10.0%)
[2026-03-21 23:54:54] eps=12 rep=5/9: frame progress 100/1000 (10.0%)
[2026-03-21 23:54:55] eps=18 rep=2/10: frame progress 100/1000 (10.0%)
[2026-03-21 23:54:55] eps=18 rep=4/10: frame progress 100/1000 (10.0%)
[2026-03-21 23:54:55] eps=12 rep=9/9: frame progress 100/1000 (10.0%)
[2026-03-21 23:54:55] eps=15 rep=1/10: frame progress 100/1000 (10.0%)
[2026-03-21 23:54:55] eps=12 rep=3/9: frame progress 100/1000 (10.0%)
[2026-03-21 23:54:56] eps=12 rep=6/9: frame progress 100/1000 (10.0%)
[2026-03-21 23:54:56] eps=12 rep=4/9: frame progress 100/1000 (10.0%)
[2026-03-21 23:54:56] eps=12 rep=2/9: frame progress 100/1000 (10.0%)
[2026-03-21 23:54:56] eps=15 rep=5/10: frame progress 100/1000 (10.0%)
[2026-03-21 23:54:56] eps=12 rep=1/9: frame progress 100/1000 (10.0%)
[2026-03-21 23:54:56] eps=18 rep=5/10: frame progress 100/1000 (10.0%)
[2026-03-21 23:54:56] eps=12 rep=8/9: frame progress 100/1000 (10.0%)
[2026-03-21 23:54:56] eps=12 rep=7/9: frame progress 100/1000 (10.0%)
[2026-03-21 23:54:56] eps=15 rep=6/10: frame progress 100/1000 (10.0%)
[2026-03-21 23:54:57] eps=18 rep=1/10: frame progress 100/1000 (10.0%)
[2026-03-21 23:54:57] eps=15 rep=8/10: frame progress 100/1000 (10.0%)
[2026-03-21 23:54:57] eps=15 rep=4/10: frame progress 100/1000 (10.0%)
[2026-03-21 23:54:57] eps=15 rep=7/10: frame progress 100/1000 (10.0%)
[2026-03-21 23:54:57] eps=15 rep=10/10: frame progress 100/1000 (10.0%)
[2026-03-21 23:54:57] eps=15 rep=3/10: frame progress 100/1000 (10.0%)
[2026-03-21 23:54:57] eps=18 rep=3/10: frame progress 100/1000 (10.0%)
[2026-03-21 23:54:57] eps=15 rep=9/10: frame progress 100/1000 (10.0%)
[2026-03-21 23:54:57] eps=15 rep=2/10: frame progress 100/1000 (10.0%)
[2026-03-21 23:55:17] eps=0 rep=9/10: frame progress 200/1000 (20.0%)
[2026-03-21 23:55:18] eps=0 rep=3/10: frame progress 200/1000 (20.0%)
[2026-03-21 23:55:18] eps=0 rep=10/10: frame progress 200/1000 (20.0%)
[2026-03-21 23:55:18] eps=3 rep=8/10: frame progress 200/1000 (20.0%)
[2026-03-21 23:55:18] eps=3 rep=9/10: frame progress 200/1000 (20.0%)
[2026-03-21 23:55:18] eps=0 rep=8/10: frame progress 200/1000 (20.0%)
[2026-03-21 23:55:18] eps=3 rep=10/10: frame progress 200/1000 (20.0%)
[2026-03-21 23:55:19] eps=0 rep=5/10: frame progress 200/1000 (20.0%)
[2026-03-21 23:55:19] eps=3 rep=4/10: frame progress 200/1000 (20.0%)
[2026-03-21 23:55:19] eps=0 rep=7/10: frame progress 200/1000 (20.0%)
[2026-03-21 23:55:19] eps=0 rep=1/10: frame progress 200/1000 (20.0%)
[2026-03-21 23:55:19] eps=0 rep=4/10: frame progress 200/1000 (20.0%)
[2026-03-21 23:55:19] eps=0 rep=2/10: frame progress 200/1000 (20.0%)
[2026-03-21 23:55:20] eps=0 rep=6/10: frame progress 200/1000 (20.0%)
[2026-03-21 23:55:20] eps=3 rep=5/10: frame progress 200/1000 (20.0%)
[2026-03-21 23:55:20] eps=3 rep=6/10: frame progress 200/1000 (20.0%)
[2026-03-21 23:55:21] eps=3 rep=3/10: frame progress 200/1000 (20.0%)
[2026-03-21 23:55:21] eps=3 rep=1/10: frame progress 200/1000 (20.0%)
[2026-03-21 23:55:21] eps=3 rep=2/10: frame progress 200/1000 (20.0%)
[2026-03-21 23:55:21] eps=3 rep=7/10: frame progress 200/1000 (20.0%)
[2026-03-21 23:55:22] eps=6 rep=9/10: frame progress 200/1000 (20.0%)
[2026-03-21 23:55:22] eps=6 rep=5/10: frame progress 200/1000 (20.0%)
[2026-03-21 23:55:22] eps=6 rep=3/10: frame progress 200/1000 (20.0%)
[2026-03-21 23:55:22] eps=6 rep=1/10: frame progress 200/1000 (20.0%)
[2026-03-21 23:55:23] eps=6 rep=7/10: frame progress 200/1000 (20.0%)
[2026-03-21 23:55:23] eps=6 rep=6/10: frame progress 200/1000 (20.0%)
[2026-03-21 23:55:24] eps=6 rep=8/10: frame progress 200/1000 (20.0%)
[2026-03-21 23:55:25] eps=6 rep=10/10: frame progress 200/1000 (20.0%)
[2026-03-21 23:55:25] eps=6 rep=2/10: frame progress 200/1000 (20.0%)
[2026-03-21 23:55:25] eps=6 rep=4/10: frame progress 200/1000 (20.0%)
[2026-03-21 23:55:27] eps=9 rep=9/10: frame progress 200/1000 (20.0%)
[2026-03-21 23:55:27] eps=9 rep=10/10: frame progress 200/1000 (20.0%)
[2026-03-21 23:55:28] eps=9 rep=7/10: frame progress 200/1000 (20.0%)
[2026-03-21 23:55:29] eps=9 rep=5/10: frame progress 200/1000 (20.0%)
[2026-03-21 23:55:29] eps=9 rep=3/10: frame progress 200/1000 (20.0%)
[2026-03-21 23:55:30] eps=9 rep=1/10: frame progress 200/1000 (20.0%)
[2026-03-21 23:55:30] eps=9 rep=8/10: frame progress 200/1000 (20.0%)
[2026-03-21 23:55:30] eps=9 rep=2/10: frame progress 200/1000 (20.0%)
[2026-03-21 23:55:30] eps=9 rep=6/10: frame progress 200/1000 (20.0%)
[2026-03-21 23:55:31] eps=9 rep=4/10: frame progress 200/1000 (20.0%)
[2026-03-21 23:55:37] eps=12 rep=5/9: frame progress 200/1000 (20.0%)
[2026-03-21 23:55:39] eps=12 rep=4/9: frame progress 200/1000 (20.0%)
[2026-03-21 23:55:41] eps=12 rep=9/9: frame progress 200/1000 (20.0%)
[2026-03-21 23:55:41] eps=12 rep=7/9: frame progress 200/1000 (20.0%)
[2026-03-21 23:55:41] eps=12 rep=2/9: frame progress 200/1000 (20.0%)
[2026-03-21 23:55:42] eps=12 rep=3/9: frame progress 200/1000 (20.0%)
[2026-03-21 23:55:42] eps=12 rep=6/9: frame progress 200/1000 (20.0%)
[2026-03-21 23:55:42] eps=12 rep=1/9: frame progress 200/1000 (20.0%)
[2026-03-21 23:55:42] eps=12 rep=8/9: frame progress 200/1000 (20.0%)
[2026-03-21 23:55:44] eps=15 rep=1/10: frame progress 200/1000 (20.0%)
[2026-03-21 23:55:44] eps=18 rep=4/10: frame progress 200/1000 (20.0%)
[2026-03-21 23:55:44] eps=18 rep=2/10: frame progress 200/1000 (20.0%)
[2026-03-21 23:55:44] eps=15 rep=5/10: frame progress 200/1000 (20.0%)
[2026-03-21 23:55:47] eps=0 rep=9/10: frame progress 300/1000 (30.0%)
[2026-03-21 23:55:48] eps=15 rep=6/10: frame progress 200/1000 (20.0%)
[2026-03-21 23:55:48] eps=0 rep=3/10: frame progress 300/1000 (30.0%)
[2026-03-21 23:55:48] eps=18 rep=5/10: frame progress 200/1000 (20.0%)
[2026-03-21 23:55:48] eps=0 rep=10/10: frame progress 300/1000 (30.0%)
[2026-03-21 23:55:48] eps=15 rep=4/10: frame progress 200/1000 (20.0%)
[2026-03-21 23:55:48] eps=15 rep=7/10: frame progress 200/1000 (20.0%)
[2026-03-21 23:55:48] eps=15 rep=8/10: frame progress 200/1000 (20.0%)
[2026-03-21 23:55:48] eps=15 rep=3/10: frame progress 200/1000 (20.0%)
[2026-03-21 23:55:49] eps=18 rep=1/10: frame progress 200/1000 (20.0%)
[2026-03-21 23:55:49] eps=0 rep=8/10: frame progress 300/1000 (30.0%)
[2026-03-21 23:55:49] eps=3 rep=9/10: frame progress 300/1000 (30.0%)
[2026-03-21 23:55:49] eps=3 rep=8/10: frame progress 300/1000 (30.0%)
[2026-03-21 23:55:49] eps=15 rep=10/10: frame progress 200/1000 (20.0%)
[2026-03-21 23:55:49] eps=18 rep=3/10: frame progress 200/1000 (20.0%)
[2026-03-21 23:55:50] eps=15 rep=2/10: frame progress 200/1000 (20.0%)
[2026-03-21 23:55:50] eps=3 rep=10/10: frame progress 300/1000 (30.0%)
[2026-03-21 23:55:50] eps=15 rep=9/10: frame progress 200/1000 (20.0%)
[2026-03-21 23:55:50] eps=3 rep=4/10: frame progress 300/1000 (30.0%)
[2026-03-21 23:55:51] eps=0 rep=5/10: frame progress 300/1000 (30.0%)
[2026-03-21 23:55:51] eps=0 rep=1/10: frame progress 300/1000 (30.0%)
[2026-03-21 23:55:51] eps=0 rep=7/10: frame progress 300/1000 (30.0%)
[2026-03-21 23:55:51] eps=0 rep=4/10: frame progress 300/1000 (30.0%)
[2026-03-21 23:55:51] eps=0 rep=2/10: frame progress 300/1000 (30.0%)
[2026-03-21 23:55:52] eps=0 rep=6/10: frame progress 300/1000 (30.0%)
[2026-03-21 23:55:53] eps=3 rep=5/10: frame progress 300/1000 (30.0%)
[2026-03-21 23:55:53] eps=3 rep=6/10: frame progress 300/1000 (30.0%)
[2026-03-21 23:55:53] eps=3 rep=1/10: frame progress 300/1000 (30.0%)
[2026-03-21 23:55:54] eps=3 rep=3/10: frame progress 300/1000 (30.0%)
[2026-03-21 23:55:54] eps=3 rep=2/10: frame progress 300/1000 (30.0%)
[2026-03-21 23:55:55] eps=3 rep=7/10: frame progress 300/1000 (30.0%)
[2026-03-21 23:55:56] eps=6 rep=9/10: frame progress 300/1000 (30.0%)
[2026-03-21 23:55:57] eps=6 rep=5/10: frame progress 300/1000 (30.0%)
[2026-03-21 23:55:57] eps=6 rep=3/10: frame progress 300/1000 (30.0%)
[2026-03-21 23:55:57] eps=6 rep=1/10: frame progress 300/1000 (30.0%)
[2026-03-21 23:55:57] eps=6 rep=7/10: frame progress 300/1000 (30.0%)
[2026-03-21 23:55:57] eps=6 rep=6/10: frame progress 300/1000 (30.0%)
[2026-03-21 23:56:01] eps=6 rep=10/10: frame progress 300/1000 (30.0%)
[2026-03-21 23:56:01] eps=6 rep=8/10: frame progress 300/1000 (30.0%)
[2026-03-21 23:56:02] eps=6 rep=2/10: frame progress 300/1000 (30.0%)
[2026-03-21 23:56:02] eps=6 rep=4/10: frame progress 300/1000 (30.0%)
[2026-03-21 23:56:07] eps=9 rep=9/10: frame progress 300/1000 (30.0%)
[2026-03-21 23:56:07] eps=9 rep=10/10: frame progress 300/1000 (30.0%)
[2026-03-21 23:56:08] eps=9 rep=7/10: frame progress 300/1000 (30.0%)
[2026-03-21 23:56:08] eps=9 rep=3/10: frame progress 300/1000 (30.0%)
[2026-03-21 23:56:08] eps=9 rep=5/10: frame progress 300/1000 (30.0%)
[2026-03-21 23:56:12] eps=9 rep=8/10: frame progress 300/1000 (30.0%)
[2026-03-21 23:56:12] eps=9 rep=1/10: frame progress 300/1000 (30.0%)
[2026-03-21 23:56:13] eps=9 rep=2/10: frame progress 300/1000 (30.0%)
[2026-03-21 23:56:13] eps=9 rep=6/10: frame progress 300/1000 (30.0%)
[2026-03-21 23:56:13] eps=9 rep=4/10: frame progress 300/1000 (30.0%)
[2026-03-21 23:56:19] eps=0 rep=9/10: frame progress 400/1000 (40.0%)
[2026-03-21 23:56:19] eps=0 rep=3/10: frame progress 400/1000 (40.0%)
[2026-03-21 23:56:20] eps=0 rep=10/10: frame progress 400/1000 (40.0%)
[2026-03-21 23:56:21] eps=0 rep=8/10: frame progress 400/1000 (40.0%)
[2026-03-21 23:56:21] eps=3 rep=9/10: frame progress 400/1000 (40.0%)
[2026-03-21 23:56:21] eps=3 rep=8/10: frame progress 400/1000 (40.0%)
[2026-03-21 23:56:23] eps=3 rep=10/10: frame progress 400/1000 (40.0%)
[2026-03-21 23:56:23] eps=3 rep=4/10: frame progress 400/1000 (40.0%)
[2026-03-21 23:56:23] eps=0 rep=5/10: frame progress 400/1000 (40.0%)
[2026-03-21 23:56:24] eps=0 rep=1/10: frame progress 400/1000 (40.0%)
[2026-03-21 23:56:24] eps=0 rep=7/10: frame progress 400/1000 (40.0%)
[2026-03-21 23:56:25] eps=0 rep=4/10: frame progress 400/1000 (40.0%)
[2026-03-21 23:56:25] eps=0 rep=2/10: frame progress 400/1000 (40.0%)
[2026-03-21 23:56:25] eps=0 rep=6/10: frame progress 400/1000 (40.0%)
[2026-03-21 23:56:26] eps=12 rep=5/9: frame progress 300/1000 (30.0%)
[2026-03-21 23:56:28] eps=3 rep=5/10: frame progress 400/1000 (40.0%)
[2026-03-21 23:56:28] eps=3 rep=1/10: frame progress 400/1000 (40.0%)
[2026-03-21 23:56:28] eps=12 rep=4/9: frame progress 300/1000 (30.0%)
[2026-03-21 23:56:28] eps=3 rep=6/10: frame progress 400/1000 (40.0%)
[2026-03-21 23:56:29] eps=3 rep=3/10: frame progress 400/1000 (40.0%)
[2026-03-21 23:56:29] eps=3 rep=2/10: frame progress 400/1000 (40.0%)
[2026-03-21 23:56:30] eps=12 rep=7/9: frame progress 300/1000 (30.0%)
[2026-03-21 23:56:30] eps=3 rep=7/10: frame progress 400/1000 (40.0%)
[2026-03-21 23:56:33] eps=6 rep=9/10: frame progress 400/1000 (40.0%)
[2026-03-21 23:56:33] eps=12 rep=9/9: frame progress 300/1000 (30.0%)
[2026-03-21 23:56:34] eps=12 rep=2/9: frame progress 300/1000 (30.0%)
[2026-03-21 23:56:34] eps=6 rep=5/10: frame progress 400/1000 (40.0%)
[2026-03-21 23:56:34] eps=6 rep=3/10: frame progress 400/1000 (40.0%)
[2026-03-21 23:56:34] eps=12 rep=6/9: frame progress 300/1000 (30.0%)
[2026-03-21 23:56:34] eps=6 rep=1/10: frame progress 400/1000 (40.0%)
[2026-03-21 23:56:34] eps=6 rep=7/10: frame progress 400/1000 (40.0%)
[2026-03-21 23:56:34] eps=6 rep=6/10: frame progress 400/1000 (40.0%)
[2026-03-21 23:56:35] eps=12 rep=1/9: frame progress 300/1000 (30.0%)
[2026-03-21 23:56:35] eps=12 rep=3/9: frame progress 300/1000 (30.0%)
[2026-03-21 23:56:35] eps=12 rep=8/9: frame progress 300/1000 (30.0%)
[2026-03-21 23:56:41] eps=6 rep=8/10: frame progress 400/1000 (40.0%)
[2026-03-21 23:56:41] eps=6 rep=10/10: frame progress 400/1000 (40.0%)
[2026-03-21 23:56:41] eps=6 rep=2/10: frame progress 400/1000 (40.0%)
[2026-03-21 23:56:41] eps=6 rep=4/10: frame progress 400/1000 (40.0%)
[2026-03-21 23:56:44] eps=15 rep=1/10: frame progress 300/1000 (30.0%)
[2026-03-21 23:56:44] eps=15 rep=5/10: frame progress 300/1000 (30.0%)
[2026-03-21 23:56:45] eps=18 rep=4/10: frame progress 300/1000 (30.0%)
[2026-03-21 23:56:45] eps=18 rep=2/10: frame progress 300/1000 (30.0%)
[2026-03-21 23:56:50] eps=9 rep=9/10: frame progress 400/1000 (40.0%)
[2026-03-21 23:56:51] eps=9 rep=10/10: frame progress 400/1000 (40.0%)
[2026-03-21 23:56:51] eps=0 rep=9/10: frame progress 500/1000 (50.0%)
[2026-03-21 23:56:51] eps=9 rep=3/10: frame progress 400/1000 (40.0%)
[2026-03-21 23:56:52] eps=9 rep=5/10: frame progress 400/1000 (40.0%)
[2026-03-21 23:56:52] eps=9 rep=7/10: frame progress 400/1000 (40.0%)
[2026-03-21 23:56:52] eps=0 rep=3/10: frame progress 500/1000 (50.0%)
[2026-03-21 23:56:53] eps=0 rep=10/10: frame progress 500/1000 (50.0%)
[2026-03-21 23:56:54] eps=15 rep=6/10: frame progress 300/1000 (30.0%)
[2026-03-21 23:56:54] eps=0 rep=8/10: frame progress 500/1000 (50.0%)
[2026-03-21 23:56:54] eps=15 rep=3/10: frame progress 300/1000 (30.0%)
[2026-03-21 23:56:54] eps=15 rep=4/10: frame progress 300/1000 (30.0%)
[2026-03-21 23:56:54] eps=15 rep=8/10: frame progress 300/1000 (30.0%)
[2026-03-21 23:56:54] eps=15 rep=7/10: frame progress 300/1000 (30.0%)
[2026-03-21 23:56:55] eps=18 rep=5/10: frame progress 300/1000 (30.0%)
[2026-03-21 23:56:55] eps=15 rep=10/10: frame progress 300/1000 (30.0%)
[2026-03-21 23:56:56] eps=3 rep=9/10: frame progress 500/1000 (50.0%)
[2026-03-21 23:56:56] eps=15 rep=2/10: frame progress 300/1000 (30.0%)
[2026-03-21 23:56:56] eps=3 rep=8/10: frame progress 500/1000 (50.0%)
[2026-03-21 23:56:56] eps=15 rep=9/10: frame progress 300/1000 (30.0%)
[2026-03-21 23:56:56] eps=18 rep=3/10: frame progress 300/1000 (30.0%)
[2026-03-21 23:56:57] eps=18 rep=1/10: frame progress 300/1000 (30.0%)
[2026-03-21 23:56:57] eps=3 rep=10/10: frame progress 500/1000 (50.0%)
[2026-03-21 23:56:57] eps=3 rep=4/10: frame progress 500/1000 (50.0%)
[2026-03-21 23:56:58] eps=0 rep=5/10: frame progress 500/1000 (50.0%)
[2026-03-21 23:56:58] eps=0 rep=1/10: frame progress 500/1000 (50.0%)
[2026-03-21 23:56:58] eps=0 rep=7/10: frame progress 500/1000 (50.0%)
[2026-03-21 23:56:59] eps=9 rep=8/10: frame progress 400/1000 (40.0%)
[2026-03-21 23:56:59] eps=9 rep=1/10: frame progress 400/1000 (40.0%)
[2026-03-21 23:56:59] eps=0 rep=4/10: frame progress 500/1000 (50.0%)
[2026-03-21 23:56:59] eps=9 rep=2/10: frame progress 400/1000 (40.0%)
[2026-03-21 23:56:59] eps=9 rep=4/10: frame progress 400/1000 (40.0%)
[2026-03-21 23:57:00] eps=0 rep=2/10: frame progress 500/1000 (50.0%)
[2026-03-21 23:57:00] eps=0 rep=6/10: frame progress 500/1000 (50.0%)
[2026-03-21 23:57:00] eps=9 rep=6/10: frame progress 400/1000 (40.0%)
[2026-03-21 23:57:04] eps=3 rep=1/10: frame progress 500/1000 (50.0%)
[2026-03-21 23:57:04] eps=3 rep=6/10: frame progress 500/1000 (50.0%)
[2026-03-21 23:57:04] eps=3 rep=5/10: frame progress 500/1000 (50.0%)
[2026-03-21 23:57:05] eps=3 rep=3/10: frame progress 500/1000 (50.0%)
[2026-03-21 23:57:05] eps=3 rep=2/10: frame progress 500/1000 (50.0%)
[2026-03-21 23:57:07] eps=3 rep=7/10: frame progress 500/1000 (50.0%)
[2026-03-21 23:57:13] eps=6 rep=9/10: frame progress 500/1000 (50.0%)
[2026-03-21 23:57:14] eps=6 rep=5/10: frame progress 500/1000 (50.0%)
[2026-03-21 23:57:14] eps=6 rep=3/10: frame progress 500/1000 (50.0%)
[2026-03-21 23:57:14] eps=6 rep=7/10: frame progress 500/1000 (50.0%)
[2026-03-21 23:57:14] eps=6 rep=6/10: frame progress 500/1000 (50.0%)
[2026-03-21 23:57:14] eps=6 rep=1/10: frame progress 500/1000 (50.0%)
[2026-03-21 23:57:20] eps=12 rep=5/9: frame progress 400/1000 (40.0%)
[2026-03-21 23:57:22] eps=12 rep=4/9: frame progress 400/1000 (40.0%)
[2026-03-21 23:57:23] eps=6 rep=10/10: frame progress 500/1000 (50.0%)
[2026-03-21 23:57:23] eps=6 rep=8/10: frame progress 500/1000 (50.0%)
[2026-03-21 23:57:23] eps=12 rep=7/9: frame progress 400/1000 (40.0%)
[2026-03-21 23:57:24] eps=6 rep=2/10: frame progress 500/1000 (50.0%)
[2026-03-21 23:57:24] eps=6 rep=4/10: frame progress 500/1000 (50.0%)
[2026-03-21 23:57:25] eps=0 rep=9/10: frame progress 600/1000 (60.0%)
[2026-03-21 23:57:26] eps=0 rep=3/10: frame progress 600/1000 (60.0%)
[2026-03-21 23:57:27] eps=0 rep=10/10: frame progress 600/1000 (60.0%)
[2026-03-21 23:57:28] eps=0 rep=8/10: frame progress 600/1000 (60.0%)
[2026-03-21 23:57:31] eps=3 rep=9/10: frame progress 600/1000 (60.0%)
[2026-03-21 23:57:31] eps=3 rep=8/10: frame progress 600/1000 (60.0%)
[2026-03-21 23:57:32] eps=12 rep=9/9: frame progress 400/1000 (40.0%)
[2026-03-21 23:57:32] eps=12 rep=6/9: frame progress 400/1000 (40.0%)
[2026-03-21 23:57:32] eps=12 rep=2/9: frame progress 400/1000 (40.0%)
[2026-03-21 23:57:33] eps=3 rep=10/10: frame progress 600/1000 (60.0%)
[2026-03-21 23:57:33] eps=12 rep=1/9: frame progress 400/1000 (40.0%)
[2026-03-21 23:57:33] eps=0 rep=5/10: frame progress 600/1000 (60.0%)
[2026-03-21 23:57:33] eps=3 rep=4/10: frame progress 600/1000 (60.0%)
[2026-03-21 23:57:34] eps=12 rep=3/9: frame progress 400/1000 (40.0%)
[2026-03-21 23:57:34] eps=0 rep=1/10: frame progress 600/1000 (60.0%)
[2026-03-21 23:57:34] eps=0 rep=7/10: frame progress 600/1000 (60.0%)
[2026-03-21 23:57:34] eps=12 rep=8/9: frame progress 400/1000 (40.0%)
[2026-03-21 23:57:35] eps=0 rep=4/10: frame progress 600/1000 (60.0%)
[2026-03-21 23:57:35] eps=0 rep=6/10: frame progress 600/1000 (60.0%)
[2026-03-21 23:57:35] eps=0 rep=2/10: frame progress 600/1000 (60.0%)
[2026-03-21 23:57:38] eps=9 rep=9/10: frame progress 500/1000 (50.0%)
[2026-03-21 23:57:39] eps=9 rep=10/10: frame progress 500/1000 (50.0%)
[2026-03-21 23:57:39] eps=9 rep=3/10: frame progress 500/1000 (50.0%)
[2026-03-21 23:57:39] eps=9 rep=5/10: frame progress 500/1000 (50.0%)
[2026-03-21 23:57:39] eps=9 rep=7/10: frame progress 500/1000 (50.0%)
[2026-03-21 23:57:42] eps=3 rep=1/10: frame progress 600/1000 (60.0%)
[2026-03-21 23:57:42] eps=3 rep=6/10: frame progress 600/1000 (60.0%)
[2026-03-21 23:57:42] eps=3 rep=5/10: frame progress 600/1000 (60.0%)
[2026-03-21 23:57:43] eps=3 rep=3/10: frame progress 600/1000 (60.0%)
[2026-03-21 23:57:44] eps=3 rep=2/10: frame progress 600/1000 (60.0%)
[2026-03-21 23:57:45] eps=3 rep=7/10: frame progress 600/1000 (60.0%)
[2026-03-21 23:57:50] eps=9 rep=8/10: frame progress 500/1000 (50.0%)
[2026-03-21 23:57:50] eps=9 rep=4/10: frame progress 500/1000 (50.0%)
[2026-03-21 23:57:50] eps=9 rep=2/10: frame progress 500/1000 (50.0%)
[2026-03-21 23:57:50] eps=9 rep=1/10: frame progress 500/1000 (50.0%)
[2026-03-21 23:57:52] eps=9 rep=6/10: frame progress 500/1000 (50.0%)
[2026-03-21 23:57:55] eps=6 rep=9/10: frame progress 600/1000 (60.0%)
[2026-03-21 23:57:56] eps=6 rep=5/10: frame progress 600/1000 (60.0%)
[2026-03-21 23:57:56] eps=6 rep=3/10: frame progress 600/1000 (60.0%)
[2026-03-21 23:57:56] eps=6 rep=6/10: frame progress 600/1000 (60.0%)
[2026-03-21 23:57:57] eps=6 rep=1/10: frame progress 600/1000 (60.0%)
[2026-03-21 23:57:57] eps=6 rep=7/10: frame progress 600/1000 (60.0%)
[2026-03-21 23:57:57] eps=15 rep=5/10: frame progress 400/1000 (40.0%)
[2026-03-21 23:57:57] eps=15 rep=1/10: frame progress 400/1000 (40.0%)
[2026-03-21 23:58:00] eps=0 rep=9/10: frame progress 700/1000 (70.0%)
[2026-03-21 23:58:01] eps=0 rep=3/10: frame progress 700/1000 (70.0%)
[2026-03-21 23:58:01] eps=18 rep=4/10: frame progress 400/1000 (40.0%)
[2026-03-21 23:58:01] eps=18 rep=2/10: frame progress 400/1000 (40.0%)
[2026-03-21 23:58:02] eps=0 rep=10/10: frame progress 700/1000 (70.0%)
[2026-03-21 23:58:04] eps=0 rep=8/10: frame progress 700/1000 (70.0%)
[2026-03-21 23:58:08] eps=6 rep=10/10: frame progress 600/1000 (60.0%)
[2026-03-21 23:58:08] eps=6 rep=8/10: frame progress 600/1000 (60.0%)
[2026-03-21 23:58:09] eps=6 rep=2/10: frame progress 600/1000 (60.0%)
[2026-03-21 23:58:09] eps=3 rep=8/10: frame progress 700/1000 (70.0%)
[2026-03-21 23:58:09] eps=3 rep=9/10: frame progress 700/1000 (70.0%)
[2026-03-21 23:58:09] eps=6 rep=4/10: frame progress 600/1000 (60.0%)
[2026-03-21 23:58:10] eps=0 rep=5/10: frame progress 700/1000 (70.0%)
[2026-03-21 23:58:10] eps=3 rep=10/10: frame progress 700/1000 (70.0%)
[2026-03-21 23:58:10] eps=0 rep=1/10: frame progress 700/1000 (70.0%)
[2026-03-21 23:58:11] eps=0 rep=7/10: frame progress 700/1000 (70.0%)
[2026-03-21 23:58:11] eps=3 rep=4/10: frame progress 700/1000 (70.0%)
[2026-03-21 23:58:12] eps=0 rep=4/10: frame progress 700/1000 (70.0%)
[2026-03-21 23:58:12] eps=0 rep=6/10: frame progress 700/1000 (70.0%)
[2026-03-21 23:58:12] eps=0 rep=2/10: frame progress 700/1000 (70.0%)
[2026-03-21 23:58:14] eps=15 rep=6/10: frame progress 400/1000 (40.0%)
[2026-03-21 23:58:14] eps=15 rep=3/10: frame progress 400/1000 (40.0%)
[2026-03-21 23:58:14] eps=15 rep=8/10: frame progress 400/1000 (40.0%)
[2026-03-21 23:58:14] eps=15 rep=4/10: frame progress 400/1000 (40.0%)
[2026-03-21 23:58:15] eps=15 rep=7/10: frame progress 400/1000 (40.0%)
[2026-03-21 23:58:16] eps=15 rep=10/10: frame progress 400/1000 (40.0%)
[2026-03-21 23:58:17] eps=15 rep=2/10: frame progress 400/1000 (40.0%)
[2026-03-21 23:58:17] eps=15 rep=9/10: frame progress 400/1000 (40.0%)
[2026-03-21 23:58:17] eps=18 rep=5/10: frame progress 400/1000 (40.0%)
[2026-03-21 23:58:19] eps=12 rep=5/9: frame progress 500/1000 (50.0%)
[2026-03-21 23:58:19] eps=18 rep=1/10: frame progress 400/1000 (40.0%)
[2026-03-21 23:58:19] eps=18 rep=3/10: frame progress 400/1000 (40.0%)
[2026-03-21 23:58:20] eps=12 rep=4/9: frame progress 500/1000 (50.0%)
[2026-03-21 23:58:21] eps=3 rep=1/10: frame progress 700/1000 (70.0%)
[2026-03-21 23:58:21] eps=3 rep=6/10: frame progress 700/1000 (70.0%)
[2026-03-21 23:58:22] eps=12 rep=7/9: frame progress 500/1000 (50.0%)
[2026-03-21 23:58:22] eps=3 rep=5/10: frame progress 700/1000 (70.0%)
[2026-03-21 23:58:22] eps=3 rep=3/10: frame progress 700/1000 (70.0%)
[2026-03-21 23:58:23] eps=3 rep=2/10: frame progress 700/1000 (70.0%)
[2026-03-21 23:58:25] eps=3 rep=7/10: frame progress 700/1000 (70.0%)
[2026-03-21 23:58:29] eps=9 rep=9/10: frame progress 600/1000 (60.0%)
[2026-03-21 23:58:30] eps=9 rep=10/10: frame progress 600/1000 (60.0%)
[2026-03-21 23:58:31] eps=9 rep=5/10: frame progress 600/1000 (60.0%)
[2026-03-21 23:58:31] eps=9 rep=3/10: frame progress 600/1000 (60.0%)
[2026-03-21 23:58:31] eps=9 rep=7/10: frame progress 600/1000 (60.0%)
[2026-03-21 23:58:34] eps=12 rep=9/9: frame progress 500/1000 (50.0%)
[2026-03-21 23:58:35] eps=12 rep=6/9: frame progress 500/1000 (50.0%)
[2026-03-21 23:58:35] eps=12 rep=2/9: frame progress 500/1000 (50.0%)
[2026-03-21 23:58:36] eps=0 rep=9/10: frame progress 800/1000 (80.0%)
[2026-03-21 23:58:36] eps=12 rep=1/9: frame progress 500/1000 (50.0%)
[2026-03-21 23:58:36] eps=0 rep=3/10: frame progress 800/1000 (80.0%)
[2026-03-21 23:58:37] eps=12 rep=3/9: frame progress 500/1000 (50.0%)
[2026-03-21 23:58:38] eps=12 rep=8/9: frame progress 500/1000 (50.0%)
[2026-03-21 23:58:38] eps=0 rep=10/10: frame progress 800/1000 (80.0%)
[2026-03-21 23:58:40] eps=6 rep=9/10: frame progress 700/1000 (70.0%)
[2026-03-21 23:58:40] eps=0 rep=8/10: frame progress 800/1000 (80.0%)
[2026-03-21 23:58:41] eps=6 rep=5/10: frame progress 700/1000 (70.0%)
[2026-03-21 23:58:41] eps=6 rep=3/10: frame progress 700/1000 (70.0%)
[2026-03-21 23:58:41] eps=6 rep=6/10: frame progress 700/1000 (70.0%)
[2026-03-21 23:58:41] eps=6 rep=7/10: frame progress 700/1000 (70.0%)
[2026-03-21 23:58:41] eps=6 rep=1/10: frame progress 700/1000 (70.0%)
[2026-03-21 23:58:45] eps=9 rep=8/10: frame progress 600/1000 (60.0%)
[2026-03-21 23:58:46] eps=9 rep=2/10: frame progress 600/1000 (60.0%)
[2026-03-21 23:58:46] eps=9 rep=4/10: frame progress 600/1000 (60.0%)
[2026-03-21 23:58:46] eps=9 rep=1/10: frame progress 600/1000 (60.0%)
[2026-03-21 23:58:47] eps=0 rep=5/10: frame progress 800/1000 (80.0%)
[2026-03-21 23:58:47] eps=3 rep=8/10: frame progress 800/1000 (80.0%)
[2026-03-21 23:58:48] eps=3 rep=9/10: frame progress 800/1000 (80.0%)
[2026-03-21 23:58:48] eps=0 rep=1/10: frame progress 800/1000 (80.0%)
[2026-03-21 23:58:49] eps=3 rep=10/10: frame progress 800/1000 (80.0%)
[2026-03-21 23:58:49] eps=0 rep=7/10: frame progress 800/1000 (80.0%)
[2026-03-21 23:58:49] eps=9 rep=6/10: frame progress 600/1000 (60.0%)
[2026-03-21 23:58:50] eps=0 rep=4/10: frame progress 800/1000 (80.0%)
[2026-03-21 23:58:50] eps=3 rep=4/10: frame progress 800/1000 (80.0%)
[2026-03-21 23:58:50] eps=0 rep=6/10: frame progress 800/1000 (80.0%)
[2026-03-21 23:58:50] eps=0 rep=2/10: frame progress 800/1000 (80.0%)
[2026-03-21 23:58:56] eps=6 rep=10/10: frame progress 700/1000 (70.0%)
[2026-03-21 23:58:56] eps=6 rep=8/10: frame progress 700/1000 (70.0%)
[2026-03-21 23:58:57] eps=6 rep=2/10: frame progress 700/1000 (70.0%)
[2026-03-21 23:58:57] eps=6 rep=4/10: frame progress 700/1000 (70.0%)
[2026-03-21 23:59:02] eps=3 rep=1/10: frame progress 800/1000 (80.0%)
[2026-03-21 23:59:02] eps=3 rep=6/10: frame progress 800/1000 (80.0%)
[2026-03-21 23:59:03] eps=3 rep=5/10: frame progress 800/1000 (80.0%)
[2026-03-21 23:59:03] eps=3 rep=3/10: frame progress 800/1000 (80.0%)
[2026-03-21 23:59:04] eps=3 rep=2/10: frame progress 800/1000 (80.0%)
[2026-03-21 23:59:06] eps=3 rep=7/10: frame progress 800/1000 (80.0%)
[2026-03-21 23:59:13] eps=0 rep=9/10: frame progress 900/1000 (90.0%)
[2026-03-21 23:59:14] eps=0 rep=3/10: frame progress 900/1000 (90.0%)
[2026-03-21 23:59:15] eps=0 rep=10/10: frame progress 900/1000 (90.0%)
[2026-03-21 23:59:18] eps=0 rep=8/10: frame progress 900/1000 (90.0%)
[2026-03-21 23:59:21] eps=12 rep=5/9: frame progress 600/1000 (60.0%)
[2026-03-21 23:59:22] eps=12 rep=4/9: frame progress 600/1000 (60.0%)
[2026-03-21 23:59:23] eps=15 rep=5/10: frame progress 500/1000 (50.0%)
[2026-03-21 23:59:24] eps=12 rep=7/9: frame progress 600/1000 (60.0%)
[2026-03-21 23:59:24] eps=15 rep=1/10: frame progress 500/1000 (50.0%)
[2026-03-21 23:59:24] eps=9 rep=9/10: frame progress 700/1000 (70.0%)
[2026-03-21 23:59:26] eps=0 rep=5/10: frame progress 900/1000 (90.0%)
[2026-03-21 23:59:26] eps=9 rep=5/10: frame progress 700/1000 (70.0%)
[2026-03-21 23:59:27] eps=9 rep=10/10: frame progress 700/1000 (70.0%)
[2026-03-21 23:59:27] eps=9 rep=3/10: frame progress 700/1000 (70.0%)
[2026-03-21 23:59:27] eps=9 rep=7/10: frame progress 700/1000 (70.0%)
[2026-03-21 23:59:28] eps=3 rep=9/10: frame progress 900/1000 (90.0%)
[2026-03-21 23:59:28] eps=3 rep=8/10: frame progress 900/1000 (90.0%)
[2026-03-21 23:59:28] eps=0 rep=1/10: frame progress 900/1000 (90.0%)
[2026-03-21 23:59:28] eps=6 rep=9/10: frame progress 800/1000 (80.0%)
[2026-03-21 23:59:28] eps=0 rep=7/10: frame progress 900/1000 (90.0%)
[2026-03-21 23:59:28] eps=6 rep=3/10: frame progress 800/1000 (80.0%)
[2026-03-21 23:59:28] eps=6 rep=5/10: frame progress 800/1000 (80.0%)
[2026-03-21 23:59:29] eps=3 rep=10/10: frame progress 900/1000 (90.0%)
[2026-03-21 23:59:29] eps=6 rep=1/10: frame progress 800/1000 (80.0%)
[2026-03-21 23:59:29] eps=0 rep=4/10: frame progress 900/1000 (90.0%)
[2026-03-21 23:59:29] eps=6 rep=7/10: frame progress 800/1000 (80.0%)
[2026-03-21 23:59:29] eps=6 rep=6/10: frame progress 800/1000 (80.0%)
[2026-03-21 23:59:30] eps=0 rep=2/10: frame progress 900/1000 (90.0%)
[2026-03-21 23:59:30] eps=3 rep=4/10: frame progress 900/1000 (90.0%)
[2026-03-21 23:59:30] eps=0 rep=6/10: frame progress 900/1000 (90.0%)
[2026-03-21 23:59:30] eps=18 rep=4/10: frame progress 500/1000 (50.0%)
[2026-03-21 23:59:31] eps=18 rep=2/10: frame progress 500/1000 (50.0%)
[2026-03-21 23:59:41] eps=12 rep=9/9: frame progress 600/1000 (60.0%)
[2026-03-21 23:59:42] eps=12 rep=6/9: frame progress 600/1000 (60.0%)
[2026-03-21 23:59:42] eps=12 rep=2/9: frame progress 600/1000 (60.0%)
[2026-03-21 23:59:43] eps=12 rep=1/9: frame progress 600/1000 (60.0%)
[2026-03-21 23:59:44] eps=3 rep=1/10: frame progress 900/1000 (90.0%)
[2026-03-21 23:59:44] eps=3 rep=6/10: frame progress 900/1000 (90.0%)
[2026-03-21 23:59:45] eps=12 rep=3/9: frame progress 600/1000 (60.0%)
[2026-03-21 23:59:45] eps=3 rep=5/10: frame progress 900/1000 (90.0%)
[2026-03-21 23:59:46] eps=12 rep=8/9: frame progress 600/1000 (60.0%)
[2026-03-21 23:59:46] eps=3 rep=3/10: frame progress 900/1000 (90.0%)
[2026-03-21 23:59:46] eps=9 rep=8/10: frame progress 700/1000 (70.0%)
[2026-03-21 23:59:46] eps=9 rep=2/10: frame progress 700/1000 (70.0%)
[2026-03-21 23:59:46] eps=9 rep=4/10: frame progress 700/1000 (70.0%)
[2026-03-21 23:59:47] eps=3 rep=2/10: frame progress 900/1000 (90.0%)
[2026-03-21 23:59:47] eps=9 rep=1/10: frame progress 700/1000 (70.0%)
[2026-03-21 23:59:47] eps=6 rep=10/10: frame progress 800/1000 (80.0%)
[2026-03-21 23:59:48] eps=6 rep=8/10: frame progress 800/1000 (80.0%)
[2026-03-21 23:59:48] eps=15 rep=8/10: frame progress 500/1000 (50.0%)
[2026-03-21 23:59:48] eps=6 rep=4/10: frame progress 800/1000 (80.0%)
[2026-03-21 23:59:49] eps=6 rep=2/10: frame progress 800/1000 (80.0%)
[2026-03-21 23:59:49] eps=3 rep=7/10: frame progress 900/1000 (90.0%)
[2026-03-21 23:59:49] eps=15 rep=6/10: frame progress 500/1000 (50.0%)
[2026-03-21 23:59:49] eps=15 rep=4/10: frame progress 500/1000 (50.0%)
[2026-03-21 23:59:50] eps=15 rep=3/10: frame progress 500/1000 (50.0%)
[2026-03-21 23:59:50] eps=15 rep=7/10: frame progress 500/1000 (50.0%)
[2026-03-21 23:59:50] eps=9 rep=6/10: frame progress 700/1000 (70.0%)
[2026-03-21 23:59:51] eps=15 rep=10/10: frame progress 500/1000 (50.0%)
[2026-03-21 23:59:51] eps=0 rep=9/10: frame progress 1000/1000 (100.0%)
[2026-03-21 23:59:52] eps=15 rep=9/10: frame progress 500/1000 (50.0%)
[2026-03-21 23:59:52] eps=0 rep=3/10: frame progress 1000/1000 (100.0%)
[2026-03-21 23:59:52] eps=15 rep=2/10: frame progress 500/1000 (50.0%)
[2026-03-21 23:59:54] eps=0 rep=10/10: frame progress 1000/1000 (100.0%)
[2026-03-21 23:59:55] eps=18 rep=5/10: frame progress 500/1000 (50.0%)
[2026-03-21 23:59:57] eps=18 rep=1/10: frame progress 500/1000 (50.0%)
[2026-03-21 23:59:57] eps=18 rep=3/10: frame progress 500/1000 (50.0%)
[2026-03-21 23:59:58] eps=0 rep=8/10: frame progress 1000/1000 (100.0%)
[2026-03-22 00:00:02] eps=0 rep=9/10: done
[2026-03-22 00:00:02] eps=18 rep=6/10: start (eps_18/rep_010/trajectory.gsd)
[2026-03-22 00:00:02] eps=0 rep=3/10: done
[2026-03-22 00:00:02] eps=18 rep=7/10: start (eps_18/rep_009/trajectory.gsd)
[2026-03-22 00:00:05] eps=0 rep=10/10: done
[2026-03-22 00:00:05] eps=18 rep=8/10: start (eps_18/rep_008/trajectory.gsd)
[2026-03-22 00:00:06] eps=0 rep=5/10: frame progress 1000/1000 (100.0%)
[2026-03-22 00:00:08] eps=0 rep=1/10: frame progress 1000/1000 (100.0%)
[2026-03-22 00:00:08] eps=0 rep=7/10: frame progress 1000/1000 (100.0%)
[2026-03-22 00:00:08] eps=0 rep=8/10: done
[2026-03-22 00:00:08] eps=18 rep=9/10: start (eps_18/rep_002/trajectory.gsd)
[2026-03-22 00:00:09] eps=3 rep=8/10: frame progress 1000/1000 (100.0%)
[2026-03-22 00:00:09] eps=3 rep=9/10: frame progress 1000/1000 (100.0%)
[2026-03-22 00:00:10] eps=0 rep=4/10: frame progress 1000/1000 (100.0%)
[2026-03-22 00:00:10] eps=3 rep=10/10: frame progress 1000/1000 (100.0%)
[2026-03-22 00:00:10] eps=0 rep=6/10: frame progress 1000/1000 (100.0%)
[2026-03-22 00:00:11] eps=0 rep=2/10: frame progress 1000/1000 (100.0%)
[2026-03-22 00:00:11] eps=3 rep=4/10: frame progress 1000/1000 (100.0%)
[2026-03-22 00:00:18] eps=6 rep=9/10: frame progress 900/1000 (90.0%)
[2026-03-22 00:00:19] eps=6 rep=5/10: frame progress 900/1000 (90.0%)
[2026-03-22 00:00:19] eps=6 rep=1/10: frame progress 900/1000 (90.0%)
[2026-03-22 00:00:19] eps=6 rep=3/10: frame progress 900/1000 (90.0%)
[2026-03-22 00:00:20] eps=6 rep=7/10: frame progress 900/1000 (90.0%)
[2026-03-22 00:00:20] eps=6 rep=6/10: frame progress 900/1000 (90.0%)
[2026-03-22 00:00:24] eps=9 rep=9/10: frame progress 800/1000 (80.0%)
[2026-03-22 00:00:25] eps=0 rep=5/10: done
[2026-03-22 00:00:25] eps=18 rep=10/10: start (eps_18/rep_001/trajectory.gsd)
[2026-03-22 00:00:27] eps=0 rep=1/10: done
[2026-03-22 00:00:27] eps=0 rep=7/10: done
[2026-03-22 00:00:28] eps=3 rep=6/10: frame progress 1000/1000 (100.0%)
[2026-03-22 00:00:28] eps=9 rep=3/10: frame progress 800/1000 (80.0%)
[2026-03-22 00:00:28] eps=9 rep=10/10: frame progress 800/1000 (80.0%)
[2026-03-22 00:00:28] eps=9 rep=7/10: frame progress 800/1000 (80.0%)
[2026-03-22 00:00:28] eps=9 rep=5/10: frame progress 800/1000 (80.0%)
[2026-03-22 00:00:28] eps=3 rep=8/10: done
[2026-03-22 00:00:28] eps=3 rep=9/10: done
[2026-03-22 00:00:29] eps=0 rep=4/10: done
[2026-03-22 00:00:29] eps=3 rep=1/10: frame progress 1000/1000 (100.0%)
[2026-03-22 00:00:29] eps=0 rep=6/10: done
[2026-03-22 00:00:29] eps=3 rep=10/10: done
[2026-03-22 00:00:29] eps=12 rep=5/9: frame progress 700/1000 (70.0%)
[2026-03-22 00:00:29] eps=0 rep=2/10: done
[2026-03-22 00:00:29] eps=3 rep=3/10: frame progress 1000/1000 (100.0%)
[2026-03-22 00:00:29] eps=3 rep=5/10: frame progress 1000/1000 (100.0%)
[2026-03-22 00:00:30] eps=3 rep=4/10: done
[2026-03-22 00:00:30] eps=12 rep=7/9: frame progress 700/1000 (70.0%)
[2026-03-22 00:00:31] eps=12 rep=4/9: frame progress 700/1000 (70.0%)
[2026-03-22 00:00:31] eps=3 rep=2/10: frame progress 1000/1000 (100.0%)
[2026-03-22 00:00:33] eps=3 rep=7/10: frame progress 1000/1000 (100.0%)
[2026-03-22 00:00:39] eps=3 rep=6/10: done
[2026-03-22 00:00:39] eps=18 rep=7/10: frame progress 100/1000 (10.0%)
[2026-03-22 00:00:40] eps=18 rep=6/10: frame progress 100/1000 (10.0%)
[2026-03-22 00:00:40] eps=3 rep=1/10: done
[2026-03-22 00:00:40] eps=3 rep=3/10: done
[2026-03-22 00:00:41] eps=3 rep=5/10: done
[2026-03-22 00:00:41] eps=6 rep=4/10: frame progress 900/1000 (90.0%)
[2026-03-22 00:00:41] eps=6 rep=10/10: frame progress 900/1000 (90.0%)
[2026-03-22 00:00:41] eps=6 rep=8/10: frame progress 900/1000 (90.0%)
[2026-03-22 00:00:42] eps=18 rep=8/10: frame progress 100/1000 (10.0%)
[2026-03-22 00:00:42] eps=6 rep=2/10: frame progress 900/1000 (90.0%)
[2026-03-22 00:00:43] eps=3 rep=2/10: done
[2026-03-22 00:00:44] eps=3 rep=7/10: done
[2026-03-22 00:00:45] eps=18 rep=9/10: frame progress 100/1000 (10.0%)
[2026-03-22 00:00:50] eps=9 rep=4/10: frame progress 800/1000 (80.0%)
[2026-03-22 00:00:50] eps=9 rep=8/10: frame progress 800/1000 (80.0%)
[2026-03-22 00:00:50] eps=9 rep=2/10: frame progress 800/1000 (80.0%)
[2026-03-22 00:00:50] eps=9 rep=1/10: frame progress 800/1000 (80.0%)
[2026-03-22 00:00:51] eps=12 rep=9/9: frame progress 700/1000 (70.0%)
[2026-03-22 00:00:52] eps=12 rep=6/9: frame progress 700/1000 (70.0%)
[2026-03-22 00:00:53] eps=12 rep=2/9: frame progress 700/1000 (70.0%)
[2026-03-22 00:00:54] eps=12 rep=1/9: frame progress 700/1000 (70.0%)
[2026-03-22 00:00:55] eps=9 rep=6/10: frame progress 800/1000 (80.0%)
[2026-03-22 00:00:56] eps=12 rep=8/9: frame progress 700/1000 (70.0%)
[2026-03-22 00:00:57] eps=12 rep=3/9: frame progress 700/1000 (70.0%)
[2026-03-22 00:01:01] eps=18 rep=10/10: frame progress 100/1000 (10.0%)
[2026-03-22 00:01:02] eps=15 rep=5/10: frame progress 600/1000 (60.0%)
[2026-03-22 00:01:04] eps=15 rep=1/10: frame progress 600/1000 (60.0%)
[2026-03-22 00:01:13] eps=6 rep=7/10: frame progress 1000/1000 (100.0%)
[2026-03-22 00:01:13] eps=6 rep=5/10: frame progress 1000/1000 (100.0%)
[2026-03-22 00:01:13] eps=6 rep=1/10: frame progress 1000/1000 (100.0%)
[2026-03-22 00:01:13] eps=6 rep=3/10: frame progress 1000/1000 (100.0%)
[2026-03-22 00:01:13] eps=6 rep=9/10: frame progress 1000/1000 (100.0%)
[2026-03-22 00:01:14] eps=6 rep=6/10: frame progress 1000/1000 (100.0%)
[2026-03-22 00:01:15] eps=18 rep=4/10: frame progress 600/1000 (60.0%)
[2026-03-22 00:01:18] eps=18 rep=2/10: frame progress 600/1000 (60.0%)
[2026-03-22 00:01:24] eps=6 rep=7/10: done
[2026-03-22 00:01:24] eps=6 rep=3/10: done
[2026-03-22 00:01:24] eps=6 rep=5/10: done
[2026-03-22 00:01:24] eps=6 rep=1/10: done
[2026-03-22 00:01:24] eps=6 rep=9/10: done
[2026-03-22 00:01:25] eps=6 rep=6/10: done
[2026-03-22 00:01:29] eps=18 rep=6/10: frame progress 200/1000 (20.0%)
[2026-03-22 00:01:30] eps=18 rep=7/10: frame progress 200/1000 (20.0%)
[2026-03-22 00:01:31] eps=18 rep=8/10: frame progress 200/1000 (20.0%)
[2026-03-22 00:01:31] eps=9 rep=9/10: frame progress 900/1000 (90.0%)
[2026-03-22 00:01:31] eps=9 rep=3/10: frame progress 900/1000 (90.0%)
[2026-03-22 00:01:32] eps=9 rep=10/10: frame progress 900/1000 (90.0%)
[2026-03-22 00:01:32] eps=9 rep=7/10: frame progress 900/1000 (90.0%)
[2026-03-22 00:01:32] eps=15 rep=8/10: frame progress 600/1000 (60.0%)
[2026-03-22 00:01:32] eps=9 rep=5/10: frame progress 900/1000 (90.0%)
[2026-03-22 00:01:34] eps=15 rep=4/10: frame progress 600/1000 (60.0%)
[2026-03-22 00:01:34] eps=18 rep=9/10: frame progress 200/1000 (20.0%)
[2026-03-22 00:01:34] eps=15 rep=3/10: frame progress 600/1000 (60.0%)
[2026-03-22 00:01:34] eps=15 rep=7/10: frame progress 600/1000 (60.0%)
[2026-03-22 00:01:34] eps=6 rep=10/10: frame progress 1000/1000 (100.0%)
[2026-03-22 00:01:35] eps=6 rep=8/10: frame progress 1000/1000 (100.0%)
[2026-03-22 00:01:35] eps=6 rep=4/10: frame progress 1000/1000 (100.0%)
[2026-03-22 00:01:36] eps=15 rep=10/10: frame progress 600/1000 (60.0%)
[2026-03-22 00:01:36] eps=15 rep=9/10: frame progress 600/1000 (60.0%)
[2026-03-22 00:01:37] eps=15 rep=2/10: frame progress 600/1000 (60.0%)
[2026-03-22 00:01:37] eps=15 rep=6/10: frame progress 600/1000 (60.0%)
[2026-03-22 00:01:38] eps=6 rep=2/10: frame progress 1000/1000 (100.0%)
[2026-03-22 00:01:39] eps=12 rep=5/9: frame progress 800/1000 (80.0%)
[2026-03-22 00:01:39] eps=12 rep=4/9: frame progress 800/1000 (80.0%)
[2026-03-22 00:01:40] eps=12 rep=7/9: frame progress 800/1000 (80.0%)
[2026-03-22 00:01:43] eps=18 rep=5/10: frame progress 600/1000 (60.0%)
[2026-03-22 00:01:45] eps=18 rep=3/10: frame progress 600/1000 (60.0%)
[2026-03-22 00:01:45] eps=18 rep=1/10: frame progress 600/1000 (60.0%)
[2026-03-22 00:01:45] eps=6 rep=10/10: done
[2026-03-22 00:01:46] eps=6 rep=8/10: done
[2026-03-22 00:01:46] eps=6 rep=4/10: done
[2026-03-22 00:01:48] eps=6 rep=2/10: done
[2026-03-22 00:01:50] eps=18 rep=10/10: frame progress 200/1000 (20.0%)
[2026-03-22 00:01:55] eps=9 rep=2/10: frame progress 900/1000 (90.0%)
[2026-03-22 00:01:55] eps=9 rep=4/10: frame progress 900/1000 (90.0%)
[2026-03-22 00:01:55] eps=9 rep=8/10: frame progress 900/1000 (90.0%)
[2026-03-22 00:01:56] eps=9 rep=1/10: frame progress 900/1000 (90.0%)
[2026-03-22 00:02:01] eps=9 rep=6/10: frame progress 900/1000 (90.0%)
[2026-03-22 00:02:02] eps=12 rep=9/9: frame progress 800/1000 (80.0%)
[2026-03-22 00:02:03] eps=12 rep=6/9: frame progress 800/1000 (80.0%)
[2026-03-22 00:02:04] eps=12 rep=2/9: frame progress 800/1000 (80.0%)
[2026-03-22 00:02:05] eps=12 rep=1/9: frame progress 800/1000 (80.0%)
[2026-03-22 00:02:08] eps=12 rep=8/9: frame progress 800/1000 (80.0%)
[2026-03-22 00:02:08] eps=12 rep=3/9: frame progress 800/1000 (80.0%)
[2026-03-22 00:02:31] eps=18 rep=6/10: frame progress 300/1000 (30.0%)
[2026-03-22 00:02:33] eps=18 rep=8/10: frame progress 300/1000 (30.0%)
[2026-03-22 00:02:33] eps=18 rep=7/10: frame progress 300/1000 (30.0%)
[2026-03-22 00:02:36] eps=18 rep=9/10: frame progress 300/1000 (30.0%)
[2026-03-22 00:02:37] eps=9 rep=9/10: frame progress 1000/1000 (100.0%)
[2026-03-22 00:02:37] eps=9 rep=3/10: frame progress 1000/1000 (100.0%)
[2026-03-22 00:02:38] eps=9 rep=10/10: frame progress 1000/1000 (100.0%)
[2026-03-22 00:02:38] eps=9 rep=7/10: frame progress 1000/1000 (100.0%)
[2026-03-22 00:02:39] eps=9 rep=5/10: frame progress 1000/1000 (100.0%)
[2026-03-22 00:02:47] eps=9 rep=9/10: done
[2026-03-22 00:02:48] eps=9 rep=3/10: done
[2026-03-22 00:02:48] eps=9 rep=10/10: done
[2026-03-22 00:02:49] eps=9 rep=7/10: done
[2026-03-22 00:02:49] eps=9 rep=5/10: done
[2026-03-22 00:02:51] eps=12 rep=4/9: frame progress 900/1000 (90.0%)
[2026-03-22 00:02:51] eps=15 rep=5/10: frame progress 700/1000 (70.0%)
[2026-03-22 00:02:51] eps=12 rep=7/9: frame progress 900/1000 (90.0%)
[2026-03-22 00:02:52] eps=12 rep=5/9: frame progress 900/1000 (90.0%)
[2026-03-22 00:02:52] eps=15 rep=1/10: frame progress 700/1000 (70.0%)
[2026-03-22 00:02:53] eps=18 rep=10/10: frame progress 300/1000 (30.0%)
[2026-03-22 00:03:03] eps=9 rep=2/10: frame progress 1000/1000 (100.0%)
[2026-03-22 00:03:04] eps=9 rep=8/10: frame progress 1000/1000 (100.0%)
[2026-03-22 00:03:04] eps=9 rep=4/10: frame progress 1000/1000 (100.0%)
[2026-03-22 00:03:04] eps=9 rep=1/10: frame progress 1000/1000 (100.0%)
[2026-03-22 00:03:08] eps=18 rep=4/10: frame progress 700/1000 (70.0%)
[2026-03-22 00:03:09] eps=9 rep=6/10: frame progress 1000/1000 (100.0%)
[2026-03-22 00:03:12] eps=18 rep=2/10: frame progress 700/1000 (70.0%)
[2026-03-22 00:03:14] eps=9 rep=2/10: done
[2026-03-22 00:03:14] eps=9 rep=8/10: done
[2026-03-22 00:03:14] eps=9 rep=4/10: done
[2026-03-22 00:03:15] eps=9 rep=1/10: done
[2026-03-22 00:03:16] eps=12 rep=9/9: frame progress 900/1000 (90.0%)
[2026-03-22 00:03:17] eps=12 rep=6/9: frame progress 900/1000 (90.0%)
[2026-03-22 00:03:18] eps=12 rep=2/9: frame progress 900/1000 (90.0%)
[2026-03-22 00:03:19] eps=12 rep=1/9: frame progress 900/1000 (90.0%)
[2026-03-22 00:03:20] eps=9 rep=6/10: done
[2026-03-22 00:03:21] eps=12 rep=8/9: frame progress 900/1000 (90.0%)
[2026-03-22 00:03:22] eps=12 rep=3/9: frame progress 900/1000 (90.0%)
[2026-03-22 00:03:23] eps=15 rep=10/10: frame progress 700/1000 (70.0%)
[2026-03-22 00:03:24] eps=15 rep=8/10: frame progress 700/1000 (70.0%)
[2026-03-22 00:03:24] eps=15 rep=4/10: frame progress 700/1000 (70.0%)
[2026-03-22 00:03:25] eps=15 rep=3/10: frame progress 700/1000 (70.0%)
[2026-03-22 00:03:27] eps=15 rep=7/10: frame progress 700/1000 (70.0%)
[2026-03-22 00:03:28] eps=15 rep=9/10: frame progress 700/1000 (70.0%)
[2026-03-22 00:03:29] eps=15 rep=6/10: frame progress 700/1000 (70.0%)
[2026-03-22 00:03:29] eps=15 rep=2/10: frame progress 700/1000 (70.0%)
[2026-03-22 00:03:38] eps=18 rep=3/10: frame progress 700/1000 (70.0%)
[2026-03-22 00:03:40] eps=18 rep=5/10: frame progress 700/1000 (70.0%)
[2026-03-22 00:03:42] eps=18 rep=1/10: frame progress 700/1000 (70.0%)
[2026-03-22 00:03:46] eps=18 rep=6/10: frame progress 400/1000 (40.0%)
[2026-03-22 00:03:47] eps=18 rep=8/10: frame progress 400/1000 (40.0%)
[2026-03-22 00:03:50] eps=18 rep=7/10: frame progress 400/1000 (40.0%)
[2026-03-22 00:03:50] eps=18 rep=9/10: frame progress 400/1000 (40.0%)
[2026-03-22 00:04:05] eps=12 rep=7/9: frame progress 1000/1000 (100.0%)
[2026-03-22 00:04:05] eps=12 rep=4/9: frame progress 1000/1000 (100.0%)
[2026-03-22 00:04:06] eps=12 rep=5/9: frame progress 1000/1000 (100.0%)
[2026-03-22 00:04:09] eps=18 rep=10/10: frame progress 400/1000 (40.0%)
[2026-03-22 00:04:15] eps=12 rep=7/9: done
[2026-03-22 00:04:16] eps=12 rep=4/9: done
[2026-03-22 00:04:17] eps=12 rep=5/9: done
[2026-03-22 00:04:33] eps=12 rep=6/9: frame progress 1000/1000 (100.0%)
[2026-03-22 00:04:34] eps=12 rep=2/9: frame progress 1000/1000 (100.0%)
[2026-03-22 00:04:35] eps=12 rep=1/9: frame progress 1000/1000 (100.0%)
[2026-03-22 00:04:37] eps=12 rep=9/9: frame progress 1000/1000 (100.0%)
[2026-03-22 00:04:37] eps=12 rep=8/9: frame progress 1000/1000 (100.0%)
[2026-03-22 00:04:38] eps=12 rep=3/9: frame progress 1000/1000 (100.0%)
[2026-03-22 00:04:44] eps=12 rep=6/9: done
[2026-03-22 00:04:44] eps=12 rep=2/9: done
[2026-03-22 00:04:45] eps=12 rep=1/9: done
[2026-03-22 00:04:47] eps=15 rep=5/10: frame progress 800/1000 (80.0%)
[2026-03-22 00:04:48] eps=12 rep=8/9: done
[2026-03-22 00:04:48] eps=12 rep=9/9: done
[2026-03-22 00:04:48] eps=15 rep=1/10: frame progress 800/1000 (80.0%)
[2026-03-22 00:04:49] eps=12 rep=3/9: done
[2026-03-22 00:05:13] eps=18 rep=4/10: frame progress 800/1000 (80.0%)
[2026-03-22 00:05:13] eps=18 rep=6/10: frame progress 500/1000 (50.0%)
[2026-03-22 00:05:15] eps=18 rep=8/10: frame progress 500/1000 (50.0%)
[2026-03-22 00:05:16] eps=18 rep=2/10: frame progress 800/1000 (80.0%)
[2026-03-22 00:05:18] eps=18 rep=9/10: frame progress 500/1000 (50.0%)
[2026-03-22 00:05:19] eps=18 rep=7/10: frame progress 500/1000 (50.0%)
[2026-03-22 00:05:20] eps=15 rep=10/10: frame progress 800/1000 (80.0%)
[2026-03-22 00:05:23] eps=15 rep=4/10: frame progress 800/1000 (80.0%)
[2026-03-22 00:05:23] eps=15 rep=3/10: frame progress 800/1000 (80.0%)
[2026-03-22 00:05:24] eps=15 rep=8/10: frame progress 800/1000 (80.0%)
[2026-03-22 00:05:26] eps=15 rep=7/10: frame progress 800/1000 (80.0%)
[2026-03-22 00:05:29] eps=15 rep=2/10: frame progress 800/1000 (80.0%)
[2026-03-22 00:05:31] eps=15 rep=9/10: frame progress 800/1000 (80.0%)
[2026-03-22 00:05:36] eps=15 rep=6/10: frame progress 800/1000 (80.0%)
[2026-03-22 00:05:38] eps=18 rep=10/10: frame progress 500/1000 (50.0%)
[2026-03-22 00:05:42] eps=18 rep=3/10: frame progress 800/1000 (80.0%)
[2026-03-22 00:05:48] eps=18 rep=5/10: frame progress 800/1000 (80.0%)
[2026-03-22 00:05:50] eps=18 rep=1/10: frame progress 800/1000 (80.0%)
[2026-03-22 00:06:53] eps=15 rep=5/10: frame progress 900/1000 (90.0%)
[2026-03-22 00:06:54] eps=18 rep=6/10: frame progress 600/1000 (60.0%)
[2026-03-22 00:06:54] eps=15 rep=1/10: frame progress 900/1000 (90.0%)
[2026-03-22 00:06:55] eps=18 rep=8/10: frame progress 600/1000 (60.0%)
[2026-03-22 00:06:57] eps=18 rep=9/10: frame progress 600/1000 (60.0%)
[2026-03-22 00:07:00] eps=18 rep=7/10: frame progress 600/1000 (60.0%)
[2026-03-22 00:07:19] eps=18 rep=10/10: frame progress 600/1000 (60.0%)
[2026-03-22 00:07:25] eps=15 rep=10/10: frame progress 900/1000 (90.0%)
[2026-03-22 00:07:29] eps=18 rep=4/10: frame progress 900/1000 (90.0%)
[2026-03-22 00:07:30] eps=15 rep=3/10: frame progress 900/1000 (90.0%)
[2026-03-22 00:07:31] eps=15 rep=4/10: frame progress 900/1000 (90.0%)
[2026-03-22 00:07:33] eps=15 rep=8/10: frame progress 900/1000 (90.0%)
[2026-03-22 00:07:34] eps=18 rep=2/10: frame progress 900/1000 (90.0%)
[2026-03-22 00:07:34] eps=15 rep=7/10: frame progress 900/1000 (90.0%)
[2026-03-22 00:07:36] eps=15 rep=9/10: frame progress 900/1000 (90.0%)
[2026-03-22 00:07:39] eps=15 rep=2/10: frame progress 900/1000 (90.0%)
[2026-03-22 00:07:46] eps=15 rep=6/10: frame progress 900/1000 (90.0%)
[2026-03-22 00:07:58] eps=18 rep=3/10: frame progress 900/1000 (90.0%)
[2026-03-22 00:08:07] eps=18 rep=5/10: frame progress 900/1000 (90.0%)
[2026-03-22 00:08:09] eps=18 rep=1/10: frame progress 900/1000 (90.0%)
[2026-03-22 00:08:46] eps=18 rep=6/10: frame progress 700/1000 (70.0%)
[2026-03-22 00:08:49] eps=18 rep=8/10: frame progress 700/1000 (70.0%)
[2026-03-22 00:08:50] eps=18 rep=9/10: frame progress 700/1000 (70.0%)
[2026-03-22 00:08:55] eps=18 rep=7/10: frame progress 700/1000 (70.0%)
[2026-03-22 00:09:06] eps=15 rep=1/10: frame progress 1000/1000 (100.0%)
[2026-03-22 00:09:07] eps=15 rep=5/10: frame progress 1000/1000 (100.0%)
[2026-03-22 00:09:12] eps=18 rep=10/10: frame progress 700/1000 (70.0%)
[2026-03-22 00:09:17] eps=15 rep=1/10: done
[2026-03-22 00:09:17] eps=15 rep=5/10: done
[2026-03-22 00:09:39] eps=15 rep=10/10: frame progress 1000/1000 (100.0%)
[2026-03-22 00:09:44] eps=15 rep=3/10: frame progress 1000/1000 (100.0%)
[2026-03-22 00:09:47] eps=15 rep=4/10: frame progress 1000/1000 (100.0%)
[2026-03-22 00:09:49] eps=15 rep=8/10: frame progress 1000/1000 (100.0%)
[2026-03-22 00:09:49] eps=15 rep=9/10: frame progress 1000/1000 (100.0%)
[2026-03-22 00:09:49] eps=15 rep=10/10: done
[2026-03-22 00:09:50] eps=15 rep=7/10: frame progress 1000/1000 (100.0%)
[2026-03-22 00:09:54] eps=15 rep=3/10: done
[2026-03-22 00:09:57] eps=15 rep=2/10: frame progress 1000/1000 (100.0%)
[2026-03-22 00:09:58] eps=15 rep=4/10: done
[2026-03-22 00:09:59] eps=18 rep=4/10: frame progress 1000/1000 (100.0%)
[2026-03-22 00:09:59] eps=15 rep=8/10: done
[2026-03-22 00:10:00] eps=15 rep=9/10: done
[2026-03-22 00:10:00] eps=15 rep=7/10: done
[2026-03-22 00:10:02] eps=15 rep=6/10: frame progress 1000/1000 (100.0%)
[2026-03-22 00:10:05] eps=18 rep=2/10: frame progress 1000/1000 (100.0%)
[2026-03-22 00:10:07] eps=15 rep=2/10: done
[2026-03-22 00:10:10] eps=18 rep=4/10: done
[2026-03-22 00:10:13] eps=15 rep=6/10: done
[2026-03-22 00:10:15] eps=18 rep=2/10: done
[2026-03-22 00:10:27] eps=18 rep=3/10: frame progress 1000/1000 (100.0%)
[2026-03-22 00:10:37] eps=18 rep=3/10: done
[2026-03-22 00:10:39] eps=18 rep=5/10: frame progress 1000/1000 (100.0%)
[2026-03-22 00:10:41] eps=18 rep=1/10: frame progress 1000/1000 (100.0%)
[2026-03-22 00:10:50] eps=18 rep=6/10: frame progress 800/1000 (80.0%)
[2026-03-22 00:10:50] eps=18 rep=5/10: done
[2026-03-22 00:10:51] eps=18 rep=1/10: done
[2026-03-22 00:10:53] eps=18 rep=8/10: frame progress 800/1000 (80.0%)
[2026-03-22 00:10:54] eps=18 rep=9/10: frame progress 800/1000 (80.0%)
[2026-03-22 00:11:00] eps=18 rep=7/10: frame progress 800/1000 (80.0%)
[2026-03-22 00:11:17] eps=18 rep=10/10: frame progress 800/1000 (80.0%)
[2026-03-22 00:13:05] eps=18 rep=6/10: frame progress 900/1000 (90.0%)
[2026-03-22 00:13:09] eps=18 rep=8/10: frame progress 900/1000 (90.0%)
[2026-03-22 00:13:11] eps=18 rep=9/10: frame progress 900/1000 (90.0%)
[2026-03-22 00:13:17] eps=18 rep=7/10: frame progress 900/1000 (90.0%)
[2026-03-22 00:13:35] eps=18 rep=10/10: frame progress 900/1000 (90.0%)
[2026-03-22 00:15:33] eps=18 rep=6/10: frame progress 1000/1000 (100.0%)
[2026-03-22 00:15:38] eps=18 rep=8/10: frame progress 1000/1000 (100.0%)
[2026-03-22 00:15:41] eps=18 rep=9/10: frame progress 1000/1000 (100.0%)
[2026-03-22 00:15:43] eps=18 rep=6/10: done
[2026-03-22 00:15:47] eps=18 rep=7/10: frame progress 1000/1000 (100.0%)
[2026-03-22 00:15:48] eps=18 rep=8/10: done
[2026-03-22 00:15:51] eps=18 rep=9/10: done
[2026-03-22 00:15:57] eps=18 rep=7/10: done
[2026-03-22 00:16:06] eps=18 rep=10/10: frame progress 1000/1000 (100.0%)
[2026-03-22 00:16:16] eps=18 rep=10/10: done
[2026-03-22 00:16:16] Completed parallel analysis for 69 runs
[2026-03-22 00:16:16] Aggregating epsilon group 1/7: eps=0, replicates=10
[2026-03-22 00:16:16] Writing outputs for eps=0 to /scratch/gpfs/WEBB/chertok/REACTIVELJ_PAPER/simulation_package/melt/analysis/results/eps_0
[2026-03-22 00:16:18] Finished epsilon group eps=0
[2026-03-22 00:16:18] Aggregating epsilon group 2/7: eps=3, replicates=10
[2026-03-22 00:16:18] Writing outputs for eps=3 to /scratch/gpfs/WEBB/chertok/REACTIVELJ_PAPER/simulation_package/melt/analysis/results/eps_3
[2026-03-22 00:16:19] Finished epsilon group eps=3
[2026-03-22 00:16:19] Aggregating epsilon group 3/7: eps=6, replicates=10
[2026-03-22 00:16:19] Writing outputs for eps=6 to /scratch/gpfs/WEBB/chertok/REACTIVELJ_PAPER/simulation_package/melt/analysis/results/eps_6
[2026-03-22 00:16:20] Finished epsilon group eps=6
[2026-03-22 00:16:20] Aggregating epsilon group 4/7: eps=9, replicates=10
[2026-03-22 00:16:20] Writing outputs for eps=9 to /scratch/gpfs/WEBB/chertok/REACTIVELJ_PAPER/simulation_package/melt/analysis/results/eps_9
[2026-03-22 00:16:22] Finished epsilon group eps=9
[2026-03-22 00:16:22] Aggregating epsilon group 5/7: eps=12, replicates=9
[2026-03-22 00:16:22] Writing outputs for eps=12 to /scratch/gpfs/WEBB/chertok/REACTIVELJ_PAPER/simulation_package/melt/analysis/results/eps_12
[2026-03-22 00:16:24] Finished epsilon group eps=12
[2026-03-22 00:16:24] Aggregating epsilon group 6/7: eps=15, replicates=10
[2026-03-22 00:16:24] Writing outputs for eps=15 to /scratch/gpfs/WEBB/chertok/REACTIVELJ_PAPER/simulation_package/melt/analysis/results/eps_15
[2026-03-22 00:16:25] Finished epsilon group eps=15
[2026-03-22 00:16:25] Aggregating epsilon group 7/7: eps=18, replicates=10
[2026-03-22 00:16:26] Writing outputs for eps=18 to /scratch/gpfs/WEBB/chertok/REACTIVELJ_PAPER/simulation_package/melt/analysis/results/eps_18
[2026-03-22 00:16:27] Finished epsilon group eps=18
[2026-03-22 00:16:27] Wrote /scratch/gpfs/WEBB/chertok/REACTIVELJ_PAPER/simulation_package/melt/analysis/results/summary.json
[2026-03-22 00:16:27] Wrote /scratch/gpfs/WEBB/chertok/REACTIVELJ_PAPER/simulation_package/melt/analysis/results/summary.csv
[2026-03-22 00:16:30] Analysis complete
[2026-03-22 00:16:31] Step 7/8 complete: Analysis finished in 1334 seconds
[2026-03-22 00:16:31] Step 8/8: Job complete in 1335 seconds total
