[2026-02-28 18:42:17] Step 1/8: Purging modules
[2026-02-28 18:42:17] Step 2/8: Sourcing ~/.bashrc
[2026-02-28 18:42:18] Step 3/8: Loading anaconda module
[2026-02-28 18:42:18] Step 4/8: Activating conda environment
[2026-02-28 18:42:19] Step 5/8: Changing directory to /scratch/gpfs/WEBB/chertok/REACTIVELJ_PAPER/simulation_package/melt
[2026-02-28 18:42:19] Step 6/8: Ensuring logs directory exists
[2026-02-28 18:42:19] Step 7/8: Starting trajectory analysis
[2026-02-28 18:42:20] Scanning trajectories under /scratch/gpfs/WEBB/chertok/REACTIVELJ_PAPER/simulation_package/melt/data_generation/outputs
[2026-02-28 18:42:20] Discovered 59 trajectory/metadata pairs
[2026-02-28 18:42:20] Grouped runs into 6 epsilon values
[2026-02-28 18:42:20] Queueing epsilon group 1/6: eps=3, replicates=10
[2026-02-28 18:42:20] Queueing epsilon group 2/6: eps=6, replicates=10
[2026-02-28 18:42:20] Queueing epsilon group 3/6: eps=9, replicates=10
[2026-02-28 18:42:20] Queueing epsilon group 4/6: eps=12, replicates=9
[2026-02-28 18:42:20] Queueing epsilon group 5/6: eps=15, replicates=10
[2026-02-28 18:42:20] Queueing epsilon group 6/6: eps=18, replicates=10
[2026-02-28 18:42:20] Starting parallel analysis with 16 workers on 59 runs
[2026-02-28 18:42:20] eps=3 rep=1/10: start (eps_3/rep_004/trajectory.gsd)
[2026-02-28 18:42:20] eps=3 rep=2/10: start (eps_3/rep_003/trajectory.gsd)
[2026-02-28 18:42:20] eps=3 rep=8/10: start (eps_3/rep_008/trajectory.gsd)
[2026-02-28 18:42:20] eps=3 rep=7/10: start (eps_3/rep_009/trajectory.gsd)
[2026-02-28 18:42:20] eps=3 rep=9/10: start (eps_3/rep_002/trajectory.gsd)
[2026-02-28 18:42:20] eps=3 rep=3/10: start (eps_3/rep_007/trajectory.gsd)
[2026-02-28 18:42:20] eps=3 rep=4/10: start (eps_3/rep_006/trajectory.gsd)
[2026-02-28 18:42:20] eps=3 rep=5/10: start (eps_3/rep_005/trajectory.gsd)
[2026-02-28 18:42:20] eps=3 rep=6/10: start (eps_3/rep_010/trajectory.gsd)
[2026-02-28 18:42:20] eps=6 rep=1/10: start (eps_6/rep_004/trajectory.gsd)
[2026-02-28 18:42:20] eps=3 rep=10/10: start (eps_3/rep_001/trajectory.gsd)
[2026-02-28 18:42:20] eps=6 rep=2/10: start (eps_6/rep_003/trajectory.gsd)
[2026-02-28 18:42:20] eps=6 rep=4/10: start (eps_6/rep_006/trajectory.gsd)
[2026-02-28 18:42:20] eps=6 rep=5/10: start (eps_6/rep_005/trajectory.gsd)
[2026-02-28 18:42:20] eps=6 rep=3/10: start (eps_6/rep_007/trajectory.gsd)
[2026-02-28 18:42:20] eps=6 rep=6/10: start (eps_6/rep_010/trajectory.gsd)
[2026-02-28 18:42:23] eps=3 rep=5/10: frame progress 10/100 (10.0%)
[2026-02-28 18:42:23] eps=3 rep=3/10: frame progress 10/100 (10.0%)
[2026-02-28 18:42:24] eps=3 rep=1/10: frame progress 10/100 (10.0%)
[2026-02-28 18:42:24] eps=3 rep=2/10: frame progress 10/100 (10.0%)
[2026-02-28 18:42:24] eps=3 rep=6/10: frame progress 10/100 (10.0%)
[2026-02-28 18:42:24] eps=3 rep=9/10: frame progress 10/100 (10.0%)
[2026-02-28 18:42:24] eps=3 rep=4/10: frame progress 10/100 (10.0%)
[2026-02-28 18:42:24] eps=3 rep=10/10: frame progress 10/100 (10.0%)
[2026-02-28 18:42:24] eps=6 rep=4/10: frame progress 10/100 (10.0%)
[2026-02-28 18:42:24] eps=3 rep=8/10: frame progress 10/100 (10.0%)
[2026-02-28 18:42:24] eps=3 rep=7/10: frame progress 10/100 (10.0%)
[2026-02-28 18:42:24] eps=6 rep=1/10: frame progress 10/100 (10.0%)
[2026-02-28 18:42:24] eps=6 rep=3/10: frame progress 10/100 (10.0%)
[2026-02-28 18:42:24] eps=6 rep=6/10: frame progress 10/100 (10.0%)
[2026-02-28 18:42:24] eps=6 rep=2/10: frame progress 10/100 (10.0%)
[2026-02-28 18:42:24] eps=6 rep=5/10: frame progress 10/100 (10.0%)
[2026-02-28 18:42:26] eps=3 rep=5/10: frame progress 20/100 (20.0%)
[2026-02-28 18:42:26] eps=3 rep=1/10: frame progress 20/100 (20.0%)
[2026-02-28 18:42:26] eps=3 rep=3/10: frame progress 20/100 (20.0%)
[2026-02-28 18:42:26] eps=3 rep=9/10: frame progress 20/100 (20.0%)
[2026-02-28 18:42:26] eps=3 rep=6/10: frame progress 20/100 (20.0%)
[2026-02-28 18:42:26] eps=3 rep=2/10: frame progress 20/100 (20.0%)
[2026-02-28 18:42:26] eps=3 rep=4/10: frame progress 20/100 (20.0%)
[2026-02-28 18:42:26] eps=3 rep=10/10: frame progress 20/100 (20.0%)
[2026-02-28 18:42:26] eps=3 rep=8/10: frame progress 20/100 (20.0%)
[2026-02-28 18:42:26] eps=3 rep=7/10: frame progress 20/100 (20.0%)
[2026-02-28 18:42:27] eps=6 rep=4/10: frame progress 20/100 (20.0%)
[2026-02-28 18:42:27] eps=6 rep=1/10: frame progress 20/100 (20.0%)
[2026-02-28 18:42:27] eps=6 rep=6/10: frame progress 20/100 (20.0%)
[2026-02-28 18:42:27] eps=6 rep=3/10: frame progress 20/100 (20.0%)
[2026-02-28 18:42:27] eps=6 rep=2/10: frame progress 20/100 (20.0%)
[2026-02-28 18:42:27] eps=6 rep=5/10: frame progress 20/100 (20.0%)
[2026-02-28 18:42:29] eps=3 rep=5/10: frame progress 30/100 (30.0%)
[2026-02-28 18:42:29] eps=3 rep=1/10: frame progress 30/100 (30.0%)
[2026-02-28 18:42:29] eps=3 rep=3/10: frame progress 30/100 (30.0%)
[2026-02-28 18:42:29] eps=3 rep=9/10: frame progress 30/100 (30.0%)
[2026-02-28 18:42:29] eps=3 rep=6/10: frame progress 30/100 (30.0%)
[2026-02-28 18:42:29] eps=3 rep=2/10: frame progress 30/100 (30.0%)
[2026-02-28 18:42:29] eps=3 rep=4/10: frame progress 30/100 (30.0%)
[2026-02-28 18:42:29] eps=3 rep=8/10: frame progress 30/100 (30.0%)
[2026-02-28 18:42:29] eps=3 rep=10/10: frame progress 30/100 (30.0%)
[2026-02-28 18:42:29] eps=3 rep=7/10: frame progress 30/100 (30.0%)
[2026-02-28 18:42:30] eps=6 rep=4/10: frame progress 30/100 (30.0%)
[2026-02-28 18:42:30] eps=6 rep=1/10: frame progress 30/100 (30.0%)
[2026-02-28 18:42:30] eps=6 rep=3/10: frame progress 30/100 (30.0%)
[2026-02-28 18:42:30] eps=6 rep=6/10: frame progress 30/100 (30.0%)
[2026-02-28 18:42:30] eps=6 rep=2/10: frame progress 30/100 (30.0%)
[2026-02-28 18:42:30] eps=6 rep=5/10: frame progress 30/100 (30.0%)
[2026-02-28 18:42:32] eps=3 rep=5/10: frame progress 40/100 (40.0%)
[2026-02-28 18:42:32] eps=3 rep=1/10: frame progress 40/100 (40.0%)
[2026-02-28 18:42:32] eps=3 rep=9/10: frame progress 40/100 (40.0%)
[2026-02-28 18:42:32] eps=3 rep=3/10: frame progress 40/100 (40.0%)
[2026-02-28 18:42:32] eps=3 rep=8/10: frame progress 40/100 (40.0%)
[2026-02-28 18:42:32] eps=3 rep=6/10: frame progress 40/100 (40.0%)
[2026-02-28 18:42:32] eps=3 rep=2/10: frame progress 40/100 (40.0%)
[2026-02-28 18:42:32] eps=3 rep=4/10: frame progress 40/100 (40.0%)
[2026-02-28 18:42:32] eps=3 rep=10/10: frame progress 40/100 (40.0%)
[2026-02-28 18:42:32] eps=3 rep=7/10: frame progress 40/100 (40.0%)
[2026-02-28 18:42:33] eps=6 rep=4/10: frame progress 40/100 (40.0%)
[2026-02-28 18:42:33] eps=6 rep=6/10: frame progress 40/100 (40.0%)
[2026-02-28 18:42:33] eps=6 rep=1/10: frame progress 40/100 (40.0%)
[2026-02-28 18:42:33] eps=6 rep=3/10: frame progress 40/100 (40.0%)
[2026-02-28 18:42:33] eps=6 rep=2/10: frame progress 40/100 (40.0%)
[2026-02-28 18:42:33] eps=6 rep=5/10: frame progress 40/100 (40.0%)
[2026-02-28 18:42:35] eps=3 rep=5/10: frame progress 50/100 (50.0%)
[2026-02-28 18:42:35] eps=3 rep=1/10: frame progress 50/100 (50.0%)
[2026-02-28 18:42:35] eps=3 rep=9/10: frame progress 50/100 (50.0%)
[2026-02-28 18:42:35] eps=3 rep=8/10: frame progress 50/100 (50.0%)
[2026-02-28 18:42:35] eps=3 rep=3/10: frame progress 50/100 (50.0%)
[2026-02-28 18:42:35] eps=3 rep=4/10: frame progress 50/100 (50.0%)
[2026-02-28 18:42:35] eps=3 rep=6/10: frame progress 50/100 (50.0%)
[2026-02-28 18:42:35] eps=3 rep=2/10: frame progress 50/100 (50.0%)
[2026-02-28 18:42:35] eps=3 rep=10/10: frame progress 50/100 (50.0%)
[2026-02-28 18:42:35] eps=3 rep=7/10: frame progress 50/100 (50.0%)
[2026-02-28 18:42:36] eps=6 rep=4/10: frame progress 50/100 (50.0%)
[2026-02-28 18:42:36] eps=6 rep=6/10: frame progress 50/100 (50.0%)
[2026-02-28 18:42:36] eps=6 rep=1/10: frame progress 50/100 (50.0%)
[2026-02-28 18:42:36] eps=6 rep=3/10: frame progress 50/100 (50.0%)
[2026-02-28 18:42:36] eps=6 rep=2/10: frame progress 50/100 (50.0%)
[2026-02-28 18:42:36] eps=6 rep=5/10: frame progress 50/100 (50.0%)
[2026-02-28 18:42:38] eps=3 rep=5/10: frame progress 60/100 (60.0%)
[2026-02-28 18:42:38] eps=3 rep=1/10: frame progress 60/100 (60.0%)
[2026-02-28 18:42:38] eps=3 rep=9/10: frame progress 60/100 (60.0%)
[2026-02-28 18:42:38] eps=3 rep=8/10: frame progress 60/100 (60.0%)
[2026-02-28 18:42:38] eps=3 rep=3/10: frame progress 60/100 (60.0%)
[2026-02-28 18:42:38] eps=3 rep=4/10: frame progress 60/100 (60.0%)
[2026-02-28 18:42:38] eps=3 rep=6/10: frame progress 60/100 (60.0%)
[2026-02-28 18:42:38] eps=3 rep=2/10: frame progress 60/100 (60.0%)
[2026-02-28 18:42:38] eps=3 rep=10/10: frame progress 60/100 (60.0%)
[2026-02-28 18:42:38] eps=3 rep=7/10: frame progress 60/100 (60.0%)
[2026-02-28 18:42:39] eps=6 rep=4/10: frame progress 60/100 (60.0%)
[2026-02-28 18:42:39] eps=6 rep=6/10: frame progress 60/100 (60.0%)
[2026-02-28 18:42:39] eps=6 rep=1/10: frame progress 60/100 (60.0%)
[2026-02-28 18:42:39] eps=6 rep=3/10: frame progress 60/100 (60.0%)
[2026-02-28 18:42:39] eps=6 rep=2/10: frame progress 60/100 (60.0%)
[2026-02-28 18:42:39] eps=6 rep=5/10: frame progress 60/100 (60.0%)
[2026-02-28 18:42:41] eps=3 rep=5/10: frame progress 70/100 (70.0%)
[2026-02-28 18:42:41] eps=3 rep=1/10: frame progress 70/100 (70.0%)
[2026-02-28 18:42:41] eps=3 rep=9/10: frame progress 70/100 (70.0%)
[2026-02-28 18:42:41] eps=3 rep=8/10: frame progress 70/100 (70.0%)
[2026-02-28 18:42:41] eps=3 rep=3/10: frame progress 70/100 (70.0%)
[2026-02-28 18:42:41] eps=3 rep=4/10: frame progress 70/100 (70.0%)
[2026-02-28 18:42:41] eps=3 rep=6/10: frame progress 70/100 (70.0%)
[2026-02-28 18:42:41] eps=3 rep=7/10: frame progress 70/100 (70.0%)
[2026-02-28 18:42:41] eps=3 rep=10/10: frame progress 70/100 (70.0%)
[2026-02-28 18:42:41] eps=3 rep=2/10: frame progress 70/100 (70.0%)
[2026-02-28 18:42:42] eps=6 rep=4/10: frame progress 70/100 (70.0%)
[2026-02-28 18:42:42] eps=6 rep=6/10: frame progress 70/100 (70.0%)
[2026-02-28 18:42:42] eps=6 rep=1/10: frame progress 70/100 (70.0%)
[2026-02-28 18:42:42] eps=6 rep=3/10: frame progress 70/100 (70.0%)
[2026-02-28 18:42:42] eps=6 rep=2/10: frame progress 70/100 (70.0%)
[2026-02-28 18:42:42] eps=6 rep=5/10: frame progress 70/100 (70.0%)
[2026-02-28 18:42:44] eps=3 rep=5/10: frame progress 80/100 (80.0%)
[2026-02-28 18:42:44] eps=3 rep=1/10: frame progress 80/100 (80.0%)
[2026-02-28 18:42:44] eps=3 rep=9/10: frame progress 80/100 (80.0%)
[2026-02-28 18:42:44] eps=3 rep=8/10: frame progress 80/100 (80.0%)
[2026-02-28 18:42:44] eps=3 rep=3/10: frame progress 80/100 (80.0%)
[2026-02-28 18:42:44] eps=3 rep=4/10: frame progress 80/100 (80.0%)
[2026-02-28 18:42:44] eps=3 rep=6/10: frame progress 80/100 (80.0%)
[2026-02-28 18:42:44] eps=3 rep=7/10: frame progress 80/100 (80.0%)
[2026-02-28 18:42:44] eps=3 rep=10/10: frame progress 80/100 (80.0%)
[2026-02-28 18:42:44] eps=3 rep=2/10: frame progress 80/100 (80.0%)
[2026-02-28 18:42:45] eps=6 rep=4/10: frame progress 80/100 (80.0%)
[2026-02-28 18:42:45] eps=6 rep=6/10: frame progress 80/100 (80.0%)
[2026-02-28 18:42:45] eps=6 rep=1/10: frame progress 80/100 (80.0%)
[2026-02-28 18:42:45] eps=6 rep=3/10: frame progress 80/100 (80.0%)
[2026-02-28 18:42:45] eps=6 rep=2/10: frame progress 80/100 (80.0%)
[2026-02-28 18:42:46] eps=6 rep=5/10: frame progress 80/100 (80.0%)
[2026-02-28 18:42:47] eps=3 rep=5/10: frame progress 90/100 (90.0%)
[2026-02-28 18:42:47] eps=3 rep=9/10: frame progress 90/100 (90.0%)
[2026-02-28 18:42:47] eps=3 rep=1/10: frame progress 90/100 (90.0%)
[2026-02-28 18:42:47] eps=3 rep=8/10: frame progress 90/100 (90.0%)
[2026-02-28 18:42:47] eps=3 rep=3/10: frame progress 90/100 (90.0%)
[2026-02-28 18:42:47] eps=3 rep=4/10: frame progress 90/100 (90.0%)
[2026-02-28 18:42:47] eps=3 rep=6/10: frame progress 90/100 (90.0%)
[2026-02-28 18:42:47] eps=3 rep=7/10: frame progress 90/100 (90.0%)
[2026-02-28 18:42:48] eps=3 rep=10/10: frame progress 90/100 (90.0%)
[2026-02-28 18:42:48] eps=3 rep=2/10: frame progress 90/100 (90.0%)
[2026-02-28 18:42:48] eps=6 rep=4/10: frame progress 90/100 (90.0%)
[2026-02-28 18:42:48] eps=6 rep=1/10: frame progress 90/100 (90.0%)
[2026-02-28 18:42:48] eps=6 rep=6/10: frame progress 90/100 (90.0%)
[2026-02-28 18:42:48] eps=6 rep=3/10: frame progress 90/100 (90.0%)
[2026-02-28 18:42:49] eps=6 rep=2/10: frame progress 90/100 (90.0%)
[2026-02-28 18:42:49] eps=6 rep=5/10: frame progress 90/100 (90.0%)
[2026-02-28 18:42:50] eps=3 rep=9/10: frame progress 100/100 (100.0%)
[2026-02-28 18:42:50] eps=3 rep=5/10: frame progress 100/100 (100.0%)
[2026-02-28 18:42:50] eps=3 rep=1/10: frame progress 100/100 (100.0%)
[2026-02-28 18:42:50] eps=3 rep=8/10: frame progress 100/100 (100.0%)
[2026-02-28 18:42:50] eps=3 rep=4/10: frame progress 100/100 (100.0%)
[2026-02-28 18:42:50] eps=3 rep=3/10: frame progress 100/100 (100.0%)
[2026-02-28 18:42:50] eps=3 rep=9/10: done
[2026-02-28 18:42:50] eps=3 rep=5/10: done
[2026-02-28 18:42:50] eps=3 rep=6/10: frame progress 100/100 (100.0%)
[2026-02-28 18:42:50] eps=6 rep=7/10: start (eps_6/rep_009/trajectory.gsd)
[2026-02-28 18:42:50] eps=6 rep=8/10: start (eps_6/rep_008/trajectory.gsd)
[2026-02-28 18:42:50] eps=3 rep=1/10: done
[2026-02-28 18:42:50] eps=6 rep=9/10: start (eps_6/rep_002/trajectory.gsd)
[2026-02-28 18:42:50] eps=3 rep=8/10: done
[2026-02-28 18:42:50] eps=6 rep=10/10: start (eps_6/rep_001/trajectory.gsd)
[2026-02-28 18:42:50] eps=3 rep=7/10: frame progress 100/100 (100.0%)
[2026-02-28 18:42:51] eps=3 rep=4/10: done
[2026-02-28 18:42:51] eps=3 rep=3/10: done
[2026-02-28 18:42:51] eps=9 rep=1/10: start (eps_9/rep_004/trajectory.gsd)
[2026-02-28 18:42:51] eps=9 rep=2/10: start (eps_9/rep_003/trajectory.gsd)
[2026-02-28 18:42:51] eps=3 rep=10/10: frame progress 100/100 (100.0%)
[2026-02-28 18:42:51] eps=3 rep=6/10: done
[2026-02-28 18:42:51] eps=3 rep=2/10: frame progress 100/100 (100.0%)
[2026-02-28 18:42:51] eps=9 rep=3/10: start (eps_9/rep_007/trajectory.gsd)
[2026-02-28 18:42:51] eps=3 rep=7/10: done
[2026-02-28 18:42:51] eps=9 rep=4/10: start (eps_9/rep_006/trajectory.gsd)
[2026-02-28 18:42:51] eps=3 rep=10/10: done
[2026-02-28 18:42:51] eps=9 rep=5/10: start (eps_9/rep_005/trajectory.gsd)
[2026-02-28 18:42:51] eps=3 rep=2/10: done
[2026-02-28 18:42:51] eps=9 rep=6/10: start (eps_9/rep_010/trajectory.gsd)
[2026-02-28 18:42:51] eps=6 rep=4/10: frame progress 100/100 (100.0%)
[2026-02-28 18:42:52] eps=6 rep=4/10: done
[2026-02-28 18:42:52] eps=9 rep=7/10: start (eps_9/rep_009/trajectory.gsd)
[2026-02-28 18:42:52] eps=6 rep=1/10: frame progress 100/100 (100.0%)
[2026-02-28 18:42:52] eps=6 rep=6/10: frame progress 100/100 (100.0%)
[2026-02-28 18:42:52] eps=6 rep=3/10: frame progress 100/100 (100.0%)
[2026-02-28 18:42:52] eps=6 rep=2/10: frame progress 100/100 (100.0%)
[2026-02-28 18:42:52] eps=6 rep=1/10: done
[2026-02-28 18:42:52] eps=6 rep=6/10: done
[2026-02-28 18:42:52] eps=9 rep=8/10: start (eps_9/rep_008/trajectory.gsd)
[2026-02-28 18:42:52] eps=9 rep=9/10: start (eps_9/rep_002/trajectory.gsd)
[2026-02-28 18:42:52] eps=6 rep=3/10: done
[2026-02-28 18:42:52] eps=9 rep=10/10: start (eps_9/rep_001/trajectory.gsd)
[2026-02-28 18:42:52] eps=6 rep=2/10: done
[2026-02-28 18:42:52] eps=12 rep=1/9: start (eps_12/rep_004/trajectory.gsd)
[2026-02-28 18:42:52] eps=6 rep=5/10: frame progress 100/100 (100.0%)
[2026-02-28 18:42:52] eps=6 rep=5/10: done
[2026-02-28 18:42:52] eps=12 rep=2/9: start (eps_12/rep_003/trajectory.gsd)
[2026-02-28 18:42:54] eps=6 rep=9/10: frame progress 10/100 (10.0%)
[2026-02-28 18:42:54] eps=6 rep=7/10: frame progress 10/100 (10.0%)
[2026-02-28 18:42:54] eps=6 rep=10/10: frame progress 10/100 (10.0%)
[2026-02-28 18:42:54] eps=6 rep=8/10: frame progress 10/100 (10.0%)
[2026-02-28 18:42:54] eps=9 rep=3/10: frame progress 10/100 (10.0%)
[2026-02-28 18:42:54] eps=9 rep=1/10: frame progress 10/100 (10.0%)
[2026-02-28 18:42:54] eps=9 rep=2/10: frame progress 10/100 (10.0%)
[2026-02-28 18:42:54] eps=9 rep=4/10: frame progress 10/100 (10.0%)
[2026-02-28 18:42:54] eps=9 rep=5/10: frame progress 10/100 (10.0%)
[2026-02-28 18:42:54] eps=9 rep=6/10: frame progress 10/100 (10.0%)
[2026-02-28 18:42:55] eps=9 rep=7/10: frame progress 10/100 (10.0%)
[2026-02-28 18:42:55] eps=9 rep=9/10: frame progress 10/100 (10.0%)
[2026-02-28 18:42:55] eps=9 rep=8/10: frame progress 10/100 (10.0%)
[2026-02-28 18:42:55] eps=9 rep=10/10: frame progress 10/100 (10.0%)
[2026-02-28 18:42:55] eps=12 rep=1/9: frame progress 10/100 (10.0%)
[2026-02-28 18:42:56] eps=12 rep=2/9: frame progress 10/100 (10.0%)
[2026-02-28 18:42:57] eps=6 rep=9/10: frame progress 20/100 (20.0%)
[2026-02-28 18:42:57] eps=6 rep=7/10: frame progress 20/100 (20.0%)
[2026-02-28 18:42:57] eps=6 rep=10/10: frame progress 20/100 (20.0%)
[2026-02-28 18:42:57] eps=6 rep=8/10: frame progress 20/100 (20.0%)
[2026-02-28 18:42:57] eps=9 rep=3/10: frame progress 20/100 (20.0%)
[2026-02-28 18:42:57] eps=9 rep=1/10: frame progress 20/100 (20.0%)
[2026-02-28 18:42:57] eps=9 rep=4/10: frame progress 20/100 (20.0%)
[2026-02-28 18:42:57] eps=9 rep=2/10: frame progress 20/100 (20.0%)
[2026-02-28 18:42:57] eps=9 rep=5/10: frame progress 20/100 (20.0%)
[2026-02-28 18:42:57] eps=9 rep=6/10: frame progress 20/100 (20.0%)
[2026-02-28 18:42:58] eps=9 rep=7/10: frame progress 20/100 (20.0%)
[2026-02-28 18:42:58] eps=9 rep=8/10: frame progress 20/100 (20.0%)
[2026-02-28 18:42:58] eps=9 rep=9/10: frame progress 20/100 (20.0%)
[2026-02-28 18:42:58] eps=9 rep=10/10: frame progress 20/100 (20.0%)
[2026-02-28 18:42:58] eps=12 rep=1/9: frame progress 20/100 (20.0%)
[2026-02-28 18:42:59] eps=12 rep=2/9: frame progress 20/100 (20.0%)
[2026-02-28 18:43:00] eps=6 rep=9/10: frame progress 30/100 (30.0%)
[2026-02-28 18:43:00] eps=6 rep=10/10: frame progress 30/100 (30.0%)
[2026-02-28 18:43:00] eps=6 rep=7/10: frame progress 30/100 (30.0%)
[2026-02-28 18:43:00] eps=6 rep=8/10: frame progress 30/100 (30.0%)
[2026-02-28 18:43:00] eps=9 rep=3/10: frame progress 30/100 (30.0%)
[2026-02-28 18:43:00] eps=9 rep=1/10: frame progress 30/100 (30.0%)
[2026-02-28 18:43:00] eps=9 rep=4/10: frame progress 30/100 (30.0%)
[2026-02-28 18:43:00] eps=9 rep=2/10: frame progress 30/100 (30.0%)
[2026-02-28 18:43:00] eps=9 rep=5/10: frame progress 30/100 (30.0%)
[2026-02-28 18:43:00] eps=9 rep=6/10: frame progress 30/100 (30.0%)
[2026-02-28 18:43:01] eps=9 rep=7/10: frame progress 30/100 (30.0%)
[2026-02-28 18:43:01] eps=9 rep=9/10: frame progress 30/100 (30.0%)
[2026-02-28 18:43:01] eps=9 rep=8/10: frame progress 30/100 (30.0%)
[2026-02-28 18:43:01] eps=9 rep=10/10: frame progress 30/100 (30.0%)
[2026-02-28 18:43:02] eps=12 rep=1/9: frame progress 30/100 (30.0%)
[2026-02-28 18:43:02] eps=12 rep=2/9: frame progress 30/100 (30.0%)
[2026-02-28 18:43:03] eps=6 rep=9/10: frame progress 40/100 (40.0%)
[2026-02-28 18:43:03] eps=6 rep=10/10: frame progress 40/100 (40.0%)
[2026-02-28 18:43:03] eps=6 rep=7/10: frame progress 40/100 (40.0%)
[2026-02-28 18:43:03] eps=6 rep=8/10: frame progress 40/100 (40.0%)
[2026-02-28 18:43:04] eps=9 rep=3/10: frame progress 40/100 (40.0%)
[2026-02-28 18:43:04] eps=9 rep=1/10: frame progress 40/100 (40.0%)
[2026-02-28 18:43:04] eps=9 rep=4/10: frame progress 40/100 (40.0%)
[2026-02-28 18:43:04] eps=9 rep=2/10: frame progress 40/100 (40.0%)
[2026-02-28 18:43:04] eps=9 rep=5/10: frame progress 40/100 (40.0%)
[2026-02-28 18:43:04] eps=9 rep=6/10: frame progress 40/100 (40.0%)
[2026-02-28 18:43:05] eps=9 rep=7/10: frame progress 40/100 (40.0%)
[2026-02-28 18:43:05] eps=9 rep=9/10: frame progress 40/100 (40.0%)
[2026-02-28 18:43:05] eps=9 rep=8/10: frame progress 40/100 (40.0%)
[2026-02-28 18:43:05] eps=9 rep=10/10: frame progress 40/100 (40.0%)
[2026-02-28 18:43:05] eps=12 rep=1/9: frame progress 40/100 (40.0%)
[2026-02-28 18:43:06] eps=12 rep=2/9: frame progress 40/100 (40.0%)
[2026-02-28 18:43:06] eps=6 rep=9/10: frame progress 50/100 (50.0%)
[2026-02-28 18:43:06] eps=6 rep=8/10: frame progress 50/100 (50.0%)
[2026-02-28 18:43:06] eps=6 rep=10/10: frame progress 50/100 (50.0%)
[2026-02-28 18:43:06] eps=6 rep=7/10: frame progress 50/100 (50.0%)
[2026-02-28 18:43:07] eps=9 rep=3/10: frame progress 50/100 (50.0%)
[2026-02-28 18:43:07] eps=9 rep=1/10: frame progress 50/100 (50.0%)
[2026-02-28 18:43:07] eps=9 rep=4/10: frame progress 50/100 (50.0%)
[2026-02-28 18:43:07] eps=9 rep=2/10: frame progress 50/100 (50.0%)
[2026-02-28 18:43:07] eps=9 rep=5/10: frame progress 50/100 (50.0%)
[2026-02-28 18:43:07] eps=9 rep=6/10: frame progress 50/100 (50.0%)
[2026-02-28 18:43:08] eps=9 rep=7/10: frame progress 50/100 (50.0%)
[2026-02-28 18:43:08] eps=9 rep=8/10: frame progress 50/100 (50.0%)
[2026-02-28 18:43:08] eps=9 rep=9/10: frame progress 50/100 (50.0%)
[2026-02-28 18:43:08] eps=9 rep=10/10: frame progress 50/100 (50.0%)
[2026-02-28 18:43:09] eps=12 rep=1/9: frame progress 50/100 (50.0%)
[2026-02-28 18:43:09] eps=6 rep=9/10: frame progress 60/100 (60.0%)
[2026-02-28 18:43:09] eps=6 rep=8/10: frame progress 60/100 (60.0%)
[2026-02-28 18:43:09] eps=6 rep=10/10: frame progress 60/100 (60.0%)
[2026-02-28 18:43:09] eps=6 rep=7/10: frame progress 60/100 (60.0%)
[2026-02-28 18:43:09] eps=12 rep=2/9: frame progress 50/100 (50.0%)
[2026-02-28 18:43:10] eps=9 rep=3/10: frame progress 60/100 (60.0%)
[2026-02-28 18:43:10] eps=9 rep=4/10: frame progress 60/100 (60.0%)
[2026-02-28 18:43:10] eps=9 rep=1/10: frame progress 60/100 (60.0%)
[2026-02-28 18:43:10] eps=9 rep=2/10: frame progress 60/100 (60.0%)
[2026-02-28 18:43:10] eps=9 rep=5/10: frame progress 60/100 (60.0%)
[2026-02-28 18:43:10] eps=9 rep=6/10: frame progress 60/100 (60.0%)
[2026-02-28 18:43:11] eps=9 rep=7/10: frame progress 60/100 (60.0%)
[2026-02-28 18:43:11] eps=9 rep=8/10: frame progress 60/100 (60.0%)
[2026-02-28 18:43:11] eps=9 rep=9/10: frame progress 60/100 (60.0%)
[2026-02-28 18:43:11] eps=9 rep=10/10: frame progress 60/100 (60.0%)
[2026-02-28 18:43:12] eps=6 rep=9/10: frame progress 70/100 (70.0%)
[2026-02-28 18:43:12] eps=6 rep=8/10: frame progress 70/100 (70.0%)
[2026-02-28 18:43:12] eps=6 rep=10/10: frame progress 70/100 (70.0%)
[2026-02-28 18:43:12] eps=12 rep=1/9: frame progress 60/100 (60.0%)
[2026-02-28 18:43:12] eps=6 rep=7/10: frame progress 70/100 (70.0%)
[2026-02-28 18:43:13] eps=12 rep=2/9: frame progress 60/100 (60.0%)
[2026-02-28 18:43:14] eps=9 rep=3/10: frame progress 70/100 (70.0%)
[2026-02-28 18:43:14] eps=9 rep=4/10: frame progress 70/100 (70.0%)
[2026-02-28 18:43:14] eps=9 rep=1/10: frame progress 70/100 (70.0%)
[2026-02-28 18:43:14] eps=9 rep=2/10: frame progress 70/100 (70.0%)
[2026-02-28 18:43:14] eps=9 rep=6/10: frame progress 70/100 (70.0%)
[2026-02-28 18:43:14] eps=9 rep=5/10: frame progress 70/100 (70.0%)
[2026-02-28 18:43:15] eps=9 rep=7/10: frame progress 70/100 (70.0%)
[2026-02-28 18:43:15] eps=9 rep=8/10: frame progress 70/100 (70.0%)
[2026-02-28 18:43:15] eps=9 rep=9/10: frame progress 70/100 (70.0%)
[2026-02-28 18:43:15] eps=9 rep=10/10: frame progress 70/100 (70.0%)
[2026-02-28 18:43:15] eps=6 rep=9/10: frame progress 80/100 (80.0%)
[2026-02-28 18:43:15] eps=6 rep=8/10: frame progress 80/100 (80.0%)
[2026-02-28 18:43:15] eps=6 rep=10/10: frame progress 80/100 (80.0%)
[2026-02-28 18:43:15] eps=6 rep=7/10: frame progress 80/100 (80.0%)
[2026-02-28 18:43:16] eps=12 rep=1/9: frame progress 70/100 (70.0%)
[2026-02-28 18:43:16] eps=12 rep=2/9: frame progress 70/100 (70.0%)
[2026-02-28 18:43:17] eps=9 rep=4/10: frame progress 80/100 (80.0%)
[2026-02-28 18:43:17] eps=9 rep=3/10: frame progress 80/100 (80.0%)
[2026-02-28 18:43:17] eps=9 rep=1/10: frame progress 80/100 (80.0%)
[2026-02-28 18:43:17] eps=9 rep=2/10: frame progress 80/100 (80.0%)
[2026-02-28 18:43:17] eps=9 rep=6/10: frame progress 80/100 (80.0%)
[2026-02-28 18:43:17] eps=9 rep=5/10: frame progress 80/100 (80.0%)
[2026-02-28 18:43:18] eps=9 rep=8/10: frame progress 80/100 (80.0%)
[2026-02-28 18:43:18] eps=9 rep=7/10: frame progress 80/100 (80.0%)
[2026-02-28 18:43:18] eps=9 rep=9/10: frame progress 80/100 (80.0%)
[2026-02-28 18:43:18] eps=9 rep=10/10: frame progress 80/100 (80.0%)
[2026-02-28 18:43:18] eps=6 rep=9/10: frame progress 90/100 (90.0%)
[2026-02-28 18:43:18] eps=6 rep=8/10: frame progress 90/100 (90.0%)
[2026-02-28 18:43:19] eps=6 rep=10/10: frame progress 90/100 (90.0%)
[2026-02-28 18:43:19] eps=6 rep=7/10: frame progress 90/100 (90.0%)
[2026-02-28 18:43:19] eps=12 rep=1/9: frame progress 80/100 (80.0%)
[2026-02-28 18:43:20] eps=12 rep=2/9: frame progress 80/100 (80.0%)
[2026-02-28 18:43:21] eps=9 rep=3/10: frame progress 90/100 (90.0%)
[2026-02-28 18:43:21] eps=9 rep=4/10: frame progress 90/100 (90.0%)
[2026-02-28 18:43:21] eps=9 rep=1/10: frame progress 90/100 (90.0%)
[2026-02-28 18:43:21] eps=9 rep=2/10: frame progress 90/100 (90.0%)
[2026-02-28 18:43:21] eps=9 rep=6/10: frame progress 90/100 (90.0%)
[2026-02-28 18:43:21] eps=9 rep=5/10: frame progress 90/100 (90.0%)
[2026-02-28 18:43:21] eps=9 rep=8/10: frame progress 90/100 (90.0%)
[2026-02-28 18:43:21] eps=9 rep=7/10: frame progress 90/100 (90.0%)
[2026-02-28 18:43:21] eps=9 rep=9/10: frame progress 90/100 (90.0%)
[2026-02-28 18:43:22] eps=6 rep=9/10: frame progress 100/100 (100.0%)
[2026-02-28 18:43:22] eps=6 rep=8/10: frame progress 100/100 (100.0%)
[2026-02-28 18:43:22] eps=6 rep=10/10: frame progress 100/100 (100.0%)
[2026-02-28 18:43:22] eps=9 rep=10/10: frame progress 90/100 (90.0%)
[2026-02-28 18:43:22] eps=6 rep=9/10: done
[2026-02-28 18:43:22] eps=12 rep=3/9: start (eps_12/rep_007/trajectory.gsd)
[2026-02-28 18:43:22] eps=6 rep=7/10: frame progress 100/100 (100.0%)
[2026-02-28 18:43:22] eps=6 rep=8/10: done
[2026-02-28 18:43:22] eps=12 rep=4/9: start (eps_12/rep_006/trajectory.gsd)
[2026-02-28 18:43:22] eps=6 rep=10/10: done
[2026-02-28 18:43:22] eps=12 rep=5/9: start (eps_12/rep_005/trajectory.gsd)
[2026-02-28 18:43:22] eps=6 rep=7/10: done
[2026-02-28 18:43:22] eps=12 rep=6/9: start (eps_12/rep_010/trajectory.gsd)
[2026-02-28 18:43:23] eps=12 rep=1/9: frame progress 90/100 (90.0%)
[2026-02-28 18:43:24] eps=12 rep=2/9: frame progress 90/100 (90.0%)
[2026-02-28 18:43:24] eps=9 rep=4/10: frame progress 100/100 (100.0%)
[2026-02-28 18:43:24] eps=9 rep=3/10: frame progress 100/100 (100.0%)
[2026-02-28 18:43:24] eps=9 rep=1/10: frame progress 100/100 (100.0%)
[2026-02-28 18:43:24] eps=9 rep=2/10: frame progress 100/100 (100.0%)
[2026-02-28 18:43:24] eps=9 rep=5/10: frame progress 100/100 (100.0%)
[2026-02-28 18:43:24] eps=9 rep=6/10: frame progress 100/100 (100.0%)
[2026-02-28 18:43:24] eps=9 rep=4/10: done
[2026-02-28 18:43:24] eps=9 rep=3/10: done
[2026-02-28 18:43:24] eps=12 rep=7/9: start (eps_12/rep_009/trajectory.gsd)
[2026-02-28 18:43:24] eps=12 rep=8/9: start (eps_12/rep_002/trajectory.gsd)
[2026-02-28 18:43:24] eps=9 rep=1/10: done
[2026-02-28 18:43:24] eps=12 rep=9/9: start (eps_12/rep_001/trajectory.gsd)
[2026-02-28 18:43:24] eps=9 rep=2/10: done
[2026-02-28 18:43:24] eps=9 rep=5/10: done
[2026-02-28 18:43:24] eps=9 rep=6/10: done
[2026-02-28 18:43:24] eps=15 rep=1/10: start (eps_15/rep_004/trajectory.gsd)
[2026-02-28 18:43:24] eps=15 rep=2/10: start (eps_15/rep_003/trajectory.gsd)
[2026-02-28 18:43:24] eps=15 rep=3/10: start (eps_15/rep_007/trajectory.gsd)
[2026-02-28 18:43:25] eps=9 rep=8/10: frame progress 100/100 (100.0%)
[2026-02-28 18:43:25] eps=9 rep=7/10: frame progress 100/100 (100.0%)
[2026-02-28 18:43:25] eps=9 rep=9/10: frame progress 100/100 (100.0%)
[2026-02-28 18:43:25] eps=9 rep=8/10: done
[2026-02-28 18:43:25] eps=12 rep=3/9: frame progress 10/100 (10.0%)
[2026-02-28 18:43:25] eps=9 rep=7/10: done
[2026-02-28 18:43:25] eps=9 rep=10/10: frame progress 100/100 (100.0%)
[2026-02-28 18:43:25] eps=15 rep=4/10: start (eps_15/rep_006/trajectory.gsd)
[2026-02-28 18:43:25] eps=9 rep=9/10: done
[2026-02-28 18:43:25] eps=15 rep=5/10: start (eps_15/rep_005/trajectory.gsd)
[2026-02-28 18:43:25] eps=15 rep=6/10: start (eps_15/rep_010/trajectory.gsd)
[2026-02-28 18:43:25] eps=12 rep=4/9: frame progress 10/100 (10.0%)
[2026-02-28 18:43:25] eps=12 rep=5/9: frame progress 10/100 (10.0%)
[2026-02-28 18:43:25] eps=12 rep=6/9: frame progress 10/100 (10.0%)
[2026-02-28 18:43:25] eps=9 rep=10/10: done
[2026-02-28 18:43:25] eps=15 rep=7/10: start (eps_15/rep_009/trajectory.gsd)
[2026-02-28 18:43:27] eps=12 rep=1/9: frame progress 100/100 (100.0%)
[2026-02-28 18:43:27] eps=12 rep=1/9: done
[2026-02-28 18:43:27] eps=15 rep=8/10: start (eps_15/rep_008/trajectory.gsd)
[2026-02-28 18:43:27] eps=12 rep=2/9: frame progress 100/100 (100.0%)
[2026-02-28 18:43:27] eps=12 rep=7/9: frame progress 10/100 (10.0%)
[2026-02-28 18:43:27] eps=12 rep=2/9: done
[2026-02-28 18:43:27] eps=15 rep=9/10: start (eps_15/rep_002/trajectory.gsd)
[2026-02-28 18:43:28] eps=12 rep=8/9: frame progress 10/100 (10.0%)
[2026-02-28 18:43:28] eps=15 rep=3/10: frame progress 10/100 (10.0%)
[2026-02-28 18:43:28] eps=15 rep=1/10: frame progress 10/100 (10.0%)
[2026-02-28 18:43:28] eps=15 rep=2/10: frame progress 10/100 (10.0%)
[2026-02-28 18:43:28] eps=12 rep=9/9: frame progress 10/100 (10.0%)
[2026-02-28 18:43:28] eps=12 rep=3/9: frame progress 20/100 (20.0%)
[2026-02-28 18:43:28] eps=12 rep=4/9: frame progress 20/100 (20.0%)
[2026-02-28 18:43:28] eps=15 rep=4/10: frame progress 10/100 (10.0%)
[2026-02-28 18:43:28] eps=12 rep=5/9: frame progress 20/100 (20.0%)
[2026-02-28 18:43:28] eps=15 rep=6/10: frame progress 10/100 (10.0%)
[2026-02-28 18:43:28] eps=15 rep=5/10: frame progress 10/100 (10.0%)
[2026-02-28 18:43:28] eps=12 rep=6/9: frame progress 20/100 (20.0%)
[2026-02-28 18:43:29] eps=15 rep=7/10: frame progress 10/100 (10.0%)
[2026-02-28 18:43:30] eps=15 rep=8/10: frame progress 10/100 (10.0%)
[2026-02-28 18:43:31] eps=12 rep=7/9: frame progress 20/100 (20.0%)
[2026-02-28 18:43:31] eps=12 rep=8/9: frame progress 20/100 (20.0%)
[2026-02-28 18:43:31] eps=15 rep=9/10: frame progress 10/100 (10.0%)
[2026-02-28 18:43:31] eps=15 rep=2/10: frame progress 20/100 (20.0%)
[2026-02-28 18:43:31] eps=15 rep=3/10: frame progress 20/100 (20.0%)
[2026-02-28 18:43:31] eps=15 rep=1/10: frame progress 20/100 (20.0%)
[2026-02-28 18:43:31] eps=12 rep=9/9: frame progress 20/100 (20.0%)
[2026-02-28 18:43:31] eps=15 rep=4/10: frame progress 20/100 (20.0%)
[2026-02-28 18:43:32] eps=15 rep=6/10: frame progress 20/100 (20.0%)
[2026-02-28 18:43:32] eps=15 rep=5/10: frame progress 20/100 (20.0%)
[2026-02-28 18:43:32] eps=12 rep=3/9: frame progress 30/100 (30.0%)
[2026-02-28 18:43:32] eps=12 rep=4/9: frame progress 30/100 (30.0%)
[2026-02-28 18:43:32] eps=12 rep=5/9: frame progress 30/100 (30.0%)
[2026-02-28 18:43:32] eps=12 rep=6/9: frame progress 30/100 (30.0%)
[2026-02-28 18:43:32] eps=15 rep=7/10: frame progress 20/100 (20.0%)
[2026-02-28 18:43:33] eps=15 rep=8/10: frame progress 20/100 (20.0%)
[2026-02-28 18:43:34] eps=12 rep=7/9: frame progress 30/100 (30.0%)
[2026-02-28 18:43:34] eps=12 rep=8/9: frame progress 30/100 (30.0%)
[2026-02-28 18:43:34] eps=15 rep=9/10: frame progress 20/100 (20.0%)
[2026-02-28 18:43:34] eps=15 rep=2/10: frame progress 30/100 (30.0%)
[2026-02-28 18:43:34] eps=12 rep=9/9: frame progress 30/100 (30.0%)
[2026-02-28 18:43:34] eps=15 rep=1/10: frame progress 30/100 (30.0%)
[2026-02-28 18:43:34] eps=15 rep=3/10: frame progress 30/100 (30.0%)
[2026-02-28 18:43:35] eps=15 rep=4/10: frame progress 30/100 (30.0%)
[2026-02-28 18:43:35] eps=15 rep=6/10: frame progress 30/100 (30.0%)
[2026-02-28 18:43:35] eps=15 rep=5/10: frame progress 30/100 (30.0%)
[2026-02-28 18:43:35] eps=12 rep=3/9: frame progress 40/100 (40.0%)
[2026-02-28 18:43:35] eps=12 rep=4/9: frame progress 40/100 (40.0%)
[2026-02-28 18:43:35] eps=12 rep=5/9: frame progress 40/100 (40.0%)
[2026-02-28 18:43:35] eps=15 rep=7/10: frame progress 30/100 (30.0%)
[2026-02-28 18:43:35] eps=12 rep=6/9: frame progress 40/100 (40.0%)
[2026-02-28 18:43:37] eps=15 rep=8/10: frame progress 30/100 (30.0%)
[2026-02-28 18:43:37] eps=12 rep=7/9: frame progress 40/100 (40.0%)
[2026-02-28 18:43:38] eps=12 rep=8/9: frame progress 40/100 (40.0%)
[2026-02-28 18:43:38] eps=15 rep=9/10: frame progress 30/100 (30.0%)
[2026-02-28 18:43:38] eps=15 rep=2/10: frame progress 40/100 (40.0%)
[2026-02-28 18:43:38] eps=12 rep=9/9: frame progress 40/100 (40.0%)
[2026-02-28 18:43:38] eps=15 rep=3/10: frame progress 40/100 (40.0%)
[2026-02-28 18:43:38] eps=15 rep=1/10: frame progress 40/100 (40.0%)
[2026-02-28 18:43:38] eps=15 rep=6/10: frame progress 40/100 (40.0%)
[2026-02-28 18:43:38] eps=15 rep=4/10: frame progress 40/100 (40.0%)
[2026-02-28 18:43:38] eps=15 rep=5/10: frame progress 40/100 (40.0%)
[2026-02-28 18:43:39] eps=12 rep=4/9: frame progress 50/100 (50.0%)
[2026-02-28 18:43:39] eps=12 rep=3/9: frame progress 50/100 (50.0%)
[2026-02-28 18:43:39] eps=12 rep=5/9: frame progress 50/100 (50.0%)
[2026-02-28 18:43:39] eps=15 rep=7/10: frame progress 40/100 (40.0%)
[2026-02-28 18:43:39] eps=12 rep=6/9: frame progress 50/100 (50.0%)
[2026-02-28 18:43:40] eps=15 rep=8/10: frame progress 40/100 (40.0%)
[2026-02-28 18:43:41] eps=12 rep=7/9: frame progress 50/100 (50.0%)
[2026-02-28 18:43:41] eps=12 rep=8/9: frame progress 50/100 (50.0%)
[2026-02-28 18:43:41] eps=15 rep=9/10: frame progress 40/100 (40.0%)
[2026-02-28 18:43:41] eps=12 rep=9/9: frame progress 50/100 (50.0%)
[2026-02-28 18:43:41] eps=15 rep=2/10: frame progress 50/100 (50.0%)
[2026-02-28 18:43:41] eps=15 rep=3/10: frame progress 50/100 (50.0%)
[2026-02-28 18:43:41] eps=15 rep=1/10: frame progress 50/100 (50.0%)
[2026-02-28 18:43:42] eps=15 rep=6/10: frame progress 50/100 (50.0%)
[2026-02-28 18:43:42] eps=15 rep=4/10: frame progress 50/100 (50.0%)
[2026-02-28 18:43:42] eps=15 rep=5/10: frame progress 50/100 (50.0%)
[2026-02-28 18:43:42] eps=12 rep=4/9: frame progress 60/100 (60.0%)
[2026-02-28 18:43:42] eps=12 rep=5/9: frame progress 60/100 (60.0%)
[2026-02-28 18:43:42] eps=12 rep=3/9: frame progress 60/100 (60.0%)
[2026-02-28 18:43:42] eps=15 rep=7/10: frame progress 50/100 (50.0%)
[2026-02-28 18:43:42] eps=12 rep=6/9: frame progress 60/100 (60.0%)
[2026-02-28 18:43:44] eps=15 rep=8/10: frame progress 50/100 (50.0%)
[2026-02-28 18:43:44] eps=12 rep=7/9: frame progress 60/100 (60.0%)
[2026-02-28 18:43:45] eps=12 rep=8/9: frame progress 60/100 (60.0%)
[2026-02-28 18:43:45] eps=12 rep=9/9: frame progress 60/100 (60.0%)
[2026-02-28 18:43:45] eps=15 rep=9/10: frame progress 50/100 (50.0%)
[2026-02-28 18:43:45] eps=15 rep=2/10: frame progress 60/100 (60.0%)
[2026-02-28 18:43:45] eps=15 rep=3/10: frame progress 60/100 (60.0%)
[2026-02-28 18:43:45] eps=15 rep=1/10: frame progress 60/100 (60.0%)
[2026-02-28 18:43:45] eps=15 rep=6/10: frame progress 60/100 (60.0%)
[2026-02-28 18:43:45] eps=15 rep=4/10: frame progress 60/100 (60.0%)
[2026-02-28 18:43:45] eps=15 rep=5/10: frame progress 60/100 (60.0%)
[2026-02-28 18:43:45] eps=12 rep=4/9: frame progress 70/100 (70.0%)
[2026-02-28 18:43:46] eps=12 rep=5/9: frame progress 70/100 (70.0%)
[2026-02-28 18:43:46] eps=12 rep=3/9: frame progress 70/100 (70.0%)
[2026-02-28 18:43:46] eps=15 rep=7/10: frame progress 60/100 (60.0%)
[2026-02-28 18:43:46] eps=12 rep=6/9: frame progress 70/100 (70.0%)
[2026-02-28 18:43:47] eps=15 rep=8/10: frame progress 60/100 (60.0%)
[2026-02-28 18:43:48] eps=12 rep=7/9: frame progress 70/100 (70.0%)
[2026-02-28 18:43:48] eps=12 rep=8/9: frame progress 70/100 (70.0%)
[2026-02-28 18:43:48] eps=12 rep=9/9: frame progress 70/100 (70.0%)
[2026-02-28 18:43:48] eps=15 rep=2/10: frame progress 70/100 (70.0%)
[2026-02-28 18:43:48] eps=15 rep=9/10: frame progress 60/100 (60.0%)
[2026-02-28 18:43:49] eps=15 rep=3/10: frame progress 70/100 (70.0%)
[2026-02-28 18:43:49] eps=15 rep=1/10: frame progress 70/100 (70.0%)
[2026-02-28 18:43:49] eps=15 rep=6/10: frame progress 70/100 (70.0%)
[2026-02-28 18:43:49] eps=12 rep=4/9: frame progress 80/100 (80.0%)
[2026-02-28 18:43:49] eps=15 rep=4/10: frame progress 70/100 (70.0%)
[2026-02-28 18:43:49] eps=15 rep=5/10: frame progress 70/100 (70.0%)
[2026-02-28 18:43:49] eps=12 rep=5/9: frame progress 80/100 (80.0%)
[2026-02-28 18:43:49] eps=12 rep=3/9: frame progress 80/100 (80.0%)
[2026-02-28 18:43:49] eps=12 rep=6/9: frame progress 80/100 (80.0%)
[2026-02-28 18:43:49] eps=15 rep=7/10: frame progress 70/100 (70.0%)
[2026-02-28 18:43:51] eps=15 rep=8/10: frame progress 70/100 (70.0%)
[2026-02-28 18:43:51] eps=12 rep=7/9: frame progress 80/100 (80.0%)
[2026-02-28 18:43:52] eps=12 rep=8/9: frame progress 80/100 (80.0%)
[2026-02-28 18:43:52] eps=12 rep=9/9: frame progress 80/100 (80.0%)
[2026-02-28 18:43:52] eps=15 rep=2/10: frame progress 80/100 (80.0%)
[2026-02-28 18:43:52] eps=15 rep=9/10: frame progress 70/100 (70.0%)
[2026-02-28 18:43:52] eps=15 rep=3/10: frame progress 80/100 (80.0%)
[2026-02-28 18:43:52] eps=15 rep=1/10: frame progress 80/100 (80.0%)
[2026-02-28 18:43:53] eps=12 rep=4/9: frame progress 90/100 (90.0%)
[2026-02-28 18:43:53] eps=12 rep=5/9: frame progress 90/100 (90.0%)
[2026-02-28 18:43:53] eps=15 rep=6/10: frame progress 80/100 (80.0%)
[2026-02-28 18:43:53] eps=15 rep=5/10: frame progress 80/100 (80.0%)
[2026-02-28 18:43:53] eps=15 rep=4/10: frame progress 80/100 (80.0%)
[2026-02-28 18:43:53] eps=12 rep=3/9: frame progress 90/100 (90.0%)
[2026-02-28 18:43:53] eps=12 rep=6/9: frame progress 90/100 (90.0%)
[2026-02-28 18:43:53] eps=15 rep=7/10: frame progress 80/100 (80.0%)
[2026-02-28 18:43:55] eps=15 rep=8/10: frame progress 80/100 (80.0%)
[2026-02-28 18:43:55] eps=12 rep=7/9: frame progress 90/100 (90.0%)
[2026-02-28 18:43:55] eps=12 rep=8/9: frame progress 90/100 (90.0%)
[2026-02-28 18:43:55] eps=12 rep=9/9: frame progress 90/100 (90.0%)
[2026-02-28 18:43:55] eps=15 rep=2/10: frame progress 90/100 (90.0%)
[2026-02-28 18:43:56] eps=15 rep=9/10: frame progress 80/100 (80.0%)
[2026-02-28 18:43:56] eps=15 rep=3/10: frame progress 90/100 (90.0%)
[2026-02-28 18:43:56] eps=15 rep=1/10: frame progress 90/100 (90.0%)
[2026-02-28 18:43:56] eps=12 rep=4/9: frame progress 100/100 (100.0%)
[2026-02-28 18:43:56] eps=12 rep=5/9: frame progress 100/100 (100.0%)
[2026-02-28 18:43:56] eps=15 rep=4/10: frame progress 90/100 (90.0%)
[2026-02-28 18:43:56] eps=12 rep=4/9: done
[2026-02-28 18:43:56] eps=15 rep=5/10: frame progress 90/100 (90.0%)
[2026-02-28 18:43:56] eps=15 rep=6/10: frame progress 90/100 (90.0%)
[2026-02-28 18:43:56] eps=15 rep=10/10: start (eps_15/rep_001/trajectory.gsd)
[2026-02-28 18:43:56] eps=12 rep=5/9: done
[2026-02-28 18:43:56] eps=18 rep=1/10: start (eps_18/rep_004/trajectory.gsd)
[2026-02-28 18:43:56] eps=12 rep=6/9: frame progress 100/100 (100.0%)
[2026-02-28 18:43:56] eps=12 rep=3/9: frame progress 100/100 (100.0%)
[2026-02-28 18:43:57] eps=15 rep=7/10: frame progress 90/100 (90.0%)
[2026-02-28 18:43:57] eps=12 rep=6/9: done
[2026-02-28 18:43:57] eps=18 rep=2/10: start (eps_18/rep_003/trajectory.gsd)
[2026-02-28 18:43:57] eps=12 rep=3/9: done
[2026-02-28 18:43:57] eps=18 rep=3/10: start (eps_18/rep_007/trajectory.gsd)
[2026-02-28 18:43:58] eps=15 rep=8/10: frame progress 90/100 (90.0%)
[2026-02-28 18:43:59] eps=12 rep=7/9: frame progress 100/100 (100.0%)
[2026-02-28 18:43:59] eps=12 rep=7/9: done
[2026-02-28 18:43:59] eps=18 rep=4/10: start (eps_18/rep_006/trajectory.gsd)
[2026-02-28 18:43:59] eps=12 rep=9/9: frame progress 100/100 (100.0%)
[2026-02-28 18:43:59] eps=12 rep=8/9: frame progress 100/100 (100.0%)
[2026-02-28 18:43:59] eps=15 rep=2/10: frame progress 100/100 (100.0%)
[2026-02-28 18:43:59] eps=15 rep=9/10: frame progress 90/100 (90.0%)
[2026-02-28 18:43:59] eps=12 rep=9/9: done
[2026-02-28 18:43:59] eps=12 rep=8/9: done
[2026-02-28 18:43:59] eps=18 rep=5/10: start (eps_18/rep_005/trajectory.gsd)
[2026-02-28 18:43:59] eps=18 rep=6/10: start (eps_18/rep_010/trajectory.gsd)
[2026-02-28 18:43:59] eps=15 rep=2/10: done
[2026-02-28 18:43:59] eps=18 rep=7/10: start (eps_18/rep_009/trajectory.gsd)
[2026-02-28 18:44:00] eps=15 rep=3/10: frame progress 100/100 (100.0%)
[2026-02-28 18:44:00] eps=15 rep=1/10: frame progress 100/100 (100.0%)
[2026-02-28 18:44:00] eps=15 rep=10/10: frame progress 10/100 (10.0%)
[2026-02-28 18:44:00] eps=18 rep=1/10: frame progress 10/100 (10.0%)
[2026-02-28 18:44:00] eps=15 rep=3/10: done
[2026-02-28 18:44:00] eps=18 rep=8/10: start (eps_18/rep_008/trajectory.gsd)
[2026-02-28 18:44:00] eps=15 rep=1/10: done
[2026-02-28 18:44:00] eps=18 rep=9/10: start (eps_18/rep_002/trajectory.gsd)
[2026-02-28 18:44:00] eps=15 rep=4/10: frame progress 100/100 (100.0%)
[2026-02-28 18:44:00] eps=15 rep=6/10: frame progress 100/100 (100.0%)
[2026-02-28 18:44:00] eps=15 rep=5/10: frame progress 100/100 (100.0%)
[2026-02-28 18:44:00] eps=18 rep=2/10: frame progress 10/100 (10.0%)
[2026-02-28 18:44:00] eps=18 rep=3/10: frame progress 10/100 (10.0%)
[2026-02-28 18:44:00] eps=15 rep=4/10: done
[2026-02-28 18:44:00] eps=15 rep=6/10: done
[2026-02-28 18:44:00] eps=15 rep=5/10: done
[2026-02-28 18:44:00] eps=18 rep=10/10: start (eps_18/rep_001/trajectory.gsd)
[2026-02-28 18:44:00] eps=15 rep=7/10: frame progress 100/100 (100.0%)
[2026-02-28 18:44:00] eps=15 rep=7/10: done
[2026-02-28 18:44:02] eps=15 rep=8/10: frame progress 100/100 (100.0%)
[2026-02-28 18:44:02] eps=18 rep=4/10: frame progress 10/100 (10.0%)
[2026-02-28 18:44:02] eps=15 rep=8/10: done
[2026-02-28 18:44:02] eps=18 rep=6/10: frame progress 10/100 (10.0%)
[2026-02-28 18:44:03] eps=18 rep=5/10: frame progress 10/100 (10.0%)
[2026-02-28 18:44:03] eps=18 rep=7/10: frame progress 10/100 (10.0%)
[2026-02-28 18:44:03] eps=18 rep=1/10: frame progress 20/100 (20.0%)
[2026-02-28 18:44:03] eps=15 rep=10/10: frame progress 20/100 (20.0%)
[2026-02-28 18:44:03] eps=15 rep=9/10: frame progress 100/100 (100.0%)
[2026-02-28 18:44:03] eps=15 rep=9/10: done
[2026-02-28 18:44:03] eps=18 rep=8/10: frame progress 10/100 (10.0%)
[2026-02-28 18:44:03] eps=18 rep=2/10: frame progress 20/100 (20.0%)
[2026-02-28 18:44:03] eps=18 rep=9/10: frame progress 10/100 (10.0%)
[2026-02-28 18:44:03] eps=18 rep=3/10: frame progress 20/100 (20.0%)
[2026-02-28 18:44:03] eps=18 rep=10/10: frame progress 10/100 (10.0%)
[2026-02-28 18:44:05] eps=18 rep=4/10: frame progress 20/100 (20.0%)
[2026-02-28 18:44:06] eps=18 rep=6/10: frame progress 20/100 (20.0%)
[2026-02-28 18:44:06] eps=18 rep=5/10: frame progress 20/100 (20.0%)
[2026-02-28 18:44:06] eps=18 rep=7/10: frame progress 20/100 (20.0%)
[2026-02-28 18:44:06] eps=18 rep=1/10: frame progress 30/100 (30.0%)
[2026-02-28 18:44:06] eps=15 rep=10/10: frame progress 30/100 (30.0%)
[2026-02-28 18:44:06] eps=18 rep=8/10: frame progress 20/100 (20.0%)
[2026-02-28 18:44:06] eps=18 rep=9/10: frame progress 20/100 (20.0%)
[2026-02-28 18:44:06] eps=18 rep=2/10: frame progress 30/100 (30.0%)
[2026-02-28 18:44:06] eps=18 rep=3/10: frame progress 30/100 (30.0%)
[2026-02-28 18:44:06] eps=18 rep=10/10: frame progress 20/100 (20.0%)
[2026-02-28 18:44:08] eps=18 rep=4/10: frame progress 30/100 (30.0%)
[2026-02-28 18:44:09] eps=18 rep=6/10: frame progress 30/100 (30.0%)
[2026-02-28 18:44:09] eps=18 rep=5/10: frame progress 30/100 (30.0%)
[2026-02-28 18:44:09] eps=18 rep=7/10: frame progress 30/100 (30.0%)
[2026-02-28 18:44:09] eps=15 rep=10/10: frame progress 40/100 (40.0%)
[2026-02-28 18:44:09] eps=18 rep=1/10: frame progress 40/100 (40.0%)
[2026-02-28 18:44:09] eps=18 rep=8/10: frame progress 30/100 (30.0%)
[2026-02-28 18:44:09] eps=18 rep=9/10: frame progress 30/100 (30.0%)
[2026-02-28 18:44:10] eps=18 rep=2/10: frame progress 40/100 (40.0%)
[2026-02-28 18:44:10] eps=18 rep=3/10: frame progress 40/100 (40.0%)
[2026-02-28 18:44:10] eps=18 rep=10/10: frame progress 30/100 (30.0%)
[2026-02-28 18:44:12] eps=18 rep=4/10: frame progress 40/100 (40.0%)
[2026-02-28 18:44:12] eps=18 rep=6/10: frame progress 40/100 (40.0%)
[2026-02-28 18:44:12] eps=18 rep=5/10: frame progress 40/100 (40.0%)
[2026-02-28 18:44:12] eps=18 rep=7/10: frame progress 40/100 (40.0%)
[2026-02-28 18:44:12] eps=18 rep=1/10: frame progress 50/100 (50.0%)
[2026-02-28 18:44:13] eps=15 rep=10/10: frame progress 50/100 (50.0%)
[2026-02-28 18:44:13] eps=18 rep=8/10: frame progress 40/100 (40.0%)
[2026-02-28 18:44:13] eps=18 rep=9/10: frame progress 40/100 (40.0%)
[2026-02-28 18:44:13] eps=18 rep=2/10: frame progress 50/100 (50.0%)
[2026-02-28 18:44:13] eps=18 rep=10/10: frame progress 40/100 (40.0%)
[2026-02-28 18:44:13] eps=18 rep=3/10: frame progress 50/100 (50.0%)
[2026-02-28 18:44:15] eps=18 rep=4/10: frame progress 50/100 (50.0%)
[2026-02-28 18:44:15] eps=18 rep=6/10: frame progress 50/100 (50.0%)
[2026-02-28 18:44:16] eps=18 rep=5/10: frame progress 50/100 (50.0%)
[2026-02-28 18:44:16] eps=18 rep=7/10: frame progress 50/100 (50.0%)
[2026-02-28 18:44:16] eps=18 rep=1/10: frame progress 60/100 (60.0%)
[2026-02-28 18:44:16] eps=15 rep=10/10: frame progress 60/100 (60.0%)
[2026-02-28 18:44:16] eps=18 rep=8/10: frame progress 50/100 (50.0%)
[2026-02-28 18:44:16] eps=18 rep=9/10: frame progress 50/100 (50.0%)
[2026-02-28 18:44:16] eps=18 rep=2/10: frame progress 60/100 (60.0%)
[2026-02-28 18:44:16] eps=18 rep=10/10: frame progress 50/100 (50.0%)
[2026-02-28 18:44:16] eps=18 rep=3/10: frame progress 60/100 (60.0%)
[2026-02-28 18:44:18] eps=18 rep=4/10: frame progress 60/100 (60.0%)
[2026-02-28 18:44:19] eps=18 rep=6/10: frame progress 60/100 (60.0%)
[2026-02-28 18:44:19] eps=18 rep=5/10: frame progress 60/100 (60.0%)
[2026-02-28 18:44:19] eps=18 rep=7/10: frame progress 60/100 (60.0%)
[2026-02-28 18:44:19] eps=18 rep=1/10: frame progress 70/100 (70.0%)
[2026-02-28 18:44:19] eps=15 rep=10/10: frame progress 70/100 (70.0%)
[2026-02-28 18:44:19] eps=18 rep=8/10: frame progress 60/100 (60.0%)
[2026-02-28 18:44:20] eps=18 rep=9/10: frame progress 60/100 (60.0%)
[2026-02-28 18:44:20] eps=18 rep=2/10: frame progress 70/100 (70.0%)
[2026-02-28 18:44:20] eps=18 rep=10/10: frame progress 60/100 (60.0%)
[2026-02-28 18:44:20] eps=18 rep=3/10: frame progress 70/100 (70.0%)
[2026-02-28 18:44:22] eps=18 rep=4/10: frame progress 70/100 (70.0%)
[2026-02-28 18:44:22] eps=18 rep=6/10: frame progress 70/100 (70.0%)
[2026-02-28 18:44:22] eps=18 rep=7/10: frame progress 70/100 (70.0%)
[2026-02-28 18:44:22] eps=18 rep=5/10: frame progress 70/100 (70.0%)
[2026-02-28 18:44:23] eps=18 rep=1/10: frame progress 80/100 (80.0%)
[2026-02-28 18:44:23] eps=15 rep=10/10: frame progress 80/100 (80.0%)
[2026-02-28 18:44:23] eps=18 rep=8/10: frame progress 70/100 (70.0%)
[2026-02-28 18:44:23] eps=18 rep=9/10: frame progress 70/100 (70.0%)
[2026-02-28 18:44:23] eps=18 rep=2/10: frame progress 80/100 (80.0%)
[2026-02-28 18:44:23] eps=18 rep=10/10: frame progress 70/100 (70.0%)
[2026-02-28 18:44:23] eps=18 rep=3/10: frame progress 80/100 (80.0%)
[2026-02-28 18:44:25] eps=18 rep=4/10: frame progress 80/100 (80.0%)
[2026-02-28 18:44:26] eps=18 rep=6/10: frame progress 80/100 (80.0%)
[2026-02-28 18:44:26] eps=18 rep=7/10: frame progress 80/100 (80.0%)
[2026-02-28 18:44:26] eps=18 rep=5/10: frame progress 80/100 (80.0%)
[2026-02-28 18:44:26] eps=18 rep=1/10: frame progress 90/100 (90.0%)
[2026-02-28 18:44:27] eps=15 rep=10/10: frame progress 90/100 (90.0%)
[2026-02-28 18:44:27] eps=18 rep=8/10: frame progress 80/100 (80.0%)
[2026-02-28 18:44:27] eps=18 rep=9/10: frame progress 80/100 (80.0%)
[2026-02-28 18:44:27] eps=18 rep=2/10: frame progress 90/100 (90.0%)
[2026-02-28 18:44:27] eps=18 rep=10/10: frame progress 80/100 (80.0%)
[2026-02-28 18:44:28] eps=18 rep=3/10: frame progress 90/100 (90.0%)
[2026-02-28 18:44:29] eps=18 rep=4/10: frame progress 90/100 (90.0%)
[2026-02-28 18:44:29] eps=18 rep=6/10: frame progress 90/100 (90.0%)
[2026-02-28 18:44:29] eps=18 rep=7/10: frame progress 90/100 (90.0%)
[2026-02-28 18:44:30] eps=18 rep=5/10: frame progress 90/100 (90.0%)
[2026-02-28 18:44:30] eps=18 rep=1/10: frame progress 100/100 (100.0%)
[2026-02-28 18:44:30] eps=15 rep=10/10: frame progress 100/100 (100.0%)
[2026-02-28 18:44:30] eps=18 rep=1/10: done
[2026-02-28 18:44:30] eps=18 rep=8/10: frame progress 90/100 (90.0%)
[2026-02-28 18:44:30] eps=15 rep=10/10: done
[2026-02-28 18:44:30] eps=18 rep=9/10: frame progress 90/100 (90.0%)
[2026-02-28 18:44:31] eps=18 rep=2/10: frame progress 100/100 (100.0%)
[2026-02-28 18:44:31] eps=18 rep=2/10: done
[2026-02-28 18:44:31] eps=18 rep=10/10: frame progress 90/100 (90.0%)
[2026-02-28 18:44:31] eps=18 rep=3/10: frame progress 100/100 (100.0%)
[2026-02-28 18:44:31] eps=18 rep=3/10: done
[2026-02-28 18:44:32] eps=18 rep=4/10: frame progress 100/100 (100.0%)
[2026-02-28 18:44:32] eps=18 rep=4/10: done
[2026-02-28 18:44:32] eps=18 rep=6/10: frame progress 100/100 (100.0%)
[2026-02-28 18:44:33] eps=18 rep=6/10: done
[2026-02-28 18:44:33] eps=18 rep=7/10: frame progress 100/100 (100.0%)
[2026-02-28 18:44:33] eps=18 rep=7/10: done
[2026-02-28 18:44:33] eps=18 rep=5/10: frame progress 100/100 (100.0%)
[2026-02-28 18:44:33] eps=18 rep=5/10: done
[2026-02-28 18:44:34] eps=18 rep=8/10: frame progress 100/100 (100.0%)
[2026-02-28 18:44:34] eps=18 rep=8/10: done
[2026-02-28 18:44:34] eps=18 rep=9/10: frame progress 100/100 (100.0%)
[2026-02-28 18:44:34] eps=18 rep=9/10: done
[2026-02-28 18:44:34] eps=18 rep=10/10: frame progress 100/100 (100.0%)
[2026-02-28 18:44:34] eps=18 rep=10/10: done
[2026-02-28 18:44:34] Completed parallel analysis for 59 runs
[2026-02-28 18:44:34] Aggregating epsilon group 1/6: eps=3, replicates=10
[2026-02-28 18:44:34] Writing outputs for eps=3 to /scratch/gpfs/WEBB/chertok/REACTIVELJ_PAPER/simulation_package/melt/analysis/results/eps_3
[2026-02-28 18:44:35] Finished epsilon group eps=3
[2026-02-28 18:44:35] Aggregating epsilon group 2/6: eps=6, replicates=10
[2026-02-28 18:44:35] Writing outputs for eps=6 to /scratch/gpfs/WEBB/chertok/REACTIVELJ_PAPER/simulation_package/melt/analysis/results/eps_6
[2026-02-28 18:44:35] Finished epsilon group eps=6
[2026-02-28 18:44:35] Aggregating epsilon group 3/6: eps=9, replicates=10
[2026-02-28 18:44:35] Writing outputs for eps=9 to /scratch/gpfs/WEBB/chertok/REACTIVELJ_PAPER/simulation_package/melt/analysis/results/eps_9
[2026-02-28 18:44:35] Finished epsilon group eps=9
[2026-02-28 18:44:35] Aggregating epsilon group 4/6: eps=12, replicates=9
[2026-02-28 18:44:35] Writing outputs for eps=12 to /scratch/gpfs/WEBB/chertok/REACTIVELJ_PAPER/simulation_package/melt/analysis/results/eps_12
[2026-02-28 18:44:36] Finished epsilon group eps=12
[2026-02-28 18:44:36] Aggregating epsilon group 5/6: eps=15, replicates=10
[2026-02-28 18:44:36] Writing outputs for eps=15 to /scratch/gpfs/WEBB/chertok/REACTIVELJ_PAPER/simulation_package/melt/analysis/results/eps_15
[2026-02-28 18:44:36] Finished epsilon group eps=15
[2026-02-28 18:44:36] Aggregating epsilon group 6/6: eps=18, replicates=10
[2026-02-28 18:44:36] Writing outputs for eps=18 to /scratch/gpfs/WEBB/chertok/REACTIVELJ_PAPER/simulation_package/melt/analysis/results/eps_18
[2026-02-28 18:44:36] Finished epsilon group eps=18
[2026-02-28 18:44:36] Wrote /scratch/gpfs/WEBB/chertok/REACTIVELJ_PAPER/simulation_package/melt/analysis/results/summary.json
[2026-02-28 18:44:36] Wrote /scratch/gpfs/WEBB/chertok/REACTIVELJ_PAPER/simulation_package/melt/analysis/results/summary.csv
[2026-02-28 18:44:38] Analysis complete
[2026-02-28 18:44:39] Step 7/8 complete: Analysis finished in 140 seconds
[2026-02-28 18:44:39] Step 8/8: Job complete in 142 seconds total
