Initialization: placed 200/4000 chains (fraction_accepted=1.0000)
Initialization: placed 400/4000 chains (fraction_accepted=1.0000)
Initialization: placed 600/4000 chains (fraction_accepted=1.0000)
Initialization: placed 800/4000 chains (fraction_accepted=1.0000)
Initialization: placed 1000/4000 chains (fraction_accepted=0.9990)
Initialization: placed 1200/4000 chains (fraction_accepted=0.9983)
Initialization: placed 1400/4000 chains (fraction_accepted=0.9986)
Initialization: placed 1600/4000 chains (fraction_accepted=0.9988)
Initialization: placed 1800/4000 chains (fraction_accepted=0.9989)
Initialization: placed 2000/4000 chains (fraction_accepted=0.9975)
Initialization: placed 2200/4000 chains (fraction_accepted=0.9964)
Initialization: placed 2400/4000 chains (fraction_accepted=0.9954)
Initialization: placed 2600/4000 chains (fraction_accepted=0.9924)
Initialization: placed 2800/4000 chains (fraction_accepted=0.9863)
Initialization: placed 3000/4000 chains (fraction_accepted=0.9817)
Initialization: placed 3200/4000 chains (fraction_accepted=0.9741)
Initialization: placed 3400/4000 chains (fraction_accepted=0.9599)
Initialization: placed 3600/4000 chains (fraction_accepted=0.9341)
Initialization: placed 3800/4000 chains (fraction_accepted=0.8954)
Initialization: placed 4000/4000 chains (fraction_accepted=0.8306)
Initialization: chain placement complete.
Stage=unsticky_equil start steps=100000
Stage=unsticky_equil done
Stage=enable_reactive start
Stage=enable_reactive info=ReactiveLJ disabled (epsilon<=0); using WCA-only sticky-sticky interactions.
Stage=enable_reactive done
Stage=reactive_equil start steps=1000000 mode=WCA_fallback
Stage=reactive_equil done mode=WCA_fallback
Stage=production start steps=8082000 runtime_tau_R0=10.000
[2026-03-23T02:21:11.015] error: *** JOB 2317960 ON tiger-g06c4g2 CANCELLED AT 2026-03-23T02:21:11 DUE TO TIME LIMIT ***
