Initialization: placed 200/4000 chains (fraction_accepted=1.0000)
Initialization: placed 400/4000 chains (fraction_accepted=1.0000)
Initialization: placed 600/4000 chains (fraction_accepted=1.0000)
Initialization: placed 800/4000 chains (fraction_accepted=1.0000)
Initialization: placed 1000/4000 chains (fraction_accepted=1.0000)
Initialization: placed 1200/4000 chains (fraction_accepted=1.0000)
Initialization: placed 1400/4000 chains (fraction_accepted=1.0000)
Initialization: placed 1600/4000 chains (fraction_accepted=1.0000)
Initialization: placed 1800/4000 chains (fraction_accepted=0.9994)
Initialization: placed 2000/4000 chains (fraction_accepted=0.9985)
Initialization: placed 2200/4000 chains (fraction_accepted=0.9973)
Initialization: placed 2400/4000 chains (fraction_accepted=0.9963)
Initialization: placed 2600/4000 chains (fraction_accepted=0.9939)
Initialization: placed 2800/4000 chains (fraction_accepted=0.9912)
Initialization: placed 3000/4000 chains (fraction_accepted=0.9833)
Initialization: placed 3200/4000 chains (fraction_accepted=0.9756)
Initialization: placed 3400/4000 chains (fraction_accepted=0.9656)
Initialization: placed 3600/4000 chains (fraction_accepted=0.9402)
Initialization: placed 3800/4000 chains (fraction_accepted=0.9082)
Initialization: placed 4000/4000 chains (fraction_accepted=0.8423)
Initialization: chain placement complete.
Stage=unsticky_equil start steps=100000
Stage=unsticky_equil done
Stage=enable_reactive start
Stage=enable_reactive info=ReactiveLJ disabled (epsilon<=0); using WCA-only sticky-sticky interactions.
Stage=enable_reactive done
Stage=reactive_equil start steps=1000000 mode=WCA_fallback
Stage=reactive_equil done mode=WCA_fallback
Stage=production start steps=8082000 runtime_tau_R0=10.000
[2026-03-23T02:21:11.014] error: *** JOB 2317961 ON tiger-g06c4g2 CANCELLED AT 2026-03-23T02:21:11 DUE TO TIME LIMIT ***
