[2026-03-23 17:42:38] Step 1/8: Purging modules
[2026-03-23 17:42:38] Step 2/8: Sourcing ~/.bashrc
[2026-03-23 17:42:39] Step 3/8: Loading anaconda module
[2026-03-23 17:42:39] Step 4/8: Activating conda environment
[2026-03-23 17:42:40] Step 5/8: Changing directory to /scratch/gpfs/WEBB/chertok/REACTIVELJ_PAPER/simulation_package/melt
[2026-03-23 17:42:40] Step 6/8: Ensuring logs directory exists
[2026-03-23 17:42:40] Step 7/8: Starting trajectory analysis
[2026-03-23 17:42:46] Scanning trajectories under /scratch/gpfs/WEBB/chertok/REACTIVELJ_PAPER/simulation_package/melt/data_generation/outputs
[2026-03-23 17:42:46] Discovered 49 trajectory/metadata pairs
[2026-03-23 17:42:46] Grouped runs into 5 epsilon values
[2026-03-23 17:42:46] Queueing epsilon group 1/5: eps=0, replicates=10
[2026-03-23 17:42:46] Queueing epsilon group 2/5: eps=6, replicates=10
[2026-03-23 17:42:46] Queueing epsilon group 3/5: eps=12, replicates=9
[2026-03-23 17:42:46] Queueing epsilon group 4/5: eps=15, replicates=10
[2026-03-23 17:42:46] Queueing epsilon group 5/5: eps=18, replicates=10
[2026-03-23 17:42:46] Starting parallel analysis with 64 workers on 49 runs
[2026-03-23 17:42:47] eps=0 rep=2/10: start (eps_0/rep_003/trajectory.gsd)
[2026-03-23 17:42:47] eps=0 rep=8/10: start (eps_0/rep_008/trajectory.gsd)
[2026-03-23 17:42:47] eps=0 rep=3/10: start (eps_0/rep_007/trajectory.gsd)
[2026-03-23 17:42:47] eps=0 rep=5/10: start (eps_0/rep_005/trajectory.gsd)
[2026-03-23 17:42:47] eps=0 rep=9/10: start (eps_0/rep_002/trajectory.gsd)
[2026-03-23 17:42:47] eps=0 rep=4/10: start (eps_0/rep_006/trajectory.gsd)
[2026-03-23 17:42:47] eps=0 rep=7/10: start (eps_0/rep_009/trajectory.gsd)
[2026-03-23 17:42:47] eps=0 rep=6/10: start (eps_0/rep_010/trajectory.gsd)
[2026-03-23 17:42:47] eps=6 rep=1/10: start (eps_6/rep_004/trajectory.gsd)
[2026-03-23 17:42:47] eps=6 rep=2/10: start (eps_6/rep_003/trajectory.gsd)
[2026-03-23 17:42:47] eps=0 rep=1/10: start (eps_0/rep_004/trajectory.gsd)
[2026-03-23 17:42:47] eps=0 rep=10/10: start (eps_0/rep_001/trajectory.gsd)
[2026-03-23 17:42:47] eps=6 rep=3/10: start (eps_6/rep_007/trajectory.gsd)
[2026-03-23 17:42:47] eps=6 rep=5/10: start (eps_6/rep_005/trajectory.gsd)
[2026-03-23 17:42:47] eps=6 rep=7/10: start (eps_6/rep_009/trajectory.gsd)
[2026-03-23 17:42:47] eps=6 rep=4/10: start (eps_6/rep_006/trajectory.gsd)
[2026-03-23 17:42:47] eps=6 rep=8/10: start (eps_6/rep_008/trajectory.gsd)
[2026-03-23 17:42:47] eps=6 rep=6/10: start (eps_6/rep_010/trajectory.gsd)
[2026-03-23 17:42:47] eps=6 rep=9/10: start (eps_6/rep_002/trajectory.gsd)
[2026-03-23 17:42:47] eps=6 rep=10/10: start (eps_6/rep_001/trajectory.gsd)
[2026-03-23 17:42:47] eps=12 rep=4/9: start (eps_12/rep_006/trajectory.gsd)
[2026-03-23 17:42:47] eps=12 rep=3/9: start (eps_12/rep_007/trajectory.gsd)
[2026-03-23 17:42:47] eps=12 rep=1/9: start (eps_12/rep_004/trajectory.gsd)
[2026-03-23 17:42:47] eps=12 rep=2/9: start (eps_12/rep_003/trajectory.gsd)
[2026-03-23 17:42:47] eps=12 rep=5/9: start (eps_12/rep_005/trajectory.gsd)
[2026-03-23 17:42:47] eps=12 rep=6/9: start (eps_12/rep_010/trajectory.gsd)
[2026-03-23 17:42:47] eps=12 rep=7/9: start (eps_12/rep_009/trajectory.gsd)
[2026-03-23 17:42:47] eps=12 rep=8/9: start (eps_12/rep_002/trajectory.gsd)
[2026-03-23 17:42:47] eps=15 rep=1/10: start (eps_15/rep_004/trajectory.gsd)
[2026-03-23 17:42:47] eps=12 rep=9/9: start (eps_12/rep_001/trajectory.gsd)
[2026-03-23 17:42:47] eps=15 rep=2/10: start (eps_15/rep_003/trajectory.gsd)
[2026-03-23 17:42:47] eps=15 rep=6/10: start (eps_15/rep_010/trajectory.gsd)
[2026-03-23 17:42:47] eps=15 rep=3/10: start (eps_15/rep_007/trajectory.gsd)
[2026-03-23 17:42:47] eps=15 rep=4/10: start (eps_15/rep_006/trajectory.gsd)
[2026-03-23 17:42:47] eps=15 rep=7/10: start (eps_15/rep_009/trajectory.gsd)
[2026-03-23 17:42:47] eps=15 rep=5/10: start (eps_15/rep_005/trajectory.gsd)
[2026-03-23 17:42:47] eps=18 rep=1/10: start (eps_18/rep_004/trajectory.gsd)
[2026-03-23 17:42:47] eps=15 rep=9/10: start (eps_15/rep_002/trajectory.gsd)
[2026-03-23 17:42:47] eps=18 rep=2/10: start (eps_18/rep_003/trajectory.gsd)
[2026-03-23 17:42:47] eps=18 rep=3/10: start (eps_18/rep_007/trajectory.gsd)
[2026-03-23 17:42:47] eps=15 rep=10/10: start (eps_15/rep_001/trajectory.gsd)
[2026-03-23 17:42:47] eps=15 rep=8/10: start (eps_15/rep_008/trajectory.gsd)
[2026-03-23 17:42:47] eps=18 rep=4/10: start (eps_18/rep_006/trajectory.gsd)
[2026-03-23 17:42:47] eps=18 rep=6/10: start (eps_18/rep_010/trajectory.gsd)
[2026-03-23 17:42:47] eps=18 rep=5/10: start (eps_18/rep_005/trajectory.gsd)
[2026-03-23 17:42:47] eps=18 rep=8/10: start (eps_18/rep_008/trajectory.gsd)
[2026-03-23 17:42:47] eps=18 rep=10/10: start (eps_18/rep_001/trajectory.gsd)
[2026-03-23 17:42:47] eps=18 rep=7/10: start (eps_18/rep_009/trajectory.gsd)
[2026-03-23 17:42:47] eps=18 rep=9/10: start (eps_18/rep_002/trajectory.gsd)
[2026-03-23 17:42:57] eps=6 rep=2/10: frame progress 37/379 (9.8%)
[2026-03-23 17:42:57] eps=6 rep=10/10: frame progress 37/370 (10.0%)
[2026-03-23 17:42:58] eps=6 rep=5/10: frame progress 38/381 (10.0%)
[2026-03-23 17:42:58] eps=6 rep=9/10: frame progress 38/383 (9.9%)
[2026-03-23 17:42:58] eps=6 rep=8/10: frame progress 38/384 (9.9%)
[2026-03-23 17:42:58] eps=6 rep=6/10: frame progress 38/385 (9.9%)
[2026-03-23 17:42:58] eps=6 rep=1/10: frame progress 38/384 (9.9%)
[2026-03-23 17:42:58] eps=6 rep=3/10: frame progress 37/379 (9.8%)
[2026-03-23 17:42:58] eps=6 rep=7/10: frame progress 38/384 (9.9%)
[2026-03-23 17:42:58] eps=6 rep=4/10: frame progress 39/392 (9.9%)
[2026-03-23 17:42:58] eps=12 rep=2/9: frame progress 37/376 (9.8%)
[2026-03-23 17:42:58] eps=12 rep=4/9: frame progress 37/375 (9.9%)
[2026-03-23 17:42:58] eps=12 rep=3/9: frame progress 37/375 (9.9%)
[2026-03-23 17:42:58] eps=18 rep=7/10: frame progress 37/376 (9.8%)
[2026-03-23 17:42:58] eps=18 rep=4/10: frame progress 37/374 (9.9%)
[2026-03-23 17:42:58] eps=18 rep=10/10: frame progress 37/379 (9.8%)
[2026-03-23 17:42:58] eps=18 rep=9/10: frame progress 37/377 (9.8%)
[2026-03-23 17:42:58] eps=15 rep=8/10: frame progress 37/376 (9.8%)
[2026-03-23 17:42:58] eps=12 rep=1/9: frame progress 38/384 (9.9%)
[2026-03-23 17:42:58] eps=15 rep=6/10: frame progress 37/377 (9.8%)
[2026-03-23 17:42:58] eps=12 rep=6/9: frame progress 38/387 (9.8%)
[2026-03-23 17:42:58] eps=12 rep=5/9: frame progress 38/381 (10.0%)
[2026-03-23 17:42:58] eps=12 rep=7/9: frame progress 38/384 (9.9%)
[2026-03-23 17:42:58] eps=15 rep=5/10: frame progress 38/385 (9.9%)
[2026-03-23 17:42:59] eps=15 rep=3/10: frame progress 38/383 (9.9%)
[2026-03-23 17:42:59] eps=12 rep=9/9: frame progress 38/381 (10.0%)
[2026-03-23 17:42:59] eps=18 rep=5/10: frame progress 38/389 (9.8%)
[2026-03-23 17:42:59] eps=18 rep=8/10: frame progress 38/385 (9.9%)
[2026-03-23 17:42:59] eps=18 rep=6/10: frame progress 38/385 (9.9%)
[2026-03-23 17:42:59] eps=12 rep=8/9: frame progress 38/386 (9.8%)
[2026-03-23 17:42:59] eps=15 rep=7/10: frame progress 38/385 (9.9%)
[2026-03-23 17:42:59] eps=18 rep=2/10: frame progress 38/383 (9.9%)
[2026-03-23 17:42:59] eps=15 rep=10/10: frame progress 38/386 (9.8%)
[2026-03-23 17:42:59] eps=15 rep=4/10: frame progress 38/384 (9.9%)
[2026-03-23 17:42:59] eps=15 rep=2/10: frame progress 38/384 (9.9%)
[2026-03-23 17:42:59] eps=18 rep=1/10: frame progress 38/385 (9.9%)
[2026-03-23 17:42:59] eps=18 rep=3/10: frame progress 38/385 (9.9%)
[2026-03-23 17:42:59] eps=15 rep=1/10: frame progress 39/393 (9.9%)
[2026-03-23 17:42:59] eps=15 rep=9/10: frame progress 38/381 (10.0%)
[2026-03-23 17:43:02] eps=0 rep=2/10: frame progress 57/579 (9.8%)
[2026-03-23 17:43:02] eps=0 rep=10/10: frame progress 56/567 (9.9%)
[2026-03-23 17:43:02] eps=0 rep=7/10: frame progress 57/579 (9.8%)
[2026-03-23 17:43:03] eps=0 rep=8/10: frame progress 57/573 (9.9%)
[2026-03-23 17:43:03] eps=0 rep=4/10: frame progress 57/571 (10.0%)
[2026-03-23 17:43:03] eps=0 rep=3/10: frame progress 58/581 (10.0%)
[2026-03-23 17:43:03] eps=0 rep=5/10: frame progress 58/583 (9.9%)
[2026-03-23 17:43:03] eps=0 rep=9/10: frame progress 58/583 (9.9%)
[2026-03-23 17:43:03] eps=0 rep=1/10: frame progress 59/591 (10.0%)
[2026-03-23 17:43:03] eps=0 rep=6/10: frame progress 59/593 (9.9%)
[2026-03-23 17:43:08] eps=6 rep=2/10: frame progress 74/379 (19.5%)
[2026-03-23 17:43:08] eps=6 rep=10/10: frame progress 74/370 (20.0%)
[2026-03-23 17:43:09] eps=6 rep=5/10: frame progress 76/381 (19.9%)
[2026-03-23 17:43:09] eps=6 rep=9/10: frame progress 76/383 (19.8%)
[2026-03-23 17:43:09] eps=6 rep=8/10: frame progress 76/384 (19.8%)
[2026-03-23 17:43:09] eps=6 rep=1/10: frame progress 76/384 (19.8%)
[2026-03-23 17:43:09] eps=6 rep=6/10: frame progress 76/385 (19.7%)
[2026-03-23 17:43:09] eps=6 rep=3/10: frame progress 74/379 (19.5%)
[2026-03-23 17:43:09] eps=6 rep=7/10: frame progress 76/384 (19.8%)
[2026-03-23 17:43:09] eps=6 rep=4/10: frame progress 78/392 (19.9%)
[2026-03-23 17:43:10] eps=12 rep=2/9: frame progress 74/376 (19.7%)
[2026-03-23 17:43:10] eps=12 rep=4/9: frame progress 74/375 (19.7%)
[2026-03-23 17:43:10] eps=12 rep=3/9: frame progress 74/375 (19.7%)
[2026-03-23 17:43:11] eps=12 rep=5/9: frame progress 76/381 (19.9%)
[2026-03-23 17:43:11] eps=18 rep=7/10: frame progress 74/376 (19.7%)
[2026-03-23 17:43:11] eps=18 rep=10/10: frame progress 74/379 (19.5%)
[2026-03-23 17:43:11] eps=12 rep=1/9: frame progress 76/384 (19.8%)
[2026-03-23 17:43:11] eps=15 rep=8/10: frame progress 74/376 (19.7%)
[2026-03-23 17:43:11] eps=18 rep=4/10: frame progress 74/374 (19.8%)
[2026-03-23 17:43:11] eps=18 rep=9/10: frame progress 74/377 (19.6%)
[2026-03-23 17:43:11] eps=12 rep=6/9: frame progress 76/387 (19.6%)
[2026-03-23 17:43:11] eps=12 rep=7/9: frame progress 76/384 (19.8%)
[2026-03-23 17:43:11] eps=15 rep=6/10: frame progress 74/377 (19.6%)
[2026-03-23 17:43:11] eps=15 rep=5/10: frame progress 76/385 (19.7%)
[2026-03-23 17:43:11] eps=12 rep=9/9: frame progress 76/381 (19.9%)
[2026-03-23 17:43:11] eps=12 rep=8/9: frame progress 76/386 (19.7%)
[2026-03-23 17:43:12] eps=15 rep=3/10: frame progress 76/383 (19.8%)
[2026-03-23 17:43:12] eps=18 rep=5/10: frame progress 76/389 (19.5%)
[2026-03-23 17:43:12] eps=18 rep=8/10: frame progress 76/385 (19.7%)
[2026-03-23 17:43:12] eps=18 rep=6/10: frame progress 76/385 (19.7%)
[2026-03-23 17:43:12] eps=15 rep=10/10: frame progress 76/386 (19.7%)
[2026-03-23 17:43:12] eps=15 rep=7/10: frame progress 76/385 (19.7%)
[2026-03-23 17:43:12] eps=18 rep=2/10: frame progress 76/383 (19.8%)
[2026-03-23 17:43:12] eps=15 rep=4/10: frame progress 76/384 (19.8%)
[2026-03-23 17:43:12] eps=15 rep=2/10: frame progress 76/384 (19.8%)
[2026-03-23 17:43:12] eps=18 rep=1/10: frame progress 76/385 (19.7%)
[2026-03-23 17:43:12] eps=18 rep=3/10: frame progress 76/385 (19.7%)
[2026-03-23 17:43:13] eps=15 rep=1/10: frame progress 78/393 (19.8%)
[2026-03-23 17:43:13] eps=15 rep=9/10: frame progress 76/381 (19.9%)
[2026-03-23 17:43:17] eps=0 rep=2/10: frame progress 114/579 (19.7%)
[2026-03-23 17:43:17] eps=0 rep=10/10: frame progress 112/567 (19.8%)
[2026-03-23 17:43:18] eps=0 rep=7/10: frame progress 114/579 (19.7%)
[2026-03-23 17:43:18] eps=0 rep=4/10: frame progress 114/571 (20.0%)
[2026-03-23 17:43:18] eps=0 rep=8/10: frame progress 114/573 (19.9%)
[2026-03-23 17:43:19] eps=6 rep=2/10: frame progress 111/379 (29.3%)
[2026-03-23 17:43:19] eps=0 rep=3/10: frame progress 116/581 (20.0%)
[2026-03-23 17:43:19] eps=0 rep=9/10: frame progress 116/583 (19.9%)
[2026-03-23 17:43:19] eps=0 rep=5/10: frame progress 116/583 (19.9%)
[2026-03-23 17:43:19] eps=6 rep=10/10: frame progress 111/370 (30.0%)
[2026-03-23 17:43:19] eps=0 rep=1/10: frame progress 118/591 (20.0%)
[2026-03-23 17:43:20] eps=6 rep=5/10: frame progress 114/381 (29.9%)
[2026-03-23 17:43:20] eps=6 rep=9/10: frame progress 114/383 (29.8%)
[2026-03-23 17:43:20] eps=0 rep=6/10: frame progress 118/593 (19.9%)
[2026-03-23 17:43:20] eps=6 rep=8/10: frame progress 114/384 (29.7%)
[2026-03-23 17:43:20] eps=6 rep=6/10: frame progress 114/385 (29.6%)
[2026-03-23 17:43:20] eps=6 rep=1/10: frame progress 114/384 (29.7%)
[2026-03-23 17:43:20] eps=6 rep=3/10: frame progress 111/379 (29.3%)
[2026-03-23 17:43:20] eps=6 rep=7/10: frame progress 114/384 (29.7%)
[2026-03-23 17:43:21] eps=6 rep=4/10: frame progress 117/392 (29.8%)
[2026-03-23 17:43:24] eps=12 rep=2/9: frame progress 111/376 (29.5%)
[2026-03-23 17:43:24] eps=12 rep=4/9: frame progress 111/375 (29.6%)
[2026-03-23 17:43:24] eps=12 rep=3/9: frame progress 111/375 (29.6%)
[2026-03-23 17:43:24] eps=12 rep=5/9: frame progress 114/381 (29.9%)
[2026-03-23 17:43:25] eps=12 rep=1/9: frame progress 114/384 (29.7%)
[2026-03-23 17:43:25] eps=12 rep=6/9: frame progress 114/387 (29.5%)
[2026-03-23 17:43:25] eps=12 rep=7/9: frame progress 114/384 (29.7%)
[2026-03-23 17:43:25] eps=12 rep=9/9: frame progress 114/381 (29.9%)
[2026-03-23 17:43:25] eps=18 rep=7/10: frame progress 111/376 (29.5%)
[2026-03-23 17:43:25] eps=12 rep=8/9: frame progress 114/386 (29.5%)
[2026-03-23 17:43:25] eps=18 rep=10/10: frame progress 111/379 (29.3%)
[2026-03-23 17:43:26] eps=18 rep=4/10: frame progress 111/374 (29.7%)
[2026-03-23 17:43:26] eps=18 rep=9/10: frame progress 111/377 (29.4%)
[2026-03-23 17:43:26] eps=15 rep=8/10: frame progress 111/376 (29.5%)
[2026-03-23 17:43:26] eps=15 rep=5/10: frame progress 114/385 (29.6%)
[2026-03-23 17:43:26] eps=15 rep=6/10: frame progress 111/377 (29.4%)
[2026-03-23 17:43:27] eps=15 rep=3/10: frame progress 114/383 (29.8%)
[2026-03-23 17:43:27] eps=18 rep=5/10: frame progress 114/389 (29.3%)
[2026-03-23 17:43:27] eps=18 rep=8/10: frame progress 114/385 (29.6%)
[2026-03-23 17:43:27] eps=18 rep=6/10: frame progress 114/385 (29.6%)
[2026-03-23 17:43:27] eps=15 rep=10/10: frame progress 114/386 (29.5%)
[2026-03-23 17:43:27] eps=15 rep=7/10: frame progress 114/385 (29.6%)
[2026-03-23 17:43:27] eps=18 rep=2/10: frame progress 114/383 (29.8%)
[2026-03-23 17:43:27] eps=15 rep=4/10: frame progress 114/384 (29.7%)
[2026-03-23 17:43:27] eps=15 rep=2/10: frame progress 114/384 (29.7%)
[2026-03-23 17:43:27] eps=18 rep=1/10: frame progress 114/385 (29.6%)
[2026-03-23 17:43:28] eps=18 rep=3/10: frame progress 114/385 (29.6%)
[2026-03-23 17:43:28] eps=15 rep=1/10: frame progress 117/393 (29.8%)
[2026-03-23 17:43:29] eps=15 rep=9/10: frame progress 114/381 (29.9%)
[2026-03-23 17:43:30] eps=6 rep=2/10: frame progress 148/379 (39.1%)
[2026-03-23 17:43:30] eps=6 rep=10/10: frame progress 148/370 (40.0%)
[2026-03-23 17:43:32] eps=6 rep=5/10: frame progress 152/381 (39.9%)
[2026-03-23 17:43:32] eps=6 rep=6/10: frame progress 152/385 (39.5%)
[2026-03-23 17:43:32] eps=6 rep=9/10: frame progress 152/383 (39.7%)
[2026-03-23 17:43:32] eps=6 rep=8/10: frame progress 152/384 (39.6%)
[2026-03-23 17:43:32] eps=6 rep=1/10: frame progress 152/384 (39.6%)
[2026-03-23 17:43:32] eps=6 rep=3/10: frame progress 148/379 (39.1%)
[2026-03-23 17:43:32] eps=6 rep=7/10: frame progress 152/384 (39.6%)
[2026-03-23 17:43:33] eps=6 rep=4/10: frame progress 156/392 (39.8%)
[2026-03-23 17:43:33] eps=0 rep=2/10: frame progress 171/579 (29.5%)
[2026-03-23 17:43:33] eps=0 rep=10/10: frame progress 168/567 (29.6%)
[2026-03-23 17:43:34] eps=0 rep=7/10: frame progress 171/579 (29.5%)
[2026-03-23 17:43:34] eps=0 rep=4/10: frame progress 171/571 (29.9%)
[2026-03-23 17:43:34] eps=0 rep=8/10: frame progress 171/573 (29.8%)
[2026-03-23 17:43:35] eps=0 rep=3/10: frame progress 174/581 (29.9%)
[2026-03-23 17:43:35] eps=0 rep=9/10: frame progress 174/583 (29.8%)
[2026-03-23 17:43:35] eps=0 rep=5/10: frame progress 174/583 (29.8%)
[2026-03-23 17:43:36] eps=0 rep=1/10: frame progress 177/591 (29.9%)
[2026-03-23 17:43:37] eps=0 rep=6/10: frame progress 177/593 (29.8%)
[2026-03-23 17:43:38] eps=12 rep=2/9: frame progress 148/376 (39.4%)
[2026-03-23 17:43:38] eps=12 rep=4/9: frame progress 148/375 (39.5%)
[2026-03-23 17:43:38] eps=12 rep=5/9: frame progress 152/381 (39.9%)
[2026-03-23 17:43:39] eps=12 rep=3/9: frame progress 148/375 (39.5%)
[2026-03-23 17:43:40] eps=12 rep=1/9: frame progress 152/384 (39.6%)
[2026-03-23 17:43:40] eps=12 rep=6/9: frame progress 152/387 (39.3%)
[2026-03-23 17:43:40] eps=12 rep=7/9: frame progress 152/384 (39.6%)
[2026-03-23 17:43:40] eps=12 rep=9/9: frame progress 152/381 (39.9%)
[2026-03-23 17:43:41] eps=12 rep=8/9: frame progress 152/386 (39.4%)
[2026-03-23 17:43:41] eps=6 rep=2/10: frame progress 185/379 (48.8%)
[2026-03-23 17:43:42] eps=18 rep=7/10: frame progress 148/376 (39.4%)
[2026-03-23 17:43:42] eps=18 rep=10/10: frame progress 148/379 (39.1%)
[2026-03-23 17:43:42] eps=15 rep=8/10: frame progress 148/376 (39.4%)
[2026-03-23 17:43:42] eps=6 rep=10/10: frame progress 185/370 (50.0%)
[2026-03-23 17:43:42] eps=18 rep=4/10: frame progress 148/374 (39.6%)
[2026-03-23 17:43:42] eps=18 rep=9/10: frame progress 148/377 (39.3%)
[2026-03-23 17:43:42] eps=15 rep=5/10: frame progress 152/385 (39.5%)
[2026-03-23 17:43:42] eps=15 rep=6/10: frame progress 148/377 (39.3%)
[2026-03-23 17:43:43] eps=15 rep=3/10: frame progress 152/383 (39.7%)
[2026-03-23 17:43:43] eps=18 rep=5/10: frame progress 152/389 (39.1%)
[2026-03-23 17:43:43] eps=18 rep=8/10: frame progress 152/385 (39.5%)
[2026-03-23 17:43:44] eps=15 rep=10/10: frame progress 152/386 (39.4%)
[2026-03-23 17:43:44] eps=6 rep=6/10: frame progress 190/385 (49.4%)
[2026-03-23 17:43:44] eps=6 rep=5/10: frame progress 190/381 (49.9%)
[2026-03-23 17:43:44] eps=18 rep=6/10: frame progress 152/385 (39.5%)
[2026-03-23 17:43:44] eps=6 rep=9/10: frame progress 190/383 (49.6%)
[2026-03-23 17:43:44] eps=15 rep=7/10: frame progress 152/385 (39.5%)
[2026-03-23 17:43:44] eps=6 rep=8/10: frame progress 190/384 (49.5%)
[2026-03-23 17:43:44] eps=18 rep=2/10: frame progress 152/383 (39.7%)
[2026-03-23 17:43:44] eps=15 rep=4/10: frame progress 152/384 (39.6%)
[2026-03-23 17:43:44] eps=6 rep=1/10: frame progress 190/384 (49.5%)
[2026-03-23 17:43:44] eps=15 rep=2/10: frame progress 152/384 (39.6%)
[2026-03-23 17:43:44] eps=18 rep=1/10: frame progress 152/385 (39.5%)
[2026-03-23 17:43:44] eps=6 rep=3/10: frame progress 185/379 (48.8%)
[2026-03-23 17:43:45] eps=6 rep=7/10: frame progress 190/384 (49.5%)
[2026-03-23 17:43:45] eps=18 rep=3/10: frame progress 152/385 (39.5%)
[2026-03-23 17:43:45] eps=6 rep=4/10: frame progress 195/392 (49.7%)
[2026-03-23 17:43:45] eps=15 rep=1/10: frame progress 156/393 (39.7%)
[2026-03-23 17:43:47] eps=15 rep=9/10: frame progress 152/381 (39.9%)
[2026-03-23 17:43:49] eps=0 rep=2/10: frame progress 228/579 (39.4%)
[2026-03-23 17:43:49] eps=0 rep=10/10: frame progress 224/567 (39.5%)
[2026-03-23 17:43:51] eps=0 rep=7/10: frame progress 228/579 (39.4%)
[2026-03-23 17:43:51] eps=0 rep=4/10: frame progress 228/571 (39.9%)
[2026-03-23 17:43:51] eps=0 rep=8/10: frame progress 228/573 (39.8%)
[2026-03-23 17:43:52] eps=0 rep=3/10: frame progress 232/581 (39.9%)
[2026-03-23 17:43:52] eps=0 rep=9/10: frame progress 232/583 (39.8%)
[2026-03-23 17:43:52] eps=0 rep=5/10: frame progress 232/583 (39.8%)
[2026-03-23 17:43:53] eps=6 rep=2/10: frame progress 222/379 (58.6%)
[2026-03-23 17:43:53] eps=0 rep=1/10: frame progress 236/591 (39.9%)
[2026-03-23 17:43:54] eps=12 rep=2/9: frame progress 185/376 (49.2%)
[2026-03-23 17:43:54] eps=6 rep=10/10: frame progress 222/370 (60.0%)
[2026-03-23 17:43:54] eps=12 rep=5/9: frame progress 190/381 (49.9%)
[2026-03-23 17:43:54] eps=12 rep=4/9: frame progress 185/375 (49.3%)
[2026-03-23 17:43:54] eps=12 rep=3/9: frame progress 185/375 (49.3%)
[2026-03-23 17:43:55] eps=0 rep=6/10: frame progress 236/593 (39.8%)
[2026-03-23 17:43:56] eps=12 rep=1/9: frame progress 190/384 (49.5%)
[2026-03-23 17:43:56] eps=6 rep=6/10: frame progress 228/385 (59.2%)
[2026-03-23 17:43:56] eps=12 rep=6/9: frame progress 190/387 (49.1%)
[2026-03-23 17:43:56] eps=6 rep=5/10: frame progress 228/381 (59.8%)
[2026-03-23 17:43:56] eps=12 rep=7/9: frame progress 190/384 (49.5%)
[2026-03-23 17:43:56] eps=6 rep=9/10: frame progress 228/383 (59.5%)
[2026-03-23 17:43:57] eps=6 rep=8/10: frame progress 228/384 (59.4%)
[2026-03-23 17:43:57] eps=6 rep=1/10: frame progress 228/384 (59.4%)
[2026-03-23 17:43:57] eps=6 rep=3/10: frame progress 222/379 (58.6%)
[2026-03-23 17:43:57] eps=12 rep=9/9: frame progress 190/381 (49.9%)
[2026-03-23 17:43:57] eps=12 rep=8/9: frame progress 190/386 (49.2%)
[2026-03-23 17:43:57] eps=6 rep=7/10: frame progress 228/384 (59.4%)
[2026-03-23 17:43:58] eps=6 rep=4/10: frame progress 234/392 (59.7%)
[2026-03-23 17:44:00] eps=18 rep=7/10: frame progress 185/376 (49.2%)
[2026-03-23 17:44:00] eps=15 rep=8/10: frame progress 185/376 (49.2%)
[2026-03-23 17:44:00] eps=18 rep=10/10: frame progress 185/379 (48.8%)
[2026-03-23 17:44:00] eps=15 rep=5/10: frame progress 190/385 (49.4%)
[2026-03-23 17:44:00] eps=18 rep=4/10: frame progress 185/374 (49.5%)
[2026-03-23 17:44:00] eps=18 rep=9/10: frame progress 185/377 (49.1%)
[2026-03-23 17:44:00] eps=15 rep=6/10: frame progress 185/377 (49.1%)
[2026-03-23 17:44:02] eps=15 rep=3/10: frame progress 190/383 (49.6%)
[2026-03-23 17:44:02] eps=15 rep=10/10: frame progress 190/386 (49.2%)
[2026-03-23 17:44:02] eps=18 rep=5/10: frame progress 190/389 (48.8%)
[2026-03-23 17:44:02] eps=18 rep=8/10: frame progress 190/385 (49.4%)
[2026-03-23 17:44:03] eps=18 rep=6/10: frame progress 190/385 (49.4%)
[2026-03-23 17:44:03] eps=15 rep=2/10: frame progress 190/384 (49.5%)
[2026-03-23 17:44:03] eps=15 rep=7/10: frame progress 190/385 (49.4%)
[2026-03-23 17:44:03] eps=15 rep=4/10: frame progress 190/384 (49.5%)
[2026-03-23 17:44:03] eps=18 rep=1/10: frame progress 190/385 (49.4%)
[2026-03-23 17:44:03] eps=18 rep=2/10: frame progress 190/383 (49.6%)
[2026-03-23 17:44:04] eps=18 rep=3/10: frame progress 190/385 (49.4%)
[2026-03-23 17:44:05] eps=6 rep=2/10: frame progress 259/379 (68.3%)
[2026-03-23 17:44:05] eps=15 rep=1/10: frame progress 195/393 (49.6%)
[2026-03-23 17:44:06] eps=0 rep=2/10: frame progress 285/579 (49.2%)
[2026-03-23 17:44:06] eps=0 rep=10/10: frame progress 280/567 (49.4%)
[2026-03-23 17:44:06] eps=15 rep=9/10: frame progress 190/381 (49.9%)
[2026-03-23 17:44:07] eps=6 rep=10/10: frame progress 259/370 (70.0%)
[2026-03-23 17:44:08] eps=0 rep=7/10: frame progress 285/579 (49.2%)
[2026-03-23 17:44:08] eps=0 rep=4/10: frame progress 285/571 (49.9%)
[2026-03-23 17:44:08] eps=0 rep=8/10: frame progress 285/573 (49.7%)
[2026-03-23 17:44:09] eps=6 rep=6/10: frame progress 266/385 (69.1%)
[2026-03-23 17:44:09] eps=6 rep=9/10: frame progress 266/383 (69.5%)
[2026-03-23 17:44:09] eps=0 rep=3/10: frame progress 290/581 (49.9%)
[2026-03-23 17:44:09] eps=6 rep=5/10: frame progress 266/381 (69.8%)
[2026-03-23 17:44:09] eps=0 rep=9/10: frame progress 290/583 (49.7%)
[2026-03-23 17:44:10] eps=6 rep=3/10: frame progress 259/379 (68.3%)
[2026-03-23 17:44:10] eps=6 rep=8/10: frame progress 266/384 (69.3%)
[2026-03-23 17:44:10] eps=6 rep=1/10: frame progress 266/384 (69.3%)
[2026-03-23 17:44:10] eps=0 rep=5/10: frame progress 290/583 (49.7%)
[2026-03-23 17:44:10] eps=12 rep=2/9: frame progress 222/376 (59.0%)
[2026-03-23 17:44:10] eps=6 rep=7/10: frame progress 266/384 (69.3%)
[2026-03-23 17:44:10] eps=12 rep=5/9: frame progress 228/381 (59.8%)
[2026-03-23 17:44:10] eps=0 rep=1/10: frame progress 295/591 (49.9%)
[2026-03-23 17:44:11] eps=12 rep=3/9: frame progress 222/375 (59.2%)
[2026-03-23 17:44:11] eps=12 rep=4/9: frame progress 222/375 (59.2%)
[2026-03-23 17:44:11] eps=6 rep=4/10: frame progress 273/392 (69.6%)
[2026-03-23 17:44:13] eps=12 rep=1/9: frame progress 228/384 (59.4%)
[2026-03-23 17:44:13] eps=0 rep=6/10: frame progress 295/593 (49.7%)
[2026-03-23 17:44:13] eps=12 rep=6/9: frame progress 228/387 (58.9%)
[2026-03-23 17:44:13] eps=12 rep=7/9: frame progress 228/384 (59.4%)
[2026-03-23 17:44:14] eps=12 rep=9/9: frame progress 228/381 (59.8%)
[2026-03-23 17:44:14] eps=12 rep=8/9: frame progress 228/386 (59.1%)
[2026-03-23 17:44:17] eps=6 rep=2/10: frame progress 296/379 (78.1%)
[2026-03-23 17:44:19] eps=6 rep=10/10: frame progress 296/370 (80.0%)
[2026-03-23 17:44:20] eps=18 rep=7/10: frame progress 222/376 (59.0%)
[2026-03-23 17:44:20] eps=15 rep=8/10: frame progress 222/376 (59.0%)
[2026-03-23 17:44:20] eps=18 rep=10/10: frame progress 222/379 (58.6%)
[2026-03-23 17:44:20] eps=15 rep=5/10: frame progress 228/385 (59.2%)
[2026-03-23 17:44:20] eps=18 rep=4/10: frame progress 222/374 (59.4%)
[2026-03-23 17:44:20] eps=15 rep=6/10: frame progress 222/377 (58.9%)
[2026-03-23 17:44:20] eps=18 rep=9/10: frame progress 222/377 (58.9%)
[2026-03-23 17:44:22] eps=6 rep=6/10: frame progress 304/385 (79.0%)
[2026-03-23 17:44:22] eps=6 rep=9/10: frame progress 304/383 (79.4%)
[2026-03-23 17:44:23] eps=0 rep=2/10: frame progress 342/579 (59.1%)
[2026-03-23 17:44:23] eps=6 rep=5/10: frame progress 304/381 (79.8%)
[2026-03-23 17:44:23] eps=6 rep=3/10: frame progress 296/379 (78.1%)
[2026-03-23 17:44:23] eps=6 rep=8/10: frame progress 304/384 (79.2%)
[2026-03-23 17:44:23] eps=15 rep=3/10: frame progress 228/383 (59.5%)
[2026-03-23 17:44:23] eps=15 rep=10/10: frame progress 228/386 (59.1%)
[2026-03-23 17:44:23] eps=6 rep=1/10: frame progress 304/384 (79.2%)
[2026-03-23 17:44:23] eps=18 rep=5/10: frame progress 228/389 (58.6%)
[2026-03-23 17:44:23] eps=18 rep=8/10: frame progress 228/385 (59.2%)
[2026-03-23 17:44:23] eps=15 rep=2/10: frame progress 228/384 (59.4%)
[2026-03-23 17:44:24] eps=0 rep=10/10: frame progress 336/567 (59.3%)
[2026-03-23 17:44:24] eps=15 rep=7/10: frame progress 228/385 (59.2%)
[2026-03-23 17:44:24] eps=15 rep=4/10: frame progress 228/384 (59.4%)
[2026-03-23 17:44:24] eps=18 rep=6/10: frame progress 228/385 (59.2%)
[2026-03-23 17:44:24] eps=6 rep=7/10: frame progress 304/384 (79.2%)
[2026-03-23 17:44:24] eps=18 rep=1/10: frame progress 228/385 (59.2%)
[2026-03-23 17:44:24] eps=18 rep=2/10: frame progress 228/383 (59.5%)
[2026-03-23 17:44:25] eps=0 rep=7/10: frame progress 342/579 (59.1%)
[2026-03-23 17:44:25] eps=6 rep=4/10: frame progress 312/392 (79.6%)
[2026-03-23 17:44:25] eps=18 rep=3/10: frame progress 228/385 (59.2%)
[2026-03-23 17:44:25] eps=0 rep=4/10: frame progress 342/571 (59.9%)
[2026-03-23 17:44:26] eps=0 rep=8/10: frame progress 342/573 (59.7%)
[2026-03-23 17:44:26] eps=15 rep=1/10: frame progress 234/393 (59.5%)
[2026-03-23 17:44:26] eps=0 rep=3/10: frame progress 348/581 (59.9%)
[2026-03-23 17:44:27] eps=0 rep=9/10: frame progress 348/583 (59.7%)
[2026-03-23 17:44:27] eps=12 rep=2/9: frame progress 259/376 (68.9%)
[2026-03-23 17:44:27] eps=12 rep=5/9: frame progress 266/381 (69.8%)
[2026-03-23 17:44:28] eps=12 rep=3/9: frame progress 259/375 (69.1%)
[2026-03-23 17:44:28] eps=0 rep=5/10: frame progress 348/583 (59.7%)
[2026-03-23 17:44:28] eps=15 rep=9/10: frame progress 228/381 (59.8%)
[2026-03-23 17:44:28] eps=12 rep=4/9: frame progress 259/375 (69.1%)
[2026-03-23 17:44:28] eps=0 rep=1/10: frame progress 354/591 (59.9%)
[2026-03-23 17:44:30] eps=6 rep=2/10: frame progress 333/379 (87.9%)
[2026-03-23 17:44:30] eps=12 rep=1/9: frame progress 266/384 (69.3%)
[2026-03-23 17:44:31] eps=12 rep=6/9: frame progress 266/387 (68.7%)
[2026-03-23 17:44:31] eps=12 rep=7/9: frame progress 266/384 (69.3%)
[2026-03-23 17:44:31] eps=0 rep=6/10: frame progress 354/593 (59.7%)
[2026-03-23 17:44:31] eps=12 rep=9/9: frame progress 266/381 (69.8%)
[2026-03-23 17:44:32] eps=12 rep=8/9: frame progress 266/386 (68.9%)
[2026-03-23 17:44:33] eps=6 rep=10/10: frame progress 333/370 (90.0%)
[2026-03-23 17:44:36] eps=6 rep=9/10: frame progress 342/383 (89.3%)
[2026-03-23 17:44:36] eps=6 rep=6/10: frame progress 342/385 (88.8%)
[2026-03-23 17:44:36] eps=6 rep=5/10: frame progress 342/381 (89.8%)
[2026-03-23 17:44:36] eps=6 rep=3/10: frame progress 333/379 (87.9%)
[2026-03-23 17:44:36] eps=6 rep=8/10: frame progress 342/384 (89.1%)
[2026-03-23 17:44:37] eps=6 rep=1/10: frame progress 342/384 (89.1%)
[2026-03-23 17:44:38] eps=6 rep=7/10: frame progress 342/384 (89.1%)
[2026-03-23 17:44:39] eps=6 rep=4/10: frame progress 351/392 (89.5%)
[2026-03-23 17:44:40] eps=0 rep=2/10: frame progress 399/579 (68.9%)
[2026-03-23 17:44:41] eps=15 rep=8/10: frame progress 259/376 (68.9%)
[2026-03-23 17:44:41] eps=0 rep=10/10: frame progress 392/567 (69.1%)
[2026-03-23 17:44:41] eps=18 rep=7/10: frame progress 259/376 (68.9%)
[2026-03-23 17:44:41] eps=15 rep=5/10: frame progress 266/385 (69.1%)
[2026-03-23 17:44:42] eps=18 rep=10/10: frame progress 259/379 (68.3%)
[2026-03-23 17:44:42] eps=15 rep=6/10: frame progress 259/377 (68.7%)
[2026-03-23 17:44:42] eps=18 rep=4/10: frame progress 259/374 (69.3%)
[2026-03-23 17:44:43] eps=18 rep=9/10: frame progress 259/377 (68.7%)
[2026-03-23 17:44:43] eps=0 rep=7/10: frame progress 399/579 (68.9%)
[2026-03-23 17:44:43] eps=6 rep=2/10: frame progress 370/379 (97.6%)
[2026-03-23 17:44:43] eps=0 rep=4/10: frame progress 399/571 (69.9%)
[2026-03-23 17:44:44] eps=0 rep=8/10: frame progress 399/573 (69.6%)
[2026-03-23 17:44:44] eps=0 rep=3/10: frame progress 406/581 (69.9%)
[2026-03-23 17:44:45] eps=12 rep=5/9: frame progress 304/381 (79.8%)
[2026-03-23 17:44:45] eps=15 rep=10/10: frame progress 266/386 (68.9%)
[2026-03-23 17:44:45] eps=15 rep=3/10: frame progress 266/383 (69.5%)
[2026-03-23 17:44:45] eps=12 rep=3/9: frame progress 296/375 (78.9%)
[2026-03-23 17:44:45] eps=12 rep=2/9: frame progress 296/376 (78.7%)
[2026-03-23 17:44:46] eps=0 rep=9/10: frame progress 406/583 (69.6%)
[2026-03-23 17:44:46] eps=18 rep=5/10: frame progress 266/389 (68.4%)
[2026-03-23 17:44:46] eps=18 rep=8/10: frame progress 266/385 (69.1%)
[2026-03-23 17:44:46] eps=12 rep=4/9: frame progress 296/375 (78.9%)
[2026-03-23 17:44:46] eps=15 rep=2/10: frame progress 266/384 (69.3%)
[2026-03-23 17:44:46] eps=15 rep=7/10: frame progress 266/385 (69.1%)
[2026-03-23 17:44:46] eps=15 rep=4/10: frame progress 266/384 (69.3%)
[2026-03-23 17:44:46] eps=0 rep=5/10: frame progress 406/583 (69.6%)
[2026-03-23 17:44:46] eps=6 rep=2/10: frame progress 379/379 (100.0%)
[2026-03-23 17:44:46] eps=18 rep=6/10: frame progress 266/385 (69.1%)
[2026-03-23 17:44:46] eps=6 rep=10/10: frame progress 370/370 (100.0%)
[2026-03-23 17:44:47] eps=18 rep=1/10: frame progress 266/385 (69.1%)
[2026-03-23 17:44:47] eps=18 rep=2/10: frame progress 266/383 (69.5%)
[2026-03-23 17:44:47] eps=0 rep=1/10: frame progress 413/591 (69.9%)
[2026-03-23 17:44:48] eps=18 rep=3/10: frame progress 266/385 (69.1%)
[2026-03-23 17:44:49] eps=12 rep=1/9: frame progress 304/384 (79.2%)
[2026-03-23 17:44:49] eps=12 rep=6/9: frame progress 304/387 (78.6%)
[2026-03-23 17:44:49] eps=12 rep=7/9: frame progress 304/384 (79.2%)
[2026-03-23 17:44:50] eps=15 rep=1/10: frame progress 273/393 (69.5%)
[2026-03-23 17:44:50] eps=6 rep=6/10: frame progress 380/385 (98.7%)
[2026-03-23 17:44:50] eps=12 rep=9/9: frame progress 304/381 (79.8%)
[2026-03-23 17:44:50] eps=6 rep=10/10: done
[2026-03-23 17:44:50] eps=6 rep=9/10: frame progress 380/383 (99.2%)
[2026-03-23 17:44:50] eps=6 rep=5/10: frame progress 380/381 (99.7%)
[2026-03-23 17:44:50] eps=6 rep=2/10: done
[2026-03-23 17:44:50] eps=6 rep=3/10: frame progress 370/379 (97.6%)
[2026-03-23 17:44:50] eps=0 rep=6/10: frame progress 413/593 (69.6%)
[2026-03-23 17:44:50] eps=6 rep=8/10: frame progress 380/384 (99.0%)
[2026-03-23 17:44:50] eps=6 rep=5/10: frame progress 381/381 (100.0%)
[2026-03-23 17:44:51] eps=12 rep=8/9: frame progress 304/386 (78.8%)
[2026-03-23 17:44:51] eps=6 rep=1/10: frame progress 380/384 (99.0%)
[2026-03-23 17:44:51] eps=15 rep=9/10: frame progress 266/381 (69.8%)
[2026-03-23 17:44:51] eps=6 rep=9/10: frame progress 383/383 (100.0%)
[2026-03-23 17:44:52] eps=6 rep=6/10: frame progress 385/385 (100.0%)
[2026-03-23 17:44:52] eps=6 rep=7/10: frame progress 380/384 (99.0%)
[2026-03-23 17:44:52] eps=6 rep=8/10: frame progress 384/384 (100.0%)
[2026-03-23 17:44:52] eps=6 rep=1/10: frame progress 384/384 (100.0%)
[2026-03-23 17:44:53] eps=6 rep=7/10: frame progress 384/384 (100.0%)
[2026-03-23 17:44:54] eps=6 rep=4/10: frame progress 390/392 (99.5%)
[2026-03-23 17:44:54] eps=6 rep=3/10: frame progress 379/379 (100.0%)
[2026-03-23 17:44:54] eps=6 rep=5/10: done
[2026-03-23 17:44:54] eps=6 rep=4/10: frame progress 392/392 (100.0%)
[2026-03-23 17:44:55] eps=6 rep=9/10: done
[2026-03-23 17:44:55] eps=6 rep=6/10: done
[2026-03-23 17:44:56] eps=6 rep=8/10: done
[2026-03-23 17:44:56] eps=6 rep=1/10: done
[2026-03-23 17:44:57] eps=6 rep=7/10: done
[2026-03-23 17:44:57] eps=6 rep=3/10: done
[2026-03-23 17:44:58] eps=0 rep=2/10: frame progress 456/579 (78.8%)
[2026-03-23 17:44:58] eps=6 rep=4/10: done
[2026-03-23 17:44:59] eps=0 rep=10/10: frame progress 448/567 (79.0%)
[2026-03-23 17:45:01] eps=0 rep=7/10: frame progress 456/579 (78.8%)
[2026-03-23 17:45:02] eps=0 rep=4/10: frame progress 456/571 (79.9%)
[2026-03-23 17:45:02] eps=0 rep=8/10: frame progress 456/573 (79.6%)
[2026-03-23 17:45:03] eps=0 rep=3/10: frame progress 464/581 (79.9%)
[2026-03-23 17:45:03] eps=12 rep=3/9: frame progress 333/375 (88.8%)
[2026-03-23 17:45:03] eps=12 rep=5/9: frame progress 342/381 (89.8%)
[2026-03-23 17:45:04] eps=12 rep=2/9: frame progress 333/376 (88.6%)
[2026-03-23 17:45:04] eps=15 rep=8/10: frame progress 296/376 (78.7%)
[2026-03-23 17:45:04] eps=12 rep=4/9: frame progress 333/375 (88.8%)
[2026-03-23 17:45:04] eps=0 rep=9/10: frame progress 464/583 (79.6%)
[2026-03-23 17:45:05] eps=15 rep=5/10: frame progress 304/385 (79.0%)
[2026-03-23 17:45:05] eps=18 rep=7/10: frame progress 296/376 (78.7%)
[2026-03-23 17:45:05] eps=0 rep=5/10: frame progress 464/583 (79.6%)
[2026-03-23 17:45:05] eps=15 rep=6/10: frame progress 296/377 (78.5%)
[2026-03-23 17:45:05] eps=18 rep=10/10: frame progress 296/379 (78.1%)
[2026-03-23 17:45:06] eps=18 rep=4/10: frame progress 296/374 (79.1%)
[2026-03-23 17:45:06] eps=0 rep=1/10: frame progress 472/591 (79.9%)
[2026-03-23 17:45:06] eps=18 rep=9/10: frame progress 296/377 (78.5%)
[2026-03-23 17:45:07] eps=12 rep=1/9: frame progress 342/384 (89.1%)
[2026-03-23 17:45:08] eps=12 rep=6/9: frame progress 342/387 (88.4%)
[2026-03-23 17:45:08] eps=12 rep=7/9: frame progress 342/384 (89.1%)
[2026-03-23 17:45:09] eps=12 rep=9/9: frame progress 342/381 (89.8%)
[2026-03-23 17:45:09] eps=15 rep=3/10: frame progress 304/383 (79.4%)
[2026-03-23 17:45:09] eps=15 rep=10/10: frame progress 304/386 (78.8%)
[2026-03-23 17:45:09] eps=15 rep=2/10: frame progress 304/384 (79.2%)
[2026-03-23 17:45:10] eps=12 rep=8/9: frame progress 342/386 (88.6%)
[2026-03-23 17:45:10] eps=15 rep=7/10: frame progress 304/385 (79.0%)
[2026-03-23 17:45:10] eps=0 rep=6/10: frame progress 472/593 (79.6%)
[2026-03-23 17:45:10] eps=18 rep=5/10: frame progress 304/389 (78.1%)
[2026-03-23 17:45:10] eps=15 rep=4/10: frame progress 304/384 (79.2%)
[2026-03-23 17:45:10] eps=18 rep=8/10: frame progress 304/385 (79.0%)
[2026-03-23 17:45:11] eps=18 rep=6/10: frame progress 304/385 (79.0%)
[2026-03-23 17:45:11] eps=18 rep=1/10: frame progress 304/385 (79.0%)
[2026-03-23 17:45:11] eps=18 rep=2/10: frame progress 304/383 (79.4%)
[2026-03-23 17:45:13] eps=18 rep=3/10: frame progress 304/385 (79.0%)
[2026-03-23 17:45:14] eps=15 rep=1/10: frame progress 312/393 (79.4%)
[2026-03-23 17:45:16] eps=15 rep=9/10: frame progress 304/381 (79.8%)
[2026-03-23 17:45:16] eps=0 rep=2/10: frame progress 513/579 (88.6%)
[2026-03-23 17:45:17] eps=0 rep=10/10: frame progress 504/567 (88.9%)
[2026-03-23 17:45:20] eps=0 rep=7/10: frame progress 513/579 (88.6%)
[2026-03-23 17:45:20] eps=0 rep=4/10: frame progress 513/571 (89.8%)
[2026-03-23 17:45:20] eps=0 rep=8/10: frame progress 513/573 (89.5%)
[2026-03-23 17:45:21] eps=0 rep=3/10: frame progress 522/581 (89.8%)
[2026-03-23 17:45:22] eps=12 rep=3/9: frame progress 370/375 (98.7%)
[2026-03-23 17:45:22] eps=12 rep=5/9: frame progress 380/381 (99.7%)
[2026-03-23 17:45:22] eps=12 rep=2/9: frame progress 370/376 (98.4%)
[2026-03-23 17:45:23] eps=12 rep=4/9: frame progress 370/375 (98.7%)
[2026-03-23 17:45:23] eps=12 rep=5/9: frame progress 381/381 (100.0%)
[2026-03-23 17:45:23] eps=0 rep=9/10: frame progress 522/583 (89.5%)
[2026-03-23 17:45:24] eps=0 rep=5/10: frame progress 522/583 (89.5%)
[2026-03-23 17:45:24] eps=12 rep=3/9: frame progress 375/375 (100.0%)
[2026-03-23 17:45:25] eps=0 rep=1/10: frame progress 531/591 (89.8%)
[2026-03-23 17:45:25] eps=12 rep=4/9: frame progress 375/375 (100.0%)
[2026-03-23 17:45:25] eps=12 rep=2/9: frame progress 376/376 (100.0%)
[2026-03-23 17:45:26] eps=12 rep=5/9: done
[2026-03-23 17:45:27] eps=12 rep=1/9: frame progress 380/384 (99.0%)
[2026-03-23 17:45:27] eps=12 rep=7/9: frame progress 380/384 (99.0%)
[2026-03-23 17:45:27] eps=12 rep=6/9: frame progress 380/387 (98.2%)
[2026-03-23 17:45:28] eps=12 rep=9/9: frame progress 380/381 (99.7%)
[2026-03-23 17:45:28] eps=15 rep=8/10: frame progress 333/376 (88.6%)
[2026-03-23 17:45:28] eps=12 rep=3/9: done
[2026-03-23 17:45:28] eps=12 rep=9/9: frame progress 381/381 (100.0%)
[2026-03-23 17:45:29] eps=12 rep=1/9: frame progress 384/384 (100.0%)
[2026-03-23 17:45:29] eps=12 rep=4/9: done
[2026-03-23 17:45:29] eps=12 rep=2/9: done
[2026-03-23 17:45:29] eps=15 rep=5/10: frame progress 342/385 (88.8%)
[2026-03-23 17:45:29] eps=12 rep=7/9: frame progress 384/384 (100.0%)
[2026-03-23 17:45:29] eps=12 rep=8/9: frame progress 380/386 (98.4%)
[2026-03-23 17:45:29] eps=15 rep=6/10: frame progress 333/377 (88.3%)
[2026-03-23 17:45:29] eps=18 rep=7/10: frame progress 333/376 (88.6%)
[2026-03-23 17:45:30] eps=0 rep=6/10: frame progress 531/593 (89.5%)
[2026-03-23 17:45:30] eps=18 rep=10/10: frame progress 333/379 (87.9%)
[2026-03-23 17:45:31] eps=18 rep=4/10: frame progress 333/374 (89.0%)
[2026-03-23 17:45:31] eps=12 rep=6/9: frame progress 387/387 (100.0%)
[2026-03-23 17:45:31] eps=18 rep=9/10: frame progress 333/377 (88.3%)
[2026-03-23 17:45:32] eps=12 rep=9/9: done
[2026-03-23 17:45:32] eps=12 rep=1/9: done
[2026-03-23 17:45:32] eps=12 rep=8/9: frame progress 386/386 (100.0%)
[2026-03-23 17:45:33] eps=12 rep=7/9: done
[2026-03-23 17:45:34] eps=15 rep=3/10: frame progress 342/383 (89.3%)
[2026-03-23 17:45:34] eps=0 rep=2/10: frame progress 570/579 (98.4%)
[2026-03-23 17:45:34] eps=15 rep=10/10: frame progress 342/386 (88.6%)
[2026-03-23 17:45:35] eps=12 rep=6/9: done
[2026-03-23 17:45:35] eps=15 rep=2/10: frame progress 342/384 (89.1%)
[2026-03-23 17:45:35] eps=15 rep=7/10: frame progress 342/385 (88.8%)
[2026-03-23 17:45:35] eps=15 rep=4/10: frame progress 342/384 (89.1%)
[2026-03-23 17:45:35] eps=0 rep=10/10: frame progress 560/567 (98.8%)
[2026-03-23 17:45:36] eps=18 rep=5/10: frame progress 342/389 (87.9%)
[2026-03-23 17:45:36] eps=18 rep=8/10: frame progress 342/385 (88.8%)
[2026-03-23 17:45:36] eps=12 rep=8/9: done
[2026-03-23 17:45:37] eps=18 rep=6/10: frame progress 342/385 (88.8%)
[2026-03-23 17:45:37] eps=18 rep=1/10: frame progress 342/385 (88.8%)
[2026-03-23 17:45:37] eps=0 rep=2/10: frame progress 579/579 (100.0%)
[2026-03-23 17:45:37] eps=18 rep=2/10: frame progress 342/383 (89.3%)
[2026-03-23 17:45:38] eps=0 rep=10/10: frame progress 567/567 (100.0%)
[2026-03-23 17:45:39] eps=0 rep=7/10: frame progress 570/579 (98.4%)
[2026-03-23 17:45:39] eps=0 rep=4/10: frame progress 570/571 (99.8%)
[2026-03-23 17:45:39] eps=0 rep=8/10: frame progress 570/573 (99.5%)
[2026-03-23 17:45:40] eps=0 rep=4/10: frame progress 571/571 (100.0%)
[2026-03-23 17:45:40] eps=18 rep=3/10: frame progress 342/385 (88.8%)
[2026-03-23 17:45:40] eps=0 rep=3/10: frame progress 580/581 (99.8%)
[2026-03-23 17:45:40] eps=15 rep=1/10: frame progress 351/393 (89.3%)
[2026-03-23 17:45:40] eps=0 rep=3/10: frame progress 581/581 (100.0%)
[2026-03-23 17:45:40] eps=0 rep=8/10: frame progress 573/573 (100.0%)
[2026-03-23 17:45:42] eps=0 rep=7/10: frame progress 579/579 (100.0%)
[2026-03-23 17:45:42] eps=15 rep=9/10: frame progress 342/381 (89.8%)
[2026-03-23 17:45:43] eps=0 rep=9/10: frame progress 580/583 (99.5%)
[2026-03-23 17:45:43] eps=0 rep=2/10: done
[2026-03-23 17:45:43] eps=0 rep=10/10: done
[2026-03-23 17:45:43] eps=0 rep=5/10: frame progress 580/583 (99.5%)
[2026-03-23 17:45:44] eps=0 rep=9/10: frame progress 583/583 (100.0%)
[2026-03-23 17:45:44] eps=0 rep=5/10: frame progress 583/583 (100.0%)
[2026-03-23 17:45:45] eps=0 rep=1/10: frame progress 590/591 (99.8%)
[2026-03-23 17:45:45] eps=0 rep=4/10: done
[2026-03-23 17:45:45] eps=0 rep=1/10: frame progress 591/591 (100.0%)
[2026-03-23 17:45:46] eps=0 rep=3/10: done
[2026-03-23 17:45:46] eps=0 rep=8/10: done
[2026-03-23 17:45:47] eps=0 rep=7/10: done
[2026-03-23 17:45:49] eps=0 rep=9/10: done
[2026-03-23 17:45:50] eps=0 rep=6/10: frame progress 590/593 (99.5%)
[2026-03-23 17:45:50] eps=0 rep=5/10: done
[2026-03-23 17:45:51] eps=0 rep=6/10: frame progress 593/593 (100.0%)
[2026-03-23 17:45:51] eps=0 rep=1/10: done
[2026-03-23 17:45:53] eps=15 rep=8/10: frame progress 370/376 (98.4%)
[2026-03-23 17:45:55] eps=15 rep=6/10: frame progress 370/377 (98.1%)
[2026-03-23 17:45:55] eps=15 rep=5/10: frame progress 380/385 (98.7%)
[2026-03-23 17:45:56] eps=18 rep=7/10: frame progress 370/376 (98.4%)
[2026-03-23 17:45:56] eps=0 rep=6/10: done
[2026-03-23 17:45:56] eps=18 rep=10/10: frame progress 370/379 (97.6%)
[2026-03-23 17:45:57] eps=18 rep=4/10: frame progress 370/374 (98.9%)
[2026-03-23 17:45:58] eps=18 rep=9/10: frame progress 370/377 (98.1%)
[2026-03-23 17:45:58] eps=15 rep=8/10: frame progress 376/376 (100.0%)
[2026-03-23 17:45:59] eps=15 rep=5/10: frame progress 385/385 (100.0%)
[2026-03-23 17:46:00] eps=18 rep=7/10: frame progress 376/376 (100.0%)
[2026-03-23 17:46:00] eps=18 rep=4/10: frame progress 374/374 (100.0%)
[2026-03-23 17:46:00] eps=15 rep=6/10: frame progress 377/377 (100.0%)
[2026-03-23 17:46:00] eps=15 rep=3/10: frame progress 380/383 (99.2%)
[2026-03-23 17:46:01] eps=15 rep=10/10: frame progress 380/386 (98.4%)
[2026-03-23 17:46:01] eps=15 rep=8/10: done
[2026-03-23 17:46:01] eps=15 rep=2/10: frame progress 380/384 (99.0%)
[2026-03-23 17:46:02] eps=15 rep=7/10: frame progress 380/385 (98.7%)
[2026-03-23 17:46:02] eps=15 rep=4/10: frame progress 380/384 (99.0%)
[2026-03-23 17:46:02] eps=15 rep=5/10: done
[2026-03-23 17:46:03] eps=15 rep=3/10: frame progress 383/383 (100.0%)
[2026-03-23 17:46:03] eps=18 rep=9/10: frame progress 377/377 (100.0%)
[2026-03-23 17:46:03] eps=18 rep=10/10: frame progress 379/379 (100.0%)
[2026-03-23 17:46:03] eps=18 rep=8/10: frame progress 380/385 (98.7%)
[2026-03-23 17:46:03] eps=18 rep=5/10: frame progress 380/389 (97.7%)
[2026-03-23 17:46:04] eps=18 rep=4/10: done
[2026-03-23 17:46:04] eps=18 rep=7/10: done
[2026-03-23 17:46:04] eps=15 rep=6/10: done
[2026-03-23 17:46:04] eps=15 rep=2/10: frame progress 384/384 (100.0%)
[2026-03-23 17:46:05] eps=18 rep=1/10: frame progress 380/385 (98.7%)
[2026-03-23 17:46:05] eps=18 rep=6/10: frame progress 380/385 (98.7%)
[2026-03-23 17:46:05] eps=15 rep=4/10: frame progress 384/384 (100.0%)
[2026-03-23 17:46:05] eps=15 rep=7/10: frame progress 385/385 (100.0%)
[2026-03-23 17:46:05] eps=18 rep=2/10: frame progress 380/383 (99.2%)
[2026-03-23 17:46:05] eps=15 rep=10/10: frame progress 386/386 (100.0%)
[2026-03-23 17:46:06] eps=18 rep=9/10: done
[2026-03-23 17:46:06] eps=15 rep=3/10: done
[2026-03-23 17:46:07] eps=18 rep=10/10: done
[2026-03-23 17:46:07] eps=18 rep=8/10: frame progress 385/385 (100.0%)
[2026-03-23 17:46:08] eps=18 rep=2/10: frame progress 383/383 (100.0%)
[2026-03-23 17:46:08] eps=18 rep=3/10: frame progress 380/385 (98.7%)
[2026-03-23 17:46:08] eps=15 rep=1/10: frame progress 390/393 (99.2%)
[2026-03-23 17:46:08] eps=15 rep=2/10: done
[2026-03-23 17:46:08] eps=18 rep=1/10: frame progress 385/385 (100.0%)
[2026-03-23 17:46:09] eps=18 rep=6/10: frame progress 385/385 (100.0%)
[2026-03-23 17:46:09] eps=15 rep=4/10: done
[2026-03-23 17:46:09] eps=15 rep=7/10: done
[2026-03-23 17:46:09] eps=15 rep=10/10: done
[2026-03-23 17:46:09] eps=15 rep=9/10: frame progress 380/381 (99.7%)
[2026-03-23 17:46:10] eps=15 rep=9/10: frame progress 381/381 (100.0%)
[2026-03-23 17:46:10] eps=15 rep=1/10: frame progress 393/393 (100.0%)
[2026-03-23 17:46:10] eps=18 rep=5/10: frame progress 389/389 (100.0%)
[2026-03-23 17:46:11] eps=18 rep=8/10: done
[2026-03-23 17:46:11] eps=18 rep=2/10: done
[2026-03-23 17:46:11] eps=18 rep=3/10: frame progress 385/385 (100.0%)
[2026-03-23 17:46:12] eps=18 rep=1/10: done
[2026-03-23 17:46:12] eps=18 rep=6/10: done
[2026-03-23 17:46:13] eps=15 rep=9/10: done
[2026-03-23 17:46:13] eps=15 rep=1/10: done
[2026-03-23 17:46:14] eps=18 rep=5/10: done
[2026-03-23 17:46:15] eps=18 rep=3/10: done
[2026-03-23 17:46:15] Completed parallel analysis for 49 runs
[2026-03-23 17:46:15] Aggregating epsilon group 1/5: eps=0, replicates=10
[2026-03-23 17:46:15] Using eps=0 mean connectivity autocorrelation fit as tau_R^0: 8760.85
[2026-03-23 17:46:15] Writing outputs for eps=0 to /scratch/gpfs/WEBB/chertok/REACTIVELJ_PAPER/simulation_package/melt/analysis/results/eps_0
[2026-03-23 17:46:19] Finished epsilon group eps=0
[2026-03-23 17:46:19] Aggregating epsilon group 2/5: eps=6, replicates=10
[2026-03-23 17:46:19] Writing outputs for eps=6 to /scratch/gpfs/WEBB/chertok/REACTIVELJ_PAPER/simulation_package/melt/analysis/results/eps_6
[2026-03-23 17:46:21] Finished epsilon group eps=6
[2026-03-23 17:46:21] Aggregating epsilon group 3/5: eps=12, replicates=9
[2026-03-23 17:46:21] Writing outputs for eps=12 to /scratch/gpfs/WEBB/chertok/REACTIVELJ_PAPER/simulation_package/melt/analysis/results/eps_12
[2026-03-23 17:46:24] Finished epsilon group eps=12
[2026-03-23 17:46:24] Aggregating epsilon group 4/5: eps=15, replicates=10
[2026-03-23 17:46:24] Writing outputs for eps=15 to /scratch/gpfs/WEBB/chertok/REACTIVELJ_PAPER/simulation_package/melt/analysis/results/eps_15
[2026-03-23 17:46:26] Finished epsilon group eps=15
[2026-03-23 17:46:26] Aggregating epsilon group 5/5: eps=18, replicates=10
[2026-03-23 17:46:26] Writing outputs for eps=18 to /scratch/gpfs/WEBB/chertok/REACTIVELJ_PAPER/simulation_package/melt/analysis/results/eps_18
[2026-03-23 17:46:29] Finished epsilon group eps=18
[2026-03-23 17:46:29] Wrote /scratch/gpfs/WEBB/chertok/REACTIVELJ_PAPER/simulation_package/melt/analysis/results/summary.json
[2026-03-23 17:46:29] Wrote /scratch/gpfs/WEBB/chertok/REACTIVELJ_PAPER/simulation_package/melt/analysis/results/summary.csv
[2026-03-23 17:46:29] Using tau_R^0=8760.85 for normalized plots
[2026-03-23 17:46:31] Analysis complete
[2026-03-23 17:46:31] Step 7/8 complete: Analysis finished in 231 seconds
[2026-03-23 17:46:31] Step 8/8: Job complete in 233 seconds total
