[2026-02-26 13:42:13] Step 1/8: Purging modules
[2026-02-26 13:42:13] Step 2/8: Sourcing ~/.bashrc
[2026-02-26 13:42:14] Step 3/8: Loading anaconda module
[2026-02-26 13:42:14] Step 4/8: Activating conda environment
[2026-02-26 13:42:15] Step 5/8: Changing directory to /scratch/gpfs/WEBB/chertok/REACTIVELJ_PAPER/simulation_package/mpcd
[2026-02-26 13:42:15] Step 6/8: Ensuring logs directory exists
[2026-02-26 13:42:15] Step 7/8: Starting trajectory analysis
[2026-02-26 13:42:16] Scanning trajectories under /scratch/gpfs/WEBB/chertok/REACTIVELJ_PAPER/simulation_package/mpcd/data_generation/outputs
[2026-02-26 13:42:16] Discovered 60 trajectory/metadata pairs
[2026-02-26 13:42:16] Grouped runs into 6 epsilon values
[2026-02-26 13:42:16] Queueing epsilon group 1/6: eps=3, replicates=10
[2026-02-26 13:42:16] Queueing epsilon group 2/6: eps=6, replicates=10
[2026-02-26 13:42:16] Queueing epsilon group 3/6: eps=9, replicates=10
[2026-02-26 13:42:16] Queueing epsilon group 4/6: eps=12, replicates=10
[2026-02-26 13:42:16] Queueing epsilon group 5/6: eps=15, replicates=10
[2026-02-26 13:42:16] Queueing epsilon group 6/6: eps=18, replicates=10
[2026-02-26 13:42:16] Starting parallel analysis with 16 workers on 60 runs
[2026-02-26 13:42:16] eps=3 rep=2/10: start (eps_3/rep_003/trajectory.gsd)
[2026-02-26 13:42:16] eps=3 rep=1/10: start (eps_3/rep_004/trajectory.gsd)
[2026-02-26 13:42:16] eps=3 rep=3/10: start (eps_3/rep_007/trajectory.gsd)
[2026-02-26 13:42:16] eps=3 rep=4/10: start (eps_3/rep_006/trajectory.gsd)
[2026-02-26 13:42:16] eps=3 rep=6/10: start (eps_3/rep_010/trajectory.gsd)
[2026-02-26 13:42:16] eps=3 rep=5/10: start (eps_3/rep_005/trajectory.gsd)
[2026-02-26 13:42:16] eps=3 rep=8/10: start (eps_3/rep_008/trajectory.gsd)
[2026-02-26 13:42:16] eps=3 rep=7/10: start (eps_3/rep_009/trajectory.gsd)
[2026-02-26 13:42:16] eps=3 rep=10/10: start (eps_3/rep_001/trajectory.gsd)
[2026-02-26 13:42:16] eps=6 rep=2/10: start (eps_6/rep_003/trajectory.gsd)
[2026-02-26 13:42:16] eps=3 rep=9/10: start (eps_3/rep_002/trajectory.gsd)
[2026-02-26 13:42:16] eps=6 rep=4/10: start (eps_6/rep_006/trajectory.gsd)
[2026-02-26 13:42:16] eps=6 rep=3/10: start (eps_6/rep_007/trajectory.gsd)
[2026-02-26 13:42:16] eps=6 rep=1/10: start (eps_6/rep_004/trajectory.gsd)
[2026-02-26 13:42:16] eps=6 rep=5/10: start (eps_6/rep_005/trajectory.gsd)
[2026-02-26 13:42:16] eps=6 rep=6/10: start (eps_6/rep_010/trajectory.gsd)
[2026-02-26 13:42:17] eps=3 rep=3/10: frame progress 10/100 (10.0%)
[2026-02-26 13:42:17] eps=3 rep=2/10: frame progress 10/100 (10.0%)
[2026-02-26 13:42:17] eps=3 rep=1/10: frame progress 10/100 (10.0%)
[2026-02-26 13:42:17] eps=3 rep=4/10: frame progress 10/100 (10.0%)
[2026-02-26 13:42:17] eps=3 rep=6/10: frame progress 10/100 (10.0%)
[2026-02-26 13:42:17] eps=3 rep=5/10: frame progress 10/100 (10.0%)
[2026-02-26 13:42:17] eps=3 rep=10/10: frame progress 10/100 (10.0%)
[2026-02-26 13:42:17] eps=3 rep=7/10: frame progress 10/100 (10.0%)
[2026-02-26 13:42:17] eps=3 rep=8/10: frame progress 10/100 (10.0%)
[2026-02-26 13:42:17] eps=3 rep=9/10: frame progress 10/100 (10.0%)
[2026-02-26 13:42:17] eps=6 rep=2/10: frame progress 10/100 (10.0%)
[2026-02-26 13:42:17] eps=6 rep=6/10: frame progress 10/100 (10.0%)
[2026-02-26 13:42:17] eps=6 rep=4/10: frame progress 10/100 (10.0%)
[2026-02-26 13:42:17] eps=6 rep=1/10: frame progress 10/100 (10.0%)
[2026-02-26 13:42:17] eps=6 rep=3/10: frame progress 10/100 (10.0%)
[2026-02-26 13:42:17] eps=6 rep=5/10: frame progress 10/100 (10.0%)
[2026-02-26 13:42:17] eps=3 rep=3/10: frame progress 20/100 (20.0%)
[2026-02-26 13:42:17] eps=3 rep=1/10: frame progress 20/100 (20.0%)
[2026-02-26 13:42:17] eps=3 rep=2/10: frame progress 20/100 (20.0%)
[2026-02-26 13:42:17] eps=3 rep=4/10: frame progress 20/100 (20.0%)
[2026-02-26 13:42:17] eps=3 rep=6/10: frame progress 20/100 (20.0%)
[2026-02-26 13:42:17] eps=3 rep=5/10: frame progress 20/100 (20.0%)
[2026-02-26 13:42:17] eps=3 rep=10/10: frame progress 20/100 (20.0%)
[2026-02-26 13:42:17] eps=3 rep=8/10: frame progress 20/100 (20.0%)
[2026-02-26 13:42:17] eps=3 rep=7/10: frame progress 20/100 (20.0%)
[2026-02-26 13:42:17] eps=3 rep=9/10: frame progress 20/100 (20.0%)
[2026-02-26 13:42:17] eps=6 rep=2/10: frame progress 20/100 (20.0%)
[2026-02-26 13:42:17] eps=6 rep=4/10: frame progress 20/100 (20.0%)
[2026-02-26 13:42:17] eps=6 rep=1/10: frame progress 20/100 (20.0%)
[2026-02-26 13:42:17] eps=6 rep=3/10: frame progress 20/100 (20.0%)
[2026-02-26 13:42:17] eps=6 rep=6/10: frame progress 20/100 (20.0%)
[2026-02-26 13:42:17] eps=6 rep=5/10: frame progress 20/100 (20.0%)
[2026-02-26 13:42:17] eps=3 rep=1/10: frame progress 30/100 (30.0%)
[2026-02-26 13:42:17] eps=3 rep=3/10: frame progress 30/100 (30.0%)
[2026-02-26 13:42:17] eps=3 rep=2/10: frame progress 30/100 (30.0%)
[2026-02-26 13:42:17] eps=3 rep=6/10: frame progress 30/100 (30.0%)
[2026-02-26 13:42:17] eps=3 rep=4/10: frame progress 30/100 (30.0%)
[2026-02-26 13:42:17] eps=3 rep=5/10: frame progress 30/100 (30.0%)
[2026-02-26 13:42:17] eps=3 rep=8/10: frame progress 30/100 (30.0%)
[2026-02-26 13:42:17] eps=3 rep=7/10: frame progress 30/100 (30.0%)
[2026-02-26 13:42:17] eps=3 rep=10/10: frame progress 30/100 (30.0%)
[2026-02-26 13:42:17] eps=3 rep=9/10: frame progress 30/100 (30.0%)
[2026-02-26 13:42:17] eps=6 rep=2/10: frame progress 30/100 (30.0%)
[2026-02-26 13:42:17] eps=6 rep=4/10: frame progress 30/100 (30.0%)
[2026-02-26 13:42:17] eps=6 rep=1/10: frame progress 30/100 (30.0%)
[2026-02-26 13:42:17] eps=6 rep=3/10: frame progress 30/100 (30.0%)
[2026-02-26 13:42:17] eps=6 rep=6/10: frame progress 30/100 (30.0%)
[2026-02-26 13:42:17] eps=6 rep=5/10: frame progress 30/100 (30.0%)
[2026-02-26 13:42:17] eps=3 rep=1/10: frame progress 40/100 (40.0%)
[2026-02-26 13:42:17] eps=3 rep=2/10: frame progress 40/100 (40.0%)
[2026-02-26 13:42:17] eps=3 rep=3/10: frame progress 40/100 (40.0%)
[2026-02-26 13:42:17] eps=3 rep=6/10: frame progress 40/100 (40.0%)
[2026-02-26 13:42:17] eps=3 rep=4/10: frame progress 40/100 (40.0%)
[2026-02-26 13:42:17] eps=3 rep=5/10: frame progress 40/100 (40.0%)
[2026-02-26 13:42:17] eps=3 rep=7/10: frame progress 40/100 (40.0%)
[2026-02-26 13:42:17] eps=3 rep=10/10: frame progress 40/100 (40.0%)
[2026-02-26 13:42:17] eps=3 rep=9/10: frame progress 40/100 (40.0%)
[2026-02-26 13:42:17] eps=3 rep=8/10: frame progress 40/100 (40.0%)
[2026-02-26 13:42:17] eps=6 rep=4/10: frame progress 40/100 (40.0%)
[2026-02-26 13:42:17] eps=6 rep=2/10: frame progress 40/100 (40.0%)
[2026-02-26 13:42:17] eps=6 rep=6/10: frame progress 40/100 (40.0%)
[2026-02-26 13:42:17] eps=6 rep=1/10: frame progress 40/100 (40.0%)
[2026-02-26 13:42:17] eps=6 rep=3/10: frame progress 40/100 (40.0%)
[2026-02-26 13:42:17] eps=6 rep=5/10: frame progress 40/100 (40.0%)
[2026-02-26 13:42:17] eps=3 rep=1/10: frame progress 50/100 (50.0%)
[2026-02-26 13:42:17] eps=3 rep=2/10: frame progress 50/100 (50.0%)
[2026-02-26 13:42:17] eps=3 rep=3/10: frame progress 50/100 (50.0%)
[2026-02-26 13:42:17] eps=3 rep=6/10: frame progress 50/100 (50.0%)
[2026-02-26 13:42:17] eps=3 rep=4/10: frame progress 50/100 (50.0%)
[2026-02-26 13:42:17] eps=3 rep=5/10: frame progress 50/100 (50.0%)
[2026-02-26 13:42:17] eps=3 rep=8/10: frame progress 50/100 (50.0%)
[2026-02-26 13:42:17] eps=3 rep=7/10: frame progress 50/100 (50.0%)
[2026-02-26 13:42:17] eps=3 rep=10/10: frame progress 50/100 (50.0%)
[2026-02-26 13:42:17] eps=3 rep=9/10: frame progress 50/100 (50.0%)
[2026-02-26 13:42:17] eps=6 rep=4/10: frame progress 50/100 (50.0%)
[2026-02-26 13:42:17] eps=6 rep=2/10: frame progress 50/100 (50.0%)
[2026-02-26 13:42:17] eps=6 rep=1/10: frame progress 50/100 (50.0%)
[2026-02-26 13:42:18] eps=6 rep=3/10: frame progress 50/100 (50.0%)
[2026-02-26 13:42:18] eps=6 rep=6/10: frame progress 50/100 (50.0%)
[2026-02-26 13:42:18] eps=6 rep=5/10: frame progress 50/100 (50.0%)
[2026-02-26 13:42:18] eps=3 rep=1/10: frame progress 60/100 (60.0%)
[2026-02-26 13:42:18] eps=3 rep=3/10: frame progress 60/100 (60.0%)
[2026-02-26 13:42:18] eps=3 rep=2/10: frame progress 60/100 (60.0%)
[2026-02-26 13:42:18] eps=3 rep=6/10: frame progress 60/100 (60.0%)
[2026-02-26 13:42:18] eps=3 rep=5/10: frame progress 60/100 (60.0%)
[2026-02-26 13:42:18] eps=3 rep=4/10: frame progress 60/100 (60.0%)
[2026-02-26 13:42:18] eps=3 rep=7/10: frame progress 60/100 (60.0%)
[2026-02-26 13:42:18] eps=3 rep=8/10: frame progress 60/100 (60.0%)
[2026-02-26 13:42:18] eps=3 rep=9/10: frame progress 60/100 (60.0%)
[2026-02-26 13:42:18] eps=3 rep=10/10: frame progress 60/100 (60.0%)
[2026-02-26 13:42:18] eps=6 rep=4/10: frame progress 60/100 (60.0%)
[2026-02-26 13:42:18] eps=6 rep=2/10: frame progress 60/100 (60.0%)
[2026-02-26 13:42:18] eps=6 rep=1/10: frame progress 60/100 (60.0%)
[2026-02-26 13:42:18] eps=6 rep=6/10: frame progress 60/100 (60.0%)
[2026-02-26 13:42:18] eps=6 rep=3/10: frame progress 60/100 (60.0%)
[2026-02-26 13:42:18] eps=6 rep=5/10: frame progress 60/100 (60.0%)
[2026-02-26 13:42:18] eps=3 rep=1/10: frame progress 70/100 (70.0%)
[2026-02-26 13:42:18] eps=3 rep=3/10: frame progress 70/100 (70.0%)
[2026-02-26 13:42:18] eps=3 rep=2/10: frame progress 70/100 (70.0%)
[2026-02-26 13:42:18] eps=3 rep=6/10: frame progress 70/100 (70.0%)
[2026-02-26 13:42:18] eps=3 rep=5/10: frame progress 70/100 (70.0%)
[2026-02-26 13:42:18] eps=3 rep=4/10: frame progress 70/100 (70.0%)
[2026-02-26 13:42:18] eps=3 rep=10/10: frame progress 70/100 (70.0%)
[2026-02-26 13:42:18] eps=3 rep=8/10: frame progress 70/100 (70.0%)
[2026-02-26 13:42:18] eps=3 rep=7/10: frame progress 70/100 (70.0%)
[2026-02-26 13:42:18] eps=3 rep=9/10: frame progress 70/100 (70.0%)
[2026-02-26 13:42:18] eps=6 rep=2/10: frame progress 70/100 (70.0%)
[2026-02-26 13:42:18] eps=6 rep=4/10: frame progress 70/100 (70.0%)
[2026-02-26 13:42:18] eps=6 rep=1/10: frame progress 70/100 (70.0%)
[2026-02-26 13:42:18] eps=6 rep=6/10: frame progress 70/100 (70.0%)
[2026-02-26 13:42:18] eps=6 rep=3/10: frame progress 70/100 (70.0%)
[2026-02-26 13:42:18] eps=6 rep=5/10: frame progress 70/100 (70.0%)
[2026-02-26 13:42:18] eps=3 rep=1/10: frame progress 80/100 (80.0%)
[2026-02-26 13:42:18] eps=3 rep=3/10: frame progress 80/100 (80.0%)
[2026-02-26 13:42:18] eps=3 rep=2/10: frame progress 80/100 (80.0%)
[2026-02-26 13:42:18] eps=3 rep=6/10: frame progress 80/100 (80.0%)
[2026-02-26 13:42:18] eps=3 rep=5/10: frame progress 80/100 (80.0%)
[2026-02-26 13:42:18] eps=3 rep=4/10: frame progress 80/100 (80.0%)
[2026-02-26 13:42:18] eps=3 rep=10/10: frame progress 80/100 (80.0%)
[2026-02-26 13:42:18] eps=3 rep=8/10: frame progress 80/100 (80.0%)
[2026-02-26 13:42:18] eps=3 rep=7/10: frame progress 80/100 (80.0%)
[2026-02-26 13:42:18] eps=3 rep=9/10: frame progress 80/100 (80.0%)
[2026-02-26 13:42:18] eps=6 rep=2/10: frame progress 80/100 (80.0%)
[2026-02-26 13:42:18] eps=6 rep=4/10: frame progress 80/100 (80.0%)
[2026-02-26 13:42:18] eps=6 rep=1/10: frame progress 80/100 (80.0%)
[2026-02-26 13:42:18] eps=6 rep=6/10: frame progress 80/100 (80.0%)
[2026-02-26 13:42:18] eps=6 rep=3/10: frame progress 80/100 (80.0%)
[2026-02-26 13:42:18] eps=6 rep=5/10: frame progress 80/100 (80.0%)
[2026-02-26 13:42:18] eps=3 rep=1/10: frame progress 90/100 (90.0%)
[2026-02-26 13:42:18] eps=3 rep=3/10: frame progress 90/100 (90.0%)
[2026-02-26 13:42:18] eps=3 rep=6/10: frame progress 90/100 (90.0%)
[2026-02-26 13:42:18] eps=3 rep=2/10: frame progress 90/100 (90.0%)
[2026-02-26 13:42:18] eps=3 rep=5/10: frame progress 90/100 (90.0%)
[2026-02-26 13:42:18] eps=3 rep=7/10: frame progress 90/100 (90.0%)
[2026-02-26 13:42:18] eps=3 rep=4/10: frame progress 90/100 (90.0%)
[2026-02-26 13:42:18] eps=3 rep=10/10: frame progress 90/100 (90.0%)
[2026-02-26 13:42:18] eps=3 rep=8/10: frame progress 90/100 (90.0%)
[2026-02-26 13:42:18] eps=3 rep=9/10: frame progress 90/100 (90.0%)
[2026-02-26 13:42:18] eps=6 rep=4/10: frame progress 90/100 (90.0%)
[2026-02-26 13:42:18] eps=6 rep=2/10: frame progress 90/100 (90.0%)
[2026-02-26 13:42:18] eps=6 rep=1/10: frame progress 90/100 (90.0%)
[2026-02-26 13:42:18] eps=6 rep=6/10: frame progress 90/100 (90.0%)
[2026-02-26 13:42:18] eps=6 rep=3/10: frame progress 90/100 (90.0%)
[2026-02-26 13:42:18] eps=6 rep=5/10: frame progress 90/100 (90.0%)
[2026-02-26 13:42:19] eps=3 rep=1/10: frame progress 100/100 (100.0%)
[2026-02-26 13:42:19] eps=3 rep=6/10: frame progress 100/100 (100.0%)
[2026-02-26 13:42:19] eps=3 rep=2/10: frame progress 100/100 (100.0%)
[2026-02-26 13:42:19] eps=3 rep=3/10: frame progress 100/100 (100.0%)
[2026-02-26 13:42:19] eps=3 rep=4/10: frame progress 100/100 (100.0%)
[2026-02-26 13:42:19] eps=3 rep=5/10: frame progress 100/100 (100.0%)
[2026-02-26 13:42:19] eps=3 rep=8/10: frame progress 100/100 (100.0%)
[2026-02-26 13:42:19] eps=3 rep=10/10: frame progress 100/100 (100.0%)
[2026-02-26 13:42:19] eps=3 rep=7/10: frame progress 100/100 (100.0%)
[2026-02-26 13:42:19] eps=3 rep=9/10: frame progress 100/100 (100.0%)
[2026-02-26 13:42:19] eps=6 rep=4/10: frame progress 100/100 (100.0%)
[2026-02-26 13:42:19] eps=6 rep=2/10: frame progress 100/100 (100.0%)
[2026-02-26 13:42:19] eps=6 rep=1/10: frame progress 100/100 (100.0%)
[2026-02-26 13:42:19] eps=6 rep=6/10: frame progress 100/100 (100.0%)
[2026-02-26 13:42:19] eps=6 rep=3/10: frame progress 100/100 (100.0%)
[2026-02-26 13:42:19] eps=6 rep=5/10: frame progress 100/100 (100.0%)
[2026-02-26 13:42:19] eps=3 rep=1/10: done
[2026-02-26 13:42:19] eps=3 rep=5/10: done
[2026-02-26 13:42:19] eps=3 rep=8/10: done
[2026-02-26 13:42:19] eps=3 rep=6/10: done
[2026-02-26 13:42:19] eps=3 rep=2/10: done
[2026-02-26 13:42:19] eps=3 rep=3/10: done
[2026-02-26 13:42:19] eps=3 rep=10/10: done
[2026-02-26 13:42:19] eps=3 rep=4/10: done
[2026-02-26 13:42:19] eps=3 rep=7/10: done
[2026-02-26 13:42:19] eps=6 rep=7/10: start (eps_6/rep_009/trajectory.gsd)
[2026-02-26 13:42:19] eps=6 rep=8/10: start (eps_6/rep_008/trajectory.gsd)
[2026-02-26 13:42:19] eps=6 rep=9/10: start (eps_6/rep_002/trajectory.gsd)
[2026-02-26 13:42:19] eps=3 rep=9/10: done
[2026-02-26 13:42:19] eps=6 rep=10/10: start (eps_6/rep_001/trajectory.gsd)
[2026-02-26 13:42:19] eps=9 rep=1/10: start (eps_9/rep_004/trajectory.gsd)
[2026-02-26 13:42:19] eps=9 rep=2/10: start (eps_9/rep_003/trajectory.gsd)
[2026-02-26 13:42:19] eps=9 rep=3/10: start (eps_9/rep_007/trajectory.gsd)
[2026-02-26 13:42:19] eps=9 rep=4/10: start (eps_9/rep_006/trajectory.gsd)
[2026-02-26 13:42:19] eps=9 rep=5/10: start (eps_9/rep_005/trajectory.gsd)
[2026-02-26 13:42:19] eps=9 rep=6/10: start (eps_9/rep_010/trajectory.gsd)
[2026-02-26 13:42:19] eps=6 rep=2/10: done
[2026-02-26 13:42:19] eps=6 rep=4/10: done
[2026-02-26 13:42:19] eps=6 rep=1/10: done
[2026-02-26 13:42:19] eps=6 rep=6/10: done
[2026-02-26 13:42:19] eps=9 rep=7/10: start (eps_9/rep_009/trajectory.gsd)
[2026-02-26 13:42:19] eps=9 rep=8/10: start (eps_9/rep_008/trajectory.gsd)
[2026-02-26 13:42:19] eps=9 rep=9/10: start (eps_9/rep_002/trajectory.gsd)
[2026-02-26 13:42:19] eps=6 rep=3/10: done
[2026-02-26 13:42:19] eps=9 rep=10/10: start (eps_9/rep_001/trajectory.gsd)
[2026-02-26 13:42:19] eps=6 rep=5/10: done
[2026-02-26 13:42:19] eps=12 rep=1/10: start (eps_12/rep_004/trajectory.gsd)
[2026-02-26 13:42:19] eps=12 rep=2/10: start (eps_12/rep_003/trajectory.gsd)
[2026-02-26 13:42:19] eps=6 rep=10/10: frame progress 10/100 (10.0%)
[2026-02-26 13:42:19] eps=6 rep=8/10: frame progress 10/100 (10.0%)
[2026-02-26 13:42:19] eps=6 rep=7/10: frame progress 10/100 (10.0%)
[2026-02-26 13:42:19] eps=6 rep=9/10: frame progress 10/100 (10.0%)
[2026-02-26 13:42:19] eps=9 rep=2/10: frame progress 10/100 (10.0%)
[2026-02-26 13:42:19] eps=9 rep=3/10: frame progress 10/100 (10.0%)
[2026-02-26 13:42:19] eps=9 rep=1/10: frame progress 10/100 (10.0%)
[2026-02-26 13:42:19] eps=9 rep=4/10: frame progress 10/100 (10.0%)
[2026-02-26 13:42:19] eps=9 rep=5/10: frame progress 10/100 (10.0%)
[2026-02-26 13:42:19] eps=9 rep=6/10: frame progress 10/100 (10.0%)
[2026-02-26 13:42:19] eps=9 rep=7/10: frame progress 10/100 (10.0%)
[2026-02-26 13:42:19] eps=9 rep=8/10: frame progress 10/100 (10.0%)
[2026-02-26 13:42:19] eps=9 rep=9/10: frame progress 10/100 (10.0%)
[2026-02-26 13:42:19] eps=9 rep=10/10: frame progress 10/100 (10.0%)
[2026-02-26 13:42:19] eps=12 rep=1/10: frame progress 10/100 (10.0%)
[2026-02-26 13:42:19] eps=12 rep=2/10: frame progress 10/100 (10.0%)
[2026-02-26 13:42:19] eps=6 rep=10/10: frame progress 20/100 (20.0%)
[2026-02-26 13:42:19] eps=6 rep=8/10: frame progress 20/100 (20.0%)
[2026-02-26 13:42:19] eps=6 rep=9/10: frame progress 20/100 (20.0%)
[2026-02-26 13:42:19] eps=6 rep=7/10: frame progress 20/100 (20.0%)
[2026-02-26 13:42:19] eps=9 rep=3/10: frame progress 20/100 (20.0%)
[2026-02-26 13:42:19] eps=9 rep=2/10: frame progress 20/100 (20.0%)
[2026-02-26 13:42:19] eps=9 rep=5/10: frame progress 20/100 (20.0%)
[2026-02-26 13:42:19] eps=9 rep=1/10: frame progress 20/100 (20.0%)
[2026-02-26 13:42:19] eps=9 rep=4/10: frame progress 20/100 (20.0%)
[2026-02-26 13:42:19] eps=9 rep=6/10: frame progress 20/100 (20.0%)
[2026-02-26 13:42:19] eps=9 rep=7/10: frame progress 20/100 (20.0%)
[2026-02-26 13:42:19] eps=9 rep=9/10: frame progress 20/100 (20.0%)
[2026-02-26 13:42:19] eps=9 rep=8/10: frame progress 20/100 (20.0%)
[2026-02-26 13:42:19] eps=9 rep=10/10: frame progress 20/100 (20.0%)
[2026-02-26 13:42:20] eps=12 rep=1/10: frame progress 20/100 (20.0%)
[2026-02-26 13:42:20] eps=12 rep=2/10: frame progress 20/100 (20.0%)
[2026-02-26 13:42:20] eps=6 rep=10/10: frame progress 30/100 (30.0%)
[2026-02-26 13:42:20] eps=6 rep=8/10: frame progress 30/100 (30.0%)
[2026-02-26 13:42:20] eps=6 rep=9/10: frame progress 30/100 (30.0%)
[2026-02-26 13:42:20] eps=6 rep=7/10: frame progress 30/100 (30.0%)
[2026-02-26 13:42:20] eps=9 rep=2/10: frame progress 30/100 (30.0%)
[2026-02-26 13:42:20] eps=9 rep=5/10: frame progress 30/100 (30.0%)
[2026-02-26 13:42:20] eps=9 rep=3/10: frame progress 30/100 (30.0%)
[2026-02-26 13:42:20] eps=9 rep=1/10: frame progress 30/100 (30.0%)
[2026-02-26 13:42:20] eps=9 rep=4/10: frame progress 30/100 (30.0%)
[2026-02-26 13:42:20] eps=9 rep=6/10: frame progress 30/100 (30.0%)
[2026-02-26 13:42:20] eps=9 rep=7/10: frame progress 30/100 (30.0%)
[2026-02-26 13:42:20] eps=9 rep=10/10: frame progress 30/100 (30.0%)
[2026-02-26 13:42:20] eps=9 rep=9/10: frame progress 30/100 (30.0%)
[2026-02-26 13:42:20] eps=9 rep=8/10: frame progress 30/100 (30.0%)
[2026-02-26 13:42:20] eps=6 rep=10/10: frame progress 40/100 (40.0%)
[2026-02-26 13:42:20] eps=6 rep=8/10: frame progress 40/100 (40.0%)
[2026-02-26 13:42:20] eps=6 rep=9/10: frame progress 40/100 (40.0%)
[2026-02-26 13:42:20] eps=6 rep=7/10: frame progress 40/100 (40.0%)
[2026-02-26 13:42:20] eps=12 rep=1/10: frame progress 30/100 (30.0%)
[2026-02-26 13:42:20] eps=12 rep=2/10: frame progress 30/100 (30.0%)
[2026-02-26 13:42:20] eps=9 rep=2/10: frame progress 40/100 (40.0%)
[2026-02-26 13:42:20] eps=9 rep=3/10: frame progress 40/100 (40.0%)
[2026-02-26 13:42:20] eps=9 rep=5/10: frame progress 40/100 (40.0%)
[2026-02-26 13:42:20] eps=9 rep=1/10: frame progress 40/100 (40.0%)
[2026-02-26 13:42:20] eps=9 rep=4/10: frame progress 40/100 (40.0%)
[2026-02-26 13:42:20] eps=9 rep=6/10: frame progress 40/100 (40.0%)
[2026-02-26 13:42:20] eps=6 rep=10/10: frame progress 50/100 (50.0%)
[2026-02-26 13:42:20] eps=6 rep=9/10: frame progress 50/100 (50.0%)
[2026-02-26 13:42:20] eps=6 rep=8/10: frame progress 50/100 (50.0%)
[2026-02-26 13:42:20] eps=9 rep=7/10: frame progress 40/100 (40.0%)
[2026-02-26 13:42:20] eps=6 rep=7/10: frame progress 50/100 (50.0%)
[2026-02-26 13:42:20] eps=9 rep=9/10: frame progress 40/100 (40.0%)
[2026-02-26 13:42:20] eps=9 rep=10/10: frame progress 40/100 (40.0%)
[2026-02-26 13:42:20] eps=9 rep=8/10: frame progress 40/100 (40.0%)
[2026-02-26 13:42:20] eps=12 rep=1/10: frame progress 40/100 (40.0%)
[2026-02-26 13:42:20] eps=12 rep=2/10: frame progress 40/100 (40.0%)
[2026-02-26 13:42:20] eps=9 rep=3/10: frame progress 50/100 (50.0%)
[2026-02-26 13:42:20] eps=9 rep=5/10: frame progress 50/100 (50.0%)
[2026-02-26 13:42:20] eps=9 rep=2/10: frame progress 50/100 (50.0%)
[2026-02-26 13:42:20] eps=9 rep=1/10: frame progress 50/100 (50.0%)
[2026-02-26 13:42:20] eps=9 rep=4/10: frame progress 50/100 (50.0%)
[2026-02-26 13:42:20] eps=9 rep=6/10: frame progress 50/100 (50.0%)
[2026-02-26 13:42:20] eps=6 rep=10/10: frame progress 60/100 (60.0%)
[2026-02-26 13:42:20] eps=6 rep=9/10: frame progress 60/100 (60.0%)
[2026-02-26 13:42:20] eps=6 rep=8/10: frame progress 60/100 (60.0%)
[2026-02-26 13:42:20] eps=6 rep=7/10: frame progress 60/100 (60.0%)
[2026-02-26 13:42:20] eps=9 rep=7/10: frame progress 50/100 (50.0%)
[2026-02-26 13:42:20] eps=9 rep=8/10: frame progress 50/100 (50.0%)
[2026-02-26 13:42:20] eps=9 rep=9/10: frame progress 50/100 (50.0%)
[2026-02-26 13:42:20] eps=9 rep=10/10: frame progress 50/100 (50.0%)
[2026-02-26 13:42:20] eps=12 rep=1/10: frame progress 50/100 (50.0%)
[2026-02-26 13:42:20] eps=12 rep=2/10: frame progress 50/100 (50.0%)
[2026-02-26 13:42:20] eps=9 rep=3/10: frame progress 60/100 (60.0%)
[2026-02-26 13:42:20] eps=9 rep=5/10: frame progress 60/100 (60.0%)
[2026-02-26 13:42:20] eps=6 rep=10/10: frame progress 70/100 (70.0%)
[2026-02-26 13:42:20] eps=9 rep=2/10: frame progress 60/100 (60.0%)
[2026-02-26 13:42:20] eps=6 rep=9/10: frame progress 70/100 (70.0%)
[2026-02-26 13:42:20] eps=6 rep=8/10: frame progress 70/100 (70.0%)
[2026-02-26 13:42:20] eps=9 rep=1/10: frame progress 60/100 (60.0%)
[2026-02-26 13:42:20] eps=6 rep=7/10: frame progress 70/100 (70.0%)
[2026-02-26 13:42:20] eps=9 rep=4/10: frame progress 60/100 (60.0%)
[2026-02-26 13:42:20] eps=9 rep=6/10: frame progress 60/100 (60.0%)
[2026-02-26 13:42:21] eps=9 rep=7/10: frame progress 60/100 (60.0%)
[2026-02-26 13:42:21] eps=9 rep=8/10: frame progress 60/100 (60.0%)
[2026-02-26 13:42:21] eps=9 rep=9/10: frame progress 60/100 (60.0%)
[2026-02-26 13:42:21] eps=9 rep=10/10: frame progress 60/100 (60.0%)
[2026-02-26 13:42:21] eps=6 rep=10/10: frame progress 80/100 (80.0%)
[2026-02-26 13:42:21] eps=6 rep=9/10: frame progress 80/100 (80.0%)
[2026-02-26 13:42:21] eps=6 rep=8/10: frame progress 80/100 (80.0%)
[2026-02-26 13:42:21] eps=6 rep=7/10: frame progress 80/100 (80.0%)
[2026-02-26 13:42:21] eps=9 rep=2/10: frame progress 70/100 (70.0%)
[2026-02-26 13:42:21] eps=9 rep=3/10: frame progress 70/100 (70.0%)
[2026-02-26 13:42:21] eps=9 rep=5/10: frame progress 70/100 (70.0%)
[2026-02-26 13:42:21] eps=9 rep=1/10: frame progress 70/100 (70.0%)
[2026-02-26 13:42:21] eps=12 rep=1/10: frame progress 60/100 (60.0%)
[2026-02-26 13:42:21] eps=9 rep=6/10: frame progress 70/100 (70.0%)
[2026-02-26 13:42:21] eps=9 rep=4/10: frame progress 70/100 (70.0%)
[2026-02-26 13:42:21] eps=12 rep=2/10: frame progress 60/100 (60.0%)
[2026-02-26 13:42:21] eps=9 rep=7/10: frame progress 70/100 (70.0%)
[2026-02-26 13:42:21] eps=9 rep=8/10: frame progress 70/100 (70.0%)
[2026-02-26 13:42:21] eps=9 rep=9/10: frame progress 70/100 (70.0%)
[2026-02-26 13:42:21] eps=9 rep=10/10: frame progress 70/100 (70.0%)
[2026-02-26 13:42:21] eps=6 rep=10/10: frame progress 90/100 (90.0%)
[2026-02-26 13:42:21] eps=6 rep=9/10: frame progress 90/100 (90.0%)
[2026-02-26 13:42:21] eps=6 rep=7/10: frame progress 90/100 (90.0%)
[2026-02-26 13:42:21] eps=6 rep=8/10: frame progress 90/100 (90.0%)
[2026-02-26 13:42:21] eps=9 rep=2/10: frame progress 80/100 (80.0%)
[2026-02-26 13:42:21] eps=9 rep=5/10: frame progress 80/100 (80.0%)
[2026-02-26 13:42:21] eps=9 rep=3/10: frame progress 80/100 (80.0%)
[2026-02-26 13:42:21] eps=9 rep=1/10: frame progress 80/100 (80.0%)
[2026-02-26 13:42:21] eps=9 rep=6/10: frame progress 80/100 (80.0%)
[2026-02-26 13:42:21] eps=9 rep=4/10: frame progress 80/100 (80.0%)
[2026-02-26 13:42:21] eps=12 rep=1/10: frame progress 70/100 (70.0%)
[2026-02-26 13:42:21] eps=12 rep=2/10: frame progress 70/100 (70.0%)
[2026-02-26 13:42:21] eps=9 rep=8/10: frame progress 80/100 (80.0%)
[2026-02-26 13:42:21] eps=9 rep=7/10: frame progress 80/100 (80.0%)
[2026-02-26 13:42:21] eps=9 rep=10/10: frame progress 80/100 (80.0%)
[2026-02-26 13:42:21] eps=9 rep=9/10: frame progress 80/100 (80.0%)
[2026-02-26 13:42:21] eps=6 rep=10/10: frame progress 100/100 (100.0%)
[2026-02-26 13:42:21] eps=6 rep=9/10: frame progress 100/100 (100.0%)
[2026-02-26 13:42:21] eps=6 rep=7/10: frame progress 100/100 (100.0%)
[2026-02-26 13:42:21] eps=6 rep=8/10: frame progress 100/100 (100.0%)
[2026-02-26 13:42:21] eps=9 rep=2/10: frame progress 90/100 (90.0%)
[2026-02-26 13:42:21] eps=9 rep=5/10: frame progress 90/100 (90.0%)
[2026-02-26 13:42:21] eps=9 rep=3/10: frame progress 90/100 (90.0%)
[2026-02-26 13:42:21] eps=9 rep=1/10: frame progress 90/100 (90.0%)
[2026-02-26 13:42:21] eps=9 rep=6/10: frame progress 90/100 (90.0%)
[2026-02-26 13:42:21] eps=9 rep=4/10: frame progress 90/100 (90.0%)
[2026-02-26 13:42:21] eps=6 rep=10/10: done
[2026-02-26 13:42:21] eps=6 rep=7/10: done
[2026-02-26 13:42:21] eps=6 rep=8/10: done
[2026-02-26 13:42:21] eps=6 rep=9/10: done
[2026-02-26 13:42:21] eps=12 rep=3/10: start (eps_12/rep_007/trajectory.gsd)
[2026-02-26 13:42:21] eps=12 rep=4/10: start (eps_12/rep_006/trajectory.gsd)
[2026-02-26 13:42:21] eps=12 rep=5/10: start (eps_12/rep_005/trajectory.gsd)
[2026-02-26 13:42:21] eps=12 rep=6/10: start (eps_12/rep_010/trajectory.gsd)
[2026-02-26 13:42:21] eps=12 rep=1/10: frame progress 80/100 (80.0%)
[2026-02-26 13:42:21] eps=9 rep=8/10: frame progress 90/100 (90.0%)
[2026-02-26 13:42:21] eps=12 rep=2/10: frame progress 80/100 (80.0%)
[2026-02-26 13:42:21] eps=9 rep=7/10: frame progress 90/100 (90.0%)
[2026-02-26 13:42:21] eps=9 rep=10/10: frame progress 90/100 (90.0%)
[2026-02-26 13:42:21] eps=9 rep=9/10: frame progress 90/100 (90.0%)
[2026-02-26 13:42:22] eps=9 rep=2/10: frame progress 100/100 (100.0%)
[2026-02-26 13:42:22] eps=9 rep=5/10: frame progress 100/100 (100.0%)
[2026-02-26 13:42:22] eps=9 rep=3/10: frame progress 100/100 (100.0%)
[2026-02-26 13:42:22] eps=9 rep=1/10: frame progress 100/100 (100.0%)
[2026-02-26 13:42:22] eps=9 rep=4/10: frame progress 100/100 (100.0%)
[2026-02-26 13:42:22] eps=9 rep=6/10: frame progress 100/100 (100.0%)
[2026-02-26 13:42:22] eps=12 rep=3/10: frame progress 10/100 (10.0%)
[2026-02-26 13:42:22] eps=12 rep=6/10: frame progress 10/100 (10.0%)
[2026-02-26 13:42:22] eps=12 rep=4/10: frame progress 10/100 (10.0%)
[2026-02-26 13:42:22] eps=12 rep=5/10: frame progress 10/100 (10.0%)
[2026-02-26 13:42:22] eps=9 rep=8/10: frame progress 100/100 (100.0%)
[2026-02-26 13:42:22] eps=9 rep=7/10: frame progress 100/100 (100.0%)
[2026-02-26 13:42:22] eps=9 rep=9/10: frame progress 100/100 (100.0%)
[2026-02-26 13:42:22] eps=9 rep=10/10: frame progress 100/100 (100.0%)
[2026-02-26 13:42:22] eps=12 rep=1/10: frame progress 90/100 (90.0%)
[2026-02-26 13:42:22] eps=12 rep=2/10: frame progress 90/100 (90.0%)
[2026-02-26 13:42:22] eps=9 rep=2/10: done
[2026-02-26 13:42:22] eps=9 rep=3/10: done
[2026-02-26 13:42:22] eps=9 rep=5/10: done
[2026-02-26 13:42:22] eps=9 rep=1/10: done
[2026-02-26 13:42:22] eps=12 rep=7/10: start (eps_12/rep_009/trajectory.gsd)
[2026-02-26 13:42:22] eps=12 rep=8/10: start (eps_12/rep_008/trajectory.gsd)
[2026-02-26 13:42:22] eps=12 rep=9/10: start (eps_12/rep_002/trajectory.gsd)
[2026-02-26 13:42:22] eps=9 rep=4/10: done
[2026-02-26 13:42:22] eps=9 rep=6/10: done
[2026-02-26 13:42:22] eps=12 rep=10/10: start (eps_12/rep_001/trajectory.gsd)
[2026-02-26 13:42:22] eps=15 rep=1/10: start (eps_15/rep_004/trajectory.gsd)
[2026-02-26 13:42:22] eps=15 rep=2/10: start (eps_15/rep_003/trajectory.gsd)
[2026-02-26 13:42:22] eps=9 rep=8/10: done
[2026-02-26 13:42:22] eps=9 rep=7/10: done
[2026-02-26 13:42:22] eps=9 rep=9/10: done
[2026-02-26 13:42:22] eps=9 rep=10/10: done
[2026-02-26 13:42:22] eps=15 rep=3/10: start (eps_15/rep_007/trajectory.gsd)
[2026-02-26 13:42:22] eps=15 rep=4/10: start (eps_15/rep_006/trajectory.gsd)
[2026-02-26 13:42:22] eps=15 rep=5/10: start (eps_15/rep_005/trajectory.gsd)
[2026-02-26 13:42:22] eps=15 rep=6/10: start (eps_15/rep_010/trajectory.gsd)
[2026-02-26 13:42:22] eps=12 rep=6/10: frame progress 20/100 (20.0%)
[2026-02-26 13:42:22] eps=12 rep=4/10: frame progress 20/100 (20.0%)
[2026-02-26 13:42:22] eps=12 rep=5/10: frame progress 20/100 (20.0%)
[2026-02-26 13:42:22] eps=12 rep=3/10: frame progress 20/100 (20.0%)
[2026-02-26 13:42:22] eps=12 rep=1/10: frame progress 100/100 (100.0%)
[2026-02-26 13:42:22] eps=12 rep=2/10: frame progress 100/100 (100.0%)
[2026-02-26 13:42:22] eps=12 rep=9/10: frame progress 10/100 (10.0%)
[2026-02-26 13:42:22] eps=12 rep=8/10: frame progress 10/100 (10.0%)
[2026-02-26 13:42:22] eps=12 rep=7/10: frame progress 10/100 (10.0%)
[2026-02-26 13:42:22] eps=12 rep=10/10: frame progress 10/100 (10.0%)
[2026-02-26 13:42:22] eps=15 rep=1/10: frame progress 10/100 (10.0%)
[2026-02-26 13:42:22] eps=15 rep=2/10: frame progress 10/100 (10.0%)
[2026-02-26 13:42:22] eps=15 rep=3/10: frame progress 10/100 (10.0%)
[2026-02-26 13:42:22] eps=15 rep=4/10: frame progress 10/100 (10.0%)
[2026-02-26 13:42:22] eps=15 rep=5/10: frame progress 10/100 (10.0%)
[2026-02-26 13:42:22] eps=12 rep=1/10: done
[2026-02-26 13:42:22] eps=15 rep=6/10: frame progress 10/100 (10.0%)
[2026-02-26 13:42:22] eps=15 rep=7/10: start (eps_15/rep_009/trajectory.gsd)
[2026-02-26 13:42:22] eps=12 rep=2/10: done
[2026-02-26 13:42:22] eps=15 rep=8/10: start (eps_15/rep_008/trajectory.gsd)
[2026-02-26 13:42:22] eps=12 rep=6/10: frame progress 30/100 (30.0%)
[2026-02-26 13:42:22] eps=12 rep=4/10: frame progress 30/100 (30.0%)
[2026-02-26 13:42:22] eps=12 rep=3/10: frame progress 30/100 (30.0%)
[2026-02-26 13:42:22] eps=12 rep=5/10: frame progress 30/100 (30.0%)
[2026-02-26 13:42:22] eps=12 rep=9/10: frame progress 20/100 (20.0%)
[2026-02-26 13:42:22] eps=12 rep=7/10: frame progress 20/100 (20.0%)
[2026-02-26 13:42:22] eps=12 rep=8/10: frame progress 20/100 (20.0%)
[2026-02-26 13:42:22] eps=12 rep=10/10: frame progress 20/100 (20.0%)
[2026-02-26 13:42:22] eps=15 rep=1/10: frame progress 20/100 (20.0%)
[2026-02-26 13:42:22] eps=15 rep=2/10: frame progress 20/100 (20.0%)
[2026-02-26 13:42:22] eps=15 rep=3/10: frame progress 20/100 (20.0%)
[2026-02-26 13:42:22] eps=15 rep=4/10: frame progress 20/100 (20.0%)
[2026-02-26 13:42:23] eps=15 rep=5/10: frame progress 20/100 (20.0%)
[2026-02-26 13:42:23] eps=15 rep=6/10: frame progress 20/100 (20.0%)
[2026-02-26 13:42:23] eps=15 rep=7/10: frame progress 10/100 (10.0%)
[2026-02-26 13:42:23] eps=15 rep=8/10: frame progress 10/100 (10.0%)
[2026-02-26 13:42:23] eps=12 rep=6/10: frame progress 40/100 (40.0%)
[2026-02-26 13:42:23] eps=12 rep=4/10: frame progress 40/100 (40.0%)
[2026-02-26 13:42:23] eps=12 rep=3/10: frame progress 40/100 (40.0%)
[2026-02-26 13:42:23] eps=12 rep=5/10: frame progress 40/100 (40.0%)
[2026-02-26 13:42:23] eps=12 rep=9/10: frame progress 30/100 (30.0%)
[2026-02-26 13:42:23] eps=12 rep=7/10: frame progress 30/100 (30.0%)
[2026-02-26 13:42:23] eps=12 rep=8/10: frame progress 30/100 (30.0%)
[2026-02-26 13:42:23] eps=12 rep=10/10: frame progress 30/100 (30.0%)
[2026-02-26 13:42:23] eps=15 rep=1/10: frame progress 30/100 (30.0%)
[2026-02-26 13:42:23] eps=15 rep=2/10: frame progress 30/100 (30.0%)
[2026-02-26 13:42:23] eps=15 rep=3/10: frame progress 30/100 (30.0%)
[2026-02-26 13:42:23] eps=15 rep=4/10: frame progress 30/100 (30.0%)
[2026-02-26 13:42:23] eps=15 rep=5/10: frame progress 30/100 (30.0%)
[2026-02-26 13:42:23] eps=15 rep=6/10: frame progress 30/100 (30.0%)
[2026-02-26 13:42:23] eps=15 rep=7/10: frame progress 20/100 (20.0%)
[2026-02-26 13:42:23] eps=15 rep=8/10: frame progress 20/100 (20.0%)
[2026-02-26 13:42:23] eps=12 rep=6/10: frame progress 50/100 (50.0%)
[2026-02-26 13:42:23] eps=12 rep=3/10: frame progress 50/100 (50.0%)
[2026-02-26 13:42:23] eps=12 rep=4/10: frame progress 50/100 (50.0%)
[2026-02-26 13:42:23] eps=12 rep=5/10: frame progress 50/100 (50.0%)
[2026-02-26 13:42:23] eps=12 rep=7/10: frame progress 40/100 (40.0%)
[2026-02-26 13:42:23] eps=12 rep=9/10: frame progress 40/100 (40.0%)
[2026-02-26 13:42:23] eps=12 rep=8/10: frame progress 40/100 (40.0%)
[2026-02-26 13:42:23] eps=12 rep=10/10: frame progress 40/100 (40.0%)
[2026-02-26 13:42:23] eps=15 rep=1/10: frame progress 40/100 (40.0%)
[2026-02-26 13:42:23] eps=15 rep=2/10: frame progress 40/100 (40.0%)
[2026-02-26 13:42:23] eps=15 rep=3/10: frame progress 40/100 (40.0%)
[2026-02-26 13:42:23] eps=15 rep=5/10: frame progress 40/100 (40.0%)
[2026-02-26 13:42:23] eps=15 rep=4/10: frame progress 40/100 (40.0%)
[2026-02-26 13:42:23] eps=15 rep=6/10: frame progress 40/100 (40.0%)
[2026-02-26 13:42:23] eps=15 rep=7/10: frame progress 30/100 (30.0%)
[2026-02-26 13:42:23] eps=15 rep=8/10: frame progress 30/100 (30.0%)
[2026-02-26 13:42:23] eps=12 rep=6/10: frame progress 60/100 (60.0%)
[2026-02-26 13:42:23] eps=12 rep=3/10: frame progress 60/100 (60.0%)
[2026-02-26 13:42:23] eps=12 rep=5/10: frame progress 60/100 (60.0%)
[2026-02-26 13:42:23] eps=12 rep=4/10: frame progress 60/100 (60.0%)
[2026-02-26 13:42:23] eps=12 rep=7/10: frame progress 50/100 (50.0%)
[2026-02-26 13:42:23] eps=12 rep=9/10: frame progress 50/100 (50.0%)
[2026-02-26 13:42:23] eps=12 rep=8/10: frame progress 50/100 (50.0%)
[2026-02-26 13:42:23] eps=12 rep=10/10: frame progress 50/100 (50.0%)
[2026-02-26 13:42:23] eps=15 rep=1/10: frame progress 50/100 (50.0%)
[2026-02-26 13:42:23] eps=15 rep=2/10: frame progress 50/100 (50.0%)
[2026-02-26 13:42:23] eps=15 rep=3/10: frame progress 50/100 (50.0%)
[2026-02-26 13:42:23] eps=15 rep=5/10: frame progress 50/100 (50.0%)
[2026-02-26 13:42:23] eps=15 rep=4/10: frame progress 50/100 (50.0%)
[2026-02-26 13:42:23] eps=15 rep=6/10: frame progress 50/100 (50.0%)
[2026-02-26 13:42:23] eps=15 rep=7/10: frame progress 40/100 (40.0%)
[2026-02-26 13:42:24] eps=12 rep=6/10: frame progress 70/100 (70.0%)
[2026-02-26 13:42:24] eps=12 rep=3/10: frame progress 70/100 (70.0%)
[2026-02-26 13:42:24] eps=12 rep=5/10: frame progress 70/100 (70.0%)
[2026-02-26 13:42:24] eps=12 rep=4/10: frame progress 70/100 (70.0%)
[2026-02-26 13:42:24] eps=15 rep=8/10: frame progress 40/100 (40.0%)
[2026-02-26 13:42:24] eps=12 rep=7/10: frame progress 60/100 (60.0%)
[2026-02-26 13:42:24] eps=12 rep=9/10: frame progress 60/100 (60.0%)
[2026-02-26 13:42:24] eps=12 rep=8/10: frame progress 60/100 (60.0%)
[2026-02-26 13:42:24] eps=12 rep=10/10: frame progress 60/100 (60.0%)
[2026-02-26 13:42:24] eps=15 rep=1/10: frame progress 60/100 (60.0%)
[2026-02-26 13:42:24] eps=15 rep=2/10: frame progress 60/100 (60.0%)
[2026-02-26 13:42:24] eps=15 rep=3/10: frame progress 60/100 (60.0%)
[2026-02-26 13:42:24] eps=15 rep=5/10: frame progress 60/100 (60.0%)
[2026-02-26 13:42:24] eps=15 rep=4/10: frame progress 60/100 (60.0%)
[2026-02-26 13:42:24] eps=15 rep=6/10: frame progress 60/100 (60.0%)
[2026-02-26 13:42:24] eps=15 rep=7/10: frame progress 50/100 (50.0%)
[2026-02-26 13:42:24] eps=12 rep=6/10: frame progress 80/100 (80.0%)
[2026-02-26 13:42:24] eps=12 rep=3/10: frame progress 80/100 (80.0%)
[2026-02-26 13:42:24] eps=12 rep=5/10: frame progress 80/100 (80.0%)
[2026-02-26 13:42:24] eps=12 rep=4/10: frame progress 80/100 (80.0%)
[2026-02-26 13:42:24] eps=15 rep=8/10: frame progress 50/100 (50.0%)
[2026-02-26 13:42:24] eps=12 rep=7/10: frame progress 70/100 (70.0%)
[2026-02-26 13:42:24] eps=12 rep=9/10: frame progress 70/100 (70.0%)
[2026-02-26 13:42:24] eps=12 rep=8/10: frame progress 70/100 (70.0%)
[2026-02-26 13:42:24] eps=12 rep=10/10: frame progress 70/100 (70.0%)
[2026-02-26 13:42:24] eps=15 rep=1/10: frame progress 70/100 (70.0%)
[2026-02-26 13:42:24] eps=15 rep=2/10: frame progress 70/100 (70.0%)
[2026-02-26 13:42:24] eps=15 rep=3/10: frame progress 70/100 (70.0%)
[2026-02-26 13:42:24] eps=15 rep=5/10: frame progress 70/100 (70.0%)
[2026-02-26 13:42:24] eps=15 rep=4/10: frame progress 70/100 (70.0%)
[2026-02-26 13:42:24] eps=15 rep=6/10: frame progress 70/100 (70.0%)
[2026-02-26 13:42:24] eps=15 rep=7/10: frame progress 60/100 (60.0%)
[2026-02-26 13:42:24] eps=12 rep=6/10: frame progress 90/100 (90.0%)
[2026-02-26 13:42:24] eps=12 rep=3/10: frame progress 90/100 (90.0%)
[2026-02-26 13:42:24] eps=12 rep=5/10: frame progress 90/100 (90.0%)
[2026-02-26 13:42:24] eps=12 rep=4/10: frame progress 90/100 (90.0%)
[2026-02-26 13:42:24] eps=15 rep=8/10: frame progress 60/100 (60.0%)
[2026-02-26 13:42:24] eps=12 rep=7/10: frame progress 80/100 (80.0%)
[2026-02-26 13:42:24] eps=12 rep=9/10: frame progress 80/100 (80.0%)
[2026-02-26 13:42:24] eps=12 rep=8/10: frame progress 80/100 (80.0%)
[2026-02-26 13:42:24] eps=12 rep=10/10: frame progress 80/100 (80.0%)
[2026-02-26 13:42:24] eps=15 rep=1/10: frame progress 80/100 (80.0%)
[2026-02-26 13:42:24] eps=15 rep=2/10: frame progress 80/100 (80.0%)
[2026-02-26 13:42:24] eps=15 rep=5/10: frame progress 80/100 (80.0%)
[2026-02-26 13:42:24] eps=15 rep=3/10: frame progress 80/100 (80.0%)
[2026-02-26 13:42:24] eps=15 rep=4/10: frame progress 80/100 (80.0%)
[2026-02-26 13:42:24] eps=15 rep=6/10: frame progress 80/100 (80.0%)
[2026-02-26 13:42:24] eps=15 rep=7/10: frame progress 70/100 (70.0%)
[2026-02-26 13:42:24] eps=12 rep=3/10: frame progress 100/100 (100.0%)
[2026-02-26 13:42:24] eps=12 rep=6/10: frame progress 100/100 (100.0%)
[2026-02-26 13:42:24] eps=12 rep=5/10: frame progress 100/100 (100.0%)
[2026-02-26 13:42:24] eps=12 rep=4/10: frame progress 100/100 (100.0%)
[2026-02-26 13:42:24] eps=15 rep=8/10: frame progress 70/100 (70.0%)
[2026-02-26 13:42:25] eps=12 rep=7/10: frame progress 90/100 (90.0%)
[2026-02-26 13:42:25] eps=12 rep=9/10: frame progress 90/100 (90.0%)
[2026-02-26 13:42:25] eps=12 rep=8/10: frame progress 90/100 (90.0%)
[2026-02-26 13:42:25] eps=12 rep=10/10: frame progress 90/100 (90.0%)
[2026-02-26 13:42:25] eps=15 rep=1/10: frame progress 90/100 (90.0%)
[2026-02-26 13:42:25] eps=12 rep=3/10: done
[2026-02-26 13:42:25] eps=15 rep=2/10: frame progress 90/100 (90.0%)
[2026-02-26 13:42:25] eps=12 rep=6/10: done
[2026-02-26 13:42:25] eps=15 rep=9/10: start (eps_15/rep_002/trajectory.gsd)
[2026-02-26 13:42:25] eps=15 rep=10/10: start (eps_15/rep_001/trajectory.gsd)
[2026-02-26 13:42:25] eps=12 rep=4/10: done
[2026-02-26 13:42:25] eps=12 rep=5/10: done
[2026-02-26 13:42:25] eps=18 rep=1/10: start (eps_18/rep_004/trajectory.gsd)
[2026-02-26 13:42:25] eps=18 rep=2/10: start (eps_18/rep_003/trajectory.gsd)
[2026-02-26 13:42:25] eps=15 rep=5/10: frame progress 90/100 (90.0%)
[2026-02-26 13:42:25] eps=15 rep=3/10: frame progress 90/100 (90.0%)
[2026-02-26 13:42:25] eps=15 rep=4/10: frame progress 90/100 (90.0%)
[2026-02-26 13:42:25] eps=15 rep=6/10: frame progress 90/100 (90.0%)
[2026-02-26 13:42:25] eps=15 rep=7/10: frame progress 80/100 (80.0%)
[2026-02-26 13:42:25] eps=15 rep=8/10: frame progress 80/100 (80.0%)
[2026-02-26 13:42:25] eps=12 rep=7/10: frame progress 100/100 (100.0%)
[2026-02-26 13:42:25] eps=12 rep=9/10: frame progress 100/100 (100.0%)
[2026-02-26 13:42:25] eps=12 rep=8/10: frame progress 100/100 (100.0%)
[2026-02-26 13:42:25] eps=12 rep=10/10: frame progress 100/100 (100.0%)
[2026-02-26 13:42:25] eps=15 rep=1/10: frame progress 100/100 (100.0%)
[2026-02-26 13:42:25] eps=15 rep=9/10: frame progress 10/100 (10.0%)
[2026-02-26 13:42:25] eps=15 rep=2/10: frame progress 100/100 (100.0%)
[2026-02-26 13:42:25] eps=15 rep=10/10: frame progress 10/100 (10.0%)
[2026-02-26 13:42:25] eps=18 rep=2/10: frame progress 10/100 (10.0%)
[2026-02-26 13:42:25] eps=18 rep=1/10: frame progress 10/100 (10.0%)
[2026-02-26 13:42:25] eps=15 rep=5/10: frame progress 100/100 (100.0%)
[2026-02-26 13:42:25] eps=15 rep=3/10: frame progress 100/100 (100.0%)
[2026-02-26 13:42:25] eps=15 rep=4/10: frame progress 100/100 (100.0%)
[2026-02-26 13:42:25] eps=15 rep=6/10: frame progress 100/100 (100.0%)
[2026-02-26 13:42:25] eps=15 rep=7/10: frame progress 90/100 (90.0%)
[2026-02-26 13:42:25] eps=12 rep=7/10: done
[2026-02-26 13:42:25] eps=12 rep=9/10: done
[2026-02-26 13:42:25] eps=18 rep=3/10: start (eps_18/rep_007/trajectory.gsd)
[2026-02-26 13:42:25] eps=12 rep=8/10: done
[2026-02-26 13:42:25] eps=18 rep=4/10: start (eps_18/rep_006/trajectory.gsd)
[2026-02-26 13:42:25] eps=18 rep=5/10: start (eps_18/rep_005/trajectory.gsd)
[2026-02-26 13:42:25] eps=12 rep=10/10: done
[2026-02-26 13:42:25] eps=18 rep=6/10: start (eps_18/rep_010/trajectory.gsd)
[2026-02-26 13:42:25] eps=15 rep=1/10: done
[2026-02-26 13:42:25] eps=15 rep=2/10: done
[2026-02-26 13:42:25] eps=18 rep=7/10: start (eps_18/rep_009/trajectory.gsd)
[2026-02-26 13:42:25] eps=15 rep=8/10: frame progress 90/100 (90.0%)
[2026-02-26 13:42:25] eps=18 rep=8/10: start (eps_18/rep_008/trajectory.gsd)
[2026-02-26 13:42:25] eps=15 rep=3/10: done
[2026-02-26 13:42:25] eps=15 rep=5/10: done
[2026-02-26 13:42:25] eps=15 rep=4/10: done
[2026-02-26 13:42:25] eps=15 rep=6/10: done
[2026-02-26 13:42:25] eps=18 rep=9/10: start (eps_18/rep_002/trajectory.gsd)
[2026-02-26 13:42:25] eps=18 rep=10/10: start (eps_18/rep_001/trajectory.gsd)
[2026-02-26 13:42:25] eps=15 rep=9/10: frame progress 20/100 (20.0%)
[2026-02-26 13:42:25] eps=15 rep=10/10: frame progress 20/100 (20.0%)
[2026-02-26 13:42:25] eps=18 rep=2/10: frame progress 20/100 (20.0%)
[2026-02-26 13:42:25] eps=18 rep=1/10: frame progress 20/100 (20.0%)
[2026-02-26 13:42:25] eps=15 rep=7/10: frame progress 100/100 (100.0%)
[2026-02-26 13:42:25] eps=18 rep=3/10: frame progress 10/100 (10.0%)
[2026-02-26 13:42:25] eps=18 rep=4/10: frame progress 10/100 (10.0%)
[2026-02-26 13:42:25] eps=18 rep=5/10: frame progress 10/100 (10.0%)
[2026-02-26 13:42:25] eps=18 rep=6/10: frame progress 10/100 (10.0%)
[2026-02-26 13:42:25] eps=18 rep=7/10: frame progress 10/100 (10.0%)
[2026-02-26 13:42:25] eps=18 rep=8/10: frame progress 10/100 (10.0%)
[2026-02-26 13:42:25] eps=15 rep=8/10: frame progress 100/100 (100.0%)
[2026-02-26 13:42:26] eps=18 rep=9/10: frame progress 10/100 (10.0%)
[2026-02-26 13:42:26] eps=18 rep=10/10: frame progress 10/100 (10.0%)
[2026-02-26 13:42:26] eps=15 rep=7/10: done
[2026-02-26 13:42:26] eps=15 rep=9/10: frame progress 30/100 (30.0%)
[2026-02-26 13:42:26] eps=15 rep=10/10: frame progress 30/100 (30.0%)
[2026-02-26 13:42:26] eps=18 rep=2/10: frame progress 30/100 (30.0%)
[2026-02-26 13:42:26] eps=18 rep=1/10: frame progress 30/100 (30.0%)
[2026-02-26 13:42:26] eps=15 rep=8/10: done
[2026-02-26 13:42:26] eps=18 rep=3/10: frame progress 20/100 (20.0%)
[2026-02-26 13:42:26] eps=18 rep=4/10: frame progress 20/100 (20.0%)
[2026-02-26 13:42:26] eps=18 rep=5/10: frame progress 20/100 (20.0%)
[2026-02-26 13:42:26] eps=18 rep=6/10: frame progress 20/100 (20.0%)
[2026-02-26 13:42:26] eps=18 rep=7/10: frame progress 20/100 (20.0%)
[2026-02-26 13:42:26] eps=18 rep=8/10: frame progress 20/100 (20.0%)
[2026-02-26 13:42:26] eps=18 rep=9/10: frame progress 20/100 (20.0%)
[2026-02-26 13:42:26] eps=18 rep=10/10: frame progress 20/100 (20.0%)
[2026-02-26 13:42:26] eps=15 rep=9/10: frame progress 40/100 (40.0%)
[2026-02-26 13:42:26] eps=15 rep=10/10: frame progress 40/100 (40.0%)
[2026-02-26 13:42:26] eps=18 rep=2/10: frame progress 40/100 (40.0%)
[2026-02-26 13:42:26] eps=18 rep=1/10: frame progress 40/100 (40.0%)
[2026-02-26 13:42:26] eps=18 rep=3/10: frame progress 30/100 (30.0%)
[2026-02-26 13:42:26] eps=18 rep=4/10: frame progress 30/100 (30.0%)
[2026-02-26 13:42:26] eps=18 rep=5/10: frame progress 30/100 (30.0%)
[2026-02-26 13:42:26] eps=18 rep=6/10: frame progress 30/100 (30.0%)
[2026-02-26 13:42:26] eps=18 rep=7/10: frame progress 30/100 (30.0%)
[2026-02-26 13:42:26] eps=18 rep=8/10: frame progress 30/100 (30.0%)
[2026-02-26 13:42:26] eps=18 rep=9/10: frame progress 30/100 (30.0%)
[2026-02-26 13:42:26] eps=18 rep=10/10: frame progress 30/100 (30.0%)
[2026-02-26 13:42:26] eps=15 rep=9/10: frame progress 50/100 (50.0%)
[2026-02-26 13:42:26] eps=15 rep=10/10: frame progress 50/100 (50.0%)
[2026-02-26 13:42:26] eps=18 rep=2/10: frame progress 50/100 (50.0%)
[2026-02-26 13:42:26] eps=18 rep=1/10: frame progress 50/100 (50.0%)
[2026-02-26 13:42:26] eps=18 rep=3/10: frame progress 40/100 (40.0%)
[2026-02-26 13:42:26] eps=18 rep=4/10: frame progress 40/100 (40.0%)
[2026-02-26 13:42:26] eps=18 rep=5/10: frame progress 40/100 (40.0%)
[2026-02-26 13:42:26] eps=18 rep=6/10: frame progress 40/100 (40.0%)
[2026-02-26 13:42:26] eps=18 rep=7/10: frame progress 40/100 (40.0%)
[2026-02-26 13:42:26] eps=18 rep=8/10: frame progress 40/100 (40.0%)
[2026-02-26 13:42:26] eps=18 rep=9/10: frame progress 40/100 (40.0%)
[2026-02-26 13:42:26] eps=18 rep=10/10: frame progress 40/100 (40.0%)
[2026-02-26 13:42:26] eps=15 rep=9/10: frame progress 60/100 (60.0%)
[2026-02-26 13:42:26] eps=18 rep=2/10: frame progress 60/100 (60.0%)
[2026-02-26 13:42:26] eps=15 rep=10/10: frame progress 60/100 (60.0%)
[2026-02-26 13:42:27] eps=18 rep=1/10: frame progress 60/100 (60.0%)
[2026-02-26 13:42:27] eps=18 rep=3/10: frame progress 50/100 (50.0%)
[2026-02-26 13:42:27] eps=18 rep=4/10: frame progress 50/100 (50.0%)
[2026-02-26 13:42:27] eps=18 rep=5/10: frame progress 50/100 (50.0%)
[2026-02-26 13:42:27] eps=18 rep=6/10: frame progress 50/100 (50.0%)
[2026-02-26 13:42:27] eps=18 rep=7/10: frame progress 50/100 (50.0%)
[2026-02-26 13:42:27] eps=18 rep=8/10: frame progress 50/100 (50.0%)
[2026-02-26 13:42:27] eps=18 rep=9/10: frame progress 50/100 (50.0%)
[2026-02-26 13:42:27] eps=18 rep=10/10: frame progress 50/100 (50.0%)
[2026-02-26 13:42:27] eps=18 rep=2/10: frame progress 70/100 (70.0%)
[2026-02-26 13:42:27] eps=15 rep=9/10: frame progress 70/100 (70.0%)
[2026-02-26 13:42:27] eps=15 rep=10/10: frame progress 70/100 (70.0%)
[2026-02-26 13:42:27] eps=18 rep=1/10: frame progress 70/100 (70.0%)
[2026-02-26 13:42:27] eps=18 rep=3/10: frame progress 60/100 (60.0%)
[2026-02-26 13:42:27] eps=18 rep=4/10: frame progress 60/100 (60.0%)
[2026-02-26 13:42:27] eps=18 rep=5/10: frame progress 60/100 (60.0%)
[2026-02-26 13:42:27] eps=18 rep=6/10: frame progress 60/100 (60.0%)
[2026-02-26 13:42:27] eps=18 rep=7/10: frame progress 60/100 (60.0%)
[2026-02-26 13:42:27] eps=18 rep=8/10: frame progress 60/100 (60.0%)
[2026-02-26 13:42:27] eps=18 rep=9/10: frame progress 60/100 (60.0%)
[2026-02-26 13:42:27] eps=18 rep=10/10: frame progress 60/100 (60.0%)
[2026-02-26 13:42:27] eps=18 rep=2/10: frame progress 80/100 (80.0%)
[2026-02-26 13:42:27] eps=15 rep=9/10: frame progress 80/100 (80.0%)
[2026-02-26 13:42:27] eps=18 rep=1/10: frame progress 80/100 (80.0%)
[2026-02-26 13:42:27] eps=15 rep=10/10: frame progress 80/100 (80.0%)
[2026-02-26 13:42:27] eps=18 rep=3/10: frame progress 70/100 (70.0%)
[2026-02-26 13:42:27] eps=18 rep=4/10: frame progress 70/100 (70.0%)
[2026-02-26 13:42:27] eps=18 rep=5/10: frame progress 70/100 (70.0%)
[2026-02-26 13:42:27] eps=18 rep=6/10: frame progress 70/100 (70.0%)
[2026-02-26 13:42:27] eps=18 rep=7/10: frame progress 70/100 (70.0%)
[2026-02-26 13:42:27] eps=18 rep=8/10: frame progress 70/100 (70.0%)
[2026-02-26 13:42:27] eps=18 rep=10/10: frame progress 70/100 (70.0%)
[2026-02-26 13:42:27] eps=18 rep=9/10: frame progress 70/100 (70.0%)
[2026-02-26 13:42:27] eps=18 rep=2/10: frame progress 90/100 (90.0%)
[2026-02-26 13:42:27] eps=15 rep=9/10: frame progress 90/100 (90.0%)
[2026-02-26 13:42:27] eps=18 rep=1/10: frame progress 90/100 (90.0%)
[2026-02-26 13:42:27] eps=15 rep=10/10: frame progress 90/100 (90.0%)
[2026-02-26 13:42:28] eps=18 rep=3/10: frame progress 80/100 (80.0%)
[2026-02-26 13:42:28] eps=18 rep=4/10: frame progress 80/100 (80.0%)
[2026-02-26 13:42:28] eps=18 rep=6/10: frame progress 80/100 (80.0%)
[2026-02-26 13:42:28] eps=18 rep=5/10: frame progress 80/100 (80.0%)
[2026-02-26 13:42:28] eps=18 rep=7/10: frame progress 80/100 (80.0%)
[2026-02-26 13:42:28] eps=18 rep=8/10: frame progress 80/100 (80.0%)
[2026-02-26 13:42:28] eps=18 rep=10/10: frame progress 80/100 (80.0%)
[2026-02-26 13:42:28] eps=18 rep=9/10: frame progress 80/100 (80.0%)
[2026-02-26 13:42:28] eps=18 rep=2/10: frame progress 100/100 (100.0%)
[2026-02-26 13:42:28] eps=18 rep=1/10: frame progress 100/100 (100.0%)
[2026-02-26 13:42:28] eps=15 rep=9/10: frame progress 100/100 (100.0%)
[2026-02-26 13:42:28] eps=15 rep=10/10: frame progress 100/100 (100.0%)
[2026-02-26 13:42:28] eps=18 rep=3/10: frame progress 90/100 (90.0%)
[2026-02-26 13:42:28] eps=18 rep=4/10: frame progress 90/100 (90.0%)
[2026-02-26 13:42:28] eps=18 rep=2/10: done
[2026-02-26 13:42:28] eps=18 rep=5/10: frame progress 90/100 (90.0%)
[2026-02-26 13:42:28] eps=18 rep=6/10: frame progress 90/100 (90.0%)
[2026-02-26 13:42:28] eps=18 rep=1/10: done
[2026-02-26 13:42:28] eps=15 rep=9/10: done
[2026-02-26 13:42:28] eps=15 rep=10/10: done
[2026-02-26 13:42:28] eps=18 rep=7/10: frame progress 90/100 (90.0%)
[2026-02-26 13:42:28] eps=18 rep=8/10: frame progress 90/100 (90.0%)
[2026-02-26 13:42:28] eps=18 rep=10/10: frame progress 90/100 (90.0%)
[2026-02-26 13:42:28] eps=18 rep=9/10: frame progress 90/100 (90.0%)
[2026-02-26 13:42:28] eps=18 rep=3/10: frame progress 100/100 (100.0%)
[2026-02-26 13:42:28] eps=18 rep=4/10: frame progress 100/100 (100.0%)
[2026-02-26 13:42:28] eps=18 rep=6/10: frame progress 100/100 (100.0%)
[2026-02-26 13:42:28] eps=18 rep=5/10: frame progress 100/100 (100.0%)
[2026-02-26 13:42:28] eps=18 rep=7/10: frame progress 100/100 (100.0%)
[2026-02-26 13:42:28] eps=18 rep=8/10: frame progress 100/100 (100.0%)
[2026-02-26 13:42:28] eps=18 rep=10/10: frame progress 100/100 (100.0%)
[2026-02-26 13:42:28] eps=18 rep=9/10: frame progress 100/100 (100.0%)
[2026-02-26 13:42:28] eps=18 rep=3/10: done
[2026-02-26 13:42:28] eps=18 rep=4/10: done
[2026-02-26 13:42:28] eps=18 rep=6/10: done
[2026-02-26 13:42:28] eps=18 rep=5/10: done
[2026-02-26 13:42:28] eps=18 rep=7/10: done
[2026-02-26 13:42:28] eps=18 rep=8/10: done
[2026-02-26 13:42:28] eps=18 rep=10/10: done
[2026-02-26 13:42:28] eps=18 rep=9/10: done
[2026-02-26 13:42:28] Completed parallel analysis for 60 runs
[2026-02-26 13:42:28] Aggregating epsilon group 1/6: eps=3, replicates=10
[2026-02-26 13:42:28] Writing outputs for eps=3 to /scratch/gpfs/WEBB/chertok/REACTIVELJ_PAPER/simulation_package/mpcd/analysis/results/eps_3
[2026-02-26 13:42:29] Finished epsilon group eps=3
[2026-02-26 13:42:29] Aggregating epsilon group 2/6: eps=6, replicates=10
[2026-02-26 13:42:29] Writing outputs for eps=6 to /scratch/gpfs/WEBB/chertok/REACTIVELJ_PAPER/simulation_package/mpcd/analysis/results/eps_6
[2026-02-26 13:42:29] Finished epsilon group eps=6
[2026-02-26 13:42:29] Aggregating epsilon group 3/6: eps=9, replicates=10
[2026-02-26 13:42:29] Writing outputs for eps=9 to /scratch/gpfs/WEBB/chertok/REACTIVELJ_PAPER/simulation_package/mpcd/analysis/results/eps_9
[2026-02-26 13:42:29] Finished epsilon group eps=9
[2026-02-26 13:42:29] Aggregating epsilon group 4/6: eps=12, replicates=10
[2026-02-26 13:42:29] Writing outputs for eps=12 to /scratch/gpfs/WEBB/chertok/REACTIVELJ_PAPER/simulation_package/mpcd/analysis/results/eps_12
[2026-02-26 13:42:29] Finished epsilon group eps=12
[2026-02-26 13:42:29] Aggregating epsilon group 5/6: eps=15, replicates=10
[2026-02-26 13:42:29] Writing outputs for eps=15 to /scratch/gpfs/WEBB/chertok/REACTIVELJ_PAPER/simulation_package/mpcd/analysis/results/eps_15
[2026-02-26 13:42:30] Finished epsilon group eps=15
[2026-02-26 13:42:30] Aggregating epsilon group 6/6: eps=18, replicates=10
[2026-02-26 13:42:30] Writing outputs for eps=18 to /scratch/gpfs/WEBB/chertok/REACTIVELJ_PAPER/simulation_package/mpcd/analysis/results/eps_18
[2026-02-26 13:42:30] Finished epsilon group eps=18
[2026-02-26 13:42:30] Wrote /scratch/gpfs/WEBB/chertok/REACTIVELJ_PAPER/simulation_package/mpcd/analysis/results/summary.json
[2026-02-26 13:42:30] Wrote /scratch/gpfs/WEBB/chertok/REACTIVELJ_PAPER/simulation_package/mpcd/analysis/results/summary.csv
[2026-02-26 13:42:32] Analysis complete
[2026-02-26 13:42:32] Step 7/8 complete: Analysis finished in 17 seconds
[2026-02-26 13:42:32] Step 8/8: Job complete in 19 seconds total
